1.235948946999999976e+01
1.236028954999999918e+01
1.236108963000000038e+01
1.236188970999999981e+01
1.236188970999999981e+01
1.236188970999999981e+01
1.236188970999999981e+01
1.236188970999999981e+01
1.236268978999999923e+01
1.236268978999999923e+01
1.236348987000000044e+01
1.236428994999999986e+01
1.236509002999999929e+01
1.236589011000000049e+01
1.236669018999999992e+01
1.236749026999999934e+01
1.236829035000000054e+01
1.236909042999999997e+01
1.236989050999999940e+01
1.236108963000000038e+01
1.236188970999999981e+01
1.236188970999999981e+01
1.236268978999999923e+01
1.236348987000000044e+01
1.236428994999999986e+01
1.236509002999999929e+01
1.236589011000000049e+01
1.236669018999999992e+01
1.236669018999999992e+01
1.236749026999999934e+01
1.236749026999999934e+01
1.236829035000000054e+01
1.236909042999999997e+01
1.236989050999999940e+01
1.236028954999999918e+01
1.236108963000000038e+01
1.236188970999999981e+01
1.236188970999999981e+01
1.236188970999999981e+01
1.236188970999999981e+01
1.236188970999999981e+01
1.236268978999999923e+01
1.236268978999999923e+01
1.236348987000000044e+01
1.236428994999999986e+01
1.236509002999999929e+01
1.236589011000000049e+01
1.236669018999999992e+01
1.236749026999999934e+01
1.236829035000000054e+01
1.236909042999999997e+01
1.236989050999999940e+01
1.237069059000000060e+01
1.236108963000000038e+01
1.236188970999999981e+01
1.236188970999999981e+01
1.236268978999999923e+01
1.236348987000000044e+01
1.236428994999999986e+01
1.236509002999999929e+01
1.236589011000000049e+01
1.236669018999999992e+01
1.236669018999999992e+01
1.236749026999999934e+01
1.236749026999999934e+01
1.236829035000000054e+01
1.236909042999999997e+01
1.236989050999999940e+01
1.236989050999999940e+01
1.237069059000000060e+01
1.236428994999999986e+01
1.236509002999999929e+01
1.236589011000000049e+01
1.236669018999999992e+01
1.236749026999999934e+01
1.236829035000000054e+01
1.236909042999999997e+01
1.236989050999999940e+01
1.237069059000000060e+01
1.237149067000000002e+01
1.237229074999999945e+01
1.237309083000000065e+01
1.237389091000000008e+01
1.237469098999999950e+01
1.237549107000000070e+01
1.237549107000000070e+01
1.237549107000000070e+01
1.237549107000000070e+01
1.236669018999999992e+01
1.236669018999999992e+01
1.236749026999999934e+01
1.236749026999999934e+01
1.236829035000000054e+01
1.236909042999999997e+01
1.236989050999999940e+01
1.236989050999999940e+01
1.237069059000000060e+01
1.237149067000000002e+01
1.237229074999999945e+01
1.237229074999999945e+01
1.237309083000000065e+01
1.237389091000000008e+01
1.237389091000000008e+01
1.238269179000000086e+01
1.238349187000000029e+01
1.238429194999999972e+01
1.239309283000000050e+01
1.239389290999999993e+01
1.239469298999999936e+01
1.239549307000000056e+01
1.239549307000000056e+01
1.239549307000000056e+01
1.239629314999999998e+01
1.239709322999999941e+01
1.239789331000000061e+01
1.239789331000000061e+01
1.239789331000000061e+01
1.239869339000000004e+01
1.239949346999999946e+01
1.240029355000000066e+01
1.239469298999999936e+01
1.239549307000000056e+01
1.239629314999999998e+01
1.239709322999999941e+01
1.239789331000000061e+01
1.239869339000000004e+01
1.239869339000000004e+01
1.239949346999999946e+01
1.240029355000000066e+01
1.240109363000000009e+01
1.240189370999999952e+01
1.240269379000000072e+01
1.240349387000000014e+01
1.240429394999999957e+01
1.239629314999999998e+01
1.239709322999999941e+01
1.239789331000000061e+01
1.239789331000000061e+01
1.239789331000000061e+01
1.239869339000000004e+01
1.239949346999999946e+01
1.240029355000000066e+01
1.240109363000000009e+01
1.240189370999999952e+01
1.240269379000000072e+01
1.240349387000000014e+01
1.240349387000000014e+01
1.240349387000000014e+01
1.240429394999999957e+01
1.240429394999999957e+01
1.240509403000000077e+01
1.240589411000000020e+01
1.240669418999999962e+01
1.240669418999999962e+01
1.240749427000000082e+01
1.240829435000000025e+01
1.240909442999999968e+01
1.240909442999999968e+01
1.240989451000000088e+01
1.241069459000000030e+01
1.241149466999999973e+01
1.241229474999999915e+01
1.241309483000000036e+01
1.240429394999999957e+01
1.240509403000000077e+01
1.240589411000000020e+01
1.240669418999999962e+01
1.240749427000000082e+01
1.240749427000000082e+01
1.240829435000000025e+01
1.240829435000000025e+01
1.240909442999999968e+01
1.240989451000000088e+01
1.241069459000000030e+01
1.241149466999999973e+01
1.241229474999999915e+01
1.241309483000000036e+01
1.241389490999999978e+01
1.241469498999999921e+01
1.241469498999999921e+01
1.241549507000000041e+01
1.241629514999999984e+01
1.241709522999999926e+01
1.241789531000000046e+01
1.241789531000000046e+01
1.241869538999999989e+01
1.241949546999999932e+01
1.242029555000000052e+01
1.242109562999999994e+01
1.242189570999999937e+01
1.242189570999999937e+01
1.242269579000000057e+01
1.242269579000000057e+01
1.242269579000000057e+01
1.242269579000000057e+01
1.241709522999999926e+01
1.241709522999999926e+01
1.241789531000000046e+01
1.241869538999999989e+01
1.241949546999999932e+01
1.242029555000000052e+01
1.242109562999999994e+01
1.242109562999999994e+01
1.242189570999999937e+01
1.242189570999999937e+01
1.242269579000000057e+01
1.242269579000000057e+01
1.242269579000000057e+01
1.242269579000000057e+01
1.241949546999999932e+01
1.242029555000000052e+01
1.242109562999999994e+01
1.242189570999999937e+01
1.242189570999999937e+01
1.242269579000000057e+01
1.242269579000000057e+01
1.242269579000000057e+01
1.242269579000000057e+01
1.242269579000000057e+01
1.242349587000000000e+01
1.242349587000000000e+01
1.242349587000000000e+01
1.242349587000000000e+01
1.242429594999999942e+01
1.242109562999999994e+01
1.242109562999999994e+01
1.242189570999999937e+01
1.242189570999999937e+01
1.242269579000000057e+01
1.242269579000000057e+01
1.242269579000000057e+01
1.242269579000000057e+01
1.242349587000000000e+01
1.242349587000000000e+01
1.242349587000000000e+01
1.242429594999999942e+01
1.242509603000000062e+01
1.242589611000000005e+01
1.242669618999999948e+01
1.242749627000000068e+01
1.242989651000000073e+01
1.243069659000000016e+01
1.243069659000000016e+01
1.243149666999999958e+01
1.243149666999999958e+01
1.243229675000000078e+01
1.243309683000000021e+01
1.243389690999999964e+01
1.243469699000000084e+01
1.243469699000000084e+01
1.243549707000000026e+01
1.243629714999999969e+01
1.243709722999999912e+01
1.243789731000000032e+01
1.243869738999999974e+01
1.243309683000000021e+01
1.243389690999999964e+01
1.243389690999999964e+01
1.243389690999999964e+01
1.243469699000000084e+01
1.243549707000000026e+01
1.243629714999999969e+01
1.243709722999999912e+01
1.243789731000000032e+01
1.243789731000000032e+01
1.243869738999999974e+01
1.244509803000000048e+01
1.244589810999999990e+01
1.244669818999999933e+01
1.244749827000000053e+01
1.244829834999999996e+01
1.244909842999999938e+01
1.244989851000000058e+01
1.244989851000000058e+01
1.244989851000000058e+01
1.245069859000000001e+01
1.244909842999999938e+01
1.244989851000000058e+01
1.244989851000000058e+01
1.244989851000000058e+01
1.245069859000000001e+01
1.245149866999999944e+01
1.245229875000000064e+01
1.245229875000000064e+01
1.245229875000000064e+01
1.245309883000000006e+01
1.245309883000000006e+01
1.245309883000000006e+01
1.245389890999999949e+01
1.245469899000000069e+01
1.245469899000000069e+01
1.245549907000000012e+01
1.245149866999999944e+01
1.245229875000000064e+01
1.245309883000000006e+01
1.245469899000000069e+01
1.245469899000000069e+01
1.245469899000000069e+01
1.245469899000000069e+01
1.245469899000000069e+01
1.245549907000000012e+01
1.246109962999999965e+01
1.246109962999999965e+01
1.246189971000000085e+01
1.246269979000000028e+01
1.246269979000000028e+01
1.246349986999999970e+01
1.246429994999999913e+01
1.246510003000000033e+01
1.246590010999999976e+01
1.246590010999999976e+01
1.246590010999999976e+01
1.246670018999999918e+01
1.246750027000000038e+01
1.246830034999999981e+01
1.246830034999999981e+01
1.246109962999999965e+01
1.246109962999999965e+01
1.246189971000000085e+01
1.246269979000000028e+01
1.246349986999999970e+01
1.246349986999999970e+01
1.246429994999999913e+01
1.246510003000000033e+01
1.246590010999999976e+01
1.246670018999999918e+01
1.246750027000000038e+01
1.246830034999999981e+01
1.246910042999999924e+01
1.246990051000000044e+01
1.247070058999999986e+01
1.247150066999999929e+01
1.246830034999999981e+01
1.246910042999999924e+01
1.246990051000000044e+01
1.247070058999999986e+01
1.247070058999999986e+01
1.247070058999999986e+01
1.247150066999999929e+01
1.247150066999999929e+01
1.247230075000000049e+01
1.247310082999999992e+01
1.247390090999999934e+01
1.247470099000000054e+01
1.247550106999999997e+01
1.246830034999999981e+01
1.246910042999999924e+01
1.246990051000000044e+01
1.247070058999999986e+01
1.247070058999999986e+01
1.247070058999999986e+01
1.247150066999999929e+01
1.247150066999999929e+01
1.247230075000000049e+01
1.247310082999999992e+01
1.247390090999999934e+01
1.247470099000000054e+01
1.247550106999999997e+01
1.247630114999999940e+01
1.247550106999999997e+01
1.247630114999999940e+01
1.247710123000000060e+01
1.246830034999999981e+01
1.246910042999999924e+01
1.246990051000000044e+01
1.247070058999999986e+01
1.247070058999999986e+01
1.247070058999999986e+01
1.247150066999999929e+01
1.247150066999999929e+01
1.247230075000000049e+01
1.247310082999999992e+01
1.247390090999999934e+01
1.247470099000000054e+01
1.247550106999999997e+01
1.247630114999999940e+01
1.247550106999999997e+01
1.247630114999999940e+01
1.247710123000000060e+01
1.243069659000000016e+01
1.243069659000000016e+01
1.243149666999999958e+01
1.243149666999999958e+01
1.243229675000000078e+01
1.243309683000000021e+01
1.243389690999999964e+01
1.243469699000000084e+01
1.243469699000000084e+01
1.243549707000000026e+01
1.243629714999999969e+01
1.243709722999999912e+01
1.243789731000000032e+01
1.243869738999999974e+01
1.243949746999999917e+01
1.243949746999999917e+01
1.243949746999999917e+01
1.243949746999999917e+01
1.243309683000000021e+01
1.243309683000000021e+01
1.243389690999999964e+01
1.243389690999999964e+01
1.243389690999999964e+01
1.243469699000000084e+01
1.243549707000000026e+01
1.243629714999999969e+01
1.243709722999999912e+01
1.243789731000000032e+01
1.243789731000000032e+01
1.243869738999999974e+01
1.243949746999999917e+01
1.244029755000000037e+01
1.244109762999999980e+01
1.242189570999999937e+01
1.242269579000000057e+01
1.242269579000000057e+01
1.242269579000000057e+01
1.242269579000000057e+01
1.242269579000000057e+01
1.242349587000000000e+01
1.242349587000000000e+01
1.242349587000000000e+01
1.242349587000000000e+01
1.242429594999999942e+01
1.242429594999999942e+01
1.242509603000000062e+01
1.242589611000000005e+01
1.242669618999999948e+01
1.242749627000000068e+01
1.242829635000000010e+01
1.242909642999999953e+01
1.242989651000000073e+01
1.242269579000000057e+01
1.242269579000000057e+01
1.242269579000000057e+01
1.242269579000000057e+01
1.242349587000000000e+01
1.242349587000000000e+01
1.242349587000000000e+01
1.242429594999999942e+01
1.242509603000000062e+01
1.242589611000000005e+01
1.242669618999999948e+01
1.242749627000000068e+01
1.242829635000000010e+01
1.242909642999999953e+01
1.242989651000000073e+01
1.243069659000000016e+01
1.243069659000000016e+01
1.243149666999999958e+01
1.241549507000000041e+01
1.241629514999999984e+01
1.241789531000000046e+01
1.241789531000000046e+01
1.241869538999999989e+01
1.241949546999999932e+01
1.239709322999999941e+01
1.239789331000000061e+01
1.239869339000000004e+01
1.239949346999999946e+01
1.240029355000000066e+01
1.240109363000000009e+01
1.240189370999999952e+01
1.240269379000000072e+01
1.240349387000000014e+01
1.238589211000000034e+01
1.238669218999999977e+01
1.238749226999999919e+01
1.238829235000000040e+01
1.238909242999999982e+01
1.238909242999999982e+01
1.238909242999999982e+01
1.238909242999999982e+01
1.238909242999999982e+01
1.238909242999999982e+01
1.238989250999999925e+01
1.238509202999999914e+01
1.238509202999999914e+01
1.238509202999999914e+01
1.238589211000000034e+01
1.238669218999999977e+01
1.238749226999999919e+01
1.238829235000000040e+01
1.238909242999999982e+01
1.238989250999999925e+01
1.238989250999999925e+01
1.238989250999999925e+01
1.238989250999999925e+01
1.236348987000000044e+01
1.236428994999999986e+01
1.236509002999999929e+01
1.236589011000000049e+01
1.236669018999999992e+01
1.236749026999999934e+01
1.236829035000000054e+01
1.236909042999999997e+01
1.236989050999999940e+01
1.237069059000000060e+01
1.237149067000000002e+01
1.237229074999999945e+01
1.237309083000000065e+01
1.237389091000000008e+01
1.237469098999999950e+01
1.237549107000000070e+01
1.237549107000000070e+01
1.237549107000000070e+01
1.237549107000000070e+01
1.236669018999999992e+01
1.236669018999999992e+01
1.236749026999999934e+01
1.236749026999999934e+01
1.236829035000000054e+01
1.236909042999999997e+01
1.236989050999999940e+01
1.236989050999999940e+01
1.237069059000000060e+01
1.237149067000000002e+01
1.237229074999999945e+01
1.237229074999999945e+01
1.237309083000000065e+01
1.237389091000000008e+01
1.237389091000000008e+01
1.235628915000000028e+01
1.235708922999999970e+01
1.235708922999999970e+01
1.235708922999999970e+01
1.235788930999999913e+01
1.235868939000000033e+01
1.235948946999999976e+01
1.236028954999999918e+01
1.236108963000000038e+01
1.236188970999999981e+01
1.236188970999999981e+01
1.236188970999999981e+01
1.236188970999999981e+01
1.236188970999999981e+01
1.236268978999999923e+01
1.235308883000000080e+01
1.235308883000000080e+01
1.235388891000000022e+01
1.235468898999999965e+01
1.235548907000000085e+01
1.235628915000000028e+01
1.235708922999999970e+01
1.235788930999999913e+01
1.235868939000000033e+01
1.235948946999999976e+01
1.236028954999999918e+01
1.236108963000000038e+01
1.236188970999999981e+01
1.236188970999999981e+01
1.236268978999999923e+01
1.236348987000000044e+01
1.236428994999999986e+01
1.236509002999999929e+01
1.236589011000000049e+01
1.234908843000000012e+01
1.234988850999999954e+01
1.235068859000000074e+01
1.235148867000000017e+01
1.235228874999999960e+01
1.235308883000000080e+01
1.235308883000000080e+01
1.235308883000000080e+01
1.235388891000000022e+01
1.235468898999999965e+01
1.235468898999999965e+01
1.234828835000000069e+01
1.234908843000000012e+01
1.234908843000000012e+01
1.234908843000000012e+01
1.234908843000000012e+01
1.234908843000000012e+01
1.234908843000000012e+01
1.234988850999999954e+01
1.234988850999999954e+01
1.235068859000000074e+01
1.235148867000000017e+01
1.235228874999999960e+01
1.235228874999999960e+01
1.235228874999999960e+01
1.234348787000000058e+01
1.234428795000000001e+01
1.234508802999999943e+01
1.234588811000000064e+01
1.234588811000000064e+01
1.234668819000000006e+01
1.234748826999999949e+01
1.234748826999999949e+01
1.234748826999999949e+01
1.234748826999999949e+01
1.234748826999999949e+01
1.234828835000000069e+01
1.234908843000000012e+01
1.234908843000000012e+01
1.234988850999999954e+01
1.234028754999999933e+01
1.234108763000000053e+01
1.234188770999999996e+01
1.234268778999999938e+01
1.234348787000000058e+01
1.234428795000000001e+01
1.234508802999999943e+01
1.234588811000000064e+01
1.234588811000000064e+01
1.234588811000000064e+01
1.234668819000000006e+01
1.234748826999999949e+01
1.234828835000000069e+01
1.234908843000000012e+01
1.234908843000000012e+01
1.234348787000000058e+01
1.234428795000000001e+01
1.234508802999999943e+01
1.234588811000000064e+01
1.234588811000000064e+01
1.234668819000000006e+01
1.234748826999999949e+01
1.234748826999999949e+01
1.234748826999999949e+01
1.234748826999999949e+01
1.234748826999999949e+01
1.234828835000000069e+01
1.234908843000000012e+01
1.234908843000000012e+01
1.234988850999999954e+01
1.234028754999999933e+01
1.234108763000000053e+01
1.234188770999999996e+01
1.234268778999999938e+01
1.234348787000000058e+01
1.234428795000000001e+01
1.234508802999999943e+01
1.234588811000000064e+01
1.234588811000000064e+01
1.234588811000000064e+01
1.234668819000000006e+01
1.234748826999999949e+01
1.234828835000000069e+01
1.234908843000000012e+01
1.234908843000000012e+01
1.235068859000000074e+01
1.235148867000000017e+01
1.235228874999999960e+01
1.235308883000000080e+01
1.235308883000000080e+01
1.235308883000000080e+01
1.235388891000000022e+01
1.235468898999999965e+01
1.235468898999999965e+01
1.235548907000000085e+01
1.235628915000000028e+01
1.235708922999999970e+01
1.235708922999999970e+01
1.235708922999999970e+01
1.234908843000000012e+01
1.234908843000000012e+01
1.234988850999999954e+01
1.234988850999999954e+01
1.235068859000000074e+01
1.235148867000000017e+01
1.235228874999999960e+01
1.235228874999999960e+01
1.235228874999999960e+01
1.235308883000000080e+01
1.236669018999999992e+01
1.236749026999999934e+01
1.236829035000000054e+01
1.236909042999999997e+01
1.236989050999999940e+01
1.237069059000000060e+01
1.237149067000000002e+01
1.237229074999999945e+01
1.237309083000000065e+01
1.237389091000000008e+01
1.237469098999999950e+01
1.237549107000000070e+01
1.236589011000000049e+01
1.236669018999999992e+01
1.236669018999999992e+01
1.236749026999999934e+01
1.236749026999999934e+01
1.236829035000000054e+01
1.236909042999999997e+01
1.236989050999999940e+01
1.236989050999999940e+01
1.237069059000000060e+01
1.237149067000000002e+01
1.237229074999999945e+01
1.237709122999999956e+01
1.237709122999999956e+01
1.237789131000000076e+01
1.237869139000000018e+01
1.237949146999999961e+01
1.238029155000000081e+01
1.238029155000000081e+01
1.238109163000000024e+01
1.238109163000000024e+01
1.238189170999999966e+01
1.238269179000000086e+01
1.238349187000000029e+01
1.238429194999999972e+01
1.238509202999999914e+01
1.238589211000000034e+01
1.238669218999999977e+01
1.237629115000000013e+01
1.237709122999999956e+01
1.237789131000000076e+01
1.237869139000000018e+01
1.237869139000000018e+01
1.237949146999999961e+01
1.238029155000000081e+01
1.238109163000000024e+01
1.238189170999999966e+01
1.238269179000000086e+01
1.238349187000000029e+01
1.238429194999999972e+01
1.238509202999999914e+01
1.238509202999999914e+01
1.238509202999999914e+01
1.238509202999999914e+01
1.238189170999999966e+01
1.238269179000000086e+01
1.238349187000000029e+01
1.238429194999999972e+01
1.238509202999999914e+01
1.238589211000000034e+01
1.238669218999999977e+01
1.238749226999999919e+01
1.238829235000000040e+01
1.238909242999999982e+01
1.238909242999999982e+01
1.238909242999999982e+01
1.238909242999999982e+01
1.238909242999999982e+01
1.238909242999999982e+01
1.238989250999999925e+01
1.239069259000000045e+01
1.238509202999999914e+01
1.238509202999999914e+01
1.238509202999999914e+01
1.238509202999999914e+01
1.238509202999999914e+01
1.238589211000000034e+01
1.238669218999999977e+01
1.238749226999999919e+01
1.238829235000000040e+01
1.238909242999999982e+01
1.238989250999999925e+01
1.238989250999999925e+01
1.238989250999999925e+01
1.238989250999999925e+01
1.239069259000000045e+01
1.238909242999999982e+01
1.238989250999999925e+01
1.239069259000000045e+01
1.239149266999999988e+01
1.239149266999999988e+01
1.239149266999999988e+01
1.239149266999999988e+01
1.239149266999999988e+01
1.239149266999999988e+01
1.239229274999999930e+01
1.239309283000000050e+01
1.239389290999999993e+01
1.238989250999999925e+01
1.238989250999999925e+01
1.239069259000000045e+01
1.239149266999999988e+01
1.239229274999999930e+01
1.239309283000000050e+01
1.239389290999999993e+01
1.239469298999999936e+01
1.239549307000000056e+01
1.239549307000000056e+01
1.239549307000000056e+01
1.239629314999999998e+01
1.239709322999999941e+01
1.239789331000000061e+01
1.239789331000000061e+01
1.240429394999999957e+01
1.240429394999999957e+01
1.240509403000000077e+01
1.240589411000000020e+01
1.240669418999999962e+01
1.240669418999999962e+01
1.240749427000000082e+01
1.240829435000000025e+01
1.240909442999999968e+01
1.240909442999999968e+01
1.240989451000000088e+01
1.241069459000000030e+01
1.241149466999999973e+01
1.241229474999999915e+01
1.241309483000000036e+01
1.240349387000000014e+01
1.240429394999999957e+01
1.240509403000000077e+01
1.240589411000000020e+01
1.240669418999999962e+01
1.240749427000000082e+01
1.240749427000000082e+01
1.240829435000000025e+01
1.240829435000000025e+01
1.240909442999999968e+01
1.240989451000000088e+01
1.241069459000000030e+01
1.241149466999999973e+01
1.241229474999999915e+01
1.241309483000000036e+01
1.241389490999999978e+01
1.241469498999999921e+01
1.241469498999999921e+01
1.241869538999999989e+01
1.241949546999999932e+01
1.242029555000000052e+01
1.242109562999999994e+01
1.242189570999999937e+01
1.242189570999999937e+01
1.242269579000000057e+01
1.242269579000000057e+01
1.242269579000000057e+01
1.242269579000000057e+01
1.242269579000000057e+01
1.242349587000000000e+01
1.242349587000000000e+01
1.242349587000000000e+01
1.241949546999999932e+01
1.242029555000000052e+01
1.242109562999999994e+01
1.242109562999999994e+01
1.242189570999999937e+01
1.242189570999999937e+01
1.242269579000000057e+01
1.242269579000000057e+01
1.242269579000000057e+01
1.242269579000000057e+01
1.242349587000000000e+01
1.242349587000000000e+01
1.242349587000000000e+01
1.242429594999999942e+01
1.242429594999999942e+01
1.242509603000000062e+01
1.242589611000000005e+01
1.242669618999999948e+01
1.242749627000000068e+01
1.242829635000000010e+01
1.242909642999999953e+01
1.242989651000000073e+01
1.243069659000000016e+01
1.243069659000000016e+01
1.243149666999999958e+01
1.243149666999999958e+01
1.243229675000000078e+01
1.243309683000000021e+01
1.243389690999999964e+01
1.242429594999999942e+01
1.242509603000000062e+01
1.242589611000000005e+01
1.242669618999999948e+01
1.242749627000000068e+01
1.242829635000000010e+01
1.242909642999999953e+01
1.242989651000000073e+01
1.243069659000000016e+01
1.243069659000000016e+01
1.243149666999999958e+01
1.243229675000000078e+01
1.243309683000000021e+01
1.243309683000000021e+01
1.243389690999999964e+01
1.243389690999999964e+01
1.243389690999999964e+01
1.243469699000000084e+01
1.243549707000000026e+01
1.244429794999999928e+01
1.244429794999999928e+01
1.244509803000000048e+01
1.244509803000000048e+01
1.244509803000000048e+01
1.244509803000000048e+01
1.244589810999999990e+01
1.244669818999999933e+01
1.244749827000000053e+01
1.244829834999999996e+01
1.244909842999999938e+01
1.244989851000000058e+01
1.244669818999999933e+01
1.244669818999999933e+01
1.244669818999999933e+01
1.244749827000000053e+01
1.244829834999999996e+01
1.244829834999999996e+01
1.244909842999999938e+01
1.244909842999999938e+01
1.244989851000000058e+01
1.244989851000000058e+01
1.244909842999999938e+01
1.244989851000000058e+01
1.244989851000000058e+01
1.244989851000000058e+01
1.245069859000000001e+01
1.245149866999999944e+01
1.245229875000000064e+01
1.245229875000000064e+01
1.245229875000000064e+01
1.245309883000000006e+01
1.245309883000000006e+01
1.245309883000000006e+01
1.245389890999999949e+01
1.245469899000000069e+01
1.245469899000000069e+01
1.245549907000000012e+01
1.244989851000000058e+01
1.244989851000000058e+01
1.245069859000000001e+01
1.245149866999999944e+01
1.245229875000000064e+01
1.245309883000000006e+01
1.245389890999999949e+01
1.245469899000000069e+01
1.245469899000000069e+01
1.245469899000000069e+01
1.245469899000000069e+01
1.245469899000000069e+01
1.245469899000000069e+01
1.245549907000000012e+01
1.245629914999999954e+01
1.245709923000000074e+01
1.246670018999999918e+01
1.246750027000000038e+01
1.246830034999999981e+01
1.246910042999999924e+01
1.246990051000000044e+01
1.247070058999999986e+01
1.247150066999999929e+01
1.247230075000000049e+01
1.247310082999999992e+01
1.247390090999999934e+01
1.247470099000000054e+01
1.247550106999999997e+01
1.247550106999999997e+01
1.247550106999999997e+01
1.247550106999999997e+01
1.247070058999999986e+01
1.247070058999999986e+01
1.247150066999999929e+01
1.247150066999999929e+01
1.247230075000000049e+01
1.247310082999999992e+01
1.247390090999999934e+01
1.247470099000000054e+01
1.247550106999999997e+01
1.247630114999999940e+01
1.247710123000000060e+01
1.247790131000000002e+01
1.247870138999999945e+01
1.247950147000000065e+01
1.248030155000000008e+01
1.247550106999999997e+01
1.247630114999999940e+01
1.247710123000000060e+01
1.247790131000000002e+01
1.247870138999999945e+01
1.247950147000000065e+01
1.248030155000000008e+01
1.248110162999999950e+01
1.248190171000000070e+01
1.248270179000000013e+01
1.248350186999999956e+01
1.248430195000000076e+01
1.247070058999999986e+01
1.247070058999999986e+01
1.247150066999999929e+01
1.247150066999999929e+01
1.247230075000000049e+01
1.247310082999999992e+01
1.247390090999999934e+01
1.247470099000000054e+01
1.247550106999999997e+01
1.247630114999999940e+01
1.247710123000000060e+01
1.247790131000000002e+01
1.247870138999999945e+01
1.247950147000000065e+01
1.248030155000000008e+01
1.247550106999999997e+01
1.247630114999999940e+01
1.247710123000000060e+01
1.247790131000000002e+01
1.247870138999999945e+01
1.247950147000000065e+01
1.248030155000000008e+01
1.248110162999999950e+01
1.248190171000000070e+01
1.248270179000000013e+01
1.248350186999999956e+01
1.248430195000000076e+01
1.247070058999999986e+01
1.247070058999999986e+01
1.247150066999999929e+01
1.247150066999999929e+01
1.247230075000000049e+01
1.247310082999999992e+01
1.247390090999999934e+01
1.247470099000000054e+01
1.247550106999999997e+01
1.247630114999999940e+01
1.247710123000000060e+01
1.247790131000000002e+01
1.247870138999999945e+01
1.247950147000000065e+01
1.248030155000000008e+01
1.247550106999999997e+01
1.247630114999999940e+01
1.247710123000000060e+01
1.247790131000000002e+01
1.247870138999999945e+01
1.247950147000000065e+01
1.248030155000000008e+01
1.248110162999999950e+01
1.248190171000000070e+01
1.248270179000000013e+01
1.248350186999999956e+01
1.248430195000000076e+01
1.246109962999999965e+01
1.246189971000000085e+01
1.246269979000000028e+01
1.246269979000000028e+01
1.246349986999999970e+01
1.246429994999999913e+01
1.246510003000000033e+01
1.246590010999999976e+01
1.246590010999999976e+01
1.246590010999999976e+01
1.246670018999999918e+01
1.246750027000000038e+01
1.246830034999999981e+01
1.246830034999999981e+01
1.246109962999999965e+01
1.246189971000000085e+01
1.246269979000000028e+01
1.246349986999999970e+01
1.246349986999999970e+01
1.246429994999999913e+01
1.246510003000000033e+01
1.246590010999999976e+01
1.246670018999999918e+01
1.246750027000000038e+01
1.246830034999999981e+01
1.246910042999999924e+01
1.246990051000000044e+01
1.244429794999999928e+01
1.244429794999999928e+01
1.244509803000000048e+01
1.244509803000000048e+01
1.244509803000000048e+01
1.244509803000000048e+01
1.244589810999999990e+01
1.244669818999999933e+01
1.244749827000000053e+01
1.244829834999999996e+01
1.244909842999999938e+01
1.244989851000000058e+01
1.244989851000000058e+01
1.244989851000000058e+01
1.244669818999999933e+01
1.244669818999999933e+01
1.244669818999999933e+01
1.244669818999999933e+01
1.244749827000000053e+01
1.244829834999999996e+01
1.244829834999999996e+01
1.244909842999999938e+01
1.244909842999999938e+01
1.244989851000000058e+01
1.244989851000000058e+01
1.244989851000000058e+01
1.242669618999999948e+01
1.240349387000000014e+01
1.240429394999999957e+01
1.240429394999999957e+01
1.240429394999999957e+01
1.240509403000000077e+01
1.240589411000000020e+01
1.240669418999999962e+01
1.240669418999999962e+01
1.240749427000000082e+01
1.240829435000000025e+01
1.240909442999999968e+01
1.240909442999999968e+01
1.240989451000000088e+01
1.241069459000000030e+01
1.241149466999999973e+01
1.241229474999999915e+01
1.240349387000000014e+01
1.240349387000000014e+01
1.240349387000000014e+01
1.240429394999999957e+01
1.240509403000000077e+01
1.240589411000000020e+01
1.240669418999999962e+01
1.240749427000000082e+01
1.240749427000000082e+01
1.240829435000000025e+01
1.240829435000000025e+01
1.240909442999999968e+01
1.240989451000000088e+01
1.241069459000000030e+01
1.241149466999999973e+01
1.241229474999999915e+01
1.241309483000000036e+01
1.241389490999999978e+01
1.241469498999999921e+01
1.239149266999999988e+01
1.239229274999999930e+01
1.239309283000000050e+01
1.239389290999999993e+01
1.239389290999999993e+01
1.239469298999999936e+01
1.239549307000000056e+01
1.239629314999999998e+01
1.239709322999999941e+01
1.239789331000000061e+01
1.239869339000000004e+01
1.239869339000000004e+01
1.239949346999999946e+01
1.240029355000000066e+01
1.240109363000000009e+01
1.240189370999999952e+01
1.239549307000000056e+01
1.239549307000000056e+01
1.239549307000000056e+01
1.239629314999999998e+01
1.239709322999999941e+01
1.239789331000000061e+01
1.239789331000000061e+01
1.239789331000000061e+01
1.239869339000000004e+01
1.239949346999999946e+01
1.240029355000000066e+01
1.240109363000000009e+01
1.240189370999999952e+01
1.240269379000000072e+01
1.240349387000000014e+01
1.237949146999999961e+01
1.238029155000000081e+01
1.238029155000000081e+01
1.238109163000000024e+01
1.238109163000000024e+01
1.238189170999999966e+01
1.238269179000000086e+01
1.238349187000000029e+01
1.238429194999999972e+01
1.238509202999999914e+01
1.238589211000000034e+01
1.238669218999999977e+01
1.238749226999999919e+01
1.238829235000000040e+01
1.237869139000000018e+01
1.237949146999999961e+01
1.238029155000000081e+01
1.238109163000000024e+01
1.238189170999999966e+01
1.238269179000000086e+01
1.238349187000000029e+01
1.238429194999999972e+01
1.238509202999999914e+01
1.238509202999999914e+01
1.238509202999999914e+01
1.238509202999999914e+01
1.238509202999999914e+01
1.238589211000000034e+01
1.238669218999999977e+01
1.236509002999999929e+01
1.236589011000000049e+01
1.236669018999999992e+01
1.236749026999999934e+01
1.236829035000000054e+01
1.236909042999999997e+01
1.236989050999999940e+01
1.237069059000000060e+01
1.237149067000000002e+01
1.237229074999999945e+01
1.237309083000000065e+01
1.237389091000000008e+01
1.237469098999999950e+01
1.237549107000000070e+01
1.237549107000000070e+01
1.237549107000000070e+01
1.237549107000000070e+01
1.237549107000000070e+01
1.237629115000000013e+01
1.236749026999999934e+01
1.236749026999999934e+01
1.236829035000000054e+01
1.236909042999999997e+01
1.236989050999999940e+01
1.236989050999999940e+01
1.237069059000000060e+01
1.237149067000000002e+01
1.237229074999999945e+01
1.237229074999999945e+01
1.237309083000000065e+01
1.237389091000000008e+01
1.237389091000000008e+01
1.237389091000000008e+01
1.237389091000000008e+01
1.235788930999999913e+01
1.235868939000000033e+01
1.235948946999999976e+01
1.236028954999999918e+01
1.236108963000000038e+01
1.236188970999999981e+01
1.236188970999999981e+01
1.236188970999999981e+01
1.236188970999999981e+01
1.236188970999999981e+01
1.235708922999999970e+01
1.235788930999999913e+01
1.235868939000000033e+01
1.235948946999999976e+01
1.236028954999999918e+01
1.236108963000000038e+01
1.236188970999999981e+01
1.236188970999999981e+01
1.236268978999999923e+01
1.236348987000000044e+01
1.236428994999999986e+01
1.236509002999999929e+01
1.236589011000000049e+01
1.236669018999999992e+01
1.236669018999999992e+01
1.234668819000000006e+01
1.234748826999999949e+01
1.234748826999999949e+01
1.234748826999999949e+01
1.234748826999999949e+01
1.234748826999999949e+01
1.234828835000000069e+01
1.234908843000000012e+01
1.234908843000000012e+01
1.234988850999999954e+01
1.235068859000000074e+01
1.235148867000000017e+01
1.235228874999999960e+01
1.234588811000000064e+01
1.234588811000000064e+01
1.234588811000000064e+01
1.234668819000000006e+01
1.234748826999999949e+01
1.234828835000000069e+01
1.234908843000000012e+01
1.234908843000000012e+01
1.234908843000000012e+01
1.234908843000000012e+01
1.234028754999999933e+01
1.234108763000000053e+01
1.234188770999999996e+01
1.234268778999999938e+01
1.234348787000000058e+01
1.234428795000000001e+01
1.233788730999999927e+01
1.233868739000000048e+01
1.233948746999999990e+01
1.234028754999999933e+01
1.234028754999999933e+01
1.234028754999999933e+01
1.234108763000000053e+01
1.234188770999999996e+01
1.234268778999999938e+01
1.234348787000000058e+01
1.234028754999999933e+01
1.234108763000000053e+01
1.234188770999999996e+01
1.234268778999999938e+01
1.234348787000000058e+01
1.234428795000000001e+01
1.233788730999999927e+01
1.233868739000000048e+01
1.233948746999999990e+01
1.234028754999999933e+01
1.234028754999999933e+01
1.234028754999999933e+01
1.234108763000000053e+01
1.234188770999999996e+01
1.234268778999999938e+01
1.234348787000000058e+01
1.234028754999999933e+01
1.234108763000000053e+01
1.234188770999999996e+01
1.234268778999999938e+01
1.234348787000000058e+01
1.234428795000000001e+01
1.234508802999999943e+01
1.234588811000000064e+01
1.234588811000000064e+01
1.234668819000000006e+01
1.234748826999999949e+01
1.234748826999999949e+01
1.234748826999999949e+01
1.234748826999999949e+01
1.233868739000000048e+01
1.233948746999999990e+01
1.234028754999999933e+01
1.234028754999999933e+01
1.234028754999999933e+01
1.234108763000000053e+01
1.234188770999999996e+01
1.234268778999999938e+01
1.234348787000000058e+01
1.234428795000000001e+01
1.234508802999999943e+01
1.234588811000000064e+01
1.234588811000000064e+01
1.234588811000000064e+01
