1.245150626999999943e+01
1.245150626999999943e+01
1.245150626999999943e+01
1.245150626999999943e+01
1.245230635000000063e+01
1.245230635000000063e+01
1.245310643000000006e+01
1.245310643000000006e+01
1.245310643000000006e+01
1.245310643000000006e+01
1.245390650999999949e+01
1.245470659000000069e+01
1.245470659000000069e+01
1.244830594999999995e+01
1.244830594999999995e+01
1.244910602999999938e+01
1.244910602999999938e+01
1.244990611000000058e+01
1.245070619000000001e+01
1.245150626999999943e+01
1.245150626999999943e+01
1.245150626999999943e+01
1.245150626999999943e+01
1.245150626999999943e+01
1.245230635000000063e+01
1.245310643000000006e+01
1.245150626999999943e+01
1.245230635000000063e+01
1.245230635000000063e+01
1.245310643000000006e+01
1.245310643000000006e+01
1.245310643000000006e+01
1.245310643000000006e+01
1.245390650999999949e+01
1.245470659000000069e+01
1.245470659000000069e+01
1.245550667000000011e+01
1.245550667000000011e+01
1.245630674999999954e+01
1.245630674999999954e+01
1.244910602999999938e+01
1.244990611000000058e+01
1.245070619000000001e+01
1.245150626999999943e+01
1.245150626999999943e+01
1.245150626999999943e+01
1.245150626999999943e+01
1.245150626999999943e+01
1.245230635000000063e+01
1.245310643000000006e+01
1.245390650999999949e+01
1.245390650999999949e+01
1.245630674999999954e+01
1.245630674999999954e+01
1.245630674999999954e+01
1.245710683000000074e+01
1.245710683000000074e+01
1.245790691000000017e+01
1.245870698999999959e+01
1.245950707000000079e+01
1.246030715000000022e+01
1.246110722999999965e+01
1.246110722999999965e+01
1.246190731000000085e+01
1.246270739000000027e+01
1.245630674999999954e+01
1.245710683000000074e+01
1.245790691000000017e+01
1.245870698999999959e+01
1.245950707000000079e+01
1.246030715000000022e+01
1.246030715000000022e+01
1.246110722999999965e+01
1.246190731000000085e+01
1.246190731000000085e+01
1.245950707000000079e+01
1.246030715000000022e+01
1.246110722999999965e+01
1.246110722999999965e+01
1.246190731000000085e+01
1.246270739000000027e+01
1.246350746999999970e+01
1.246350746999999970e+01
1.246430754999999913e+01
1.246510763000000033e+01
1.246590770999999975e+01
1.246670778999999918e+01
1.245950707000000079e+01
1.246030715000000022e+01
1.246030715000000022e+01
1.246110722999999965e+01
1.246190731000000085e+01
1.246190731000000085e+01
1.246190731000000085e+01
1.246270739000000027e+01
1.246350746999999970e+01
1.246430754999999913e+01
1.246510763000000033e+01
1.246510763000000033e+01
1.246590770999999975e+01
1.246990811000000043e+01
1.247070818999999986e+01
1.247150826999999929e+01
1.247150826999999929e+01
1.247150826999999929e+01
1.247230835000000049e+01
1.247230835000000049e+01
1.247230835000000049e+01
1.247310842999999991e+01
1.247390850999999934e+01
1.247390850999999934e+01
1.247470859000000054e+01
1.247550866999999997e+01
1.251631275000000088e+01
1.251711283000000030e+01
1.251711283000000030e+01
1.251791290999999973e+01
1.251791290999999973e+01
1.251871298999999915e+01
1.251951307000000035e+01
1.252031314999999978e+01
1.252111322999999921e+01
1.252111322999999921e+01
1.252111322999999921e+01
1.252111322999999921e+01
1.252191331000000041e+01
1.251631275000000088e+01
1.251631275000000088e+01
1.251711283000000030e+01
1.251791290999999973e+01
1.251871298999999915e+01
1.251871298999999915e+01
1.251871298999999915e+01
1.251951307000000035e+01
1.252031314999999978e+01
1.252031314999999978e+01
1.252111322999999921e+01
1.252111322999999921e+01
1.252111322999999921e+01
1.252511362999999989e+01
1.252591370999999931e+01
1.252671379000000051e+01
1.252751386999999994e+01
1.252831394999999937e+01
1.252831394999999937e+01
1.252831394999999937e+01
1.252911403000000057e+01
1.252991410999999999e+01
1.253071418999999942e+01
1.253071418999999942e+01
1.253151427000000062e+01
1.253231435000000005e+01
1.253231435000000005e+01
1.253311442999999947e+01
1.253311442999999947e+01
1.252351346999999926e+01
1.252351346999999926e+01
1.252351346999999926e+01
1.252431355000000046e+01
1.252511362999999989e+01
1.252591370999999931e+01
1.252671379000000051e+01
1.252751386999999994e+01
1.252831394999999937e+01
1.252831394999999937e+01
1.252831394999999937e+01
1.252831394999999937e+01
1.252831394999999937e+01
1.252831394999999937e+01
1.252831394999999937e+01
1.252911403000000057e+01
1.252991410999999999e+01
1.253471459000000010e+01
1.253471459000000010e+01
1.253551466999999953e+01
1.253631475000000073e+01
1.253631475000000073e+01
1.253711483000000015e+01
1.253791490999999958e+01
1.253871499000000078e+01
1.253871499000000078e+01
1.253871499000000078e+01
1.253951507000000021e+01
1.253951507000000021e+01
1.253231435000000005e+01
1.253231435000000005e+01
1.253231435000000005e+01
1.253231435000000005e+01
1.253231435000000005e+01
1.253311442999999947e+01
1.253391451000000067e+01
1.253471459000000010e+01
1.253471459000000010e+01
1.253471459000000010e+01
1.253551466999999953e+01
1.253631475000000073e+01
1.253711483000000015e+01
1.253791490999999958e+01
1.253791490999999958e+01
1.254431555000000031e+01
1.254511562999999974e+01
1.254591570999999917e+01
1.254591570999999917e+01
1.254671579000000037e+01
1.254671579000000037e+01
1.254671579000000037e+01
1.254751586999999979e+01
1.254831594999999922e+01
1.254911603000000042e+01
1.254911603000000042e+01
1.254911603000000042e+01
1.254111523000000084e+01
1.254111523000000084e+01
1.254111523000000084e+01
1.254191531000000026e+01
1.254271538999999969e+01
1.254351546999999911e+01
1.254431555000000031e+01
1.254431555000000031e+01
1.254511562999999974e+01
1.254591570999999917e+01
1.254671579000000037e+01
1.254671579000000037e+01
1.254751586999999979e+01
1.254831594999999922e+01
1.254991610999999985e+01
1.254991610999999985e+01
1.255071618999999927e+01
1.255071618999999927e+01
1.255151627000000047e+01
1.255231634999999990e+01
1.255311642999999933e+01
1.255311642999999933e+01
1.255391651000000053e+01
1.255471658999999995e+01
1.255551666999999938e+01
1.255631675000000058e+01
1.254831594999999922e+01
1.254911603000000042e+01
1.254911603000000042e+01
1.254911603000000042e+01
1.254991610999999985e+01
1.255071618999999927e+01
1.255151627000000047e+01
1.255231634999999990e+01
1.255311642999999933e+01
1.255391651000000053e+01
1.255471658999999995e+01
1.255551666999999938e+01
1.255551666999999938e+01
1.255631675000000058e+01
1.255311642999999933e+01
1.255311642999999933e+01
1.255391651000000053e+01
1.255471658999999995e+01
1.255551666999999938e+01
1.255631675000000058e+01
1.255711683000000001e+01
1.255791690999999943e+01
1.255871699000000064e+01
1.255951707000000006e+01
1.255951707000000006e+01
1.255951707000000006e+01
1.255311642999999933e+01
1.255391651000000053e+01
1.255471658999999995e+01
1.255551666999999938e+01
1.255551666999999938e+01
1.255631675000000058e+01
1.255711683000000001e+01
1.255791690999999943e+01
1.255871699000000064e+01
1.255951707000000006e+01
1.255951707000000006e+01
1.256031714999999949e+01
1.256031714999999949e+01
1.256111723000000069e+01
1.255951707000000006e+01
1.255951707000000006e+01
1.255951707000000006e+01
1.255951707000000006e+01
1.256031714999999949e+01
1.256111723000000069e+01
1.256191731000000011e+01
1.256271738999999954e+01
1.256351747000000074e+01
1.256431755000000017e+01
1.256511762999999959e+01
1.256511762999999959e+01
1.256511762999999959e+01
1.256591771000000080e+01
1.256591771000000080e+01
1.256591771000000080e+01
1.256111723000000069e+01
1.256191731000000011e+01
1.256271738999999954e+01
1.256351747000000074e+01
1.256351747000000074e+01
1.256351747000000074e+01
1.256351747000000074e+01
1.256351747000000074e+01
1.256431755000000017e+01
1.256511762999999959e+01
1.256591771000000080e+01
1.256671779000000022e+01
1.256751786999999965e+01
1.256431755000000017e+01
1.256511762999999959e+01
1.256511762999999959e+01
1.256511762999999959e+01
1.256591771000000080e+01
1.256591771000000080e+01
1.256591771000000080e+01
1.256671779000000022e+01
1.256671779000000022e+01
1.256751786999999965e+01
1.256831795000000085e+01
1.256911803000000027e+01
1.256991810999999970e+01
1.257071818999999913e+01
1.257071818999999913e+01
1.257151827000000033e+01
1.257231834999999975e+01
1.256431755000000017e+01
1.256511762999999959e+01
1.256591771000000080e+01
1.256671779000000022e+01
1.256751786999999965e+01
1.256831795000000085e+01
1.256831795000000085e+01
1.256831795000000085e+01
1.256831795000000085e+01
1.256911803000000027e+01
1.256991810999999970e+01
1.257071818999999913e+01
1.257151827000000033e+01
1.257231834999999975e+01
1.257311842999999918e+01
1.257391851000000038e+01
1.255951707000000006e+01
1.255951707000000006e+01
1.255951707000000006e+01
1.255951707000000006e+01
1.255951707000000006e+01
1.256031714999999949e+01
1.256111723000000069e+01
1.256191731000000011e+01
1.256271738999999954e+01
1.256351747000000074e+01
1.256431755000000017e+01
1.256511762999999959e+01
1.256511762999999959e+01
1.256511762999999959e+01
1.256591771000000080e+01
1.256591771000000080e+01
1.256591771000000080e+01
1.256031714999999949e+01
1.256111723000000069e+01
1.256191731000000011e+01
1.256271738999999954e+01
1.256351747000000074e+01
1.256351747000000074e+01
1.256351747000000074e+01
1.256351747000000074e+01
1.256351747000000074e+01
1.256431755000000017e+01
1.256511762999999959e+01
1.256591771000000080e+01
1.256671779000000022e+01
1.256751786999999965e+01
1.256831795000000085e+01
1.254911603000000042e+01
1.254991610999999985e+01
1.254991610999999985e+01
1.255071618999999927e+01
1.255071618999999927e+01
1.255151627000000047e+01
1.255231634999999990e+01
1.255311642999999933e+01
1.255311642999999933e+01
1.255391651000000053e+01
1.255471658999999995e+01
1.255551666999999938e+01
1.255631675000000058e+01
1.254831594999999922e+01
1.254911603000000042e+01
1.254911603000000042e+01
1.254911603000000042e+01
1.254991610999999985e+01
1.255071618999999927e+01
1.255151627000000047e+01
1.255231634999999990e+01
1.255311642999999933e+01
1.255391651000000053e+01
1.255471658999999995e+01
1.255551666999999938e+01
1.255551666999999938e+01
1.255631675000000058e+01
1.253951507000000021e+01
1.253951507000000021e+01
1.253951507000000021e+01
1.254031514999999963e+01
1.254111523000000084e+01
1.254191531000000026e+01
1.254271538999999969e+01
1.254351546999999911e+01
1.254351546999999911e+01
1.254351546999999911e+01
1.254351546999999911e+01
1.254351546999999911e+01
1.254431555000000031e+01
1.254511562999999974e+01
1.253791490999999958e+01
1.253871499000000078e+01
1.253871499000000078e+01
1.253871499000000078e+01
1.253871499000000078e+01
1.253871499000000078e+01
1.253871499000000078e+01
1.253871499000000078e+01
1.253311442999999947e+01
1.253311442999999947e+01
1.253311442999999947e+01
1.253391451000000067e+01
1.253391451000000067e+01
1.253471459000000010e+01
1.253471459000000010e+01
1.253471459000000010e+01
1.253551466999999953e+01
1.253631475000000073e+01
1.253631475000000073e+01
1.252831394999999937e+01
1.252831394999999937e+01
1.252911403000000057e+01
1.252991410999999999e+01
1.253071418999999942e+01
1.253151427000000062e+01
1.253231435000000005e+01
1.253231435000000005e+01
1.253231435000000005e+01
1.253231435000000005e+01
1.253231435000000005e+01
1.253231435000000005e+01
1.253231435000000005e+01
1.253311442999999947e+01
1.253391451000000067e+01
1.252431355000000046e+01
1.252591370999999931e+01
1.252671379000000051e+01
1.252831394999999937e+01
1.252831394999999937e+01
1.252911403000000057e+01
1.252351346999999926e+01
1.252351346999999926e+01
1.252351346999999926e+01
1.252351346999999926e+01
1.252431355000000046e+01
1.252511362999999989e+01
1.252591370999999931e+01
1.252671379000000051e+01
1.252751386999999994e+01
1.252831394999999937e+01
1.252831394999999937e+01
1.252831394999999937e+01
1.252831394999999937e+01
1.252831394999999937e+01
1.252831394999999937e+01
1.250991211000000014e+01
1.250991211000000014e+01
1.251071218999999957e+01
1.251151227000000077e+01
1.251151227000000077e+01
1.251231235000000019e+01
1.251311242999999962e+01
1.251391251000000082e+01
1.251471259000000025e+01
1.251551266999999967e+01
1.251631275000000088e+01
1.251711283000000030e+01
1.251711283000000030e+01
1.251791290999999973e+01
1.251791290999999973e+01
1.251871298999999915e+01
1.251071218999999957e+01
1.251151227000000077e+01
1.251151227000000077e+01
1.251231235000000019e+01
1.251311242999999962e+01
1.251391251000000082e+01
1.251471259000000025e+01
1.251551266999999967e+01
1.251551266999999967e+01
1.251551266999999967e+01
1.251631275000000088e+01
1.251631275000000088e+01
1.251711283000000030e+01
1.251791290999999973e+01
1.251871298999999915e+01
1.251871298999999915e+01
1.251871298999999915e+01
1.250511163000000003e+01
1.250591170999999946e+01
1.250591170999999946e+01
1.250671179000000066e+01
1.250751187000000009e+01
1.250831194999999951e+01
1.250911203000000071e+01
1.250911203000000071e+01
1.250911203000000071e+01
1.250911203000000071e+01
1.250991211000000014e+01
1.250991211000000014e+01
1.250511163000000003e+01
1.250511163000000003e+01
1.250511163000000003e+01
1.250591170999999946e+01
1.250591170999999946e+01
1.250671179000000066e+01
1.250751187000000009e+01
1.250831194999999951e+01
1.250911203000000071e+01
1.250991211000000014e+01
1.251071218999999957e+01
1.251151227000000077e+01
1.251151227000000077e+01
1.251231235000000019e+01
1.251311242999999962e+01
1.249231035000000034e+01
1.249231035000000034e+01
1.249311042999999977e+01
1.249391050999999919e+01
1.249471059000000039e+01
1.249551066999999982e+01
1.249631074999999925e+01
1.249711083000000045e+01
1.247870898999999945e+01
1.247950907000000065e+01
1.248030915000000007e+01
1.248110922999999950e+01
1.248190931000000070e+01
1.248270939000000013e+01
1.248350946999999955e+01
1.248430955000000075e+01
1.248510963000000018e+01
1.248590970999999961e+01
1.248590970999999961e+01
1.248670979000000081e+01
1.248750987000000023e+01
1.248830994999999966e+01
1.248830994999999966e+01
1.248830994999999966e+01
1.248911003000000086e+01
1.248991011000000029e+01
1.247150826999999929e+01
1.247230835000000049e+01
1.247310842999999991e+01
1.247390850999999934e+01
1.247470859000000054e+01
1.247550866999999997e+01
1.247630874999999939e+01
1.247710883000000059e+01
1.247790891000000002e+01
1.247870898999999945e+01
1.247950907000000065e+01
1.248030915000000007e+01
1.246270739000000027e+01
1.246350746999999970e+01
1.246350746999999970e+01
1.246430754999999913e+01
1.246510763000000033e+01
1.246590770999999975e+01
1.246670778999999918e+01
1.246670778999999918e+01
1.246750787000000038e+01
1.246830794999999981e+01
1.246830794999999981e+01
1.246270739000000027e+01
1.246350746999999970e+01
1.246430754999999913e+01
1.246510763000000033e+01
1.246510763000000033e+01
1.246590770999999975e+01
1.246670778999999918e+01
1.246750787000000038e+01
1.246830794999999981e+01
1.246910802999999923e+01
1.246990811000000043e+01
1.247070818999999986e+01
1.247070818999999986e+01
1.245710683000000074e+01
1.245710683000000074e+01
1.245790691000000017e+01
1.245870698999999959e+01
1.245950707000000079e+01
1.246030715000000022e+01
1.246110722999999965e+01
1.246110722999999965e+01
1.246190731000000085e+01
1.246270739000000027e+01
1.246350746999999970e+01
1.246350746999999970e+01
1.246430754999999913e+01
1.246510763000000033e+01
1.246590770999999975e+01
1.246670778999999918e+01
1.245710683000000074e+01
1.245790691000000017e+01
1.245870698999999959e+01
1.245950707000000079e+01
1.246030715000000022e+01
1.246030715000000022e+01
1.246110722999999965e+01
1.246190731000000085e+01
1.246190731000000085e+01
1.246190731000000085e+01
1.246270739000000027e+01
1.246350746999999970e+01
1.246430754999999913e+01
1.246510763000000033e+01
1.246510763000000033e+01
1.246590770999999975e+01
1.245390650999999949e+01
1.245470659000000069e+01
1.245470659000000069e+01
1.245550667000000011e+01
1.245550667000000011e+01
1.245630674999999954e+01
1.245630674999999954e+01
1.245630674999999954e+01
1.245710683000000074e+01
1.245710683000000074e+01
1.245790691000000017e+01
1.245870698999999959e+01
1.245950707000000079e+01
1.246030715000000022e+01
1.246110722999999965e+01
1.245230635000000063e+01
1.245310643000000006e+01
1.245390650999999949e+01
1.245390650999999949e+01
1.245390650999999949e+01
1.245470659000000069e+01
1.245550667000000011e+01
1.245630674999999954e+01
1.245710683000000074e+01
1.245790691000000017e+01
1.245870698999999959e+01
1.245950707000000079e+01
1.246030715000000022e+01
1.246030715000000022e+01
1.246110722999999965e+01
1.245230635000000063e+01
1.245310643000000006e+01
1.245310643000000006e+01
1.245310643000000006e+01
1.245310643000000006e+01
1.245390650999999949e+01
1.245470659000000069e+01
1.245470659000000069e+01
1.245550667000000011e+01
1.245550667000000011e+01
1.245630674999999954e+01
1.245630674999999954e+01
1.245630674999999954e+01
1.245710683000000074e+01
1.245150626999999943e+01
1.245150626999999943e+01
1.245150626999999943e+01
1.245150626999999943e+01
1.245150626999999943e+01
1.245230635000000063e+01
1.245310643000000006e+01
1.245390650999999949e+01
1.245390650999999949e+01
1.245390650999999949e+01
1.245470659000000069e+01
1.245550667000000011e+01
1.245630674999999954e+01
1.245710683000000074e+01
1.245310643000000006e+01
1.245310643000000006e+01
1.245310643000000006e+01
1.245390650999999949e+01
1.245470659000000069e+01
1.245470659000000069e+01
1.245550667000000011e+01
1.245550667000000011e+01
1.245630674999999954e+01
1.245630674999999954e+01
1.245630674999999954e+01
1.245710683000000074e+01
1.245710683000000074e+01
1.245790691000000017e+01
1.245870698999999959e+01
1.245150626999999943e+01
1.245150626999999943e+01
1.245150626999999943e+01
1.245230635000000063e+01
1.245310643000000006e+01
1.245390650999999949e+01
1.245390650999999949e+01
1.245390650999999949e+01
1.245470659000000069e+01
1.245550667000000011e+01
1.245630674999999954e+01
1.245710683000000074e+01
1.245790691000000017e+01
1.245870698999999959e+01
1.245950707000000079e+01
1.245630674999999954e+01
1.245710683000000074e+01
1.245710683000000074e+01
1.245790691000000017e+01
1.245870698999999959e+01
1.245950707000000079e+01
1.246030715000000022e+01
1.246110722999999965e+01
1.246110722999999965e+01
1.246190731000000085e+01
1.246270739000000027e+01
1.246350746999999970e+01
1.246350746999999970e+01
1.246430754999999913e+01
1.246510763000000033e+01
1.245470659000000069e+01
1.245550667000000011e+01
1.245630674999999954e+01
1.245710683000000074e+01
1.245790691000000017e+01
1.245870698999999959e+01
1.245950707000000079e+01
1.246030715000000022e+01
1.246030715000000022e+01
1.246110722999999965e+01
1.246190731000000085e+01
1.246190731000000085e+01
1.246190731000000085e+01
1.246270739000000027e+01
1.246350746999999970e+01
1.246430754999999913e+01
1.246510763000000033e+01
1.246510763000000033e+01
1.246350746999999970e+01
1.246430754999999913e+01
1.246510763000000033e+01
1.246590770999999975e+01
1.246670778999999918e+01
1.246670778999999918e+01
1.246750787000000038e+01
1.246830794999999981e+01
1.246830794999999981e+01
1.246910802999999923e+01
1.246990811000000043e+01
1.247070818999999986e+01
1.247150826999999929e+01
1.247150826999999929e+01
1.246350746999999970e+01
1.246430754999999913e+01
1.246510763000000033e+01
1.246510763000000033e+01
1.246590770999999975e+01
1.246670778999999918e+01
1.246750787000000038e+01
1.246830794999999981e+01
1.246910802999999923e+01
1.246990811000000043e+01
1.247070818999999986e+01
1.247070818999999986e+01
1.247150826999999929e+01
1.248270939000000013e+01
1.248350946999999955e+01
1.248430955000000075e+01
1.248510963000000018e+01
1.248590970999999961e+01
1.248590970999999961e+01
1.248670979000000081e+01
1.248750987000000023e+01
1.248830994999999966e+01
1.248911003000000086e+01
1.248911003000000086e+01
1.249951107000000050e+01
1.250031114999999993e+01
1.250111122999999935e+01
1.250191131000000055e+01
1.250271138999999998e+01
1.250351146999999941e+01
1.250431155000000061e+01
1.250511163000000003e+01
1.250591170999999946e+01
1.250591170999999946e+01
1.250671179000000066e+01
1.250751187000000009e+01
1.250271138999999998e+01
1.250351146999999941e+01
1.250351146999999941e+01
1.250431155000000061e+01
1.250431155000000061e+01
1.250511163000000003e+01
1.250511163000000003e+01
1.250511163000000003e+01
1.250591170999999946e+01
1.250591170999999946e+01
1.250671179000000066e+01
1.250751187000000009e+01
1.252111322999999921e+01
1.252111322999999921e+01
1.252111322999999921e+01
1.252191331000000041e+01
1.252191331000000041e+01
1.252271338999999983e+01
1.252351346999999926e+01
1.252431355000000046e+01
1.252511362999999989e+01
1.252591370999999931e+01
1.252671379000000051e+01
1.252751386999999994e+01
1.252831394999999937e+01
1.252831394999999937e+01
1.252111322999999921e+01
1.252111322999999921e+01
1.252111322999999921e+01
1.252191331000000041e+01
1.252271338999999983e+01
1.252351346999999926e+01
1.252351346999999926e+01
1.252351346999999926e+01
1.252351346999999926e+01
1.252351346999999926e+01
1.252431355000000046e+01
1.252511362999999989e+01
1.252591370999999931e+01
1.252671379000000051e+01
1.253631475000000073e+01
1.253711483000000015e+01
1.253791490999999958e+01
1.253871499000000078e+01
1.253871499000000078e+01
1.253871499000000078e+01
1.253951507000000021e+01
1.253951507000000021e+01
1.253951507000000021e+01
1.254031514999999963e+01
1.254111523000000084e+01
1.254191531000000026e+01
1.254271538999999969e+01
1.254351546999999911e+01
1.253471459000000010e+01
1.253471459000000010e+01
1.253471459000000010e+01
1.253551466999999953e+01
1.253631475000000073e+01
1.253711483000000015e+01
1.253791490999999958e+01
1.253791490999999958e+01
1.253871499000000078e+01
1.253871499000000078e+01
1.253871499000000078e+01
1.253871499000000078e+01
1.254351546999999911e+01
1.254351546999999911e+01
1.254431555000000031e+01
1.254511562999999974e+01
1.254591570999999917e+01
1.254591570999999917e+01
1.254671579000000037e+01
1.254671579000000037e+01
1.254671579000000037e+01
1.254751586999999979e+01
1.254831594999999922e+01
1.253871499000000078e+01
1.253951507000000021e+01
1.254031514999999963e+01
1.254111523000000084e+01
1.254111523000000084e+01
1.254111523000000084e+01
1.254191531000000026e+01
1.254271538999999969e+01
1.254351546999999911e+01
1.254431555000000031e+01
1.254431555000000031e+01
1.254511562999999974e+01
1.254591570999999917e+01
1.254671579000000037e+01
1.254671579000000037e+01
1.255391651000000053e+01
1.255471658999999995e+01
1.255551666999999938e+01
1.255631675000000058e+01
1.255711683000000001e+01
1.255791690999999943e+01
1.255871699000000064e+01
1.255951707000000006e+01
1.255951707000000006e+01
1.255951707000000006e+01
1.255951707000000006e+01
1.255951707000000006e+01
1.255471658999999995e+01
1.255551666999999938e+01
1.255551666999999938e+01
1.255631675000000058e+01
1.255711683000000001e+01
1.255791690999999943e+01
1.255871699000000064e+01
1.255951707000000006e+01
1.255951707000000006e+01
1.256031714999999949e+01
1.256031714999999949e+01
1.256111723000000069e+01
1.256191731000000011e+01
1.255951707000000006e+01
1.255951707000000006e+01
1.255951707000000006e+01
1.256031714999999949e+01
1.256111723000000069e+01
1.256191731000000011e+01
1.256271738999999954e+01
1.256351747000000074e+01
1.256431755000000017e+01
1.256511762999999959e+01
1.256511762999999959e+01
1.256511762999999959e+01
1.256591771000000080e+01
1.256591771000000080e+01
1.256591771000000080e+01
1.256671779000000022e+01
1.256191731000000011e+01
1.256271738999999954e+01
1.256351747000000074e+01
1.256351747000000074e+01
1.256351747000000074e+01
1.256351747000000074e+01
1.256351747000000074e+01
1.256431755000000017e+01
1.256511762999999959e+01
1.256591771000000080e+01
1.256671779000000022e+01
1.256751786999999965e+01
1.256831795000000085e+01
1.256831795000000085e+01
1.256831795000000085e+01
1.256351747000000074e+01
1.256431755000000017e+01
1.256511762999999959e+01
1.256511762999999959e+01
1.256511762999999959e+01
1.256591771000000080e+01
1.256591771000000080e+01
1.256591771000000080e+01
1.256671779000000022e+01
1.256671779000000022e+01
1.256751786999999965e+01
1.256831795000000085e+01
1.256911803000000027e+01
1.256991810999999970e+01
1.257071818999999913e+01
1.256351747000000074e+01
1.256351747000000074e+01
1.256431755000000017e+01
1.256511762999999959e+01
1.256591771000000080e+01
1.256671779000000022e+01
1.256751786999999965e+01
1.256831795000000085e+01
1.256831795000000085e+01
1.256831795000000085e+01
1.256831795000000085e+01
1.256911803000000027e+01
1.256991810999999970e+01
1.257071818999999913e+01
1.257151827000000033e+01
1.256511762999999959e+01
1.256591771000000080e+01
1.256591771000000080e+01
1.256591771000000080e+01
1.256671779000000022e+01
1.256671779000000022e+01
1.256751786999999965e+01
1.256831795000000085e+01
1.256911803000000027e+01
1.256991810999999970e+01
1.257071818999999913e+01
1.257071818999999913e+01
1.257151827000000033e+01
1.257231834999999975e+01
1.257311842999999918e+01
1.256591771000000080e+01
1.256671779000000022e+01
1.256751786999999965e+01
1.256831795000000085e+01
1.256831795000000085e+01
1.256831795000000085e+01
1.256831795000000085e+01
1.256911803000000027e+01
1.256991810999999970e+01
1.257071818999999913e+01
1.257151827000000033e+01
1.257231834999999975e+01
1.257311842999999918e+01
1.257391851000000038e+01
1.257471858999999981e+01
1.257551866999999923e+01
1.255151627000000047e+01
1.255231634999999990e+01
1.255311642999999933e+01
1.255311642999999933e+01
1.255391651000000053e+01
1.255471658999999995e+01
1.255551666999999938e+01
1.255631675000000058e+01
1.255711683000000001e+01
1.255791690999999943e+01
1.255151627000000047e+01
1.255231634999999990e+01
1.255311642999999933e+01
1.255391651000000053e+01
1.255471658999999995e+01
1.255551666999999938e+01
1.255551666999999938e+01
1.255631675000000058e+01
1.255711683000000001e+01
1.255791690999999943e+01
1.255871699000000064e+01
1.255951707000000006e+01
1.255951707000000006e+01
1.254511562999999974e+01
1.254591570999999917e+01
1.254591570999999917e+01
1.254671579000000037e+01
1.254671579000000037e+01
1.254671579000000037e+01
1.254751586999999979e+01
1.254831594999999922e+01
1.254911603000000042e+01
1.254911603000000042e+01
1.254911603000000042e+01
1.254991610999999985e+01
1.254431555000000031e+01
1.254431555000000031e+01
1.254511562999999974e+01
1.254591570999999917e+01
1.254671579000000037e+01
1.254671579000000037e+01
1.254751586999999979e+01
1.254831594999999922e+01
1.254911603000000042e+01
1.253551466999999953e+01
1.253631475000000073e+01
1.253631475000000073e+01
1.253711483000000015e+01
1.253791490999999958e+01
1.253871499000000078e+01
1.253871499000000078e+01
1.253871499000000078e+01
1.253951507000000021e+01
1.253951507000000021e+01
1.253951507000000021e+01
1.254031514999999963e+01
1.254111523000000084e+01
1.253231435000000005e+01
1.253231435000000005e+01
1.253311442999999947e+01
1.253391451000000067e+01
1.253471459000000010e+01
1.253471459000000010e+01
1.253471459000000010e+01
1.253551466999999953e+01
1.253631475000000073e+01
1.253711483000000015e+01
1.253791490999999958e+01
1.253791490999999958e+01
1.253871499000000078e+01
1.253871499000000078e+01
1.253871499000000078e+01
1.252351346999999926e+01
1.252431355000000046e+01
1.252511362999999989e+01
1.252591370999999931e+01
1.252671379000000051e+01
1.252751386999999994e+01
1.252831394999999937e+01
1.252831394999999937e+01
1.252831394999999937e+01
1.252911403000000057e+01
1.252991410999999999e+01
1.253071418999999942e+01
1.253071418999999942e+01
1.253151427000000062e+01
1.252351346999999926e+01
1.252351346999999926e+01
1.252351346999999926e+01
1.252351346999999926e+01
1.252351346999999926e+01
1.252431355000000046e+01
1.252511362999999989e+01
1.252591370999999931e+01
1.252671379000000051e+01
1.252751386999999994e+01
1.252831394999999937e+01
1.252831394999999937e+01
1.252831394999999937e+01
1.252831394999999937e+01
1.252831394999999937e+01
1.251951307000000035e+01
1.252031314999999978e+01
1.252111322999999921e+01
1.252111322999999921e+01
1.252111322999999921e+01
1.252111322999999921e+01
1.252191331000000041e+01
1.252191331000000041e+01
1.252271338999999983e+01
1.252351346999999926e+01
1.252431355000000046e+01
1.252511362999999989e+01
1.252591370999999931e+01
1.251951307000000035e+01
1.252031314999999978e+01
1.252031314999999978e+01
1.252111322999999921e+01
1.252111322999999921e+01
1.252111322999999921e+01
1.252191331000000041e+01
1.252271338999999983e+01
1.252351346999999926e+01
1.252351346999999926e+01
1.252351346999999926e+01
1.252351346999999926e+01
1.251071218999999957e+01
1.251151227000000077e+01
1.251151227000000077e+01
1.251231235000000019e+01
1.251311242999999962e+01
1.251391251000000082e+01
1.251471259000000025e+01
1.251551266999999967e+01
1.251631275000000088e+01
1.251711283000000030e+01
1.251711283000000030e+01
1.251791290999999973e+01
1.251791290999999973e+01
1.251871298999999915e+01
1.251951307000000035e+01
1.251151227000000077e+01
1.251231235000000019e+01
1.251311242999999962e+01
1.251391251000000082e+01
1.251471259000000025e+01
1.251551266999999967e+01
1.251551266999999967e+01
1.251551266999999967e+01
1.251631275000000088e+01
1.251631275000000088e+01
1.251711283000000030e+01
1.251791290999999973e+01
1.251871298999999915e+01
1.251871298999999915e+01
1.251871298999999915e+01
1.251951307000000035e+01
1.248911003000000086e+01
1.248911003000000086e+01
1.248991011000000029e+01
1.249071018999999971e+01
1.249151026999999914e+01
1.249231035000000034e+01
1.249231035000000034e+01
1.249231035000000034e+01
1.249311042999999977e+01
1.249391050999999919e+01
1.249471059000000039e+01
1.249551066999999982e+01
1.249631074999999925e+01
1.249711083000000045e+01
1.249791090999999987e+01
1.249311042999999977e+01
1.249391050999999919e+01
1.249471059000000039e+01
1.249551066999999982e+01
1.249631074999999925e+01
1.249711083000000045e+01
1.249791090999999987e+01
1.249871098999999930e+01
1.249871098999999930e+01
1.249871098999999930e+01
1.249871098999999930e+01
1.249951107000000050e+01
1.248110922999999950e+01
1.248190931000000070e+01
1.248270939000000013e+01
1.248350946999999955e+01
1.248430955000000075e+01
1.248510963000000018e+01
1.248590970999999961e+01
1.248590970999999961e+01
1.248670979000000081e+01
1.248750987000000023e+01
1.248830994999999966e+01
1.248911003000000086e+01
1.248430955000000075e+01
1.248510963000000018e+01
1.248590970999999961e+01
1.248670979000000081e+01
1.248750987000000023e+01
1.248830994999999966e+01
1.248830994999999966e+01
1.248830994999999966e+01
1.248830994999999966e+01
1.248911003000000086e+01
1.248991011000000029e+01
1.249071018999999971e+01
1.249151026999999914e+01
1.249151026999999914e+01
1.249231035000000034e+01
1.247710883000000059e+01
1.247790891000000002e+01
1.247870898999999945e+01
1.247950907000000065e+01
1.248030915000000007e+01
1.248110922999999950e+01
1.248190931000000070e+01
1.248270939000000013e+01
1.248350946999999955e+01
1.248430955000000075e+01
1.248510963000000018e+01
1.248590970999999961e+01
1.248110922999999950e+01
1.248110922999999950e+01
1.248190931000000070e+01
1.248270939000000013e+01
1.248350946999999955e+01
1.248430955000000075e+01
1.248430955000000075e+01
1.248510963000000018e+01
1.248590970999999961e+01
1.248670979000000081e+01
1.248750987000000023e+01
1.248830994999999966e+01
1.248830994999999966e+01
1.248830994999999966e+01
1.248830994999999966e+01
1.248911003000000086e+01
1.245710683000000074e+01
1.245710683000000074e+01
1.245790691000000017e+01
1.245870698999999959e+01
1.245950707000000079e+01
1.246030715000000022e+01
1.246110722999999965e+01
1.246110722999999965e+01
1.246190731000000085e+01
1.246270739000000027e+01
1.246350746999999970e+01
1.246350746999999970e+01
1.246430754999999913e+01
1.246510763000000033e+01
1.246590770999999975e+01
1.246670778999999918e+01
1.245710683000000074e+01
1.245790691000000017e+01
1.245870698999999959e+01
1.245950707000000079e+01
1.246030715000000022e+01
1.246030715000000022e+01
1.246110722999999965e+01
1.246190731000000085e+01
1.246190731000000085e+01
1.246190731000000085e+01
1.246270739000000027e+01
1.246350746999999970e+01
1.246430754999999913e+01
1.246510763000000033e+01
1.246510763000000033e+01
1.246590770999999975e+01
1.245150626999999943e+01
1.245150626999999943e+01
1.245150626999999943e+01
1.245150626999999943e+01
1.245150626999999943e+01
1.245150626999999943e+01
1.245150626999999943e+01
1.245230635000000063e+01
1.245230635000000063e+01
1.245310643000000006e+01
1.245310643000000006e+01
1.245310643000000006e+01
1.244830594999999995e+01
1.244910602999999938e+01
1.244910602999999938e+01
1.244990611000000058e+01
1.245070619000000001e+01
1.245150626999999943e+01
1.245150626999999943e+01
1.245150626999999943e+01
1.245150626999999943e+01
1.245150626999999943e+01
1.245150626999999943e+01
1.245150626999999943e+01
1.245150626999999943e+01
1.245150626999999943e+01
1.245150626999999943e+01
1.245150626999999943e+01
1.245230635000000063e+01
1.245230635000000063e+01
1.245310643000000006e+01
1.245310643000000006e+01
1.245310643000000006e+01
1.244830594999999995e+01
1.244830594999999995e+01
1.244910602999999938e+01
1.244910602999999938e+01
1.244990611000000058e+01
1.245070619000000001e+01
1.245150626999999943e+01
1.245150626999999943e+01
1.245150626999999943e+01
1.245150626999999943e+01
1.245150626999999943e+01
1.245150626999999943e+01
1.245230635000000063e+01
1.245230635000000063e+01
1.245310643000000006e+01
1.245310643000000006e+01
1.245310643000000006e+01
1.245310643000000006e+01
1.245390650999999949e+01
1.245470659000000069e+01
1.245470659000000069e+01
1.244910602999999938e+01
1.244910602999999938e+01
1.244990611000000058e+01
1.245070619000000001e+01
1.245150626999999943e+01
1.245150626999999943e+01
1.245150626999999943e+01
1.245150626999999943e+01
1.245150626999999943e+01
1.245230635000000063e+01
1.245230635000000063e+01
1.245230635000000063e+01
1.245310643000000006e+01
1.245310643000000006e+01
1.245310643000000006e+01
1.245310643000000006e+01
1.245390650999999949e+01
1.245470659000000069e+01
1.245470659000000069e+01
1.245550667000000011e+01
1.245550667000000011e+01
1.245630674999999954e+01
1.245630674999999954e+01
1.245070619000000001e+01
1.245150626999999943e+01
1.245150626999999943e+01
1.245150626999999943e+01
1.245150626999999943e+01
1.245150626999999943e+01
1.245230635000000063e+01
1.245310643000000006e+01
1.245390650999999949e+01
1.245390650999999949e+01
1.245630674999999954e+01
1.245630674999999954e+01
1.245630674999999954e+01
1.245710683000000074e+01
1.245710683000000074e+01
1.245790691000000017e+01
1.245870698999999959e+01
1.245950707000000079e+01
1.246030715000000022e+01
1.246110722999999965e+01
1.246110722999999965e+01
1.246190731000000085e+01
1.246270739000000027e+01
1.246350746999999970e+01
1.246350746999999970e+01
1.245470659000000069e+01
1.245550667000000011e+01
1.245630674999999954e+01
1.245710683000000074e+01
1.245790691000000017e+01
1.245870698999999959e+01
1.245950707000000079e+01
1.246030715000000022e+01
1.246030715000000022e+01
1.246110722999999965e+01
1.246190731000000085e+01
1.246190731000000085e+01
1.246190731000000085e+01
1.246270739000000027e+01
1.246350746999999970e+01
1.246430754999999913e+01
1.247150826999999929e+01
1.247150826999999929e+01
1.247150826999999929e+01
1.247230835000000049e+01
1.247230835000000049e+01
1.247310842999999991e+01
1.247230835000000049e+01
1.247310842999999991e+01
1.247390850999999934e+01
1.247470859000000054e+01
1.247550866999999997e+01
1.247630874999999939e+01
1.247710883000000059e+01
1.247790891000000002e+01
1.247870898999999945e+01
1.247950907000000065e+01
1.248030915000000007e+01
1.248110922999999950e+01
1.248110922999999950e+01
1.248190931000000070e+01
1.248270939000000013e+01
1.248590970999999961e+01
1.248670979000000081e+01
1.248750987000000023e+01
1.248830994999999966e+01
1.248911003000000086e+01
1.248911003000000086e+01
1.248991011000000029e+01
1.249071018999999971e+01
1.249151026999999914e+01
1.249231035000000034e+01
1.248830994999999966e+01
1.248830994999999966e+01
1.248830994999999966e+01
1.248911003000000086e+01
1.248991011000000029e+01
1.249071018999999971e+01
1.249151026999999914e+01
1.249151026999999914e+01
1.249231035000000034e+01
1.249311042999999977e+01
1.249391050999999919e+01
1.249471059000000039e+01
1.249551066999999982e+01
1.249631074999999925e+01
1.250911203000000071e+01
1.250991211000000014e+01
1.250991211000000014e+01
1.251071218999999957e+01
1.251151227000000077e+01
1.251151227000000077e+01
1.251231235000000019e+01
1.251311242999999962e+01
1.251391251000000082e+01
1.251471259000000025e+01
1.251551266999999967e+01
1.251631275000000088e+01
1.251711283000000030e+01
1.251711283000000030e+01
1.251791290999999973e+01
1.251791290999999973e+01
1.250831194999999951e+01
1.250911203000000071e+01
1.250991211000000014e+01
1.251071218999999957e+01
1.251151227000000077e+01
1.251151227000000077e+01
1.251231235000000019e+01
1.251311242999999962e+01
1.251391251000000082e+01
1.251471259000000025e+01
1.251551266999999967e+01
1.251551266999999967e+01
1.251551266999999967e+01
1.251631275000000088e+01
1.251631275000000088e+01
1.251711283000000030e+01
1.251791290999999973e+01
1.251871298999999915e+01
1.252031314999999978e+01
1.252111322999999921e+01
1.252111322999999921e+01
1.252111322999999921e+01
1.252111322999999921e+01
1.252191331000000041e+01
1.252191331000000041e+01
1.252271338999999983e+01
1.252351346999999926e+01
1.252431355000000046e+01
1.252511362999999989e+01
1.252591370999999931e+01
1.252671379000000051e+01
1.252751386999999994e+01
1.252031314999999978e+01
1.252031314999999978e+01
1.252111322999999921e+01
1.252111322999999921e+01
1.252111322999999921e+01
1.252191331000000041e+01
1.252271338999999983e+01
1.252351346999999926e+01
1.252351346999999926e+01
1.252351346999999926e+01
1.252351346999999926e+01
1.253471459000000010e+01
1.253471459000000010e+01
1.253471459000000010e+01
1.253551466999999953e+01
1.253631475000000073e+01
1.253631475000000073e+01
1.253711483000000015e+01
1.253791490999999958e+01
1.253871499000000078e+01
1.253871499000000078e+01
1.253871499000000078e+01
1.253231435000000005e+01
1.253231435000000005e+01
1.253231435000000005e+01
1.253231435000000005e+01
1.253231435000000005e+01
1.253231435000000005e+01
1.253231435000000005e+01
1.253311442999999947e+01
1.253391451000000067e+01
1.253471459000000010e+01
1.253471459000000010e+01
1.253471459000000010e+01
1.253551466999999953e+01
1.253631475000000073e+01
1.253711483000000015e+01
1.254511562999999974e+01
1.254591570999999917e+01
1.254591570999999917e+01
1.254671579000000037e+01
1.254671579000000037e+01
1.254671579000000037e+01
1.254751586999999979e+01
1.254831594999999922e+01
1.254911603000000042e+01
1.254911603000000042e+01
1.254911603000000042e+01
1.254431555000000031e+01
1.254511562999999974e+01
1.254591570999999917e+01
1.254671579000000037e+01
1.254671579000000037e+01
1.254751586999999979e+01
1.255071618999999927e+01
1.255071618999999927e+01
1.255151627000000047e+01
1.255231634999999990e+01
1.255311642999999933e+01
1.255311642999999933e+01
1.255391651000000053e+01
1.255471658999999995e+01
1.255631675000000058e+01
1.255071618999999927e+01
1.255151627000000047e+01
1.255231634999999990e+01
1.255311642999999933e+01
1.255391651000000053e+01
1.255471658999999995e+01
1.255551666999999938e+01
1.255551666999999938e+01
1.255631675000000058e+01
1.256031714999999949e+01
1.256111723000000069e+01
1.256191731000000011e+01
1.256271738999999954e+01
1.256351747000000074e+01
1.256431755000000017e+01
1.256511762999999959e+01
1.256511762999999959e+01
1.256511762999999959e+01
1.256591771000000080e+01
1.256591771000000080e+01
1.256591771000000080e+01
1.256671779000000022e+01
1.256671779000000022e+01
1.256751786999999965e+01
1.256351747000000074e+01
1.256351747000000074e+01
1.256351747000000074e+01
1.256351747000000074e+01
1.256431755000000017e+01
1.256511762999999959e+01
1.256591771000000080e+01
1.256671779000000022e+01
1.256751786999999965e+01
1.256831795000000085e+01
1.256831795000000085e+01
1.256831795000000085e+01
1.256831795000000085e+01
1.256591771000000080e+01
1.256591771000000080e+01
1.256671779000000022e+01
1.256671779000000022e+01
1.256751786999999965e+01
1.256831795000000085e+01
1.256911803000000027e+01
1.256991810999999970e+01
1.257071818999999913e+01
1.257071818999999913e+01
1.257151827000000033e+01
1.257231834999999975e+01
1.256831795000000085e+01
1.256831795000000085e+01
1.256911803000000027e+01
1.256991810999999970e+01
1.257071818999999913e+01
1.257151827000000033e+01
1.257231834999999975e+01
