1.238907363000000039e+01
1.238987370999999982e+01
1.238987370999999982e+01
1.239067378999999924e+01
1.239147387000000045e+01
1.239067378999999924e+01
1.239147387000000045e+01
1.239227394999999987e+01
1.239227394999999987e+01
1.239307402999999930e+01
1.239307402999999930e+01
1.239387411000000050e+01
1.239387411000000050e+01
1.239467418999999992e+01
1.239547426999999935e+01
1.239627435000000055e+01
1.239707442999999998e+01
1.239787450999999940e+01
1.239867459000000061e+01
1.239947467000000003e+01
1.240027474999999946e+01
1.240027474999999946e+01
1.239947467000000003e+01
1.240027474999999946e+01
1.240027474999999946e+01
1.240107483000000066e+01
1.240107483000000066e+01
1.240107483000000066e+01
1.240107483000000066e+01
1.240187491000000009e+01
1.240267498999999951e+01
1.240347507000000071e+01
1.240987570999999967e+01
1.241067579000000087e+01
1.241147587000000030e+01
1.241227594999999972e+01
1.241307602999999915e+01
1.241387611000000035e+01
1.241467618999999978e+01
1.241547626999999920e+01
1.241627635000000041e+01
1.241707642999999983e+01
1.241787650999999926e+01
1.241787650999999926e+01
1.241787650999999926e+01
1.241787650999999926e+01
1.241867659000000046e+01
1.241947666999999988e+01
1.242027674999999931e+01
1.242107683000000051e+01
1.242267698999999936e+01
1.242347707000000057e+01
1.242427714999999999e+01
1.242507722999999942e+01
1.242587731000000062e+01
1.242587731000000062e+01
1.242667739000000005e+01
1.242747746999999947e+01
1.242747746999999947e+01
1.242827755000000067e+01
1.242347707000000057e+01
1.242427714999999999e+01
1.242507722999999942e+01
1.242587731000000062e+01
1.242587731000000062e+01
1.242667739000000005e+01
1.242747746999999947e+01
1.242747746999999947e+01
1.242827755000000067e+01
1.242907763000000010e+01
1.243067779000000073e+01
1.243147787000000015e+01
1.243227794999999958e+01
1.243307803000000078e+01
1.243307803000000078e+01
1.243387811000000021e+01
1.243387811000000021e+01
1.243467818999999963e+01
1.243547827000000083e+01
1.243627835000000026e+01
1.243627835000000026e+01
1.244267898999999922e+01
1.244347907000000042e+01
1.244267898999999922e+01
1.244267898999999922e+01
1.244347907000000042e+01
1.244427914999999985e+01
1.244507922999999927e+01
1.244587931000000047e+01
1.244667938999999990e+01
1.244747946999999932e+01
1.244827955000000053e+01
1.244907962999999995e+01
1.244907962999999995e+01
1.244827955000000053e+01
1.244827955000000053e+01
1.244907962999999995e+01
1.244987970999999938e+01
1.245067979000000058e+01
1.245147987000000001e+01
1.245147987000000001e+01
1.245227994999999943e+01
1.245308003000000063e+01
1.245388011000000006e+01
1.245468018999999948e+01
1.245548027000000069e+01
1.245628035000000011e+01
1.245708042999999954e+01
1.245788051000000074e+01
1.245788051000000074e+01
1.245788051000000074e+01
1.246908162999999981e+01
1.246988170999999923e+01
1.247068179000000043e+01
1.247068179000000043e+01
1.247068179000000043e+01
1.247068179000000043e+01
1.247148186999999986e+01
1.247148186999999986e+01
1.248668338999999960e+01
1.248748347000000081e+01
1.248828355000000023e+01
1.248908362999999966e+01
1.248988371000000086e+01
1.248988371000000086e+01
1.249468418999999919e+01
1.249468418999999919e+01
1.249548427000000039e+01
1.249628434999999982e+01
1.249708442999999924e+01
1.249788451000000045e+01
1.249868458999999987e+01
1.249948466999999930e+01
1.250028475000000050e+01
1.250108482999999993e+01
1.250188490999999935e+01
1.250188490999999935e+01
1.250268499000000055e+01
1.250348506999999998e+01
1.250428514999999940e+01
1.250508523000000061e+01
1.250588531000000003e+01
1.250588531000000003e+01
1.250668538999999946e+01
1.250748547000000066e+01
1.250748547000000066e+01
1.250828555000000009e+01
1.250348506999999998e+01
1.250428514999999940e+01
1.250508523000000061e+01
1.250588531000000003e+01
1.250588531000000003e+01
1.250668538999999946e+01
1.250748547000000066e+01
1.250748547000000066e+01
1.250828555000000009e+01
1.250908562999999951e+01
1.250988571000000071e+01
1.251068579000000014e+01
1.251068579000000014e+01
1.251148586999999957e+01
1.251228595000000077e+01
1.251228595000000077e+01
1.251308603000000019e+01
1.251388610999999962e+01
1.251388610999999962e+01
1.251388610999999962e+01
1.251948666999999915e+01
1.252028675000000035e+01
1.252108682999999978e+01
1.252188690999999920e+01
1.252268699000000041e+01
1.252348706999999983e+01
1.252348706999999983e+01
1.252348706999999983e+01
1.252348706999999983e+01
1.252348706999999983e+01
1.252348706999999983e+01
1.252348706999999983e+01
1.252348706999999983e+01
1.252348706999999983e+01
1.252348706999999983e+01
1.252348706999999983e+01
1.252348706999999983e+01
1.252428714999999926e+01
1.252508723000000046e+01
1.252588730999999989e+01
1.250348506999999998e+01
1.250428514999999940e+01
1.250508523000000061e+01
1.250588531000000003e+01
1.250588531000000003e+01
1.250668538999999946e+01
1.250748547000000066e+01
1.250748547000000066e+01
1.250828555000000009e+01
1.250908562999999951e+01
1.250988571000000071e+01
1.248748347000000081e+01
1.248828355000000023e+01
1.248908362999999966e+01
1.248988371000000086e+01
1.248988371000000086e+01
1.249068379000000029e+01
1.249068379000000029e+01
1.249148386999999971e+01
1.249228394999999914e+01
1.249308403000000034e+01
1.248188290999999950e+01
1.248268299000000070e+01
1.248348307000000013e+01
1.248428314999999955e+01
1.248428314999999955e+01
1.248508323000000075e+01
1.248588331000000018e+01
1.248668338999999960e+01
1.248748347000000081e+01
1.247148186999999986e+01
1.247228194999999928e+01
1.247308203000000049e+01
1.247388210999999991e+01
1.247468218999999934e+01
1.247548227000000054e+01
1.247548227000000054e+01
1.247548227000000054e+01
1.247628234999999997e+01
1.246028075000000079e+01
1.246028075000000079e+01
1.246108083000000022e+01
1.246188090999999964e+01
1.246188090999999964e+01
1.246188090999999964e+01
1.246268099000000085e+01
1.246348107000000027e+01
1.246348107000000027e+01
1.246428114999999970e+01
1.245067979000000058e+01
1.245147987000000001e+01
1.245388011000000006e+01
1.245468018999999948e+01
1.244507922999999927e+01
1.244587931000000047e+01
1.244667938999999990e+01
1.244747946999999932e+01
1.244827955000000053e+01
1.244907962999999995e+01
1.244907962999999995e+01
1.244987970999999938e+01
1.245067979000000058e+01
1.245147987000000001e+01
1.243707842999999968e+01
1.243787851000000089e+01
1.243787851000000089e+01
1.243867859000000031e+01
1.243947866999999974e+01
1.244027874999999916e+01
1.244027874999999916e+01
1.244027874999999916e+01
1.244107883000000037e+01
1.244107883000000037e+01
1.244187890999999979e+01
1.244267898999999922e+01
1.244107883000000037e+01
1.244187890999999979e+01
1.244267898999999922e+01
1.244267898999999922e+01
1.244267898999999922e+01
1.244347907000000042e+01
1.244427914999999985e+01
1.244507922999999927e+01
1.242827755000000067e+01
1.242907763000000010e+01
1.242907763000000010e+01
1.242987770999999952e+01
1.243067779000000073e+01
1.243147787000000015e+01
1.243227794999999958e+01
1.243307803000000078e+01
1.243307803000000078e+01
1.243387811000000021e+01
1.243467818999999963e+01
1.243547827000000083e+01
1.242187690999999994e+01
1.242187690999999994e+01
1.242267698999999936e+01
1.242347707000000057e+01
1.242427714999999999e+01
1.242507722999999942e+01
1.242587731000000062e+01
1.242347707000000057e+01
1.242427714999999999e+01
1.242507722999999942e+01
1.242587731000000062e+01
1.242667739000000005e+01
1.242747746999999947e+01
1.242827755000000067e+01
1.242907763000000010e+01
1.242987770999999952e+01
1.240987570999999967e+01
1.241067579000000087e+01
1.241147587000000030e+01
1.241227594999999972e+01
1.241307602999999915e+01
1.239387411000000050e+01
1.239467418999999992e+01
1.239547426999999935e+01
1.239627435000000055e+01
1.239707442999999998e+01
1.239787450999999940e+01
1.239867459000000061e+01
1.239947467000000003e+01
1.240027474999999946e+01
1.240027474999999946e+01
1.238507322999999971e+01
1.238587330999999914e+01
1.238667339000000034e+01
1.238747346999999976e+01
1.238827354999999919e+01
1.238907363000000039e+01
1.238987370999999982e+01
1.238987370999999982e+01
1.239067378999999924e+01
1.238347307000000086e+01
1.238347307000000086e+01
1.238427315000000029e+01
1.238507322999999971e+01
1.238587330999999914e+01
1.238667339000000034e+01
1.238747346999999976e+01
1.238827354999999919e+01
1.240027474999999946e+01
1.240027474999999946e+01
1.240107483000000066e+01
1.240187491000000009e+01
1.240267498999999951e+01
1.240667539000000019e+01
1.240747546999999962e+01
1.240827555000000082e+01
1.240907563000000025e+01
1.241067579000000087e+01
1.241147587000000030e+01
1.241227594999999972e+01
1.241227594999999972e+01
1.241307602999999915e+01
1.241387611000000035e+01
1.241467618999999978e+01
1.241547626999999920e+01
1.241627635000000041e+01
1.241707642999999983e+01
1.241707642999999983e+01
1.241707642999999983e+01
1.241707642999999983e+01
1.241787650999999926e+01
1.241787650999999926e+01
1.241787650999999926e+01
1.241947666999999988e+01
1.242027674999999931e+01
1.242107683000000051e+01
1.242187690999999994e+01
1.242187690999999994e+01
1.242267698999999936e+01
1.242347707000000057e+01
1.242427714999999999e+01
1.242507722999999942e+01
1.242347707000000057e+01
1.242347707000000057e+01
1.242427714999999999e+01
1.242507722999999942e+01
1.242587731000000062e+01
1.242667739000000005e+01
1.242987770999999952e+01
1.243067779000000073e+01
1.243147787000000015e+01
1.243227794999999958e+01
1.243307803000000078e+01
1.243307803000000078e+01
1.243387811000000021e+01
1.243387811000000021e+01
1.243467818999999963e+01
1.243547827000000083e+01
1.243627835000000026e+01
1.243707842999999968e+01
1.243787851000000089e+01
1.243787851000000089e+01
1.243867859000000031e+01
1.243947866999999974e+01
1.244027874999999916e+01
1.244027874999999916e+01
1.244027874999999916e+01
1.244107883000000037e+01
1.244107883000000037e+01
1.244827955000000053e+01
1.244827955000000053e+01
1.244827955000000053e+01
1.244907962999999995e+01
1.244987970999999938e+01
1.245067979000000058e+01
1.245147987000000001e+01
1.245147987000000001e+01
1.245227994999999943e+01
1.245708042999999954e+01
1.245788051000000074e+01
1.245788051000000074e+01
1.245788051000000074e+01
1.245868059000000017e+01
1.245948066999999959e+01
1.245948066999999959e+01
1.245948066999999959e+01
1.246028075000000079e+01
1.246028075000000079e+01
1.246108083000000022e+01
1.246508122999999912e+01
1.246508122999999912e+01
1.246588131000000033e+01
1.246668138999999975e+01
1.246748146999999918e+01
1.246828155000000038e+01
1.246828155000000038e+01
1.246828155000000038e+01
1.246828155000000038e+01
1.246828155000000038e+01
1.246908162999999981e+01
1.249068379000000029e+01
1.249068379000000029e+01
1.249148386999999971e+01
1.249228394999999914e+01
1.249308403000000034e+01
1.249388410999999977e+01
1.249468418999999919e+01
1.249548427000000039e+01
1.249628434999999982e+01
1.249628434999999982e+01
1.250588531000000003e+01
1.250668538999999946e+01
1.250748547000000066e+01
1.250748547000000066e+01
1.250828555000000009e+01
1.250908562999999951e+01
1.250988571000000071e+01
1.250988571000000071e+01
1.251068579000000014e+01
1.251068579000000014e+01
1.251148586999999957e+01
1.251228595000000077e+01
1.251228595000000077e+01
1.251308603000000019e+01
1.251388610999999962e+01
1.251388610999999962e+01
1.251388610999999962e+01
1.251468619000000082e+01
1.251468619000000082e+01
1.251548627000000025e+01
