1.303946226999999958e+01
1.304026235000000078e+01
1.304106243000000021e+01
1.304186250999999963e+01
1.304266259000000083e+01
1.304346267000000026e+01
1.304426274999999968e+01
1.304506283000000089e+01
1.304586291000000031e+01
1.304666298999999974e+01
1.304746306999999916e+01
1.304826315000000037e+01
1.304906322999999979e+01
1.304986330999999922e+01
1.305066339000000042e+01
1.305146346999999984e+01
1.305226354999999927e+01
1.305306363000000047e+01
1.305386370999999990e+01
1.305386370999999990e+01
1.305466378999999932e+01
1.305546387000000053e+01
1.305626394999999995e+01
1.305706402999999938e+01
1.305786411000000058e+01
1.305866419000000000e+01
1.305946426999999943e+01
1.306026435000000063e+01
1.306106443000000006e+01
1.306186450999999948e+01
1.306186450999999948e+01
1.306186450999999948e+01
1.306266459000000069e+01
1.306346467000000011e+01
1.306426474999999954e+01
1.306506483000000074e+01
1.306586491000000017e+01
1.306666498999999959e+01
1.306746507000000079e+01
1.306826515000000022e+01
1.306826515000000022e+01
1.306826515000000022e+01
1.306826515000000022e+01
1.306826515000000022e+01
1.306826515000000022e+01
1.306906522999999964e+01
1.306986531000000085e+01
1.307066539000000027e+01
1.307146546999999970e+01
1.307226554999999912e+01
1.307306563000000033e+01
1.307386570999999975e+01
1.307466578999999918e+01
1.307546587000000038e+01
1.307626594999999980e+01
1.307706602999999923e+01
1.307706602999999923e+01
1.307786611000000043e+01
1.307866618999999986e+01
1.307946626999999928e+01
1.308026635000000049e+01
1.308106642999999991e+01
1.308186650999999934e+01
1.308266659000000054e+01
1.308266659000000054e+01
1.308266659000000054e+01
1.308346666999999997e+01
1.308346666999999997e+01
1.308426674999999939e+01
1.308426674999999939e+01
1.308426674999999939e+01
1.308506683000000059e+01
1.308586691000000002e+01
1.308666698999999944e+01
1.308746707000000065e+01
1.308826715000000007e+01
1.308906722999999950e+01
1.308986731000000070e+01
1.309066739000000013e+01
1.309146746999999955e+01
1.309226755000000075e+01
1.309226755000000075e+01
1.309226755000000075e+01
1.309226755000000075e+01
1.309306763000000018e+01
1.309306763000000018e+01
1.309386770999999960e+01
1.309466779000000081e+01
1.309466779000000081e+01
1.309546787000000023e+01
1.309546787000000023e+01
1.309546787000000023e+01
1.309626794999999966e+01
1.309626794999999966e+01
1.309626794999999966e+01
1.309626794999999966e+01
1.309706803000000086e+01
1.309786811000000029e+01
1.309866818999999971e+01
1.309946826999999914e+01
1.310026835000000034e+01
1.310026835000000034e+01
1.310106842999999976e+01
1.310186850999999919e+01
1.310266859000000039e+01
1.310346866999999982e+01
1.310426874999999924e+01
1.310426874999999924e+01
1.310506883000000045e+01
1.309626794999999966e+01
1.309626794999999966e+01
1.309626794999999966e+01
1.309626794999999966e+01
1.309706803000000086e+01
1.309786811000000029e+01
1.309866818999999971e+01
1.309946826999999914e+01
1.310026835000000034e+01
1.310026835000000034e+01
1.310106842999999976e+01
1.310186850999999919e+01
1.310266859000000039e+01
1.310346866999999982e+01
1.310426874999999924e+01
1.310426874999999924e+01
1.310506883000000045e+01
1.310586890999999987e+01
1.310666898999999930e+01
1.310666898999999930e+01
1.310666898999999930e+01
1.310746907000000050e+01
1.310826914999999993e+01
1.310906922999999935e+01
1.310986931000000055e+01
1.311066938999999998e+01
1.311146946999999940e+01
1.311146946999999940e+01
1.311226955000000061e+01
1.311306963000000003e+01
1.311386970999999946e+01
1.311386970999999946e+01
1.311386970999999946e+01
1.311386970999999946e+01
1.311386970999999946e+01
1.311386970999999946e+01
1.311466979000000066e+01
1.311546987000000009e+01
1.311626994999999951e+01
1.311626994999999951e+01
1.311626994999999951e+01
1.311626994999999951e+01
1.311707003000000071e+01
1.311787011000000014e+01
1.311867018999999956e+01
1.311947027000000077e+01
1.311947027000000077e+01
1.311947027000000077e+01
1.311947027000000077e+01
1.312027035000000019e+01
1.312107042999999962e+01
1.312107042999999962e+01
1.312187051000000082e+01
1.312267059000000025e+01
1.312267059000000025e+01
1.312267059000000025e+01
1.312267059000000025e+01
1.312267059000000025e+01
1.312347066999999967e+01
1.312427075000000087e+01
1.312507083000000030e+01
1.312587090999999972e+01
1.312587090999999972e+01
1.312587090999999972e+01
1.312587090999999972e+01
1.312667098999999915e+01
1.312747107000000035e+01
1.312747107000000035e+01
1.312747107000000035e+01
1.312747107000000035e+01
1.312827114999999978e+01
1.312907122999999920e+01
1.312907122999999920e+01
1.312907122999999920e+01
1.312907122999999920e+01
1.312907122999999920e+01
1.312907122999999920e+01
1.312907122999999920e+01
1.312907122999999920e+01
1.312987131000000041e+01
1.312987131000000041e+01
1.313067138999999983e+01
1.313147146999999926e+01
1.313227155000000046e+01
1.313307162999999989e+01
1.313307162999999989e+01
1.313307162999999989e+01
1.313307162999999989e+01
1.313307162999999989e+01
1.313307162999999989e+01
1.313387170999999931e+01
1.313387170999999931e+01
1.313467179000000051e+01
1.313467179000000051e+01
1.313467179000000051e+01
1.313547186999999994e+01
1.313627194999999936e+01
1.313627194999999936e+01
1.313707203000000057e+01
1.313787210999999999e+01
1.313867218999999942e+01
1.313867218999999942e+01
1.313867218999999942e+01
1.313947227000000062e+01
1.312747107000000035e+01
1.312827114999999978e+01
1.312907122999999920e+01
1.312907122999999920e+01
1.312907122999999920e+01
1.312907122999999920e+01
1.312907122999999920e+01
1.312907122999999920e+01
1.312907122999999920e+01
1.312907122999999920e+01
1.312987131000000041e+01
1.312987131000000041e+01
1.313067138999999983e+01
1.313147146999999926e+01
1.313227155000000046e+01
1.313307162999999989e+01
1.313307162999999989e+01
1.313307162999999989e+01
1.313307162999999989e+01
1.313307162999999989e+01
1.313307162999999989e+01
1.313387170999999931e+01
1.313387170999999931e+01
1.313467179000000051e+01
1.313467179000000051e+01
1.313467179000000051e+01
1.313547186999999994e+01
1.313627194999999936e+01
1.313627194999999936e+01
1.313707203000000057e+01
1.313787210999999999e+01
1.313867218999999942e+01
1.313867218999999942e+01
1.313867218999999942e+01
1.313947227000000062e+01
1.314027235000000005e+01
1.314107242999999947e+01
1.314107242999999947e+01
1.314187251000000067e+01
1.314267259000000010e+01
1.314267259000000010e+01
1.314347266999999952e+01
1.314427275000000073e+01
1.314507283000000015e+01
1.314587290999999958e+01
1.314667299000000078e+01
1.314667299000000078e+01
1.314667299000000078e+01
1.314747307000000021e+01
1.314827314999999963e+01
1.314907323000000083e+01
1.314987331000000026e+01
1.316587490999999943e+01
1.316587490999999943e+01
1.316587490999999943e+01
1.316667499000000063e+01
1.316747507000000006e+01
1.316827514999999948e+01
1.316907523000000069e+01
1.316907523000000069e+01
1.316907523000000069e+01
1.316907523000000069e+01
1.316907523000000069e+01
1.316987531000000011e+01
1.317067538999999954e+01
1.317147547000000074e+01
1.317227555000000017e+01
1.317307562999999959e+01
1.317387571000000079e+01
1.317467579000000022e+01
1.317547586999999965e+01
1.317627595000000085e+01
1.317707603000000027e+01
1.317787610999999970e+01
1.317867618999999912e+01
1.317947627000000033e+01
1.318027634999999975e+01
1.318107642999999918e+01
1.318187651000000038e+01
1.318267658999999981e+01
1.318347666999999923e+01
1.318427675000000043e+01
1.318507682999999986e+01
1.318587690999999928e+01
1.318667699000000049e+01
1.318667699000000049e+01
1.318667699000000049e+01
1.318667699000000049e+01
1.318747706999999991e+01
1.318827714999999934e+01
1.322108043000000066e+01
1.322188051000000009e+01
1.322188051000000009e+01
1.322268058999999951e+01
1.322348067000000071e+01
1.322348067000000071e+01
1.322428075000000014e+01
1.322428075000000014e+01
1.322428075000000014e+01
1.322428075000000014e+01
1.322428075000000014e+01
1.322508082999999957e+01
1.322588091000000077e+01
1.322668099000000019e+01
1.322668099000000019e+01
1.322668099000000019e+01
1.322748106999999962e+01
1.322748106999999962e+01
1.322748106999999962e+01
1.322828115000000082e+01
1.322828115000000082e+01
1.322908123000000025e+01
1.322908123000000025e+01
1.322988130999999967e+01
1.323068139000000087e+01
1.323148147000000030e+01
1.323228154999999973e+01
1.323228154999999973e+01
1.323308162999999915e+01
1.323308162999999915e+01
1.323388171000000035e+01
1.323468178999999978e+01
1.323468178999999978e+01
1.323468178999999978e+01
1.323468178999999978e+01
1.323468178999999978e+01
1.323468178999999978e+01
1.323548186999999920e+01
1.323548186999999920e+01
1.323548186999999920e+01
1.323548186999999920e+01
1.323548186999999920e+01
1.323628195000000041e+01
1.323628195000000041e+01
1.323708202999999983e+01
1.323788210999999926e+01
1.323868219000000046e+01
1.323868219000000046e+01
1.323868219000000046e+01
1.323948226999999989e+01
1.324028234999999931e+01
1.324108243000000051e+01
1.324108243000000051e+01
1.324108243000000051e+01
1.324108243000000051e+01
1.324108243000000051e+01
1.324108243000000051e+01
1.324108243000000051e+01
1.324108243000000051e+01
1.324188250999999994e+01
1.324268258999999937e+01
1.324348267000000057e+01
1.324428274999999999e+01
1.324508282999999942e+01
1.324508282999999942e+01
1.324588291000000062e+01
1.324588291000000062e+01
1.324588291000000062e+01
1.324588291000000062e+01
1.324668299000000005e+01
1.324748306999999947e+01
1.324828315000000067e+01
1.324828315000000067e+01
1.324908323000000010e+01
1.324988330999999953e+01
1.325068339000000073e+01
1.325068339000000073e+01
1.325068339000000073e+01
1.325148347000000015e+01
1.325228354999999958e+01
1.325308363000000078e+01
1.325388371000000021e+01
1.325388371000000021e+01
1.325388371000000021e+01
1.325468378999999963e+01
1.325548387000000083e+01
1.325628395000000026e+01
1.325708402999999969e+01
1.325708402999999969e+01
1.325708402999999969e+01
1.325708402999999969e+01
1.325708402999999969e+01
1.325788411000000089e+01
1.325868419000000031e+01
1.325868419000000031e+01
1.325868419000000031e+01
1.325868419000000031e+01
1.325868419000000031e+01
1.325868419000000031e+01
1.325948426999999974e+01
1.326028434999999916e+01
1.326108443000000037e+01
1.326188450999999979e+01
1.326188450999999979e+01
1.326268458999999922e+01
1.326268458999999922e+01
1.326348467000000042e+01
1.326428474999999985e+01
1.326508482999999927e+01
1.326588491000000047e+01
1.326588491000000047e+01
1.326668498999999990e+01
1.334909322999999937e+01
1.334909322999999937e+01
1.334909322999999937e+01
1.334989331000000057e+01
1.335069338999999999e+01
1.335069338999999999e+01
1.335149346999999942e+01
1.335149346999999942e+01
1.335229355000000062e+01
1.335309363000000005e+01
1.335389370999999947e+01
1.335389370999999947e+01
1.335389370999999947e+01
1.335389370999999947e+01
1.335469379000000067e+01
1.335549387000000010e+01
1.335549387000000010e+01
1.335549387000000010e+01
1.335549387000000010e+01
1.335549387000000010e+01
1.335549387000000010e+01
1.335629394999999953e+01
1.335709403000000073e+01
1.335709403000000073e+01
1.335709403000000073e+01
1.335709403000000073e+01
1.335709403000000073e+01
1.335789411000000015e+01
1.335869418999999958e+01
1.335949427000000078e+01
1.336029435000000021e+01
1.336109442999999963e+01
1.336109442999999963e+01
1.336189451000000084e+01
1.336269459000000026e+01
1.336349466999999969e+01
1.336349466999999969e+01
1.336429474999999911e+01
1.336509483000000031e+01
1.336509483000000031e+01
1.336589490999999974e+01
1.336589490999999974e+01
1.336669498999999917e+01
1.336669498999999917e+01
1.336749507000000037e+01
1.336749507000000037e+01
1.336829514999999979e+01
1.336909522999999922e+01
1.336989531000000042e+01
1.337069538999999985e+01
1.340349866999999939e+01
1.340429875000000060e+01
1.340509883000000002e+01
1.340589890999999945e+01
1.340669899000000065e+01
1.340749907000000007e+01
1.340829914999999950e+01
1.340909923000000070e+01
1.340989931000000013e+01
1.341069938999999955e+01
1.341069938999999955e+01
1.341069938999999955e+01
1.341149947000000076e+01
1.341229955000000018e+01
1.341309962999999961e+01
1.341389971000000081e+01
1.341469979000000023e+01
1.341549986999999966e+01
1.341629995000000086e+01
1.341629995000000086e+01
1.341710003000000029e+01
1.341710003000000029e+01
1.341790010999999971e+01
1.341870018999999914e+01
1.341950027000000034e+01
1.342030034999999977e+01
1.342110042999999919e+01
1.342110042999999919e+01
1.342190051000000039e+01
1.342270058999999982e+01
1.342350066999999925e+01
1.342430075000000045e+01
1.342510082999999987e+01
1.342590090999999930e+01
1.342590090999999930e+01
1.342590090999999930e+01
1.342670099000000050e+01
1.342750106999999993e+01
1.342750106999999993e+01
1.342750106999999993e+01
1.342830114999999935e+01
1.342910123000000056e+01
1.342990130999999998e+01
1.343070138999999941e+01
1.342590090999999930e+01
1.342670099000000050e+01
1.342750106999999993e+01
1.342750106999999993e+01
1.342750106999999993e+01
1.342830114999999935e+01
1.342910123000000056e+01
1.342990130999999998e+01
1.343070138999999941e+01
1.343150147000000061e+01
1.343230155000000003e+01
1.343310162999999946e+01
1.343390171000000066e+01
1.343470179000000009e+01
1.343550186999999951e+01
1.343630195000000072e+01
1.343630195000000072e+01
1.343710203000000014e+01
1.343790210999999957e+01
1.343870219000000077e+01
1.343870219000000077e+01
1.343950227000000019e+01
1.336349466999999969e+01
1.336429474999999911e+01
1.336509483000000031e+01
1.336509483000000031e+01
1.336589490999999974e+01
1.336589490999999974e+01
1.336669498999999917e+01
1.336669498999999917e+01
1.336749507000000037e+01
1.336749507000000037e+01
1.336829514999999979e+01
1.336909522999999922e+01
1.336989531000000042e+01
1.337069538999999985e+01
1.337149546999999927e+01
1.337229555000000047e+01
1.337229555000000047e+01
1.337309562999999990e+01
1.337389570999999933e+01
1.337389570999999933e+01
1.337469579000000053e+01
1.337469579000000053e+01
1.337549586999999995e+01
1.337629594999999938e+01
1.337709603000000058e+01
1.337709603000000058e+01
1.337709603000000058e+01
1.337709603000000058e+01
1.337789611000000001e+01
1.337869618999999943e+01
1.337949627000000064e+01
1.337949627000000064e+01
1.337949627000000064e+01
1.337949627000000064e+01
1.337949627000000064e+01
1.338029635000000006e+01
1.338109642999999949e+01
1.338189651000000069e+01
1.338269659000000011e+01
1.338349666999999954e+01
1.338429675000000074e+01
1.338509683000000017e+01
1.338589690999999959e+01
1.338669699000000080e+01
1.338669699000000080e+01
1.338909723000000085e+01
1.338909723000000085e+01
1.338909723000000085e+01
1.338989731000000027e+01
1.339069738999999970e+01
1.339149746999999913e+01
1.339229755000000033e+01
1.339309762999999975e+01
1.339309762999999975e+01
1.339309762999999975e+01
1.339309762999999975e+01
1.339389770999999918e+01
1.339469779000000038e+01
1.339549786999999981e+01
1.339549786999999981e+01
1.339629794999999923e+01
1.339709803000000043e+01
1.339789810999999986e+01
1.339789810999999986e+01
1.339869818999999929e+01
1.339869818999999929e+01
1.339949827000000049e+01
1.340029834999999991e+01
1.340109842999999934e+01
1.340189851000000054e+01
1.340269858999999997e+01
1.340349866999999939e+01
1.340429875000000060e+01
1.340509883000000002e+01
1.340509883000000002e+01
1.340509883000000002e+01
1.340589890999999945e+01
1.340589890999999945e+01
1.340669899000000065e+01
1.340749907000000007e+01
1.340829914999999950e+01
1.340909923000000070e+01
1.340989931000000013e+01
1.340989931000000013e+01
1.341069938999999955e+01
1.341149947000000076e+01
1.341229955000000018e+01
1.334349266999999983e+01
1.334429274999999926e+01
1.334429274999999926e+01
1.334429274999999926e+01
1.334429274999999926e+01
1.334429274999999926e+01
1.334429274999999926e+01
1.334509283000000046e+01
1.334589290999999989e+01
1.334589290999999989e+01
1.334669298999999931e+01
1.334669298999999931e+01
1.334669298999999931e+01
1.334669298999999931e+01
1.334749307000000051e+01
1.334829314999999994e+01
1.334909322999999937e+01
1.334909322999999937e+01
1.334909322999999937e+01
1.334909322999999937e+01
1.334989331000000057e+01
1.331308963000000034e+01
1.331388970999999977e+01
1.332029035000000050e+01
1.332109042999999993e+01
1.332589091000000003e+01
1.332589091000000003e+01
1.332669098999999946e+01
1.332669098999999946e+01
1.332749107000000066e+01
1.325228354999999958e+01
1.325308363000000078e+01
1.325388371000000021e+01
1.325388371000000021e+01
1.325388371000000021e+01
1.325468378999999963e+01
1.325548387000000083e+01
1.325628395000000026e+01
1.325708402999999969e+01
1.325708402999999969e+01
1.325708402999999969e+01
1.325708402999999969e+01
1.325708402999999969e+01
1.325788411000000089e+01
1.325868419000000031e+01
1.325868419000000031e+01
1.325868419000000031e+01
1.325868419000000031e+01
1.325868419000000031e+01
1.325868419000000031e+01
1.325948426999999974e+01
1.326028434999999916e+01
1.326108443000000037e+01
1.326188450999999979e+01
1.326188450999999979e+01
1.326268458999999922e+01
1.328188650999999965e+01
1.328268659000000085e+01
1.328348667000000027e+01
1.328428674999999970e+01
1.328428674999999970e+01
1.328508682999999913e+01
1.328588691000000033e+01
1.328668698999999975e+01
1.328748706999999918e+01
1.328828715000000038e+01
1.328828715000000038e+01
1.328828715000000038e+01
1.328908722999999981e+01
1.328908722999999981e+01
1.328988730999999923e+01
1.329068739000000043e+01
1.329068739000000043e+01
1.329148746999999986e+01
1.329228754999999929e+01
1.329308763000000049e+01
1.329308763000000049e+01
1.329308763000000049e+01
1.329308763000000049e+01
1.329388770999999991e+01
1.329468778999999934e+01
1.329548787000000054e+01
1.329628794999999997e+01
1.329708802999999939e+01
1.329788811000000059e+01
1.329868819000000002e+01
1.329948826999999945e+01
1.330028835000000065e+01
1.330108843000000007e+01
1.330108843000000007e+01
1.330108843000000007e+01
1.330188850999999950e+01
1.323548186999999920e+01
1.323548186999999920e+01
1.323548186999999920e+01
1.323548186999999920e+01
1.323548186999999920e+01
1.323628195000000041e+01
1.323628195000000041e+01
1.323708202999999983e+01
1.323788210999999926e+01
1.323868219000000046e+01
1.323868219000000046e+01
1.323868219000000046e+01
1.323948226999999989e+01
1.324028234999999931e+01
1.324108243000000051e+01
1.324108243000000051e+01
1.324108243000000051e+01
1.324108243000000051e+01
1.324108243000000051e+01
1.324108243000000051e+01
1.324108243000000051e+01
1.324108243000000051e+01
1.324188250999999994e+01
1.324268258999999937e+01
1.324348267000000057e+01
1.324428274999999999e+01
1.324508282999999942e+01
1.324508282999999942e+01
1.324588291000000062e+01
1.324588291000000062e+01
1.324588291000000062e+01
1.324588291000000062e+01
1.324668299000000005e+01
1.324748306999999947e+01
1.324828315000000067e+01
1.324828315000000067e+01
1.324908323000000010e+01
1.324988330999999953e+01
1.325068339000000073e+01
1.325068339000000073e+01
1.325068339000000073e+01
1.325148347000000015e+01
1.325228354999999958e+01
1.325308363000000078e+01
1.325388371000000021e+01
1.325388371000000021e+01
1.325388371000000021e+01
1.325468378999999963e+01
1.325548387000000083e+01
1.325628395000000026e+01
1.325708402999999969e+01
1.326908522999999995e+01
1.327228554999999943e+01
1.327228554999999943e+01
1.327228554999999943e+01
1.327308563000000063e+01
1.327388571000000006e+01
1.327468578999999949e+01
1.327468578999999949e+01
1.327468578999999949e+01
1.327468578999999949e+01
1.327548587000000069e+01
1.327628595000000011e+01
1.327708602999999954e+01
1.327788611000000074e+01
1.327868619000000017e+01
1.322348067000000071e+01
1.322348067000000071e+01
1.322428075000000014e+01
1.322428075000000014e+01
1.322428075000000014e+01
1.322428075000000014e+01
1.322428075000000014e+01
1.322508082999999957e+01
1.322588091000000077e+01
1.322668099000000019e+01
1.322668099000000019e+01
1.322668099000000019e+01
1.322748106999999962e+01
1.322748106999999962e+01
1.322748106999999962e+01
1.322828115000000082e+01
1.322828115000000082e+01
1.322908123000000025e+01
1.322908123000000025e+01
1.322988130999999967e+01
1.323068139000000087e+01
1.323148147000000030e+01
1.323228154999999973e+01
1.323228154999999973e+01
1.323308162999999915e+01
1.323308162999999915e+01
1.323388171000000035e+01
1.323468178999999978e+01
1.323468178999999978e+01
1.323468178999999978e+01
1.323468178999999978e+01
1.323468178999999978e+01
1.323468178999999978e+01
1.323548186999999920e+01
1.323548186999999920e+01
1.323548186999999920e+01
1.323548186999999920e+01
1.323548186999999920e+01
1.323628195000000041e+01
1.323628195000000041e+01
1.323708202999999983e+01
1.323788210999999926e+01
1.323868219000000046e+01
1.323868219000000046e+01
1.323868219000000046e+01
1.323948226999999989e+01
1.324028234999999931e+01
1.324108243000000051e+01
1.324108243000000051e+01
1.324108243000000051e+01
1.324108243000000051e+01
1.324108243000000051e+01
1.324108243000000051e+01
1.316507483000000001e+01
1.316587490999999943e+01
1.316587490999999943e+01
1.316587490999999943e+01
1.316667499000000063e+01
1.316747507000000006e+01
1.316827514999999948e+01
1.316907523000000069e+01
1.316907523000000069e+01
1.316907523000000069e+01
1.316907523000000069e+01
1.316907523000000069e+01
1.316987531000000011e+01
1.317067538999999954e+01
1.317147547000000074e+01
1.317227555000000017e+01
1.317307562999999959e+01
1.317387571000000079e+01
1.317467579000000022e+01
1.317547586999999965e+01
1.317627595000000085e+01
1.317707603000000027e+01
1.317787610999999970e+01
1.317867618999999912e+01
1.317947627000000033e+01
1.318027634999999975e+01
1.318107642999999918e+01
1.318187651000000038e+01
1.318267658999999981e+01
1.318347666999999923e+01
1.318427675000000043e+01
1.318507682999999986e+01
1.318587690999999928e+01
1.318667699000000049e+01
1.318667699000000049e+01
1.318667699000000049e+01
1.318667699000000049e+01
1.318747706999999991e+01
1.318827714999999934e+01
1.318907723000000054e+01
1.318987730999999997e+01
1.318987730999999997e+01
1.319067738999999939e+01
1.319067738999999939e+01
1.319147747000000059e+01
1.319227755000000002e+01
1.319307762999999944e+01
1.319387771000000065e+01
1.319467779000000007e+01
1.319547786999999950e+01
1.319627795000000070e+01
1.319707803000000013e+01
1.319787810999999955e+01
1.320667899000000034e+01
1.320747906999999977e+01
1.320827914999999919e+01
1.316267458999999995e+01
1.316347466999999938e+01
1.316427475000000058e+01
1.316427475000000058e+01
1.316507483000000001e+01
1.316587490999999943e+01
1.316587490999999943e+01
1.316587490999999943e+01
1.316667499000000063e+01
1.316747507000000006e+01
1.316827514999999948e+01
1.316907523000000069e+01
1.316907523000000069e+01
1.316907523000000069e+01
1.316907523000000069e+01
1.316907523000000069e+01
1.316987531000000011e+01
1.317067538999999954e+01
1.317147547000000074e+01
1.317227555000000017e+01
1.317307562999999959e+01
1.317387571000000079e+01
1.317467579000000022e+01
1.317547586999999965e+01
1.317627595000000085e+01
1.317707603000000027e+01
1.317787610999999970e+01
1.317867618999999912e+01
1.317947627000000033e+01
1.318027634999999975e+01
1.318107642999999918e+01
1.318187651000000038e+01
1.318267658999999981e+01
1.318347666999999923e+01
1.318427675000000043e+01
1.318507682999999986e+01
1.318587690999999928e+01
1.318667699000000049e+01
1.318667699000000049e+01
1.318667699000000049e+01
1.318667699000000049e+01
1.318747706999999991e+01
1.318827714999999934e+01
1.318907723000000054e+01
1.318987730999999997e+01
1.318987730999999997e+01
1.319067738999999939e+01
1.319067738999999939e+01
1.319147747000000059e+01
1.319227755000000002e+01
1.319307762999999944e+01
1.319387771000000065e+01
1.319467779000000007e+01
1.319547786999999950e+01
1.319627795000000070e+01
1.312667098999999915e+01
1.312747107000000035e+01
1.312747107000000035e+01
1.312747107000000035e+01
1.312747107000000035e+01
1.312827114999999978e+01
1.312907122999999920e+01
1.312907122999999920e+01
1.312907122999999920e+01
1.312907122999999920e+01
1.312907122999999920e+01
1.312907122999999920e+01
1.312907122999999920e+01
1.312907122999999920e+01
1.312987131000000041e+01
1.312987131000000041e+01
1.313067138999999983e+01
1.313147146999999926e+01
1.313227155000000046e+01
1.313307162999999989e+01
1.313307162999999989e+01
1.313307162999999989e+01
1.313307162999999989e+01
1.313307162999999989e+01
1.313307162999999989e+01
1.313387170999999931e+01
1.313387170999999931e+01
1.313467179000000051e+01
1.313467179000000051e+01
1.313467179000000051e+01
1.313547186999999994e+01
1.313627194999999936e+01
1.313627194999999936e+01
1.313707203000000057e+01
1.313787210999999999e+01
1.313867218999999942e+01
1.313867218999999942e+01
1.313867218999999942e+01
1.313947227000000062e+01
1.314027235000000005e+01
1.314107242999999947e+01
1.314107242999999947e+01
1.314187251000000067e+01
1.314267259000000010e+01
1.314267259000000010e+01
1.314347266999999952e+01
1.314427275000000073e+01
1.314507283000000015e+01
1.314587290999999958e+01
1.314667299000000078e+01
1.314667299000000078e+01
1.314667299000000078e+01
1.311066938999999998e+01
1.311146946999999940e+01
1.311146946999999940e+01
1.311226955000000061e+01
1.311306963000000003e+01
1.311386970999999946e+01
1.311386970999999946e+01
1.311386970999999946e+01
1.311386970999999946e+01
1.311386970999999946e+01
1.311386970999999946e+01
1.311466979000000066e+01
1.311546987000000009e+01
1.311626994999999951e+01
1.311626994999999951e+01
1.311626994999999951e+01
1.311626994999999951e+01
1.311707003000000071e+01
1.311787011000000014e+01
1.311867018999999956e+01
1.311947027000000077e+01
1.311947027000000077e+01
1.311947027000000077e+01
1.311947027000000077e+01
1.312027035000000019e+01
1.312107042999999962e+01
1.312107042999999962e+01
1.312107042999999962e+01
1.312187051000000082e+01
1.312267059000000025e+01
1.312267059000000025e+01
1.312267059000000025e+01
1.312267059000000025e+01
1.312267059000000025e+01
1.312347066999999967e+01
1.312427075000000087e+01
1.312507083000000030e+01
1.312587090999999972e+01
1.312587090999999972e+01
1.312587090999999972e+01
1.312587090999999972e+01
1.312667098999999915e+01
1.312747107000000035e+01
1.312747107000000035e+01
1.312747107000000035e+01
1.312747107000000035e+01
1.312827114999999978e+01
1.312907122999999920e+01
1.312907122999999920e+01
1.312907122999999920e+01
1.309466779000000081e+01
1.309546787000000023e+01
1.309546787000000023e+01
1.309546787000000023e+01
1.309626794999999966e+01
1.309626794999999966e+01
1.309626794999999966e+01
1.309626794999999966e+01
1.309706803000000086e+01
1.309786811000000029e+01
1.309866818999999971e+01
1.309946826999999914e+01
1.310026835000000034e+01
1.310026835000000034e+01
1.310106842999999976e+01
1.310186850999999919e+01
1.310266859000000039e+01
1.310346866999999982e+01
1.310426874999999924e+01
1.310426874999999924e+01
1.310506883000000045e+01
1.310586890999999987e+01
1.310666898999999930e+01
1.310666898999999930e+01
1.310666898999999930e+01
1.310746907000000050e+01
1.310826914999999993e+01
1.310906922999999935e+01
1.310986931000000055e+01
1.311066938999999998e+01
1.311146946999999940e+01
1.311146946999999940e+01
1.311226955000000061e+01
1.311306963000000003e+01
1.311386970999999946e+01
1.311386970999999946e+01
1.311386970999999946e+01
1.311386970999999946e+01
1.311386970999999946e+01
1.311386970999999946e+01
1.311466979000000066e+01
1.311546987000000009e+01
1.311626994999999951e+01
1.311626994999999951e+01
1.311626994999999951e+01
1.311626994999999951e+01
1.306106443000000006e+01
1.306186450999999948e+01
1.306186450999999948e+01
1.306186450999999948e+01
1.306266459000000069e+01
1.306346467000000011e+01
1.306426474999999954e+01
1.306506483000000074e+01
1.306586491000000017e+01
1.306666498999999959e+01
1.306746507000000079e+01
1.306826515000000022e+01
1.306826515000000022e+01
1.306826515000000022e+01
1.306826515000000022e+01
1.306826515000000022e+01
1.306826515000000022e+01
1.306906522999999964e+01
1.306986531000000085e+01
1.307066539000000027e+01
1.307146546999999970e+01
1.307226554999999912e+01
1.307306563000000033e+01
1.307386570999999975e+01
1.307466578999999918e+01
1.307546587000000038e+01
1.307626594999999980e+01
1.307706602999999923e+01
1.307706602999999923e+01
1.307706602999999923e+01
1.307786611000000043e+01
1.307866618999999986e+01
1.307946626999999928e+01
1.308026635000000049e+01
1.308106642999999991e+01
1.308186650999999934e+01
1.308266659000000054e+01
1.308266659000000054e+01
1.308266659000000054e+01
1.308346666999999997e+01
1.308346666999999997e+01
1.308426674999999939e+01
1.308426674999999939e+01
1.308426674999999939e+01
1.308506683000000059e+01
1.308586691000000002e+01
1.308666698999999944e+01
1.308746707000000065e+01
1.308826715000000007e+01
1.301706002999999967e+01
1.301786011000000087e+01
1.301866019000000030e+01
1.301946026999999972e+01
1.302026034999999915e+01
1.302106043000000035e+01
1.302186050999999978e+01
1.302266058999999920e+01
1.302346067000000041e+01
1.302426074999999983e+01
1.302506082999999926e+01
1.302586091000000046e+01
1.302586091000000046e+01
1.302586091000000046e+01
1.302586091000000046e+01
1.302586091000000046e+01
1.302586091000000046e+01
1.302586091000000046e+01
1.302586091000000046e+01
1.302586091000000046e+01
1.302666098999999988e+01
1.302746106999999931e+01
1.302826115000000051e+01
1.302906122999999994e+01
1.302986130999999936e+01
1.303066139000000057e+01
1.303146146999999999e+01
1.303226154999999942e+01
1.303306163000000062e+01
1.303386171000000004e+01
1.303466178999999947e+01
1.303546187000000067e+01
1.303626195000000010e+01
1.303706202999999952e+01
1.303786211000000073e+01
1.303866219000000015e+01
1.303946226999999958e+01
1.304026235000000078e+01
1.304106243000000021e+01
1.304186250999999963e+01
1.304266259000000083e+01
1.304346267000000026e+01
1.304426274999999968e+01
1.304506283000000089e+01
1.304586291000000031e+01
1.304666298999999974e+01
1.304746306999999916e+01
1.304826315000000037e+01
1.304906322999999979e+01
1.304986330999999922e+01
1.305066339000000042e+01
1.305146346999999984e+01
1.305226354999999927e+01
1.305306363000000047e+01
1.305386370999999990e+01
1.307866618999999986e+01
1.307946626999999928e+01
1.308026635000000049e+01
1.308106642999999991e+01
1.308186650999999934e+01
1.308266659000000054e+01
1.308266659000000054e+01
1.308266659000000054e+01
1.308346666999999997e+01
1.308346666999999997e+01
1.308426674999999939e+01
1.308426674999999939e+01
1.308426674999999939e+01
1.308506683000000059e+01
1.308586691000000002e+01
1.308666698999999944e+01
1.308746707000000065e+01
1.308826715000000007e+01
1.308906722999999950e+01
1.308986731000000070e+01
1.309066739000000013e+01
1.309146746999999955e+01
1.309226755000000075e+01
1.309226755000000075e+01
1.309226755000000075e+01
1.309226755000000075e+01
1.309306763000000018e+01
1.309306763000000018e+01
1.309386770999999960e+01
1.309466779000000081e+01
1.309466779000000081e+01
1.309546787000000023e+01
1.309546787000000023e+01
1.309546787000000023e+01
1.309626794999999966e+01
1.309626794999999966e+01
1.309626794999999966e+01
1.309626794999999966e+01
1.309706803000000086e+01
1.309786811000000029e+01
1.309866818999999971e+01
1.309946826999999914e+01
1.310026835000000034e+01
1.310026835000000034e+01
1.310106842999999976e+01
1.310186850999999919e+01
1.310266859000000039e+01
1.310346866999999982e+01
1.310426874999999924e+01
1.310426874999999924e+01
1.310506883000000045e+01
1.310586890999999987e+01
1.310666898999999930e+01
1.310666898999999930e+01
1.310666898999999930e+01
1.310746907000000050e+01
1.310266859000000039e+01
1.310346866999999982e+01
1.310426874999999924e+01
1.310426874999999924e+01
1.310506883000000045e+01
1.310586890999999987e+01
1.310666898999999930e+01
1.310666898999999930e+01
1.310666898999999930e+01
1.310746907000000050e+01
1.310826914999999993e+01
1.310906922999999935e+01
1.310986931000000055e+01
1.311066938999999998e+01
1.311146946999999940e+01
1.311146946999999940e+01
1.311226955000000061e+01
1.311306963000000003e+01
1.311386970999999946e+01
1.311386970999999946e+01
1.311386970999999946e+01
1.311386970999999946e+01
1.311386970999999946e+01
1.311386970999999946e+01
1.311466979000000066e+01
1.311546987000000009e+01
1.311626994999999951e+01
1.311626994999999951e+01
1.311626994999999951e+01
1.311626994999999951e+01
1.311707003000000071e+01
1.311787011000000014e+01
1.311867018999999956e+01
1.311947027000000077e+01
1.311947027000000077e+01
1.311947027000000077e+01
1.311947027000000077e+01
1.312027035000000019e+01
1.312107042999999962e+01
1.312107042999999962e+01
1.312107042999999962e+01
1.312187051000000082e+01
1.312267059000000025e+01
1.312267059000000025e+01
1.312267059000000025e+01
1.312267059000000025e+01
1.312267059000000025e+01
1.312347066999999967e+01
1.312427075000000087e+01
1.312507083000000030e+01
1.312587090999999972e+01
1.312587090999999972e+01
1.311787011000000014e+01
1.311867018999999956e+01
1.311947027000000077e+01
1.311947027000000077e+01
1.311947027000000077e+01
1.311947027000000077e+01
1.312027035000000019e+01
1.312107042999999962e+01
1.312107042999999962e+01
1.312107042999999962e+01
1.312187051000000082e+01
1.312267059000000025e+01
1.312267059000000025e+01
1.312267059000000025e+01
1.312267059000000025e+01
1.312267059000000025e+01
1.312347066999999967e+01
1.312427075000000087e+01
1.312507083000000030e+01
1.312587090999999972e+01
1.312587090999999972e+01
1.312587090999999972e+01
1.312587090999999972e+01
1.312667098999999915e+01
1.312747107000000035e+01
1.312747107000000035e+01
1.312747107000000035e+01
1.312747107000000035e+01
1.312827114999999978e+01
1.312907122999999920e+01
1.312907122999999920e+01
1.312907122999999920e+01
1.312907122999999920e+01
1.312907122999999920e+01
1.312907122999999920e+01
1.312907122999999920e+01
1.312907122999999920e+01
1.312987131000000041e+01
1.312987131000000041e+01
1.313067138999999983e+01
1.313147146999999926e+01
1.313227155000000046e+01
1.313307162999999989e+01
1.313307162999999989e+01
1.313307162999999989e+01
1.313307162999999989e+01
1.313307162999999989e+01
1.313307162999999989e+01
1.313387170999999931e+01
1.313387170999999931e+01
1.313467179000000051e+01
1.313467179000000051e+01
1.312667098999999915e+01
1.312747107000000035e+01
1.312747107000000035e+01
1.312747107000000035e+01
1.312747107000000035e+01
1.312827114999999978e+01
1.312907122999999920e+01
1.312907122999999920e+01
1.312907122999999920e+01
1.312907122999999920e+01
1.312907122999999920e+01
1.312907122999999920e+01
1.312907122999999920e+01
1.312907122999999920e+01
1.312987131000000041e+01
1.312987131000000041e+01
1.313067138999999983e+01
1.313147146999999926e+01
1.313227155000000046e+01
1.313307162999999989e+01
1.313307162999999989e+01
1.313307162999999989e+01
1.313307162999999989e+01
1.313307162999999989e+01
1.313307162999999989e+01
1.313387170999999931e+01
1.313387170999999931e+01
1.313467179000000051e+01
1.313467179000000051e+01
1.313467179000000051e+01
1.313547186999999994e+01
1.313627194999999936e+01
1.313627194999999936e+01
1.313707203000000057e+01
1.313787210999999999e+01
1.313867218999999942e+01
1.313867218999999942e+01
1.313867218999999942e+01
1.313947227000000062e+01
1.314027235000000005e+01
1.314107242999999947e+01
1.314107242999999947e+01
1.314187251000000067e+01
1.314267259000000010e+01
1.314267259000000010e+01
1.314347266999999952e+01
1.314427275000000073e+01
1.314507283000000015e+01
1.314587290999999958e+01
1.314667299000000078e+01
1.314667299000000078e+01
1.314667299000000078e+01
1.315707403000000042e+01
1.315787410999999985e+01
1.315867418999999927e+01
1.315947427000000047e+01
1.315947427000000047e+01
1.315947427000000047e+01
1.316027434999999990e+01
1.316107442999999932e+01
1.316187451000000053e+01
1.316267458999999995e+01
1.316347466999999938e+01
1.316427475000000058e+01
1.316427475000000058e+01
1.316507483000000001e+01
1.316587490999999943e+01
1.316587490999999943e+01
1.316587490999999943e+01
1.316667499000000063e+01
1.316747507000000006e+01
1.316827514999999948e+01
1.316907523000000069e+01
1.316907523000000069e+01
1.316907523000000069e+01
1.316907523000000069e+01
1.316907523000000069e+01
1.316987531000000011e+01
1.317067538999999954e+01
1.317147547000000074e+01
1.317227555000000017e+01
1.317307562999999959e+01
1.317387571000000079e+01
1.317467579000000022e+01
1.317547586999999965e+01
1.317627595000000085e+01
1.317707603000000027e+01
1.317787610999999970e+01
1.317867618999999912e+01
1.317947627000000033e+01
1.318027634999999975e+01
1.318107642999999918e+01
1.318187651000000038e+01
1.318267658999999981e+01
1.318347666999999923e+01
1.318427675000000043e+01
1.318507682999999986e+01
1.318587690999999928e+01
1.318667699000000049e+01
1.318667699000000049e+01
1.318667699000000049e+01
1.318667699000000049e+01
1.318747706999999991e+01
1.318827714999999934e+01
1.318907723000000054e+01
1.318987730999999997e+01
1.318987730999999997e+01
1.319067738999999939e+01
1.319067738999999939e+01
1.319147747000000059e+01
1.319227755000000002e+01
1.320587890999999914e+01
1.320667899000000034e+01
1.320667899000000034e+01
1.320667899000000034e+01
1.320747906999999977e+01
1.320827914999999919e+01
1.320907923000000039e+01
1.320987930999999982e+01
1.321067938999999924e+01
1.321147947000000045e+01
1.321147947000000045e+01
1.321227954999999987e+01
1.321227954999999987e+01
1.321307962999999930e+01
1.321307962999999930e+01
1.321387971000000050e+01
1.321467978999999993e+01
1.321547986999999935e+01
1.321627995000000055e+01
1.321627995000000055e+01
1.321627995000000055e+01
1.321708002999999998e+01
1.321788010999999941e+01
1.321868019000000061e+01
1.321868019000000061e+01
1.321948027000000003e+01
1.322028034999999946e+01
1.322108043000000066e+01
1.322188051000000009e+01
1.322188051000000009e+01
1.322268058999999951e+01
1.322348067000000071e+01
1.322348067000000071e+01
1.322428075000000014e+01
1.322428075000000014e+01
1.322428075000000014e+01
1.322428075000000014e+01
1.322428075000000014e+01
1.322508082999999957e+01
1.322588091000000077e+01
1.322668099000000019e+01
1.322668099000000019e+01
1.322668099000000019e+01
1.322748106999999962e+01
1.322748106999999962e+01
1.322748106999999962e+01
1.322828115000000082e+01
1.322828115000000082e+01
1.322908123000000025e+01
1.322908123000000025e+01
1.322988130999999967e+01
1.323068139000000087e+01
1.323148147000000030e+01
1.323228154999999973e+01
1.323228154999999973e+01
1.323308162999999915e+01
1.323308162999999915e+01
1.323388171000000035e+01
1.323468178999999978e+01
1.323788210999999926e+01
1.323868219000000046e+01
1.323868219000000046e+01
1.323868219000000046e+01
1.323948226999999989e+01
1.324028234999999931e+01
1.324108243000000051e+01
1.324108243000000051e+01
1.324108243000000051e+01
1.324108243000000051e+01
1.324108243000000051e+01
1.324108243000000051e+01
1.324108243000000051e+01
1.324108243000000051e+01
1.324188250999999994e+01
1.324268258999999937e+01
1.324348267000000057e+01
1.324428274999999999e+01
1.324508282999999942e+01
1.324508282999999942e+01
1.324588291000000062e+01
1.324588291000000062e+01
1.324588291000000062e+01
1.324588291000000062e+01
1.324668299000000005e+01
1.324748306999999947e+01
1.324828315000000067e+01
1.324828315000000067e+01
1.324908323000000010e+01
1.324988330999999953e+01
1.325068339000000073e+01
1.325068339000000073e+01
1.325148347000000015e+01
1.325228354999999958e+01
1.325388371000000021e+01
1.326588491000000047e+01
1.326668498999999990e+01
1.326668498999999990e+01
1.326668498999999990e+01
1.326748506999999933e+01
1.326748506999999933e+01
1.326828515000000053e+01
1.326908522999999995e+01
1.326988530999999938e+01
1.327068539000000058e+01
1.327148547000000001e+01
1.327228554999999943e+01
1.327228554999999943e+01
1.327228554999999943e+01
1.327228554999999943e+01
1.327308563000000063e+01
1.327388571000000006e+01
1.327468578999999949e+01
1.327468578999999949e+01
1.327468578999999949e+01
1.327468578999999949e+01
1.327548587000000069e+01
1.327628595000000011e+01
1.327708602999999954e+01
1.327788611000000074e+01
1.327868619000000017e+01
1.327948626999999959e+01
1.328028635000000079e+01
1.328108643000000022e+01
1.328188650999999965e+01
1.328188650999999965e+01
1.328268659000000085e+01
1.328348667000000027e+01
1.328428674999999970e+01
1.328428674999999970e+01
1.328508682999999913e+01
1.328588691000000033e+01
1.328668698999999975e+01
1.328748706999999918e+01
1.326348467000000042e+01
1.326428474999999985e+01
1.326508482999999927e+01
1.326588491000000047e+01
1.326588491000000047e+01
1.326668498999999990e+01
1.326748506999999933e+01
1.326748506999999933e+01
1.326748506999999933e+01
1.326828515000000053e+01
1.326908522999999995e+01
1.326988530999999938e+01
1.327068539000000058e+01
1.327148547000000001e+01
1.327228554999999943e+01
1.327308563000000063e+01
1.327388571000000006e+01
1.327468578999999949e+01
1.327468578999999949e+01
1.327468578999999949e+01
1.327548587000000069e+01
1.327628595000000011e+01
1.327708602999999954e+01
1.327708602999999954e+01
1.327708602999999954e+01
1.327788611000000074e+01
1.327868619000000017e+01
1.327948626999999959e+01
1.328028635000000079e+01
1.328108643000000022e+01
1.328188650999999965e+01
1.328268659000000085e+01
1.328348667000000027e+01
1.328428674999999970e+01
1.328508682999999913e+01
1.328588691000000033e+01
1.328668698999999975e+01
1.328748706999999918e+01
1.328828715000000038e+01
1.328908722999999981e+01
1.328988730999999923e+01
1.329068739000000043e+01
1.329148746999999986e+01
1.329228754999999929e+01
1.329308763000000049e+01
1.329388770999999991e+01
1.329468778999999934e+01
1.329548787000000054e+01
1.329628794999999997e+01
1.329628794999999997e+01
1.329708802999999939e+01
1.329788811000000059e+01
1.329868819000000002e+01
1.329868819000000002e+01
1.329868819000000002e+01
1.329948826999999945e+01
1.330028835000000065e+01
1.330108843000000007e+01
1.330188850999999950e+01
1.327628595000000011e+01
1.327708602999999954e+01
1.327708602999999954e+01
1.327708602999999954e+01
1.327788611000000074e+01
1.327868619000000017e+01
1.327948626999999959e+01
1.328028635000000079e+01
1.328108643000000022e+01
1.328188650999999965e+01
1.328268659000000085e+01
1.328348667000000027e+01
1.328428674999999970e+01
1.328508682999999913e+01
1.328588691000000033e+01
1.328668698999999975e+01
1.328748706999999918e+01
1.328828715000000038e+01
1.328908722999999981e+01
1.328988730999999923e+01
1.329068739000000043e+01
1.329148746999999986e+01
1.329228754999999929e+01
1.329308763000000049e+01
1.329388770999999991e+01
1.329468778999999934e+01
1.329548787000000054e+01
1.329628794999999997e+01
1.329628794999999997e+01
1.329708802999999939e+01
1.329788811000000059e+01
1.329868819000000002e+01
1.329868819000000002e+01
1.329868819000000002e+01
1.329948826999999945e+01
1.330028835000000065e+01
1.330108843000000007e+01
1.330188850999999950e+01
1.330268859000000070e+01
1.330268859000000070e+01
1.330348867000000013e+01
1.330348867000000013e+01
1.330348867000000013e+01
1.330348867000000013e+01
1.330428874999999955e+01
1.330508883000000075e+01
1.330588891000000018e+01
1.330668898999999961e+01
1.330748907000000081e+01
1.330828915000000023e+01
1.330908922999999966e+01
1.330988931000000086e+01
1.331068939000000029e+01
1.331148946999999971e+01
1.331228954999999914e+01
1.331228954999999914e+01
1.331308963000000034e+01
1.331308963000000034e+01
1.331308963000000034e+01
1.332509083000000061e+01
1.332509083000000061e+01
1.332589091000000003e+01
1.332589091000000003e+01
1.332589091000000003e+01
1.332669098999999946e+01
1.332669098999999946e+01
1.332749107000000066e+01
1.332829115000000009e+01
1.332909122999999951e+01
1.332909122999999951e+01
1.332909122999999951e+01
1.332989131000000071e+01
1.332989131000000071e+01
1.332989131000000071e+01
1.332989131000000071e+01
1.333069139000000014e+01
1.333149146999999957e+01
1.333229155000000077e+01
1.333229155000000077e+01
1.333309163000000019e+01
1.333389170999999962e+01
1.333469179000000082e+01
1.333549187000000025e+01
1.333629194999999967e+01
1.333709203000000088e+01
1.333789211000000030e+01
1.333789211000000030e+01
1.333789211000000030e+01
1.333789211000000030e+01
1.333869218999999973e+01
1.333949226999999915e+01
1.334029235000000035e+01
1.334029235000000035e+01
1.334109242999999978e+01
1.334189250999999921e+01
1.334269259000000041e+01
1.334349266999999983e+01
1.334349266999999983e+01
1.334349266999999983e+01
1.334349266999999983e+01
1.334349266999999983e+01
1.334349266999999983e+01
1.334349266999999983e+01
1.334349266999999983e+01
1.334429274999999926e+01
1.334429274999999926e+01
1.334429274999999926e+01
1.334429274999999926e+01
1.334509283000000046e+01
1.334589290999999989e+01
1.334589290999999989e+01
1.334669298999999931e+01
1.334669298999999931e+01
1.334669298999999931e+01
1.334669298999999931e+01
1.334749307000000051e+01
1.334829314999999994e+01
1.334909322999999937e+01
1.334909322999999937e+01
1.334909322999999937e+01
1.334909322999999937e+01
1.334989331000000057e+01
1.335069338999999999e+01
1.335069338999999999e+01
1.335149346999999942e+01
1.335149346999999942e+01
1.335229355000000062e+01
1.335309363000000005e+01
1.335389370999999947e+01
1.335389370999999947e+01
1.335389370999999947e+01
1.335389370999999947e+01
1.335469379000000067e+01
1.335549387000000010e+01
1.335549387000000010e+01
1.335549387000000010e+01
1.335549387000000010e+01
1.335549387000000010e+01
1.335549387000000010e+01
1.335629394999999953e+01
1.335709403000000073e+01
1.335709403000000073e+01
1.335709403000000073e+01
1.335709403000000073e+01
1.335709403000000073e+01
1.335789411000000015e+01
1.335869418999999958e+01
1.335949427000000078e+01
1.336029435000000021e+01
1.336109442999999963e+01
1.336109442999999963e+01
1.336189451000000084e+01
1.336269459000000026e+01
1.336349466999999969e+01
1.336349466999999969e+01
1.337709603000000058e+01
1.337709603000000058e+01
1.337789611000000001e+01
1.337869618999999943e+01
1.337869618999999943e+01
1.337869618999999943e+01
1.337949627000000064e+01
1.338029635000000006e+01
1.338109642999999949e+01
1.338189651000000069e+01
1.338189651000000069e+01
1.338189651000000069e+01
1.338189651000000069e+01
1.338189651000000069e+01
1.338269659000000011e+01
1.338269659000000011e+01
1.338269659000000011e+01
1.338349666999999954e+01
1.338429675000000074e+01
1.338429675000000074e+01
1.338509683000000017e+01
1.338589690999999959e+01
1.338589690999999959e+01
1.338589690999999959e+01
1.336669498999999917e+01
1.336749507000000037e+01
1.336749507000000037e+01
1.336829514999999979e+01
1.336909522999999922e+01
1.336989531000000042e+01
1.337069538999999985e+01
1.337149546999999927e+01
1.337229555000000047e+01
1.337229555000000047e+01
1.337309562999999990e+01
1.337389570999999933e+01
1.337389570999999933e+01
1.337469579000000053e+01
1.337469579000000053e+01
1.337549586999999995e+01
1.337629594999999938e+01
1.337709603000000058e+01
1.337709603000000058e+01
1.337709603000000058e+01
1.337709603000000058e+01
1.337789611000000001e+01
1.337869618999999943e+01
1.337949627000000064e+01
1.337949627000000064e+01
1.337949627000000064e+01
1.337949627000000064e+01
1.337949627000000064e+01
1.338029635000000006e+01
1.338109642999999949e+01
1.338189651000000069e+01
1.338269659000000011e+01
1.338349666999999954e+01
1.338429675000000074e+01
1.338509683000000017e+01
1.338589690999999959e+01
1.338669699000000080e+01
1.338669699000000080e+01
1.338669699000000080e+01
1.338749707000000022e+01
1.338829714999999965e+01
1.338909723000000085e+01
1.338989731000000027e+01
1.338989731000000027e+01
1.339069738999999970e+01
1.339149746999999913e+01
1.339229755000000033e+01
1.339309762999999975e+01
1.339309762999999975e+01
1.339309762999999975e+01
1.339309762999999975e+01
1.339389770999999918e+01
1.339469779000000038e+01
1.339549786999999981e+01
1.339549786999999981e+01
1.339629794999999923e+01
1.339709803000000043e+01
1.339789810999999986e+01
1.339789810999999986e+01
1.339869818999999929e+01
1.339869818999999929e+01
1.339949827000000049e+01
1.340029834999999991e+01
1.340109842999999934e+01
1.340189851000000054e+01
1.340269858999999997e+01
1.340349866999999939e+01
1.340429875000000060e+01
1.340509883000000002e+01
1.340509883000000002e+01
1.340509883000000002e+01
1.340589890999999945e+01
1.340589890999999945e+01
1.340669899000000065e+01
1.340749907000000007e+01
1.340829914999999950e+01
1.340909923000000070e+01
1.340989931000000013e+01
1.340989931000000013e+01
1.341069938999999955e+01
1.341149947000000076e+01
1.341229955000000018e+01
1.341229955000000018e+01
1.341229955000000018e+01
1.341309962999999961e+01
1.341309962999999961e+01
1.341389971000000081e+01
1.341469979000000023e+01
1.341549986999999966e+01
1.339229755000000033e+01
1.339309762999999975e+01
1.339389770999999918e+01
1.339469779000000038e+01
1.339549786999999981e+01
1.339549786999999981e+01
1.339629794999999923e+01
1.339629794999999923e+01
1.339629794999999923e+01
1.339629794999999923e+01
1.339709803000000043e+01
1.339789810999999986e+01
1.339789810999999986e+01
1.339789810999999986e+01
1.339789810999999986e+01
1.339869818999999929e+01
1.339949827000000049e+01
1.340029834999999991e+01
1.340109842999999934e+01
1.340189851000000054e+01
1.340269858999999997e+01
1.340349866999999939e+01
1.340349866999999939e+01
1.340429875000000060e+01
1.340509883000000002e+01
1.340589890999999945e+01
1.340669899000000065e+01
1.340749907000000007e+01
1.340829914999999950e+01
1.340909923000000070e+01
1.340989931000000013e+01
1.341069938999999955e+01
1.341069938999999955e+01
1.341069938999999955e+01
1.341149947000000076e+01
1.341229955000000018e+01
1.341309962999999961e+01
1.341389971000000081e+01
1.341469979000000023e+01
1.341549986999999966e+01
1.341629995000000086e+01
1.341629995000000086e+01
1.341710003000000029e+01
1.341710003000000029e+01
1.341790010999999971e+01
1.341870018999999914e+01
1.341950027000000034e+01
1.342030034999999977e+01
1.342110042999999919e+01
1.342110042999999919e+01
1.342190051000000039e+01
1.342270058999999982e+01
1.342350066999999925e+01
1.342430075000000045e+01
1.342510082999999987e+01
1.342590090999999930e+01
1.342590090999999930e+01
1.342590090999999930e+01
1.342670099000000050e+01
1.342750106999999993e+01
1.342830114999999935e+01
1.340349866999999939e+01
1.340349866999999939e+01
1.340429875000000060e+01
1.340509883000000002e+01
1.340589890999999945e+01
1.340669899000000065e+01
1.340749907000000007e+01
1.340829914999999950e+01
1.340909923000000070e+01
1.340989931000000013e+01
1.341069938999999955e+01
1.341069938999999955e+01
1.341069938999999955e+01
1.341149947000000076e+01
1.341229955000000018e+01
1.341309962999999961e+01
1.341389971000000081e+01
1.341469979000000023e+01
1.341549986999999966e+01
1.341629995000000086e+01
1.341629995000000086e+01
1.341710003000000029e+01
1.341710003000000029e+01
1.341790010999999971e+01
1.341870018999999914e+01
1.341950027000000034e+01
1.342030034999999977e+01
1.342110042999999919e+01
1.342110042999999919e+01
1.342190051000000039e+01
1.342270058999999982e+01
1.342350066999999925e+01
1.342430075000000045e+01
1.342510082999999987e+01
1.342590090999999930e+01
1.342590090999999930e+01
1.342590090999999930e+01
1.342670099000000050e+01
1.342750106999999993e+01
1.342750106999999993e+01
1.342750106999999993e+01
1.342830114999999935e+01
1.342910123000000056e+01
1.342990130999999998e+01
1.343070138999999941e+01
1.343150147000000061e+01
1.343230155000000003e+01
1.343310162999999946e+01
1.343390171000000066e+01
1.343470179000000009e+01
1.343550186999999951e+01
1.343630195000000072e+01
1.343630195000000072e+01
1.343710203000000014e+01
1.343790210999999957e+01
1.343870219000000077e+01
1.343870219000000077e+01
1.343950227000000019e+01
1.344030234999999962e+01
1.306186450999999948e+01
1.306186450999999948e+01
1.306186450999999948e+01
1.306266459000000069e+01
1.306346467000000011e+01
1.306426474999999954e+01
1.306506483000000074e+01
1.306586491000000017e+01
1.306666498999999959e+01
1.306746507000000079e+01
1.306826515000000022e+01
1.306826515000000022e+01
1.306826515000000022e+01
1.306826515000000022e+01
1.306826515000000022e+01
1.306826515000000022e+01
1.306906522999999964e+01
1.306986531000000085e+01
1.307066539000000027e+01
1.307146546999999970e+01
1.307226554999999912e+01
1.307306563000000033e+01
1.307386570999999975e+01
1.307466578999999918e+01
1.307546587000000038e+01
1.307626594999999980e+01
1.307706602999999923e+01
1.307706602999999923e+01
1.307706602999999923e+01
1.307786611000000043e+01
1.307866618999999986e+01
1.307946626999999928e+01
1.308026635000000049e+01
1.308106642999999991e+01
1.308186650999999934e+01
1.308266659000000054e+01
1.308266659000000054e+01
1.308266659000000054e+01
1.308346666999999997e+01
1.308346666999999997e+01
1.308426674999999939e+01
1.308426674999999939e+01
1.308426674999999939e+01
1.308506683000000059e+01
1.308586691000000002e+01
1.308666698999999944e+01
1.308746707000000065e+01
1.308826715000000007e+01
1.308906722999999950e+01
1.308986731000000070e+01
1.309066739000000013e+01
1.309146746999999955e+01
1.309226755000000075e+01
1.309226755000000075e+01
1.309226755000000075e+01
1.309226755000000075e+01
1.309306763000000018e+01
1.309306763000000018e+01
1.306186450999999948e+01
1.306186450999999948e+01
1.306186450999999948e+01
1.306266459000000069e+01
1.306346467000000011e+01
1.306426474999999954e+01
1.306506483000000074e+01
1.306586491000000017e+01
1.306666498999999959e+01
1.306746507000000079e+01
1.306826515000000022e+01
1.306826515000000022e+01
1.306826515000000022e+01
1.306826515000000022e+01
1.306826515000000022e+01
1.306826515000000022e+01
1.306906522999999964e+01
1.306986531000000085e+01
1.307066539000000027e+01
1.307146546999999970e+01
1.307226554999999912e+01
1.307306563000000033e+01
1.307386570999999975e+01
1.307466578999999918e+01
1.307546587000000038e+01
1.307626594999999980e+01
1.307706602999999923e+01
1.307706602999999923e+01
1.307706602999999923e+01
1.307786611000000043e+01
1.307866618999999986e+01
1.307946626999999928e+01
1.308026635000000049e+01
1.308106642999999991e+01
1.308186650999999934e+01
1.308266659000000054e+01
1.308266659000000054e+01
1.308266659000000054e+01
1.308346666999999997e+01
1.308346666999999997e+01
1.308426674999999939e+01
1.308426674999999939e+01
1.308426674999999939e+01
1.308506683000000059e+01
1.308586691000000002e+01
1.308666698999999944e+01
1.308746707000000065e+01
1.308826715000000007e+01
1.308906722999999950e+01
1.308986731000000070e+01
1.309066739000000013e+01
1.309146746999999955e+01
1.309226755000000075e+01
1.309226755000000075e+01
1.309226755000000075e+01
1.309226755000000075e+01
1.309306763000000018e+01
1.309306763000000018e+01
1.308346666999999997e+01
1.308346666999999997e+01
1.308426674999999939e+01
1.308426674999999939e+01
1.308426674999999939e+01
1.308506683000000059e+01
1.308586691000000002e+01
1.308666698999999944e+01
1.308746707000000065e+01
1.308826715000000007e+01
1.308906722999999950e+01
1.308986731000000070e+01
1.309066739000000013e+01
1.309146746999999955e+01
1.309226755000000075e+01
1.309226755000000075e+01
1.309226755000000075e+01
1.309226755000000075e+01
1.309306763000000018e+01
1.309306763000000018e+01
1.309386770999999960e+01
1.309466779000000081e+01
1.309466779000000081e+01
1.309546787000000023e+01
1.309546787000000023e+01
1.309546787000000023e+01
1.309626794999999966e+01
1.309626794999999966e+01
1.309626794999999966e+01
1.309626794999999966e+01
1.309706803000000086e+01
1.309786811000000029e+01
1.309866818999999971e+01
1.309946826999999914e+01
1.310026835000000034e+01
1.310026835000000034e+01
1.310106842999999976e+01
1.310186850999999919e+01
1.310266859000000039e+01
1.310346866999999982e+01
1.310426874999999924e+01
1.310426874999999924e+01
1.310506883000000045e+01
1.310586890999999987e+01
1.310666898999999930e+01
1.310666898999999930e+01
1.310666898999999930e+01
1.310746907000000050e+01
1.310826914999999993e+01
1.310906922999999935e+01
1.310986931000000055e+01
1.310426874999999924e+01
1.310426874999999924e+01
1.310506883000000045e+01
1.310586890999999987e+01
1.310666898999999930e+01
1.310666898999999930e+01
1.310666898999999930e+01
1.310746907000000050e+01
1.310826914999999993e+01
1.310906922999999935e+01
1.310986931000000055e+01
1.311066938999999998e+01
1.311146946999999940e+01
1.311146946999999940e+01
1.311226955000000061e+01
1.311306963000000003e+01
1.311386970999999946e+01
1.311386970999999946e+01
1.311386970999999946e+01
1.311386970999999946e+01
1.311386970999999946e+01
1.311386970999999946e+01
1.311466979000000066e+01
1.311546987000000009e+01
1.311626994999999951e+01
1.311626994999999951e+01
1.311626994999999951e+01
1.311626994999999951e+01
1.311707003000000071e+01
1.311787011000000014e+01
1.311867018999999956e+01
1.311947027000000077e+01
1.311947027000000077e+01
1.311947027000000077e+01
1.311947027000000077e+01
1.312027035000000019e+01
1.312107042999999962e+01
1.312107042999999962e+01
1.312107042999999962e+01
1.312187051000000082e+01
1.312267059000000025e+01
1.312267059000000025e+01
1.312267059000000025e+01
1.312267059000000025e+01
1.313307162999999989e+01
1.313307162999999989e+01
1.313307162999999989e+01
1.313307162999999989e+01
1.313387170999999931e+01
1.313387170999999931e+01
1.313467179000000051e+01
1.313467179000000051e+01
1.313467179000000051e+01
1.313547186999999994e+01
1.313627194999999936e+01
1.313627194999999936e+01
1.313707203000000057e+01
1.313787210999999999e+01
1.313867218999999942e+01
1.313867218999999942e+01
1.313867218999999942e+01
1.313947227000000062e+01
1.314027235000000005e+01
1.314107242999999947e+01
1.314107242999999947e+01
1.314187251000000067e+01
1.314267259000000010e+01
1.314267259000000010e+01
1.314347266999999952e+01
1.314427275000000073e+01
1.314507283000000015e+01
1.314587290999999958e+01
1.314667299000000078e+01
1.314667299000000078e+01
1.314667299000000078e+01
1.314747307000000021e+01
1.314827314999999963e+01
1.313627194999999936e+01
1.313627194999999936e+01
1.313707203000000057e+01
1.313787210999999999e+01
1.313867218999999942e+01
1.313867218999999942e+01
1.313867218999999942e+01
1.313947227000000062e+01
1.314027235000000005e+01
1.314107242999999947e+01
1.314107242999999947e+01
1.314187251000000067e+01
1.314267259000000010e+01
1.314267259000000010e+01
1.314347266999999952e+01
1.314427275000000073e+01
1.314507283000000015e+01
1.314587290999999958e+01
1.314667299000000078e+01
1.314667299000000078e+01
1.314667299000000078e+01
1.314747307000000021e+01
1.314827314999999963e+01
1.314907323000000083e+01
1.314987331000000026e+01
1.315067338999999969e+01
1.315067338999999969e+01
1.315067338999999969e+01
1.315147347000000089e+01
1.315227355000000031e+01
1.315307362999999974e+01
1.315387370999999916e+01
1.315467379000000037e+01
1.315547386999999979e+01
1.315627394999999922e+01
1.315707403000000042e+01
1.315787410999999985e+01
1.315867418999999927e+01
1.315947427000000047e+01
1.315947427000000047e+01
1.315947427000000047e+01
1.316027434999999990e+01
1.316107442999999932e+01
1.316187451000000053e+01
1.316267458999999995e+01
1.316347466999999938e+01
1.316427475000000058e+01
1.316427475000000058e+01
1.316507483000000001e+01
1.315947427000000047e+01
1.315947427000000047e+01
1.315947427000000047e+01
1.316027434999999990e+01
1.316107442999999932e+01
1.316187451000000053e+01
1.316267458999999995e+01
1.316347466999999938e+01
1.316427475000000058e+01
1.316427475000000058e+01
1.316507483000000001e+01
1.316587490999999943e+01
1.316587490999999943e+01
1.316587490999999943e+01
1.316667499000000063e+01
1.316747507000000006e+01
1.316827514999999948e+01
1.316907523000000069e+01
1.316907523000000069e+01
1.316907523000000069e+01
1.316907523000000069e+01
1.316907523000000069e+01
1.316987531000000011e+01
1.317067538999999954e+01
1.317147547000000074e+01
1.317227555000000017e+01
1.317307562999999959e+01
1.317387571000000079e+01
1.317467579000000022e+01
1.317547586999999965e+01
1.317627595000000085e+01
1.317707603000000027e+01
1.317787610999999970e+01
1.317867618999999912e+01
1.317947627000000033e+01
1.318027634999999975e+01
1.318107642999999918e+01
1.318187651000000038e+01
1.318267658999999981e+01
1.318347666999999923e+01
1.318427675000000043e+01
1.318507682999999986e+01
1.318587690999999928e+01
1.318667699000000049e+01
1.318667699000000049e+01
1.318667699000000049e+01
1.318667699000000049e+01
1.318747706999999991e+01
1.318827714999999934e+01
1.318907723000000054e+01
1.318987730999999997e+01
1.318987730999999997e+01
1.319067738999999939e+01
1.319067738999999939e+01
1.319147747000000059e+01
1.319227755000000002e+01
1.319307762999999944e+01
1.319387771000000065e+01
1.319467779000000007e+01
1.319547786999999950e+01
1.318347666999999923e+01
1.318427675000000043e+01
1.318507682999999986e+01
1.318587690999999928e+01
1.318667699000000049e+01
1.318667699000000049e+01
1.318667699000000049e+01
1.318667699000000049e+01
1.318747706999999991e+01
1.318827714999999934e+01
1.318907723000000054e+01
1.318987730999999997e+01
1.318987730999999997e+01
1.319067738999999939e+01
1.319067738999999939e+01
1.319147747000000059e+01
1.319227755000000002e+01
1.319307762999999944e+01
1.319387771000000065e+01
1.319467779000000007e+01
1.319547786999999950e+01
1.319627795000000070e+01
1.319707803000000013e+01
1.319787810999999955e+01
1.319787810999999955e+01
1.319867819000000075e+01
1.319947827000000018e+01
1.319947827000000018e+01
1.320027834999999961e+01
1.320107843000000081e+01
1.320187851000000023e+01
1.320187851000000023e+01
1.320267858999999966e+01
1.320347867000000086e+01
1.320427875000000029e+01
1.320507882999999971e+01
1.320507882999999971e+01
1.320587890999999914e+01
1.320667899000000034e+01
1.320667899000000034e+01
1.320667899000000034e+01
1.320747906999999977e+01
1.320827914999999919e+01
1.320907923000000039e+01
1.321708002999999998e+01
1.321868019000000061e+01
1.321868019000000061e+01
1.321948027000000003e+01
1.322028034999999946e+01
1.322108043000000066e+01
1.322188051000000009e+01
1.322268058999999951e+01
1.322348067000000071e+01
1.322348067000000071e+01
1.322348067000000071e+01
1.322348067000000071e+01
1.322348067000000071e+01
1.322348067000000071e+01
1.322348067000000071e+01
1.322428075000000014e+01
1.322508082999999957e+01
1.322588091000000077e+01
1.322668099000000019e+01
1.322748106999999962e+01
1.322828115000000082e+01
1.322828115000000082e+01
1.322908123000000025e+01
1.322988130999999967e+01
1.323068139000000087e+01
1.323068139000000087e+01
1.323068139000000087e+01
1.323068139000000087e+01
1.323148147000000030e+01
1.323228154999999973e+01
1.320667899000000034e+01
1.320747906999999977e+01
1.320827914999999919e+01
1.320907923000000039e+01
1.320987930999999982e+01
1.321067938999999924e+01
1.321147947000000045e+01
1.321147947000000045e+01
1.321227954999999987e+01
1.321227954999999987e+01
1.321307962999999930e+01
1.321307962999999930e+01
1.321387971000000050e+01
1.321467978999999993e+01
1.321547986999999935e+01
1.321627995000000055e+01
1.321627995000000055e+01
1.321627995000000055e+01
1.321708002999999998e+01
1.321788010999999941e+01
1.321868019000000061e+01
1.321868019000000061e+01
1.321948027000000003e+01
1.322028034999999946e+01
1.322108043000000066e+01
1.322188051000000009e+01
1.322188051000000009e+01
1.322268058999999951e+01
1.322348067000000071e+01
1.322348067000000071e+01
1.322428075000000014e+01
1.322428075000000014e+01
1.322428075000000014e+01
1.322428075000000014e+01
1.322428075000000014e+01
1.322508082999999957e+01
1.322588091000000077e+01
1.322668099000000019e+01
1.322668099000000019e+01
1.322668099000000019e+01
1.322748106999999962e+01
1.322748106999999962e+01
1.322748106999999962e+01
1.322828115000000082e+01
1.322828115000000082e+01
1.322908123000000025e+01
1.322908123000000025e+01
1.322988130999999967e+01
1.323068139000000087e+01
1.323148147000000030e+01
1.323228154999999973e+01
1.323228154999999973e+01
1.323308162999999915e+01
1.323308162999999915e+01
1.323388171000000035e+01
1.324188250999999994e+01
1.324188250999999994e+01
1.324188250999999994e+01
1.324268258999999937e+01
1.324268258999999937e+01
1.324348267000000057e+01
1.324348267000000057e+01
1.324348267000000057e+01
1.324428274999999999e+01
1.324508282999999942e+01
1.324508282999999942e+01
1.324508282999999942e+01
1.324588291000000062e+01
1.324668299000000005e+01
1.324748306999999947e+01
1.324828315000000067e+01
1.324908323000000010e+01
1.324988330999999953e+01
1.325068339000000073e+01
1.325068339000000073e+01
1.325148347000000015e+01
1.325228354999999958e+01
1.325228354999999958e+01
1.325228354999999958e+01
1.325228354999999958e+01
1.325308363000000078e+01
1.325308363000000078e+01
1.325388371000000021e+01
1.325468378999999963e+01
1.324108243000000051e+01
1.324108243000000051e+01
1.324108243000000051e+01
1.324108243000000051e+01
1.324108243000000051e+01
1.324108243000000051e+01
1.324108243000000051e+01
1.324108243000000051e+01
1.324188250999999994e+01
1.324268258999999937e+01
1.324348267000000057e+01
1.324428274999999999e+01
1.324508282999999942e+01
1.324508282999999942e+01
1.324588291000000062e+01
1.324588291000000062e+01
1.324588291000000062e+01
1.324588291000000062e+01
1.324668299000000005e+01
1.324748306999999947e+01
1.324828315000000067e+01
1.324828315000000067e+01
1.324908323000000010e+01
1.324988330999999953e+01
1.325068339000000073e+01
1.325068339000000073e+01
1.325068339000000073e+01
1.325148347000000015e+01
1.325228354999999958e+01
1.325308363000000078e+01
1.325388371000000021e+01
1.325388371000000021e+01
1.325388371000000021e+01
1.325468378999999963e+01
1.325548387000000083e+01
1.325628395000000026e+01
1.325708402999999969e+01
1.325708402999999969e+01
1.325708402999999969e+01
1.325708402999999969e+01
1.325708402999999969e+01
1.325788411000000089e+01
1.325868419000000031e+01
1.325868419000000031e+01
1.325868419000000031e+01
1.325868419000000031e+01
1.325868419000000031e+01
1.324588291000000062e+01
1.324668299000000005e+01
1.324748306999999947e+01
1.324828315000000067e+01
1.324828315000000067e+01
1.324908323000000010e+01
1.324988330999999953e+01
1.325068339000000073e+01
1.325068339000000073e+01
1.325068339000000073e+01
1.325148347000000015e+01
1.325228354999999958e+01
1.325308363000000078e+01
1.325388371000000021e+01
1.325388371000000021e+01
1.325388371000000021e+01
1.325468378999999963e+01
1.325548387000000083e+01
1.325628395000000026e+01
1.325708402999999969e+01
1.325708402999999969e+01
1.325708402999999969e+01
1.325708402999999969e+01
1.325708402999999969e+01
1.325788411000000089e+01
1.325868419000000031e+01
1.325868419000000031e+01
1.325868419000000031e+01
1.325868419000000031e+01
1.325868419000000031e+01
1.325868419000000031e+01
1.325948426999999974e+01
1.326028434999999916e+01
1.326108443000000037e+01
1.326188450999999979e+01
1.326188450999999979e+01
1.326268458999999922e+01
1.326268458999999922e+01
1.326348467000000042e+01
1.326428474999999985e+01
1.326508482999999927e+01
1.326588491000000047e+01
1.326588491000000047e+01
1.326668498999999990e+01
1.326748506999999933e+01
1.326748506999999933e+01
1.325868419000000031e+01
1.325868419000000031e+01
1.325868419000000031e+01
1.325868419000000031e+01
1.325868419000000031e+01
1.325948426999999974e+01
1.326028434999999916e+01
1.326108443000000037e+01
1.326188450999999979e+01
1.326188450999999979e+01
1.326268458999999922e+01
1.326268458999999922e+01
1.326348467000000042e+01
1.326428474999999985e+01
1.326508482999999927e+01
1.326588491000000047e+01
1.326588491000000047e+01
1.326668498999999990e+01
1.326748506999999933e+01
1.326748506999999933e+01
1.326748506999999933e+01
1.326828515000000053e+01
1.326908522999999995e+01
1.326988530999999938e+01
1.327068539000000058e+01
1.327148547000000001e+01
1.327228554999999943e+01
1.327308563000000063e+01
1.327388571000000006e+01
1.327468578999999949e+01
1.327468578999999949e+01
1.327468578999999949e+01
1.327548587000000069e+01
1.327628595000000011e+01
1.327708602999999954e+01
1.327708602999999954e+01
1.327708602999999954e+01
1.327788611000000074e+01
1.327868619000000017e+01
1.327948626999999959e+01
1.328028635000000079e+01
1.328108643000000022e+01
1.328188650999999965e+01
1.328268659000000085e+01
1.328348667000000027e+01
1.328428674999999970e+01
1.328508682999999913e+01
1.328588691000000033e+01
1.328668698999999975e+01
1.328748706999999918e+01
1.328828715000000038e+01
1.328908722999999981e+01
1.328988730999999923e+01
1.327388571000000006e+01
1.327468578999999949e+01
1.327468578999999949e+01
1.327468578999999949e+01
1.327548587000000069e+01
1.327628595000000011e+01
1.327708602999999954e+01
1.327708602999999954e+01
1.327708602999999954e+01
1.327788611000000074e+01
1.327868619000000017e+01
1.327948626999999959e+01
1.328028635000000079e+01
1.328108643000000022e+01
1.328188650999999965e+01
1.328268659000000085e+01
1.328348667000000027e+01
1.328428674999999970e+01
1.328508682999999913e+01
1.328588691000000033e+01
1.328668698999999975e+01
1.328748706999999918e+01
1.328828715000000038e+01
1.328908722999999981e+01
1.328988730999999923e+01
1.329068739000000043e+01
1.329148746999999986e+01
1.329228754999999929e+01
1.329308763000000049e+01
1.329388770999999991e+01
1.329468778999999934e+01
1.329548787000000054e+01
1.329628794999999997e+01
1.329628794999999997e+01
1.329708802999999939e+01
1.329788811000000059e+01
1.329868819000000002e+01
1.329868819000000002e+01
1.329868819000000002e+01
1.329948826999999945e+01
1.330028835000000065e+01
1.330108843000000007e+01
1.330188850999999950e+01
1.330268859000000070e+01
1.330268859000000070e+01
1.330348867000000013e+01
1.330348867000000013e+01
1.330348867000000013e+01
1.330348867000000013e+01
1.330428874999999955e+01
1.330508883000000075e+01
1.330588891000000018e+01
1.330668898999999961e+01
1.330748907000000081e+01
1.330828915000000023e+01
1.330908922999999966e+01
1.330988931000000086e+01
1.331068939000000029e+01
1.330428874999999955e+01
1.330508883000000075e+01
1.330588891000000018e+01
1.330668898999999961e+01
1.330748907000000081e+01
1.330828915000000023e+01
1.330908922999999966e+01
1.330988931000000086e+01
1.331068939000000029e+01
1.331148946999999971e+01
1.331228954999999914e+01
1.331228954999999914e+01
1.331308963000000034e+01
1.331308963000000034e+01
1.331308963000000034e+01
1.331388970999999977e+01
1.331468978999999919e+01
1.331548987000000039e+01
1.331628994999999982e+01
1.331709002999999925e+01
1.331789011000000045e+01
1.331869018999999987e+01
1.331869018999999987e+01
1.331949026999999930e+01
1.332029035000000050e+01
1.332029035000000050e+01
1.332109042999999993e+01
1.332189050999999935e+01
1.332269059000000055e+01
1.332349066999999998e+01
1.332349066999999998e+01
1.332429074999999941e+01
1.332509083000000061e+01
1.332509083000000061e+01
1.332589091000000003e+01
1.332589091000000003e+01
1.332589091000000003e+01
1.332669098999999946e+01
1.332669098999999946e+01
1.332749107000000066e+01
1.332829115000000009e+01
1.332909122999999951e+01
1.332909122999999951e+01
1.332909122999999951e+01
1.332989131000000071e+01
1.332989131000000071e+01
1.332989131000000071e+01
1.332829115000000009e+01
1.332909122999999951e+01
1.332909122999999951e+01
1.332909122999999951e+01
1.332989131000000071e+01
1.333069139000000014e+01
1.333149146999999957e+01
1.333149146999999957e+01
1.333149146999999957e+01
1.333229155000000077e+01
1.333309163000000019e+01
1.333389170999999962e+01
1.333469179000000082e+01
1.333469179000000082e+01
1.333549187000000025e+01
1.333629194999999967e+01
1.333629194999999967e+01
1.333709203000000088e+01
1.333789211000000030e+01
1.333789211000000030e+01
1.333869218999999973e+01
1.333949226999999915e+01
1.333949226999999915e+01
1.333949226999999915e+01
1.333949226999999915e+01
1.334029235000000035e+01
1.334109242999999978e+01
1.334109242999999978e+01
1.334189250999999921e+01
1.334269259000000041e+01
1.334349266999999983e+01
1.334429274999999926e+01
1.334509283000000046e+01
1.334589290999999989e+01
1.334669298999999931e+01
1.334749307000000051e+01
1.334749307000000051e+01
1.334749307000000051e+01
1.334829314999999994e+01
1.334909322999999937e+01
1.334989331000000057e+01
1.335069338999999999e+01
1.335069338999999999e+01
1.335149346999999942e+01
1.335229355000000062e+01
1.335309363000000005e+01
1.335389370999999947e+01
1.335389370999999947e+01
1.335389370999999947e+01
1.335389370999999947e+01
1.335469379000000067e+01
1.335549387000000010e+01
1.335549387000000010e+01
1.335549387000000010e+01
1.335549387000000010e+01
1.335549387000000010e+01
1.335549387000000010e+01
1.335629394999999953e+01
1.335709403000000073e+01
1.335709403000000073e+01
1.335709403000000073e+01
1.335709403000000073e+01
1.335709403000000073e+01
1.335789411000000015e+01
1.335869418999999958e+01
1.335949427000000078e+01
1.336029435000000021e+01
1.336109442999999963e+01
1.336109442999999963e+01
1.336189451000000084e+01
1.336269459000000026e+01
1.336349466999999969e+01
1.336349466999999969e+01
1.336429474999999911e+01
1.336509483000000031e+01
1.336509483000000031e+01
1.336589490999999974e+01
1.336589490999999974e+01
1.336669498999999917e+01
1.336669498999999917e+01
1.336749507000000037e+01
1.336749507000000037e+01
1.336829514999999979e+01
1.336909522999999922e+01
1.336989531000000042e+01
1.337069538999999985e+01
1.337149546999999927e+01
1.337229555000000047e+01
1.337229555000000047e+01
1.337309562999999990e+01
1.337389570999999933e+01
1.337389570999999933e+01
1.337469579000000053e+01
1.337469579000000053e+01
1.337549586999999995e+01
1.337629594999999938e+01
1.337709603000000058e+01
1.338269659000000011e+01
1.338269659000000011e+01
1.338269659000000011e+01
1.338349666999999954e+01
1.338429675000000074e+01
1.338429675000000074e+01
1.338509683000000017e+01
1.338589690999999959e+01
1.338589690999999959e+01
1.338589690999999959e+01
1.338669699000000080e+01
1.338749707000000022e+01
1.338829714999999965e+01
1.338909723000000085e+01
1.338909723000000085e+01
1.338909723000000085e+01
1.338909723000000085e+01
1.338909723000000085e+01
1.338989731000000027e+01
1.339069738999999970e+01
1.339149746999999913e+01
1.339229755000000033e+01
1.339309762999999975e+01
1.339309762999999975e+01
1.339309762999999975e+01
1.339309762999999975e+01
1.339389770999999918e+01
1.339469779000000038e+01
1.339549786999999981e+01
1.339549786999999981e+01
1.339629794999999923e+01
1.339709803000000043e+01
1.339789810999999986e+01
1.339789810999999986e+01
1.337709603000000058e+01
1.337709603000000058e+01
1.337709603000000058e+01
1.337709603000000058e+01
1.337789611000000001e+01
1.337869618999999943e+01
1.337949627000000064e+01
1.337949627000000064e+01
1.337949627000000064e+01
1.337949627000000064e+01
1.337949627000000064e+01
1.338029635000000006e+01
1.338109642999999949e+01
1.338189651000000069e+01
1.338269659000000011e+01
1.338349666999999954e+01
1.338429675000000074e+01
1.338509683000000017e+01
1.338589690999999959e+01
1.338669699000000080e+01
1.338669699000000080e+01
1.338669699000000080e+01
1.338749707000000022e+01
1.338829714999999965e+01
1.338909723000000085e+01
1.338989731000000027e+01
1.339069738999999970e+01
1.339149746999999913e+01
1.339229755000000033e+01
1.339309762999999975e+01
1.339389770999999918e+01
1.339469779000000038e+01
1.339549786999999981e+01
1.339549786999999981e+01
1.339629794999999923e+01
1.339629794999999923e+01
1.339629794999999923e+01
1.339629794999999923e+01
1.339709803000000043e+01
1.339789810999999986e+01
1.339789810999999986e+01
1.339789810999999986e+01
1.339789810999999986e+01
1.339869818999999929e+01
1.339949827000000049e+01
1.340029834999999991e+01
1.340109842999999934e+01
1.340189851000000054e+01
1.340269858999999997e+01
1.340349866999999939e+01
1.340349866999999939e+01
1.340429875000000060e+01
1.340509883000000002e+01
1.340589890999999945e+01
1.340669899000000065e+01
1.340749907000000007e+01
1.340829914999999950e+01
1.340909923000000070e+01
1.338269659000000011e+01
1.338349666999999954e+01
1.338429675000000074e+01
1.338509683000000017e+01
1.338589690999999959e+01
1.338669699000000080e+01
1.338669699000000080e+01
1.338669699000000080e+01
1.338749707000000022e+01
1.338829714999999965e+01
1.338909723000000085e+01
1.338989731000000027e+01
1.339069738999999970e+01
1.339149746999999913e+01
1.339229755000000033e+01
1.339309762999999975e+01
1.339389770999999918e+01
1.339469779000000038e+01
1.339549786999999981e+01
1.339549786999999981e+01
1.339629794999999923e+01
1.339629794999999923e+01
1.339629794999999923e+01
1.339629794999999923e+01
1.339709803000000043e+01
1.339789810999999986e+01
1.339789810999999986e+01
1.339789810999999986e+01
1.339789810999999986e+01
1.339869818999999929e+01
1.339949827000000049e+01
1.340029834999999991e+01
1.340109842999999934e+01
1.340189851000000054e+01
1.340269858999999997e+01
1.340349866999999939e+01
1.340349866999999939e+01
1.340429875000000060e+01
1.340509883000000002e+01
1.340589890999999945e+01
1.340669899000000065e+01
1.340749907000000007e+01
1.340829914999999950e+01
1.340909923000000070e+01
1.340989931000000013e+01
1.341069938999999955e+01
1.341069938999999955e+01
1.341069938999999955e+01
1.341149947000000076e+01
1.341229955000000018e+01
1.341309962999999961e+01
1.341389971000000081e+01
1.341469979000000023e+01
1.341549986999999966e+01
1.341629995000000086e+01
1.341629995000000086e+01
1.341710003000000029e+01
1.341710003000000029e+01
1.338589690999999959e+01
1.338669699000000080e+01
1.338669699000000080e+01
1.338669699000000080e+01
1.338749707000000022e+01
1.338829714999999965e+01
1.338909723000000085e+01
1.338989731000000027e+01
1.339069738999999970e+01
1.339149746999999913e+01
1.339229755000000033e+01
1.339309762999999975e+01
1.339389770999999918e+01
1.339469779000000038e+01
1.339549786999999981e+01
1.339549786999999981e+01
1.339629794999999923e+01
1.339629794999999923e+01
1.339629794999999923e+01
1.339629794999999923e+01
1.339709803000000043e+01
1.339789810999999986e+01
1.339789810999999986e+01
1.339789810999999986e+01
1.339789810999999986e+01
1.339869818999999929e+01
1.339949827000000049e+01
1.340029834999999991e+01
1.340109842999999934e+01
1.340189851000000054e+01
1.340269858999999997e+01
1.340349866999999939e+01
1.340349866999999939e+01
1.340429875000000060e+01
1.340509883000000002e+01
1.340589890999999945e+01
1.340669899000000065e+01
1.340749907000000007e+01
1.340829914999999950e+01
1.340909923000000070e+01
1.340989931000000013e+01
1.341069938999999955e+01
1.341069938999999955e+01
1.341069938999999955e+01
1.341149947000000076e+01
1.341229955000000018e+01
1.341309962999999961e+01
1.341389971000000081e+01
1.341469979000000023e+01
1.341549986999999966e+01
1.341629995000000086e+01
1.341629995000000086e+01
1.341710003000000029e+01
1.341710003000000029e+01
1.341790010999999971e+01
1.341870018999999914e+01
1.341950027000000034e+01
