1.253550747000000065e+01
1.253550747000000065e+01
1.253550747000000065e+01
1.253550747000000065e+01
1.253550747000000065e+01
1.253630755000000008e+01
1.253710762999999950e+01
1.253790771000000071e+01
1.253870779000000013e+01
1.253950786999999956e+01
1.254030795000000076e+01
1.254030795000000076e+01
1.253550747000000065e+01
1.253630755000000008e+01
1.253710762999999950e+01
1.253790771000000071e+01
1.253870779000000013e+01
1.253950786999999956e+01
1.254030795000000076e+01
1.254110803000000018e+01
1.254190810999999961e+01
1.254750866999999914e+01
1.254830875000000034e+01
1.254830875000000034e+01
1.254830875000000034e+01
1.254910882999999977e+01
1.254990890999999920e+01
1.255070899000000040e+01
1.255150906999999982e+01
1.255150906999999982e+01
1.255230914999999925e+01
1.255230914999999925e+01
1.255230914999999925e+01
1.255230914999999925e+01
1.255230914999999925e+01
1.255230914999999925e+01
1.254750866999999914e+01
1.254750866999999914e+01
1.254750866999999914e+01
1.254830875000000034e+01
1.254910882999999977e+01
1.254910882999999977e+01
1.254990890999999920e+01
1.255070899000000040e+01
1.255070899000000040e+01
1.255070899000000040e+01
1.255070899000000040e+01
1.255150906999999982e+01
1.256030995000000061e+01
1.256030995000000061e+01
1.256030995000000061e+01
1.256111003000000004e+01
1.256191010999999946e+01
1.256271019000000067e+01
1.256351027000000009e+01
1.256351027000000009e+01
1.256351027000000009e+01
1.256351027000000009e+01
1.256351027000000009e+01
1.256351027000000009e+01
1.256431034999999952e+01
1.256431034999999952e+01
1.256431034999999952e+01
1.256431034999999952e+01
1.256111003000000004e+01
1.256191010999999946e+01
1.256271019000000067e+01
1.256351027000000009e+01
1.256431034999999952e+01
1.256511043000000072e+01
1.256591051000000014e+01
1.256671058999999957e+01
1.256671058999999957e+01
1.256671058999999957e+01
1.256671058999999957e+01
1.256671058999999957e+01
1.256671058999999957e+01
1.260511443000000043e+01
1.260511443000000043e+01
1.260591450999999985e+01
1.260671458999999928e+01
1.260751467000000048e+01
1.260831474999999990e+01
1.260831474999999990e+01
1.260831474999999990e+01
1.260831474999999990e+01
1.260831474999999990e+01
1.260911482999999933e+01
1.260991491000000053e+01
1.260991491000000053e+01
1.260991491000000053e+01
1.261071498999999996e+01
1.260831474999999990e+01
1.260911482999999933e+01
1.260911482999999933e+01
1.260991491000000053e+01
1.260991491000000053e+01
1.260991491000000053e+01
1.261071498999999996e+01
1.261071498999999996e+01
1.261151506999999938e+01
1.261231515000000059e+01
1.261311523000000001e+01
1.261391530999999944e+01
1.261471539000000064e+01
1.261551547000000006e+01
1.261951587000000075e+01
1.262031595000000017e+01
1.262031595000000017e+01
1.262031595000000017e+01
1.262031595000000017e+01
1.262031595000000017e+01
1.262031595000000017e+01
1.262111602999999960e+01
1.262111602999999960e+01
1.262191611000000080e+01
1.262271619000000022e+01
1.262271619000000022e+01
1.262351626999999965e+01
1.262351626999999965e+01
1.262111602999999960e+01
1.262111602999999960e+01
1.262191611000000080e+01
1.262271619000000022e+01
1.262351626999999965e+01
1.262351626999999965e+01
1.262431635000000085e+01
1.262511643000000028e+01
1.262511643000000028e+01
1.262511643000000028e+01
1.262511643000000028e+01
1.262591650999999970e+01
1.262591650999999970e+01
1.262591650999999970e+01
1.262671658999999913e+01
1.262831674999999976e+01
1.262831674999999976e+01
1.262831674999999976e+01
1.262991691000000039e+01
1.262991691000000039e+01
1.262991691000000039e+01
1.263071698999999981e+01
1.263071698999999981e+01
1.263071698999999981e+01
1.263071698999999981e+01
1.263071698999999981e+01
1.263071698999999981e+01
1.263151706999999924e+01
1.263231715000000044e+01
1.263471739000000049e+01
1.263471739000000049e+01
1.263471739000000049e+01
1.263551746999999992e+01
1.263631754999999934e+01
1.263551746999999992e+01
1.263631754999999934e+01
1.263711763000000055e+01
1.263791770999999997e+01
1.263871778999999940e+01
1.263951787000000060e+01
1.264031795000000002e+01
1.264111802999999945e+01
1.264191811000000065e+01
1.264271819000000008e+01
1.264271819000000008e+01
1.263631754999999934e+01
1.263711763000000055e+01
1.263791770999999997e+01
1.263791770999999997e+01
1.263791770999999997e+01
1.263791770999999997e+01
1.263871778999999940e+01
1.263871778999999940e+01
1.263871778999999940e+01
1.263871778999999940e+01
1.263871778999999940e+01
1.263871778999999940e+01
1.263951787000000060e+01
1.264031795000000002e+01
1.264271819000000008e+01
1.264351826999999950e+01
1.264431835000000071e+01
1.264511843000000013e+01
1.264511843000000013e+01
1.264511843000000013e+01
1.264591850999999956e+01
1.266432035000000056e+01
1.266512042999999998e+01
1.266592050999999941e+01
1.266672059000000061e+01
1.266752067000000004e+01
1.266832074999999946e+01
1.266912083000000067e+01
1.266992091000000009e+01
1.266992091000000009e+01
1.266992091000000009e+01
1.267072098999999952e+01
1.267072098999999952e+01
1.267152107000000072e+01
1.267232115000000015e+01
1.267312122999999957e+01
1.267392131000000077e+01
1.262031595000000017e+01
1.262031595000000017e+01
1.262031595000000017e+01
1.262031595000000017e+01
1.262111602999999960e+01
1.262111602999999960e+01
1.262191611000000080e+01
1.262271619000000022e+01
1.262271619000000022e+01
1.262351626999999965e+01
1.262351626999999965e+01
1.262351626999999965e+01
1.262271619000000022e+01
1.262351626999999965e+01
1.262351626999999965e+01
1.262431635000000085e+01
1.262511643000000028e+01
1.262511643000000028e+01
1.262511643000000028e+01
1.262511643000000028e+01
1.262591650999999970e+01
1.262591650999999970e+01
1.262591650999999970e+01
1.262671658999999913e+01
1.262671658999999913e+01
1.260831474999999990e+01
1.260911482999999933e+01
1.260991491000000053e+01
1.260991491000000053e+01
1.260991491000000053e+01
1.261071498999999996e+01
1.261151506999999938e+01
1.261231515000000059e+01
1.261311523000000001e+01
1.261391530999999944e+01
1.261471539000000064e+01
1.261551547000000006e+01
1.260991491000000053e+01
1.261071498999999996e+01
1.261071498999999996e+01
1.261151506999999938e+01
1.261231515000000059e+01
1.261311523000000001e+01
1.261391530999999944e+01
1.261471539000000064e+01
1.261551547000000006e+01
1.261631554999999949e+01
1.261631554999999949e+01
1.261711563000000069e+01
1.261791571000000012e+01
1.261791571000000012e+01
1.261791571000000012e+01
1.261871578999999954e+01
1.258671258999999942e+01
1.258751267000000063e+01
1.258831275000000005e+01
1.258831275000000005e+01
1.258911282999999948e+01
1.258991291000000068e+01
1.259071299000000010e+01
1.259151306999999953e+01
1.259231315000000073e+01
1.259231315000000073e+01
1.259311323000000016e+01
1.259311323000000016e+01
1.259311323000000016e+01
1.259311323000000016e+01
1.259311323000000016e+01
1.259311323000000016e+01
1.254990890999999920e+01
1.255070899000000040e+01
1.255150906999999982e+01
1.255150906999999982e+01
1.255230914999999925e+01
1.255230914999999925e+01
1.255230914999999925e+01
1.255230914999999925e+01
1.255230914999999925e+01
1.255230914999999925e+01
1.255310923000000045e+01
1.255390930999999988e+01
1.255470938999999930e+01
1.255470938999999930e+01
1.255550947000000050e+01
1.255630954999999993e+01
1.254910882999999977e+01
1.254990890999999920e+01
1.255070899000000040e+01
1.255070899000000040e+01
1.255070899000000040e+01
1.255070899000000040e+01
1.255150906999999982e+01
1.255150906999999982e+01
1.255150906999999982e+01
1.255230914999999925e+01
1.255310923000000045e+01
1.255310923000000045e+01
1.254350827000000024e+01
1.254430834999999966e+01
1.254510843000000087e+01
1.254590851000000029e+01
1.254670858999999972e+01
1.254670858999999972e+01
1.254670858999999972e+01
1.254670858999999972e+01
1.254670858999999972e+01
1.254670858999999972e+01
1.254750866999999914e+01
1.254830875000000034e+01
1.254190810999999961e+01
1.254190810999999961e+01
1.254270819000000081e+01
1.254350827000000024e+01
1.254430834999999966e+01
1.254430834999999966e+01
1.254430834999999966e+01
1.254430834999999966e+01
1.254510843000000087e+01
1.254590851000000029e+01
1.254670858999999972e+01
1.254750866999999914e+01
1.254750866999999914e+01
1.254750866999999914e+01
1.253070699000000054e+01
1.253150706999999997e+01
1.253230714999999940e+01
1.253310723000000060e+01
1.253390731000000002e+01
1.253390731000000002e+01
1.253470738999999945e+01
1.253550747000000065e+01
1.253550747000000065e+01
1.252990690999999934e+01
1.253070699000000054e+01
1.253150706999999997e+01
1.253150706999999997e+01
1.253150706999999997e+01
1.253230714999999940e+01
1.253230714999999940e+01
1.253230714999999940e+01
1.253230714999999940e+01
1.253230714999999940e+01
1.253310723000000060e+01
1.253310723000000060e+01
1.252590651000000044e+01
1.252590651000000044e+01
1.252590651000000044e+01
1.252590651000000044e+01
1.252670658999999986e+01
1.252750666999999929e+01
1.251790571000000085e+01
1.251870579000000028e+01
1.251950586999999970e+01
1.252030594999999913e+01
1.252030594999999913e+01
1.252110603000000033e+01
1.252190610999999976e+01
1.252270618999999918e+01
1.252350627000000038e+01
1.252430634999999981e+01
1.252510642999999924e+01
1.252510642999999924e+01
1.251550547000000080e+01
1.251630555000000022e+01
1.251710562999999965e+01
1.251790571000000085e+01
1.251870579000000028e+01
1.251950586999999970e+01
1.252030594999999913e+01
1.252030594999999913e+01
1.252110603000000033e+01
1.252190610999999976e+01
1.252270618999999918e+01
1.252350627000000038e+01
1.252430634999999981e+01
1.252510642999999924e+01
1.252590651000000044e+01
1.252590651000000044e+01
1.252510642999999924e+01
1.252510642999999924e+01
1.252510642999999924e+01
1.252510642999999924e+01
1.252510642999999924e+01
1.252590651000000044e+01
1.252670658999999986e+01
1.252750666999999929e+01
1.252830675000000049e+01
1.252910682999999992e+01
1.252990690999999934e+01
1.253070699000000054e+01
1.253070699000000054e+01
1.253150706999999997e+01
1.253230714999999940e+01
1.253310723000000060e+01
1.253390731000000002e+01
1.253390731000000002e+01
1.253470738999999945e+01
1.253550747000000065e+01
1.253550747000000065e+01
1.253550747000000065e+01
1.253550747000000065e+01
1.252910682999999992e+01
1.252910682999999992e+01
1.252990690999999934e+01
1.252990690999999934e+01
1.253070699000000054e+01
1.253150706999999997e+01
1.253150706999999997e+01
1.253150706999999997e+01
1.253230714999999940e+01
1.253230714999999940e+01
1.253230714999999940e+01
1.253230714999999940e+01
1.253230714999999940e+01
1.253550747000000065e+01
1.253550747000000065e+01
1.253630755000000008e+01
1.253710762999999950e+01
1.253790771000000071e+01
1.253870779000000013e+01
1.253950786999999956e+01
1.254030795000000076e+01
1.254030795000000076e+01
1.254110803000000018e+01
1.254190810999999961e+01
1.254270819000000081e+01
1.254270819000000081e+01
1.254270819000000081e+01
1.254350827000000024e+01
1.253390731000000002e+01
1.253470738999999945e+01
1.253550747000000065e+01
1.253550747000000065e+01
1.253630755000000008e+01
1.253710762999999950e+01
1.253790771000000071e+01
1.253870779000000013e+01
1.253950786999999956e+01
1.254030795000000076e+01
1.254110803000000018e+01
1.254190810999999961e+01
1.254190810999999961e+01
1.254190810999999961e+01
1.254190810999999961e+01
1.254190810999999961e+01
1.254190810999999961e+01
1.254590851000000029e+01
1.254670858999999972e+01
1.254670858999999972e+01
1.254670858999999972e+01
1.254670858999999972e+01
1.254670858999999972e+01
1.254670858999999972e+01
1.254750866999999914e+01
1.254830875000000034e+01
1.254830875000000034e+01
1.254830875000000034e+01
1.254350827000000024e+01
1.254430834999999966e+01
1.254430834999999966e+01
1.254430834999999966e+01
1.254430834999999966e+01
1.254510843000000087e+01
1.254590851000000029e+01
1.254670858999999972e+01
1.254750866999999914e+01
1.254750866999999914e+01
1.254750866999999914e+01
1.254830875000000034e+01
1.254670858999999972e+01
1.254750866999999914e+01
1.254830875000000034e+01
1.254830875000000034e+01
1.254830875000000034e+01
1.254910882999999977e+01
1.254990890999999920e+01
1.255070899000000040e+01
1.255150906999999982e+01
1.255150906999999982e+01
1.255230914999999925e+01
1.255230914999999925e+01
1.255230914999999925e+01
1.254670858999999972e+01
1.254750866999999914e+01
1.254750866999999914e+01
1.254750866999999914e+01
1.254830875000000034e+01
1.254910882999999977e+01
1.254910882999999977e+01
1.254990890999999920e+01
1.255070899000000040e+01
1.255070899000000040e+01
1.255070899000000040e+01
1.255070899000000040e+01
1.255310923000000045e+01
1.255390930999999988e+01
1.255470938999999930e+01
1.255470938999999930e+01
1.255550947000000050e+01
1.255630954999999993e+01
1.255630954999999993e+01
1.255630954999999993e+01
1.255630954999999993e+01
1.255630954999999993e+01
1.255630954999999993e+01
1.255710962999999936e+01
1.255790971000000056e+01
1.255150906999999982e+01
1.255150906999999982e+01
1.255230914999999925e+01
1.255310923000000045e+01
1.255310923000000045e+01
1.255310923000000045e+01
1.255390930999999988e+01
1.255470938999999930e+01
1.255550947000000050e+01
1.255630954999999993e+01
1.255710962999999936e+01
1.255790971000000056e+01
1.255870978999999998e+01
1.255870978999999998e+01
1.256030995000000061e+01
1.256030995000000061e+01
1.256111003000000004e+01
1.256191010999999946e+01
1.256351027000000009e+01
1.256351027000000009e+01
1.256431034999999952e+01
1.256431034999999952e+01
1.256431034999999952e+01
1.256431034999999952e+01
1.256511043000000072e+01
1.256511043000000072e+01
1.256591051000000014e+01
1.256591051000000014e+01
1.256671058999999957e+01
1.256751067000000077e+01
1.256751067000000077e+01
1.256671058999999957e+01
1.256671058999999957e+01
1.256671058999999957e+01
1.256671058999999957e+01
1.256671058999999957e+01
1.256751067000000077e+01
1.256831075000000020e+01
1.256911082999999962e+01
1.256911082999999962e+01
1.256991091000000083e+01
1.257071099000000025e+01
1.257151106999999968e+01
1.257231115000000088e+01
1.257311123000000030e+01
1.257391130999999973e+01
1.260511443000000043e+01
1.260511443000000043e+01
1.260511443000000043e+01
1.260591450999999985e+01
1.260671458999999928e+01
1.260751467000000048e+01
1.260831474999999990e+01
1.260831474999999990e+01
1.260831474999999990e+01
1.260831474999999990e+01
1.260831474999999990e+01
1.260911482999999933e+01
1.260991491000000053e+01
1.260511443000000043e+01
1.260591450999999985e+01
1.260671458999999928e+01
1.260751467000000048e+01
1.260831474999999990e+01
1.260911482999999933e+01
1.260911482999999933e+01
1.260991491000000053e+01
1.260991491000000053e+01
1.260991491000000053e+01
1.261071498999999996e+01
1.261071498999999996e+01
1.261151506999999938e+01
1.261231515000000059e+01
1.261311523000000001e+01
1.261391530999999944e+01
1.261471539000000064e+01
1.262591650999999970e+01
1.262991691000000039e+01
1.262991691000000039e+01
1.263071698999999981e+01
1.263071698999999981e+01
1.263071698999999981e+01
1.263071698999999981e+01
1.263071698999999981e+01
1.263071698999999981e+01
1.263151706999999924e+01
1.263231715000000044e+01
1.262911682999999918e+01
1.262991691000000039e+01
1.262991691000000039e+01
1.262991691000000039e+01
1.262991691000000039e+01
1.263071698999999981e+01
1.263151706999999924e+01
1.263231715000000044e+01
1.263311722999999986e+01
1.263391730999999929e+01
1.263071698999999981e+01
1.263071698999999981e+01
1.263071698999999981e+01
1.263071698999999981e+01
1.263151706999999924e+01
1.263231715000000044e+01
1.263311722999999986e+01
1.263391730999999929e+01
1.263391730999999929e+01
1.263471739000000049e+01
1.263551746999999992e+01
1.263631754999999934e+01
1.263711763000000055e+01
1.264511843000000013e+01
1.264511843000000013e+01
1.264511843000000013e+01
1.264511843000000013e+01
1.264591850999999956e+01
1.264591850999999956e+01
1.264591850999999956e+01
1.264591850999999956e+01
1.264671859000000076e+01
1.264671859000000076e+01
1.264831874999999961e+01
1.264911883000000081e+01
1.264991891000000024e+01
1.265071898999999966e+01
1.265151907000000087e+01
1.264991891000000024e+01
1.265071898999999966e+01
1.265071898999999966e+01
1.265151907000000087e+01
1.265231915000000029e+01
1.265311922999999972e+01
1.265391930999999914e+01
1.265471939000000035e+01
1.265551946999999977e+01
1.265631954999999920e+01
1.265711963000000040e+01
1.265711963000000040e+01
1.265551946999999977e+01
1.265631954999999920e+01
1.265631954999999920e+01
1.265631954999999920e+01
1.265711963000000040e+01
1.265791970999999982e+01
1.265791970999999982e+01
1.265871978999999925e+01
1.265951987000000045e+01
1.265951987000000045e+01
1.265951987000000045e+01
1.265951987000000045e+01
1.265951987000000045e+01
1.266031994999999988e+01
