1.333705123000000015e+01
1.333705123000000015e+01
1.333705123000000015e+01
1.333705123000000015e+01
1.333705123000000015e+01
1.333785130999999957e+01
1.333785130999999957e+01
1.333785130999999957e+01
1.333865139000000077e+01
1.333865139000000077e+01
1.333865139000000077e+01
1.333865139000000077e+01
1.333865139000000077e+01
1.333865139000000077e+01
1.333945147000000020e+01
1.334025154999999963e+01
1.334025154999999963e+01
1.334025154999999963e+01
1.334025154999999963e+01
1.334025154999999963e+01
1.334105163000000083e+01
1.334105163000000083e+01
1.334185171000000025e+01
1.334265178999999968e+01
1.334265178999999968e+01
1.334265178999999968e+01
1.334265178999999968e+01
1.334265178999999968e+01
1.334345187000000088e+01
1.334345187000000088e+01
1.334345187000000088e+01
1.334425195000000031e+01
1.334425195000000031e+01
1.334425195000000031e+01
1.334425195000000031e+01
1.334505202999999973e+01
1.334505202999999973e+01
1.334505202999999973e+01
1.334585210999999916e+01
1.334585210999999916e+01
1.334585210999999916e+01
1.334585210999999916e+01
1.334585210999999916e+01
1.334585210999999916e+01
1.334505202999999973e+01
1.334505202999999973e+01
1.334585210999999916e+01
1.334585210999999916e+01
1.334585210999999916e+01
1.334585210999999916e+01
1.334585210999999916e+01
1.334585210999999916e+01
1.334665219000000036e+01
1.334745226999999979e+01
1.334745226999999979e+01
1.334745226999999979e+01
1.334745226999999979e+01
1.334745226999999979e+01
1.334745226999999979e+01
1.334825234999999921e+01
1.334905243000000041e+01
1.334985250999999984e+01
1.335065258999999926e+01
1.335065258999999926e+01
1.335065258999999926e+01
1.335065258999999926e+01
1.335065258999999926e+01
1.335065258999999926e+01
1.335065258999999926e+01
1.335145267000000047e+01
1.335145267000000047e+01
1.335145267000000047e+01
1.335145267000000047e+01
1.335145267000000047e+01
1.335145267000000047e+01
1.335225274999999989e+01
1.335305282999999932e+01
1.335305282999999932e+01
1.335305282999999932e+01
1.335305282999999932e+01
1.335305282999999932e+01
1.335305282999999932e+01
1.335385291000000052e+01
1.335465298999999995e+01
1.335545306999999937e+01
1.335545306999999937e+01
1.335545306999999937e+01
1.335625315000000057e+01
1.335065258999999926e+01
1.335065258999999926e+01
1.335065258999999926e+01
1.335145267000000047e+01
1.335145267000000047e+01
1.335145267000000047e+01
1.335145267000000047e+01
1.335145267000000047e+01
1.335145267000000047e+01
1.335225274999999989e+01
1.335305282999999932e+01
1.335305282999999932e+01
1.335305282999999932e+01
1.335305282999999932e+01
1.335305282999999932e+01
1.335305282999999932e+01
1.335385291000000052e+01
1.335465298999999995e+01
1.335545306999999937e+01
1.335545306999999937e+01
1.335545306999999937e+01
1.335625315000000057e+01
1.335705323000000000e+01
1.335705323000000000e+01
1.335705323000000000e+01
1.335705323000000000e+01
1.335705323000000000e+01
1.335785330999999942e+01
1.335865339000000063e+01
1.335945347000000005e+01
1.335945347000000005e+01
1.335945347000000005e+01
1.335945347000000005e+01
1.335945347000000005e+01
1.335945347000000005e+01
1.336025354999999948e+01
1.336105363000000068e+01
1.336185371000000011e+01
1.336265378999999953e+01
1.336345387000000073e+01
1.336425395000000016e+01
1.336505402999999959e+01
1.336585411000000079e+01
1.336665419000000021e+01
1.336745426999999964e+01
1.336745426999999964e+01
1.336745426999999964e+01
1.336825435000000084e+01
1.336905443000000027e+01
1.336985450999999969e+01
1.337065458999999912e+01
1.337145467000000032e+01
1.337225474999999975e+01
1.338265578999999939e+01
1.338345587000000059e+01
1.338425595000000001e+01
1.338505602999999944e+01
1.338585611000000064e+01
1.338665619000000007e+01
1.338745626999999949e+01
1.338825635000000069e+01
1.338905643000000012e+01
1.338985650999999955e+01
1.338985650999999955e+01
1.339065659000000075e+01
1.339145667000000017e+01
1.339145667000000017e+01
1.339225674999999960e+01
1.339305683000000080e+01
1.339385691000000023e+01
1.339465698999999965e+01
1.339545707000000085e+01
1.339625715000000028e+01
1.339705722999999971e+01
1.339705722999999971e+01
1.339785730999999913e+01
1.339865739000000033e+01
1.339945746999999976e+01
1.340025754999999918e+01
1.340105763000000039e+01
1.340185770999999981e+01
1.340265778999999924e+01
1.340345787000000044e+01
1.340425794999999987e+01
1.340505802999999929e+01
1.340585811000000049e+01
1.340665818999999992e+01
1.340745826999999935e+01
1.340825835000000055e+01
1.340905842999999997e+01
1.340985850999999940e+01
1.341065859000000060e+01
1.341145867000000003e+01
1.341225874999999945e+01
1.341305883000000065e+01
1.341385891000000008e+01
1.341465898999999951e+01
1.341465898999999951e+01
1.341545907000000071e+01
1.341625915000000013e+01
1.341705922999999956e+01
1.341785931000000076e+01
1.341865939000000019e+01
1.341945946999999961e+01
1.342025955000000081e+01
1.342025955000000081e+01
1.344186170999999952e+01
1.344266179000000072e+01
1.344346187000000015e+01
1.344426194999999957e+01
1.344506203000000077e+01
1.344586211000000020e+01
1.344666218999999963e+01
1.344746227000000083e+01
1.344746227000000083e+01
1.344826235000000025e+01
1.344826235000000025e+01
1.344826235000000025e+01
1.344826235000000025e+01
1.344826235000000025e+01
1.344826235000000025e+01
1.344826235000000025e+01
1.344826235000000025e+01
1.344826235000000025e+01
1.344826235000000025e+01
1.344826235000000025e+01
1.344906242999999968e+01
1.344906242999999968e+01
1.344986251000000088e+01
1.345066259000000031e+01
1.345146266999999973e+01
1.345226274999999916e+01
1.345306283000000036e+01
1.345386290999999979e+01
1.345466298999999921e+01
1.345466298999999921e+01
1.345466298999999921e+01
1.345466298999999921e+01
1.345466298999999921e+01
1.345466298999999921e+01
1.345546307000000041e+01
1.345626314999999984e+01
1.345706322999999927e+01
1.345706322999999927e+01
1.345706322999999927e+01
1.345706322999999927e+01
1.345786331000000047e+01
1.345786331000000047e+01
1.345786331000000047e+01
1.345786331000000047e+01
1.345786331000000047e+01
1.345786331000000047e+01
1.345866338999999989e+01
1.345946346999999932e+01
1.345946346999999932e+01
1.345946346999999932e+01
1.345946346999999932e+01
1.344906242999999968e+01
1.344906242999999968e+01
1.344986251000000088e+01
1.345066259000000031e+01
1.345146266999999973e+01
1.345226274999999916e+01
1.345306283000000036e+01
1.345386290999999979e+01
1.345466298999999921e+01
1.345466298999999921e+01
1.345466298999999921e+01
1.345466298999999921e+01
1.345466298999999921e+01
1.345466298999999921e+01
1.345546307000000041e+01
1.345626314999999984e+01
1.345706322999999927e+01
1.345706322999999927e+01
1.345706322999999927e+01
1.345706322999999927e+01
1.345786331000000047e+01
1.345786331000000047e+01
1.345786331000000047e+01
1.345786331000000047e+01
1.345786331000000047e+01
1.345786331000000047e+01
1.345866338999999989e+01
1.345946346999999932e+01
1.345946346999999932e+01
1.345946346999999932e+01
1.345946346999999932e+01
1.345946346999999932e+01
1.345946346999999932e+01
1.345946346999999932e+01
1.346026355000000052e+01
1.346026355000000052e+01
1.346106362999999995e+01
1.346106362999999995e+01
1.346186370999999937e+01
1.346186370999999937e+01
1.346186370999999937e+01
1.346266379000000057e+01
1.346346387000000000e+01
1.346426394999999943e+01
1.346426394999999943e+01
1.346426394999999943e+01
1.346426394999999943e+01
1.346506403000000063e+01
1.346506403000000063e+01
1.346586411000000005e+01
1.346586411000000005e+01
1.348026555000000037e+01
1.348106562999999980e+01
1.348186570999999923e+01
1.348266579000000043e+01
1.348346586999999985e+01
1.348426594999999928e+01
1.348506603000000048e+01
1.348506603000000048e+01
1.348586610999999991e+01
1.348666618999999933e+01
1.348666618999999933e+01
1.348666618999999933e+01
1.348666618999999933e+01
1.348746627000000053e+01
1.348826634999999996e+01
1.348906642999999939e+01
1.348986651000000059e+01
1.349066659000000001e+01
1.349146666999999944e+01
1.349226675000000064e+01
1.349226675000000064e+01
1.349226675000000064e+01
1.349306683000000007e+01
1.349386690999999949e+01
1.349466699000000069e+01
1.349546707000000012e+01
1.349626714999999955e+01
1.349626714999999955e+01
1.349626714999999955e+01
1.349706723000000075e+01
1.349706723000000075e+01
1.349706723000000075e+01
1.349786731000000017e+01
1.349866738999999960e+01
1.349946747000000080e+01
1.350026755000000023e+01
1.350026755000000023e+01
1.350106762999999965e+01
1.350186771000000086e+01
1.350266779000000028e+01
1.350266779000000028e+01
1.350346786999999971e+01
1.350426794999999913e+01
1.350506803000000033e+01
1.350586810999999976e+01
1.350586810999999976e+01
1.350666818999999919e+01
1.350746827000000039e+01
1.350826834999999981e+01
1.350906842999999924e+01
1.350986851000000044e+01
1.350986851000000044e+01
1.351066858999999987e+01
1.351146866999999929e+01
1.350586810999999976e+01
1.350666818999999919e+01
1.350746827000000039e+01
1.350826834999999981e+01
1.350906842999999924e+01
1.350986851000000044e+01
1.350986851000000044e+01
1.351066858999999987e+01
1.351146866999999929e+01
1.351226875000000049e+01
1.351226875000000049e+01
1.351226875000000049e+01
1.351226875000000049e+01
1.351226875000000049e+01
1.351226875000000049e+01
1.351306882999999992e+01
1.351386890999999935e+01
1.351466899000000055e+01
1.351546906999999997e+01
1.351626914999999940e+01
1.351706923000000060e+01
1.351706923000000060e+01
1.351706923000000060e+01
1.351786931000000003e+01
1.351866938999999945e+01
1.351946947000000065e+01
1.352026955000000008e+01
1.352106962999999951e+01
1.352186971000000071e+01
1.352266979000000013e+01
1.352346986999999956e+01
1.352426995000000076e+01
1.352507003000000019e+01
1.352587010999999961e+01
1.352667019000000082e+01
1.352747027000000024e+01
1.352747027000000024e+01
1.352827034999999967e+01
1.352907043000000087e+01
1.352987051000000029e+01
1.353067058999999972e+01
1.353147066999999915e+01
1.353867138999999931e+01
1.353947147000000051e+01
1.354027154999999993e+01
1.354107162999999936e+01
1.354187171000000056e+01
1.354267178999999999e+01
1.354347186999999941e+01
1.354427195000000061e+01
1.354427195000000061e+01
1.354427195000000061e+01
1.354507203000000004e+01
1.354587210999999947e+01
1.354667219000000067e+01
1.354747227000000009e+01
1.354827234999999952e+01
1.354907243000000072e+01
1.354987251000000015e+01
1.354987251000000015e+01
1.355067258999999957e+01
1.355147267000000078e+01
1.355227275000000020e+01
1.355227275000000020e+01
1.355227275000000020e+01
1.355227275000000020e+01
1.355227275000000020e+01
1.355307282999999963e+01
1.355387291000000083e+01
1.355467299000000025e+01
1.355547306999999968e+01
1.355627315000000088e+01
1.355707323000000031e+01
1.355707323000000031e+01
1.355787330999999973e+01
1.355867338999999916e+01
1.355867338999999916e+01
1.355867338999999916e+01
1.355867338999999916e+01
1.355867338999999916e+01
1.355867338999999916e+01
1.355867338999999916e+01
1.355947347000000036e+01
1.356027354999999979e+01
1.356107362999999921e+01
1.356187371000000041e+01
1.356187371000000041e+01
1.356267378999999984e+01
1.356267378999999984e+01
1.356347386999999927e+01
1.356347386999999927e+01
1.356347386999999927e+01
1.356347386999999927e+01
1.356347386999999927e+01
1.356347386999999927e+01
1.356427395000000047e+01
1.356427395000000047e+01
1.356427395000000047e+01
1.356427395000000047e+01
1.356427395000000047e+01
1.356427395000000047e+01
1.356507402999999989e+01
1.356507402999999989e+01
1.356507402999999989e+01
1.356587410999999932e+01
1.356667419000000052e+01
1.356747426999999995e+01
1.356827434999999937e+01
1.356907443000000058e+01
1.356987451000000000e+01
1.357067458999999943e+01
1.357147467000000063e+01
1.357227475000000005e+01
1.357307482999999948e+01
1.357307482999999948e+01
1.357307482999999948e+01
1.357307482999999948e+01
1.357307482999999948e+01
1.357387491000000068e+01
1.357467499000000011e+01
1.357467499000000011e+01
1.357467499000000011e+01
1.357547506999999953e+01
1.357627515000000074e+01
1.357707523000000016e+01
1.357787530999999959e+01
1.357787530999999959e+01
1.357867539000000079e+01
1.357947547000000021e+01
1.357947547000000021e+01
1.357947547000000021e+01
1.358027554999999964e+01
1.358107563000000084e+01
1.358187571000000027e+01
1.358267578999999969e+01
1.360907843000000028e+01
1.360987850999999971e+01
1.361067858999999913e+01
1.361147867000000033e+01
1.361147867000000033e+01
1.361227874999999976e+01
1.361307882999999919e+01
1.361387891000000039e+01
1.361467898999999981e+01
1.361547906999999924e+01
1.361627915000000044e+01
1.361707922999999987e+01
1.361707922999999987e+01
1.361787930999999929e+01
1.361867939000000050e+01
1.361867939000000050e+01
1.361947946999999992e+01
1.361947946999999992e+01
1.362027954999999935e+01
1.362107963000000055e+01
1.362187970999999997e+01
1.362187970999999997e+01
1.362267978999999940e+01
1.362347987000000060e+01
1.362427995000000003e+01
1.362508002999999945e+01
1.362588011000000066e+01
1.362668019000000008e+01
1.362668019000000008e+01
1.362748026999999951e+01
1.362828035000000071e+01
1.362908043000000013e+01
1.362988050999999956e+01
1.363068059000000076e+01
1.363068059000000076e+01
1.363148067000000019e+01
1.363228074999999961e+01
1.363308083000000082e+01
1.363388091000000024e+01
1.363388091000000024e+01
1.363388091000000024e+01
1.363388091000000024e+01
1.363468098999999967e+01
1.363468098999999967e+01
1.363548107000000087e+01
1.363548107000000087e+01
1.363628115000000030e+01
1.363708122999999972e+01
1.363788130999999915e+01
1.363868139000000035e+01
1.363948146999999977e+01
1.362908043000000013e+01
1.363068059000000076e+01
1.363068059000000076e+01
1.363148067000000019e+01
1.363228074999999961e+01
1.363308083000000082e+01
1.363388091000000024e+01
1.363388091000000024e+01
1.363388091000000024e+01
1.363388091000000024e+01
1.363468098999999967e+01
1.363468098999999967e+01
1.363548107000000087e+01
1.363548107000000087e+01
1.363628115000000030e+01
1.363708122999999972e+01
1.363788130999999915e+01
1.363868139000000035e+01
1.363948146999999977e+01
1.364028154999999920e+01
1.364108163000000040e+01
1.364108163000000040e+01
1.364188170999999983e+01
1.364268178999999925e+01
1.364348187000000046e+01
1.364348187000000046e+01
1.364428194999999988e+01
1.364508202999999931e+01
1.364588211000000051e+01
1.364668218999999993e+01
1.362668019000000008e+01
1.362908043000000013e+01
1.362988050999999956e+01
1.363068059000000076e+01
1.363068059000000076e+01
1.363148067000000019e+01
1.363228074999999961e+01
1.363308083000000082e+01
1.363388091000000024e+01
1.363388091000000024e+01
1.363388091000000024e+01
1.363388091000000024e+01
1.363468098999999967e+01
1.363468098999999967e+01
1.363548107000000087e+01
1.363548107000000087e+01
1.363628115000000030e+01
1.363708122999999972e+01
1.363788130999999915e+01
1.363868139000000035e+01
1.363948146999999977e+01
1.364028154999999920e+01
1.364108163000000040e+01
1.364108163000000040e+01
1.364188170999999983e+01
1.364268178999999925e+01
1.364348187000000046e+01
1.364348187000000046e+01
1.364428194999999988e+01
1.364508202999999931e+01
1.364588211000000051e+01
1.364668218999999993e+01
1.364748226999999936e+01
1.364828235000000056e+01
1.364828235000000056e+01
1.364828235000000056e+01
1.364828235000000056e+01
1.364828235000000056e+01
1.364908242999999999e+01
1.364988250999999941e+01
1.362748026999999951e+01
1.362828035000000071e+01
1.362908043000000013e+01
1.362988050999999956e+01
1.363068059000000076e+01
1.363068059000000076e+01
1.363148067000000019e+01
1.363228074999999961e+01
1.363308083000000082e+01
1.363388091000000024e+01
1.363388091000000024e+01
1.363388091000000024e+01
1.363388091000000024e+01
1.363468098999999967e+01
1.363468098999999967e+01
1.363548107000000087e+01
1.363548107000000087e+01
1.363628115000000030e+01
1.363708122999999972e+01
1.363788130999999915e+01
1.363868139000000035e+01
1.363948146999999977e+01
1.364028154999999920e+01
1.364108163000000040e+01
1.364108163000000040e+01
1.364188170999999983e+01
1.364268178999999925e+01
1.364348187000000046e+01
1.364348187000000046e+01
1.364428194999999988e+01
1.364508202999999931e+01
1.364588211000000051e+01
1.364668218999999993e+01
1.364748226999999936e+01
1.364828235000000056e+01
1.364828235000000056e+01
1.364828235000000056e+01
1.364828235000000056e+01
1.364828235000000056e+01
1.364908242999999999e+01
1.364988250999999941e+01
1.365068259000000062e+01
1.365148267000000004e+01
1.365228274999999947e+01
1.365308283000000067e+01
1.365308283000000067e+01
1.362908043000000013e+01
1.362988050999999956e+01
1.363068059000000076e+01
1.363068059000000076e+01
1.363148067000000019e+01
1.363228074999999961e+01
1.363308083000000082e+01
1.363388091000000024e+01
1.363388091000000024e+01
1.363388091000000024e+01
1.363388091000000024e+01
1.363468098999999967e+01
1.363468098999999967e+01
1.363548107000000087e+01
1.363548107000000087e+01
1.363628115000000030e+01
1.363708122999999972e+01
1.363788130999999915e+01
1.363868139000000035e+01
1.363948146999999977e+01
1.364028154999999920e+01
1.364108163000000040e+01
1.364108163000000040e+01
1.364188170999999983e+01
1.364268178999999925e+01
1.364348187000000046e+01
1.364348187000000046e+01
1.364428194999999988e+01
1.364508202999999931e+01
1.364588211000000051e+01
1.364668218999999993e+01
1.364748226999999936e+01
1.364828235000000056e+01
1.364828235000000056e+01
1.364828235000000056e+01
1.364828235000000056e+01
1.364828235000000056e+01
1.364908242999999999e+01
1.364988250999999941e+01
1.365068259000000062e+01
1.365148267000000004e+01
1.365228274999999947e+01
1.365308283000000067e+01
1.365308283000000067e+01
1.365388291000000009e+01
1.365468298999999952e+01
1.365548307000000072e+01
1.365548307000000072e+01
1.365628315000000015e+01
1.365708322999999957e+01
1.365788331000000078e+01
1.365788331000000078e+01
1.365788331000000078e+01
1.359787730999999944e+01
1.359787730999999944e+01
1.359787730999999944e+01
1.359867739000000064e+01
1.359947747000000007e+01
1.360027754999999949e+01
1.360027754999999949e+01
1.360107763000000070e+01
1.360187771000000012e+01
1.360187771000000012e+01
1.360267778999999955e+01
1.360347787000000075e+01
1.360427795000000017e+01
1.360507802999999960e+01
1.360587811000000080e+01
1.360587811000000080e+01
1.360667819000000023e+01
1.360747826999999965e+01
1.360827835000000086e+01
1.360907843000000028e+01
1.360907843000000028e+01
1.360907843000000028e+01
1.360907843000000028e+01
1.360987850999999971e+01
1.361067858999999913e+01
1.361147867000000033e+01
1.361147867000000033e+01
1.361227874999999976e+01
1.361307882999999919e+01
1.361387891000000039e+01
1.361467898999999981e+01
1.361547906999999924e+01
1.361627915000000044e+01
1.361707922999999987e+01
1.361707922999999987e+01
1.361787930999999929e+01
1.361867939000000050e+01
1.361867939000000050e+01
1.361947946999999992e+01
1.361947946999999992e+01
1.362027954999999935e+01
1.362107963000000055e+01
1.362187970999999997e+01
1.362187970999999997e+01
1.362267978999999940e+01
1.362347987000000060e+01
1.362427995000000003e+01
1.362508002999999945e+01
1.362588011000000066e+01
1.362668019000000008e+01
1.362668019000000008e+01
1.362748026999999951e+01
1.362828035000000071e+01
1.357707523000000016e+01
1.357787530999999959e+01
1.357787530999999959e+01
1.357867539000000079e+01
1.357947547000000021e+01
1.357947547000000021e+01
1.357947547000000021e+01
1.358027554999999964e+01
1.358107563000000084e+01
1.358187571000000027e+01
1.358267578999999969e+01
1.358267578999999969e+01
1.358267578999999969e+01
1.358347586999999912e+01
1.358427595000000032e+01
1.358427595000000032e+01
1.358507602999999975e+01
1.358507602999999975e+01
1.358507602999999975e+01
1.358507602999999975e+01
1.358507602999999975e+01
1.358507602999999975e+01
1.358507602999999975e+01
1.358587610999999917e+01
1.358587610999999917e+01
1.358667619000000037e+01
1.358747626999999980e+01
1.358827634999999923e+01
1.358827634999999923e+01
1.358907643000000043e+01
1.358987650999999985e+01
1.358987650999999985e+01
1.359067658999999928e+01
1.359067658999999928e+01
1.359147667000000048e+01
1.359147667000000048e+01
1.359227674999999991e+01
1.359307682999999933e+01
1.359387691000000054e+01
1.359467698999999996e+01
1.359547706999999939e+01
1.359627715000000059e+01
1.359707723000000001e+01
1.359707723000000001e+01
1.359707723000000001e+01
1.359707723000000001e+01
1.359787730999999944e+01
1.359787730999999944e+01
1.359787730999999944e+01
1.359867739000000064e+01
1.359947747000000007e+01
1.360027754999999949e+01
1.360027754999999949e+01
1.360107763000000070e+01
1.356187371000000041e+01
1.356267378999999984e+01
1.356267378999999984e+01
1.356347386999999927e+01
1.356347386999999927e+01
1.356347386999999927e+01
1.356347386999999927e+01
1.356347386999999927e+01
1.356347386999999927e+01
1.356347386999999927e+01
1.356427395000000047e+01
1.356427395000000047e+01
1.356427395000000047e+01
1.356427395000000047e+01
1.356427395000000047e+01
1.356427395000000047e+01
1.356507402999999989e+01
1.356507402999999989e+01
1.356507402999999989e+01
1.356587410999999932e+01
1.356667419000000052e+01
1.356747426999999995e+01
1.356827434999999937e+01
1.356907443000000058e+01
1.356987451000000000e+01
1.357067458999999943e+01
1.357147467000000063e+01
1.357227475000000005e+01
1.357307482999999948e+01
1.357307482999999948e+01
1.357307482999999948e+01
1.357307482999999948e+01
1.357307482999999948e+01
1.357387491000000068e+01
1.357467499000000011e+01
1.357467499000000011e+01
1.357467499000000011e+01
1.357547506999999953e+01
1.357627515000000074e+01
1.357707523000000016e+01
1.357787530999999959e+01
1.357787530999999959e+01
1.357867539000000079e+01
1.357947547000000021e+01
1.357947547000000021e+01
1.357947547000000021e+01
1.358027554999999964e+01
1.358107563000000084e+01
1.358187571000000027e+01
1.358267578999999969e+01
1.358267578999999969e+01
1.358267578999999969e+01
1.346826435000000011e+01
1.346826435000000011e+01
1.346906442999999953e+01
1.346906442999999953e+01
1.346906442999999953e+01
1.346906442999999953e+01
1.346986451000000073e+01
1.346986451000000073e+01
1.346986451000000073e+01
1.347066459000000016e+01
1.347146466999999959e+01
1.347226475000000079e+01
1.347306483000000021e+01
1.347386490999999964e+01
1.347386490999999964e+01
1.347386490999999964e+01
1.347386490999999964e+01
1.347386490999999964e+01
1.347386490999999964e+01
1.347386490999999964e+01
1.347466499000000084e+01
1.347546507000000027e+01
1.347626514999999969e+01
1.347706522999999912e+01
1.347786531000000032e+01
1.347866538999999975e+01
1.347946546999999917e+01
1.347946546999999917e+01
1.348026555000000037e+01
1.348026555000000037e+01
1.348026555000000037e+01
1.348026555000000037e+01
1.348026555000000037e+01
1.348026555000000037e+01
1.348106562999999980e+01
1.348186570999999923e+01
1.348266579000000043e+01
1.348346586999999985e+01
1.348426594999999928e+01
1.348506603000000048e+01
1.348506603000000048e+01
1.348586610999999991e+01
1.348666618999999933e+01
1.348666618999999933e+01
1.348666618999999933e+01
1.348666618999999933e+01
1.348746627000000053e+01
1.348826634999999996e+01
1.345786331000000047e+01
1.345786331000000047e+01
1.345786331000000047e+01
1.345786331000000047e+01
1.345866338999999989e+01
1.345946346999999932e+01
1.345946346999999932e+01
1.345946346999999932e+01
1.345946346999999932e+01
1.345946346999999932e+01
1.345946346999999932e+01
1.345946346999999932e+01
1.346026355000000052e+01
1.346026355000000052e+01
1.346106362999999995e+01
1.346106362999999995e+01
1.346186370999999937e+01
1.346186370999999937e+01
1.346186370999999937e+01
1.346266379000000057e+01
1.346346387000000000e+01
1.346426394999999943e+01
1.346426394999999943e+01
1.346426394999999943e+01
1.346426394999999943e+01
1.346506403000000063e+01
1.346506403000000063e+01
1.346586411000000005e+01
1.346586411000000005e+01
1.346666418999999948e+01
1.346746427000000068e+01
1.346746427000000068e+01
1.346746427000000068e+01
1.346826435000000011e+01
1.346826435000000011e+01
1.346906442999999953e+01
1.346906442999999953e+01
1.346906442999999953e+01
1.346906442999999953e+01
1.346986451000000073e+01
1.346986451000000073e+01
1.346986451000000073e+01
1.347066459000000016e+01
1.347146466999999959e+01
1.347226475000000079e+01
1.347306483000000021e+01
1.347386490999999964e+01
1.347386490999999964e+01
1.347386490999999964e+01
1.344826235000000025e+01
1.344906242999999968e+01
1.344906242999999968e+01
1.344986251000000088e+01
1.345066259000000031e+01
1.345146266999999973e+01
1.345226274999999916e+01
1.345306283000000036e+01
1.345386290999999979e+01
1.345466298999999921e+01
1.345466298999999921e+01
1.345466298999999921e+01
1.345466298999999921e+01
1.345466298999999921e+01
1.345466298999999921e+01
1.345546307000000041e+01
1.345626314999999984e+01
1.345706322999999927e+01
1.345706322999999927e+01
1.345706322999999927e+01
1.345706322999999927e+01
1.345786331000000047e+01
1.345786331000000047e+01
1.345786331000000047e+01
1.345786331000000047e+01
1.345786331000000047e+01
1.345786331000000047e+01
1.345866338999999989e+01
1.345946346999999932e+01
1.345946346999999932e+01
1.345946346999999932e+01
1.345946346999999932e+01
1.345946346999999932e+01
1.345946346999999932e+01
1.345946346999999932e+01
1.346026355000000052e+01
1.346026355000000052e+01
1.346106362999999995e+01
1.346106362999999995e+01
1.346186370999999937e+01
1.346186370999999937e+01
1.346186370999999937e+01
1.346266379000000057e+01
1.346346387000000000e+01
1.346426394999999943e+01
1.346426394999999943e+01
1.346426394999999943e+01
1.346426394999999943e+01
1.346506403000000063e+01
1.346506403000000063e+01
1.346586411000000005e+01
1.342586011000000035e+01
1.342666018999999977e+01
1.342746026999999920e+01
1.342826035000000040e+01
1.342906042999999983e+01
1.342906042999999983e+01
1.342986050999999925e+01
1.343066059000000045e+01
1.343146066999999988e+01
1.343146066999999988e+01
1.343146066999999988e+01
1.343146066999999988e+01
1.343226074999999931e+01
1.343306083000000051e+01
1.343386090999999993e+01
1.343466098999999936e+01
1.343466098999999936e+01
1.343546107000000056e+01
1.343626114999999999e+01
1.343626114999999999e+01
1.343626114999999999e+01
1.343626114999999999e+01
1.343706122999999941e+01
1.343706122999999941e+01
1.343786131000000061e+01
1.343866139000000004e+01
1.343946146999999947e+01
1.344026155000000067e+01
1.344106163000000009e+01
1.344186170999999952e+01
1.344266179000000072e+01
1.344346187000000015e+01
1.344426194999999957e+01
1.344506203000000077e+01
1.344586211000000020e+01
1.344666218999999963e+01
1.344746227000000083e+01
1.344746227000000083e+01
1.344826235000000025e+01
1.344826235000000025e+01
1.344826235000000025e+01
1.344826235000000025e+01
1.344826235000000025e+01
1.344826235000000025e+01
1.344826235000000025e+01
1.344826235000000025e+01
1.344826235000000025e+01
1.344826235000000025e+01
1.344826235000000025e+01
1.344906242999999968e+01
1.338585611000000064e+01
1.338665619000000007e+01
1.338745626999999949e+01
1.338825635000000069e+01
1.338905643000000012e+01
1.338985650999999955e+01
1.338985650999999955e+01
1.339065659000000075e+01
1.339145667000000017e+01
1.339145667000000017e+01
1.339225674999999960e+01
1.339305683000000080e+01
1.339385691000000023e+01
1.339465698999999965e+01
1.339545707000000085e+01
1.339625715000000028e+01
1.339705722999999971e+01
1.339705722999999971e+01
1.339785730999999913e+01
1.339865739000000033e+01
1.339945746999999976e+01
1.340025754999999918e+01
1.340105763000000039e+01
1.340185770999999981e+01
1.340265778999999924e+01
1.340345787000000044e+01
1.340425794999999987e+01
1.340505802999999929e+01
1.340585811000000049e+01
1.340665818999999992e+01
1.340745826999999935e+01
1.340825835000000055e+01
1.340905842999999997e+01
1.340985850999999940e+01
1.341065859000000060e+01
1.341145867000000003e+01
1.341225874999999945e+01
1.341305883000000065e+01
1.341385891000000008e+01
1.341465898999999951e+01
1.341465898999999951e+01
1.341545907000000071e+01
1.341625915000000013e+01
1.341705922999999956e+01
1.341785931000000076e+01
1.341865939000000019e+01
1.341945946999999961e+01
1.342025955000000081e+01
1.342025955000000081e+01
1.342105963000000024e+01
1.342185970999999967e+01
1.342265979000000087e+01
1.342345987000000029e+01
1.342425994999999972e+01
1.342506002999999914e+01
1.342586011000000035e+01
1.342666018999999977e+01
1.342746026999999920e+01
1.335305282999999932e+01
1.335305282999999932e+01
1.335305282999999932e+01
1.335385291000000052e+01
1.335465298999999995e+01
1.335545306999999937e+01
1.335545306999999937e+01
1.335545306999999937e+01
1.335625315000000057e+01
1.335705323000000000e+01
1.335705323000000000e+01
1.335705323000000000e+01
1.335705323000000000e+01
1.335705323000000000e+01
1.335785330999999942e+01
1.335865339000000063e+01
1.335945347000000005e+01
1.335945347000000005e+01
1.335945347000000005e+01
1.335945347000000005e+01
1.335945347000000005e+01
1.335945347000000005e+01
1.336025354999999948e+01
1.336105363000000068e+01
1.336185371000000011e+01
1.336265378999999953e+01
1.336345387000000073e+01
1.336425395000000016e+01
1.336505402999999959e+01
1.336585411000000079e+01
1.336665419000000021e+01
1.336745426999999964e+01
1.336745426999999964e+01
1.336745426999999964e+01
1.336825435000000084e+01
1.336905443000000027e+01
1.336985450999999969e+01
1.337065458999999912e+01
1.337145467000000032e+01
1.337225474999999975e+01
1.337305482999999917e+01
1.337385491000000037e+01
1.337465498999999980e+01
1.337465498999999980e+01
1.337545506999999922e+01
1.337545506999999922e+01
1.337545506999999922e+01
1.337625515000000043e+01
1.337705522999999985e+01
1.337785530999999928e+01
1.337865539000000048e+01
1.337945546999999991e+01
1.338025554999999933e+01
1.338105563000000053e+01
1.338185570999999996e+01
1.334745226999999979e+01
1.334745226999999979e+01
1.334745226999999979e+01
1.334745226999999979e+01
1.334745226999999979e+01
1.334745226999999979e+01
1.334825234999999921e+01
1.334905243000000041e+01
1.334985250999999984e+01
1.335065258999999926e+01
1.335065258999999926e+01
1.335065258999999926e+01
1.335065258999999926e+01
1.335065258999999926e+01
1.335065258999999926e+01
1.335065258999999926e+01
1.335145267000000047e+01
1.335145267000000047e+01
1.335145267000000047e+01
1.335145267000000047e+01
1.335145267000000047e+01
1.335145267000000047e+01
1.335225274999999989e+01
1.335305282999999932e+01
1.335305282999999932e+01
1.335305282999999932e+01
1.335305282999999932e+01
1.335305282999999932e+01
1.335305282999999932e+01
1.335385291000000052e+01
1.335465298999999995e+01
1.335545306999999937e+01
1.335545306999999937e+01
1.335545306999999937e+01
1.335625315000000057e+01
1.335705323000000000e+01
1.335705323000000000e+01
1.335705323000000000e+01
1.335705323000000000e+01
1.335705323000000000e+01
1.335785330999999942e+01
1.335865339000000063e+01
1.335945347000000005e+01
1.335945347000000005e+01
1.335945347000000005e+01
1.335945347000000005e+01
1.333865139000000077e+01
1.333865139000000077e+01
1.333945147000000020e+01
1.334025154999999963e+01
1.334025154999999963e+01
1.334025154999999963e+01
1.334025154999999963e+01
1.334025154999999963e+01
1.334105163000000083e+01
1.334105163000000083e+01
1.334185171000000025e+01
1.334265178999999968e+01
1.334265178999999968e+01
1.334265178999999968e+01
1.334265178999999968e+01
1.334265178999999968e+01
1.334345187000000088e+01
1.334345187000000088e+01
1.334345187000000088e+01
1.334425195000000031e+01
1.334425195000000031e+01
1.334425195000000031e+01
1.334425195000000031e+01
1.334505202999999973e+01
1.334505202999999973e+01
1.334505202999999973e+01
1.334585210999999916e+01
1.334585210999999916e+01
1.334585210999999916e+01
1.334585210999999916e+01
1.334585210999999916e+01
1.334585210999999916e+01
1.334665219000000036e+01
1.334745226999999979e+01
1.334745226999999979e+01
1.334745226999999979e+01
1.334745226999999979e+01
1.334745226999999979e+01
1.334745226999999979e+01
1.334825234999999921e+01
1.334905243000000041e+01
1.334985250999999984e+01
1.335065258999999926e+01
1.335065258999999926e+01
1.335065258999999926e+01
1.335065258999999926e+01
1.332424993999999963e+01
1.332505002999999988e+01
1.332585010999999930e+01
1.332665019000000051e+01
1.332665019000000051e+01
1.332665019000000051e+01
1.332745026999999993e+01
1.332825034999999936e+01
1.332825034999999936e+01
1.332825034999999936e+01
1.332825034999999936e+01
1.332825034999999936e+01
1.332905043000000056e+01
1.332985050999999999e+01
1.333065058999999941e+01
1.333145067000000061e+01
1.333225075000000004e+01
1.333305082999999946e+01
1.333385091000000067e+01
1.333465099000000009e+01
1.333545106999999952e+01
1.333545106999999952e+01
1.333545106999999952e+01
1.333625115000000072e+01
1.333705123000000015e+01
1.333705123000000015e+01
1.333705123000000015e+01
1.333705123000000015e+01
1.333705123000000015e+01
1.333705123000000015e+01
1.333705123000000015e+01
1.333705123000000015e+01
1.333705123000000015e+01
1.333705123000000015e+01
1.333705123000000015e+01
1.333705123000000015e+01
1.333705123000000015e+01
1.333785130999999957e+01
1.333785130999999957e+01
1.333785130999999957e+01
1.333865139000000077e+01
1.333865139000000077e+01
1.333865139000000077e+01
1.333865139000000077e+01
1.333865139000000077e+01
1.333865139000000077e+01
1.333945147000000020e+01
1.334025154999999963e+01
1.334025154999999963e+01
1.334025154999999963e+01
1.334025154999999963e+01
1.334025154999999963e+01
1.331384889999999999e+01
1.331384889999999999e+01
1.331384889999999999e+01
1.331384889999999999e+01
1.331464897999999941e+01
1.331544906000000061e+01
1.331624914000000004e+01
1.331704921999999947e+01
1.331704921999999947e+01
1.331784930000000067e+01
1.331864938000000009e+01
1.331944945999999952e+01
1.332024954000000072e+01
1.332104962000000015e+01
1.332184969999999957e+01
1.332264978000000077e+01
1.332264978000000077e+01
1.332264978000000077e+01
1.332264978000000077e+01
1.332264978000000077e+01
1.332344986000000020e+01
1.332344986000000020e+01
1.332424993999999963e+01
1.332505002999999988e+01
1.332585010999999930e+01
1.332665019000000051e+01
1.332745026999999993e+01
1.332825034999999936e+01
1.332905043000000056e+01
1.332985050999999999e+01
1.333065058999999941e+01
1.333065058999999941e+01
1.333145067000000061e+01
1.333225075000000004e+01
1.333305082999999946e+01
1.333385091000000067e+01
1.333465099000000009e+01
1.333545106999999952e+01
1.333545106999999952e+01
1.333545106999999952e+01
1.333625115000000072e+01
1.333705123000000015e+01
1.333785130999999957e+01
1.333785130999999957e+01
1.333785130999999957e+01
1.333865139000000077e+01
1.333945147000000020e+01
1.334025154999999963e+01
1.334025154999999963e+01
1.334025154999999963e+01
1.329384690000000013e+01
1.329784730000000081e+01
1.329864738000000024e+01
1.329944745999999967e+01
1.330024754000000087e+01
1.330104762000000029e+01
1.330104762000000029e+01
1.330184769999999972e+01
1.330184769999999972e+01
1.331384889999999999e+01
1.331384889999999999e+01
1.331384889999999999e+01
1.331384889999999999e+01
1.331464897999999941e+01
1.331544906000000061e+01
1.331624914000000004e+01
1.331704921999999947e+01
1.331704921999999947e+01
1.331784930000000067e+01
1.331864938000000009e+01
1.331944945999999952e+01
1.332024954000000072e+01
1.332104962000000015e+01
1.332184969999999957e+01
1.332264978000000077e+01
1.332264978000000077e+01
1.332264978000000077e+01
1.332264978000000077e+01
1.332264978000000077e+01
1.332344986000000020e+01
1.332344986000000020e+01
1.332424993999999963e+01
1.332505002999999988e+01
1.332585010999999930e+01
1.332665019000000051e+01
1.332745026999999993e+01
1.332825034999999936e+01
1.332905043000000056e+01
1.332985050999999999e+01
1.333065058999999941e+01
1.333065058999999941e+01
1.333145067000000061e+01
1.333225075000000004e+01
1.333305082999999946e+01
1.333385091000000067e+01
1.333465099000000009e+01
1.333545106999999952e+01
1.333545106999999952e+01
1.333545106999999952e+01
1.333625115000000072e+01
1.333705123000000015e+01
1.333785130999999957e+01
1.333785130999999957e+01
1.333785130999999957e+01
1.333865139000000077e+01
1.333865139000000077e+01
1.333945147000000020e+01
1.334025154999999963e+01
1.334025154999999963e+01
1.334025154999999963e+01
1.334025154999999963e+01
1.334025154999999963e+01
1.334105163000000083e+01
1.334105163000000083e+01
1.334185171000000025e+01
1.334265178999999968e+01
1.334265178999999968e+01
1.334265178999999968e+01
1.334265178999999968e+01
1.334265178999999968e+01
1.334345187000000088e+01
1.334345187000000088e+01
1.334345187000000088e+01
1.334425195000000031e+01
1.334425195000000031e+01
1.334425195000000031e+01
1.334425195000000031e+01
1.334505202999999973e+01
1.334505202999999973e+01
1.334505202999999973e+01
1.334585210999999916e+01
1.334585210999999916e+01
1.334585210999999916e+01
1.334585210999999916e+01
1.334585210999999916e+01
1.334585210999999916e+01
1.334665219000000036e+01
1.334745226999999979e+01
1.334745226999999979e+01
1.334745226999999979e+01
1.334745226999999979e+01
1.334745226999999979e+01
1.334745226999999979e+01
1.334825234999999921e+01
1.334905243000000041e+01
1.334985250999999984e+01
1.335065258999999926e+01
1.335065258999999926e+01
1.335065258999999926e+01
1.335065258999999926e+01
1.334745226999999979e+01
1.334745226999999979e+01
1.334745226999999979e+01
1.334745226999999979e+01
1.334745226999999979e+01
1.334825234999999921e+01
1.334905243000000041e+01
1.334985250999999984e+01
1.335065258999999926e+01
1.335065258999999926e+01
1.335065258999999926e+01
1.335065258999999926e+01
1.335065258999999926e+01
1.335065258999999926e+01
1.335065258999999926e+01
1.335145267000000047e+01
1.335145267000000047e+01
1.335145267000000047e+01
1.335145267000000047e+01
1.335145267000000047e+01
1.335145267000000047e+01
1.335225274999999989e+01
1.335305282999999932e+01
1.335305282999999932e+01
1.335305282999999932e+01
1.335305282999999932e+01
1.335305282999999932e+01
1.335305282999999932e+01
1.335385291000000052e+01
1.335465298999999995e+01
1.335545306999999937e+01
1.335545306999999937e+01
1.335545306999999937e+01
1.335625315000000057e+01
1.335705323000000000e+01
1.335705323000000000e+01
1.335705323000000000e+01
1.335705323000000000e+01
1.335705323000000000e+01
1.335785330999999942e+01
1.335865339000000063e+01
1.335945347000000005e+01
1.335945347000000005e+01
1.335945347000000005e+01
1.335945347000000005e+01
1.340745826999999935e+01
1.340825835000000055e+01
1.340905842999999997e+01
1.340985850999999940e+01
1.341065859000000060e+01
1.341145867000000003e+01
1.341225874999999945e+01
1.341305883000000065e+01
1.341385891000000008e+01
1.341465898999999951e+01
1.341465898999999951e+01
1.341545907000000071e+01
1.341625915000000013e+01
1.341705922999999956e+01
1.341785931000000076e+01
1.341865939000000019e+01
1.341945946999999961e+01
1.342025955000000081e+01
1.342025955000000081e+01
1.342105963000000024e+01
1.342185970999999967e+01
1.342265979000000087e+01
1.342345987000000029e+01
1.342425994999999972e+01
1.342506002999999914e+01
1.342586011000000035e+01
1.342666018999999977e+01
1.342746026999999920e+01
1.342826035000000040e+01
1.342906042999999983e+01
1.342906042999999983e+01
1.342986050999999925e+01
1.343066059000000045e+01
1.343146066999999988e+01
1.343146066999999988e+01
1.343146066999999988e+01
1.343146066999999988e+01
1.343226074999999931e+01
1.343306083000000051e+01
1.343386090999999993e+01
1.343466098999999936e+01
1.343466098999999936e+01
1.343546107000000056e+01
1.343626114999999999e+01
1.343626114999999999e+01
1.343626114999999999e+01
1.343626114999999999e+01
1.343706122999999941e+01
1.343706122999999941e+01
1.343466098999999936e+01
1.343546107000000056e+01
1.343626114999999999e+01
1.343626114999999999e+01
1.343626114999999999e+01
1.343626114999999999e+01
1.343706122999999941e+01
1.343706122999999941e+01
1.343786131000000061e+01
1.343866139000000004e+01
1.343946146999999947e+01
1.344026155000000067e+01
1.344106163000000009e+01
1.344186170999999952e+01
1.344266179000000072e+01
1.344346187000000015e+01
1.344426194999999957e+01
1.344506203000000077e+01
1.344586211000000020e+01
1.344666218999999963e+01
1.344746227000000083e+01
1.344746227000000083e+01
1.344826235000000025e+01
1.344826235000000025e+01
1.344826235000000025e+01
1.344826235000000025e+01
1.344826235000000025e+01
1.344826235000000025e+01
1.344826235000000025e+01
1.344826235000000025e+01
1.344826235000000025e+01
1.344826235000000025e+01
1.344826235000000025e+01
1.344906242999999968e+01
1.344906242999999968e+01
1.344986251000000088e+01
1.345066259000000031e+01
1.345146266999999973e+01
1.345226274999999916e+01
1.345306283000000036e+01
1.345386290999999979e+01
1.345466298999999921e+01
1.345466298999999921e+01
1.345466298999999921e+01
1.345466298999999921e+01
1.345466298999999921e+01
1.345466298999999921e+01
1.345546307000000041e+01
1.345626314999999984e+01
1.345626314999999984e+01
1.345706322999999927e+01
1.345706322999999927e+01
1.345706322999999927e+01
1.345706322999999927e+01
1.345786331000000047e+01
1.345786331000000047e+01
1.345786331000000047e+01
1.345786331000000047e+01
1.345786331000000047e+01
1.345786331000000047e+01
1.345866338999999989e+01
1.345946346999999932e+01
1.345946346999999932e+01
1.345946346999999932e+01
1.345946346999999932e+01
1.345946346999999932e+01
1.345946346999999932e+01
1.345946346999999932e+01
1.346026355000000052e+01
1.346026355000000052e+01
1.346106362999999995e+01
1.346106362999999995e+01
1.346186370999999937e+01
1.346186370999999937e+01
1.346186370999999937e+01
1.346266379000000057e+01
1.346346387000000000e+01
1.346426394999999943e+01
1.346426394999999943e+01
1.346426394999999943e+01
1.346426394999999943e+01
1.346506403000000063e+01
1.346506403000000063e+01
1.346586411000000005e+01
1.346586411000000005e+01
1.346666418999999948e+01
1.346746427000000068e+01
1.346746427000000068e+01
1.346746427000000068e+01
1.346826435000000011e+01
1.346826435000000011e+01
1.346906442999999953e+01
1.346906442999999953e+01
1.346906442999999953e+01
1.346906442999999953e+01
1.346986451000000073e+01
1.346426394999999943e+01
1.346426394999999943e+01
1.346426394999999943e+01
1.346426394999999943e+01
1.346506403000000063e+01
1.346506403000000063e+01
1.346586411000000005e+01
1.346586411000000005e+01
1.346666418999999948e+01
1.346746427000000068e+01
1.346746427000000068e+01
1.346746427000000068e+01
1.346826435000000011e+01
1.346826435000000011e+01
1.346906442999999953e+01
1.346906442999999953e+01
1.346906442999999953e+01
1.346906442999999953e+01
1.346986451000000073e+01
1.346986451000000073e+01
1.346986451000000073e+01
1.347066459000000016e+01
1.347146466999999959e+01
1.347226475000000079e+01
1.347306483000000021e+01
1.347386490999999964e+01
1.347386490999999964e+01
1.347386490999999964e+01
1.347386490999999964e+01
1.347386490999999964e+01
1.347386490999999964e+01
1.347386490999999964e+01
1.347466499000000084e+01
1.347546507000000027e+01
1.347626514999999969e+01
1.347706522999999912e+01
1.347786531000000032e+01
1.347866538999999975e+01
1.347946546999999917e+01
1.347946546999999917e+01
1.348026555000000037e+01
1.348026555000000037e+01
1.348026555000000037e+01
1.348026555000000037e+01
1.350426794999999913e+01
1.350506803000000033e+01
1.350586810999999976e+01
1.350586810999999976e+01
1.350666818999999919e+01
1.350746827000000039e+01
1.350826834999999981e+01
1.350906842999999924e+01
1.350986851000000044e+01
1.350986851000000044e+01
1.351066858999999987e+01
1.351146866999999929e+01
1.351226875000000049e+01
1.351226875000000049e+01
1.351226875000000049e+01
1.351226875000000049e+01
1.351226875000000049e+01
1.351226875000000049e+01
1.351306882999999992e+01
1.351386890999999935e+01
1.351466899000000055e+01
1.351546906999999997e+01
1.351626914999999940e+01
1.351706923000000060e+01
1.351706923000000060e+01
1.351706923000000060e+01
1.351786931000000003e+01
1.351866938999999945e+01
1.351946947000000065e+01
1.352026955000000008e+01
1.352106962999999951e+01
1.352186971000000071e+01
1.352266979000000013e+01
1.352346986999999956e+01
1.352426995000000076e+01
1.352507003000000019e+01
1.352587010999999961e+01
1.352667019000000082e+01
1.352747027000000024e+01
1.352747027000000024e+01
1.352827034999999967e+01
1.352907043000000087e+01
1.352987051000000029e+01
1.353067058999999972e+01
1.353147066999999915e+01
1.353227075000000035e+01
1.353307082999999977e+01
1.353387090999999920e+01
1.353467099000000040e+01
1.353547106999999983e+01
1.353547106999999983e+01
1.353547106999999983e+01
1.353547106999999983e+01
1.353547106999999983e+01
1.353547106999999983e+01
1.353547106999999983e+01
1.353627114999999925e+01
1.352667019000000082e+01
1.352747027000000024e+01
1.352747027000000024e+01
1.352827034999999967e+01
1.352907043000000087e+01
1.352987051000000029e+01
1.353067058999999972e+01
1.353147066999999915e+01
1.353227075000000035e+01
1.353307082999999977e+01
1.353387090999999920e+01
1.353467099000000040e+01
1.353547106999999983e+01
1.353547106999999983e+01
1.353547106999999983e+01
1.353547106999999983e+01
1.353547106999999983e+01
1.353547106999999983e+01
1.353547106999999983e+01
1.353627114999999925e+01
1.353707123000000045e+01
1.353787130999999988e+01
1.353867138999999931e+01
1.353867138999999931e+01
1.353947147000000051e+01
1.354027154999999993e+01
1.354107162999999936e+01
1.354187171000000056e+01
1.354267178999999999e+01
1.354347186999999941e+01
1.354427195000000061e+01
1.354427195000000061e+01
1.354427195000000061e+01
1.354507203000000004e+01
1.354587210999999947e+01
1.354667219000000067e+01
1.354747227000000009e+01
1.354827234999999952e+01
1.354907243000000072e+01
1.354987251000000015e+01
1.354987251000000015e+01
1.355067258999999957e+01
1.355147267000000078e+01
1.355227275000000020e+01
1.355227275000000020e+01
1.355227275000000020e+01
1.355227275000000020e+01
1.355227275000000020e+01
1.355307282999999963e+01
1.355387291000000083e+01
1.355467299000000025e+01
1.355547306999999968e+01
1.355627315000000088e+01
1.355707323000000031e+01
1.355707323000000031e+01
1.355787330999999973e+01
1.355227275000000020e+01
1.355227275000000020e+01
1.355227275000000020e+01
1.355227275000000020e+01
1.355307282999999963e+01
1.355387291000000083e+01
1.355467299000000025e+01
1.355547306999999968e+01
1.355627315000000088e+01
1.355707323000000031e+01
1.355707323000000031e+01
1.355787330999999973e+01
1.355867338999999916e+01
1.355867338999999916e+01
1.355867338999999916e+01
1.355867338999999916e+01
1.355867338999999916e+01
1.355867338999999916e+01
1.355867338999999916e+01
1.355947347000000036e+01
1.356027354999999979e+01
1.356107362999999921e+01
1.356187371000000041e+01
1.356187371000000041e+01
1.356267378999999984e+01
1.356267378999999984e+01
1.356347386999999927e+01
1.356347386999999927e+01
1.356347386999999927e+01
1.356347386999999927e+01
1.356347386999999927e+01
1.356347386999999927e+01
1.356347386999999927e+01
1.356427395000000047e+01
1.356427395000000047e+01
1.356427395000000047e+01
1.356427395000000047e+01
1.356427395000000047e+01
1.356427395000000047e+01
1.358427595000000032e+01
1.358507602999999975e+01
1.358507602999999975e+01
1.358507602999999975e+01
1.358507602999999975e+01
1.358507602999999975e+01
1.358507602999999975e+01
1.358507602999999975e+01
1.358587610999999917e+01
1.358587610999999917e+01
1.358667619000000037e+01
1.358747626999999980e+01
1.358827634999999923e+01
1.358827634999999923e+01
1.358907643000000043e+01
1.358987650999999985e+01
1.358987650999999985e+01
1.359067658999999928e+01
1.359067658999999928e+01
1.359147667000000048e+01
1.359147667000000048e+01
1.359227674999999991e+01
1.359307682999999933e+01
1.359387691000000054e+01
1.359467698999999996e+01
1.359547706999999939e+01
1.359627715000000059e+01
1.359707723000000001e+01
1.359707723000000001e+01
1.359707723000000001e+01
1.359707723000000001e+01
1.359787730999999944e+01
1.359787730999999944e+01
1.359787730999999944e+01
1.359867739000000064e+01
1.359947747000000007e+01
1.360027754999999949e+01
1.360027754999999949e+01
1.360107763000000070e+01
1.360187771000000012e+01
1.360187771000000012e+01
1.360267778999999955e+01
1.360347787000000075e+01
1.360427795000000017e+01
1.360507802999999960e+01
1.360587811000000080e+01
1.360587811000000080e+01
1.360667819000000023e+01
1.360747826999999965e+01
1.360827835000000086e+01
1.360907843000000028e+01
1.361467898999999981e+01
1.361547906999999924e+01
1.361627915000000044e+01
1.361707922999999987e+01
1.361707922999999987e+01
1.361787930999999929e+01
1.361867939000000050e+01
1.361867939000000050e+01
1.361947946999999992e+01
1.361947946999999992e+01
1.362027954999999935e+01
1.362107963000000055e+01
1.362187970999999997e+01
1.362187970999999997e+01
1.362267978999999940e+01
1.362347987000000060e+01
1.362427995000000003e+01
1.362508002999999945e+01
1.362588011000000066e+01
1.362668019000000008e+01
1.362668019000000008e+01
1.362748026999999951e+01
1.362828035000000071e+01
1.362908043000000013e+01
1.362988050999999956e+01
1.363068059000000076e+01
1.363068059000000076e+01
1.363148067000000019e+01
1.363228074999999961e+01
1.363308083000000082e+01
1.363388091000000024e+01
1.363388091000000024e+01
1.363388091000000024e+01
1.363388091000000024e+01
1.363468098999999967e+01
1.363468098999999967e+01
1.363548107000000087e+01
1.363548107000000087e+01
1.363628115000000030e+01
1.363708122999999972e+01
1.363788130999999915e+01
1.363868139000000035e+01
1.363948146999999977e+01
1.364028154999999920e+01
1.364108163000000040e+01
1.364108163000000040e+01
1.364188170999999983e+01
1.364268178999999925e+01
1.364348187000000046e+01
1.364348187000000046e+01
1.364428194999999988e+01
1.364508202999999931e+01
1.362588011000000066e+01
1.362668019000000008e+01
1.362668019000000008e+01
1.362748026999999951e+01
1.362828035000000071e+01
1.362908043000000013e+01
1.362988050999999956e+01
1.363068059000000076e+01
1.363068059000000076e+01
1.363148067000000019e+01
1.363228074999999961e+01
1.363308083000000082e+01
1.363388091000000024e+01
1.363388091000000024e+01
1.363388091000000024e+01
1.363388091000000024e+01
1.363468098999999967e+01
1.363468098999999967e+01
1.363548107000000087e+01
1.363548107000000087e+01
1.363628115000000030e+01
1.363708122999999972e+01
1.363788130999999915e+01
1.363868139000000035e+01
1.363948146999999977e+01
1.364028154999999920e+01
1.364108163000000040e+01
1.364108163000000040e+01
1.364188170999999983e+01
1.364268178999999925e+01
1.364348187000000046e+01
1.364348187000000046e+01
1.364428194999999988e+01
1.364508202999999931e+01
1.364588211000000051e+01
1.364668218999999993e+01
1.364748226999999936e+01
1.364828235000000056e+01
1.364828235000000056e+01
1.364828235000000056e+01
1.364828235000000056e+01
1.364828235000000056e+01
1.364908242999999999e+01
1.364988250999999941e+01
1.365068259000000062e+01
1.365148267000000004e+01
1.365228274999999947e+01
1.365308283000000067e+01
1.365308283000000067e+01
1.365388291000000009e+01
1.365468298999999952e+01
1.365548307000000072e+01
1.357067458999999943e+01
1.357147467000000063e+01
1.357227475000000005e+01
1.357307482999999948e+01
1.357307482999999948e+01
1.357307482999999948e+01
1.357307482999999948e+01
1.357307482999999948e+01
1.357387491000000068e+01
1.357467499000000011e+01
1.357467499000000011e+01
1.357467499000000011e+01
1.357547506999999953e+01
1.357627515000000074e+01
1.357707523000000016e+01
1.357787530999999959e+01
1.357787530999999959e+01
1.357867539000000079e+01
1.357947547000000021e+01
1.357947547000000021e+01
1.357947547000000021e+01
1.358027554999999964e+01
1.358107563000000084e+01
1.358187571000000027e+01
1.358267578999999969e+01
1.358267578999999969e+01
1.358267578999999969e+01
1.358347586999999912e+01
1.358427595000000032e+01
1.358427595000000032e+01
1.358507602999999975e+01
1.351626914999999940e+01
1.351706923000000060e+01
1.351706923000000060e+01
1.351706923000000060e+01
1.351786931000000003e+01
1.351866938999999945e+01
1.351946947000000065e+01
1.352026955000000008e+01
1.352106962999999951e+01
1.352186971000000071e+01
1.352266979000000013e+01
1.352346986999999956e+01
1.352426995000000076e+01
1.352507003000000019e+01
1.352587010999999961e+01
1.352667019000000082e+01
1.352747027000000024e+01
1.352747027000000024e+01
1.352827034999999967e+01
1.352907043000000087e+01
1.352987051000000029e+01
1.353067058999999972e+01
1.353147066999999915e+01
1.353227075000000035e+01
1.353307082999999977e+01
1.353387090999999920e+01
1.353467099000000040e+01
1.353547106999999983e+01
1.353547106999999983e+01
1.353547106999999983e+01
1.353547106999999983e+01
1.353547106999999983e+01
1.353547106999999983e+01
1.353547106999999983e+01
1.353627114999999925e+01
1.353707123000000045e+01
1.353787130999999988e+01
1.353867138999999931e+01
1.353867138999999931e+01
1.353947147000000051e+01
1.354027154999999993e+01
1.354107162999999936e+01
1.354187171000000056e+01
1.354267178999999999e+01
1.354347186999999941e+01
1.354427195000000061e+01
1.354427195000000061e+01
1.354427195000000061e+01
1.354507203000000004e+01
1.354587210999999947e+01
1.354667219000000067e+01
1.354747227000000009e+01
1.354827234999999952e+01
1.354907243000000072e+01
1.347386490999999964e+01
1.347466499000000084e+01
1.347546507000000027e+01
1.347626514999999969e+01
1.347706522999999912e+01
1.347786531000000032e+01
1.347866538999999975e+01
1.347946546999999917e+01
1.347946546999999917e+01
1.348026555000000037e+01
1.348026555000000037e+01
1.348026555000000037e+01
1.348026555000000037e+01
1.348026555000000037e+01
1.348026555000000037e+01
1.348106562999999980e+01
1.348186570999999923e+01
1.348266579000000043e+01
1.348346586999999985e+01
1.348426594999999928e+01
1.348506603000000048e+01
1.348506603000000048e+01
1.348586610999999991e+01
1.348666618999999933e+01
1.348666618999999933e+01
1.348666618999999933e+01
1.348666618999999933e+01
1.348746627000000053e+01
1.348826634999999996e+01
1.348906642999999939e+01
1.348986651000000059e+01
1.349066659000000001e+01
1.349146666999999944e+01
1.349226675000000064e+01
1.349226675000000064e+01
1.349226675000000064e+01
1.349306683000000007e+01
1.349386690999999949e+01
1.349466699000000069e+01
1.349546707000000012e+01
1.349626714999999955e+01
1.349626714999999955e+01
1.349626714999999955e+01
1.349706723000000075e+01
1.349706723000000075e+01
1.349706723000000075e+01
1.349786731000000017e+01
1.349866738999999960e+01
1.349946747000000080e+01
1.350026755000000023e+01
1.350026755000000023e+01
1.350106762999999965e+01
1.350186771000000086e+01
1.350266779000000028e+01
1.350266779000000028e+01
1.350346786999999971e+01
1.350426794999999913e+01
1.350506803000000033e+01
1.344906242999999968e+01
1.344986251000000088e+01
1.345066259000000031e+01
1.345146266999999973e+01
1.345226274999999916e+01
1.345306283000000036e+01
1.345386290999999979e+01
1.345466298999999921e+01
1.345466298999999921e+01
1.345466298999999921e+01
1.345466298999999921e+01
1.345466298999999921e+01
1.345466298999999921e+01
1.345546307000000041e+01
1.345626314999999984e+01
1.345706322999999927e+01
1.345706322999999927e+01
1.345706322999999927e+01
1.345706322999999927e+01
1.345786331000000047e+01
1.345786331000000047e+01
1.345786331000000047e+01
1.345786331000000047e+01
1.345786331000000047e+01
1.345786331000000047e+01
1.345866338999999989e+01
1.345946346999999932e+01
1.345946346999999932e+01
1.345946346999999932e+01
1.345946346999999932e+01
1.345946346999999932e+01
1.345946346999999932e+01
1.345946346999999932e+01
1.346026355000000052e+01
1.346026355000000052e+01
1.346106362999999995e+01
1.346106362999999995e+01
1.346186370999999937e+01
1.346186370999999937e+01
1.346186370999999937e+01
1.346266379000000057e+01
1.346346387000000000e+01
1.346426394999999943e+01
1.346426394999999943e+01
1.346426394999999943e+01
1.346426394999999943e+01
1.346506403000000063e+01
1.346506403000000063e+01
1.346586411000000005e+01
1.346586411000000005e+01
1.346666418999999948e+01
1.343626114999999999e+01
1.343706122999999941e+01
1.343706122999999941e+01
1.343786131000000061e+01
1.343866139000000004e+01
1.343946146999999947e+01
1.344026155000000067e+01
1.344106163000000009e+01
1.344186170999999952e+01
1.344266179000000072e+01
1.344346187000000015e+01
1.344426194999999957e+01
1.344506203000000077e+01
1.344586211000000020e+01
1.344666218999999963e+01
1.344746227000000083e+01
1.344746227000000083e+01
1.344826235000000025e+01
1.344826235000000025e+01
1.344826235000000025e+01
1.344826235000000025e+01
1.344826235000000025e+01
1.344826235000000025e+01
1.344826235000000025e+01
1.344826235000000025e+01
1.344826235000000025e+01
1.344826235000000025e+01
1.344826235000000025e+01
1.344906242999999968e+01
1.344906242999999968e+01
1.344986251000000088e+01
1.345066259000000031e+01
1.345146266999999973e+01
1.345226274999999916e+01
1.345306283000000036e+01
1.345386290999999979e+01
1.345466298999999921e+01
1.345466298999999921e+01
1.345466298999999921e+01
1.345466298999999921e+01
1.345466298999999921e+01
1.345466298999999921e+01
1.345546307000000041e+01
1.345626314999999984e+01
1.345706322999999927e+01
1.345706322999999927e+01
1.345706322999999927e+01
1.345706322999999927e+01
1.338185570999999996e+01
1.338265578999999939e+01
1.338265578999999939e+01
1.338345587000000059e+01
1.338425595000000001e+01
1.338505602999999944e+01
1.338585611000000064e+01
1.338665619000000007e+01
1.338745626999999949e+01
1.338825635000000069e+01
1.338905643000000012e+01
1.338985650999999955e+01
1.338985650999999955e+01
1.339065659000000075e+01
1.339145667000000017e+01
1.339145667000000017e+01
1.339225674999999960e+01
1.339305683000000080e+01
1.339385691000000023e+01
1.339465698999999965e+01
1.339545707000000085e+01
1.339625715000000028e+01
1.339705722999999971e+01
1.339705722999999971e+01
1.339785730999999913e+01
1.339865739000000033e+01
1.339945746999999976e+01
1.340025754999999918e+01
1.340105763000000039e+01
1.340185770999999981e+01
1.340265778999999924e+01
1.340345787000000044e+01
1.340425794999999987e+01
1.340505802999999929e+01
1.340585811000000049e+01
1.340665818999999992e+01
1.340745826999999935e+01
1.340825835000000055e+01
1.340905842999999997e+01
1.340985850999999940e+01
1.341065859000000060e+01
1.341145867000000003e+01
1.341225874999999945e+01
1.341305883000000065e+01
1.341385891000000008e+01
1.341465898999999951e+01
1.341465898999999951e+01
1.341545907000000071e+01
1.341625915000000013e+01
1.341705922999999956e+01
1.341785931000000076e+01
1.341865939000000019e+01
1.341945946999999961e+01
1.334745226999999979e+01
1.334745226999999979e+01
1.334745226999999979e+01
1.334745226999999979e+01
1.334745226999999979e+01
1.334825234999999921e+01
1.334905243000000041e+01
1.334985250999999984e+01
1.335065258999999926e+01
1.335065258999999926e+01
1.335065258999999926e+01
1.335065258999999926e+01
1.335065258999999926e+01
1.335065258999999926e+01
1.335065258999999926e+01
1.335145267000000047e+01
1.335145267000000047e+01
1.335145267000000047e+01
1.335145267000000047e+01
1.335145267000000047e+01
1.335145267000000047e+01
1.335225274999999989e+01
1.335305282999999932e+01
1.335305282999999932e+01
1.335305282999999932e+01
1.335305282999999932e+01
1.335305282999999932e+01
1.335305282999999932e+01
1.335385291000000052e+01
1.335465298999999995e+01
1.335545306999999937e+01
1.335545306999999937e+01
1.335545306999999937e+01
1.335625315000000057e+01
1.335705323000000000e+01
1.335705323000000000e+01
1.335705323000000000e+01
1.335705323000000000e+01
1.335705323000000000e+01
1.335785330999999942e+01
1.335865339000000063e+01
1.335945347000000005e+01
1.335945347000000005e+01
1.335945347000000005e+01
1.335945347000000005e+01
1.335945347000000005e+01
1.334025154999999963e+01
1.334025154999999963e+01
1.334025154999999963e+01
1.334105163000000083e+01
1.334105163000000083e+01
1.334185171000000025e+01
1.334265178999999968e+01
1.334265178999999968e+01
1.334265178999999968e+01
1.334265178999999968e+01
1.334265178999999968e+01
1.334345187000000088e+01
1.334345187000000088e+01
1.334345187000000088e+01
1.334425195000000031e+01
1.334425195000000031e+01
1.334425195000000031e+01
1.334425195000000031e+01
1.334505202999999973e+01
1.334505202999999973e+01
1.334505202999999973e+01
1.334585210999999916e+01
1.334585210999999916e+01
1.334585210999999916e+01
1.334585210999999916e+01
1.334585210999999916e+01
1.334585210999999916e+01
1.334665219000000036e+01
1.334745226999999979e+01
1.334745226999999979e+01
1.334745226999999979e+01
1.334745226999999979e+01
1.334745226999999979e+01
1.334745226999999979e+01
1.334825234999999921e+01
1.334905243000000041e+01
1.334985250999999984e+01
1.335065258999999926e+01
1.335065258999999926e+01
1.335065258999999926e+01
1.335065258999999926e+01
1.335065258999999926e+01
1.335065258999999926e+01
1.335065258999999926e+01
1.335145267000000047e+01
1.331624914000000004e+01
1.331704921999999947e+01
1.331784930000000067e+01
1.331864938000000009e+01
1.331944945999999952e+01
1.332024954000000072e+01
1.332104962000000015e+01
1.332104962000000015e+01
1.332104962000000015e+01
1.332104962000000015e+01
1.332104962000000015e+01
1.332184969999999957e+01
1.332184969999999957e+01
1.332264978000000077e+01
1.332344986000000020e+01
1.332424993999999963e+01
1.332424993999999963e+01
1.332505002999999988e+01
1.332585010999999930e+01
1.332665019000000051e+01
1.332665019000000051e+01
1.332665019000000051e+01
1.332745026999999993e+01
1.332825034999999936e+01
1.332825034999999936e+01
1.332825034999999936e+01
1.332825034999999936e+01
1.332825034999999936e+01
1.332905043000000056e+01
1.332985050999999999e+01
1.333065058999999941e+01
1.333145067000000061e+01
1.333225075000000004e+01
1.333305082999999946e+01
1.333385091000000067e+01
1.333465099000000009e+01
1.333545106999999952e+01
1.333545106999999952e+01
1.333545106999999952e+01
1.333625115000000072e+01
1.333705123000000015e+01
1.333705123000000015e+01
1.333705123000000015e+01
1.333705123000000015e+01
1.333705123000000015e+01
1.333705123000000015e+01
1.333705123000000015e+01
1.333705123000000015e+01
1.333705123000000015e+01
1.333705123000000015e+01
1.333705123000000015e+01
1.333705123000000015e+01
1.333705123000000015e+01
1.333785130999999957e+01
1.333785130999999957e+01
