2.062122052000000139e+01
2.062122052000000139e+01
2.062522092000000029e+01
2.062922131999999920e+01
2.062922131999999920e+01
2.063322172000000165e+01
2.063322172000000165e+01
2.063722212000000056e+01
2.063722212000000056e+01
2.063722212000000056e+01
2.064122251999999946e+01
2.064122251999999946e+01
2.064522291999999837e+01
2.064522291999999837e+01
2.064922332000000083e+01
2.065322371999999973e+01
2.065722411999999863e+01
2.066122452000000109e+01
2.063322172000000165e+01
2.063722212000000056e+01
2.063722212000000056e+01
2.063722212000000056e+01
2.064122251999999946e+01
2.064522291999999837e+01
2.064922332000000083e+01
2.064922332000000083e+01
2.065322371999999973e+01
2.064922332000000083e+01
2.065322371999999973e+01
2.065722411999999863e+01
2.066122452000000109e+01
2.066122452000000109e+01
2.066522492000000000e+01
2.066522492000000000e+01
2.063722212000000056e+01
2.064122251999999946e+01
2.064522291999999837e+01
2.064922332000000083e+01
2.064922332000000083e+01
2.065322371999999973e+01
2.065322371999999973e+01
2.065322371999999973e+01
2.065722411999999863e+01
2.066122452000000109e+01
2.066522492000000000e+01
2.066522492000000000e+01
2.066922531999999890e+01
2.066922531999999890e+01
2.065322371999999973e+01
2.065322371999999973e+01
2.065322371999999973e+01
2.065722411999999863e+01
2.066122452000000109e+01
2.066522492000000000e+01
2.066522492000000000e+01
2.066922531999999890e+01
2.067322572000000136e+01
2.066922531999999890e+01
2.067322572000000136e+01
2.067722612000000026e+01
2.068122651999999917e+01
2.068122651999999917e+01
2.068522692000000163e+01
2.066922531999999890e+01
2.067322572000000136e+01
2.067322572000000136e+01
2.067322572000000136e+01
2.067722612000000026e+01
2.068122651999999917e+01
2.068522692000000163e+01
2.068922732000000053e+01
2.068922732000000053e+01
2.068922732000000053e+01
2.068522692000000163e+01
2.068922732000000053e+01
2.069322771999999944e+01
2.069322771999999944e+01
2.069722811999999834e+01
2.070122852000000080e+01
2.070122852000000080e+01
2.070522891999999970e+01
2.069322771999999944e+01
2.069722811999999834e+01
2.070122852000000080e+01
2.070122852000000080e+01
2.070122852000000080e+01
2.070522891999999970e+01
2.070922931999999861e+01
2.070922931999999861e+01
2.071322972000000107e+01
2.071723011999999997e+01
2.072123051999999888e+01
2.072123051999999888e+01
2.070122852000000080e+01
2.070122852000000080e+01
2.070922931999999861e+01
2.071322972000000107e+01
2.071723011999999997e+01
2.072123051999999888e+01
2.072123051999999888e+01
2.072123051999999888e+01
2.072523092000000133e+01
2.072923132000000024e+01
2.073323171999999914e+01
2.072523092000000133e+01
2.072923132000000024e+01
2.073323171999999914e+01
2.073323171999999914e+01
2.073723212000000160e+01
2.074123252000000051e+01
2.074123252000000051e+01
2.074123252000000051e+01
2.074523291999999941e+01
2.074123252000000051e+01
2.074523291999999941e+01
2.074523291999999941e+01
2.074923331999999832e+01
2.075323372000000077e+01
2.075723411999999968e+01
2.075723411999999968e+01
2.073723212000000160e+01
2.074123252000000051e+01
2.074123252000000051e+01
2.074123252000000051e+01
2.074523291999999941e+01
2.074923331999999832e+01
2.075323372000000077e+01
2.075723411999999968e+01
2.075723411999999968e+01
2.076123451999999858e+01
2.074523291999999941e+01
2.074923331999999832e+01
2.075323372000000077e+01
2.075723411999999968e+01
2.075723411999999968e+01
2.076123451999999858e+01
2.075323372000000077e+01
2.075723411999999968e+01
2.075723411999999968e+01
2.076123451999999858e+01
2.076523492000000104e+01
2.076523492000000104e+01
2.076923531999999994e+01
2.077323571999999885e+01
2.076123451999999858e+01
2.076523492000000104e+01
2.076523492000000104e+01
2.076923531999999994e+01
2.077323571999999885e+01
2.077723612000000131e+01
2.077723612000000131e+01
2.078123652000000021e+01
2.078523691999999912e+01
2.077723612000000131e+01
2.077723612000000131e+01
2.078123652000000021e+01
2.078523691999999912e+01
2.078523691999999912e+01
2.078923732000000157e+01
2.079323772000000048e+01
2.079723811999999938e+01
2.080123851999999829e+01
2.079723811999999938e+01
2.080123851999999829e+01
2.080523892000000075e+01
2.080523892000000075e+01
2.080923931999999965e+01
2.081323971999999856e+01
2.086124451999999962e+01
2.086124451999999962e+01
2.086524491999999853e+01
2.086924532000000099e+01
2.087324571999999989e+01
2.087724611999999880e+01
2.088124652000000125e+01
2.088524692000000016e+01
2.088524692000000016e+01
2.088924731999999906e+01
2.089324772000000152e+01
2.089724812000000043e+01
2.090124851999999933e+01
2.090524891999999824e+01
2.087324571999999989e+01
2.087724611999999880e+01
2.088124652000000125e+01
2.088524692000000016e+01
2.088524692000000016e+01
2.088924731999999906e+01
2.089324772000000152e+01
2.088924731999999906e+01
2.089324772000000152e+01
2.089724812000000043e+01
2.090124851999999933e+01
2.090524891999999824e+01
2.090524891999999824e+01
2.090924932000000069e+01
2.090924932000000069e+01
2.091324971999999960e+01
2.088524692000000016e+01
2.088524692000000016e+01
2.088924731999999906e+01
2.089324772000000152e+01
2.089324772000000152e+01
2.089724812000000043e+01
2.090124851999999933e+01
2.090524891999999824e+01
2.090524891999999824e+01
2.090524891999999824e+01
2.090924932000000069e+01
2.090924932000000069e+01
2.091324971999999960e+01
2.091725012999999933e+01
2.092125052999999824e+01
2.092525093000000069e+01
2.088524692000000016e+01
2.088924731999999906e+01
2.089324772000000152e+01
2.089324772000000152e+01
2.089724812000000043e+01
2.090124851999999933e+01
2.090524891999999824e+01
2.090924932000000069e+01
2.090524891999999824e+01
2.090924932000000069e+01
2.090924932000000069e+01
2.091324971999999960e+01
2.091725012999999933e+01
2.092125052999999824e+01
2.092525093000000069e+01
2.092925132999999960e+01
2.088124652000000125e+01
2.088524692000000016e+01
2.088524692000000016e+01
2.088924731999999906e+01
2.089324772000000152e+01
2.089324772000000152e+01
2.089724812000000043e+01
2.090124851999999933e+01
2.090524891999999824e+01
2.090524891999999824e+01
2.090924932000000069e+01
2.090924932000000069e+01
2.091324971999999960e+01
2.091725012999999933e+01
2.092125052999999824e+01
2.086124451999999962e+01
2.086524491999999853e+01
2.086924532000000099e+01
2.087324571999999989e+01
2.087724611999999880e+01
2.088124652000000125e+01
2.088524692000000016e+01
2.088524692000000016e+01
2.084924331999999936e+01
2.085324371999999826e+01
2.085724412000000072e+01
2.086124451999999962e+01
2.086124451999999962e+01
2.086524491999999853e+01
2.086924532000000099e+01
2.080123851999999829e+01
2.080523892000000075e+01
2.080523892000000075e+01
2.080923931999999965e+01
2.081323971999999856e+01
2.081724012000000101e+01
2.081724012000000101e+01
2.082124051999999992e+01
2.082524091999999882e+01
2.082924132000000128e+01
2.082924132000000128e+01
2.083324172000000019e+01
2.083724211999999909e+01
2.084124252000000155e+01
2.084524292000000045e+01
2.078123652000000021e+01
2.078523691999999912e+01
2.078523691999999912e+01
2.078923732000000157e+01
2.079323772000000048e+01
2.079723811999999938e+01
2.079723811999999938e+01
2.080123851999999829e+01
2.079723811999999938e+01
2.080123851999999829e+01
2.080523892000000075e+01
2.080923931999999965e+01
2.081323971999999856e+01
2.081724012000000101e+01
2.082124051999999992e+01
2.076523492000000104e+01
2.076923531999999994e+01
2.077323571999999885e+01
2.077723612000000131e+01
2.077723612000000131e+01
2.078123652000000021e+01
2.078523691999999912e+01
2.078523691999999912e+01
2.078923732000000157e+01
2.078123652000000021e+01
2.078523691999999912e+01
2.078923732000000157e+01
2.079323772000000048e+01
2.079323772000000048e+01
2.079723811999999938e+01
2.080123851999999829e+01
2.074123252000000051e+01
2.074123252000000051e+01
2.074123252000000051e+01
2.074523291999999941e+01
2.074923331999999832e+01
2.075323372000000077e+01
2.075723411999999968e+01
2.075723411999999968e+01
2.074923331999999832e+01
2.075323372000000077e+01
2.075723411999999968e+01
2.075723411999999968e+01
2.076123451999999858e+01
2.076123451999999858e+01
2.076523492000000104e+01
2.076923531999999994e+01
2.077323571999999885e+01
2.077723612000000131e+01
2.071723011999999997e+01
2.072123051999999888e+01
2.072523092000000133e+01
2.072923132000000024e+01
2.073323171999999914e+01
2.073323171999999914e+01
2.073723212000000160e+01
2.074123252000000051e+01
2.073323171999999914e+01
2.073323171999999914e+01
2.073323171999999914e+01
2.073723212000000160e+01
2.074123252000000051e+01
2.074523291999999941e+01
2.074523291999999941e+01
2.074923331999999832e+01
2.075323372000000077e+01
2.069322771999999944e+01
2.069722811999999834e+01
2.070122852000000080e+01
2.070122852000000080e+01
2.070522891999999970e+01
2.070922931999999861e+01
2.071322972000000107e+01
2.071723011999999997e+01
2.070922931999999861e+01
2.071322972000000107e+01
2.071723011999999997e+01
2.072123051999999888e+01
2.072123051999999888e+01
2.072123051999999888e+01
2.072523092000000133e+01
2.072923132000000024e+01
2.073323171999999914e+01
2.065722411999999863e+01
2.066122452000000109e+01
2.066522492000000000e+01
2.066522492000000000e+01
2.066922531999999890e+01
2.067322572000000136e+01
2.067322572000000136e+01
2.067322572000000136e+01
2.067722612000000026e+01
2.068122651999999917e+01
2.068522692000000163e+01
2.068522692000000163e+01
2.068922732000000053e+01
2.069322771999999944e+01
2.069322771999999944e+01
2.063322172000000165e+01
2.063322172000000165e+01
2.063722212000000056e+01
2.063722212000000056e+01
2.063722212000000056e+01
2.064122251999999946e+01
2.064522291999999837e+01
2.064922332000000083e+01
2.064922332000000083e+01
2.064522291999999837e+01
2.064522291999999837e+01
2.064922332000000083e+01
2.065322371999999973e+01
2.065722411999999863e+01
2.066122452000000109e+01
2.066122452000000109e+01
2.066522492000000000e+01
2.066522492000000000e+01
2.062922131999999920e+01
2.062922131999999920e+01
2.063322172000000165e+01
2.063322172000000165e+01
2.063722212000000056e+01
2.063722212000000056e+01
2.063722212000000056e+01
2.064122251999999946e+01
2.064522291999999837e+01
2.064922332000000083e+01
2.064122251999999946e+01
2.064522291999999837e+01
2.064522291999999837e+01
2.064922332000000083e+01
2.065322371999999973e+01
2.065722411999999863e+01
2.066122452000000109e+01
2.066122452000000109e+01
2.066522492000000000e+01
2.061722011999999893e+01
2.061722011999999893e+01
2.062122052000000139e+01
2.062122052000000139e+01
2.062122052000000139e+01
2.062522092000000029e+01
2.062922131999999920e+01
2.062922131999999920e+01
2.063322172000000165e+01
2.063322172000000165e+01
2.063322172000000165e+01
2.063722212000000056e+01
2.063722212000000056e+01
2.064122251999999946e+01
2.064122251999999946e+01
2.064522291999999837e+01
2.064522291999999837e+01
2.060521891999999866e+01
2.060921932000000112e+01
2.061321972000000002e+01
2.061722011999999893e+01
2.061722011999999893e+01
2.061722011999999893e+01
2.062122052000000139e+01
2.062122052000000139e+01
2.062122052000000139e+01
2.062522092000000029e+01
2.062522092000000029e+01
2.062922131999999920e+01
2.063322172000000165e+01
2.063322172000000165e+01
2.063322172000000165e+01
2.063722212000000056e+01
2.063722212000000056e+01
2.064122251999999946e+01
2.060121851999999976e+01
2.060521891999999866e+01
2.060921932000000112e+01
2.061321972000000002e+01
2.061722011999999893e+01
2.061722011999999893e+01
2.061722011999999893e+01
2.062122052000000139e+01
2.062122052000000139e+01
2.062522092000000029e+01
2.062522092000000029e+01
2.062922131999999920e+01
2.063322172000000165e+01
2.063322172000000165e+01
2.063322172000000165e+01
2.063722212000000056e+01
2.063722212000000056e+01
2.060121851999999976e+01
2.060121851999999976e+01
2.060521891999999866e+01
2.060921932000000112e+01
2.061321972000000002e+01
2.061722011999999893e+01
2.061722011999999893e+01
2.061722011999999893e+01
2.062122052000000139e+01
2.062522092000000029e+01
2.062522092000000029e+01
2.062522092000000029e+01
2.062922131999999920e+01
2.063322172000000165e+01
2.063322172000000165e+01
2.063322172000000165e+01
2.063722212000000056e+01
2.060521891999999866e+01
2.060921932000000112e+01
2.061321972000000002e+01
2.061722011999999893e+01
2.061722011999999893e+01
2.061722011999999893e+01
2.062122052000000139e+01
2.062122052000000139e+01
2.062122052000000139e+01
2.062522092000000029e+01
2.062522092000000029e+01
2.062922131999999920e+01
2.063322172000000165e+01
2.063322172000000165e+01
2.063322172000000165e+01
2.063722212000000056e+01
2.063722212000000056e+01
2.064122251999999946e+01
2.061722011999999893e+01
2.061722011999999893e+01
2.061722011999999893e+01
2.062122052000000139e+01
2.062122052000000139e+01
2.062122052000000139e+01
2.062522092000000029e+01
2.062922131999999920e+01
2.063322172000000165e+01
2.063322172000000165e+01
2.063722212000000056e+01
2.063722212000000056e+01
2.064122251999999946e+01
2.064122251999999946e+01
2.061722011999999893e+01
2.061722011999999893e+01
2.062122052000000139e+01
2.062122052000000139e+01
2.062122052000000139e+01
2.062522092000000029e+01
2.062922131999999920e+01
2.062922131999999920e+01
2.063322172000000165e+01
2.063322172000000165e+01
2.063722212000000056e+01
2.063722212000000056e+01
2.064122251999999946e+01
2.064122251999999946e+01
2.064522291999999837e+01
2.062122052000000139e+01
2.062122052000000139e+01
2.062522092000000029e+01
2.062922131999999920e+01
2.062922131999999920e+01
2.063322172000000165e+01
2.063322172000000165e+01
2.063722212000000056e+01
2.063722212000000056e+01
2.064122251999999946e+01
2.064522291999999837e+01
2.064522291999999837e+01
2.062922131999999920e+01
2.062922131999999920e+01
2.063322172000000165e+01
2.063322172000000165e+01
2.063722212000000056e+01
2.063722212000000056e+01
2.063722212000000056e+01
2.064122251999999946e+01
2.064522291999999837e+01
2.063722212000000056e+01
2.063722212000000056e+01
2.064122251999999946e+01
2.064522291999999837e+01
2.064922332000000083e+01
2.064922332000000083e+01
2.065322371999999973e+01
2.065322371999999973e+01
2.065322371999999973e+01
2.065322371999999973e+01
2.065722411999999863e+01
2.066122452000000109e+01
2.066522492000000000e+01
2.066522492000000000e+01
2.066922531999999890e+01
2.067322572000000136e+01
2.067322572000000136e+01
2.067322572000000136e+01
2.068122651999999917e+01
2.068122651999999917e+01
2.068522692000000163e+01
2.068922732000000053e+01
2.065722411999999863e+01
2.066122452000000109e+01
2.066522492000000000e+01
2.066522492000000000e+01
2.066922531999999890e+01
2.067322572000000136e+01
2.067322572000000136e+01
2.067322572000000136e+01
2.067722612000000026e+01
2.068122651999999917e+01
2.068122651999999917e+01
2.068122651999999917e+01
2.068522692000000163e+01
2.068922732000000053e+01
2.069322771999999944e+01
2.069322771999999944e+01
2.069722811999999834e+01
2.066922531999999890e+01
2.067322572000000136e+01
2.067322572000000136e+01
2.067322572000000136e+01
2.067722612000000026e+01
2.068122651999999917e+01
2.068522692000000163e+01
2.068922732000000053e+01
2.068922732000000053e+01
2.068922732000000053e+01
2.068522692000000163e+01
2.068922732000000053e+01
2.069322771999999944e+01
2.069322771999999944e+01
2.069722811999999834e+01
2.070122852000000080e+01
2.070122852000000080e+01
2.070522891999999970e+01
2.067322572000000136e+01
2.067322572000000136e+01
2.067722612000000026e+01
2.068122651999999917e+01
2.068522692000000163e+01
2.068922732000000053e+01
2.068922732000000053e+01
2.068922732000000053e+01
2.069322771999999944e+01
2.069322771999999944e+01
2.069722811999999834e+01
2.069322771999999944e+01
2.069322771999999944e+01
2.069722811999999834e+01
2.070122852000000080e+01
2.070122852000000080e+01
2.070522891999999970e+01
2.070922931999999861e+01
2.070922931999999861e+01
2.068522692000000163e+01
2.068922732000000053e+01
2.068922732000000053e+01
2.068922732000000053e+01
2.069322771999999944e+01
2.069322771999999944e+01
2.069722811999999834e+01
2.070122852000000080e+01
2.070122852000000080e+01
2.070522891999999970e+01
2.070122852000000080e+01
2.070522891999999970e+01
2.070922931999999861e+01
2.070922931999999861e+01
2.071322972000000107e+01
2.071723011999999997e+01
2.072123051999999888e+01
2.072123051999999888e+01
2.072123051999999888e+01
2.068922732000000053e+01
2.069322771999999944e+01
2.069322771999999944e+01
2.069722811999999834e+01
2.070122852000000080e+01
2.070122852000000080e+01
2.070522891999999970e+01
2.070922931999999861e+01
2.071322972000000107e+01
2.070522891999999970e+01
2.070922931999999861e+01
2.070922931999999861e+01
2.071322972000000107e+01
2.071723011999999997e+01
2.072123051999999888e+01
2.072123051999999888e+01
2.072123051999999888e+01
2.072523092000000133e+01
2.070522891999999970e+01
2.070922931999999861e+01
2.071322972000000107e+01
2.071723011999999997e+01
2.071723011999999997e+01
2.072123051999999888e+01
2.072523092000000133e+01
2.072923132000000024e+01
2.073323171999999914e+01
2.072123051999999888e+01
2.072523092000000133e+01
2.072923132000000024e+01
2.073323171999999914e+01
2.073323171999999914e+01
2.073323171999999914e+01
2.073723212000000160e+01
2.074123252000000051e+01
2.074523291999999941e+01
2.074123252000000051e+01
2.074123252000000051e+01
2.074523291999999941e+01
2.074923331999999832e+01
2.075323372000000077e+01
2.075723411999999968e+01
2.075723411999999968e+01
2.076123451999999858e+01
2.075723411999999968e+01
2.076123451999999858e+01
2.076123451999999858e+01
2.076523492000000104e+01
2.076923531999999994e+01
2.077323571999999885e+01
2.075323372000000077e+01
2.075723411999999968e+01
2.075723411999999968e+01
2.076123451999999858e+01
2.076523492000000104e+01
2.076523492000000104e+01
2.076923531999999994e+01
2.077323571999999885e+01
2.077723612000000131e+01
2.078123652000000021e+01
2.076523492000000104e+01
2.076523492000000104e+01
2.076923531999999994e+01
2.077323571999999885e+01
2.077723612000000131e+01
2.077723612000000131e+01
2.078123652000000021e+01
2.078523691999999912e+01
2.078123652000000021e+01
2.078523691999999912e+01
2.078923732000000157e+01
2.079323772000000048e+01
2.079323772000000048e+01
2.078523691999999912e+01
2.078523691999999912e+01
2.078923732000000157e+01
2.079323772000000048e+01
2.079723811999999938e+01
2.079723811999999938e+01
2.080123851999999829e+01
2.080523892000000075e+01
2.080523892000000075e+01
2.080923931999999965e+01
2.080523892000000075e+01
2.080923931999999965e+01
2.081323971999999856e+01
2.081724012000000101e+01
2.082124051999999992e+01
2.082524091999999882e+01
2.082924132000000128e+01
2.083324172000000019e+01
2.083724211999999909e+01
2.084124252000000155e+01
2.084524292000000045e+01
2.084524292000000045e+01
2.084924331999999936e+01
2.085324371999999826e+01
2.085724412000000072e+01
2.086124451999999962e+01
2.086124451999999962e+01
2.086524491999999853e+01
2.086924532000000099e+01
2.087324571999999989e+01
2.087724611999999880e+01
2.087324571999999989e+01
2.087724611999999880e+01
2.088124652000000125e+01
2.088524692000000016e+01
2.088524692000000016e+01
2.088924731999999906e+01
2.089324772000000152e+01
2.089724812000000043e+01
2.086124451999999962e+01
2.086524491999999853e+01
2.086924532000000099e+01
2.087324571999999989e+01
2.087724611999999880e+01
2.088124652000000125e+01
2.088524692000000016e+01
2.088524692000000016e+01
2.088524692000000016e+01
2.088924731999999906e+01
2.089324772000000152e+01
2.089724812000000043e+01
2.090124851999999933e+01
2.090524891999999824e+01
2.090524891999999824e+01
2.088124652000000125e+01
2.088524692000000016e+01
2.088524692000000016e+01
2.088924731999999906e+01
2.089324772000000152e+01
2.089724812000000043e+01
2.090124851999999933e+01
2.090524891999999824e+01
2.090524891999999824e+01
2.090924932000000069e+01
2.090924932000000069e+01
2.091324971999999960e+01
2.091725012999999933e+01
2.088524692000000016e+01
2.088924731999999906e+01
2.089324772000000152e+01
2.089324772000000152e+01
2.089724812000000043e+01
2.090124851999999933e+01
2.090524891999999824e+01
2.090924932000000069e+01
2.090524891999999824e+01
2.090924932000000069e+01
2.090924932000000069e+01
2.091324971999999960e+01
2.091725012999999933e+01
2.092125052999999824e+01
2.092525093000000069e+01
2.092925132999999960e+01
2.082524091999999882e+01
2.082924132000000128e+01
2.083324172000000019e+01
2.083724211999999909e+01
2.084124252000000155e+01
2.076923531999999994e+01
2.077323571999999885e+01
2.077723612000000131e+01
2.077723612000000131e+01
2.078123652000000021e+01
2.078523691999999912e+01
2.078523691999999912e+01
2.078923732000000157e+01
2.078123652000000021e+01
2.078523691999999912e+01
2.078923732000000157e+01
2.079323772000000048e+01
2.079323772000000048e+01
2.079723811999999938e+01
2.080123851999999829e+01
2.080523892000000075e+01
2.079323772000000048e+01
2.079723811999999938e+01
2.079723811999999938e+01
2.080123851999999829e+01
2.080523892000000075e+01
2.080523892000000075e+01
2.080923931999999965e+01
2.083324172000000019e+01
2.083724211999999909e+01
2.084124252000000155e+01
2.084524292000000045e+01
2.084524292000000045e+01
2.084524292000000045e+01
2.084924331999999936e+01
2.085324371999999826e+01
2.085724412000000072e+01
2.086124451999999962e+01
2.086124451999999962e+01
2.086524491999999853e+01
2.086924532000000099e+01
2.087324571999999989e+01
2.087324571999999989e+01
2.087724611999999880e+01
2.088124652000000125e+01
2.088524692000000016e+01
2.087724611999999880e+01
2.088124652000000125e+01
2.088524692000000016e+01
2.088524692000000016e+01
2.088924731999999906e+01
2.089324772000000152e+01
2.089324772000000152e+01
2.089724812000000043e+01
2.090124851999999933e+01
2.090524891999999824e+01
2.090524891999999824e+01
2.090924932000000069e+01
2.090924932000000069e+01
2.091324971999999960e+01
2.091725012999999933e+01
2.089324772000000152e+01
2.089724812000000043e+01
2.090124851999999933e+01
2.090524891999999824e+01
2.090924932000000069e+01
2.090924932000000069e+01
2.091324971999999960e+01
2.091725012999999933e+01
2.091324971999999960e+01
2.091725012999999933e+01
2.092125052999999824e+01
2.092525093000000069e+01
2.092925132999999960e+01
2.093325172999999850e+01
2.093725213000000096e+01
2.093725213000000096e+01
2.091725012999999933e+01
2.092125052999999824e+01
2.092525093000000069e+01
2.092925132999999960e+01
2.093325172999999850e+01
2.093725213000000096e+01
2.094125252999999987e+01
2.094125252999999987e+01
2.094525292999999877e+01
2.094525292999999877e+01
2.094925333000000123e+01
2.095325373000000013e+01
2.095725412999999904e+01
2.096125453000000149e+01
2.094525292999999877e+01
2.094925333000000123e+01
2.095325373000000013e+01
2.095725412999999904e+01
2.096125453000000149e+01
2.096525493000000040e+01
2.096925532999999930e+01
2.095725412999999904e+01
2.096125453000000149e+01
2.096525493000000040e+01
2.096925532999999930e+01
2.097325573000000176e+01
2.097725613000000067e+01
2.098125652999999957e+01
2.096525493000000040e+01
2.096925532999999930e+01
2.097325573000000176e+01
2.097725613000000067e+01
2.098125652999999957e+01
2.098525692999999848e+01
2.098925733000000093e+01
2.098925733000000093e+01
2.096525493000000040e+01
2.096925532999999930e+01
2.097325573000000176e+01
2.097725613000000067e+01
2.098125652999999957e+01
2.098525692999999848e+01
2.098925733000000093e+01
2.098925733000000093e+01
2.095725412999999904e+01
2.096125453000000149e+01
2.096525493000000040e+01
2.096925532999999930e+01
2.097325573000000176e+01
2.097725613000000067e+01
2.098125652999999957e+01
2.092125052999999824e+01
2.092525093000000069e+01
2.092925132999999960e+01
2.093325172999999850e+01
2.093725213000000096e+01
2.094125252999999987e+01
2.094125252999999987e+01
2.094925333000000123e+01
2.095325373000000013e+01
2.095725412999999904e+01
2.096125453000000149e+01
2.096525493000000040e+01
2.089324772000000152e+01
2.089324772000000152e+01
2.089724812000000043e+01
2.090124851999999933e+01
2.090524891999999824e+01
2.090524891999999824e+01
2.090924932000000069e+01
2.090924932000000069e+01
2.091324971999999960e+01
2.091725012999999933e+01
2.092125052999999824e+01
2.092525093000000069e+01
2.092925132999999960e+01
2.093325172999999850e+01
2.084924331999999936e+01
2.085324371999999826e+01
2.085724412000000072e+01
2.086124451999999962e+01
2.086124451999999962e+01
2.086524491999999853e+01
2.086924532000000099e+01
2.087324571999999989e+01
2.087724611999999880e+01
2.087324571999999989e+01
2.087724611999999880e+01
2.088124652000000125e+01
2.088524692000000016e+01
2.088524692000000016e+01
2.088924731999999906e+01
2.089324772000000152e+01
2.079323772000000048e+01
2.079723811999999938e+01
2.079723811999999938e+01
2.080123851999999829e+01
2.080523892000000075e+01
2.080523892000000075e+01
2.080923931999999965e+01
2.081323971999999856e+01
2.076523492000000104e+01
2.076923531999999994e+01
2.077323571999999885e+01
2.077723612000000131e+01
2.077723612000000131e+01
2.078123652000000021e+01
2.078523691999999912e+01
2.078523691999999912e+01
2.078923732000000157e+01
2.078123652000000021e+01
2.078523691999999912e+01
2.078923732000000157e+01
2.079323772000000048e+01
2.079323772000000048e+01
2.079723811999999938e+01
2.080123851999999829e+01
2.076523492000000104e+01
2.076523492000000104e+01
2.076923531999999994e+01
2.077323571999999885e+01
2.077723612000000131e+01
2.077723612000000131e+01
2.078123652000000021e+01
2.078523691999999912e+01
2.078523691999999912e+01
2.078123652000000021e+01
2.078523691999999912e+01
2.078923732000000157e+01
2.079323772000000048e+01
2.079323772000000048e+01
2.079723811999999938e+01
2.080123851999999829e+01
2.077723612000000131e+01
2.077723612000000131e+01
2.078123652000000021e+01
2.078523691999999912e+01
2.078523691999999912e+01
2.078923732000000157e+01
2.079323772000000048e+01
2.079723811999999938e+01
2.079723811999999938e+01
2.079323772000000048e+01
2.079723811999999938e+01
2.080123851999999829e+01
2.080523892000000075e+01
2.080923931999999965e+01
2.079723811999999938e+01
2.080123851999999829e+01
2.080523892000000075e+01
2.080523892000000075e+01
2.080923931999999965e+01
2.081323971999999856e+01
2.081724012000000101e+01
2.081724012000000101e+01
2.084524292000000045e+01
2.084924331999999936e+01
2.085324371999999826e+01
2.085324371999999826e+01
2.085724412000000072e+01
2.086124451999999962e+01
2.086124451999999962e+01
2.086524491999999853e+01
2.086924532000000099e+01
2.087324571999999989e+01
2.087724611999999880e+01
2.087324571999999989e+01
2.087724611999999880e+01
2.088124652000000125e+01
2.088524692000000016e+01
2.088524692000000016e+01
2.088924731999999906e+01
2.089324772000000152e+01
2.089324772000000152e+01
2.089724812000000043e+01
2.090124851999999933e+01
2.090524891999999824e+01
2.090524891999999824e+01
2.090924932000000069e+01
2.090924932000000069e+01
2.091324971999999960e+01
2.088524692000000016e+01
2.088924731999999906e+01
2.089324772000000152e+01
2.089324772000000152e+01
2.089724812000000043e+01
2.090124851999999933e+01
2.090524891999999824e+01
2.090924932000000069e+01
2.090924932000000069e+01
2.090924932000000069e+01
2.090924932000000069e+01
2.091324971999999960e+01
2.091725012999999933e+01
2.092125052999999824e+01
2.092525093000000069e+01
2.092925132999999960e+01
2.089324772000000152e+01
2.089724812000000043e+01
2.090124851999999933e+01
2.090524891999999824e+01
2.090924932000000069e+01
2.090924932000000069e+01
2.091324971999999960e+01
2.091725012999999933e+01
2.091324971999999960e+01
2.091725012999999933e+01
2.092125052999999824e+01
2.092525093000000069e+01
2.092925132999999960e+01
2.093325172999999850e+01
2.093725213000000096e+01
2.093725213000000096e+01
2.089324772000000152e+01
2.089724812000000043e+01
2.090124851999999933e+01
2.090524891999999824e+01
2.090924932000000069e+01
2.090924932000000069e+01
2.091324971999999960e+01
2.091725012999999933e+01
2.091324971999999960e+01
2.091725012999999933e+01
2.092125052999999824e+01
2.092525093000000069e+01
2.092925132999999960e+01
2.093325172999999850e+01
2.093725213000000096e+01
2.093725213000000096e+01
2.085324371999999826e+01
2.085724412000000072e+01
2.086124451999999962e+01
2.086124451999999962e+01
2.086524491999999853e+01
2.086924532000000099e+01
2.087324571999999989e+01
2.087724611999999880e+01
2.088124652000000125e+01
2.087724611999999880e+01
2.088524692000000016e+01
2.088524692000000016e+01
2.088924731999999906e+01
2.089324772000000152e+01
2.089724812000000043e+01
2.078523691999999912e+01
2.078923732000000157e+01
2.079323772000000048e+01
2.079723811999999938e+01
2.079723811999999938e+01
2.080123851999999829e+01
2.080523892000000075e+01
2.080523892000000075e+01
2.080923931999999965e+01
2.075323372000000077e+01
2.075723411999999968e+01
2.075723411999999968e+01
2.076123451999999858e+01
2.076523492000000104e+01
2.076523492000000104e+01
2.076923531999999994e+01
2.077323571999999885e+01
2.076923531999999994e+01
2.077323571999999885e+01
2.077723612000000131e+01
2.077723612000000131e+01
2.078123652000000021e+01
2.078123652000000021e+01
2.078523691999999912e+01
2.071723011999999997e+01
2.071723011999999997e+01
2.072123051999999888e+01
2.072523092000000133e+01
2.072923132000000024e+01
2.073323171999999914e+01
2.072923132000000024e+01
2.073323171999999914e+01
2.073323171999999914e+01
2.073323171999999914e+01
2.073723212000000160e+01
2.074123252000000051e+01
2.074523291999999941e+01
2.074523291999999941e+01
2.069322771999999944e+01
2.069722811999999834e+01
2.070122852000000080e+01
2.070122852000000080e+01
2.070522891999999970e+01
2.070922931999999861e+01
2.071322972000000107e+01
2.071723011999999997e+01
2.070922931999999861e+01
2.071322972000000107e+01
2.071723011999999997e+01
2.072123051999999888e+01
2.072123051999999888e+01
2.072123051999999888e+01
2.072523092000000133e+01
2.072923132000000024e+01
2.073323171999999914e+01
2.068522692000000163e+01
2.068922732000000053e+01
2.068922732000000053e+01
2.068922732000000053e+01
2.069322771999999944e+01
2.069322771999999944e+01
2.069722811999999834e+01
2.070122852000000080e+01
2.070122852000000080e+01
2.070122852000000080e+01
2.070522891999999970e+01
2.070922931999999861e+01
2.070922931999999861e+01
2.071322972000000107e+01
2.071723011999999997e+01
2.072123051999999888e+01
2.068522692000000163e+01
2.068922732000000053e+01
2.068922732000000053e+01
2.068922732000000053e+01
2.069322771999999944e+01
2.069322771999999944e+01
2.069722811999999834e+01
2.070122852000000080e+01
2.070122852000000080e+01
2.070122852000000080e+01
2.070522891999999970e+01
2.070922931999999861e+01
2.070922931999999861e+01
2.071322972000000107e+01
2.071723011999999997e+01
2.072123051999999888e+01
2.067322572000000136e+01
2.067322572000000136e+01
2.067722612000000026e+01
2.068122651999999917e+01
2.068522692000000163e+01
2.068922732000000053e+01
2.068922732000000053e+01
2.068922732000000053e+01
2.067322572000000136e+01
2.067722612000000026e+01
2.068122651999999917e+01
2.068522692000000163e+01
2.068922732000000053e+01
2.068922732000000053e+01
2.068922732000000053e+01
2.069322771999999944e+01
2.069322771999999944e+01
2.069722811999999834e+01
2.068922732000000053e+01
2.068922732000000053e+01
2.069322771999999944e+01
2.069322771999999944e+01
2.069722811999999834e+01
2.070122852000000080e+01
2.070122852000000080e+01
2.070522891999999970e+01
2.070922931999999861e+01
