2.323332053000000030e+01
2.323732092999999921e+01
2.324132133000000167e+01
2.324532173000000057e+01
2.324532173000000057e+01
2.324932212999999948e+01
2.325332252999999838e+01
2.325732293000000084e+01
2.326132332999999974e+01
2.326132332999999974e+01
2.326532372999999865e+01
2.326932413000000111e+01
2.326932413000000111e+01
2.327332453000000001e+01
2.327732492999999891e+01
2.328132533000000137e+01
2.328532573000000028e+01
2.328532573000000028e+01
2.328932612999999918e+01
2.329332653000000164e+01
2.329732693000000054e+01
2.330132732999999945e+01
2.330132732999999945e+01
2.330532772999999835e+01
2.330932813000000081e+01
2.331332852999999972e+01
2.324532173000000057e+01
2.324932212999999948e+01
2.325332252999999838e+01
2.325732293000000084e+01
2.326132332999999974e+01
2.326132332999999974e+01
2.326532372999999865e+01
2.326932413000000111e+01
2.326932413000000111e+01
2.327332453000000001e+01
2.327732492999999891e+01
2.328132533000000137e+01
2.328532573000000028e+01
2.328532573000000028e+01
2.328932612999999918e+01
2.329332653000000164e+01
2.329732693000000054e+01
2.330132732999999945e+01
2.330132732999999945e+01
2.330532772999999835e+01
2.330932813000000081e+01
2.331332852999999972e+01
2.331732892999999862e+01
2.328932612999999918e+01
2.329332653000000164e+01
2.329732693000000054e+01
2.330132732999999945e+01
2.330132732999999945e+01
2.330532772999999835e+01
2.330932813000000081e+01
2.331332852999999972e+01
2.331732892999999862e+01
2.332132933000000108e+01
2.332532972999999998e+01
2.332933012999999889e+01
2.333333053000000135e+01
2.333333053000000135e+01
2.333733093000000025e+01
2.334133132999999916e+01
2.334533173000000161e+01
2.334933213000000052e+01
2.334933213000000052e+01
2.335333252999999942e+01
2.335733292999999833e+01
2.336133333000000079e+01
2.336133333000000079e+01
2.312530973000000145e+01
2.312931013000000036e+01
2.312931013000000036e+01
2.313331052999999926e+01
2.313731093000000172e+01
2.314131133000000062e+01
2.314531172999999953e+01
2.314931212999999843e+01
2.315331253000000089e+01
2.315331253000000089e+01
2.315731292999999980e+01
2.316131332999999870e+01
2.316531373000000116e+01
2.316931413000000006e+01
2.317331452999999897e+01
2.317731493000000143e+01
2.318131533000000033e+01
2.318531572999999923e+01
2.318531572999999923e+01
2.318931613000000169e+01
2.319331653000000060e+01
2.319731692999999950e+01
2.319731692999999950e+01
2.320131732999999841e+01
2.320531773000000086e+01
2.320931812999999977e+01
2.282527972999999832e+01
2.282928013000000078e+01
2.282928013000000078e+01
2.283328052999999969e+01
2.283728092999999859e+01
2.284128133000000105e+01
2.284528172999999995e+01
2.284928212999999886e+01
2.284928212999999886e+01
2.285328253000000132e+01
2.285728293000000022e+01
2.286128332999999913e+01
2.286528373000000158e+01
2.286928413000000049e+01
2.287328452999999939e+01
2.287728492999999830e+01
2.287728492999999830e+01
2.288128533000000076e+01
2.288528572999999966e+01
2.288928612999999856e+01
2.288928612999999856e+01
2.289328653000000102e+01
2.289728692999999993e+01
2.290128732999999883e+01
2.274127133000000001e+01
2.274527172999999891e+01
2.274927213000000137e+01
2.274927213000000137e+01
2.275327253000000027e+01
2.275727292999999918e+01
2.276127333000000164e+01
2.276527373000000054e+01
2.276927412999999945e+01
2.277327452999999835e+01
2.277727493000000081e+01
2.278127532999999971e+01
2.278527572999999862e+01
2.278927613000000107e+01
2.278927613000000107e+01
2.279327652999999998e+01
2.279727692999999888e+01
2.280127733000000134e+01
2.280527773000000025e+01
2.280927812999999915e+01
2.281327853000000161e+01
2.281727893000000051e+01
2.281727893000000051e+01
2.282127932999999942e+01
2.282527972999999832e+01
2.250524771999999984e+01
2.250924811999999875e+01
2.251324852000000121e+01
2.251724892000000011e+01
2.251724892000000011e+01
2.252124931999999902e+01
2.252124931999999902e+01
2.252524972000000147e+01
2.252925013000000121e+01
2.252925013000000121e+01
2.253325053000000011e+01
2.253725092999999902e+01
2.253725092999999902e+01
2.254125133000000147e+01
2.254125133000000147e+01
2.254125133000000147e+01
2.254525173000000038e+01
2.251724892000000011e+01
2.251724892000000011e+01
2.251724892000000011e+01
2.252124931999999902e+01
2.252124931999999902e+01
2.252524972000000147e+01
2.252925013000000121e+01
2.252925013000000121e+01
2.253325053000000011e+01
2.253725092999999902e+01
2.254125133000000147e+01
2.254525173000000038e+01
2.254925212999999928e+01
2.255325253000000174e+01
2.255725293000000065e+01
2.256125332999999955e+01
2.256525372999999846e+01
2.256925413000000091e+01
2.256925413000000091e+01
2.256925413000000091e+01
2.256925413000000091e+01
2.257325452999999982e+01
2.257725492999999872e+01
2.258125533000000118e+01
2.258525573000000009e+01
2.258925612999999899e+01
2.258925612999999899e+01
2.258925612999999899e+01
2.259325653000000145e+01
2.236923412000000155e+01
2.236923412000000155e+01
2.237323452000000046e+01
2.237723491999999936e+01
2.238123531999999827e+01
2.238523572000000073e+01
2.238923611999999963e+01
2.239323651999999854e+01
2.239723692000000099e+01
2.240123731999999990e+01
2.240123731999999990e+01
2.240523771999999880e+01
2.240923812000000126e+01
2.241323852000000016e+01
2.241323852000000016e+01
2.241323852000000016e+01
2.241323852000000016e+01
2.241723891999999907e+01
2.242123932000000153e+01
2.238923611999999963e+01
2.238923611999999963e+01
2.238923611999999963e+01
2.239323651999999854e+01
2.239723692000000099e+01
2.240123731999999990e+01
2.240123731999999990e+01
2.240523771999999880e+01
2.240923812000000126e+01
2.240923812000000126e+01
2.241323852000000016e+01
2.241323852000000016e+01
2.241323852000000016e+01
2.241323852000000016e+01
2.241723891999999907e+01
2.241723891999999907e+01
2.242123932000000153e+01
2.242523972000000043e+01
2.242523972000000043e+01
2.242924011999999934e+01
2.243324051999999824e+01
2.243724092000000070e+01
2.244124131999999960e+01
2.244524171999999851e+01
2.244924212000000097e+01
2.245324251999999987e+01
2.245724291999999878e+01
2.245724291999999878e+01
2.245724291999999878e+01
2.246124332000000123e+01
2.246524372000000014e+01
2.232923011999999829e+01
2.233323052000000075e+01
2.233723091999999966e+01
2.234123131999999856e+01
2.234523172000000102e+01
2.234923211999999992e+01
2.234923211999999992e+01
2.235323251999999883e+01
2.235723292000000129e+01
2.236123332000000019e+01
2.236523371999999910e+01
2.236523371999999910e+01
2.236923412000000155e+01
2.234123131999999856e+01
2.234523172000000102e+01
2.234923211999999992e+01
2.234923211999999992e+01
2.234923211999999992e+01
2.235323251999999883e+01
2.235323251999999883e+01
2.235723292000000129e+01
2.236123332000000019e+01
2.236523371999999910e+01
2.236923412000000155e+01
2.237323452000000046e+01
2.237723491999999936e+01
2.238123531999999827e+01
2.238523572000000073e+01
2.238923611999999963e+01
2.238923611999999963e+01
2.238923611999999963e+01
2.239323651999999854e+01
2.239723692000000099e+01
2.240123731999999990e+01
2.240123731999999990e+01
2.240523771999999880e+01
2.240923812000000126e+01
2.240923812000000126e+01
2.241323852000000016e+01
2.241323852000000016e+01
2.241323852000000016e+01
2.241323852000000016e+01
2.241723891999999907e+01
2.241723891999999907e+01
2.276527373000000054e+01
2.276927412999999945e+01
2.277327452999999835e+01
2.277727493000000081e+01
2.278127532999999971e+01
2.278527572999999862e+01
2.278927613000000107e+01
2.278927613000000107e+01
2.279327652999999998e+01
2.279727692999999888e+01
2.280127733000000134e+01
2.280527773000000025e+01
2.280927812999999915e+01
2.281327853000000161e+01
2.281727893000000051e+01
2.281727893000000051e+01
2.282127932999999942e+01
2.282527972999999832e+01
2.282928013000000078e+01
2.282928013000000078e+01
2.283328052999999969e+01
2.296529372999999907e+01
2.296929413000000153e+01
2.297329453000000044e+01
2.297729492999999934e+01
2.298129532999999824e+01
2.298129532999999824e+01
2.298529573000000070e+01
2.298529573000000070e+01
2.298929612999999961e+01
2.299329652999999851e+01
2.299729693000000097e+01
2.300129732999999987e+01
2.300529772999999878e+01
2.300929813000000124e+01
2.301329853000000014e+01
2.301329853000000014e+01
2.301729892999999905e+01
2.302129933000000150e+01
2.302529973000000041e+01
2.302930012999999931e+01
2.303330053000000177e+01
2.303330053000000177e+01
2.303730093000000068e+01
2.304130132999999958e+01
2.304530172999999849e+01
2.304530172999999849e+01
2.304930213000000094e+01
2.318931613000000169e+01
2.319331653000000060e+01
2.319731692999999950e+01
2.319731692999999950e+01
2.320131732999999841e+01
2.320531773000000086e+01
2.320931812999999977e+01
2.320931812999999977e+01
2.321331852999999867e+01
2.321731893000000113e+01
2.322131933000000004e+01
2.322531972999999894e+01
2.322932013000000140e+01
2.323332053000000030e+01
2.323732092999999921e+01
2.324132133000000167e+01
2.324532173000000057e+01
2.324532173000000057e+01
2.324932212999999948e+01
2.325332252999999838e+01
2.325732293000000084e+01
2.326132332999999974e+01
2.326132332999999974e+01
2.326532372999999865e+01
2.326932413000000111e+01
2.326932413000000111e+01
2.327332453000000001e+01
2.339733693000000159e+01
2.340133733000000049e+01
2.340533772999999940e+01
2.340933812999999830e+01
2.341333853000000076e+01
2.341333853000000076e+01
2.341733892999999966e+01
2.342133932999999857e+01
2.342533973000000103e+01
2.342934012999999993e+01
2.342934012999999993e+01
2.343334052999999884e+01
2.343734093000000129e+01
2.344134133000000020e+01
2.344134133000000020e+01
2.344534172999999910e+01
2.344934213000000156e+01
2.345334253000000047e+01
2.345734292999999937e+01
2.346134332999999828e+01
2.267326453000000086e+01
2.267726492999999977e+01
2.267726492999999977e+01
2.268126532999999867e+01
2.268526573000000113e+01
2.268926613000000003e+01
2.269326652999999894e+01
2.269726693000000139e+01
2.269726693000000139e+01
2.270126733000000030e+01
2.270126733000000030e+01
2.270526772999999920e+01
2.270926813000000166e+01
2.271326853000000057e+01
2.271726892999999947e+01
2.272126932999999838e+01
2.272126932999999838e+01
2.272526973000000083e+01
2.272927012999999974e+01
2.273327052999999864e+01
2.273727093000000110e+01
2.274127133000000001e+01
2.274527172999999891e+01
2.274927213000000137e+01
2.274927213000000137e+01
2.245724291999999878e+01
2.246124332000000123e+01
2.246524372000000014e+01
2.246524372000000014e+01
2.246924411999999904e+01
2.247324452000000150e+01
2.247324452000000150e+01
2.247724492000000041e+01
2.248124531999999931e+01
2.248124531999999931e+01
2.248524572000000177e+01
2.248924612000000067e+01
2.248924612000000067e+01
2.249324651999999958e+01
2.249724691999999848e+01
2.250124732000000094e+01
2.250524771999999984e+01
2.250924811999999875e+01
2.251324852000000121e+01
2.251724892000000011e+01
2.251724892000000011e+01
2.247324452000000150e+01
2.247724492000000041e+01
2.248124531999999931e+01
2.248524572000000177e+01
2.248524572000000177e+01
2.248524572000000177e+01
2.248924612000000067e+01
2.249324651999999958e+01
2.249724691999999848e+01
2.250124732000000094e+01
2.250124732000000094e+01
2.250124732000000094e+01
2.250524771999999984e+01
2.250924811999999875e+01
2.251324852000000121e+01
2.251724892000000011e+01
2.251724892000000011e+01
2.251724892000000011e+01
2.252124931999999902e+01
2.252124931999999902e+01
2.252524972000000147e+01
2.252925013000000121e+01
2.252925013000000121e+01
2.253325053000000011e+01
2.253725092999999902e+01
2.254125133000000147e+01
2.254525173000000038e+01
2.254925212999999928e+01
2.255325253000000174e+01
2.240923812000000126e+01
2.241323852000000016e+01
2.241323852000000016e+01
2.241323852000000016e+01
2.241323852000000016e+01
2.241723891999999907e+01
2.242123932000000153e+01
2.242523972000000043e+01
2.242924011999999934e+01
2.243324051999999824e+01
2.243724092000000070e+01
2.244124131999999960e+01
2.244124131999999960e+01
2.244524171999999851e+01
2.241323852000000016e+01
2.241723891999999907e+01
2.241723891999999907e+01
2.242123932000000153e+01
2.242523972000000043e+01
2.242523972000000043e+01
2.242924011999999934e+01
2.243324051999999824e+01
2.243724092000000070e+01
2.244124131999999960e+01
2.244524171999999851e+01
2.244924212000000097e+01
2.245324251999999987e+01
2.245724291999999878e+01
2.245724291999999878e+01
2.245724291999999878e+01
2.246124332000000123e+01
2.246524372000000014e+01
2.246924411999999904e+01
2.246924411999999904e+01
2.247324452000000150e+01
2.247724492000000041e+01
2.248124531999999931e+01
2.248524572000000177e+01
2.248524572000000177e+01
2.248524572000000177e+01
2.248924612000000067e+01
2.249324651999999958e+01
2.249724691999999848e+01
2.234923211999999992e+01
2.234923211999999992e+01
2.235323251999999883e+01
2.235723292000000129e+01
2.236123332000000019e+01
2.236523371999999910e+01
2.236523371999999910e+01
2.236923412000000155e+01
2.236923412000000155e+01
2.237323452000000046e+01
2.237723491999999936e+01
2.238123531999999827e+01
2.238523572000000073e+01
2.238923611999999963e+01
2.239323651999999854e+01
2.239723692000000099e+01
2.240123731999999990e+01
2.240123731999999990e+01
2.240523771999999880e+01
2.240923812000000126e+01
2.241323852000000016e+01
2.241323852000000016e+01
2.241323852000000016e+01
2.241323852000000016e+01
2.241723891999999907e+01
2.242123932000000153e+01
2.242523972000000043e+01
2.238123531999999827e+01
2.238523572000000073e+01
2.238923611999999963e+01
2.238923611999999963e+01
2.238923611999999963e+01
2.239323651999999854e+01
2.239723692000000099e+01
2.240123731999999990e+01
2.240123731999999990e+01
2.240523771999999880e+01
2.240923812000000126e+01
2.240923812000000126e+01
2.241323852000000016e+01
2.241323852000000016e+01
2.241323852000000016e+01
2.241323852000000016e+01
2.241723891999999907e+01
2.241723891999999907e+01
2.242123932000000153e+01
2.242523972000000043e+01
2.242523972000000043e+01
2.242924011999999934e+01
2.243324051999999824e+01
2.243724092000000070e+01
2.244124131999999960e+01
2.244524171999999851e+01
2.244924212000000097e+01
2.247324452000000150e+01
2.247724492000000041e+01
2.248124531999999931e+01
2.248124531999999931e+01
2.248524572000000177e+01
2.248924612000000067e+01
2.248924612000000067e+01
2.249324651999999958e+01
2.249724691999999848e+01
2.250124732000000094e+01
2.250524771999999984e+01
2.250924811999999875e+01
2.251324852000000121e+01
2.251724892000000011e+01
2.251724892000000011e+01
2.252124931999999902e+01
2.252124931999999902e+01
2.252524972000000147e+01
2.252925013000000121e+01
2.252925013000000121e+01
2.253325053000000011e+01
2.253725092999999902e+01
2.253725092999999902e+01
2.254125133000000147e+01
2.254125133000000147e+01
2.254125133000000147e+01
2.254525173000000038e+01
2.250124732000000094e+01
2.250524771999999984e+01
2.250924811999999875e+01
2.251324852000000121e+01
2.251724892000000011e+01
2.251724892000000011e+01
2.251724892000000011e+01
2.252124931999999902e+01
2.252124931999999902e+01
2.252524972000000147e+01
2.252925013000000121e+01
2.252925013000000121e+01
2.253325053000000011e+01
2.253725092999999902e+01
2.254125133000000147e+01
2.254525173000000038e+01
2.254925212999999928e+01
2.255325253000000174e+01
2.255725293000000065e+01
2.256125332999999955e+01
2.256525372999999846e+01
2.256925413000000091e+01
2.256925413000000091e+01
2.256925413000000091e+01
2.256925413000000091e+01
2.257325452999999982e+01
2.257725492999999872e+01
2.274927213000000137e+01
2.275327253000000027e+01
2.275727292999999918e+01
2.276127333000000164e+01
2.276527373000000054e+01
2.276927412999999945e+01
2.277327452999999835e+01
2.277727493000000081e+01
2.278127532999999971e+01
2.278527572999999862e+01
2.278927613000000107e+01
2.278927613000000107e+01
2.279327652999999998e+01
2.279727692999999888e+01
2.280127733000000134e+01
2.280527773000000025e+01
2.280927812999999915e+01
2.281327853000000161e+01
2.281727893000000051e+01
2.281727893000000051e+01
2.282127932999999942e+01
2.282527972999999832e+01
2.282928013000000078e+01
2.282928013000000078e+01
2.297729492999999934e+01
2.298129532999999824e+01
2.298129532999999824e+01
2.298529573000000070e+01
2.298529573000000070e+01
2.298929612999999961e+01
2.299329652999999851e+01
2.299729693000000097e+01
2.300129732999999987e+01
2.300529772999999878e+01
2.300929813000000124e+01
2.301329853000000014e+01
2.301329853000000014e+01
2.301729892999999905e+01
2.302129933000000150e+01
2.302529973000000041e+01
2.302930012999999931e+01
2.303330053000000177e+01
2.303330053000000177e+01
2.303730093000000068e+01
2.304130132999999958e+01
2.304530172999999849e+01
2.304530172999999849e+01
2.304930213000000094e+01
2.304930213000000094e+01
2.305330252999999985e+01
2.305730292999999875e+01
2.318531572999999923e+01
2.318931613000000169e+01
2.319331653000000060e+01
2.319731692999999950e+01
2.319731692999999950e+01
2.320131732999999841e+01
2.320531773000000086e+01
2.320931812999999977e+01
2.320931812999999977e+01
2.321331852999999867e+01
2.321731893000000113e+01
2.322131933000000004e+01
2.322531972999999894e+01
2.322932013000000140e+01
2.323332053000000030e+01
2.323732092999999921e+01
2.324132133000000167e+01
2.324532173000000057e+01
2.324532173000000057e+01
2.324932212999999948e+01
2.325332252999999838e+01
2.325732293000000084e+01
2.326132332999999974e+01
2.326132332999999974e+01
2.326532372999999865e+01
2.342934012999999993e+01
2.343334052999999884e+01
2.343734093000000129e+01
2.344134133000000020e+01
2.344134133000000020e+01
2.344534172999999910e+01
2.344934213000000156e+01
2.345334253000000047e+01
2.345734292999999937e+01
2.346134332999999828e+01
2.346534373000000073e+01
2.346934412999999964e+01
2.347334452999999854e+01
2.347734493000000100e+01
2.348134532999999990e+01
2.348534572999999881e+01
2.348934613000000127e+01
2.349334653000000017e+01
2.349334653000000017e+01
2.349734692999999908e+01
2.350134733000000153e+01
2.350534773000000044e+01
2.350934812999999934e+01
2.350934812999999934e+01
2.348534572999999881e+01
2.348934613000000127e+01
2.349334653000000017e+01
2.349334653000000017e+01
2.349734692999999908e+01
2.350134733000000153e+01
2.350534773000000044e+01
2.350934812999999934e+01
2.350934812999999934e+01
2.351334852999999825e+01
2.351734893000000071e+01
2.352134932999999961e+01
2.352534972999999852e+01
2.352935013999999825e+01
2.353335054000000071e+01
2.353335054000000071e+01
2.353735093999999961e+01
2.354135133999999852e+01
2.354535174000000097e+01
2.354935213999999988e+01
2.355335253999999878e+01
2.355735294000000124e+01
2.356135334000000014e+01
2.356535373999999905e+01
