1.443000000000000149e+01
1.444000000000000128e+01
1.444000000000000128e+01
1.444000000000000128e+01
1.444000000000000128e+01
1.445000000000000107e+01
1.445000000000000107e+01
1.445000000000000107e+01
1.445000000000000107e+01
1.445000000000000107e+01
1.446000000000000085e+01
1.447000000000000064e+01
1.448000000000000043e+01
1.449000000000000021e+01
1.449000000000000021e+01
1.449000000000000021e+01
1.450000000000000000e+01
1.450999999999999979e+01
1.450999999999999979e+01
1.447000000000000064e+01
1.448000000000000043e+01
1.449000000000000021e+01
1.449000000000000021e+01
1.449000000000000021e+01
1.450000000000000000e+01
1.450999999999999979e+01
1.450999999999999979e+01
1.451999999999999957e+01
1.452999999999999936e+01
1.452999999999999936e+01
1.452999999999999936e+01
1.452999999999999936e+01
1.453999999999999915e+01
1.453999999999999915e+01
1.454999999999999893e+01
1.454999999999999893e+01
1.454999999999999893e+01
1.454999999999999893e+01
1.448000000000000043e+01
1.449000000000000021e+01
1.449000000000000021e+01
1.449000000000000021e+01
1.450000000000000000e+01
1.450999999999999979e+01
1.450999999999999979e+01
1.451999999999999957e+01
1.452999999999999936e+01
1.452999999999999936e+01
1.452999999999999936e+01
1.452999999999999936e+01
1.453999999999999915e+01
1.453999999999999915e+01
1.454999999999999893e+01
1.454999999999999893e+01
1.454999999999999893e+01
1.454999999999999893e+01
1.449000000000000021e+01
1.450000000000000000e+01
1.450999999999999979e+01
1.450999999999999979e+01
1.451999999999999957e+01
1.452999999999999936e+01
1.452999999999999936e+01
1.452999999999999936e+01
1.452999999999999936e+01
1.453999999999999915e+01
1.453999999999999915e+01
1.454999999999999893e+01
1.454999999999999893e+01
1.454999999999999893e+01
1.454999999999999893e+01
1.455999999999999872e+01
1.457000000000000028e+01
1.457000000000000028e+01
1.454999999999999893e+01
1.454999999999999893e+01
1.454999999999999893e+01
1.454999999999999893e+01
1.455999999999999872e+01
1.457000000000000028e+01
1.457000000000000028e+01
1.458000000000000007e+01
1.458000000000000007e+01
1.458999999999999986e+01
1.460000000000000142e+01
1.460000000000000142e+01
1.460000000000000142e+01
1.460000000000000142e+01
1.461000000000000121e+01
1.461000000000000121e+01
1.461000000000000121e+01
1.462000000000000099e+01
1.463000000000000078e+01
1.463000000000000078e+01
1.463000000000000078e+01
1.463000000000000078e+01
1.460000000000000142e+01
1.460000000000000142e+01
1.460000000000000142e+01
1.460000000000000142e+01
1.461000000000000121e+01
1.461000000000000121e+01
1.461000000000000121e+01
1.462000000000000099e+01
1.463000000000000078e+01
1.463000000000000078e+01
1.463000000000000078e+01
1.463000000000000078e+01
1.463000000000000078e+01
1.464000000000000057e+01
1.464000000000000057e+01
1.465000000000000036e+01
1.466000000000000014e+01
1.466000000000000014e+01
1.466999999999999993e+01
1.466999999999999993e+01
1.467999999999999972e+01
1.461000000000000121e+01
1.461000000000000121e+01
1.462000000000000099e+01
1.463000000000000078e+01
1.463000000000000078e+01
1.463000000000000078e+01
1.463000000000000078e+01
1.463000000000000078e+01
1.464000000000000057e+01
1.464000000000000057e+01
1.465000000000000036e+01
1.466000000000000014e+01
1.466000000000000014e+01
1.466999999999999993e+01
1.466999999999999993e+01
1.467999999999999972e+01
1.467999999999999972e+01
1.468999999999999950e+01
1.468999999999999950e+01
1.468999999999999950e+01
1.469999999999999929e+01
1.469999999999999929e+01
1.470999999999999908e+01
1.471999999999999886e+01
1.471999999999999886e+01
1.473000000000000043e+01
1.474000000000000021e+01
1.474000000000000021e+01
1.475000000000000000e+01
1.475000000000000000e+01
1.475000000000000000e+01
1.475000000000000000e+01
1.475999999999999979e+01
1.476999999999999957e+01
1.476999999999999957e+01
1.476999999999999957e+01
1.478000000000000114e+01
1.466000000000000014e+01
1.466000000000000014e+01
1.466000000000000014e+01
1.466999999999999993e+01
1.466999999999999993e+01
1.466999999999999993e+01
1.467999999999999972e+01
1.467999999999999972e+01
1.467999999999999972e+01
1.468999999999999950e+01
1.468999999999999950e+01
1.469999999999999929e+01
1.474000000000000021e+01
1.474000000000000021e+01
1.475000000000000000e+01
1.475000000000000000e+01
1.475000000000000000e+01
1.475000000000000000e+01
1.475999999999999979e+01
1.476999999999999957e+01
1.476999999999999957e+01
1.476999999999999957e+01
1.478000000000000114e+01
1.479000000000000092e+01
1.479000000000000092e+01
1.480000000000000071e+01
1.467999999999999972e+01
1.467999999999999972e+01
1.467999999999999972e+01
1.468999999999999950e+01
1.468999999999999950e+01
1.468999999999999950e+01
1.469999999999999929e+01
1.469999999999999929e+01
1.470999999999999908e+01
1.470999999999999908e+01
1.481000000000000050e+01
1.482000000000000028e+01
1.483000000000000007e+01
1.483000000000000007e+01
1.483000000000000007e+01
1.483999999999999986e+01
1.483999999999999986e+01
1.483999999999999986e+01
1.483999999999999986e+01
1.484999999999999964e+01
1.484999999999999964e+01
1.484999999999999964e+01
1.484999999999999964e+01
1.485999999999999943e+01
1.474000000000000021e+01
1.474000000000000021e+01
1.475000000000000000e+01
1.475000000000000000e+01
1.475999999999999979e+01
1.475999999999999979e+01
1.475999999999999979e+01
1.476999999999999957e+01
1.478000000000000114e+01
1.478000000000000114e+01
1.478000000000000114e+01
1.479000000000000092e+01
1.479000000000000092e+01
1.479000000000000092e+01
1.480000000000000071e+01
1.483999999999999986e+01
1.483999999999999986e+01
1.484999999999999964e+01
1.484999999999999964e+01
1.484999999999999964e+01
1.484999999999999964e+01
1.485999999999999943e+01
1.486999999999999922e+01
1.487999999999999901e+01
1.489000000000000057e+01
1.476999999999999957e+01
1.478000000000000114e+01
1.478000000000000114e+01
1.478000000000000114e+01
1.479000000000000092e+01
1.479000000000000092e+01
1.479000000000000092e+01
1.480000000000000071e+01
1.480000000000000071e+01
1.481000000000000050e+01
1.481000000000000050e+01
1.482000000000000028e+01
1.483000000000000007e+01
1.483000000000000007e+01
1.483000000000000007e+01
1.484999999999999964e+01
1.484999999999999964e+01
1.484999999999999964e+01
1.485999999999999943e+01
1.486999999999999922e+01
1.487999999999999901e+01
1.476999999999999957e+01
1.478000000000000114e+01
1.478000000000000114e+01
1.478000000000000114e+01
1.479000000000000092e+01
1.479000000000000092e+01
1.479000000000000092e+01
1.480000000000000071e+01
1.480000000000000071e+01
1.481000000000000050e+01
1.481000000000000050e+01
1.482000000000000028e+01
1.483000000000000007e+01
1.483000000000000007e+01
1.483000000000000007e+01
1.483999999999999986e+01
1.483999999999999986e+01
1.441999999999999993e+01
1.441999999999999993e+01
1.443000000000000149e+01
1.443000000000000149e+01
1.444000000000000128e+01
1.444000000000000128e+01
1.444000000000000128e+01
1.444000000000000128e+01
1.445000000000000107e+01
1.445000000000000107e+01
1.445000000000000107e+01
1.445000000000000107e+01
1.445000000000000107e+01
1.446000000000000085e+01
1.447000000000000064e+01
1.448000000000000043e+01
1.449000000000000021e+01
1.449000000000000021e+01
1.449000000000000021e+01
1.447000000000000064e+01
1.448000000000000043e+01
1.449000000000000021e+01
1.449000000000000021e+01
1.449000000000000021e+01
1.450000000000000000e+01
1.450999999999999979e+01
1.450999999999999979e+01
1.451999999999999957e+01
1.440999999999999837e+01
1.440999999999999837e+01
1.440999999999999837e+01
1.441999999999999993e+01
1.441999999999999993e+01
1.443000000000000149e+01
1.443000000000000149e+01
1.443000000000000149e+01
1.444000000000000128e+01
1.444000000000000128e+01
1.445000000000000107e+01
1.445000000000000107e+01
1.449000000000000021e+01
1.450000000000000000e+01
1.450999999999999979e+01
1.450999999999999979e+01
1.451999999999999957e+01
1.452999999999999936e+01
1.452999999999999936e+01
1.452999999999999936e+01
1.441999999999999993e+01
1.441999999999999993e+01
1.443000000000000149e+01
1.443000000000000149e+01
1.443000000000000149e+01
1.444000000000000128e+01
1.444000000000000128e+01
1.445000000000000107e+01
1.445000000000000107e+01
1.445000000000000107e+01
1.446000000000000085e+01
1.447000000000000064e+01
1.448000000000000043e+01
1.448000000000000043e+01
1.444000000000000128e+01
1.444000000000000128e+01
1.445000000000000107e+01
1.445000000000000107e+01
1.445000000000000107e+01
1.446000000000000085e+01
1.447000000000000064e+01
1.448000000000000043e+01
1.448000000000000043e+01
1.448000000000000043e+01
1.448000000000000043e+01
1.449000000000000021e+01
1.449000000000000021e+01
1.450000000000000000e+01
1.450000000000000000e+01
1.450999999999999979e+01
1.451999999999999957e+01
1.451999999999999957e+01
1.463000000000000078e+01
1.463000000000000078e+01
1.463000000000000078e+01
1.464000000000000057e+01
1.464000000000000057e+01
1.465000000000000036e+01
1.466000000000000014e+01
1.466000000000000014e+01
1.466999999999999993e+01
1.466999999999999993e+01
1.455999999999999872e+01
1.457000000000000028e+01
1.457000000000000028e+01
1.457000000000000028e+01
1.458000000000000007e+01
1.458000000000000007e+01
1.458999999999999986e+01
1.458999999999999986e+01
1.460000000000000142e+01
1.460000000000000142e+01
1.460000000000000142e+01
1.461000000000000121e+01
1.461000000000000121e+01
1.461000000000000121e+01
1.462000000000000099e+01
1.463000000000000078e+01
1.466000000000000014e+01
1.466000000000000014e+01
1.466999999999999993e+01
1.466999999999999993e+01
1.467999999999999972e+01
1.467999999999999972e+01
1.468999999999999950e+01
1.468999999999999950e+01
1.468999999999999950e+01
1.469999999999999929e+01
1.469999999999999929e+01
1.469999999999999929e+01
1.470999999999999908e+01
1.471999999999999886e+01
1.471999999999999886e+01
1.473000000000000043e+01
1.474000000000000021e+01
1.474000000000000021e+01
1.466999999999999993e+01
1.466999999999999993e+01
1.467999999999999972e+01
1.467999999999999972e+01
1.468999999999999950e+01
1.468999999999999950e+01
1.468999999999999950e+01
1.469999999999999929e+01
1.469999999999999929e+01
1.469999999999999929e+01
1.470999999999999908e+01
1.471999999999999886e+01
1.471999999999999886e+01
1.473000000000000043e+01
1.474000000000000021e+01
1.474000000000000021e+01
1.475000000000000000e+01
1.475000000000000000e+01
1.475000000000000000e+01
1.475000000000000000e+01
1.471999999999999886e+01
1.473000000000000043e+01
1.474000000000000021e+01
1.474000000000000021e+01
1.475000000000000000e+01
1.475000000000000000e+01
1.475000000000000000e+01
1.475000000000000000e+01
1.475999999999999979e+01
1.476999999999999957e+01
1.476999999999999957e+01
1.476999999999999957e+01
1.478000000000000114e+01
1.479000000000000092e+01
1.479000000000000092e+01
1.480000000000000071e+01
1.480000000000000071e+01
1.481000000000000050e+01
1.481000000000000050e+01
1.476999999999999957e+01
1.476999999999999957e+01
1.476999999999999957e+01
1.478000000000000114e+01
1.479000000000000092e+01
1.479000000000000092e+01
1.480000000000000071e+01
1.480000000000000071e+01
1.481000000000000050e+01
1.481000000000000050e+01
1.481000000000000050e+01
1.482000000000000028e+01
1.483000000000000007e+01
1.483000000000000007e+01
1.483000000000000007e+01
1.483999999999999986e+01
1.483999999999999986e+01
1.483999999999999986e+01
1.483999999999999986e+01
1.484999999999999964e+01
1.484999999999999964e+01
1.484999999999999964e+01
1.481000000000000050e+01
1.481000000000000050e+01
1.481000000000000050e+01
1.482000000000000028e+01
1.483000000000000007e+01
1.483000000000000007e+01
1.483000000000000007e+01
1.483999999999999986e+01
1.483999999999999986e+01
1.483999999999999986e+01
1.483999999999999986e+01
1.484999999999999964e+01
1.484999999999999964e+01
1.484999999999999964e+01
1.484999999999999964e+01
1.485999999999999943e+01
1.486999999999999922e+01
1.487999999999999901e+01
1.489000000000000057e+01
1.489000000000000057e+01
1.490000000000000036e+01
1.483000000000000007e+01
1.483000000000000007e+01
1.483000000000000007e+01
1.483999999999999986e+01
1.483999999999999986e+01
1.483999999999999986e+01
1.483999999999999986e+01
1.484999999999999964e+01
1.484999999999999964e+01
1.484999999999999964e+01
1.484999999999999964e+01
1.485999999999999943e+01
1.486999999999999922e+01
1.487999999999999901e+01
1.489000000000000057e+01
1.489000000000000057e+01
1.490000000000000036e+01
1.490000000000000036e+01
1.490000000000000036e+01
1.491000000000000014e+01
1.491999999999999993e+01
1.469999999999999929e+01
1.469999999999999929e+01
1.469999999999999929e+01
1.470999999999999908e+01
1.471999999999999886e+01
1.471999999999999886e+01
1.473000000000000043e+01
1.474000000000000021e+01
1.474000000000000021e+01
1.475000000000000000e+01
1.475000000000000000e+01
1.475000000000000000e+01
1.475000000000000000e+01
1.475999999999999979e+01
1.476999999999999957e+01
1.476999999999999957e+01
1.476999999999999957e+01
1.478000000000000114e+01
1.479000000000000092e+01
1.444000000000000128e+01
1.445000000000000107e+01
1.445000000000000107e+01
1.445000000000000107e+01
1.445000000000000107e+01
1.445000000000000107e+01
1.446000000000000085e+01
1.447000000000000064e+01
1.448000000000000043e+01
1.449000000000000021e+01
1.449000000000000021e+01
1.449000000000000021e+01
1.450000000000000000e+01
1.450999999999999979e+01
1.450999999999999979e+01
1.451999999999999957e+01
1.433000000000000007e+01
1.433999999999999986e+01
1.433999999999999986e+01
1.433999999999999986e+01
1.433999999999999986e+01
1.433999999999999986e+01
1.433999999999999986e+01
1.433999999999999986e+01
1.433999999999999986e+01
1.433999999999999986e+01
1.434999999999999964e+01
1.434999999999999964e+01
1.435999999999999943e+01
1.436999999999999922e+01
1.429000000000000092e+01
1.429000000000000092e+01
1.430000000000000071e+01
1.431000000000000050e+01
1.431000000000000050e+01
1.431000000000000050e+01
1.432000000000000028e+01
1.432000000000000028e+01
1.432000000000000028e+01
1.433000000000000007e+01
1.433000000000000007e+01
1.433000000000000007e+01
1.433000000000000007e+01
1.433000000000000007e+01
1.433999999999999986e+01
1.433999999999999986e+01
1.433999999999999986e+01
1.433999999999999986e+01
1.433999999999999986e+01
1.433999999999999986e+01
1.433999999999999986e+01
1.433999999999999986e+01
1.433999999999999986e+01
1.419999999999999929e+01
1.419999999999999929e+01
1.419999999999999929e+01
1.419999999999999929e+01
1.419999999999999929e+01
1.419999999999999929e+01
1.420999999999999908e+01
1.420999999999999908e+01
1.420999999999999908e+01
1.420999999999999908e+01
1.421999999999999886e+01
1.421999999999999886e+01
1.422999999999999865e+01
1.423999999999999844e+01
1.423999999999999844e+01
1.423999999999999844e+01
1.423999999999999844e+01
1.423999999999999844e+01
1.423999999999999844e+01
1.423999999999999844e+01
1.423999999999999844e+01
1.425000000000000000e+01
1.426000000000000156e+01
1.427000000000000135e+01
1.427000000000000135e+01
1.427000000000000135e+01
1.427000000000000135e+01
1.419999999999999929e+01
1.419999999999999929e+01
1.419999999999999929e+01
1.419999999999999929e+01
1.419999999999999929e+01
1.419999999999999929e+01
1.420999999999999908e+01
1.420999999999999908e+01
1.420999999999999908e+01
1.420999999999999908e+01
1.421999999999999886e+01
1.421999999999999886e+01
1.422999999999999865e+01
1.423999999999999844e+01
1.423999999999999844e+01
1.423999999999999844e+01
1.423999999999999844e+01
1.423999999999999844e+01
1.423999999999999844e+01
1.423999999999999844e+01
1.423999999999999844e+01
1.425000000000000000e+01
1.426000000000000156e+01
1.427000000000000135e+01
1.427000000000000135e+01
1.427000000000000135e+01
1.427000000000000135e+01
1.425000000000000000e+01
1.426000000000000156e+01
1.427000000000000135e+01
1.427000000000000135e+01
1.427000000000000135e+01
1.427000000000000135e+01
1.428000000000000114e+01
1.429000000000000092e+01
1.429000000000000092e+01
1.429000000000000092e+01
1.430000000000000071e+01
1.431000000000000050e+01
1.431000000000000050e+01
1.431000000000000050e+01
1.432000000000000028e+01
1.432000000000000028e+01
1.432000000000000028e+01
1.433000000000000007e+01
1.433000000000000007e+01
1.433000000000000007e+01
1.433000000000000007e+01
1.434999999999999964e+01
1.434999999999999964e+01
1.435999999999999943e+01
1.436999999999999922e+01
1.437999999999999901e+01
1.437999999999999901e+01
1.437999999999999901e+01
1.437999999999999901e+01
1.437999999999999901e+01
1.437999999999999901e+01
1.437999999999999901e+01
1.438999999999999879e+01
1.438999999999999879e+01
1.438999999999999879e+01
1.438999999999999879e+01
1.439999999999999858e+01
1.439999999999999858e+01
1.439999999999999858e+01
1.439999999999999858e+01
1.439999999999999858e+01
1.439999999999999858e+01
1.439999999999999858e+01
1.439999999999999858e+01
1.440999999999999837e+01
1.437999999999999901e+01
1.438999999999999879e+01
1.438999999999999879e+01
1.438999999999999879e+01
1.438999999999999879e+01
1.439999999999999858e+01
1.439999999999999858e+01
1.439999999999999858e+01
1.439999999999999858e+01
1.439999999999999858e+01
1.439999999999999858e+01
1.439999999999999858e+01
1.439999999999999858e+01
1.440999999999999837e+01
1.441999999999999993e+01
1.441999999999999993e+01
1.443000000000000149e+01
1.443000000000000149e+01
1.444000000000000128e+01
1.444000000000000128e+01
1.444000000000000128e+01
1.444000000000000128e+01
1.445000000000000107e+01
1.440999999999999837e+01
1.441999999999999993e+01
1.441999999999999993e+01
1.443000000000000149e+01
1.443000000000000149e+01
1.444000000000000128e+01
1.444000000000000128e+01
1.444000000000000128e+01
1.444000000000000128e+01
1.445000000000000107e+01
1.445000000000000107e+01
1.445000000000000107e+01
1.445000000000000107e+01
1.445000000000000107e+01
1.446000000000000085e+01
1.447000000000000064e+01
1.448000000000000043e+01
1.449000000000000021e+01
1.449000000000000021e+01
1.449000000000000021e+01
1.441999999999999993e+01
1.441999999999999993e+01
1.443000000000000149e+01
1.443000000000000149e+01
1.444000000000000128e+01
1.444000000000000128e+01
1.444000000000000128e+01
1.444000000000000128e+01
1.445000000000000107e+01
1.445000000000000107e+01
1.445000000000000107e+01
1.445000000000000107e+01
1.445000000000000107e+01
1.446000000000000085e+01
1.447000000000000064e+01
1.448000000000000043e+01
1.449000000000000021e+01
1.449000000000000021e+01
1.449000000000000021e+01
1.450000000000000000e+01
1.450999999999999979e+01
1.444000000000000128e+01
1.444000000000000128e+01
1.444000000000000128e+01
1.444000000000000128e+01
1.445000000000000107e+01
1.445000000000000107e+01
1.445000000000000107e+01
1.445000000000000107e+01
1.445000000000000107e+01
1.446000000000000085e+01
1.447000000000000064e+01
1.448000000000000043e+01
1.449000000000000021e+01
1.449000000000000021e+01
1.449000000000000021e+01
1.450000000000000000e+01
1.450999999999999979e+01
1.450999999999999979e+01
1.451999999999999957e+01
1.452999999999999936e+01
1.452999999999999936e+01
1.445000000000000107e+01
1.445000000000000107e+01
1.445000000000000107e+01
1.446000000000000085e+01
1.447000000000000064e+01
1.448000000000000043e+01
1.449000000000000021e+01
1.449000000000000021e+01
1.449000000000000021e+01
1.450000000000000000e+01
1.450999999999999979e+01
1.450999999999999979e+01
1.451999999999999957e+01
1.452999999999999936e+01
1.452999999999999936e+01
1.452999999999999936e+01
1.452999999999999936e+01
1.453999999999999915e+01
1.453999999999999915e+01
1.452999999999999936e+01
1.452999999999999936e+01
1.452999999999999936e+01
1.453999999999999915e+01
1.453999999999999915e+01
1.454999999999999893e+01
1.454999999999999893e+01
1.454999999999999893e+01
1.454999999999999893e+01
1.455999999999999872e+01
1.457000000000000028e+01
1.457000000000000028e+01
1.458000000000000007e+01
1.458000000000000007e+01
1.458999999999999986e+01
1.460000000000000142e+01
1.460000000000000142e+01
1.460000000000000142e+01
1.460000000000000142e+01
1.453999999999999915e+01
1.454999999999999893e+01
1.454999999999999893e+01
1.454999999999999893e+01
1.454999999999999893e+01
1.455999999999999872e+01
1.457000000000000028e+01
1.457000000000000028e+01
1.458000000000000007e+01
1.458000000000000007e+01
1.458999999999999986e+01
1.460000000000000142e+01
1.460000000000000142e+01
1.460000000000000142e+01
1.460000000000000142e+01
1.461000000000000121e+01
1.461000000000000121e+01
1.461000000000000121e+01
1.462000000000000099e+01
1.463000000000000078e+01
1.463000000000000078e+01
1.462000000000000099e+01
1.463000000000000078e+01
1.463000000000000078e+01
1.463000000000000078e+01
1.463000000000000078e+01
1.463000000000000078e+01
1.464000000000000057e+01
1.464000000000000057e+01
1.465000000000000036e+01
1.466000000000000014e+01
1.466000000000000014e+01
1.466999999999999993e+01
1.466999999999999993e+01
1.467999999999999972e+01
1.467999999999999972e+01
1.468999999999999950e+01
1.468999999999999950e+01
1.468999999999999950e+01
1.469999999999999929e+01
1.469999999999999929e+01
1.469999999999999929e+01
1.470999999999999908e+01
1.464000000000000057e+01
1.465000000000000036e+01
1.466000000000000014e+01
1.466000000000000014e+01
1.466999999999999993e+01
1.466999999999999993e+01
1.467999999999999972e+01
1.467999999999999972e+01
1.468999999999999950e+01
1.468999999999999950e+01
1.468999999999999950e+01
1.469999999999999929e+01
1.469999999999999929e+01
1.469999999999999929e+01
1.470999999999999908e+01
1.471999999999999886e+01
1.471999999999999886e+01
1.473000000000000043e+01
1.469999999999999929e+01
1.470999999999999908e+01
1.471999999999999886e+01
1.471999999999999886e+01
1.473000000000000043e+01
1.474000000000000021e+01
1.474000000000000021e+01
1.475000000000000000e+01
1.475000000000000000e+01
1.475000000000000000e+01
1.475000000000000000e+01
1.475999999999999979e+01
1.476999999999999957e+01
1.476999999999999957e+01
1.476999999999999957e+01
1.478000000000000114e+01
1.475000000000000000e+01
1.475000000000000000e+01
1.475000000000000000e+01
1.475000000000000000e+01
1.475999999999999979e+01
1.476999999999999957e+01
1.476999999999999957e+01
1.476999999999999957e+01
1.478000000000000114e+01
1.479000000000000092e+01
1.479000000000000092e+01
1.480000000000000071e+01
1.480000000000000071e+01
1.481000000000000050e+01
1.481000000000000050e+01
1.481000000000000050e+01
1.482000000000000028e+01
1.483000000000000007e+01
1.483000000000000007e+01
1.483000000000000007e+01
1.482000000000000028e+01
1.483000000000000007e+01
1.483000000000000007e+01
1.483000000000000007e+01
1.483999999999999986e+01
1.483999999999999986e+01
1.483999999999999986e+01
1.484999999999999964e+01
1.484999999999999964e+01
1.485999999999999943e+01
1.486999999999999922e+01
1.486999999999999922e+01
1.486999999999999922e+01
1.487999999999999901e+01
1.489000000000000057e+01
1.489000000000000057e+01
1.489000000000000057e+01
1.489000000000000057e+01
1.490000000000000036e+01
1.503999999999999915e+01
1.494999999999999929e+01
1.496000000000000085e+01
1.496000000000000085e+01
1.496000000000000085e+01
1.496000000000000085e+01
1.497000000000000064e+01
1.497000000000000064e+01
1.497000000000000064e+01
1.498000000000000043e+01
1.499000000000000021e+01
1.500000000000000000e+01
1.500000000000000000e+01
1.500000000000000000e+01
1.500000000000000000e+01
1.500999999999999979e+01
1.501999999999999957e+01
1.501999999999999957e+01
1.502999999999999936e+01
1.502999999999999936e+01
1.502999999999999936e+01
1.502999999999999936e+01
1.529999999999999893e+01
1.529999999999999893e+01
1.529999999999999893e+01
1.531000000000000050e+01
1.531000000000000050e+01
1.531000000000000050e+01
1.531999999999999851e+01
1.531999999999999851e+01
1.533000000000000007e+01
1.533000000000000007e+01
1.533999999999999808e+01
1.523000000000000043e+01
1.523000000000000043e+01
1.523000000000000043e+01
1.523000000000000043e+01
1.524000000000000021e+01
1.524000000000000021e+01
1.524000000000000021e+01
1.525000000000000000e+01
1.525999999999999979e+01
1.525999999999999979e+01
1.527000000000000135e+01
1.527000000000000135e+01
1.527000000000000135e+01
1.527999999999999936e+01
1.529000000000000092e+01
1.529000000000000092e+01
1.537999999999999901e+01
1.537999999999999901e+01
1.539000000000000057e+01
1.539000000000000057e+01
1.539000000000000057e+01
1.539000000000000057e+01
1.540000000000000213e+01
1.540000000000000213e+01
1.541000000000000014e+01
1.542000000000000171e+01
1.542000000000000171e+01
1.542000000000000171e+01
1.542999999999999972e+01
1.544000000000000128e+01
1.544000000000000128e+01
1.544000000000000128e+01
1.531999999999999851e+01
1.531999999999999851e+01
1.531999999999999851e+01
1.531999999999999851e+01
1.533000000000000007e+01
1.533000000000000007e+01
1.533999999999999808e+01
1.533999999999999808e+01
1.534999999999999964e+01
1.534999999999999964e+01
1.535999999999999943e+01
1.537000000000000099e+01
1.537000000000000099e+01
1.537999999999999901e+01
1.537999999999999901e+01
1.537999999999999901e+01
1.554999999999999893e+01
1.556000000000000050e+01
1.556000000000000050e+01
1.556999999999999851e+01
1.556999999999999851e+01
1.558000000000000007e+01
1.558000000000000007e+01
1.559000000000000163e+01
1.559000000000000163e+01
1.559000000000000163e+01
1.559999999999999964e+01
1.559999999999999964e+01
1.559999999999999964e+01
1.548999999999999844e+01
1.548999999999999844e+01
1.548999999999999844e+01
1.550000000000000000e+01
1.550000000000000000e+01
1.550000000000000000e+01
1.550000000000000000e+01
1.550999999999999801e+01
1.550999999999999801e+01
1.552000000000000135e+01
1.552999999999999936e+01
1.554000000000000092e+01
1.554000000000000092e+01
1.554000000000000092e+01
1.554000000000000092e+01
1.554999999999999893e+01
1.554999999999999893e+01
1.554999999999999893e+01
1.556000000000000050e+01
1.556999999999999851e+01
