mod	trans_guid	split_guid	time_now	date_entered	date_posted	acc_guid	acc_name	num	description	notes	memo	action	reconciled	amount	value	date_reconciled
-----------------
===== START
===== END
===== START
===== END
===== START
D	6bb4470cade183fa8aea488cf1df1085	74dc0d536fdcb85c67e52ed329a323c8	2018-02-21 07:57:55.000000 Romancexñ(	2018-02-21 07:57:55.000000 Romance°ª7Xñ(	2018-02-21 11:59:00.000000 Romance								n	0/1	0/100	1970-01-01 01:00:00.000000 Romance
===== END
===== START
===== END
===== START
C	a5924cd14525c307cc5862c97361b031	f5f1b767b38439eff788bed8fca8d1c2	2018-02-21 07:58:44.000000 Romance	2018-02-21 07:58:44.000000 Romancexí(	2018-02-21 11:59:00.000000 Romance¸åC	Èì(	a1dd9e8118bff87db289482bceebfea9	Savings		buy foo				n	-120000/100	-120000/100	1970-01-01 01:00:00.000000 Romanceàë(
C	a5924cd14525c307cc5862c97361b031	e07539176a70222b16369bd246b174b9	2018-02-21 07:58:44.000000 Romance	2018-02-21 07:58:44.000000 Romancexí(	2018-02-21 11:59:00.000000 Romance¸åC	Èì(	1c089803052e85f5c6d8e786057dbaee	Foo stock		buy foo				n	1300000/10000	120000/100	1970-01-01 01:00:00.000000 Romanceàë(
C	a5924cd14525c307cc5862c97361b031	85d451d09db85fb97cea6fe2e876d566	2018-02-21 07:58:44.000000 Romance	2018-02-21 07:58:44.000000 Romancexí(	2018-02-21 11:59:00.000000 Romance¸åC	Èì(	0ccab772d0d16a3e1eaf42cd53f891e5	FOO		buy foo				n	-1300000/10000	-120000/100	1970-01-01 01:00:00.000000 Romanceàë(
C	a5924cd14525c307cc5862c97361b031	e055799a549308621a16c715c870e29a	2018-02-21 07:58:44.000000 Romance	2018-02-21 07:58:44.000000 Romancexí(	2018-02-21 11:59:00.000000 Romance¸åC	Èì(	7894e9c3e955f5eaa9689d16ed775660	EUR5		buy foo				n	120000/100	120000/100	1970-01-01 01:00:00.000000 Romanceàë(
===== END
===== START
===== END
===== START
===== END
===== START
D	d08dc26bab798eb486007221d137e1a2	bbb04e349651729b1135b028d8e3b87f	2018-02-21 07:59:54.000000 Romancexñ(	2018-02-21 07:59:54.000000 Romance ¶BXñ(	2018-02-21 11:59:00.000000 Romance								n	0/1	0/100	1970-01-01 01:00:00.000000 Romance
===== END
===== START
===== END
===== START
D	12f16bacc3c9ba842ab08d08635920a3	04026995f57b4aaef1ae72321fa31bfd	2018-02-21 08:01:48.000000 Romancexñ(	2018-02-21 08:01:48.000000 RomancejXñ(	2018-02-21 11:59:00.000000 Romance								n	0/1	0/100	1970-01-01 01:00:00.000000 Romance
===== END
===== START
D	b5f7291bdda147740702557537e66ad6	48bceda1b53c3d6be78aa9156d7b0a8a	2018-02-21 08:01:51.000000 Romancexñ(	2018-02-21 08:01:51.000000 RomanceHÊ7Xñ(	2018-02-21 11:59:00.000000 Romance								n	0/1	0/100	1970-01-01 01:00:00.000000 Romance
===== END
===== START
===== END
===== START
C	2d249b7d3fc8efe17865873b97748f50	b3c4df045f2a19332e143cd83a7e013f	2018-02-21 08:25:53.000000 Romance	2018-02-21 08:25:53.000000 Romance¸õ(	2018-02-21 11:59:00.000000 Romanceh7F	õ(	a1dd9e8118bff87db289482bceebfea9	Savings		Opening Balance				n	250000/100	250000/100	1970-01-01 01:00:00.000000 Romance ô(
C	2d249b7d3fc8efe17865873b97748f50	d240433d6812fc634c21200fb559d07f	2018-02-21 08:25:53.000000 Romance	2018-02-21 08:25:53.000000 Romance¸õ(	2018-02-21 11:59:00.000000 Romanceh7F	õ(	1305127e63737f8c39afb49b5bbeca7a	Opening Balances - EUR		Opening Balance				n	-250000/100	-250000/100	1970-01-01 01:00:00.000000 Romance ô(
===== END
===== START
===== END
===== START
D	1c25da30bec18d148935811993ecadbe	bc5259cfc39f81ec64d0beb618353c4e	2018-02-21 08:25:53.000000 Romance¸ö(	2018-02-21 08:25:53.000000 Romanceh}1˜ö(	2018-02-21 11:59:00.000000 Romance								n	0/1	0/100	1970-01-01 01:00:00.000000 Romance
===== END
===== START
D	1e17e4d475b791367f26537bb9c5fed7	1f921e06fd95c7d1d05e470010fd1bff	2018-02-21 08:25:53.000000 Romance¸ö(	2018-02-21 08:25:53.000000 Romance€h7˜ö(	2018-02-21 11:59:00.000000 Romance								n	0/1	0/100	1970-01-01 01:00:00.000000 Romance
===== END
