1.221711643000000080e+01
1.221791651000000023e+01
1.221871658999999966e+01
1.221951667000000086e+01
1.222031675000000028e+01
1.222111682999999971e+01
1.222111682999999971e+01
1.222191690999999913e+01
1.222191690999999913e+01
1.222271699000000034e+01
1.222351706999999976e+01
1.222351706999999976e+01
1.222351706999999976e+01
1.222351706999999976e+01
1.222351706999999976e+01
1.222351706999999976e+01
1.222431714999999919e+01
1.222511723000000039e+01
1.222591730999999982e+01
1.222671738999999924e+01
1.222671738999999924e+01
1.222751747000000044e+01
1.222831754999999987e+01
1.222911762999999929e+01
1.222991771000000050e+01
1.223071778999999992e+01
1.223151786999999935e+01
1.223151786999999935e+01
1.223151786999999935e+01
1.223151786999999935e+01
1.223231795000000055e+01
1.223231795000000055e+01
1.223311802999999998e+01
1.223391810999999940e+01
1.221951667000000086e+01
1.222031675000000028e+01
1.222111682999999971e+01
1.222111682999999971e+01
1.222191690999999913e+01
1.222191690999999913e+01
1.222271699000000034e+01
1.222351706999999976e+01
1.222351706999999976e+01
1.222351706999999976e+01
1.222351706999999976e+01
1.222351706999999976e+01
1.222351706999999976e+01
1.222431714999999919e+01
1.222511723000000039e+01
1.222591730999999982e+01
1.222671738999999924e+01
1.222671738999999924e+01
1.222751747000000044e+01
1.222831754999999987e+01
1.222911762999999929e+01
1.222991771000000050e+01
1.223071778999999992e+01
1.223151786999999935e+01
1.223151786999999935e+01
1.223151786999999935e+01
1.223151786999999935e+01
1.223231795000000055e+01
1.223231795000000055e+01
1.223311802999999998e+01
1.223391810999999940e+01
1.223391810999999940e+01
1.223391810999999940e+01
1.223471819000000060e+01
1.222431714999999919e+01
1.222511723000000039e+01
1.222591730999999982e+01
1.222671738999999924e+01
1.222671738999999924e+01
1.222751747000000044e+01
1.222831754999999987e+01
1.222911762999999929e+01
1.222991771000000050e+01
1.223071778999999992e+01
1.223151786999999935e+01
1.223151786999999935e+01
1.223151786999999935e+01
1.223151786999999935e+01
1.223231795000000055e+01
1.223231795000000055e+01
1.223311802999999998e+01
1.223391810999999940e+01
1.223391810999999940e+01
1.223391810999999940e+01
1.223471819000000060e+01
1.223551827000000003e+01
1.223631834999999946e+01
1.223631834999999946e+01
1.223631834999999946e+01
1.223711843000000066e+01
1.223791851000000008e+01
1.223871858999999951e+01
1.223951867000000071e+01
1.223951867000000071e+01
1.224031875000000014e+01
1.224031875000000014e+01
1.224351906999999962e+01
1.224431915000000082e+01
1.224431915000000082e+01
1.224511923000000024e+01
1.224591930999999967e+01
1.224591930999999967e+01
1.224671939000000087e+01
1.224751947000000030e+01
1.224751947000000030e+01
1.224831954999999972e+01
1.224911962999999915e+01
1.225151986999999920e+01
1.225712043000000051e+01
1.225792050999999994e+01
1.225872058999999936e+01
1.225952067000000056e+01
1.225952067000000056e+01
1.226032074999999999e+01
1.226112082999999942e+01
1.226112082999999942e+01
1.226112082999999942e+01
1.226192091000000062e+01
1.226192091000000062e+01
1.226192091000000062e+01
1.226192091000000062e+01
1.226032074999999999e+01
1.226112082999999942e+01
1.226112082999999942e+01
1.226112082999999942e+01
1.226192091000000062e+01
1.226192091000000062e+01
1.226192091000000062e+01
1.226192091000000062e+01
1.226192091000000062e+01
1.226272099000000004e+01
1.226272099000000004e+01
1.226352106999999947e+01
1.226432115000000067e+01
1.226432115000000067e+01
1.226512123000000010e+01
1.226592130999999952e+01
1.226672139000000072e+01
1.226752147000000015e+01
1.226832154999999958e+01
1.226912163000000078e+01
1.226992171000000020e+01
1.227072178999999963e+01
1.227072178999999963e+01
1.227392211000000088e+01
1.227472219000000031e+01
1.227552226999999974e+01
1.227632234999999916e+01
1.227632234999999916e+01
1.227712243000000036e+01
1.227792250999999979e+01
1.227872258999999922e+01
1.227872258999999922e+01
1.227872258999999922e+01
1.227872258999999922e+01
1.227952267000000042e+01
1.228032274999999984e+01
1.228112282999999927e+01
1.228192291000000047e+01
1.228272298999999990e+01
1.228272298999999990e+01
1.228272298999999990e+01
1.228352306999999932e+01
1.228432315000000052e+01
1.228512322999999995e+01
1.228592330999999938e+01
1.228672339000000058e+01
1.228752347000000000e+01
1.228752347000000000e+01
1.228752347000000000e+01
1.228752347000000000e+01
1.228832354999999943e+01
1.229552426999999959e+01
1.229632435000000079e+01
1.229712443000000022e+01
1.229712443000000022e+01
1.229792450999999964e+01
1.229792450999999964e+01
1.229872459000000084e+01
1.229872459000000084e+01
1.229952467000000027e+01
1.229952467000000027e+01
1.230032474999999970e+01
1.230112482999999912e+01
1.230112482999999912e+01
1.230112482999999912e+01
1.230112482999999912e+01
1.230112482999999912e+01
1.230192491000000032e+01
1.230272498999999975e+01
1.230272498999999975e+01
1.230272498999999975e+01
1.230272498999999975e+01
1.230352506999999918e+01
1.230432515000000038e+01
1.230512522999999980e+01
1.230512522999999980e+01
1.230592530999999923e+01
1.230672539000000043e+01
1.230912563000000048e+01
1.230912563000000048e+01
1.230912563000000048e+01
1.230992570999999991e+01
1.231072578999999934e+01
1.231072578999999934e+01
1.231152587000000054e+01
1.231232594999999996e+01
1.231312602999999939e+01
1.231392611000000059e+01
1.231472619000000002e+01
1.231552626999999944e+01
1.231632635000000064e+01
1.231712643000000007e+01
1.231792650999999950e+01
1.231792650999999950e+01
1.231872659000000070e+01
1.231952667000000012e+01
1.232032674999999955e+01
1.232032674999999955e+01
1.232032674999999955e+01
1.232112683000000075e+01
1.232112683000000075e+01
1.232112683000000075e+01
1.232112683000000075e+01
1.232192691000000018e+01
1.232192691000000018e+01
1.232192691000000018e+01
1.232192691000000018e+01
1.230912563000000048e+01
1.230912563000000048e+01
1.230912563000000048e+01
1.230992570999999991e+01
1.231072578999999934e+01
1.231072578999999934e+01
1.231152587000000054e+01
1.231232594999999996e+01
1.231312602999999939e+01
1.231392611000000059e+01
1.231472619000000002e+01
1.231552626999999944e+01
1.231632635000000064e+01
1.231712643000000007e+01
1.231792650999999950e+01
1.231792650999999950e+01
1.231872659000000070e+01
1.231952667000000012e+01
1.232032674999999955e+01
1.232032674999999955e+01
1.232032674999999955e+01
1.232112683000000075e+01
1.232112683000000075e+01
1.232112683000000075e+01
1.232112683000000075e+01
1.232192691000000018e+01
1.232192691000000018e+01
1.232192691000000018e+01
1.232192691000000018e+01
1.231312602999999939e+01
1.231392611000000059e+01
1.231472619000000002e+01
1.231552626999999944e+01
1.231632635000000064e+01
1.231712643000000007e+01
1.231792650999999950e+01
1.231792650999999950e+01
1.231872659000000070e+01
1.231952667000000012e+01
1.232032674999999955e+01
1.232032674999999955e+01
1.232032674999999955e+01
1.232112683000000075e+01
1.232112683000000075e+01
1.232112683000000075e+01
1.232112683000000075e+01
1.232192691000000018e+01
1.232192691000000018e+01
1.232192691000000018e+01
1.232192691000000018e+01
1.232272698999999960e+01
1.232352707000000080e+01
1.232432715000000023e+01
1.232512722999999966e+01
1.232512722999999966e+01
1.232592731000000086e+01
1.232672739000000028e+01
1.232672739000000028e+01
1.232672739000000028e+01
1.231312602999999939e+01
1.231392611000000059e+01
1.231472619000000002e+01
1.231552626999999944e+01
1.231632635000000064e+01
1.231712643000000007e+01
1.231792650999999950e+01
1.231792650999999950e+01
1.231872659000000070e+01
1.231952667000000012e+01
1.232032674999999955e+01
1.232032674999999955e+01
1.232032674999999955e+01
1.232112683000000075e+01
1.232112683000000075e+01
1.232112683000000075e+01
1.232112683000000075e+01
1.232192691000000018e+01
1.232192691000000018e+01
1.232192691000000018e+01
1.232192691000000018e+01
1.232272698999999960e+01
1.232352707000000080e+01
1.232432715000000023e+01
1.232512722999999966e+01
1.232512722999999966e+01
1.232592731000000086e+01
1.232672739000000028e+01
1.232672739000000028e+01
1.232672739000000028e+01
1.232432715000000023e+01
1.232512722999999966e+01
1.232512722999999966e+01
1.232592731000000086e+01
1.232672739000000028e+01
1.232672739000000028e+01
1.232672739000000028e+01
1.232752746999999971e+01
1.232832754999999914e+01
1.232912763000000034e+01
1.232912763000000034e+01
1.232992770999999976e+01
1.233072778999999919e+01
1.233152787000000039e+01
1.233152787000000039e+01
1.233232794999999982e+01
1.233232794999999982e+01
1.233312802999999924e+01
1.233392811000000044e+01
1.233392811000000044e+01
1.233392811000000044e+01
1.233472818999999987e+01
1.233552826999999930e+01
1.233632835000000050e+01
1.233712842999999992e+01
1.233712842999999992e+01
1.233712842999999992e+01
1.233792850999999935e+01
1.233792850999999935e+01
1.233792850999999935e+01
1.233872859000000055e+01
1.233232794999999982e+01
1.233312802999999924e+01
1.233392811000000044e+01
1.233392811000000044e+01
1.233392811000000044e+01
1.233472818999999987e+01
1.233552826999999930e+01
1.233632835000000050e+01
1.233712842999999992e+01
1.233712842999999992e+01
1.233712842999999992e+01
1.233792850999999935e+01
1.233792850999999935e+01
1.233792850999999935e+01
1.233872859000000055e+01
1.233872859000000055e+01
1.233952866999999998e+01
1.234032874999999940e+01
1.234032874999999940e+01
1.234112883000000060e+01
1.234192891000000003e+01
1.234272898999999946e+01
1.234352907000000066e+01
1.234352907000000066e+01
1.234432915000000008e+01
1.234512922999999951e+01
1.234592931000000071e+01
1.234672939000000014e+01
1.234672939000000014e+01
1.234672939000000014e+01
1.234752946999999956e+01
1.234832955000000076e+01
1.234912963000000019e+01
1.234272898999999946e+01
1.234352907000000066e+01
1.234352907000000066e+01
1.234432915000000008e+01
1.234512922999999951e+01
1.234592931000000071e+01
1.234672939000000014e+01
1.234672939000000014e+01
1.234672939000000014e+01
1.234752946999999956e+01
1.234832955000000076e+01
1.234912963000000019e+01
1.234992970999999962e+01
1.235072979000000082e+01
1.235072979000000082e+01
1.235152987000000024e+01
1.235232994999999967e+01
1.235232994999999967e+01
1.235313003000000087e+01
1.235393011000000030e+01
1.235473018999999972e+01
1.235553026999999915e+01
1.235633035000000035e+01
1.235713042999999978e+01
1.235793050999999920e+01
1.235793050999999920e+01
1.235793050999999920e+01
1.235873059000000040e+01
1.235953066999999983e+01
1.236033074999999926e+01
1.236113083000000046e+01
1.235793050999999920e+01
1.235873059000000040e+01
1.235953066999999983e+01
1.236033074999999926e+01
1.236113083000000046e+01
1.236193090999999988e+01
1.236273098999999931e+01
1.236273098999999931e+01
1.236353107000000051e+01
1.236353107000000051e+01
1.236353107000000051e+01
1.236353107000000051e+01
1.236433114999999994e+01
1.236513122999999936e+01
1.236593131000000056e+01
1.236673138999999999e+01
1.236753146999999942e+01
1.236753146999999942e+01
1.236833155000000062e+01
1.236913163000000004e+01
1.236993170999999947e+01
1.237073179000000067e+01
1.237153187000000010e+01
1.237233194999999952e+01
1.237313203000000073e+01
1.237313203000000073e+01
1.237313203000000073e+01
1.237313203000000073e+01
1.237313203000000073e+01
1.237393211000000015e+01
1.237473218999999958e+01
1.237553227000000078e+01
1.238273298999999916e+01
1.238353307000000036e+01
1.238433314999999979e+01
1.238513322999999922e+01
1.238593331000000042e+01
1.238673338999999984e+01
1.238753346999999927e+01
1.238753346999999927e+01
1.238833355000000047e+01
1.238913362999999990e+01
1.238913362999999990e+01
1.238913362999999990e+01
1.238993370999999932e+01
1.238993370999999932e+01
1.238993370999999932e+01
1.239073379000000052e+01
1.239153386999999995e+01
1.239233394999999938e+01
1.239233394999999938e+01
1.239313403000000058e+01
1.239393411000000000e+01
1.239473418999999943e+01
1.239553427000000063e+01
1.239553427000000063e+01
1.239553427000000063e+01
1.239633435000000006e+01
1.239713442999999948e+01
1.239793451000000069e+01
1.239873459000000011e+01
1.239873459000000011e+01
1.239873459000000011e+01
1.239873459000000011e+01
1.238913362999999990e+01
1.238913362999999990e+01
1.238913362999999990e+01
1.238993370999999932e+01
1.238993370999999932e+01
1.238993370999999932e+01
1.239073379000000052e+01
1.239153386999999995e+01
1.239233394999999938e+01
1.239233394999999938e+01
1.239313403000000058e+01
1.239393411000000000e+01
1.239473418999999943e+01
1.239553427000000063e+01
1.239553427000000063e+01
1.239553427000000063e+01
1.239633435000000006e+01
1.239713442999999948e+01
1.239793451000000069e+01
1.239873459000000011e+01
1.239873459000000011e+01
1.239873459000000011e+01
1.239873459000000011e+01
1.239873459000000011e+01
1.239873459000000011e+01
1.239953466999999954e+01
1.240033475000000074e+01
1.240113483000000016e+01
1.240113483000000016e+01
1.239393411000000000e+01
1.239473418999999943e+01
1.239553427000000063e+01
1.239553427000000063e+01
1.239553427000000063e+01
1.239633435000000006e+01
1.239713442999999948e+01
1.239793451000000069e+01
1.239873459000000011e+01
1.239873459000000011e+01
1.239873459000000011e+01
1.239873459000000011e+01
1.239873459000000011e+01
1.239873459000000011e+01
1.239953466999999954e+01
1.240033475000000074e+01
1.240113483000000016e+01
1.240113483000000016e+01
1.240193490999999959e+01
1.240273499000000079e+01
1.240273499000000079e+01
1.240273499000000079e+01
1.240273499000000079e+01
1.240353507000000022e+01
1.240433514999999964e+01
1.240433514999999964e+01
1.240433514999999964e+01
1.240113483000000016e+01
1.240193490999999959e+01
1.240193490999999959e+01
1.240193490999999959e+01
1.240273499000000079e+01
1.240353507000000022e+01
1.240353507000000022e+01
1.240433514999999964e+01
1.240433514999999964e+01
1.240433514999999964e+01
1.240433514999999964e+01
1.240513523000000085e+01
1.240593531000000027e+01
1.240673538999999970e+01
1.240753546999999912e+01
1.240833555000000032e+01
1.240913562999999975e+01
1.240993570999999918e+01
1.241073579000000038e+01
1.241073579000000038e+01
1.241153586999999980e+01
1.241153586999999980e+01
1.241233594999999923e+01
1.241313603000000043e+01
1.241313603000000043e+01
1.241313603000000043e+01
1.241313603000000043e+01
1.241313603000000043e+01
1.241313603000000043e+01
1.241313603000000043e+01
1.241393610999999986e+01
1.241473618999999928e+01
1.241553627000000048e+01
1.241633634999999991e+01
1.241633634999999991e+01
1.241633634999999991e+01
1.241633634999999991e+01
1.241633634999999991e+01
1.240833555000000032e+01
1.240913562999999975e+01
1.240993570999999918e+01
1.241073579000000038e+01
1.241153586999999980e+01
1.241153586999999980e+01
1.241233594999999923e+01
1.241313603000000043e+01
1.241393610999999986e+01
1.241393610999999986e+01
1.241473618999999928e+01
1.241473618999999928e+01
1.241473618999999928e+01
1.241473618999999928e+01
1.241473618999999928e+01
1.241473618999999928e+01
1.241473618999999928e+01
1.241473618999999928e+01
1.241473618999999928e+01
1.241553627000000048e+01
1.241633634999999991e+01
1.241393610999999986e+01
1.241473618999999928e+01
1.241553627000000048e+01
1.241633634999999991e+01
1.241633634999999991e+01
1.241633634999999991e+01
1.241633634999999991e+01
1.241633634999999991e+01
1.241713642999999934e+01
1.241793651000000054e+01
1.241873658999999996e+01
1.241873658999999996e+01
1.241873658999999996e+01
1.241953666999999939e+01
1.241953666999999939e+01
1.242033675000000059e+01
1.242113683000000002e+01
1.242193690999999944e+01
1.242273699000000065e+01
1.242273699000000065e+01
1.242273699000000065e+01
1.242273699000000065e+01
1.242273699000000065e+01
1.242273699000000065e+01
1.242353707000000007e+01
1.242433714999999950e+01
1.242513723000000070e+01
1.242593731000000012e+01
1.242593731000000012e+01
1.242673738999999955e+01
1.242753747000000075e+01
1.242833755000000018e+01
1.242913762999999960e+01
1.242993771000000081e+01
1.240433514999999964e+01
1.240593531000000027e+01
1.240673538999999970e+01
1.240753546999999912e+01
1.240833555000000032e+01
1.240913562999999975e+01
1.240993570999999918e+01
1.241073579000000038e+01
1.241153586999999980e+01
1.241153586999999980e+01
1.241233594999999923e+01
1.241313603000000043e+01
1.241393610999999986e+01
1.240913562999999975e+01
1.240993570999999918e+01
1.241073579000000038e+01
1.241073579000000038e+01
1.241153586999999980e+01
1.241153586999999980e+01
1.241233594999999923e+01
1.241313603000000043e+01
1.241313603000000043e+01
1.241313603000000043e+01
1.241313603000000043e+01
1.241313603000000043e+01
1.241313603000000043e+01
1.241313603000000043e+01
1.241393610999999986e+01
1.241473618999999928e+01
1.241553627000000048e+01
1.241633634999999991e+01
1.241633634999999991e+01
1.241633634999999991e+01
1.241633634999999991e+01
1.241633634999999991e+01
1.241713642999999934e+01
1.241793651000000054e+01
1.241873658999999996e+01
1.241873658999999996e+01
1.241873658999999996e+01
1.241953666999999939e+01
1.241953666999999939e+01
1.242033675000000059e+01
1.242113683000000002e+01
1.242193690999999944e+01
1.236673138999999999e+01
1.236753146999999942e+01
1.236833155000000062e+01
1.236833155000000062e+01
1.236913163000000004e+01
1.236993170999999947e+01
1.237073179000000067e+01
1.237153187000000010e+01
1.237233194999999952e+01
1.237313203000000073e+01
1.237393211000000015e+01
1.237473218999999958e+01
1.237473218999999958e+01
1.237473218999999958e+01
1.237473218999999958e+01
1.237553227000000078e+01
1.237633235000000020e+01
1.237713242999999963e+01
1.237793251000000083e+01
1.237873259000000026e+01
1.237953266999999968e+01
1.237953266999999968e+01
1.237953266999999968e+01
1.237873259000000026e+01
1.237953266999999968e+01
1.238033275000000089e+01
1.238113283000000031e+01
1.238193290999999974e+01
1.238273298999999916e+01
1.238273298999999916e+01
1.238273298999999916e+01
1.238273298999999916e+01
1.238273298999999916e+01
1.238353307000000036e+01
1.238433314999999979e+01
1.238513322999999922e+01
1.238593331000000042e+01
1.238673338999999984e+01
1.238753346999999927e+01
1.238753346999999927e+01
1.238833355000000047e+01
1.238913362999999990e+01
1.238913362999999990e+01
1.238913362999999990e+01
1.238993370999999932e+01
1.238993370999999932e+01
1.238993370999999932e+01
1.239073379000000052e+01
1.239153386999999995e+01
1.239233394999999938e+01
1.239233394999999938e+01
1.236273098999999931e+01
1.236353107000000051e+01
1.236433114999999994e+01
1.236513122999999936e+01
1.236513122999999936e+01
1.236593131000000056e+01
1.236673138999999999e+01
1.236753146999999942e+01
1.236753146999999942e+01
1.236833155000000062e+01
1.236913163000000004e+01
1.236993170999999947e+01
1.237073179000000067e+01
1.237153187000000010e+01
1.237233194999999952e+01
1.237313203000000073e+01
1.237313203000000073e+01
1.237313203000000073e+01
1.237313203000000073e+01
1.237313203000000073e+01
1.237393211000000015e+01
1.237473218999999958e+01
1.237553227000000078e+01
1.237633235000000020e+01
1.237713242999999963e+01
1.237793251000000083e+01
1.237793251000000083e+01
1.237873259000000026e+01
1.237873259000000026e+01
1.237953266999999968e+01
1.238033275000000089e+01
1.238113283000000031e+01
1.238193290999999974e+01
1.238273298999999916e+01
1.238273298999999916e+01
1.238273298999999916e+01
1.238273298999999916e+01
1.238273298999999916e+01
1.238353307000000036e+01
1.233792850999999935e+01
1.233872859000000055e+01
1.233872859000000055e+01
1.233952866999999998e+01
1.234032874999999940e+01
1.234032874999999940e+01
1.234112883000000060e+01
1.234192891000000003e+01
1.234272898999999946e+01
1.234352907000000066e+01
1.234352907000000066e+01
1.234432915000000008e+01
1.234512922999999951e+01
1.234592931000000071e+01
1.234672939000000014e+01
1.234672939000000014e+01
1.234672939000000014e+01
1.234752946999999956e+01
1.234832955000000076e+01
1.234912963000000019e+01
1.234992970999999962e+01
1.235072979000000082e+01
1.235072979000000082e+01
1.235152987000000024e+01
1.235232994999999967e+01
1.235232994999999967e+01
1.235313003000000087e+01
1.235393011000000030e+01
1.235473018999999972e+01
1.235553026999999915e+01
1.235633035000000035e+01
1.235713042999999978e+01
1.235793050999999920e+01
1.231872659000000070e+01
1.232192691000000018e+01
1.232272698999999960e+01
1.232352707000000080e+01
1.232432715000000023e+01
1.232512722999999966e+01
1.232512722999999966e+01
1.232592731000000086e+01
1.232672739000000028e+01
1.232672739000000028e+01
1.232672739000000028e+01
1.232752746999999971e+01
1.232832754999999914e+01
1.232912763000000034e+01
1.232912763000000034e+01
1.232992770999999976e+01
1.233072778999999919e+01
1.233152787000000039e+01
1.233152787000000039e+01
1.233232794999999982e+01
1.233232794999999982e+01
1.233312802999999924e+01
1.233392811000000044e+01
1.233392811000000044e+01
1.233392811000000044e+01
1.233472818999999987e+01
1.233552826999999930e+01
1.233632835000000050e+01
1.233712842999999992e+01
1.233712842999999992e+01
1.233712842999999992e+01
1.233792850999999935e+01
1.228352306999999932e+01
1.228432315000000052e+01
1.228512322999999995e+01
1.228592330999999938e+01
1.228672339000000058e+01
1.228752347000000000e+01
1.228832354999999943e+01
1.228832354999999943e+01
1.228832354999999943e+01
1.228912363000000063e+01
1.228992371000000006e+01
1.228992371000000006e+01
1.228992371000000006e+01
1.228992371000000006e+01
1.228992371000000006e+01
1.229072378999999948e+01
1.229152387000000068e+01
1.229232395000000011e+01
1.229312402999999954e+01
1.229392411000000074e+01
1.229472419000000016e+01
1.229552426999999959e+01
1.229632435000000079e+01
1.229632435000000079e+01
1.229632435000000079e+01
1.229632435000000079e+01
1.229712443000000022e+01
1.229792450999999964e+01
1.229792450999999964e+01
1.230032474999999970e+01
1.230112482999999912e+01
1.230112482999999912e+01
1.230112482999999912e+01
1.230112482999999912e+01
1.230112482999999912e+01
1.230192491000000032e+01
1.230272498999999975e+01
1.230272498999999975e+01
1.230272498999999975e+01
1.230272498999999975e+01
1.230352506999999918e+01
1.230432515000000038e+01
1.230512522999999980e+01
1.230512522999999980e+01
1.230592530999999923e+01
1.230672539000000043e+01
1.230672539000000043e+01
1.230752546999999986e+01
1.230832554999999928e+01
1.230912563000000048e+01
1.230912563000000048e+01
1.230912563000000048e+01
1.224431915000000082e+01
1.224511923000000024e+01
1.224591930999999967e+01
1.224831954999999972e+01
1.224911962999999915e+01
1.224991971000000035e+01
1.225071978999999978e+01
1.225151986999999920e+01
1.225231995000000040e+01
1.225231995000000040e+01
1.226112082999999942e+01
1.226192091000000062e+01
1.226192091000000062e+01
1.226192091000000062e+01
1.226192091000000062e+01
1.226192091000000062e+01
1.226272099000000004e+01
1.226272099000000004e+01
1.226352106999999947e+01
1.226432115000000067e+01
1.226432115000000067e+01
1.226512123000000010e+01
1.226592130999999952e+01
1.226672139000000072e+01
1.226752147000000015e+01
1.226832154999999958e+01
1.223391810999999940e+01
1.223471819000000060e+01
1.223551827000000003e+01
1.223631834999999946e+01
1.223631834999999946e+01
1.223631834999999946e+01
1.223711843000000066e+01
1.223791851000000008e+01
1.223871858999999951e+01
1.223951867000000071e+01
1.223951867000000071e+01
1.224031875000000014e+01
1.224031875000000014e+01
1.224111882999999956e+01
1.224191891000000076e+01
1.224271899000000019e+01
1.224271899000000019e+01
1.224271899000000019e+01
1.224351906999999962e+01
1.224431915000000082e+01
1.224431915000000082e+01
1.224511923000000024e+01
1.224591930999999967e+01
1.224591930999999967e+01
1.220671538999999939e+01
1.220751547000000059e+01
1.220751547000000059e+01
1.220751547000000059e+01
1.220751547000000059e+01
1.220751547000000059e+01
1.220751547000000059e+01
1.220751547000000059e+01
1.220751547000000059e+01
1.220751547000000059e+01
1.220751547000000059e+01
1.220831555000000002e+01
1.220831555000000002e+01
1.220911562999999944e+01
1.220991571000000064e+01
1.221071579000000007e+01
1.221151586999999950e+01
1.221231595000000070e+01
1.221311603000000012e+01
1.221311603000000012e+01
1.221391610999999955e+01
1.221471619000000075e+01
1.221551627000000018e+01
1.221631634999999960e+01
1.221711643000000080e+01
1.221791651000000023e+01
1.221871658999999966e+01
1.221951667000000086e+01
1.222031675000000028e+01
1.222111682999999971e+01
1.222111682999999971e+01
1.222191690999999913e+01
1.222191690999999913e+01
1.222271699000000034e+01
1.222351706999999976e+01
1.222351706999999976e+01
1.220591530999999996e+01
1.220591530999999996e+01
1.220671538999999939e+01
1.220751547000000059e+01
1.220751547000000059e+01
1.220751547000000059e+01
1.220751547000000059e+01
1.220751547000000059e+01
1.220751547000000059e+01
1.220751547000000059e+01
1.220751547000000059e+01
1.220751547000000059e+01
1.220751547000000059e+01
1.220831555000000002e+01
1.220831555000000002e+01
1.220911562999999944e+01
1.220991571000000064e+01
1.221071579000000007e+01
1.221151586999999950e+01
1.221231595000000070e+01
1.221311603000000012e+01
1.221311603000000012e+01
1.221391610999999955e+01
1.221471619000000075e+01
1.221551627000000018e+01
1.221631634999999960e+01
1.221711643000000080e+01
1.221791651000000023e+01
1.221871658999999966e+01
1.221951667000000086e+01
1.222031675000000028e+01
1.222111682999999971e+01
1.222111682999999971e+01
1.222191690999999913e+01
1.222191690999999913e+01
1.222271699000000034e+01
1.223791851000000008e+01
1.223871858999999951e+01
1.223951867000000071e+01
1.223951867000000071e+01
1.224031875000000014e+01
1.224031875000000014e+01
1.224111882999999956e+01
1.224191891000000076e+01
1.224271899000000019e+01
1.224271899000000019e+01
1.224271899000000019e+01
1.224351906999999962e+01
1.224431915000000082e+01
1.224431915000000082e+01
1.224511923000000024e+01
1.224591930999999967e+01
1.224591930999999967e+01
1.224671939000000087e+01
1.224751947000000030e+01
1.225792050999999994e+01
1.225872058999999936e+01
1.225952067000000056e+01
1.225952067000000056e+01
1.226032074999999999e+01
1.228352306999999932e+01
1.228432315000000052e+01
1.228512322999999995e+01
1.228592330999999938e+01
1.228672339000000058e+01
1.228752347000000000e+01
1.228752347000000000e+01
1.228752347000000000e+01
1.228752347000000000e+01
1.228832354999999943e+01
1.228912363000000063e+01
1.228992371000000006e+01
1.229072378999999948e+01
1.229152387000000068e+01
1.229152387000000068e+01
1.229152387000000068e+01
1.229232395000000011e+01
1.229312402999999954e+01
1.229312402999999954e+01
1.229392411000000074e+01
1.229472419000000016e+01
1.229552426999999959e+01
1.229632435000000079e+01
1.229712443000000022e+01
1.229712443000000022e+01
1.229792450999999964e+01
1.229792450999999964e+01
1.228912363000000063e+01
1.228992371000000006e+01
1.229072378999999948e+01
1.229152387000000068e+01
1.229152387000000068e+01
1.229152387000000068e+01
1.229232395000000011e+01
1.229312402999999954e+01
1.229312402999999954e+01
1.229392411000000074e+01
1.229472419000000016e+01
1.229552426999999959e+01
1.229632435000000079e+01
1.229712443000000022e+01
1.229712443000000022e+01
1.229792450999999964e+01
1.229792450999999964e+01
1.229872459000000084e+01
1.229872459000000084e+01
1.229952467000000027e+01
1.229952467000000027e+01
1.230032474999999970e+01
1.230112482999999912e+01
1.230112482999999912e+01
1.230112482999999912e+01
1.230112482999999912e+01
1.230112482999999912e+01
1.229712443000000022e+01
1.229792450999999964e+01
1.229792450999999964e+01
1.229792450999999964e+01
1.229872459000000084e+01
1.229872459000000084e+01
1.229872459000000084e+01
1.229952467000000027e+01
1.229952467000000027e+01
1.230032474999999970e+01
1.230112482999999912e+01
1.230192491000000032e+01
1.230192491000000032e+01
1.230192491000000032e+01
1.230512522999999980e+01
1.230592530999999923e+01
1.230672539000000043e+01
1.230672539000000043e+01
1.230752546999999986e+01
1.230832554999999928e+01
1.230912563000000048e+01
1.230912563000000048e+01
1.230912563000000048e+01
1.230992570999999991e+01
1.231072578999999934e+01
1.231072578999999934e+01
1.231152587000000054e+01
1.231232594999999996e+01
1.231312602999999939e+01
1.231392611000000059e+01
1.231472619000000002e+01
1.231552626999999944e+01
1.231632635000000064e+01
1.231712643000000007e+01
1.231792650999999950e+01
1.231792650999999950e+01
1.231872659000000070e+01
1.231952667000000012e+01
1.232032674999999955e+01
1.232032674999999955e+01
1.232032674999999955e+01
1.232112683000000075e+01
1.232112683000000075e+01
1.230352506999999918e+01
1.230432515000000038e+01
1.230432515000000038e+01
1.230592530999999923e+01
1.231312602999999939e+01
1.231392611000000059e+01
1.231472619000000002e+01
1.231552626999999944e+01
1.231632635000000064e+01
1.231712643000000007e+01
1.231792650999999950e+01
1.231792650999999950e+01
1.231872659000000070e+01
1.231952667000000012e+01
1.232032674999999955e+01
1.232032674999999955e+01
1.232032674999999955e+01
1.232112683000000075e+01
1.232112683000000075e+01
1.232112683000000075e+01
1.232112683000000075e+01
1.232192691000000018e+01
1.232192691000000018e+01
1.232192691000000018e+01
1.232192691000000018e+01
1.232272698999999960e+01
1.232352707000000080e+01
1.232432715000000023e+01
1.232512722999999966e+01
1.232512722999999966e+01
1.232592731000000086e+01
1.232672739000000028e+01
1.232672739000000028e+01
1.230992570999999991e+01
1.231072578999999934e+01
1.231152587000000054e+01
1.231232594999999996e+01
1.231312602999999939e+01
1.231392611000000059e+01
1.231472619000000002e+01
1.231552626999999944e+01
1.231632635000000064e+01
1.231712643000000007e+01
1.231792650999999950e+01
1.231872659000000070e+01
1.232032674999999955e+01
1.232032674999999955e+01
1.232112683000000075e+01
1.232112683000000075e+01
1.232112683000000075e+01
1.232112683000000075e+01
1.232192691000000018e+01
1.232192691000000018e+01
1.232192691000000018e+01
1.232192691000000018e+01
1.232272698999999960e+01
1.232352707000000080e+01
1.232432715000000023e+01
1.232512722999999966e+01
1.232512722999999966e+01
1.232592731000000086e+01
1.232672739000000028e+01
1.232672739000000028e+01
1.232672739000000028e+01
1.232752746999999971e+01
1.232832754999999914e+01
1.232912763000000034e+01
1.232912763000000034e+01
1.232992770999999976e+01
1.233072778999999919e+01
1.233152787000000039e+01
1.233152787000000039e+01
1.231312602999999939e+01
1.231392611000000059e+01
1.231472619000000002e+01
1.231552626999999944e+01
1.231632635000000064e+01
1.231712643000000007e+01
1.231792650999999950e+01
1.231872659000000070e+01
1.231872659000000070e+01
1.231872659000000070e+01
1.231872659000000070e+01
1.231872659000000070e+01
1.231952667000000012e+01
1.232032674999999955e+01
1.232032674999999955e+01
1.232112683000000075e+01
1.232192691000000018e+01
1.232192691000000018e+01
1.232192691000000018e+01
1.232272698999999960e+01
1.232352707000000080e+01
1.232352707000000080e+01
1.232432715000000023e+01
1.232512722999999966e+01
1.232592731000000086e+01
1.232592731000000086e+01
1.232672739000000028e+01
1.232672739000000028e+01
1.232672739000000028e+01
1.232752746999999971e+01
1.232832754999999914e+01
1.232912763000000034e+01
1.232912763000000034e+01
1.232992770999999976e+01
1.233072778999999919e+01
1.233152787000000039e+01
1.233152787000000039e+01
1.233232794999999982e+01
1.233232794999999982e+01
1.233312802999999924e+01
1.233392811000000044e+01
1.233392811000000044e+01
1.233392811000000044e+01
1.233472818999999987e+01
1.233552826999999930e+01
1.233632835000000050e+01
1.233712842999999992e+01
1.233712842999999992e+01
1.233712842999999992e+01
1.233792850999999935e+01
1.233792850999999935e+01
1.233792850999999935e+01
1.233712842999999992e+01
1.233792850999999935e+01
1.233872859000000055e+01
1.233952866999999998e+01
1.233952866999999998e+01
1.234192891000000003e+01
1.234032874999999940e+01
1.234112883000000060e+01
1.234192891000000003e+01
1.234272898999999946e+01
1.234352907000000066e+01
1.234352907000000066e+01
1.234432915000000008e+01
1.234512922999999951e+01
1.234592931000000071e+01
1.234672939000000014e+01
1.234672939000000014e+01
1.234672939000000014e+01
1.234752946999999956e+01
1.234832955000000076e+01
1.234912963000000019e+01
1.234992970999999962e+01
1.235072979000000082e+01
1.235072979000000082e+01
1.235152987000000024e+01
1.235232994999999967e+01
1.235232994999999967e+01
1.235313003000000087e+01
1.235393011000000030e+01
1.235473018999999972e+01
1.235553026999999915e+01
1.235633035000000035e+01
1.235713042999999978e+01
1.235793050999999920e+01
1.235793050999999920e+01
1.235793050999999920e+01
1.235873059000000040e+01
1.235953066999999983e+01
1.236353107000000051e+01
1.236353107000000051e+01
1.236353107000000051e+01
1.236433114999999994e+01
1.236513122999999936e+01
1.236593131000000056e+01
1.236673138999999999e+01
1.236753146999999942e+01
1.236753146999999942e+01
1.236833155000000062e+01
1.236913163000000004e+01
1.236993170999999947e+01
1.237073179000000067e+01
1.237153187000000010e+01
1.237233194999999952e+01
1.237313203000000073e+01
1.237313203000000073e+01
1.237313203000000073e+01
1.237313203000000073e+01
1.237313203000000073e+01
1.237393211000000015e+01
1.237473218999999958e+01
1.237553227000000078e+01
1.237633235000000020e+01
1.237713242999999963e+01
1.237793251000000083e+01
1.237793251000000083e+01
1.237873259000000026e+01
1.237873259000000026e+01
1.237953266999999968e+01
1.238033275000000089e+01
1.238113283000000031e+01
1.238193290999999974e+01
1.238273298999999916e+01
1.238273298999999916e+01
1.238273298999999916e+01
1.237873259000000026e+01
1.237953266999999968e+01
1.238033275000000089e+01
1.238113283000000031e+01
1.238193290999999974e+01
1.238273298999999916e+01
1.238273298999999916e+01
1.238273298999999916e+01
1.238273298999999916e+01
1.238273298999999916e+01
1.238353307000000036e+01
1.238433314999999979e+01
1.238513322999999922e+01
1.238593331000000042e+01
1.238673338999999984e+01
1.238753346999999927e+01
1.238753346999999927e+01
1.238833355000000047e+01
1.238913362999999990e+01
1.238913362999999990e+01
1.238913362999999990e+01
1.238993370999999932e+01
1.238993370999999932e+01
1.238993370999999932e+01
1.239073379000000052e+01
1.239153386999999995e+01
1.239233394999999938e+01
1.239233394999999938e+01
1.239313403000000058e+01
1.239393411000000000e+01
1.239473418999999943e+01
1.239553427000000063e+01
1.239553427000000063e+01
1.238433314999999979e+01
1.238513322999999922e+01
1.238593331000000042e+01
1.238673338999999984e+01
1.238753346999999927e+01
1.238833355000000047e+01
1.238833355000000047e+01
1.238833355000000047e+01
1.238913362999999990e+01
1.238993370999999932e+01
1.238993370999999932e+01
1.239073379000000052e+01
1.239153386999999995e+01
1.239153386999999995e+01
1.239233394999999938e+01
1.239313403000000058e+01
1.239393411000000000e+01
1.239473418999999943e+01
1.239553427000000063e+01
1.239553427000000063e+01
1.239633435000000006e+01
1.239713442999999948e+01
1.239793451000000069e+01
1.239793451000000069e+01
1.239313403000000058e+01
1.239393411000000000e+01
1.239473418999999943e+01
1.239553427000000063e+01
1.239553427000000063e+01
1.239553427000000063e+01
1.239633435000000006e+01
1.239713442999999948e+01
1.239793451000000069e+01
1.239873459000000011e+01
1.239873459000000011e+01
1.239873459000000011e+01
1.239873459000000011e+01
1.239873459000000011e+01
1.239873459000000011e+01
1.239953466999999954e+01
1.240033475000000074e+01
1.240113483000000016e+01
1.240113483000000016e+01
1.240193490999999959e+01
1.240273499000000079e+01
1.240273499000000079e+01
1.240273499000000079e+01
1.240273499000000079e+01
1.240353507000000022e+01
1.240433514999999964e+01
1.240433514999999964e+01
1.240433514999999964e+01
1.240433514999999964e+01
1.240513523000000085e+01
1.240593531000000027e+01
1.240673538999999970e+01
1.239953466999999954e+01
1.240033475000000074e+01
1.240113483000000016e+01
1.240193490999999959e+01
1.240193490999999959e+01
1.240193490999999959e+01
1.240273499000000079e+01
1.240353507000000022e+01
1.240353507000000022e+01
1.240433514999999964e+01
1.240433514999999964e+01
1.240433514999999964e+01
1.240513523000000085e+01
1.240593531000000027e+01
1.240673538999999970e+01
1.240753546999999912e+01
1.240833555000000032e+01
1.240913562999999975e+01
1.240993570999999918e+01
1.241073579000000038e+01
1.241153586999999980e+01
1.241153586999999980e+01
1.241233594999999923e+01
1.241313603000000043e+01
1.241393610999999986e+01
1.241393610999999986e+01
1.241473618999999928e+01
1.241473618999999928e+01
1.241473618999999928e+01
1.241473618999999928e+01
1.240993570999999918e+01
1.241073579000000038e+01
1.241073579000000038e+01
1.241153586999999980e+01
1.241153586999999980e+01
1.241233594999999923e+01
1.241313603000000043e+01
1.241313603000000043e+01
1.241313603000000043e+01
1.241313603000000043e+01
1.241313603000000043e+01
1.241313603000000043e+01
1.241313603000000043e+01
1.241393610999999986e+01
1.241473618999999928e+01
1.241553627000000048e+01
1.241633634999999991e+01
1.241633634999999991e+01
1.241633634999999991e+01
1.241633634999999991e+01
1.241633634999999991e+01
1.241713642999999934e+01
1.241793651000000054e+01
1.241873658999999996e+01
1.241873658999999996e+01
1.241873658999999996e+01
1.241953666999999939e+01
1.241953666999999939e+01
1.242033675000000059e+01
1.242113683000000002e+01
1.242193690999999944e+01
