2.255337254000000158e+01
2.255337254000000158e+01
2.255337254000000158e+01
2.255737294000000048e+01
2.256137333999999939e+01
2.256537373999999829e+01
2.256537373999999829e+01
2.256937414000000075e+01
2.257337453999999966e+01
2.257737493999999856e+01
2.258137534000000102e+01
2.258137534000000102e+01
2.258537573999999992e+01
2.258937613999999883e+01
2.259337654000000128e+01
2.259737694000000019e+01
2.259737694000000019e+01
2.257737493999999856e+01
2.258137534000000102e+01
2.258137534000000102e+01
2.258537573999999992e+01
2.258937613999999883e+01
2.259337654000000128e+01
2.259737694000000019e+01
2.259737694000000019e+01
2.260137733999999909e+01
2.260137733999999909e+01
2.260537774000000155e+01
2.260937814000000046e+01
2.261337853999999936e+01
2.261737893999999827e+01
2.261737893999999827e+01
2.262137934000000072e+01
2.262137934000000072e+01
2.262537973999999963e+01
2.262537973999999963e+01
2.261737893999999827e+01
2.261737893999999827e+01
2.262137934000000072e+01
2.262137934000000072e+01
2.262537973999999963e+01
2.262537973999999963e+01
2.262938013999999853e+01
2.263338054000000099e+01
2.263738093999999990e+01
2.264138133999999880e+01
2.264138133999999880e+01
2.264538174000000126e+01
2.264938214000000016e+01
2.265338253999999907e+01
2.265738294000000153e+01
2.265738294000000153e+01
2.262537973999999963e+01
2.262537973999999963e+01
2.262938013999999853e+01
2.263338054000000099e+01
2.263738093999999990e+01
2.264138133999999880e+01
2.264138133999999880e+01
2.264538174000000126e+01
2.264938214000000016e+01
2.265338253999999907e+01
2.265738294000000153e+01
2.265738294000000153e+01
2.266138334000000043e+01
2.266138334000000043e+01
2.266538373999999934e+01
2.266938413999999824e+01
2.266938413999999824e+01
2.267338454000000070e+01
2.264538174000000126e+01
2.264938214000000016e+01
2.265338253999999907e+01
2.265738294000000153e+01
2.265738294000000153e+01
2.266138334000000043e+01
2.266138334000000043e+01
2.266538373999999934e+01
2.266938413999999824e+01
2.266938413999999824e+01
2.267338454000000070e+01
2.267738493999999960e+01
2.268138533999999851e+01
2.268138533999999851e+01
2.268538574000000096e+01
2.265738294000000153e+01
2.265738294000000153e+01
2.266138334000000043e+01
2.266138334000000043e+01
2.266538373999999934e+01
2.266938413999999824e+01
2.266938413999999824e+01
2.267338454000000070e+01
2.267738493999999960e+01
2.268138533999999851e+01
2.268138533999999851e+01
2.268538574000000096e+01
2.268538574000000096e+01
2.268938613999999987e+01
2.268938613999999987e+01
2.254937213999999912e+01
2.255337254000000158e+01
2.255337254000000158e+01
2.255337254000000158e+01
2.255737294000000048e+01
2.256137333999999939e+01
2.256537373999999829e+01
2.256537373999999829e+01
2.256937414000000075e+01
2.257337453999999966e+01
2.257737493999999856e+01
2.258137534000000102e+01
2.258137534000000102e+01
2.258537573999999992e+01
2.258937613999999883e+01
2.259337654000000128e+01
2.259737694000000019e+01
2.259737694000000019e+01
2.260137733999999909e+01
2.261737893999999827e+01
2.261737893999999827e+01
2.262137934000000072e+01
2.262137934000000072e+01
2.262537973999999963e+01
2.262537973999999963e+01
2.262938013999999853e+01
2.263338054000000099e+01
2.263738093999999990e+01
2.264138133999999880e+01
2.264138133999999880e+01
2.264538174000000126e+01
2.264938214000000016e+01
2.265338253999999907e+01
2.265738294000000153e+01
2.265738294000000153e+01
2.264538174000000126e+01
2.264938214000000016e+01
2.265338253999999907e+01
2.265738294000000153e+01
2.265738294000000153e+01
2.266138334000000043e+01
2.266138334000000043e+01
2.266538373999999934e+01
2.266938413999999824e+01
2.266938413999999824e+01
2.267338454000000070e+01
2.267738493999999960e+01
2.268138533999999851e+01
2.268138533999999851e+01
2.268538574000000096e+01
2.268538574000000096e+01
2.268938613999999987e+01
2.268938613999999987e+01
2.272538974000000067e+01
2.272939013999999958e+01
2.273339053999999848e+01
2.273739094000000094e+01
2.274139133999999984e+01
2.274139133999999984e+01
2.274539173999999875e+01
2.274539173999999875e+01
2.274939214000000121e+01
2.275339254000000011e+01
2.275739293999999902e+01
2.275739293999999902e+01
2.276139334000000147e+01
2.276139334000000147e+01
2.276139334000000147e+01
2.276139334000000147e+01
2.276139334000000147e+01
2.276139334000000147e+01
2.276139334000000147e+01
2.276139334000000147e+01
2.276539374000000038e+01
2.276939413999999928e+01
2.276939413999999928e+01
2.276939413999999928e+01
2.276939413999999928e+01
2.277339454000000174e+01
2.277739494000000064e+01
2.278139533999999955e+01
2.278139533999999955e+01
2.278539573999999845e+01
2.278939614000000091e+01
2.278939614000000091e+01
2.278939614000000091e+01
2.279339653999999982e+01
2.279739693999999872e+01
2.280139734000000118e+01
2.280539774000000008e+01
2.280939813999999899e+01
2.280939813999999899e+01
2.280939813999999899e+01
2.280939813999999899e+01
2.281339854000000145e+01
2.281739894000000035e+01
2.282139933999999926e+01
2.282539974000000171e+01
2.282940014000000062e+01
2.283340053999999952e+01
2.283740093999999843e+01
2.284140134000000089e+01
2.284540173999999979e+01
2.284940213999999870e+01
2.284940213999999870e+01
2.284940213999999870e+01
2.285340254000000115e+01
2.285340254000000115e+01
2.285340254000000115e+01
2.285340254000000115e+01
2.285340254000000115e+01
2.285340254000000115e+01
2.285740294000000006e+01
2.281739894000000035e+01
2.282139933999999926e+01
2.282539974000000171e+01
2.282940014000000062e+01
2.282139933999999926e+01
2.282539974000000171e+01
2.282940014000000062e+01
2.283340053999999952e+01
2.283740093999999843e+01
2.284140134000000089e+01
2.284540173999999979e+01
2.284940213999999870e+01
2.284940213999999870e+01
2.284940213999999870e+01
2.285340254000000115e+01
2.285340254000000115e+01
2.285340254000000115e+01
2.285340254000000115e+01
2.285340254000000115e+01
2.285340254000000115e+01
2.285740294000000006e+01
2.286140333999999896e+01
2.286540374000000142e+01
2.286940414000000033e+01
2.287340453999999923e+01
2.287740494000000169e+01
2.281739894000000035e+01
2.282139933999999926e+01
2.282539974000000171e+01
2.282940014000000062e+01
2.282940014000000062e+01
2.283340053999999952e+01
2.283740093999999843e+01
2.284140134000000089e+01
2.284540173999999979e+01
2.284940213999999870e+01
2.285340254000000115e+01
2.285740294000000006e+01
2.286140333999999896e+01
2.282940014000000062e+01
2.283340053999999952e+01
2.283740093999999843e+01
2.284140134000000089e+01
2.284540173999999979e+01
2.284940213999999870e+01
2.284940213999999870e+01
2.284940213999999870e+01
2.285340254000000115e+01
2.285340254000000115e+01
2.285340254000000115e+01
2.285340254000000115e+01
2.285340254000000115e+01
2.285340254000000115e+01
2.285740294000000006e+01
2.286140333999999896e+01
2.286540374000000142e+01
2.286940414000000033e+01
2.287340453999999923e+01
2.287740494000000169e+01
2.288140534000000059e+01
2.288540573999999950e+01
2.288940613999999840e+01
2.289340654000000086e+01
2.282539974000000171e+01
2.282940014000000062e+01
2.282940014000000062e+01
2.283340053999999952e+01
2.283740093999999843e+01
2.284140134000000089e+01
2.284540173999999979e+01
2.284940213999999870e+01
2.285340254000000115e+01
2.285740294000000006e+01
2.286140333999999896e+01
2.286540374000000142e+01
2.286940414000000033e+01
2.287340453999999923e+01
2.287340453999999923e+01
2.274139133999999984e+01
2.274139133999999984e+01
2.274539173999999875e+01
2.274539173999999875e+01
2.274939214000000121e+01
2.275339254000000011e+01
2.275739293999999902e+01
2.275739293999999902e+01
2.276139334000000147e+01
2.276139334000000147e+01
2.276139334000000147e+01
2.262137934000000072e+01
2.262137934000000072e+01
2.262537973999999963e+01
2.262537973999999963e+01
2.262938013999999853e+01
2.263338054000000099e+01
2.263738093999999990e+01
2.264138133999999880e+01
2.264138133999999880e+01
2.264538174000000126e+01
2.264938214000000016e+01
2.265338253999999907e+01
2.265738294000000153e+01
2.265738294000000153e+01
2.266138334000000043e+01
2.266138334000000043e+01
2.266538373999999934e+01
2.256537373999999829e+01
2.256537373999999829e+01
2.256937414000000075e+01
2.257337453999999966e+01
2.257737493999999856e+01
2.258137534000000102e+01
2.258137534000000102e+01
2.258537573999999992e+01
2.258937613999999883e+01
2.259337654000000128e+01
2.259737694000000019e+01
2.259737694000000019e+01
2.260137733999999909e+01
2.260137733999999909e+01
2.260537774000000155e+01
2.260937814000000046e+01
2.261337853999999936e+01
2.252536973999999859e+01
2.252937014000000104e+01
2.252937014000000104e+01
2.253337053999999995e+01
2.253337053999999995e+01
2.253737093999999885e+01
2.254137134000000131e+01
2.254537174000000022e+01
2.254937213999999912e+01
2.254937213999999912e+01
2.255337254000000158e+01
2.255337254000000158e+01
2.255337254000000158e+01
2.255737294000000048e+01
2.256137333999999939e+01
2.256537373999999829e+01
2.256537373999999829e+01
2.258137534000000102e+01
2.258537573999999992e+01
2.258937613999999883e+01
2.259337654000000128e+01
2.259737694000000019e+01
2.259737694000000019e+01
2.260137733999999909e+01
2.260137733999999909e+01
2.260537774000000155e+01
2.260937814000000046e+01
2.261337853999999936e+01
2.261737893999999827e+01
2.261737893999999827e+01
2.262137934000000072e+01
2.262137934000000072e+01
2.262537973999999963e+01
2.262537973999999963e+01
2.262938013999999853e+01
2.263338054000000099e+01
2.260137733999999909e+01
2.260137733999999909e+01
2.260537774000000155e+01
2.260937814000000046e+01
2.261337853999999936e+01
2.261737893999999827e+01
2.261737893999999827e+01
2.262137934000000072e+01
2.262137934000000072e+01
2.262537973999999963e+01
2.262537973999999963e+01
2.262938013999999853e+01
2.263338054000000099e+01
2.263738093999999990e+01
2.264138133999999880e+01
2.264138133999999880e+01
2.264538174000000126e+01
2.273339053999999848e+01
2.273739094000000094e+01
2.274139133999999984e+01
2.274139133999999984e+01
2.274539173999999875e+01
2.274539173999999875e+01
2.274939214000000121e+01
2.275339254000000011e+01
2.275739293999999902e+01
2.275739293999999902e+01
2.276139334000000147e+01
2.276139334000000147e+01
2.276139334000000147e+01
2.276139334000000147e+01
2.276139334000000147e+01
2.276139334000000147e+01
2.276539374000000038e+01
2.276939413999999928e+01
2.279339653999999982e+01
2.279739693999999872e+01
2.280139734000000118e+01
2.280539774000000008e+01
2.280939813999999899e+01
2.280939813999999899e+01
2.281339854000000145e+01
2.281739894000000035e+01
2.282139933999999926e+01
2.282539974000000171e+01
2.282940014000000062e+01
2.283340053999999952e+01
2.283740093999999843e+01
2.284140134000000089e+01
2.284540173999999979e+01
2.284940213999999870e+01
2.284940213999999870e+01
2.284940213999999870e+01
2.280539774000000008e+01
2.280939813999999899e+01
2.280939813999999899e+01
2.281339854000000145e+01
2.281739894000000035e+01
2.282139933999999926e+01
2.282539974000000171e+01
2.282940014000000062e+01
2.283340053999999952e+01
2.283740093999999843e+01
2.284140134000000089e+01
2.284540173999999979e+01
2.284940213999999870e+01
2.284940213999999870e+01
2.284940213999999870e+01
2.285340254000000115e+01
2.285340254000000115e+01
2.285340254000000115e+01
2.285340254000000115e+01
2.285340254000000115e+01
2.279339653999999982e+01
2.279739693999999872e+01
2.280139734000000118e+01
2.280539774000000008e+01
2.280939813999999899e+01
2.281339854000000145e+01
2.281739894000000035e+01
2.282139933999999926e+01
2.282539974000000171e+01
2.282940014000000062e+01
2.282940014000000062e+01
2.277739494000000064e+01
2.278139533999999955e+01
2.278139533999999955e+01
2.278539573999999845e+01
2.278939614000000091e+01
2.278939614000000091e+01
2.278939614000000091e+01
2.279339653999999982e+01
2.279739693999999872e+01
2.280139734000000118e+01
2.280539774000000008e+01
2.280939813999999899e+01
2.280939813999999899e+01
2.281339854000000145e+01
2.281739894000000035e+01
2.282139933999999926e+01
2.282539974000000171e+01
2.282940014000000062e+01
2.262137934000000072e+01
2.262137934000000072e+01
2.262537973999999963e+01
2.262537973999999963e+01
2.262938013999999853e+01
2.263338054000000099e+01
2.263738093999999990e+01
2.264138133999999880e+01
2.264138133999999880e+01
2.264538174000000126e+01
2.264938214000000016e+01
2.265338253999999907e+01
2.265738294000000153e+01
2.265738294000000153e+01
2.266138334000000043e+01
2.266138334000000043e+01
2.266538373999999934e+01
2.266938413999999824e+01
2.266938413999999824e+01
2.256537373999999829e+01
2.256537373999999829e+01
2.256937414000000075e+01
2.257337453999999966e+01
2.257737493999999856e+01
2.258137534000000102e+01
2.258137534000000102e+01
2.258537573999999992e+01
2.258937613999999883e+01
2.259337654000000128e+01
2.259737694000000019e+01
2.259737694000000019e+01
2.260137733999999909e+01
2.260137733999999909e+01
2.260537774000000155e+01
2.260937814000000046e+01
2.261337853999999936e+01
2.261737893999999827e+01
2.263738093999999990e+01
2.264138133999999880e+01
2.264138133999999880e+01
2.264538174000000126e+01
2.264938214000000016e+01
2.265338253999999907e+01
2.265738294000000153e+01
2.265738294000000153e+01
2.266138334000000043e+01
2.266138334000000043e+01
2.266538373999999934e+01
2.266938413999999824e+01
2.266938413999999824e+01
2.267338454000000070e+01
2.267738493999999960e+01
2.268138533999999851e+01
2.268138533999999851e+01
2.276139334000000147e+01
2.276139334000000147e+01
2.276139334000000147e+01
2.276139334000000147e+01
2.276539374000000038e+01
2.276939413999999928e+01
2.276939413999999928e+01
2.276939413999999928e+01
2.276939413999999928e+01
2.277339454000000174e+01
2.277739494000000064e+01
2.278139533999999955e+01
2.278139533999999955e+01
2.278539573999999845e+01
2.278939614000000091e+01
2.278939614000000091e+01
2.278939614000000091e+01
2.279339653999999982e+01
2.279739693999999872e+01
2.280139734000000118e+01
2.280539774000000008e+01
2.280139734000000118e+01
2.280539774000000008e+01
2.280939813999999899e+01
2.280939813999999899e+01
2.281339854000000145e+01
2.281739894000000035e+01
2.282139933999999926e+01
2.282539974000000171e+01
2.282940014000000062e+01
2.283340053999999952e+01
2.283740093999999843e+01
2.284140134000000089e+01
2.284540173999999979e+01
2.284940213999999870e+01
2.284940213999999870e+01
2.284940213999999870e+01
2.285340254000000115e+01
2.285340254000000115e+01
2.285340254000000115e+01
2.280539774000000008e+01
2.280939813999999899e+01
2.281339854000000145e+01
2.281739894000000035e+01
2.282139933999999926e+01
2.282539974000000171e+01
2.282940014000000062e+01
2.280939813999999899e+01
2.280939813999999899e+01
2.281339854000000145e+01
2.281739894000000035e+01
2.282139933999999926e+01
2.282539974000000171e+01
2.282940014000000062e+01
2.283340053999999952e+01
2.283740093999999843e+01
2.284140134000000089e+01
2.284540173999999979e+01
2.284940213999999870e+01
2.284940213999999870e+01
2.284940213999999870e+01
2.285340254000000115e+01
2.285340254000000115e+01
2.285340254000000115e+01
2.285340254000000115e+01
2.285340254000000115e+01
2.285340254000000115e+01
2.280139734000000118e+01
2.280539774000000008e+01
2.280939813999999899e+01
2.281339854000000145e+01
2.281739894000000035e+01
2.282139933999999926e+01
2.282539974000000171e+01
2.282940014000000062e+01
2.282940014000000062e+01
2.283340053999999952e+01
2.261737893999999827e+01
2.262137934000000072e+01
2.262137934000000072e+01
2.262537973999999963e+01
2.262537973999999963e+01
2.262938013999999853e+01
2.263338054000000099e+01
2.263738093999999990e+01
2.264138133999999880e+01
2.264138133999999880e+01
2.264538174000000126e+01
2.264938214000000016e+01
2.265338253999999907e+01
2.265738294000000153e+01
2.265738294000000153e+01
2.266138334000000043e+01
2.266138334000000043e+01
2.256537373999999829e+01
2.256537373999999829e+01
2.256937414000000075e+01
2.257337453999999966e+01
2.257737493999999856e+01
2.258137534000000102e+01
2.258137534000000102e+01
2.258537573999999992e+01
2.258937613999999883e+01
2.259337654000000128e+01
2.259737694000000019e+01
2.259737694000000019e+01
2.260137733999999909e+01
2.260137733999999909e+01
2.260537774000000155e+01
2.260937814000000046e+01
2.253337053999999995e+01
2.253337053999999995e+01
2.253737093999999885e+01
2.254137134000000131e+01
2.254537174000000022e+01
2.254937213999999912e+01
2.254937213999999912e+01
2.255337254000000158e+01
2.255337254000000158e+01
2.255337254000000158e+01
2.255737294000000048e+01
2.256137333999999939e+01
2.256537373999999829e+01
2.256537373999999829e+01
2.256937414000000075e+01
2.257337453999999966e+01
2.257737493999999856e+01
2.250936813999999941e+01
2.251336853999999832e+01
2.251336853999999832e+01
2.251736894000000078e+01
2.252136933999999968e+01
2.252136933999999968e+01
2.252536973999999859e+01
2.252937014000000104e+01
2.252937014000000104e+01
2.253337053999999995e+01
2.253337053999999995e+01
2.253737093999999885e+01
2.254137134000000131e+01
2.254537174000000022e+01
2.254937213999999912e+01
2.254937213999999912e+01
2.255337254000000158e+01
2.250936813999999941e+01
2.250936813999999941e+01
2.251336853999999832e+01
2.251336853999999832e+01
2.251736894000000078e+01
2.252136933999999968e+01
2.252136933999999968e+01
2.252536973999999859e+01
2.252937014000000104e+01
2.252937014000000104e+01
2.253337053999999995e+01
2.253337053999999995e+01
2.253737093999999885e+01
2.254137134000000131e+01
2.254537174000000022e+01
2.254937213999999912e+01
2.254937213999999912e+01
2.248536573999999888e+01
2.248536573999999888e+01
2.248936614000000134e+01
2.248936614000000134e+01
2.249336654000000024e+01
2.249736693999999915e+01
2.249736693999999915e+01
2.250136734000000160e+01
2.250136734000000160e+01
2.250536774000000051e+01
2.250936813999999941e+01
2.250936813999999941e+01
2.251336853999999832e+01
2.251336853999999832e+01
2.251736894000000078e+01
2.252136933999999968e+01
2.252136933999999968e+01
2.252536973999999859e+01
2.252136933999999968e+01
2.252136933999999968e+01
2.252536973999999859e+01
2.252937014000000104e+01
2.252937014000000104e+01
2.253337053999999995e+01
2.253337053999999995e+01
2.253737093999999885e+01
2.254137134000000131e+01
2.254537174000000022e+01
2.254937213999999912e+01
2.254937213999999912e+01
2.255337254000000158e+01
2.255337254000000158e+01
2.255337254000000158e+01
2.255737294000000048e+01
2.256537373999999829e+01
2.256537373999999829e+01
2.256937414000000075e+01
2.257337453999999966e+01
2.257737493999999856e+01
2.258137534000000102e+01
2.258137534000000102e+01
2.258537573999999992e+01
2.258937613999999883e+01
2.259337654000000128e+01
2.259737694000000019e+01
2.259737694000000019e+01
2.260137733999999909e+01
2.260137733999999909e+01
2.260537774000000155e+01
2.260937814000000046e+01
2.261337853999999936e+01
2.261737893999999827e+01
2.261737893999999827e+01
2.262137934000000072e+01
2.262137934000000072e+01
2.262537973999999963e+01
2.262537973999999963e+01
2.262938013999999853e+01
2.263338054000000099e+01
2.263738093999999990e+01
2.264138133999999880e+01
2.264138133999999880e+01
2.264538174000000126e+01
2.264938214000000016e+01
2.265338253999999907e+01
2.265738294000000153e+01
2.265738294000000153e+01
2.271738893999999931e+01
2.272138934000000177e+01
2.272538974000000067e+01
2.272939013999999958e+01
2.273339053999999848e+01
2.273739094000000094e+01
2.274139133999999984e+01
2.274139133999999984e+01
2.274539173999999875e+01
2.274539173999999875e+01
2.274939214000000121e+01
2.275339254000000011e+01
2.275739293999999902e+01
2.275739293999999902e+01
2.276139334000000147e+01
2.278139533999999955e+01
2.278139533999999955e+01
2.278539573999999845e+01
2.278939614000000091e+01
2.278939614000000091e+01
2.278939614000000091e+01
2.279339653999999982e+01
2.279739693999999872e+01
2.280139734000000118e+01
2.280539774000000008e+01
2.280939813999999899e+01
2.280939813999999899e+01
2.281339854000000145e+01
2.281739894000000035e+01
2.282139933999999926e+01
2.282539974000000171e+01
2.282940014000000062e+01
2.283340053999999952e+01
2.283740093999999843e+01
2.280539774000000008e+01
2.280939813999999899e+01
2.280939813999999899e+01
2.281339854000000145e+01
2.281739894000000035e+01
2.282139933999999926e+01
2.282539974000000171e+01
2.282940014000000062e+01
2.283340053999999952e+01
2.283740093999999843e+01
2.284140134000000089e+01
2.284540173999999979e+01
2.284940213999999870e+01
2.284940213999999870e+01
2.284940213999999870e+01
2.285340254000000115e+01
2.285340254000000115e+01
2.285340254000000115e+01
2.285340254000000115e+01
2.285340254000000115e+01
2.280939813999999899e+01
2.281339854000000145e+01
2.281739894000000035e+01
2.282139933999999926e+01
2.282539974000000171e+01
2.282940014000000062e+01
2.276139334000000147e+01
2.276139334000000147e+01
2.276139334000000147e+01
2.276139334000000147e+01
2.276539374000000038e+01
2.276939413999999928e+01
2.276939413999999928e+01
2.276939413999999928e+01
2.276939413999999928e+01
2.277339454000000174e+01
2.277739494000000064e+01
2.278139533999999955e+01
2.278139533999999955e+01
2.278539573999999845e+01
2.278939614000000091e+01
2.278939614000000091e+01
2.278939614000000091e+01
2.279339653999999982e+01
2.279739693999999872e+01
2.280139734000000118e+01
2.280539774000000008e+01
2.280939813999999899e+01
2.260937814000000046e+01
2.261337853999999936e+01
2.261737893999999827e+01
2.261737893999999827e+01
2.262137934000000072e+01
2.262137934000000072e+01
2.262537973999999963e+01
2.262537973999999963e+01
2.262938013999999853e+01
2.263338054000000099e+01
2.263738093999999990e+01
2.264138133999999880e+01
2.264138133999999880e+01
2.264538174000000126e+01
2.264938214000000016e+01
2.265338253999999907e+01
2.256537373999999829e+01
2.256537373999999829e+01
2.256937414000000075e+01
2.257337453999999966e+01
2.257737493999999856e+01
2.258137534000000102e+01
2.258137534000000102e+01
2.258537573999999992e+01
2.258937613999999883e+01
2.259337654000000128e+01
2.259737694000000019e+01
2.259737694000000019e+01
2.260137733999999909e+01
2.260137733999999909e+01
2.260537774000000155e+01
2.260937814000000046e+01
2.254937213999999912e+01
2.254937213999999912e+01
2.255337254000000158e+01
2.255337254000000158e+01
2.255337254000000158e+01
2.255737294000000048e+01
2.256137333999999939e+01
2.256537373999999829e+01
2.256537373999999829e+01
2.256937414000000075e+01
2.257337453999999966e+01
2.257737493999999856e+01
2.258137534000000102e+01
2.258137534000000102e+01
2.258537573999999992e+01
2.258937613999999883e+01
2.251336853999999832e+01
2.251736894000000078e+01
2.252136933999999968e+01
2.252136933999999968e+01
2.252536973999999859e+01
2.252937014000000104e+01
2.252937014000000104e+01
2.253337053999999995e+01
2.253337053999999995e+01
2.253737093999999885e+01
2.254137134000000131e+01
2.254537174000000022e+01
2.254937213999999912e+01
2.254937213999999912e+01
2.255337254000000158e+01
2.255337254000000158e+01
2.255337254000000158e+01
2.249336654000000024e+01
2.249736693999999915e+01
2.249736693999999915e+01
2.250136734000000160e+01
2.250136734000000160e+01
2.250536774000000051e+01
2.250936813999999941e+01
2.250936813999999941e+01
2.251336853999999832e+01
2.251336853999999832e+01
2.251736894000000078e+01
2.252136933999999968e+01
2.255337254000000158e+01
2.255337254000000158e+01
2.255337254000000158e+01
2.255737294000000048e+01
2.256137333999999939e+01
2.256537373999999829e+01
2.256537373999999829e+01
2.256937414000000075e+01
2.257337453999999966e+01
2.257737493999999856e+01
2.258137534000000102e+01
2.258137534000000102e+01
2.258537573999999992e+01
2.258937613999999883e+01
2.259337654000000128e+01
2.264538174000000126e+01
2.264938214000000016e+01
2.265338253999999907e+01
2.265738294000000153e+01
2.265738294000000153e+01
2.266138334000000043e+01
2.266138334000000043e+01
2.266538373999999934e+01
2.266938413999999824e+01
2.266938413999999824e+01
2.267338454000000070e+01
2.267738493999999960e+01
2.268138533999999851e+01
2.268138533999999851e+01
2.268538574000000096e+01
2.268538574000000096e+01
2.268938613999999987e+01
2.272538974000000067e+01
2.272939013999999958e+01
2.273339053999999848e+01
2.273739094000000094e+01
2.274139133999999984e+01
2.274139133999999984e+01
2.274539173999999875e+01
2.274539173999999875e+01
2.274939214000000121e+01
2.275339254000000011e+01
2.275739293999999902e+01
2.275739293999999902e+01
2.276139334000000147e+01
2.276139334000000147e+01
2.276139334000000147e+01
2.276139334000000147e+01
2.276139334000000147e+01
2.276139334000000147e+01
2.276539374000000038e+01
2.276939413999999928e+01
2.278139533999999955e+01
2.278539573999999845e+01
2.278939614000000091e+01
2.278939614000000091e+01
2.278939614000000091e+01
2.279339653999999982e+01
2.279739693999999872e+01
2.280139734000000118e+01
2.280539774000000008e+01
2.280939813999999899e+01
2.280939813999999899e+01
2.281339854000000145e+01
2.281739894000000035e+01
2.282139933999999926e+01
2.282539974000000171e+01
2.282940014000000062e+01
2.283340053999999952e+01
2.283740093999999843e+01
2.284140134000000089e+01
2.278939614000000091e+01
2.278939614000000091e+01
2.279339653999999982e+01
2.279739693999999872e+01
2.280139734000000118e+01
2.280539774000000008e+01
2.280939813999999899e+01
2.280939813999999899e+01
2.281339854000000145e+01
2.281739894000000035e+01
2.282139933999999926e+01
2.282539974000000171e+01
2.282940014000000062e+01
2.283340053999999952e+01
2.283740093999999843e+01
2.284140134000000089e+01
2.284540173999999979e+01
2.284940213999999870e+01
2.284940213999999870e+01
2.280939813999999899e+01
2.280939813999999899e+01
2.281339854000000145e+01
2.281739894000000035e+01
2.282139933999999926e+01
2.282539974000000171e+01
2.282940014000000062e+01
2.283340053999999952e+01
2.283740093999999843e+01
2.284140134000000089e+01
2.284540173999999979e+01
2.284940213999999870e+01
2.284940213999999870e+01
2.284940213999999870e+01
2.285340254000000115e+01
2.285340254000000115e+01
2.285340254000000115e+01
2.285340254000000115e+01
2.285340254000000115e+01
2.285340254000000115e+01
2.285740294000000006e+01
2.286140333999999896e+01
2.265738294000000153e+01
2.265738294000000153e+01
2.266138334000000043e+01
2.266138334000000043e+01
2.266538373999999934e+01
2.266938413999999824e+01
2.266938413999999824e+01
2.267338454000000070e+01
2.267738493999999960e+01
2.268138533999999851e+01
2.268138533999999851e+01
2.268538574000000096e+01
2.254937213999999912e+01
2.254937213999999912e+01
2.255337254000000158e+01
2.255337254000000158e+01
2.255337254000000158e+01
2.255737294000000048e+01
2.256137333999999939e+01
2.256537373999999829e+01
2.256537373999999829e+01
2.256937414000000075e+01
2.257337453999999966e+01
2.257737493999999856e+01
2.258137534000000102e+01
2.258137534000000102e+01
2.258537573999999992e+01
2.258937613999999883e+01
2.259337654000000128e+01
2.259737694000000019e+01
2.245736293999999944e+01
2.245736293999999944e+01
2.246136333999999835e+01
2.246536374000000080e+01
2.246536374000000080e+01
2.246936413999999971e+01
2.246936413999999971e+01
2.246936413999999971e+01
2.247336453999999861e+01
2.247336453999999861e+01
2.247736494000000107e+01
