2.180121052000000148e+01
2.180521092000000039e+01
2.180921131999999929e+01
2.181321172000000175e+01
2.181721212000000065e+01
2.181721212000000065e+01
2.182121251999999956e+01
2.182521291999999846e+01
2.182921332000000092e+01
2.183321371999999982e+01
2.180121052000000148e+01
2.180521092000000039e+01
2.180921131999999929e+01
2.181321172000000175e+01
2.181321172000000175e+01
2.181721212000000065e+01
2.181721212000000065e+01
2.182121251999999956e+01
2.182521291999999846e+01
2.182921332000000092e+01
2.182921332000000092e+01
2.183321371999999982e+01
2.183721411999999873e+01
2.175720611999999932e+01
2.176120652000000177e+01
2.176520692000000068e+01
2.176520692000000068e+01
2.176920731999999958e+01
2.176920731999999958e+01
2.177320771999999849e+01
2.177720812000000095e+01
2.178120851999999985e+01
2.178120851999999985e+01
2.178520891999999876e+01
2.176520692000000068e+01
2.176920731999999958e+01
2.177320771999999849e+01
2.177320771999999849e+01
2.177720812000000095e+01
2.178120851999999985e+01
2.178120851999999985e+01
2.178520891999999876e+01
2.178520891999999876e+01
2.175720611999999932e+01
2.176120652000000177e+01
2.176520692000000068e+01
2.176520692000000068e+01
2.176920731999999958e+01
2.176920731999999958e+01
2.177320771999999849e+01
2.177720812000000095e+01
2.178120851999999985e+01
2.178120851999999985e+01
2.178520891999999876e+01
2.176520692000000068e+01
2.176920731999999958e+01
2.177320771999999849e+01
2.177320771999999849e+01
2.177720812000000095e+01
2.178120851999999985e+01
2.178120851999999985e+01
2.178520891999999876e+01
2.178520891999999876e+01
2.182521291999999846e+01
2.182921332000000092e+01
2.183321371999999982e+01
2.183321371999999982e+01
2.183721411999999873e+01
2.184121452000000119e+01
2.184521492000000009e+01
2.184921531999999900e+01
2.182521291999999846e+01
2.182921332000000092e+01
2.182921332000000092e+01
2.183321371999999982e+01
2.183721411999999873e+01
2.184121452000000119e+01
2.184121452000000119e+01
2.184521492000000009e+01
2.184921531999999900e+01
2.184921531999999900e+01
2.185321572000000145e+01
2.185721612000000036e+01
2.183321371999999982e+01
2.183321371999999982e+01
2.183721411999999873e+01
2.184121452000000119e+01
2.184521492000000009e+01
2.184921531999999900e+01
2.185321572000000145e+01
2.185721612000000036e+01
2.185721612000000036e+01
2.186121651999999926e+01
2.183321371999999982e+01
2.183721411999999873e+01
2.184121452000000119e+01
2.184121452000000119e+01
2.184521492000000009e+01
2.184921531999999900e+01
2.184921531999999900e+01
2.185321572000000145e+01
2.185721612000000036e+01
2.186121651999999926e+01
2.186521692000000172e+01
2.186521692000000172e+01
2.186921732000000063e+01
2.183321371999999982e+01
2.183321371999999982e+01
2.183721411999999873e+01
2.184121452000000119e+01
2.184521492000000009e+01
2.184921531999999900e+01
2.185321572000000145e+01
2.185721612000000036e+01
2.185721612000000036e+01
2.186121651999999926e+01
2.183321371999999982e+01
2.183721411999999873e+01
2.184121452000000119e+01
2.184121452000000119e+01
2.184521492000000009e+01
2.184921531999999900e+01
2.184921531999999900e+01
2.185321572000000145e+01
2.185721612000000036e+01
2.186121651999999926e+01
2.186521692000000172e+01
2.186521692000000172e+01
2.186921732000000063e+01
2.184121452000000119e+01
2.184521492000000009e+01
2.184921531999999900e+01
2.185321572000000145e+01
2.185721612000000036e+01
2.185721612000000036e+01
2.186121651999999926e+01
2.186521692000000172e+01
2.186921732000000063e+01
2.186921732000000063e+01
2.187321771999999953e+01
2.184121452000000119e+01
2.184521492000000009e+01
2.184921531999999900e+01
2.184921531999999900e+01
2.185321572000000145e+01
2.185721612000000036e+01
2.186121651999999926e+01
2.186521692000000172e+01
2.186521692000000172e+01
2.186921732000000063e+01
2.187321771999999953e+01
2.187321771999999953e+01
2.187721811999999844e+01
2.185721612000000036e+01
2.185721612000000036e+01
2.186121651999999926e+01
2.186521692000000172e+01
2.186921732000000063e+01
2.186921732000000063e+01
2.187321771999999953e+01
2.187721811999999844e+01
2.188121852000000089e+01
2.188521891999999980e+01
2.188921931999999870e+01
2.186121651999999926e+01
2.186521692000000172e+01
2.186521692000000172e+01
2.186921732000000063e+01
2.187321771999999953e+01
2.187321771999999953e+01
2.187721811999999844e+01
2.187721811999999844e+01
2.188121852000000089e+01
2.188521891999999980e+01
2.188921931999999870e+01
2.188921931999999870e+01
2.190122051999999897e+01
2.190522092000000143e+01
2.190922132000000033e+01
2.191322171999999924e+01
2.191722212000000169e+01
2.191722212000000169e+01
2.190122051999999897e+01
2.190122051999999897e+01
2.190522092000000143e+01
2.190922132000000033e+01
2.191322171999999924e+01
2.191322171999999924e+01
2.191722212000000169e+01
2.191722212000000169e+01
2.191722212000000169e+01
2.191722212000000169e+01
2.193322372000000087e+01
2.193722411999999977e+01
2.194122451999999868e+01
2.194522492000000113e+01
2.194522492000000113e+01
2.194922532000000004e+01
2.195322571999999894e+01
2.195722612000000140e+01
2.195722612000000140e+01
2.196122652000000031e+01
2.193322372000000087e+01
2.193722411999999977e+01
2.194122451999999868e+01
2.194522492000000113e+01
2.194522492000000113e+01
2.194922532000000004e+01
2.195322571999999894e+01
2.195722612000000140e+01
2.196122652000000031e+01
2.196522691999999921e+01
2.196922732000000167e+01
2.197322772000000057e+01
2.197722811999999948e+01
2.197722811999999948e+01
2.198122851999999838e+01
2.198522892000000084e+01
2.198922931999999975e+01
2.199322971999999865e+01
2.199723012000000111e+01
2.200123052000000001e+01
2.197722811999999948e+01
2.198122851999999838e+01
2.198122851999999838e+01
2.198522892000000084e+01
2.198922931999999975e+01
2.198922931999999975e+01
2.199322971999999865e+01
2.199723012000000111e+01
2.200123052000000001e+01
2.200123052000000001e+01
2.201323172000000028e+01
2.201323172000000028e+01
2.201723211999999918e+01
2.202123252000000164e+01
2.202523292000000055e+01
2.202523292000000055e+01
2.204123451999999972e+01
2.204523491999999862e+01
2.204523491999999862e+01
2.204923532000000108e+01
2.205323571999999999e+01
2.205323571999999999e+01
2.205723611999999889e+01
2.206123652000000135e+01
2.206523692000000025e+01
2.206923731999999916e+01
2.207323772000000162e+01
2.204523491999999862e+01
2.204923532000000108e+01
2.205323571999999999e+01
2.205323571999999999e+01
2.205723611999999889e+01
2.205723611999999889e+01
2.206123652000000135e+01
2.206523692000000025e+01
2.206923731999999916e+01
2.207323772000000162e+01
2.207723812000000052e+01
2.207723812000000052e+01
2.206923731999999916e+01
2.207323772000000162e+01
2.207723812000000052e+01
2.208123851999999943e+01
2.208523891999999833e+01
2.208923932000000079e+01
2.209323971999999969e+01
2.209724011999999860e+01
2.210124052000000106e+01
2.207323772000000162e+01
2.207723812000000052e+01
2.207723812000000052e+01
2.208123851999999943e+01
2.208523891999999833e+01
2.208523891999999833e+01
2.208923932000000079e+01
2.209323971999999969e+01
2.209724011999999860e+01
2.210124052000000106e+01
2.210524091999999996e+01
2.210524091999999996e+01
2.210924131999999886e+01
2.210924131999999886e+01
2.210124052000000106e+01
2.210524091999999996e+01
2.210924131999999886e+01
2.211324172000000132e+01
2.211724212000000023e+01
2.212124251999999913e+01
2.212524292000000159e+01
2.212924332000000049e+01
2.213324371999999940e+01
2.213724411999999830e+01
2.210924131999999886e+01
2.210924131999999886e+01
2.210924131999999886e+01
2.211324172000000132e+01
2.211724212000000023e+01
2.212124251999999913e+01
2.212524292000000159e+01
2.212924332000000049e+01
2.213324371999999940e+01
2.213724411999999830e+01
2.214124452000000076e+01
2.214524491999999967e+01
2.211724212000000023e+01
2.212124251999999913e+01
2.212524292000000159e+01
2.212924332000000049e+01
2.213324371999999940e+01
2.213724411999999830e+01
2.214124452000000076e+01
2.214124452000000076e+01
2.214524491999999967e+01
2.214924531999999857e+01
2.215324572000000103e+01
2.213324371999999940e+01
2.214124452000000076e+01
2.214524491999999967e+01
2.214524491999999967e+01
2.214924531999999857e+01
2.215324572000000103e+01
2.215324572000000103e+01
2.215724611999999993e+01
2.209724011999999860e+01
2.210124052000000106e+01
2.210524091999999996e+01
2.210924131999999886e+01
2.211324172000000132e+01
2.211724212000000023e+01
2.212124251999999913e+01
2.212524292000000159e+01
2.212924332000000049e+01
2.213324371999999940e+01
2.210524091999999996e+01
2.210924131999999886e+01
2.210924131999999886e+01
2.210924131999999886e+01
2.211324172000000132e+01
2.211724212000000023e+01
2.212124251999999913e+01
2.212524292000000159e+01
2.212924332000000049e+01
2.213324371999999940e+01
2.213724411999999830e+01
2.214124452000000076e+01
2.204523491999999862e+01
2.204523491999999862e+01
2.204923532000000108e+01
2.205323571999999999e+01
2.205323571999999999e+01
2.205723611999999889e+01
2.206123652000000135e+01
2.206523692000000025e+01
2.206923731999999916e+01
2.207323772000000162e+01
2.204523491999999862e+01
2.204923532000000108e+01
2.205323571999999999e+01
2.205323571999999999e+01
2.205723611999999889e+01
2.205723611999999889e+01
2.206123652000000135e+01
2.206523692000000025e+01
2.206923731999999916e+01
2.207323772000000162e+01
2.192122252000000060e+01
2.192522291999999950e+01
2.192922331999999841e+01
2.193322372000000087e+01
2.193722411999999977e+01
2.194122451999999868e+01
2.194522492000000113e+01
2.194522492000000113e+01
2.194922532000000004e+01
2.195322571999999894e+01
2.192122252000000060e+01
2.192522291999999950e+01
2.192922331999999841e+01
2.193322372000000087e+01
2.193322372000000087e+01
2.193722411999999977e+01
2.194122451999999868e+01
2.194522492000000113e+01
2.194522492000000113e+01
2.194922532000000004e+01
2.195322571999999894e+01
2.188921931999999870e+01
2.189321972000000116e+01
2.189722012000000007e+01
2.190122051999999897e+01
2.186921732000000063e+01
2.187321771999999953e+01
2.181721212000000065e+01
2.182121251999999956e+01
2.182521291999999846e+01
2.182921332000000092e+01
2.183321371999999982e+01
2.183321371999999982e+01
2.183721411999999873e+01
2.184121452000000119e+01
2.184521492000000009e+01
2.181721212000000065e+01
2.182121251999999956e+01
2.182521291999999846e+01
2.182921332000000092e+01
2.182921332000000092e+01
2.183321371999999982e+01
2.183721411999999873e+01
2.184121452000000119e+01
2.184121452000000119e+01
2.184521492000000009e+01
2.175320572000000041e+01
2.175720611999999932e+01
2.176120652000000177e+01
2.176520692000000068e+01
2.176520692000000068e+01
2.176920731999999958e+01
2.176920731999999958e+01
2.177320771999999849e+01
2.177720812000000095e+01
2.178120851999999985e+01
2.178120851999999985e+01
2.175320572000000041e+01
2.175720611999999932e+01
2.175720611999999932e+01
2.176120652000000177e+01
2.176520692000000068e+01
2.176520692000000068e+01
2.176920731999999958e+01
2.177320771999999849e+01
2.177320771999999849e+01
2.177720812000000095e+01
2.178120851999999985e+01
2.178120851999999985e+01
2.175320572000000041e+01
2.175720611999999932e+01
2.176120652000000177e+01
2.176520692000000068e+01
2.176520692000000068e+01
2.176920731999999958e+01
2.176920731999999958e+01
2.177320771999999849e+01
2.177720812000000095e+01
2.178120851999999985e+01
2.178120851999999985e+01
2.175320572000000041e+01
2.175720611999999932e+01
2.175720611999999932e+01
2.176120652000000177e+01
2.176520692000000068e+01
2.176520692000000068e+01
2.176920731999999958e+01
2.177320771999999849e+01
2.177320771999999849e+01
2.177720812000000095e+01
2.178120851999999985e+01
2.178120851999999985e+01
2.176920731999999958e+01
2.177320771999999849e+01
2.177720812000000095e+01
2.178120851999999985e+01
2.178120851999999985e+01
2.178520891999999876e+01
2.178920932000000121e+01
2.178920932000000121e+01
2.179320972000000012e+01
2.177320771999999849e+01
2.177320771999999849e+01
2.177720812000000095e+01
2.178120851999999985e+01
2.178120851999999985e+01
2.178520891999999876e+01
2.178520891999999876e+01
2.178920932000000121e+01
2.178920932000000121e+01
2.179320972000000012e+01
2.179721011999999902e+01
2.180121052000000148e+01
2.178520891999999876e+01
2.178920932000000121e+01
2.178920932000000121e+01
2.179320972000000012e+01
2.179721011999999902e+01
2.180121052000000148e+01
2.180121052000000148e+01
2.180521092000000039e+01
2.180921131999999929e+01
2.181321172000000175e+01
2.178520891999999876e+01
2.178520891999999876e+01
2.178920932000000121e+01
2.178920932000000121e+01
2.179320972000000012e+01
2.179721011999999902e+01
2.180121052000000148e+01
2.180121052000000148e+01
2.180121052000000148e+01
2.180521092000000039e+01
2.180921131999999929e+01
2.181321172000000175e+01
2.181321172000000175e+01
2.174120452000000014e+01
2.174520491999999905e+01
2.174520491999999905e+01
2.174920532000000151e+01
2.175320572000000041e+01
2.175720611999999932e+01
2.176120652000000177e+01
2.176520692000000068e+01
2.176520692000000068e+01
2.176920731999999958e+01
2.176920731999999958e+01
2.177320771999999849e+01
2.174520491999999905e+01
2.174920532000000151e+01
2.174920532000000151e+01
2.175320572000000041e+01
2.175720611999999932e+01
2.175720611999999932e+01
2.176120652000000177e+01
2.176520692000000068e+01
2.176520692000000068e+01
2.176920731999999958e+01
2.177320771999999849e+01
2.177320771999999849e+01
2.177720812000000095e+01
2.173320371999999878e+01
2.173720412000000124e+01
2.174120452000000014e+01
2.174520491999999905e+01
2.174520491999999905e+01
2.174920532000000151e+01
2.175320572000000041e+01
2.175720611999999932e+01
2.176120652000000177e+01
2.176520692000000068e+01
2.176520692000000068e+01
2.174120452000000014e+01
2.174520491999999905e+01
2.174520491999999905e+01
2.174920532000000151e+01
2.174920532000000151e+01
2.175320572000000041e+01
2.175720611999999932e+01
2.175720611999999932e+01
2.176120652000000177e+01
2.176520692000000068e+01
2.176520692000000068e+01
2.170120052000000044e+01
2.170520091999999934e+01
2.170920131999999825e+01
2.171320172000000071e+01
2.171320172000000071e+01
2.171720211999999961e+01
2.172120251999999851e+01
2.172120251999999851e+01
2.172520292000000097e+01
2.172920331999999988e+01
2.172920331999999988e+01
2.170920131999999825e+01
2.170920131999999825e+01
2.171320172000000071e+01
2.171320172000000071e+01
2.171720211999999961e+01
2.172120251999999851e+01
2.172520292000000097e+01
2.172520292000000097e+01
2.172920331999999988e+01
2.172920331999999988e+01
2.173320371999999878e+01
2.173720412000000124e+01
2.173720412000000124e+01
2.168919932000000017e+01
2.169319971999999908e+01
2.169720012000000153e+01
2.169720012000000153e+01
2.170120052000000044e+01
2.170520091999999934e+01
2.170920131999999825e+01
2.171320172000000071e+01
2.171320172000000071e+01
2.171720211999999961e+01
2.169720012000000153e+01
2.170120052000000044e+01
2.170520091999999934e+01
2.170920131999999825e+01
2.170920131999999825e+01
2.171320172000000071e+01
2.171320172000000071e+01
2.171720211999999961e+01
2.172120251999999851e+01
2.168119851999999881e+01
2.168519892000000127e+01
2.168519892000000127e+01
2.168919932000000017e+01
2.169319971999999908e+01
2.169720012000000153e+01
2.169720012000000153e+01
2.170120052000000044e+01
2.170520091999999934e+01
2.170920131999999825e+01
2.168519892000000127e+01
2.168919932000000017e+01
2.169319971999999908e+01
2.169720012000000153e+01
2.170120052000000044e+01
2.170520091999999934e+01
2.170920131999999825e+01
2.170920131999999825e+01
2.171320172000000071e+01
2.171320172000000071e+01
2.172920331999999988e+01
2.172920331999999988e+01
2.173320371999999878e+01
2.173720412000000124e+01
2.174120452000000014e+01
2.174520491999999905e+01
2.174520491999999905e+01
2.174920532000000151e+01
2.175320572000000041e+01
2.175720611999999932e+01
2.176120652000000177e+01
2.173320371999999878e+01
2.173720412000000124e+01
2.173720412000000124e+01
2.174120452000000014e+01
2.174520491999999905e+01
2.174520491999999905e+01
2.174920532000000151e+01
2.174920532000000151e+01
2.175320572000000041e+01
2.175720611999999932e+01
2.175720611999999932e+01
2.176120652000000177e+01
2.176520692000000068e+01
2.176520692000000068e+01
2.178120851999999985e+01
2.178120851999999985e+01
2.178520891999999876e+01
2.178920932000000121e+01
2.178920932000000121e+01
2.179320972000000012e+01
2.179721011999999902e+01
2.180121052000000148e+01
2.180121052000000148e+01
2.180521092000000039e+01
2.178120851999999985e+01
2.178120851999999985e+01
2.178520891999999876e+01
2.178520891999999876e+01
2.178920932000000121e+01
2.178920932000000121e+01
2.179320972000000012e+01
2.179721011999999902e+01
2.180121052000000148e+01
2.180121052000000148e+01
2.180121052000000148e+01
2.180521092000000039e+01
2.180921131999999929e+01
2.182921332000000092e+01
2.183321371999999982e+01
2.183321371999999982e+01
2.183721411999999873e+01
2.184121452000000119e+01
2.184521492000000009e+01
2.184921531999999900e+01
2.185321572000000145e+01
2.185721612000000036e+01
2.182921332000000092e+01
2.183321371999999982e+01
2.183721411999999873e+01
2.184121452000000119e+01
2.184121452000000119e+01
2.184521492000000009e+01
2.184921531999999900e+01
2.184921531999999900e+01
2.185321572000000145e+01
2.185721612000000036e+01
2.186921732000000063e+01
2.186921732000000063e+01
2.187321771999999953e+01
2.187721811999999844e+01
2.188121852000000089e+01
2.188521891999999980e+01
2.188921931999999870e+01
2.187321771999999953e+01
2.187721811999999844e+01
2.187721811999999844e+01
2.188121852000000089e+01
2.188521891999999980e+01
2.195722612000000140e+01
2.196122652000000031e+01
2.196522691999999921e+01
2.196922732000000167e+01
2.197322772000000057e+01
2.197722811999999948e+01
2.197722811999999948e+01
2.198122851999999838e+01
2.198522892000000084e+01
2.198922931999999975e+01
2.199322971999999865e+01
2.196122652000000031e+01
2.196522691999999921e+01
2.196922732000000167e+01
2.197322772000000057e+01
2.197722811999999948e+01
2.197722811999999948e+01
2.198122851999999838e+01
2.198122851999999838e+01
2.198522892000000084e+01
2.198922931999999975e+01
2.198922931999999975e+01
2.199322971999999865e+01
2.199723012000000111e+01
2.200523091999999892e+01
2.200523091999999892e+01
2.200923132000000138e+01
2.201323172000000028e+01
2.201323172000000028e+01
2.201723211999999918e+01
2.202123252000000164e+01
2.202523292000000055e+01
2.201323172000000028e+01
2.201323172000000028e+01
2.201723211999999918e+01
2.202123252000000164e+01
2.202123252000000164e+01
2.202523292000000055e+01
2.202523292000000055e+01
2.203323371999999836e+01
2.203723412000000081e+01
2.203723412000000081e+01
2.204123451999999972e+01
2.204523491999999862e+01
2.204523491999999862e+01
2.204923532000000108e+01
2.205323571999999999e+01
2.205323571999999999e+01
2.205723611999999889e+01
2.206123652000000135e+01
2.206523692000000025e+01
2.203723412000000081e+01
2.204123451999999972e+01
2.204123451999999972e+01
2.204523491999999862e+01
2.204923532000000108e+01
2.205323571999999999e+01
2.205323571999999999e+01
2.205723611999999889e+01
2.205723611999999889e+01
2.206123652000000135e+01
2.206523692000000025e+01
2.206923731999999916e+01
2.208123851999999943e+01
2.208523891999999833e+01
2.208923932000000079e+01
2.209323971999999969e+01
2.208123851999999943e+01
2.208523891999999833e+01
2.208523891999999833e+01
2.208923932000000079e+01
2.209323971999999969e+01
2.209724011999999860e+01
2.210124052000000106e+01
2.210524091999999996e+01
2.210524091999999996e+01
2.210924131999999886e+01
2.211724212000000023e+01
2.212124251999999913e+01
2.212524292000000159e+01
2.212924332000000049e+01
2.213324371999999940e+01
2.213724411999999830e+01
2.214124452000000076e+01
2.214124452000000076e+01
2.214524491999999967e+01
2.214924531999999857e+01
2.212924332000000049e+01
2.213324371999999940e+01
2.213724411999999830e+01
2.214124452000000076e+01
2.214524491999999967e+01
2.214524491999999967e+01
2.214924531999999857e+01
2.215324572000000103e+01
2.215324572000000103e+01
2.215724611999999993e+01
2.215724611999999993e+01
2.212924332000000049e+01
2.213324371999999940e+01
2.213724411999999830e+01
2.214124452000000076e+01
2.214124452000000076e+01
2.214524491999999967e+01
2.214924531999999857e+01
2.215324572000000103e+01
2.215724611999999993e+01
2.216124651999999884e+01
2.214124452000000076e+01
2.214524491999999967e+01
2.214524491999999967e+01
2.214924531999999857e+01
2.215324572000000103e+01
2.215324572000000103e+01
2.215724611999999993e+01
2.215724611999999993e+01
2.216124651999999884e+01
2.216524692000000130e+01
2.211324172000000132e+01
2.211724212000000023e+01
2.212124251999999913e+01
2.212524292000000159e+01
2.212924332000000049e+01
2.210924131999999886e+01
2.210924131999999886e+01
2.211324172000000132e+01
2.211724212000000023e+01
2.212124251999999913e+01
2.212524292000000159e+01
2.212924332000000049e+01
2.213324371999999940e+01
2.213724411999999830e+01
2.214124452000000076e+01
2.214524491999999967e+01
2.214524491999999967e+01
2.206923731999999916e+01
2.207323772000000162e+01
2.207723812000000052e+01
2.208123851999999943e+01
2.208523891999999833e+01
2.206923731999999916e+01
2.207323772000000162e+01
2.207723812000000052e+01
2.207723812000000052e+01
2.208123851999999943e+01
2.208523891999999833e+01
2.208523891999999833e+01
2.208923932000000079e+01
2.209323971999999969e+01
2.209724011999999860e+01
2.210124052000000106e+01
2.210524091999999996e+01
2.201723211999999918e+01
2.202123252000000164e+01
2.202523292000000055e+01
2.202923331999999945e+01
2.203323371999999836e+01
2.203723412000000081e+01
2.203723412000000081e+01
2.204123451999999972e+01
2.204523491999999862e+01
2.204523491999999862e+01
2.202123252000000164e+01
2.202523292000000055e+01
2.202523292000000055e+01
2.202923331999999945e+01
2.203323371999999836e+01
2.203723412000000081e+01
2.204123451999999972e+01
2.204123451999999972e+01
2.204523491999999862e+01
2.204923532000000108e+01
2.193722411999999977e+01
2.194122451999999868e+01
2.194522492000000113e+01
2.194522492000000113e+01
2.194922532000000004e+01
2.195322571999999894e+01
2.195722612000000140e+01
2.193722411999999977e+01
2.194122451999999868e+01
2.194522492000000113e+01
2.194522492000000113e+01
2.194922532000000004e+01
2.195322571999999894e+01
2.195722612000000140e+01
2.196122652000000031e+01
2.188521891999999980e+01
2.188921931999999870e+01
2.189321972000000116e+01
2.189722012000000007e+01
2.190122051999999897e+01
2.190522092000000143e+01
2.190922132000000033e+01
2.191322171999999924e+01
2.191722212000000169e+01
2.188521891999999980e+01
2.188921931999999870e+01
2.188921931999999870e+01
2.189321972000000116e+01
2.189722012000000007e+01
2.190122051999999897e+01
2.190122051999999897e+01
2.190522092000000143e+01
2.190922132000000033e+01
2.191322171999999924e+01
2.191322171999999924e+01
2.191722212000000169e+01
2.191722212000000169e+01
2.191722212000000169e+01
2.182121251999999956e+01
2.182521291999999846e+01
2.182921332000000092e+01
2.183321371999999982e+01
2.183321371999999982e+01
2.183721411999999873e+01
2.184121452000000119e+01
2.184521492000000009e+01
2.184921531999999900e+01
2.185321572000000145e+01
2.182121251999999956e+01
2.182521291999999846e+01
2.182921332000000092e+01
2.182921332000000092e+01
2.183321371999999982e+01
2.183721411999999873e+01
2.184121452000000119e+01
2.184121452000000119e+01
2.184521492000000009e+01
2.184921531999999900e+01
2.184921531999999900e+01
2.185321572000000145e+01
2.185721612000000036e+01
2.174920532000000151e+01
2.175320572000000041e+01
2.175720611999999932e+01
2.176120652000000177e+01
2.176520692000000068e+01
2.176520692000000068e+01
2.176920731999999958e+01
2.176920731999999958e+01
2.177320771999999849e+01
2.177720812000000095e+01
2.178120851999999985e+01
2.175320572000000041e+01
2.175720611999999932e+01
2.175720611999999932e+01
2.176120652000000177e+01
2.176520692000000068e+01
2.176520692000000068e+01
2.176920731999999958e+01
2.177320771999999849e+01
2.177320771999999849e+01
2.177720812000000095e+01
2.178120851999999985e+01
2.178120851999999985e+01
2.172120251999999851e+01
2.172120251999999851e+01
2.172520292000000097e+01
2.172920331999999988e+01
2.172920331999999988e+01
2.173320371999999878e+01
2.173720412000000124e+01
2.174120452000000014e+01
2.174520491999999905e+01
2.174520491999999905e+01
2.174920532000000151e+01
2.175320572000000041e+01
2.172520292000000097e+01
2.172920331999999988e+01
2.172920331999999988e+01
2.173320371999999878e+01
2.173720412000000124e+01
2.173720412000000124e+01
2.174120452000000014e+01
2.174520491999999905e+01
2.174520491999999905e+01
2.174920532000000151e+01
2.174920532000000151e+01
2.175320572000000041e+01
2.175720611999999932e+01
2.168519892000000127e+01
2.168519892000000127e+01
2.168919932000000017e+01
2.169319971999999908e+01
2.169720012000000153e+01
2.169720012000000153e+01
2.170120052000000044e+01
2.170520091999999934e+01
2.170920131999999825e+01
2.171320172000000071e+01
2.171320172000000071e+01
2.168919932000000017e+01
2.169319971999999908e+01
2.169720012000000153e+01
2.170120052000000044e+01
2.170520091999999934e+01
2.170920131999999825e+01
2.170920131999999825e+01
2.171320172000000071e+01
2.171320172000000071e+01
2.171720211999999961e+01
2.166919731999999854e+01
2.167319772000000100e+01
2.167319772000000100e+01
2.167719811999999990e+01
2.168119851999999881e+01
2.168519892000000127e+01
2.168519892000000127e+01
2.168919932000000017e+01
2.169319971999999908e+01
2.169720012000000153e+01
2.167319772000000100e+01
2.167319772000000100e+01
2.167719811999999990e+01
2.168119851999999881e+01
2.168519892000000127e+01
2.168519892000000127e+01
2.168519892000000127e+01
2.168919932000000017e+01
2.169319971999999908e+01
2.169720012000000153e+01
2.170120052000000044e+01
2.170520091999999934e+01
2.166919731999999854e+01
2.167319772000000100e+01
2.166519691999999964e+01
2.166919731999999854e+01
2.166919731999999854e+01
2.167319772000000100e+01
2.167319772000000100e+01
2.167319772000000100e+01
2.167719811999999990e+01
2.168119851999999881e+01
2.168519892000000127e+01
2.168519892000000127e+01
2.172120251999999851e+01
2.172520292000000097e+01
2.172920331999999988e+01
2.172920331999999988e+01
2.173320371999999878e+01
2.173720412000000124e+01
2.174120452000000014e+01
2.174520491999999905e+01
2.174520491999999905e+01
2.174520491999999905e+01
2.178120851999999985e+01
2.178520891999999876e+01
2.178920932000000121e+01
2.178920932000000121e+01
2.179320972000000012e+01
2.179721011999999902e+01
2.180121052000000148e+01
2.180121052000000148e+01
2.180521092000000039e+01
2.180921131999999929e+01
2.178520891999999876e+01
2.178520891999999876e+01
2.178920932000000121e+01
2.178920932000000121e+01
2.179320972000000012e+01
2.179721011999999902e+01
2.180121052000000148e+01
2.180121052000000148e+01
2.180121052000000148e+01
2.180521092000000039e+01
2.180921131999999929e+01
2.181321172000000175e+01
2.182121251999999956e+01
2.182521291999999846e+01
2.182921332000000092e+01
2.183321371999999982e+01
2.183321371999999982e+01
2.183721411999999873e+01
2.184121452000000119e+01
2.184521492000000009e+01
2.184921531999999900e+01
2.185321572000000145e+01
2.185721612000000036e+01
2.182921332000000092e+01
2.182921332000000092e+01
2.183321371999999982e+01
2.183721411999999873e+01
2.184121452000000119e+01
2.184121452000000119e+01
2.184521492000000009e+01
2.184921531999999900e+01
2.184921531999999900e+01
2.185321572000000145e+01
2.185721612000000036e+01
2.186121651999999926e+01
2.184921531999999900e+01
2.185321572000000145e+01
2.185721612000000036e+01
2.185721612000000036e+01
2.186121651999999926e+01
2.186521692000000172e+01
2.186921732000000063e+01
2.186921732000000063e+01
2.187321771999999953e+01
2.187721811999999844e+01
2.185321572000000145e+01
2.185721612000000036e+01
2.186121651999999926e+01
2.186521692000000172e+01
2.186521692000000172e+01
2.186921732000000063e+01
2.187321771999999953e+01
2.187321771999999953e+01
2.187721811999999844e+01
2.187721811999999844e+01
2.188121852000000089e+01
2.191322171999999924e+01
2.191722212000000169e+01
2.191722212000000169e+01
2.192122252000000060e+01
2.192522291999999950e+01
2.191322171999999924e+01
2.191322171999999924e+01
2.191722212000000169e+01
2.191722212000000169e+01
2.191722212000000169e+01
2.191722212000000169e+01
2.192122252000000060e+01
2.192522291999999950e+01
2.192922331999999841e+01
2.198522892000000084e+01
2.198922931999999975e+01
2.199322971999999865e+01
2.199723012000000111e+01
2.200123052000000001e+01
2.200523091999999892e+01
2.200523091999999892e+01
2.200923132000000138e+01
2.201323172000000028e+01
2.201323172000000028e+01
2.201723211999999918e+01
2.198922931999999975e+01
2.198922931999999975e+01
2.199322971999999865e+01
2.199723012000000111e+01
2.200123052000000001e+01
2.200123052000000001e+01
2.200523091999999892e+01
2.200923132000000138e+01
2.201323172000000028e+01
2.201323172000000028e+01
2.201323172000000028e+01
2.201723211999999918e+01
2.202123252000000164e+01
2.202123252000000164e+01
2.202523292000000055e+01
2.202923331999999945e+01
2.203323371999999836e+01
2.203723412000000081e+01
2.203723412000000081e+01
2.204123451999999972e+01
2.204523491999999862e+01
2.204523491999999862e+01
2.204923532000000108e+01
2.205323571999999999e+01
2.205323571999999999e+01
2.202523292000000055e+01
2.202523292000000055e+01
2.202923331999999945e+01
2.203323371999999836e+01
2.203723412000000081e+01
2.204123451999999972e+01
2.204123451999999972e+01
2.204523491999999862e+01
2.204923532000000108e+01
2.205323571999999999e+01
2.205323571999999999e+01
2.205723611999999889e+01
2.205723611999999889e+01
2.209323971999999969e+01
2.209724011999999860e+01
2.210124052000000106e+01
2.210524091999999996e+01
2.210524091999999996e+01
2.210924131999999886e+01
2.210924131999999886e+01
2.210924131999999886e+01
2.211324172000000132e+01
2.210524091999999996e+01
2.210924131999999886e+01
2.211324172000000132e+01
2.211724212000000023e+01
2.212124251999999913e+01
2.212524292000000159e+01
2.212924332000000049e+01
2.213324371999999940e+01
2.213724411999999830e+01
2.210924131999999886e+01
2.210924131999999886e+01
2.210924131999999886e+01
2.211324172000000132e+01
2.211724212000000023e+01
2.212124251999999913e+01
2.212524292000000159e+01
2.212924332000000049e+01
2.213324371999999940e+01
2.213724411999999830e+01
2.214124452000000076e+01
2.214524491999999967e+01
2.214524491999999967e+01
2.210524091999999996e+01
2.210924131999999886e+01
2.211324172000000132e+01
2.211724212000000023e+01
2.212124251999999913e+01
2.212524292000000159e+01
2.212924332000000049e+01
2.213324371999999940e+01
2.213724411999999830e+01
2.210924131999999886e+01
2.210924131999999886e+01
2.210924131999999886e+01
2.211324172000000132e+01
2.211724212000000023e+01
2.212124251999999913e+01
2.212524292000000159e+01
2.212924332000000049e+01
2.213324371999999940e+01
2.213724411999999830e+01
2.214124452000000076e+01
2.214524491999999967e+01
2.214524491999999967e+01
2.211324172000000132e+01
2.211724212000000023e+01
2.212124251999999913e+01
2.212524292000000159e+01
2.212924332000000049e+01
2.213324371999999940e+01
2.213724411999999830e+01
2.214124452000000076e+01
2.214124452000000076e+01
2.214524491999999967e+01
2.212124251999999913e+01
2.212524292000000159e+01
2.212924332000000049e+01
2.213324371999999940e+01
2.213724411999999830e+01
2.214124452000000076e+01
2.214524491999999967e+01
2.214524491999999967e+01
2.214924531999999857e+01
2.215324572000000103e+01
2.215324572000000103e+01
2.212124251999999913e+01
2.212524292000000159e+01
2.212924332000000049e+01
2.213324371999999940e+01
2.213724411999999830e+01
2.214124452000000076e+01
2.214124452000000076e+01
2.214524491999999967e+01
2.214924531999999857e+01
2.215324572000000103e+01
2.213324371999999940e+01
2.213724411999999830e+01
2.214124452000000076e+01
2.214524491999999967e+01
2.214524491999999967e+01
2.214924531999999857e+01
2.215324572000000103e+01
2.215324572000000103e+01
2.215724611999999993e+01
2.215724611999999993e+01
