2.104922171999999847e+01
2.105322212000000093e+01
2.105322212000000093e+01
2.105722251999999983e+01
2.105722251999999983e+01
2.106122291999999874e+01
2.106522332000000119e+01
2.104922171999999847e+01
2.105322212000000093e+01
2.105322212000000093e+01
2.105722251999999983e+01
2.105722251999999983e+01
2.106122291999999874e+01
2.106522332000000119e+01
2.106922372000000010e+01
2.106122291999999874e+01
2.106522332000000119e+01
2.106922372000000010e+01
2.106922372000000010e+01
2.107322411999999900e+01
2.107722452000000146e+01
2.108122492000000037e+01
2.111322811999999871e+01
2.111722852000000117e+01
2.111722852000000117e+01
2.112122892000000007e+01
2.112122892000000007e+01
2.112522931999999898e+01
2.111722852000000117e+01
2.112122892000000007e+01
2.112122892000000007e+01
2.112522931999999898e+01
2.112922972000000144e+01
2.113323012000000034e+01
2.113723051999999925e+01
2.114123092000000170e+01
2.114523132000000061e+01
2.114923171999999951e+01
2.115323211999999842e+01
2.115723252000000087e+01
2.115723252000000087e+01
2.118923571999999922e+01
2.119323612000000168e+01
2.119723652000000058e+01
2.120123691999999949e+01
2.120523731999999839e+01
2.120523731999999839e+01
2.120923772000000085e+01
2.121323811999999975e+01
2.121723851999999866e+01
2.122123892000000112e+01
2.122123892000000112e+01
2.121323811999999975e+01
2.121723851999999866e+01
2.122123892000000112e+01
2.122123892000000112e+01
2.122523932000000002e+01
2.122923971999999893e+01
2.117323412000000005e+01
2.117723451999999895e+01
2.119323612000000168e+01
2.116523331999999868e+01
2.116923372000000114e+01
2.117323412000000005e+01
2.117723451999999895e+01
2.120123691999999949e+01
2.120523731999999839e+01
2.120923772000000085e+01
2.121323811999999975e+01
2.121323811999999975e+01
2.121723851999999866e+01
2.122123892000000112e+01
2.122123892000000112e+01
2.122523932000000002e+01
2.122923971999999893e+01
2.127324412000000109e+01
2.127724451999999999e+01
2.128124491999999890e+01
2.130124692000000053e+01
2.130524731999999943e+01
2.130924771999999834e+01
2.131324812000000080e+01
2.131324812000000080e+01
2.131724851999999970e+01
2.133325012999999970e+01
2.133725052999999861e+01
2.134125093000000106e+01
2.134125093000000106e+01
2.134925172999999887e+01
2.135325213000000133e+01
2.135725253000000023e+01
2.137725452999999831e+01
2.138125493000000077e+01
2.138525532999999967e+01
2.138925572999999858e+01
2.142525932999999938e+01
2.142925972999999829e+01
2.143326013000000074e+01
2.143726052999999965e+01
2.144126092999999855e+01
2.144526133000000101e+01
2.143326013000000074e+01
2.143726052999999965e+01
2.144126092999999855e+01
2.144526133000000101e+01
2.144926172999999991e+01
2.145326212999999882e+01
2.143326013000000074e+01
2.143726052999999965e+01
2.144126092999999855e+01
2.144526133000000101e+01
2.144926172999999991e+01
2.145326212999999882e+01
2.143326013000000074e+01
2.143726052999999965e+01
2.144126092999999855e+01
2.144526133000000101e+01
2.144926172999999991e+01
2.140925773000000021e+01
2.141325812999999911e+01
2.141725853000000157e+01
2.142125893000000048e+01
2.142125893000000048e+01
2.142525932999999938e+01
2.142925972999999829e+01
2.138925572999999858e+01
2.139325613000000104e+01
2.139725652999999994e+01
2.140125692999999885e+01
2.140525733000000130e+01
2.138125493000000077e+01
2.138525532999999967e+01
2.138925572999999858e+01
2.139325613000000104e+01
2.139725652999999994e+01
2.135725253000000023e+01
2.136125292999999914e+01
2.136125292999999914e+01
2.136525333000000160e+01
2.136925373000000050e+01
2.137325412999999941e+01
2.134125093000000106e+01
2.134125093000000106e+01
2.134525132999999997e+01
2.134925172999999887e+01
2.135325213000000133e+01
2.135725253000000023e+01
2.136125292999999914e+01
2.131724851999999970e+01
2.132124891999999861e+01
2.132524932000000106e+01
2.132524932000000106e+01
2.132924971999999997e+01
2.133325012999999970e+01
2.133725052999999861e+01
2.128924572000000026e+01
2.128924572000000026e+01
2.129324611999999917e+01
2.129724652000000162e+01
2.130124692000000053e+01
2.130524731999999943e+01
2.127324412000000109e+01
2.127724451999999999e+01
2.128924572000000026e+01
2.124524132000000165e+01
2.124924172000000056e+01
2.125324211999999946e+01
2.125724251999999836e+01
2.126124292000000082e+01
2.122123892000000112e+01
2.122523932000000002e+01
2.122923971999999893e+01
2.123324012000000138e+01
2.123724052000000029e+01
2.124124091999999919e+01
2.124124091999999919e+01
2.124124091999999919e+01
2.120923772000000085e+01
2.121323811999999975e+01
2.121723851999999866e+01
2.122123892000000112e+01
2.122123892000000112e+01
2.122523932000000002e+01
2.118523532000000031e+01
2.118923571999999922e+01
2.119323612000000168e+01
2.119723652000000058e+01
2.120123691999999949e+01
2.117323412000000005e+01
2.117723451999999895e+01
2.118123492000000141e+01
2.118523532000000031e+01
2.115323211999999842e+01
2.115723252000000087e+01
2.115723252000000087e+01
2.116123291999999978e+01
2.116523331999999868e+01
2.116523331999999868e+01
2.116923372000000114e+01
2.116123291999999978e+01
2.116523331999999868e+01
2.116523331999999868e+01
2.116923372000000114e+01
2.117323412000000005e+01
2.117723451999999895e+01
2.118523532000000031e+01
2.118923571999999922e+01
2.119323612000000168e+01
2.119723652000000058e+01
2.120123691999999949e+01
2.119323612000000168e+01
2.119723652000000058e+01
2.120123691999999949e+01
2.120523731999999839e+01
2.121323811999999975e+01
2.121723851999999866e+01
2.122123892000000112e+01
2.122123892000000112e+01
2.122523932000000002e+01
2.122523932000000002e+01
2.122923971999999893e+01
2.123324012000000138e+01
2.123724052000000029e+01
2.124124091999999919e+01
2.124524132000000165e+01
2.124924172000000056e+01
2.125324211999999946e+01
2.125724251999999836e+01
2.126124292000000082e+01
2.126124292000000082e+01
2.126524331999999973e+01
2.126924371999999863e+01
2.127324412000000109e+01
2.127324412000000109e+01
2.127724451999999999e+01
2.114523132000000061e+01
2.114923171999999951e+01
2.115323211999999842e+01
2.115723252000000087e+01
2.115723252000000087e+01
2.112122892000000007e+01
2.112122892000000007e+01
2.112522931999999898e+01
2.109722651999999954e+01
2.110122691999999844e+01
2.103722052000000176e+01
2.104122092000000066e+01
2.104522131999999957e+01
2.104522131999999957e+01
2.104922171999999847e+01
2.107722452000000146e+01
2.108122492000000037e+01
2.108522531999999927e+01
2.108522531999999927e+01
2.108922572000000173e+01
2.109322612000000063e+01
2.109722651999999954e+01
2.109722651999999954e+01
2.109722651999999954e+01
2.110122691999999844e+01
2.110522732000000090e+01
2.110922771999999981e+01
2.111322811999999871e+01
2.111722852000000117e+01
2.111722852000000117e+01
2.112122892000000007e+01
2.112122892000000007e+01
2.112122892000000007e+01
2.112122892000000007e+01
2.112522931999999898e+01
2.112922972000000144e+01
2.113323012000000034e+01
2.113723051999999925e+01
2.113323012000000034e+01
2.113723051999999925e+01
2.114123092000000170e+01
2.114523132000000061e+01
2.114923171999999951e+01
2.115323211999999842e+01
2.114923171999999951e+01
2.115323211999999842e+01
2.115723252000000087e+01
2.115723252000000087e+01
2.116123291999999978e+01
2.116523331999999868e+01
2.116123291999999978e+01
2.116523331999999868e+01
2.116523331999999868e+01
2.116923372000000114e+01
2.117323412000000005e+01
2.117723451999999895e+01
2.118123492000000141e+01
2.117723451999999895e+01
2.118123492000000141e+01
2.118523532000000031e+01
2.118923571999999922e+01
2.119323612000000168e+01
2.119323612000000168e+01
2.119723652000000058e+01
2.120123691999999949e+01
2.120523731999999839e+01
2.120923772000000085e+01
2.121323811999999975e+01
2.121723851999999866e+01
2.122523932000000002e+01
2.122923971999999893e+01
2.123324012000000138e+01
2.123724052000000029e+01
2.124124091999999919e+01
2.124124091999999919e+01
2.124124091999999919e+01
2.124924172000000056e+01
2.125324211999999946e+01
2.126124292000000082e+01
2.126524331999999973e+01
2.126924371999999863e+01
2.127324412000000109e+01
2.127324412000000109e+01
2.127724451999999999e+01
2.128124491999999890e+01
2.128524532000000136e+01
2.128924572000000026e+01
2.128924572000000026e+01
2.129324611999999917e+01
2.129724652000000162e+01
2.130524731999999943e+01
2.130924771999999834e+01
2.131324812000000080e+01
2.131324812000000080e+01
2.131724851999999970e+01
2.132124891999999861e+01
2.132524932000000106e+01
2.132524932000000106e+01
2.132524932000000106e+01
2.132924971999999997e+01
2.133325012999999970e+01
2.133725052999999861e+01
2.134125093000000106e+01
2.134125093000000106e+01
2.134525132999999997e+01
2.134925172999999887e+01
2.135325213000000133e+01
2.135725253000000023e+01
2.136125292999999914e+01
2.136125292999999914e+01
2.136925373000000050e+01
2.137325412999999941e+01
2.137725452999999831e+01
2.138125493000000077e+01
2.138525532999999967e+01
2.138925572999999858e+01
2.140125692999999885e+01
2.140525733000000130e+01
2.140925773000000021e+01
2.141325812999999911e+01
2.141725853000000157e+01
2.142125893000000048e+01
2.142125893000000048e+01
2.140925773000000021e+01
2.141325812999999911e+01
2.141725853000000157e+01
2.142125893000000048e+01
2.142125893000000048e+01
2.142525932999999938e+01
2.142925972999999829e+01
2.142925972999999829e+01
2.143326013000000074e+01
2.143726052999999965e+01
2.144126092999999855e+01
2.144526133000000101e+01
2.144926172999999991e+01
2.142925972999999829e+01
2.143326013000000074e+01
2.143726052999999965e+01
2.144126092999999855e+01
2.144526133000000101e+01
2.144926172999999991e+01
2.112122892000000007e+01
2.112122892000000007e+01
2.112522931999999898e+01
2.112922972000000144e+01
2.113323012000000034e+01
2.113723051999999925e+01
2.113323012000000034e+01
2.113723051999999925e+01
2.114123092000000170e+01
2.114523132000000061e+01
2.114923171999999951e+01
2.115323211999999842e+01
2.114923171999999951e+01
2.115323211999999842e+01
2.115723252000000087e+01
2.115723252000000087e+01
2.116123291999999978e+01
2.116123291999999978e+01
2.116523331999999868e+01
2.116523331999999868e+01
2.116923372000000114e+01
2.117323412000000005e+01
2.117723451999999895e+01
2.117723451999999895e+01
2.118123492000000141e+01
2.118523532000000031e+01
2.118923571999999922e+01
2.118923571999999922e+01
2.119323612000000168e+01
2.120523731999999839e+01
2.120923772000000085e+01
2.121323811999999975e+01
2.121723851999999866e+01
2.121723851999999866e+01
2.122123892000000112e+01
2.122123892000000112e+01
2.122523932000000002e+01
2.122923971999999893e+01
2.123324012000000138e+01
2.123724052000000029e+01
2.123724052000000029e+01
2.124124091999999919e+01
2.124124091999999919e+01
2.124124091999999919e+01
2.124524132000000165e+01
2.124924172000000056e+01
2.125324211999999946e+01
2.120923772000000085e+01
2.121323811999999975e+01
2.121723851999999866e+01
2.122123892000000112e+01
2.122123892000000112e+01
2.116523331999999868e+01
2.116523331999999868e+01
2.116923372000000114e+01
2.117323412000000005e+01
2.117723451999999895e+01
2.118123492000000141e+01
2.112522931999999898e+01
2.112922972000000144e+01
2.113323012000000034e+01
2.113723051999999925e+01
2.114123092000000170e+01
2.114523132000000061e+01
2.114923171999999951e+01
2.111322811999999871e+01
2.111722852000000117e+01
2.111722852000000117e+01
2.112122892000000007e+01
2.112122892000000007e+01
2.108522531999999927e+01
2.108522531999999927e+01
2.108922572000000173e+01
2.109322612000000063e+01
2.109722651999999954e+01
2.109722651999999954e+01
2.110122691999999844e+01
2.107322411999999900e+01
2.107722452000000146e+01
2.108122492000000037e+01
2.108522531999999927e+01
2.108522531999999927e+01
2.108922572000000173e+01
