2.135317291999999867e+01
2.135317291999999867e+01
2.135717332000000113e+01
2.136117372000000003e+01
2.136517411999999894e+01
2.136917452000000139e+01
2.136917452000000139e+01
2.137317492000000030e+01
2.135317291999999867e+01
2.135317291999999867e+01
2.135717332000000113e+01
2.136117372000000003e+01
2.136517411999999894e+01
2.136917452000000139e+01
2.136917452000000139e+01
2.137317492000000030e+01
2.136917452000000139e+01
2.137317492000000030e+01
2.137717531999999920e+01
2.138117572000000166e+01
2.138517612000000057e+01
2.134917251999999976e+01
2.134917251999999976e+01
2.134917251999999976e+01
2.135317291999999867e+01
2.135317291999999867e+01
2.135317291999999867e+01
2.135717332000000113e+01
2.136117372000000003e+01
2.136517411999999894e+01
2.136517411999999894e+01
2.136917452000000139e+01
2.136917452000000139e+01
2.137317492000000030e+01
2.137717531999999920e+01
2.138117572000000166e+01
2.138517612000000057e+01
2.136917452000000139e+01
2.137317492000000030e+01
2.137717531999999920e+01
2.138117572000000166e+01
2.138517612000000057e+01
2.138917651999999947e+01
2.138917651999999947e+01
2.139317691999999838e+01
2.139717732000000083e+01
2.139717732000000083e+01
2.140117771999999974e+01
2.140517811999999864e+01
2.140917852000000110e+01
2.140917852000000110e+01
2.141317892000000001e+01
2.141717931999999891e+01
2.142117972000000137e+01
2.142117972000000137e+01
2.142518012000000027e+01
2.144518211999999835e+01
2.144518211999999835e+01
2.144918252000000081e+01
2.145318291999999971e+01
2.145718331999999862e+01
2.147318492000000134e+01
2.147718532000000025e+01
2.147718532000000025e+01
2.148118571999999915e+01
2.148518612000000161e+01
2.148918652000000051e+01
2.149318691999999942e+01
2.148118571999999915e+01
2.148518612000000161e+01
2.148918652000000051e+01
2.149318691999999942e+01
2.149318691999999942e+01
2.149718731999999832e+01
2.150118772000000078e+01
2.150518811999999969e+01
2.151718931999999995e+01
2.151718931999999995e+01
2.152118971999999886e+01
2.152519012000000131e+01
2.152919052000000022e+01
2.153319091999999912e+01
2.153719132000000158e+01
2.154119172000000049e+01
2.154519211999999939e+01
2.154919251999999830e+01
2.154519211999999939e+01
2.154919251999999830e+01
2.154919251999999830e+01
2.155319292000000075e+01
2.155719331999999966e+01
2.156119371999999856e+01
2.155719331999999966e+01
2.156119371999999856e+01
2.156519412000000102e+01
2.156519412000000102e+01
2.156919451999999993e+01
2.157319491999999883e+01
2.157719532000000129e+01
2.157719532000000129e+01
2.158119572000000019e+01
2.158119572000000019e+01
2.158519611999999910e+01
2.158919652000000156e+01
2.158119572000000019e+01
2.158119572000000019e+01
2.158519611999999910e+01
2.158919652000000156e+01
2.159319692000000046e+01
2.159719731999999937e+01
2.160119771999999827e+01
2.160519812000000073e+01
2.160919851999999963e+01
2.161319891999999854e+01
2.161719932000000099e+01
2.162119971999999990e+01
2.164920251999999934e+01
2.165320291999999824e+01
2.165720332000000070e+01
2.165720332000000070e+01
2.166120371999999961e+01
2.166520411999999851e+01
2.166520411999999851e+01
2.166920452000000097e+01
2.167320491999999987e+01
2.167720531999999878e+01
2.168120572000000124e+01
2.168120572000000124e+01
2.168120572000000124e+01
2.168520612000000014e+01
2.168920651999999905e+01
2.169320692000000150e+01
2.169720732000000041e+01
2.169720732000000041e+01
2.168120572000000124e+01
2.168120572000000124e+01
2.168520612000000014e+01
2.168920651999999905e+01
2.169320692000000150e+01
2.169720732000000041e+01
2.169720732000000041e+01
2.170120771999999931e+01
2.169320692000000150e+01
2.169720732000000041e+01
2.169720732000000041e+01
2.170120771999999931e+01
2.170520812000000177e+01
2.170520812000000177e+01
2.170920852000000068e+01
2.168520612000000014e+01
2.168920651999999905e+01
2.169320692000000150e+01
2.169720732000000041e+01
2.169720732000000041e+01
2.170120771999999931e+01
2.170520812000000177e+01
2.170520812000000177e+01
2.170920852000000068e+01
2.167320491999999987e+01
2.167720531999999878e+01
2.168120572000000124e+01
2.168120572000000124e+01
2.168520612000000014e+01
2.168920651999999905e+01
2.169320692000000150e+01
2.166920452000000097e+01
2.167320491999999987e+01
2.167720531999999878e+01
2.168120572000000124e+01
2.168120572000000124e+01
2.164520212000000043e+01
2.164920251999999934e+01
2.165320291999999824e+01
2.165720332000000070e+01
2.166120371999999961e+01
2.166520411999999851e+01
2.166520411999999851e+01
2.162920052000000126e+01
2.163320092000000017e+01
2.163720131999999907e+01
2.163720131999999907e+01
2.164120172000000153e+01
2.164520212000000043e+01
2.164920251999999934e+01
2.160519812000000073e+01
2.160919851999999963e+01
2.161319891999999854e+01
2.161719932000000099e+01
2.162119971999999990e+01
2.162520011999999880e+01
2.160519812000000073e+01
2.160919851999999963e+01
2.161319891999999854e+01
2.161719932000000099e+01
2.162119971999999990e+01
2.159319692000000046e+01
2.159719731999999937e+01
2.160119771999999827e+01
2.160519812000000073e+01
2.160919851999999963e+01
2.161319891999999854e+01
2.158119572000000019e+01
2.158519611999999910e+01
2.158919652000000156e+01
2.159319692000000046e+01
2.159719731999999937e+01
2.160119771999999827e+01
2.158119572000000019e+01
2.158119572000000019e+01
2.158519611999999910e+01
2.158919652000000156e+01
2.159319692000000046e+01
2.159719731999999937e+01
2.158119572000000019e+01
2.158119572000000019e+01
2.158519611999999910e+01
2.158919652000000156e+01
2.159319692000000046e+01
2.159719731999999937e+01
2.160119771999999827e+01
2.160519812000000073e+01
2.160919851999999963e+01
2.161319891999999854e+01
2.161719932000000099e+01
2.162119971999999990e+01
2.161719932000000099e+01
2.162119971999999990e+01
2.162520011999999880e+01
2.162920052000000126e+01
2.163320092000000017e+01
2.162920052000000126e+01
2.163320092000000017e+01
2.163720131999999907e+01
2.163720131999999907e+01
2.164120172000000153e+01
2.164520212000000043e+01
2.163720131999999907e+01
2.163720131999999907e+01
2.164120172000000153e+01
2.164520212000000043e+01
2.164920251999999934e+01
2.165320291999999824e+01
2.163720131999999907e+01
2.163720131999999907e+01
2.164120172000000153e+01
2.164520212000000043e+01
2.164920251999999934e+01
2.165320291999999824e+01
2.160119771999999827e+01
2.160519812000000073e+01
2.160919851999999963e+01
2.161319891999999854e+01
2.161719932000000099e+01
2.162119971999999990e+01
2.157319491999999883e+01
2.157719532000000129e+01
2.158119572000000019e+01
2.158119572000000019e+01
2.158519611999999910e+01
2.158919652000000156e+01
2.161319891999999854e+01
2.161719932000000099e+01
2.162119971999999990e+01
2.162520011999999880e+01
2.162920052000000126e+01
2.163320092000000017e+01
2.162920052000000126e+01
2.163320092000000017e+01
2.163720131999999907e+01
2.163720131999999907e+01
2.164120172000000153e+01
2.164520212000000043e+01
2.167720531999999878e+01
2.168120572000000124e+01
2.168120572000000124e+01
2.168520612000000014e+01
2.168920651999999905e+01
2.169320692000000150e+01
2.168120572000000124e+01
2.168120572000000124e+01
2.168520612000000014e+01
2.168920651999999905e+01
2.169320692000000150e+01
2.160119771999999827e+01
2.160519812000000073e+01
2.160919851999999963e+01
2.161319891999999854e+01
2.161719932000000099e+01
2.162119971999999990e+01
2.157319491999999883e+01
2.157719532000000129e+01
2.158119572000000019e+01
2.158119572000000019e+01
2.158519611999999910e+01
2.158919652000000156e+01
2.150518811999999969e+01
2.150918851999999859e+01
2.151318892000000105e+01
2.151718931999999995e+01
2.151718931999999995e+01
2.152118971999999886e+01
2.152519012000000131e+01
2.147718532000000025e+01
2.148118571999999915e+01
2.148518612000000161e+01
2.148918652000000051e+01
2.149318691999999942e+01
2.149318691999999942e+01
2.149718731999999832e+01
2.150118772000000078e+01
2.145718331999999862e+01
2.145718331999999862e+01
2.146118372000000107e+01
2.146118372000000107e+01
2.146518411999999998e+01
2.144918252000000081e+01
2.145318291999999971e+01
2.145718331999999862e+01
2.145718331999999862e+01
2.146118372000000107e+01
2.140917852000000110e+01
2.141317892000000001e+01
2.141717931999999891e+01
2.142117972000000137e+01
2.142117972000000137e+01
2.142518012000000027e+01
2.137317492000000030e+01
2.137717531999999920e+01
2.138117572000000166e+01
2.138517612000000057e+01
2.138917651999999947e+01
2.138917651999999947e+01
2.139317691999999838e+01
2.135317291999999867e+01
2.135717332000000113e+01
2.136117372000000003e+01
2.136517411999999894e+01
2.136917452000000139e+01
2.136917452000000139e+01
2.137317492000000030e+01
2.137717531999999920e+01
2.135317291999999867e+01
2.135717332000000113e+01
2.136117372000000003e+01
2.136517411999999894e+01
2.136917452000000139e+01
2.136917452000000139e+01
2.137317492000000030e+01
2.137717531999999920e+01
2.138917651999999947e+01
2.139717732000000083e+01
2.140117771999999974e+01
2.140517811999999864e+01
2.140917852000000110e+01
2.140917852000000110e+01
2.141317892000000001e+01
2.141717931999999891e+01
2.142117972000000137e+01
2.142117972000000137e+01
2.142518012000000027e+01
2.142918051999999918e+01
2.142918051999999918e+01
2.143318092000000163e+01
2.143718132000000054e+01
2.144118171999999944e+01
2.144518211999999835e+01
2.144518211999999835e+01
2.144518211999999835e+01
2.144918252000000081e+01
2.145318291999999971e+01
2.145718331999999862e+01
2.145718331999999862e+01
2.146118372000000107e+01
2.146118372000000107e+01
2.146118372000000107e+01
2.146118372000000107e+01
2.146518411999999998e+01
2.146918451999999888e+01
2.147318492000000134e+01
2.147318492000000134e+01
2.147718532000000025e+01
2.147718532000000025e+01
2.148918652000000051e+01
2.149318691999999942e+01
2.149318691999999942e+01
2.149718731999999832e+01
2.149318691999999942e+01
2.149318691999999942e+01
2.149718731999999832e+01
2.150118772000000078e+01
2.150518811999999969e+01
2.150518811999999969e+01
2.150918851999999859e+01
2.151318892000000105e+01
2.150918851999999859e+01
2.151318892000000105e+01
2.151718931999999995e+01
2.151718931999999995e+01
2.152118971999999886e+01
2.152519012000000131e+01
2.152919052000000022e+01
2.152519012000000131e+01
2.152919052000000022e+01
2.153319091999999912e+01
2.153719132000000158e+01
2.154119172000000049e+01
2.154519211999999939e+01
2.154119172000000049e+01
2.154519211999999939e+01
2.154919251999999830e+01
2.154919251999999830e+01
2.155319292000000075e+01
2.155719331999999966e+01
2.156119371999999856e+01
2.156119371999999856e+01
2.156519412000000102e+01
2.156519412000000102e+01
2.156919451999999993e+01
2.157319491999999883e+01
2.157719532000000129e+01
2.158119572000000019e+01
2.158119572000000019e+01
2.157319491999999883e+01
2.157719532000000129e+01
2.158119572000000019e+01
2.158119572000000019e+01
2.158519611999999910e+01
2.158919652000000156e+01
2.158519611999999910e+01
2.158919652000000156e+01
2.159319692000000046e+01
2.159719731999999937e+01
2.160119771999999827e+01
2.159319692000000046e+01
2.159719731999999937e+01
2.160119771999999827e+01
2.160519812000000073e+01
2.160919851999999963e+01
2.160119771999999827e+01
2.160519812000000073e+01
2.160919851999999963e+01
2.161319891999999854e+01
2.161719932000000099e+01
2.162119971999999990e+01
2.162520011999999880e+01
2.162920052000000126e+01
2.163320092000000017e+01
2.163720131999999907e+01
2.163720131999999907e+01
2.164120172000000153e+01
2.164120172000000153e+01
2.164520212000000043e+01
2.164920251999999934e+01
2.165320291999999824e+01
2.166520411999999851e+01
2.166920452000000097e+01
2.167320491999999987e+01
2.167720531999999878e+01
2.168120572000000124e+01
2.168120572000000124e+01
2.168520612000000014e+01
2.168920651999999905e+01
2.168520612000000014e+01
2.169320692000000150e+01
2.169720732000000041e+01
2.169720732000000041e+01
2.170120771999999931e+01
2.169320692000000150e+01
2.169720732000000041e+01
2.169720732000000041e+01
2.170120771999999931e+01
2.170520812000000177e+01
2.170520812000000177e+01
2.169720732000000041e+01
2.170120771999999931e+01
2.170520812000000177e+01
2.170520812000000177e+01
2.170920852000000068e+01
2.171320891999999958e+01
