sphinx-build -b html -d _build/doctrees   . _build/html
Running Sphinx v1.6.3
making output directory...
loading pickled environment... not yet created
[autosummary] generating autosummary for: api.rst
[autosummary] generating autosummary for: /home/moritz/pkg/km3pipe/docs/api/km3modules.common.BlobIndexer.rst, /home/moritz/pkg/km3pipe/docs/api/km3modules.common.Cut.rst, /home/moritz/pkg/km3pipe/docs/api/km3modules.common.Delete.rst, /home/moritz/pkg/km3pipe/docs/api/km3modules.common.Dump.rst, /home/moritz/pkg/km3pipe/docs/api/km3modules.common.GetAngle.rst, /home/moritz/pkg/km3pipe/docs/api/km3modules.common.HitCounter.rst, /home/moritz/pkg/km3pipe/docs/api/km3modules.common.Keep.rst, /home/moritz/pkg/km3pipe/docs/api/km3modules.common.MemoryObserver.rst, /home/moritz/pkg/km3pipe/docs/api/km3modules.common.StatusBar.rst, /home/moritz/pkg/km3pipe/docs/api/km3modules.common.Wrap.rst, ..., /home/moritz/pkg/km3pipe/docs/api/km3pipe.mc.pdg2name.rst, /home/moritz/pkg/km3pipe/docs/api/km3pipe.srv.ClientManager.rst, /home/moritz/pkg/km3pipe/docs/api/km3pipe.time.Cuckoo.rst, /home/moritz/pkg/km3pipe/docs/api/km3pipe.time.Timer.rst, /home/moritz/pkg/km3pipe/docs/api/km3pipe.time.tai_timestamp.rst, /home/moritz/pkg/km3pipe/docs/api/km3pipe.time.total_seconds.rst, /home/moritz/pkg/km3pipe/docs/api/km3pipe.tools.ifiles.rst, /home/moritz/pkg/km3pipe/docs/api/km3pipe.tools.irods_filepath.rst, /home/moritz/pkg/km3pipe/docs/api/km3pipe.tools.prettyln.rst, /home/moritz/pkg/km3pipe/docs/api/km3pipe.tools.token_urlsafe.rst
Generating gallery
Executing file /home/moritz/pkg/km3pipe/examples/plot_colourmap_pitfalls.py
Loading style definitions from '/home/moritz/pkg/km3pipe/km3pipe/kp-data/stylelib/km3pipe.mplstyle'
/home/moritz/pkg/km3pipe/examples/plot_colourmap_pitfalls.py ran in : 0.45 seconds

Executing file /home/moritz/pkg/km3pipe/examples/plot_convex_hull.py
Loading style definitions from '/home/moritz/pkg/km3pipe/km3pipe/kp-data/stylelib/km3pipe.mplstyle'
/home/moritz/pkg/km3pipe/examples/plot_convex_hull.py ran in : 0.1 seconds

Executing file /home/moritz/pkg/km3pipe/examples/plot_dom_hits.py
Loading style definitions from '/home/moritz/pkg/km3pipe/km3pipe/kp-data/stylelib/km3pipe.mplstyle'
Attaching module 'HDF5Pump'
Attaching module 'StatusBar'
Attaching module 'filter_muons'
Attaching module 'DOMHits'
Pipeline and module initialisation took 0.009s (CPU 0.009s).
Trapping CTRL+C and starting to drain.
Now draining...
No cycle count, the pipeline may be drained forever.
--------------------------[ Blob     500 ]---------------------------
Calling process
Calling process
Nothing left to pump through.
Finishing HDF5Pump
Finishing StatusBar
================================[ . ]================================
Finishing filter_muons
Skipping function module filter_muons
Finishing DOMHits
============================================================
500 cycles drained in 3.51s (CPU 3.51s). Memory peak: 288.33 MB
  wall  mean: 0.01s  medi: 0.01s  min: 0.00s  max: 0.10s  std: 0.00s
  CPU   mean: 0.01s  medi: 0.01s  min: 0.00s  max: 0.10s  std: 0.00s
/home/moritz/pkg/km3pipe/examples/plot_dom_hits.py ran in : 5.7 seconds

Executing file /home/moritz/pkg/km3pipe/examples/plot_fitting_dists.py
Loading style definitions from '/home/moritz/pkg/km3pipe/km3pipe/kp-data/stylelib/moritz.mplstyle'
Unimodal Gaussian Fit:  Mean 18.46, stdev 2.579
Fit:
      1: Mean 20.0, var 1.146, weight 0.699
      2: Mean 14.88, var 1.135, weight 0.301

best bandwidth: 3.3932217718953264
/home/moritz/pkg/km3pipe/examples/plot_fitting_dists.py ran in : 1 seconds

Executing file /home/moritz/pkg/km3pipe/examples/plot_tot_histogram.py
Loading style definitions from '/home/moritz/pkg/km3pipe/km3pipe/kp-data/stylelib/km3pipe.mplstyle'
/home/moritz/pkg/km3pipe/examples/plot_tot_histogram.py ran in : 0.28 seconds

________________________________________________________________________________
Example directory /home/moritz/pkg/km3pipe/docs/../examples/data does not have a README.txt file
Skipping this directory
________________________________________________________________________________
________________________________________________________________________________
Example directory /home/moritz/pkg/km3pipe/docs/../examples/nogallery does not have a README.txt file
Skipping this directory
________________________________________________________________________________
Computation time summary:
	- plot_dom_hits.py : 5.7 sec
	- plot_fitting_dists.py : 1 sec
	- plot_colourmap_pitfalls.py : 0.45 sec
	- plot_tot_histogram.py : 0.28 sec
	- plot_convex_hull.py : 0.1 sec
	- udp_dispatcher.py : 0 sec
	- logio.py : 0 sec
	- ligier_mirror.py : 0 sec
	- k40_calibration.py : 0 sec
	- io_monit.py : 0 sec
	- h5_ant.py : 0 sec
	- event_dumper.py : 0 sec
	- elog-slack.py : 0 sec
	- astro_orca.py : 0 sec
building [mo]: targets for 0 po files that are out of date
building [html]: targets for 19 source files that are out of date
updating environment: 122 added, 0 changed, 0 removed
reading sources... [  0%] api
reading sources... [  1%] api/km3modules.common.BlobIndexer
reading sources... [  2%] api/km3modules.common.Cut
reading sources... [  3%] api/km3modules.common.Delete
reading sources... [  4%] api/km3modules.common.Dump
reading sources... [  4%] api/km3modules.common.GetAngle
reading sources... [  5%] api/km3modules.common.HitCounter
reading sources... [  6%] api/km3modules.common.Keep
reading sources... [  7%] api/km3modules.common.MemoryObserver
reading sources... [  8%] api/km3modules.common.StatusBar
reading sources... [  9%] api/km3modules.common.Wrap
reading sources... [  9%] api/km3modules.k40.CoincidenceFinder
reading sources... [ 10%] api/km3modules.k40.IntraDOMCalibrator
reading sources... [ 11%] api/km3modules.k40.calculate_angles
reading sources... [ 12%] api/km3modules.k40.calculate_rms_means
reading sources... [ 13%] api/km3modules.k40.calculate_rms_rates
reading sources... [ 13%] api/km3modules.k40.calibrate_dom
reading sources... [ 14%] api/km3modules.k40.correct_means
reading sources... [ 15%] api/km3modules.k40.correct_rates
reading sources... [ 16%] api/km3modules.k40.fit_angular_distribution
reading sources... [ 17%] api/km3modules.k40.fit_delta_ts
reading sources... [ 18%] api/km3modules.k40.load_k40_coincidences_from_hdf5
reading sources... [ 18%] api/km3modules.k40.load_k40_coincidences_from_rootfile
reading sources... [ 19%] api/km3modules.k40.minimize_qes
reading sources... [ 20%] api/km3modules.k40.minimize_t0s
reading sources... [ 21%] api/km3modules.parser.CHParser
reading sources... [ 22%] api/km3modules.topology.TriggeredDUs
reading sources... [ 22%] api/km3pipe.cmd.detectors
reading sources... [ 23%] api/km3pipe.cmd.detx
reading sources... [ 24%] api/km3pipe.cmd.retrieve
reading sources... [ 25%] api/km3pipe.cmd.run_tests
reading sources... [ 26%] api/km3pipe.cmd.rundetsn
reading sources... [ 27%] api/km3pipe.cmd.runinfo
reading sources... [ 27%] api/km3pipe.cmd.runtable
reading sources... [ 28%] api/km3pipe.cmd.update_km3pipe
reading sources... [ 29%] api/km3pipe.core.AanetGeometry
reading sources... [ 30%] api/km3pipe.core.Blob
reading sources... [ 31%] api/km3pipe.core.Geometry
reading sources... [ 31%] api/km3pipe.core.Module
reading sources... [ 32%] api/km3pipe.core.Pipeline
reading sources... [ 33%] api/km3pipe.core.Pump
reading sources... [ 34%] api/km3pipe.core.Run
reading sources... [ 35%] api/km3pipe.dataclasses.EventInfo
reading sources... [ 36%] api/km3pipe.dataclasses.Hit
reading sources... [ 36%] api/km3pipe.dataclasses.HitSeries
reading sources... [ 37%] api/km3pipe.dataclasses.KM3Array
reading sources... [ 38%] api/km3pipe.dataclasses.KM3DataFrame
reading sources... [ 39%] api/km3pipe.dataclasses.McHit
reading sources... [ 40%] api/km3pipe.dataclasses.McHitSeries
reading sources... [ 40%] api/km3pipe.dataclasses.McTrack
reading sources... [ 41%] api/km3pipe.dataclasses.McTrackSeries
reading sources... [ 42%] api/km3pipe.dataclasses.RawHitSeries
reading sources... [ 43%] api/km3pipe.dataclasses.Track
reading sources... [ 44%] api/km3pipe.dataclasses.TrackSeries
reading sources... [ 45%] api/km3pipe.db.DBManager
reading sources... [ 45%] api/km3pipe.dev.camelise
reading sources... [ 46%] api/km3pipe.dev.decamelise
reading sources... [ 47%] api/km3pipe.dev.deprecated
reading sources... [ 48%] api/km3pipe.dev.split
reading sources... [ 49%] api/km3pipe.dev.unpack_nfirst
reading sources... [ 50%] api/km3pipe.hardware.Detector
reading sources... [ 50%] api/km3pipe.hardware.PMT
reading sources... [ 51%] api/km3pipe.io.AanetPump
reading sources... [ 52%] api/km3pipe.io.CHPump
reading sources... [ 53%] api/km3pipe.io.CLBPump
reading sources... [ 54%] api/km3pipe.io.DAQPump
reading sources... [ 54%] api/km3pipe.io.EvtPump
reading sources... [ 55%] api/km3pipe.io.GenericPump
reading sources... [ 56%] api/km3pipe.io.H5Chain
reading sources... [ 57%] api/km3pipe.io.HDF5Pump
reading sources... [ 58%] api/km3pipe.io.HDF5Sink
reading sources... [ 59%] api/km3pipe.io.JPPPump
reading sources... [ 59%] api/km3pipe.io.PicklePump
reading sources... [ 60%] api/km3pipe.io.df_to_h5
reading sources... [ 61%] api/km3pipe.io.read_hdf5
reading sources... [ 62%] api/km3pipe.io.write_table
reading sources... [ 63%] api/km3pipe.logger.LogIO
reading sources... [ 63%] api/km3pipe.mc.geant2pdg
reading sources... [ 64%] api/km3pipe.mc.name2pdg
reading sources... [ 65%] api/km3pipe.mc.pdg2name
reading sources... [ 66%] api/km3pipe.srv.ClientManager
reading sources... [ 67%] api/km3pipe.time.Cuckoo
reading sources... [ 68%] api/km3pipe.time.Timer
reading sources... [ 68%] api/km3pipe.time.tai_timestamp
reading sources... [ 69%] api/km3pipe.time.total_seconds
reading sources... [ 70%] api/km3pipe.tools.ifiles
reading sources... [ 71%] api/km3pipe.tools.irods_filepath
reading sources... [ 72%] api/km3pipe.tools.prettyln
reading sources... [ 72%] api/km3pipe.tools.token_urlsafe
reading sources... [ 73%] auto_examples/astro_orca
reading sources... [ 74%] auto_examples/h5_ant
reading sources... [ 75%] auto_examples/index
reading sources... [ 76%] auto_examples/misc/elog-slack
reading sources... [ 77%] auto_examples/monitoring/io_monit
reading sources... [ 77%] auto_examples/monitoring/k40_calibration
reading sources... [ 78%] auto_examples/monitoring/ligier_mirror
reading sources... [ 79%] auto_examples/network/logio
reading sources... [ 80%] auto_examples/network/udp_dispatcher
reading sources... [ 81%] auto_examples/plot_colourmap_pitfalls
reading sources... [ 81%] auto_examples/plot_convex_hull
reading sources... [ 82%] auto_examples/plot_dom_hits
reading sources... [ 83%] auto_examples/plot_fitting_dists
reading sources... [ 84%] auto_examples/plot_tot_histogram
reading sources... [ 85%] auto_examples/realtime_analysis/event_dumper
reading sources... [ 86%] changelog
reading sources... [ 86%] cmd
reading sources... [ 87%] contribute
reading sources... [ 88%] datastructures
reading sources... [ 89%] db
reading sources... [ 90%] dev
reading sources... [ 90%] doc
reading sources... [ 91%] examples
reading sources... [ 92%] hdf5
reading sources... [ 93%] index
reading sources... [ 94%] install
reading sources... [ 95%] logging
reading sources... [ 95%] notebooks/hdf5_convert.md
reading sources... [ 96%] notebooks/pandas_read.md
reading sources... [ 97%] pipeline
reading sources... [ 98%] summary
reading sources... [ 99%] table
reading sources... [100%] user_guide

/home/moritz/.venv/km3/lib/python3.6/site-packages/sphinx/util/compat.py:40: RemovedInSphinx17Warning: sphinx.util.compat.Directive is deprecated and will be removed in Sphinx 1.7, please use docutils' instead.
  RemovedInSphinx17Warning)
/home/moritz/.venv/km3/lib/python3.6/site-packages/statsmodels/compat/pandas.py:56: FutureWarning: The pandas.core.datetools module is deprecated and will be removed in a future version. Please use the pandas.tseries module instead.
  from pandas.core import datetools
WARNING: /home/moritz/pkg/km3pipe/docs/cmd.rst:17: (ERROR/3) Unknown directive type "command-output".

.. command-output:: km3pipe --help
   :shell:
auto_examples/index.rst:153: WARNING: duplicate label misc_examples, other instance in /home/moritz/pkg/km3pipe/docs/auto_examples/index.rst
auto_examples/index.rst:185: WARNING: duplicate label monitoring_examples, other instance in /home/moritz/pkg/km3pipe/docs/auto_examples/index.rst
auto_examples/index.rst:257: WARNING: duplicate label network_examples, other instance in /home/moritz/pkg/km3pipe/docs/auto_examples/index.rst
auto_examples/index.rst:309: WARNING: duplicate label realtime_examples, other instance in /home/moritz/pkg/km3pipe/docs/auto_examples/index.rst
looking for now-outdated files... none found
pickling environment... done
checking consistency... done
preparing documents... done
writing output... [  0%] api
writing output... [  1%] api/km3modules.common.BlobIndexer
writing output... [  2%] api/km3modules.common.Cut
writing output... [  3%] api/km3modules.common.Delete
writing output... [  4%] api/km3modules.common.Dump
writing output... [  4%] api/km3modules.common.GetAngle
writing output... [  5%] api/km3modules.common.HitCounter
writing output... [  6%] api/km3modules.common.Keep
writing output... [  7%] api/km3modules.common.MemoryObserver
writing output... [  8%] api/km3modules.common.StatusBar
writing output... [  9%] api/km3modules.common.Wrap
writing output... [  9%] api/km3modules.k40.CoincidenceFinder
writing output... [ 10%] api/km3modules.k40.IntraDOMCalibrator
writing output... [ 11%] api/km3modules.k40.calculate_angles
writing output... [ 12%] api/km3modules.k40.calculate_rms_means
writing output... [ 13%] api/km3modules.k40.calculate_rms_rates
writing output... [ 13%] api/km3modules.k40.calibrate_dom
writing output... [ 14%] api/km3modules.k40.correct_means
writing output... [ 15%] api/km3modules.k40.correct_rates
writing output... [ 16%] api/km3modules.k40.fit_angular_distribution
writing output... [ 17%] api/km3modules.k40.fit_delta_ts
writing output... [ 18%] api/km3modules.k40.load_k40_coincidences_from_hdf5
writing output... [ 18%] api/km3modules.k40.load_k40_coincidences_from_rootfile
writing output... [ 19%] api/km3modules.k40.minimize_qes
writing output... [ 20%] api/km3modules.k40.minimize_t0s
writing output... [ 21%] api/km3modules.parser.CHParser
writing output... [ 22%] api/km3modules.topology.TriggeredDUs
writing output... [ 22%] api/km3pipe.cmd.detectors
writing output... [ 23%] api/km3pipe.cmd.detx
writing output... [ 24%] api/km3pipe.cmd.retrieve
writing output... [ 25%] api/km3pipe.cmd.run_tests
writing output... [ 26%] api/km3pipe.cmd.rundetsn
writing output... [ 27%] api/km3pipe.cmd.runinfo
writing output... [ 27%] api/km3pipe.cmd.runtable
writing output... [ 28%] api/km3pipe.cmd.update_km3pipe
writing output... [ 29%] api/km3pipe.core.AanetGeometry
writing output... [ 30%] api/km3pipe.core.Blob
writing output... [ 31%] api/km3pipe.core.Geometry
writing output... [ 31%] api/km3pipe.core.Module
writing output... [ 32%] api/km3pipe.core.Pipeline
writing output... [ 33%] api/km3pipe.core.Pump
writing output... [ 34%] api/km3pipe.core.Run
writing output... [ 35%] api/km3pipe.dataclasses.EventInfo
writing output... [ 36%] api/km3pipe.dataclasses.Hit
writing output... [ 36%] api/km3pipe.dataclasses.HitSeries
writing output... [ 37%] api/km3pipe.dataclasses.KM3Array
writing output... [ 38%] api/km3pipe.dataclasses.KM3DataFrame
writing output... [ 39%] api/km3pipe.dataclasses.McHit
writing output... [ 40%] api/km3pipe.dataclasses.McHitSeries
writing output... [ 40%] api/km3pipe.dataclasses.McTrack
writing output... [ 41%] api/km3pipe.dataclasses.McTrackSeries
writing output... [ 42%] api/km3pipe.dataclasses.RawHitSeries
writing output... [ 43%] api/km3pipe.dataclasses.Track
writing output... [ 44%] api/km3pipe.dataclasses.TrackSeries
writing output... [ 45%] api/km3pipe.db.DBManager
writing output... [ 45%] api/km3pipe.dev.camelise
writing output... [ 46%] api/km3pipe.dev.decamelise
writing output... [ 47%] api/km3pipe.dev.deprecated
writing output... [ 48%] api/km3pipe.dev.split
writing output... [ 49%] api/km3pipe.dev.unpack_nfirst
writing output... [ 50%] api/km3pipe.hardware.Detector
writing output... [ 50%] api/km3pipe.hardware.PMT
writing output... [ 51%] api/km3pipe.io.AanetPump
writing output... [ 52%] api/km3pipe.io.CHPump
writing output... [ 53%] api/km3pipe.io.CLBPump
writing output... [ 54%] api/km3pipe.io.DAQPump
writing output... [ 54%] api/km3pipe.io.EvtPump
writing output... [ 55%] api/km3pipe.io.GenericPump
writing output... [ 56%] api/km3pipe.io.H5Chain
writing output... [ 57%] api/km3pipe.io.HDF5Pump
writing output... [ 58%] api/km3pipe.io.HDF5Sink
writing output... [ 59%] api/km3pipe.io.JPPPump
writing output... [ 59%] api/km3pipe.io.PicklePump
writing output... [ 60%] api/km3pipe.io.df_to_h5
writing output... [ 61%] api/km3pipe.io.read_hdf5
writing output... [ 62%] api/km3pipe.io.write_table
writing output... [ 63%] api/km3pipe.logger.LogIO
writing output... [ 63%] api/km3pipe.mc.geant2pdg
writing output... [ 64%] api/km3pipe.mc.name2pdg
writing output... [ 65%] api/km3pipe.mc.pdg2name
writing output... [ 66%] api/km3pipe.srv.ClientManager
writing output... [ 67%] api/km3pipe.time.Cuckoo
writing output... [ 68%] api/km3pipe.time.Timer
writing output... [ 68%] api/km3pipe.time.tai_timestamp
writing output... [ 69%] api/km3pipe.time.total_seconds
writing output... [ 70%] api/km3pipe.tools.ifiles
writing output... [ 71%] api/km3pipe.tools.irods_filepath
writing output... [ 72%] api/km3pipe.tools.prettyln
writing output... [ 72%] api/km3pipe.tools.token_urlsafe
writing output... [ 73%] auto_examples/astro_orca
writing output... [ 74%] auto_examples/h5_ant
writing output... [ 75%] auto_examples/index
writing output... [ 76%] auto_examples/misc/elog-slack
writing output... [ 77%] auto_examples/monitoring/io_monit
writing output... [ 77%] auto_examples/monitoring/k40_calibration
writing output... [ 78%] auto_examples/monitoring/ligier_mirror
writing output... [ 79%] auto_examples/network/logio
writing output... [ 80%] auto_examples/network/udp_dispatcher
writing output... [ 81%] auto_examples/plot_colourmap_pitfalls
writing output... [ 81%] auto_examples/plot_convex_hull
writing output... [ 82%] auto_examples/plot_dom_hits
writing output... [ 83%] auto_examples/plot_fitting_dists
writing output... [ 84%] auto_examples/plot_tot_histogram
writing output... [ 85%] auto_examples/realtime_analysis/event_dumper
writing output... [ 86%] changelog
writing output... [ 86%] cmd
writing output... [ 87%] contribute
writing output... [ 88%] datastructures
writing output... [ 89%] db
writing output... [ 90%] dev
writing output... [ 90%] doc
writing output... [ 91%] examples
writing output... [ 92%] hdf5
writing output... [ 93%] index
writing output... [ 94%] install
writing output... [ 95%] logging
writing output... [ 95%] notebooks/hdf5_convert.md
writing output... [ 96%] notebooks/pandas_read.md
writing output... [ 97%] pipeline
writing output... [ 98%] summary
writing output... [ 99%] table
writing output... [100%] user_guide

/home/moritz/pkg/km3pipe/docs/pipeline.rst:23: WARNING: Pygments lexer name 'python\n:linenos:' is not known
generating indices... genindex py-modindex
highlighting module code... [  4%] km3modules.common
highlighting module code... [  8%] km3pipe.core
highlighting module code... [ 12%] km3modules.k40
highlighting module code... [ 16%] km3modules.parser
highlighting module code... [ 20%] km3modules.topology
highlighting module code... [ 24%] km3pipe.cmd
highlighting module code... [ 28%] km3pipe.dataclasses
highlighting module code... [ 32%] km3pipe.db
highlighting module code... [ 36%] km3pipe.dev
highlighting module code... [ 40%] km3pipe.hardware
highlighting module code... [ 44%] km3pipe.io.aanet
highlighting module code... [ 48%] km3pipe.io.ch
highlighting module code... [ 52%] km3pipe.io.clb
highlighting module code... [ 56%] km3pipe.io.daq
highlighting module code... [ 60%] km3pipe.io.evt
highlighting module code... [ 64%] km3pipe.io
highlighting module code... [ 68%] km3pipe.io.pandas
highlighting module code... [ 72%] km3pipe.io.hdf5
highlighting module code... [ 76%] km3pipe.io.jpp
highlighting module code... [ 80%] km3pipe.io.pickle
highlighting module code... [ 84%] km3pipe.logger
highlighting module code... [ 88%] km3pipe.mc
highlighting module code... [ 92%] km3pipe.srv
highlighting module code... [ 96%] km3pipe.time
highlighting module code... [100%] km3pipe.tools

writing additional pages... search
copying images... [  3%] auto_examples/images/thumb/sphx_glr_h5_ant_thumb.png
copying images... [  7%] auto_examples/images/thumb/sphx_glr_plot_tot_histogram_thumb.png
copying images... [ 11%] auto_examples/images/thumb/sphx_glr_plot_convex_hull_thumb.png
copying images... [ 15%] auto_examples/images/thumb/sphx_glr_plot_colourmap_pitfalls_thumb.png
copying images... [ 19%] auto_examples/images/thumb/sphx_glr_astro_orca_thumb.png
copying images... [ 23%] auto_examples/images/thumb/sphx_glr_plot_dom_hits_thumb.png
copying images... [ 26%] auto_examples/images/thumb/sphx_glr_plot_fitting_dists_thumb.png
copying images... [ 30%] auto_examples/misc/images/thumb/sphx_glr_elog-slack_thumb.png
copying images... [ 34%] auto_examples/monitoring/images/thumb/sphx_glr_io_monit_thumb.png
copying images... [ 38%] auto_examples/monitoring/images/thumb/sphx_glr_ligier_mirror_thumb.png
copying images... [ 42%] auto_examples/monitoring/images/thumb/sphx_glr_k40_calibration_thumb.png
copying images... [ 46%] auto_examples/network/images/thumb/sphx_glr_udp_dispatcher_thumb.png
copying images... [ 50%] auto_examples/network/images/thumb/sphx_glr_logio_thumb.png
copying images... [ 53%] auto_examples/realtime_analysis/images/thumb/sphx_glr_event_dumper_thumb.png
copying images... [ 57%] auto_examples/images/sphx_glr_plot_colourmap_pitfalls_001.png
copying images... [ 61%] auto_examples/images/sphx_glr_plot_convex_hull_001.png
copying images... [ 65%] auto_examples/images/sphx_glr_plot_convex_hull_002.png
copying images... [ 69%] auto_examples/images/sphx_glr_plot_dom_hits_001.png
copying images... [ 73%] auto_examples/images/sphx_glr_plot_fitting_dists_001.png
copying images... [ 76%] auto_examples/images/sphx_glr_plot_fitting_dists_002.png
copying images... [ 80%] auto_examples/images/sphx_glr_plot_fitting_dists_003.png
copying images... [ 84%] auto_examples/images/sphx_glr_plot_fitting_dists_004.png
copying images... [ 88%] auto_examples/images/sphx_glr_plot_fitting_dists_005.png
copying images... [ 92%] auto_examples/images/sphx_glr_plot_fitting_dists_006.png
copying images... [ 96%] auto_examples/images/sphx_glr_plot_tot_histogram_001.png
copying images... [100%] _static/PipeInspector_Screenshot.png

copying downloadable files... [  3%] auto_examples/astro_orca.py
copying downloadable files... [  6%] auto_examples/astro_orca.ipynb
copying downloadable files... [ 10%] auto_examples/h5_ant.py
copying downloadable files... [ 13%] auto_examples/h5_ant.ipynb
copying downloadable files... [ 16%] auto_examples/auto_examples_python.zip
copying downloadable files... [ 20%] auto_examples/auto_examples_jupyter.zip
copying downloadable files... [ 23%] auto_examples/misc/elog-slack.py
copying downloadable files... [ 26%] auto_examples/misc/elog-slack.ipynb
copying downloadable files... [ 30%] auto_examples/monitoring/io_monit.py
copying downloadable files... [ 33%] auto_examples/monitoring/io_monit.ipynb
copying downloadable files... [ 36%] auto_examples/monitoring/k40_calibration.py
copying downloadable files... [ 40%] auto_examples/monitoring/k40_calibration.ipynb
copying downloadable files... [ 43%] auto_examples/monitoring/ligier_mirror.py
copying downloadable files... [ 46%] auto_examples/monitoring/ligier_mirror.ipynb
copying downloadable files... [ 50%] auto_examples/network/logio.py
copying downloadable files... [ 53%] auto_examples/network/logio.ipynb
copying downloadable files... [ 56%] auto_examples/network/udp_dispatcher.py
copying downloadable files... [ 60%] auto_examples/network/udp_dispatcher.ipynb
copying downloadable files... [ 63%] auto_examples/plot_colourmap_pitfalls.py
copying downloadable files... [ 66%] auto_examples/plot_colourmap_pitfalls.ipynb
copying downloadable files... [ 70%] auto_examples/plot_convex_hull.py
copying downloadable files... [ 73%] auto_examples/plot_convex_hull.ipynb
copying downloadable files... [ 76%] auto_examples/plot_dom_hits.py
copying downloadable files... [ 80%] auto_examples/plot_dom_hits.ipynb
copying downloadable files... [ 83%] auto_examples/plot_fitting_dists.py
copying downloadable files... [ 86%] auto_examples/plot_fitting_dists.ipynb
copying downloadable files... [ 90%] auto_examples/plot_tot_histogram.py
copying downloadable files... [ 93%] auto_examples/plot_tot_histogram.ipynb
copying downloadable files... [ 96%] auto_examples/realtime_analysis/event_dumper.py
copying downloadable files... [100%] auto_examples/realtime_analysis/event_dumper.ipynb

copying static files... done
copying extra files... done
dumping search index in English (code: en) ... done
dumping object inventory... done
build succeeded, 6 warnings.
Embedding documentation hyperlinks in examples..
auto_examples[  6%] index.html
auto_examples[ 13%] plot_tot_histogram.html
auto_examples[ 20%] plot_dom_hits.html
auto_examples[ 26%] plot_colourmap_pitfalls.html
auto_examples[ 33%] plot_fitting_dists.html
auto_examples[ 40%] plot_convex_hull.html
auto_examples[ 46%] astro_orca.html
auto_examples[ 53%] h5_ant.html
auto_examples[ 60%] event_dumper.html
auto_examples[ 66%] logio.html
auto_examples[ 73%] udp_dispatcher.html
auto_examples[ 80%] k40_calibration.html
auto_examples[ 86%] ligier_mirror.html
auto_examples[ 93%] io_monit.html
auto_examples[100%] elog-slack.html

/home/moritz/.venv/km3/lib/python3.6/site-packages/sphinx/application.py:445: RemovedInSphinx17Warning: app.status_iterator() is now deprecated. Use sphinx.util.status_iterator() instead.
  RemovedInSphinx17Warning)

Build finished. The HTML pages are in _build/html.
