1.737999999999999901e+01
1.739000000000000057e+01
1.739999999999999858e+01
1.741000000000000014e+01
1.742000000000000171e+01
1.742999999999999972e+01
1.744000000000000128e+01
1.744999999999999929e+01
1.746000000000000085e+01
1.746999999999999886e+01
1.748000000000000043e+01
1.749000000000000199e+01
1.750000000000000000e+01
1.750999999999999801e+01
1.751999999999999957e+01
1.753000000000000114e+01
1.753999999999999915e+01
1.737999999999999901e+01
1.739000000000000057e+01
1.739999999999999858e+01
1.741000000000000014e+01
1.742000000000000171e+01
1.742999999999999972e+01
1.744000000000000128e+01
1.744999999999999929e+01
1.746000000000000085e+01
1.746999999999999886e+01
1.748000000000000043e+01
1.749000000000000199e+01
1.750000000000000000e+01
1.750999999999999801e+01
1.751999999999999957e+01
1.753000000000000114e+01
1.753999999999999915e+01
1.755000000000000071e+01
1.737999999999999901e+01
1.739000000000000057e+01
1.739999999999999858e+01
1.741000000000000014e+01
1.742000000000000171e+01
1.742999999999999972e+01
1.744000000000000128e+01
1.744999999999999929e+01
1.746000000000000085e+01
1.746999999999999886e+01
1.748000000000000043e+01
1.749000000000000199e+01
1.750000000000000000e+01
1.750999999999999801e+01
1.751999999999999957e+01
1.753000000000000114e+01
1.753999999999999915e+01
1.728999999999999915e+01
1.730000000000000071e+01
1.731000000000000227e+01
1.732000000000000028e+01
1.732999999999999829e+01
1.732999999999999829e+01
1.733999999999999986e+01
1.735000000000000142e+01
1.735999999999999943e+01
1.737000000000000099e+01
1.737999999999999901e+01
1.739000000000000057e+01
1.739999999999999858e+01
1.741000000000000014e+01
1.742000000000000171e+01
1.742999999999999972e+01
1.744000000000000128e+01
1.728999999999999915e+01
1.730000000000000071e+01
1.731000000000000227e+01
1.732000000000000028e+01
1.732999999999999829e+01
1.733999999999999986e+01
1.735000000000000142e+01
1.735999999999999943e+01
1.737000000000000099e+01
1.737999999999999901e+01
1.739000000000000057e+01
1.739999999999999858e+01
1.741000000000000014e+01
1.742000000000000171e+01
1.742999999999999972e+01
1.744000000000000128e+01
1.728999999999999915e+01
1.730000000000000071e+01
1.731000000000000227e+01
1.732000000000000028e+01
1.732999999999999829e+01
1.733999999999999986e+01
1.735000000000000142e+01
1.735999999999999943e+01
1.737000000000000099e+01
1.737999999999999901e+01
1.739000000000000057e+01
1.739999999999999858e+01
1.741000000000000014e+01
1.742000000000000171e+01
1.742999999999999972e+01
1.744000000000000128e+01
1.714999999999999858e+01
1.716000000000000014e+01
1.717000000000000171e+01
1.717999999999999972e+01
1.719000000000000128e+01
1.719999999999999929e+01
1.721000000000000085e+01
1.721999999999999886e+01
1.723000000000000043e+01
1.724000000000000199e+01
1.725000000000000000e+01
1.725999999999999801e+01
1.726999999999999957e+01
1.728000000000000114e+01
1.714999999999999858e+01
1.716000000000000014e+01
1.717000000000000171e+01
1.717999999999999972e+01
1.719000000000000128e+01
1.719999999999999929e+01
1.721000000000000085e+01
1.721999999999999886e+01
1.723000000000000043e+01
1.724000000000000199e+01
1.725000000000000000e+01
1.725999999999999801e+01
1.726999999999999957e+01
1.728000000000000114e+01
1.714999999999999858e+01
1.716000000000000014e+01
1.717000000000000171e+01
1.717999999999999972e+01
1.719000000000000128e+01
1.719999999999999929e+01
1.721000000000000085e+01
1.721999999999999886e+01
1.723000000000000043e+01
1.724000000000000199e+01
1.725000000000000000e+01
1.725999999999999801e+01
1.726999999999999957e+01
1.728000000000000114e+01
1.712999999999999901e+01
1.714000000000000057e+01
1.714999999999999858e+01
1.716000000000000014e+01
1.717000000000000171e+01
1.717999999999999972e+01
1.719000000000000128e+01
1.719999999999999929e+01
1.721000000000000085e+01
1.721999999999999886e+01
1.723000000000000043e+01
1.724000000000000199e+01
1.725000000000000000e+01
1.725999999999999801e+01
1.726999999999999957e+01
1.712999999999999901e+01
1.714000000000000057e+01
1.714999999999999858e+01
1.716000000000000014e+01
1.717000000000000171e+01
1.717999999999999972e+01
1.719000000000000128e+01
1.719999999999999929e+01
1.721000000000000085e+01
1.721999999999999886e+01
1.723000000000000043e+01
1.724000000000000199e+01
1.725000000000000000e+01
1.725999999999999801e+01
1.726999999999999957e+01
1.712999999999999901e+01
1.714000000000000057e+01
1.714999999999999858e+01
1.716000000000000014e+01
1.717000000000000171e+01
1.717999999999999972e+01
1.719000000000000128e+01
1.719999999999999929e+01
1.721000000000000085e+01
1.721999999999999886e+01
1.723000000000000043e+01
1.724000000000000199e+01
1.725000000000000000e+01
1.725999999999999801e+01
1.726999999999999957e+01
1.712999999999999901e+01
1.714000000000000057e+01
1.714999999999999858e+01
1.716000000000000014e+01
1.717000000000000171e+01
1.717999999999999972e+01
1.719000000000000128e+01
1.719999999999999929e+01
1.721000000000000085e+01
1.721999999999999886e+01
1.723000000000000043e+01
1.724000000000000199e+01
1.725000000000000000e+01
1.725999999999999801e+01
1.726999999999999957e+01
1.712999999999999901e+01
1.714000000000000057e+01
1.714999999999999858e+01
1.716000000000000014e+01
1.717000000000000171e+01
1.717999999999999972e+01
1.719000000000000128e+01
1.719999999999999929e+01
1.721000000000000085e+01
1.721999999999999886e+01
1.723000000000000043e+01
1.724000000000000199e+01
1.725000000000000000e+01
1.725999999999999801e+01
1.726999999999999957e+01
1.712999999999999901e+01
1.714000000000000057e+01
1.714999999999999858e+01
1.716000000000000014e+01
1.717000000000000171e+01
1.717999999999999972e+01
1.719000000000000128e+01
1.719999999999999929e+01
1.721000000000000085e+01
1.721999999999999886e+01
1.723000000000000043e+01
1.724000000000000199e+01
1.725000000000000000e+01
1.725999999999999801e+01
1.726999999999999957e+01
1.723000000000000043e+01
1.724000000000000199e+01
1.725000000000000000e+01
1.725999999999999801e+01
1.726999999999999957e+01
1.728000000000000114e+01
1.728999999999999915e+01
1.730000000000000071e+01
1.731000000000000227e+01
1.732000000000000028e+01
1.732999999999999829e+01
1.732999999999999829e+01
1.733999999999999986e+01
1.735000000000000142e+01
1.735999999999999943e+01
1.737000000000000099e+01
1.737999999999999901e+01
1.723000000000000043e+01
1.724000000000000199e+01
1.725000000000000000e+01
1.725999999999999801e+01
1.726999999999999957e+01
1.728000000000000114e+01
1.728999999999999915e+01
1.730000000000000071e+01
1.731000000000000227e+01
1.732000000000000028e+01
1.732999999999999829e+01
1.733999999999999986e+01
1.735000000000000142e+01
1.735999999999999943e+01
1.737000000000000099e+01
1.737999999999999901e+01
1.723000000000000043e+01
1.724000000000000199e+01
1.725000000000000000e+01
1.725999999999999801e+01
1.726999999999999957e+01
1.728000000000000114e+01
1.728999999999999915e+01
1.730000000000000071e+01
1.731000000000000227e+01
1.732000000000000028e+01
1.732999999999999829e+01
1.733999999999999986e+01
1.735000000000000142e+01
1.735999999999999943e+01
1.737000000000000099e+01
1.737999999999999901e+01
1.732000000000000028e+01
1.732999999999999829e+01
1.732999999999999829e+01
1.733999999999999986e+01
1.735000000000000142e+01
1.735999999999999943e+01
1.737000000000000099e+01
1.737999999999999901e+01
1.739000000000000057e+01
1.739999999999999858e+01
1.741000000000000014e+01
1.742000000000000171e+01
1.742999999999999972e+01
1.744000000000000128e+01
1.744999999999999929e+01
1.746000000000000085e+01
1.746999999999999886e+01
1.748000000000000043e+01
1.749000000000000199e+01
1.732000000000000028e+01
1.732999999999999829e+01
1.733999999999999986e+01
1.735000000000000142e+01
1.735999999999999943e+01
1.737000000000000099e+01
1.737999999999999901e+01
1.739000000000000057e+01
1.739999999999999858e+01
1.741000000000000014e+01
1.742000000000000171e+01
1.742999999999999972e+01
1.744000000000000128e+01
1.744999999999999929e+01
1.746000000000000085e+01
1.746999999999999886e+01
1.748000000000000043e+01
1.749000000000000199e+01
1.732000000000000028e+01
1.732999999999999829e+01
1.733999999999999986e+01
1.735000000000000142e+01
1.735999999999999943e+01
1.737000000000000099e+01
1.737999999999999901e+01
1.739000000000000057e+01
1.739999999999999858e+01
1.741000000000000014e+01
1.742000000000000171e+01
1.742999999999999972e+01
1.744000000000000128e+01
1.744999999999999929e+01
1.746000000000000085e+01
1.746999999999999886e+01
1.748000000000000043e+01
1.749000000000000199e+01
1.744999999999999929e+01
1.746000000000000085e+01
1.746999999999999886e+01
1.748000000000000043e+01
1.749000000000000199e+01
1.750000000000000000e+01
1.750999999999999801e+01
1.751999999999999957e+01
1.753000000000000114e+01
1.753999999999999915e+01
1.755000000000000071e+01
1.756000000000000227e+01
1.757000000000000028e+01
1.757999999999999829e+01
1.758999999999999986e+01
1.760000000000000142e+01
1.760999999999999943e+01
1.762000000000000099e+01
1.744999999999999929e+01
1.746000000000000085e+01
1.746999999999999886e+01
1.748000000000000043e+01
1.749000000000000199e+01
1.750000000000000000e+01
1.750999999999999801e+01
1.751999999999999957e+01
1.753000000000000114e+01
1.753999999999999915e+01
1.755000000000000071e+01
1.756000000000000227e+01
1.757000000000000028e+01
1.757999999999999829e+01
1.758999999999999986e+01
1.760000000000000142e+01
1.760999999999999943e+01
1.762000000000000099e+01
1.744999999999999929e+01
1.746000000000000085e+01
1.746999999999999886e+01
1.748000000000000043e+01
1.749000000000000199e+01
1.750000000000000000e+01
1.750999999999999801e+01
1.751999999999999957e+01
1.753000000000000114e+01
1.753999999999999915e+01
1.755000000000000071e+01
1.756000000000000227e+01
1.757000000000000028e+01
1.757999999999999829e+01
1.758999999999999986e+01
1.760000000000000142e+01
1.760999999999999943e+01
1.762000000000000099e+01
1.753000000000000114e+01
1.753999999999999915e+01
1.755000000000000071e+01
1.756000000000000227e+01
1.757000000000000028e+01
1.757999999999999829e+01
1.758999999999999986e+01
1.760000000000000142e+01
1.760999999999999943e+01
1.762000000000000099e+01
1.762999999999999901e+01
1.764000000000000057e+01
1.764999999999999858e+01
1.766000000000000014e+01
1.767000000000000171e+01
1.767999999999999972e+01
1.769000000000000128e+01
1.753000000000000114e+01
1.753999999999999915e+01
1.755000000000000071e+01
1.756000000000000227e+01
1.757000000000000028e+01
1.757999999999999829e+01
1.758999999999999986e+01
1.760000000000000142e+01
1.760999999999999943e+01
1.762000000000000099e+01
1.762999999999999901e+01
1.764000000000000057e+01
1.764999999999999858e+01
1.766000000000000014e+01
1.767000000000000171e+01
1.767999999999999972e+01
1.769000000000000128e+01
1.751999999999999957e+01
1.753000000000000114e+01
1.753999999999999915e+01
1.755000000000000071e+01
1.756000000000000227e+01
1.757000000000000028e+01
1.757999999999999829e+01
1.758999999999999986e+01
1.760000000000000142e+01
1.760999999999999943e+01
1.762000000000000099e+01
1.762999999999999901e+01
1.764000000000000057e+01
1.764999999999999858e+01
1.766000000000000014e+01
1.767000000000000171e+01
1.767999999999999972e+01
1.757000000000000028e+01
1.757999999999999829e+01
1.758999999999999986e+01
1.760000000000000142e+01
1.760999999999999943e+01
1.762000000000000099e+01
1.762999999999999901e+01
1.764000000000000057e+01
1.764999999999999858e+01
1.766000000000000014e+01
1.767000000000000171e+01
1.767999999999999972e+01
1.769000000000000128e+01
1.769999999999999929e+01
1.771000000000000085e+01
1.771999999999999886e+01
1.757000000000000028e+01
1.757999999999999829e+01
1.758999999999999986e+01
1.760000000000000142e+01
1.760999999999999943e+01
1.762000000000000099e+01
1.762999999999999901e+01
1.764000000000000057e+01
1.764999999999999858e+01
1.766000000000000014e+01
1.767000000000000171e+01
1.767999999999999972e+01
1.769000000000000128e+01
1.769999999999999929e+01
1.771000000000000085e+01
1.771999999999999886e+01
1.756000000000000227e+01
1.757000000000000028e+01
1.757999999999999829e+01
1.758999999999999986e+01
1.760000000000000142e+01
1.760999999999999943e+01
1.762000000000000099e+01
1.762999999999999901e+01
1.764000000000000057e+01
1.764999999999999858e+01
1.766000000000000014e+01
1.767000000000000171e+01
1.767999999999999972e+01
1.769000000000000128e+01
1.769999999999999929e+01
1.771000000000000085e+01
1.771999999999999886e+01
1.731000000000000227e+01
1.732000000000000028e+01
1.732999999999999829e+01
1.732999999999999829e+01
1.733999999999999986e+01
1.735000000000000142e+01
1.735999999999999943e+01
1.737000000000000099e+01
1.737999999999999901e+01
1.739000000000000057e+01
1.739999999999999858e+01
1.741000000000000014e+01
1.742000000000000171e+01
1.742999999999999972e+01
1.744000000000000128e+01
1.744999999999999929e+01
1.746000000000000085e+01
1.746999999999999886e+01
1.748000000000000043e+01
1.731000000000000227e+01
1.732000000000000028e+01
1.732999999999999829e+01
1.733999999999999986e+01
1.735000000000000142e+01
1.735999999999999943e+01
1.737000000000000099e+01
1.737999999999999901e+01
1.739000000000000057e+01
1.739999999999999858e+01
1.741000000000000014e+01
1.742000000000000171e+01
1.742999999999999972e+01
1.744000000000000128e+01
1.744999999999999929e+01
1.746000000000000085e+01
1.746999999999999886e+01
1.748000000000000043e+01
1.731000000000000227e+01
1.732000000000000028e+01
1.732999999999999829e+01
1.733999999999999986e+01
1.735000000000000142e+01
1.735999999999999943e+01
1.737000000000000099e+01
1.737999999999999901e+01
1.739000000000000057e+01
1.739999999999999858e+01
1.741000000000000014e+01
1.742000000000000171e+01
1.742999999999999972e+01
1.744000000000000128e+01
1.744999999999999929e+01
1.746000000000000085e+01
1.746999999999999886e+01
1.748000000000000043e+01
1.721000000000000085e+01
1.721999999999999886e+01
1.723000000000000043e+01
1.724000000000000199e+01
1.725000000000000000e+01
1.725999999999999801e+01
1.726999999999999957e+01
1.728000000000000114e+01
1.728999999999999915e+01
1.730000000000000071e+01
1.731000000000000227e+01
1.732000000000000028e+01
1.732999999999999829e+01
1.732999999999999829e+01
1.733999999999999986e+01
1.735000000000000142e+01
1.735999999999999943e+01
1.737000000000000099e+01
1.737999999999999901e+01
1.721000000000000085e+01
1.721999999999999886e+01
1.723000000000000043e+01
1.724000000000000199e+01
1.725000000000000000e+01
1.725999999999999801e+01
1.726999999999999957e+01
1.728000000000000114e+01
1.728999999999999915e+01
1.730000000000000071e+01
1.731000000000000227e+01
1.732000000000000028e+01
1.732999999999999829e+01
1.733999999999999986e+01
1.735000000000000142e+01
1.735999999999999943e+01
1.737000000000000099e+01
1.737999999999999901e+01
1.721000000000000085e+01
1.721999999999999886e+01
1.723000000000000043e+01
1.724000000000000199e+01
1.725000000000000000e+01
1.725999999999999801e+01
1.726999999999999957e+01
1.728000000000000114e+01
1.728999999999999915e+01
1.730000000000000071e+01
1.731000000000000227e+01
1.732000000000000028e+01
1.732999999999999829e+01
1.733999999999999986e+01
1.735000000000000142e+01
1.735999999999999943e+01
1.737000000000000099e+01
1.703999999999999915e+01
1.705000000000000071e+01
1.706000000000000227e+01
1.707000000000000028e+01
1.707999999999999829e+01
1.708999999999999986e+01
1.710000000000000142e+01
1.710999999999999943e+01
1.712000000000000099e+01
1.712999999999999901e+01
1.714000000000000057e+01
1.714999999999999858e+01
1.716000000000000014e+01
1.717000000000000171e+01
1.717999999999999972e+01
1.719000000000000128e+01
1.719999999999999929e+01
1.703999999999999915e+01
1.705000000000000071e+01
1.706000000000000227e+01
1.707000000000000028e+01
1.707999999999999829e+01
1.708999999999999986e+01
1.710000000000000142e+01
1.710999999999999943e+01
1.712000000000000099e+01
1.712999999999999901e+01
1.714000000000000057e+01
1.714999999999999858e+01
1.716000000000000014e+01
1.717000000000000171e+01
1.717999999999999972e+01
1.719000000000000128e+01
1.719999999999999929e+01
1.705000000000000071e+01
1.705000000000000071e+01
1.705000000000000071e+01
1.705000000000000071e+01
1.705000000000000071e+01
1.705000000000000071e+01
1.706000000000000227e+01
1.707000000000000028e+01
1.707999999999999829e+01
1.708999999999999986e+01
1.710000000000000142e+01
1.710999999999999943e+01
1.712000000000000099e+01
1.712999999999999901e+01
1.714000000000000057e+01
1.714999999999999858e+01
1.716000000000000014e+01
1.717000000000000171e+01
1.717999999999999972e+01
1.719000000000000128e+01
1.719999999999999929e+01
1.716000000000000014e+01
1.717000000000000171e+01
1.717999999999999972e+01
1.719000000000000128e+01
1.719999999999999929e+01
1.721000000000000085e+01
1.721999999999999886e+01
1.723000000000000043e+01
1.724000000000000199e+01
1.725000000000000000e+01
1.725999999999999801e+01
1.726999999999999957e+01
1.728000000000000114e+01
1.728999999999999915e+01
1.730000000000000071e+01
1.731000000000000227e+01
1.716000000000000014e+01
1.717000000000000171e+01
1.717999999999999972e+01
1.719000000000000128e+01
1.719999999999999929e+01
1.721000000000000085e+01
1.721999999999999886e+01
1.723000000000000043e+01
1.724000000000000199e+01
1.725000000000000000e+01
1.725999999999999801e+01
1.726999999999999957e+01
1.728000000000000114e+01
1.728999999999999915e+01
1.730000000000000071e+01
1.731000000000000227e+01
1.716000000000000014e+01
1.717000000000000171e+01
1.717999999999999972e+01
1.719000000000000128e+01
1.719999999999999929e+01
1.721000000000000085e+01
1.721999999999999886e+01
1.723000000000000043e+01
1.724000000000000199e+01
1.725000000000000000e+01
1.725999999999999801e+01
1.726999999999999957e+01
1.728000000000000114e+01
1.728999999999999915e+01
1.730000000000000071e+01
1.731000000000000227e+01
1.725000000000000000e+01
1.725999999999999801e+01
1.726999999999999957e+01
1.728000000000000114e+01
1.728999999999999915e+01
1.730000000000000071e+01
1.731000000000000227e+01
1.732000000000000028e+01
1.732999999999999829e+01
1.732999999999999829e+01
1.733999999999999986e+01
1.735000000000000142e+01
1.735999999999999943e+01
1.737000000000000099e+01
1.737999999999999901e+01
1.739000000000000057e+01
1.739999999999999858e+01
1.741000000000000014e+01
1.725000000000000000e+01
1.725999999999999801e+01
1.726999999999999957e+01
1.728000000000000114e+01
1.728999999999999915e+01
1.730000000000000071e+01
1.731000000000000227e+01
1.732000000000000028e+01
1.732999999999999829e+01
1.733999999999999986e+01
1.735000000000000142e+01
1.735999999999999943e+01
1.737000000000000099e+01
1.737999999999999901e+01
1.739000000000000057e+01
1.739999999999999858e+01
1.741000000000000014e+01
1.742000000000000171e+01
1.725000000000000000e+01
1.725999999999999801e+01
1.726999999999999957e+01
1.728000000000000114e+01
1.728999999999999915e+01
1.730000000000000071e+01
1.731000000000000227e+01
1.732000000000000028e+01
1.732999999999999829e+01
1.733999999999999986e+01
1.735000000000000142e+01
1.735999999999999943e+01
1.737000000000000099e+01
1.737999999999999901e+01
1.739000000000000057e+01
1.739999999999999858e+01
1.741000000000000014e+01
1.737000000000000099e+01
1.737999999999999901e+01
1.739000000000000057e+01
1.739999999999999858e+01
1.741000000000000014e+01
1.742000000000000171e+01
1.742999999999999972e+01
1.744000000000000128e+01
1.744999999999999929e+01
1.746000000000000085e+01
1.746999999999999886e+01
1.748000000000000043e+01
1.749000000000000199e+01
1.750000000000000000e+01
1.750999999999999801e+01
1.751999999999999957e+01
1.753000000000000114e+01
1.753999999999999915e+01
1.737000000000000099e+01
1.737999999999999901e+01
1.739000000000000057e+01
1.739999999999999858e+01
1.741000000000000014e+01
1.742000000000000171e+01
1.742999999999999972e+01
1.744000000000000128e+01
1.744999999999999929e+01
1.746000000000000085e+01
1.746999999999999886e+01
1.748000000000000043e+01
1.749000000000000199e+01
1.750000000000000000e+01
1.750999999999999801e+01
1.751999999999999957e+01
1.753000000000000114e+01
1.753999999999999915e+01
1.737000000000000099e+01
1.737999999999999901e+01
1.739000000000000057e+01
1.739999999999999858e+01
1.741000000000000014e+01
1.742000000000000171e+01
1.742999999999999972e+01
1.744000000000000128e+01
1.744999999999999929e+01
1.746000000000000085e+01
1.746999999999999886e+01
1.748000000000000043e+01
1.749000000000000199e+01
1.750000000000000000e+01
1.750999999999999801e+01
1.751999999999999957e+01
1.753000000000000114e+01
1.753999999999999915e+01
1.737000000000000099e+01
1.737999999999999901e+01
1.739000000000000057e+01
1.739999999999999858e+01
1.741000000000000014e+01
1.742000000000000171e+01
1.742999999999999972e+01
1.744000000000000128e+01
1.744999999999999929e+01
1.746000000000000085e+01
1.746999999999999886e+01
1.748000000000000043e+01
1.749000000000000199e+01
1.750000000000000000e+01
1.750999999999999801e+01
1.751999999999999957e+01
1.753000000000000114e+01
1.753999999999999915e+01
1.737000000000000099e+01
1.737999999999999901e+01
1.739000000000000057e+01
1.739999999999999858e+01
1.741000000000000014e+01
1.742000000000000171e+01
1.742999999999999972e+01
1.744000000000000128e+01
1.744999999999999929e+01
1.746000000000000085e+01
1.746999999999999886e+01
1.748000000000000043e+01
1.749000000000000199e+01
1.750000000000000000e+01
1.750999999999999801e+01
1.751999999999999957e+01
1.753000000000000114e+01
1.753999999999999915e+01
1.737000000000000099e+01
1.737999999999999901e+01
1.739000000000000057e+01
1.739999999999999858e+01
1.741000000000000014e+01
1.742000000000000171e+01
1.742999999999999972e+01
1.744000000000000128e+01
1.744999999999999929e+01
1.746000000000000085e+01
1.746999999999999886e+01
1.748000000000000043e+01
1.749000000000000199e+01
1.750000000000000000e+01
1.750999999999999801e+01
1.751999999999999957e+01
1.753000000000000114e+01
1.753999999999999915e+01
1.750000000000000000e+01
1.750999999999999801e+01
1.751999999999999957e+01
1.753000000000000114e+01
1.753999999999999915e+01
1.755000000000000071e+01
1.756000000000000227e+01
1.757000000000000028e+01
1.757999999999999829e+01
1.758999999999999986e+01
1.760000000000000142e+01
1.760999999999999943e+01
1.762000000000000099e+01
1.762999999999999901e+01
1.764000000000000057e+01
1.764999999999999858e+01
1.766000000000000014e+01
1.767000000000000171e+01
1.750999999999999801e+01
1.751999999999999957e+01
1.753000000000000114e+01
1.753999999999999915e+01
1.755000000000000071e+01
1.756000000000000227e+01
1.757000000000000028e+01
1.757999999999999829e+01
1.758999999999999986e+01
1.760000000000000142e+01
1.760999999999999943e+01
1.762000000000000099e+01
1.762999999999999901e+01
1.764000000000000057e+01
1.764999999999999858e+01
1.766000000000000014e+01
1.767000000000000171e+01
1.767999999999999972e+01
1.750000000000000000e+01
1.750999999999999801e+01
1.751999999999999957e+01
1.753000000000000114e+01
1.753999999999999915e+01
1.755000000000000071e+01
1.756000000000000227e+01
1.757000000000000028e+01
1.757999999999999829e+01
1.758999999999999986e+01
1.760000000000000142e+01
1.760999999999999943e+01
1.762000000000000099e+01
1.762999999999999901e+01
1.764000000000000057e+01
1.764999999999999858e+01
1.766000000000000014e+01
1.767000000000000171e+01
1.751999999999999957e+01
1.753000000000000114e+01
1.753999999999999915e+01
1.755000000000000071e+01
1.756000000000000227e+01
1.757000000000000028e+01
1.757999999999999829e+01
1.758999999999999986e+01
1.760000000000000142e+01
1.760999999999999943e+01
1.762000000000000099e+01
1.762999999999999901e+01
1.764000000000000057e+01
1.764999999999999858e+01
1.766000000000000014e+01
1.767000000000000171e+01
1.767999999999999972e+01
1.751999999999999957e+01
1.753000000000000114e+01
1.753999999999999915e+01
1.755000000000000071e+01
1.756000000000000227e+01
1.757000000000000028e+01
1.757999999999999829e+01
1.758999999999999986e+01
1.760000000000000142e+01
1.760999999999999943e+01
1.762000000000000099e+01
1.762999999999999901e+01
1.764000000000000057e+01
1.764999999999999858e+01
1.766000000000000014e+01
1.767000000000000171e+01
1.767999999999999972e+01
1.750999999999999801e+01
1.751999999999999957e+01
1.753000000000000114e+01
1.753999999999999915e+01
1.755000000000000071e+01
1.756000000000000227e+01
1.757000000000000028e+01
1.757999999999999829e+01
1.758999999999999986e+01
1.760000000000000142e+01
1.760999999999999943e+01
1.762000000000000099e+01
1.762999999999999901e+01
1.764000000000000057e+01
1.764999999999999858e+01
1.766000000000000014e+01
1.767000000000000171e+01
1.724000000000000199e+01
1.725000000000000000e+01
1.725999999999999801e+01
1.726999999999999957e+01
1.728000000000000114e+01
1.728999999999999915e+01
1.730000000000000071e+01
1.731000000000000227e+01
1.732000000000000028e+01
1.732999999999999829e+01
1.732999999999999829e+01
1.733999999999999986e+01
1.735000000000000142e+01
1.735999999999999943e+01
1.737000000000000099e+01
1.737999999999999901e+01
1.739000000000000057e+01
1.739999999999999858e+01
1.724000000000000199e+01
1.725000000000000000e+01
1.725999999999999801e+01
1.726999999999999957e+01
1.728000000000000114e+01
1.728999999999999915e+01
1.730000000000000071e+01
1.731000000000000227e+01
1.732000000000000028e+01
1.732999999999999829e+01
1.733999999999999986e+01
1.735000000000000142e+01
1.735999999999999943e+01
1.737000000000000099e+01
1.737999999999999901e+01
1.739000000000000057e+01
1.739999999999999858e+01
1.724000000000000199e+01
1.725000000000000000e+01
1.725999999999999801e+01
1.726999999999999957e+01
1.728000000000000114e+01
1.728999999999999915e+01
1.730000000000000071e+01
1.731000000000000227e+01
1.732000000000000028e+01
1.732999999999999829e+01
1.733999999999999986e+01
1.735000000000000142e+01
1.735999999999999943e+01
1.737000000000000099e+01
1.737999999999999901e+01
1.739000000000000057e+01
1.739999999999999858e+01
1.723000000000000043e+01
1.724000000000000199e+01
1.725000000000000000e+01
1.725999999999999801e+01
1.726999999999999957e+01
1.728000000000000114e+01
1.728999999999999915e+01
1.730000000000000071e+01
1.731000000000000227e+01
1.732000000000000028e+01
1.732999999999999829e+01
1.732999999999999829e+01
1.733999999999999986e+01
1.735000000000000142e+01
1.735999999999999943e+01
1.737000000000000099e+01
1.737999999999999901e+01
1.723000000000000043e+01
1.724000000000000199e+01
1.725000000000000000e+01
1.725999999999999801e+01
1.726999999999999957e+01
1.728000000000000114e+01
1.728999999999999915e+01
1.730000000000000071e+01
1.731000000000000227e+01
1.732000000000000028e+01
1.732999999999999829e+01
1.733999999999999986e+01
1.735000000000000142e+01
1.735999999999999943e+01
1.737000000000000099e+01
1.737999999999999901e+01
1.723000000000000043e+01
1.724000000000000199e+01
1.725000000000000000e+01
1.725999999999999801e+01
1.726999999999999957e+01
1.728000000000000114e+01
1.728999999999999915e+01
1.730000000000000071e+01
1.731000000000000227e+01
1.732000000000000028e+01
1.732999999999999829e+01
1.733999999999999986e+01
1.735000000000000142e+01
1.735999999999999943e+01
1.737000000000000099e+01
1.737999999999999901e+01
1.708999999999999986e+01
1.710000000000000142e+01
1.710999999999999943e+01
1.712000000000000099e+01
1.712999999999999901e+01
1.714000000000000057e+01
1.714999999999999858e+01
1.716000000000000014e+01
1.717000000000000171e+01
1.717999999999999972e+01
1.719000000000000128e+01
1.719999999999999929e+01
1.721000000000000085e+01
1.721999999999999886e+01
1.723000000000000043e+01
1.724000000000000199e+01
1.725000000000000000e+01
1.708999999999999986e+01
1.710000000000000142e+01
1.710999999999999943e+01
1.712000000000000099e+01
1.712999999999999901e+01
1.714000000000000057e+01
1.714999999999999858e+01
1.716000000000000014e+01
1.717000000000000171e+01
1.717999999999999972e+01
1.719000000000000128e+01
1.719999999999999929e+01
1.721000000000000085e+01
1.721999999999999886e+01
1.723000000000000043e+01
1.724000000000000199e+01
1.725000000000000000e+01
1.707000000000000028e+01
1.707999999999999829e+01
1.708999999999999986e+01
1.710000000000000142e+01
1.710999999999999943e+01
1.712000000000000099e+01
1.712999999999999901e+01
1.714000000000000057e+01
1.714999999999999858e+01
1.716000000000000014e+01
1.717000000000000171e+01
1.717999999999999972e+01
1.719000000000000128e+01
1.719999999999999929e+01
1.721000000000000085e+01
1.721999999999999886e+01
1.723000000000000043e+01
1.724000000000000199e+01
1.725000000000000000e+01
1.708999999999999986e+01
1.710000000000000142e+01
1.710999999999999943e+01
1.712000000000000099e+01
1.712999999999999901e+01
1.714000000000000057e+01
1.714999999999999858e+01
1.716000000000000014e+01
1.717000000000000171e+01
1.717999999999999972e+01
1.719000000000000128e+01
1.719999999999999929e+01
1.721000000000000085e+01
1.721999999999999886e+01
1.723000000000000043e+01
1.724000000000000199e+01
1.725000000000000000e+01
1.708999999999999986e+01
1.710000000000000142e+01
1.710999999999999943e+01
1.712000000000000099e+01
1.712999999999999901e+01
1.714000000000000057e+01
1.714999999999999858e+01
1.716000000000000014e+01
1.717000000000000171e+01
1.717999999999999972e+01
1.719000000000000128e+01
1.719999999999999929e+01
1.721000000000000085e+01
1.721999999999999886e+01
1.723000000000000043e+01
1.724000000000000199e+01
1.725000000000000000e+01
1.707000000000000028e+01
1.707999999999999829e+01
1.708999999999999986e+01
1.710000000000000142e+01
1.710999999999999943e+01
1.712000000000000099e+01
1.712999999999999901e+01
1.714000000000000057e+01
1.714999999999999858e+01
1.716000000000000014e+01
1.717000000000000171e+01
1.717999999999999972e+01
1.719000000000000128e+01
1.719999999999999929e+01
1.721000000000000085e+01
1.721999999999999886e+01
1.723000000000000043e+01
1.724000000000000199e+01
1.725000000000000000e+01
1.708999999999999986e+01
1.710000000000000142e+01
1.710999999999999943e+01
1.712000000000000099e+01
1.712999999999999901e+01
1.714000000000000057e+01
1.714999999999999858e+01
1.716000000000000014e+01
1.717000000000000171e+01
1.717999999999999972e+01
1.719000000000000128e+01
1.719999999999999929e+01
1.721000000000000085e+01
1.721999999999999886e+01
1.723000000000000043e+01
1.724000000000000199e+01
1.725000000000000000e+01
1.708999999999999986e+01
1.710000000000000142e+01
1.710999999999999943e+01
1.712000000000000099e+01
1.712999999999999901e+01
1.714000000000000057e+01
1.714999999999999858e+01
1.716000000000000014e+01
1.717000000000000171e+01
1.717999999999999972e+01
1.719000000000000128e+01
1.719999999999999929e+01
1.721000000000000085e+01
1.721999999999999886e+01
1.723000000000000043e+01
1.724000000000000199e+01
1.725000000000000000e+01
1.707000000000000028e+01
1.707999999999999829e+01
1.708999999999999986e+01
1.710000000000000142e+01
1.710999999999999943e+01
1.712000000000000099e+01
1.712999999999999901e+01
1.714000000000000057e+01
1.714999999999999858e+01
1.716000000000000014e+01
1.717000000000000171e+01
1.717999999999999972e+01
1.719000000000000128e+01
1.719999999999999929e+01
1.721000000000000085e+01
1.721999999999999886e+01
1.723000000000000043e+01
1.724000000000000199e+01
1.725000000000000000e+01
1.739000000000000057e+01
1.739999999999999858e+01
1.741000000000000014e+01
1.742000000000000171e+01
1.742999999999999972e+01
1.744000000000000128e+01
1.744999999999999929e+01
1.746000000000000085e+01
1.746999999999999886e+01
1.748000000000000043e+01
1.749000000000000199e+01
1.750000000000000000e+01
1.750999999999999801e+01
1.751999999999999957e+01
1.753000000000000114e+01
1.753999999999999915e+01
1.755000000000000071e+01
1.756000000000000227e+01
1.739000000000000057e+01
1.739999999999999858e+01
1.741000000000000014e+01
1.742000000000000171e+01
1.742999999999999972e+01
1.744000000000000128e+01
1.744999999999999929e+01
1.746000000000000085e+01
1.746999999999999886e+01
1.748000000000000043e+01
1.749000000000000199e+01
1.750000000000000000e+01
1.750999999999999801e+01
1.751999999999999957e+01
1.753000000000000114e+01
1.753999999999999915e+01
1.755000000000000071e+01
1.756000000000000227e+01
1.737999999999999901e+01
1.739000000000000057e+01
1.739999999999999858e+01
1.741000000000000014e+01
1.742000000000000171e+01
1.742999999999999972e+01
1.744000000000000128e+01
1.744999999999999929e+01
1.746000000000000085e+01
1.746999999999999886e+01
1.748000000000000043e+01
1.749000000000000199e+01
1.750000000000000000e+01
1.750999999999999801e+01
1.751999999999999957e+01
1.753000000000000114e+01
1.753999999999999915e+01
1.755000000000000071e+01
1.739999999999999858e+01
1.741000000000000014e+01
1.742000000000000171e+01
1.742999999999999972e+01
1.744000000000000128e+01
1.744999999999999929e+01
1.746000000000000085e+01
1.746999999999999886e+01
1.748000000000000043e+01
1.749000000000000199e+01
1.750000000000000000e+01
1.750999999999999801e+01
1.751999999999999957e+01
1.753000000000000114e+01
1.753999999999999915e+01
1.755000000000000071e+01
1.756000000000000227e+01
1.757000000000000028e+01
1.739999999999999858e+01
1.741000000000000014e+01
1.742000000000000171e+01
1.742999999999999972e+01
1.744000000000000128e+01
1.744999999999999929e+01
1.746000000000000085e+01
1.746999999999999886e+01
1.748000000000000043e+01
1.749000000000000199e+01
1.750000000000000000e+01
1.750999999999999801e+01
1.751999999999999957e+01
1.753000000000000114e+01
1.753999999999999915e+01
1.755000000000000071e+01
1.756000000000000227e+01
1.757000000000000028e+01
1.739999999999999858e+01
1.741000000000000014e+01
1.742000000000000171e+01
1.742999999999999972e+01
1.744000000000000128e+01
1.744999999999999929e+01
1.746000000000000085e+01
1.746999999999999886e+01
1.748000000000000043e+01
1.749000000000000199e+01
1.750000000000000000e+01
1.750999999999999801e+01
1.751999999999999957e+01
1.753000000000000114e+01
1.753999999999999915e+01
1.755000000000000071e+01
1.756000000000000227e+01
