1.317999999999999972e+01
1.319000000000000128e+01
1.320000000000000107e+01
1.321000000000000085e+01
1.322000000000000064e+01
1.323000000000000043e+01
1.324000000000000021e+01
1.325000000000000000e+01
1.325999999999999979e+01
1.327999999999999936e+01
1.331000000000000050e+01
1.321000000000000085e+01
1.322000000000000064e+01
1.323000000000000043e+01
1.324000000000000021e+01
1.325000000000000000e+01
1.325999999999999979e+01
1.327999999999999936e+01
1.328999999999999915e+01
1.331000000000000050e+01
1.313999999999999879e+01
1.314999999999999858e+01
1.316999999999999993e+01
1.317999999999999972e+01
1.319000000000000128e+01
1.320000000000000107e+01
1.321000000000000085e+01
1.322000000000000064e+01
1.323000000000000043e+01
1.324000000000000021e+01
1.325000000000000000e+01
1.325999999999999979e+01
1.327999999999999936e+01
1.331000000000000050e+01
1.317999999999999972e+01
1.319000000000000128e+01
1.320000000000000107e+01
1.321000000000000085e+01
1.322000000000000064e+01
1.323000000000000043e+01
1.324000000000000021e+01
1.325000000000000000e+01
1.325999999999999979e+01
1.327999999999999936e+01
1.328999999999999915e+01
1.331000000000000050e+01
1.317999999999999972e+01
1.319000000000000128e+01
1.320000000000000107e+01
1.321000000000000085e+01
1.322000000000000064e+01
1.323000000000000043e+01
1.324000000000000021e+01
1.325000000000000000e+01
1.325999999999999979e+01
1.327999999999999936e+01
1.328999999999999915e+01
1.331000000000000050e+01
1.322000000000000064e+01
1.323000000000000043e+01
1.324000000000000021e+01
1.325999999999999979e+01
1.327999999999999936e+01
1.328999999999999915e+01
1.331000000000000050e+01
1.323000000000000043e+01
1.324000000000000021e+01
1.325999999999999979e+01
1.327999999999999936e+01
1.328999999999999915e+01
1.331000000000000050e+01
1.325999999999999979e+01
1.326999999999999957e+01
1.327999999999999936e+01
1.328999999999999915e+01
1.329999999999999893e+01
1.331000000000000050e+01
1.316999999999999993e+01
1.325999999999999979e+01
1.326999999999999957e+01
1.327999999999999936e+01
1.328999999999999915e+01
1.329999999999999893e+01
1.331000000000000050e+01
1.316999999999999993e+01
1.323000000000000043e+01
1.324000000000000021e+01
1.325999999999999979e+01
1.327999999999999936e+01
1.328999999999999915e+01
1.331000000000000050e+01
1.317999999999999972e+01
1.319000000000000128e+01
1.320000000000000107e+01
1.321000000000000085e+01
1.322000000000000064e+01
1.323000000000000043e+01
1.324000000000000021e+01
1.325000000000000000e+01
1.325999999999999979e+01
1.327999999999999936e+01
1.328999999999999915e+01
1.331000000000000050e+01
1.317999999999999972e+01
1.319000000000000128e+01
1.320000000000000107e+01
1.321000000000000085e+01
1.322000000000000064e+01
1.323000000000000043e+01
1.324000000000000021e+01
1.325000000000000000e+01
1.325999999999999979e+01
1.327999999999999936e+01
1.328999999999999915e+01
1.316000000000000014e+01
1.331000000000000050e+01
1.321000000000000085e+01
1.322000000000000064e+01
1.323000000000000043e+01
1.324000000000000021e+01
1.325000000000000000e+01
1.325999999999999979e+01
1.327999999999999936e+01
1.328999999999999915e+01
1.331000000000000050e+01
1.316999999999999993e+01
1.321000000000000085e+01
1.322000000000000064e+01
1.323000000000000043e+01
1.324000000000000021e+01
1.325999999999999979e+01
1.327999999999999936e+01
1.328999999999999915e+01
1.331000000000000050e+01
1.314999999999999858e+01
1.316000000000000014e+01
1.316999999999999993e+01
1.317999999999999972e+01
1.319000000000000128e+01
1.320000000000000107e+01
1.321000000000000085e+01
1.322000000000000064e+01
1.323000000000000043e+01
1.324000000000000021e+01
1.325000000000000000e+01
1.325999999999999979e+01
1.326999999999999957e+01
1.327999999999999936e+01
1.328999999999999915e+01
1.329999999999999893e+01
1.332000000000000028e+01
1.333000000000000007e+01
1.334999999999999964e+01
1.316999999999999993e+01
1.317999999999999972e+01
1.319000000000000128e+01
1.320000000000000107e+01
1.321000000000000085e+01
1.322000000000000064e+01
1.323000000000000043e+01
1.324000000000000021e+01
1.325000000000000000e+01
1.325999999999999979e+01
1.326999999999999957e+01
1.327999999999999936e+01
1.328999999999999915e+01
1.329999999999999893e+01
1.331000000000000050e+01
1.332000000000000028e+01
1.333000000000000007e+01
1.334999999999999964e+01
