2.048000000000000043e+01
2.048399999999999821e+01
2.048799999999999955e+01
2.049200000000000088e+01
2.049600000000000222e+01
2.050000000000000000e+01
2.050399999999999778e+01
2.050799999999999912e+01
2.051200000000000045e+01
2.051600000000000179e+01
2.051999999999999957e+01
2.052399999999999736e+01
2.052800000000000225e+01
2.053200000000000003e+01
2.053600000000000136e+01
2.053999999999999915e+01
2.054399999999999693e+01
2.054800000000000182e+01
2.054800000000000182e+01
2.055199999999999960e+01
2.055600000000000094e+01
2.055999999999999872e+01
2.056400000000000006e+01
2.056800000000000139e+01
2.057199999999999918e+01
2.057600000000000051e+01
2.057999999999999829e+01
2.057999999999999829e+01
2.058400000000000318e+01
2.058800000000000097e+01
2.059199999999999875e+01
2.059600000000000009e+01
2.059999999999999787e+01
2.060400000000000276e+01
2.060800000000000054e+01
2.093999999999999773e+01
2.094400000000000261e+01
2.094800000000000040e+01
2.095199999999999818e+01
2.095599999999999952e+01
2.096000000000000085e+01
2.096400000000000219e+01
2.096799999999999997e+01
2.097199999999999775e+01
2.097599999999999909e+01
2.097599999999999909e+01
2.098000000000000043e+01
2.098000000000000043e+01
2.098400000000000176e+01
2.098799999999999955e+01
2.099200000000000088e+01
2.099599999999999866e+01
2.100000000000000000e+01
2.100400000000000134e+01
2.100799999999999912e+01
2.101200000000000045e+01
2.101600000000000179e+01
2.101999999999999957e+01
2.102400000000000091e+01
2.102799999999999869e+01
2.103200000000000003e+01
2.103600000000000136e+01
2.103999999999999915e+01
2.104400000000000048e+01
2.104799999999999827e+01
2.105199999999999960e+01
2.105600000000000094e+01
2.106000000000000227e+01
2.106400000000000006e+01
2.106799999999999784e+01
2.107199999999999918e+01
2.107600000000000051e+01
2.082000000000000028e+01
2.082399999999999807e+01
2.082799999999999940e+01
2.083200000000000074e+01
2.083599999999999852e+01
2.083999999999999986e+01
2.084399999999999764e+01
2.084800000000000253e+01
2.085200000000000031e+01
2.085600000000000165e+01
2.085999999999999943e+01
2.086399999999999721e+01
2.086800000000000210e+01
2.087199999999999989e+01
2.087600000000000122e+01
2.087999999999999901e+01
2.088400000000000034e+01
2.088800000000000168e+01
2.089199999999999946e+01
2.089600000000000080e+01
2.089999999999999858e+01
2.090399999999999991e+01
2.090800000000000125e+01
2.091199999999999903e+01
2.091600000000000037e+01
2.091999999999999815e+01
2.092400000000000304e+01
2.092800000000000082e+01
2.093199999999999861e+01
2.093599999999999994e+01
2.093999999999999773e+01
2.093999999999999773e+01
2.094400000000000261e+01
2.094800000000000040e+01
2.095199999999999818e+01
2.095599999999999952e+01
2.096000000000000085e+01
2.096400000000000219e+01
2.077200000000000202e+01
2.077599999999999980e+01
2.078000000000000114e+01
2.078399999999999892e+01
2.078800000000000026e+01
2.079200000000000159e+01
2.079599999999999937e+01
2.080000000000000071e+01
2.080399999999999849e+01
2.080799999999999983e+01
2.081200000000000117e+01
2.081599999999999895e+01
2.082000000000000028e+01
2.082399999999999807e+01
2.082799999999999940e+01
2.083200000000000074e+01
2.083599999999999852e+01
2.083999999999999986e+01
2.084399999999999764e+01
2.084800000000000253e+01
2.085200000000000031e+01
2.085600000000000165e+01
2.085999999999999943e+01
2.086399999999999721e+01
2.086800000000000210e+01
2.087199999999999989e+01
2.087600000000000122e+01
2.087999999999999901e+01
2.088400000000000034e+01
2.088800000000000168e+01
2.089199999999999946e+01
2.089600000000000080e+01
2.089999999999999858e+01
2.090399999999999991e+01
2.090800000000000125e+01
2.075199999999999889e+01
2.075600000000000023e+01
2.076000000000000156e+01
2.076399999999999935e+01
2.076799999999999713e+01
2.077200000000000202e+01
2.077599999999999980e+01
2.078000000000000114e+01
2.078399999999999892e+01
2.078800000000000026e+01
2.079200000000000159e+01
2.079599999999999937e+01
2.080000000000000071e+01
2.080399999999999849e+01
2.080799999999999983e+01
2.081200000000000117e+01
2.081599999999999895e+01
2.082000000000000028e+01
2.082399999999999807e+01
2.082799999999999940e+01
2.083200000000000074e+01
2.083599999999999852e+01
2.083999999999999986e+01
2.084399999999999764e+01
2.084800000000000253e+01
2.085200000000000031e+01
2.085600000000000165e+01
2.085999999999999943e+01
2.086399999999999721e+01
2.086800000000000210e+01
2.087199999999999989e+01
2.087600000000000122e+01
2.087999999999999901e+01
2.072400000000000020e+01
2.072799999999999798e+01
2.072799999999999798e+01
2.073199999999999932e+01
2.073600000000000065e+01
2.074000000000000199e+01
2.074399999999999977e+01
2.074799999999999756e+01
2.075199999999999889e+01
2.075600000000000023e+01
2.076000000000000156e+01
2.076399999999999935e+01
2.076799999999999713e+01
2.077200000000000202e+01
2.077599999999999980e+01
2.078000000000000114e+01
2.078399999999999892e+01
2.078800000000000026e+01
2.079200000000000159e+01
2.079599999999999937e+01
2.080000000000000071e+01
2.080399999999999849e+01
2.080799999999999983e+01
2.081200000000000117e+01
2.081599999999999895e+01
2.082000000000000028e+01
2.082399999999999807e+01
2.082799999999999940e+01
2.083200000000000074e+01
2.083599999999999852e+01
2.083999999999999986e+01
2.084399999999999764e+01
2.084800000000000253e+01
2.085200000000000031e+01
2.071199999999999974e+01
2.071600000000000108e+01
2.072000000000000242e+01
2.072400000000000020e+01
2.072799999999999798e+01
2.072799999999999798e+01
2.073199999999999932e+01
2.073600000000000065e+01
2.074000000000000199e+01
2.074399999999999977e+01
2.074799999999999756e+01
2.075199999999999889e+01
2.075600000000000023e+01
2.076000000000000156e+01
2.076399999999999935e+01
2.076799999999999713e+01
2.077200000000000202e+01
2.077599999999999980e+01
2.078000000000000114e+01
2.078399999999999892e+01
2.078800000000000026e+01
2.079200000000000159e+01
2.079599999999999937e+01
2.080000000000000071e+01
2.080399999999999849e+01
2.080799999999999983e+01
2.081200000000000117e+01
2.081599999999999895e+01
2.082000000000000028e+01
2.082399999999999807e+01
2.082799999999999940e+01
2.083200000000000074e+01
2.083599999999999852e+01
2.083999999999999986e+01
2.068400000000000105e+01
2.068799999999999883e+01
2.069200000000000017e+01
2.069599999999999795e+01
2.069999999999999929e+01
2.070400000000000063e+01
2.070400000000000063e+01
2.070400000000000063e+01
2.070799999999999841e+01
2.071199999999999974e+01
2.071600000000000108e+01
2.072000000000000242e+01
2.072400000000000020e+01
2.072799999999999798e+01
2.072799999999999798e+01
2.073199999999999932e+01
2.073600000000000065e+01
2.074000000000000199e+01
2.074399999999999977e+01
2.074799999999999756e+01
2.075199999999999889e+01
2.075600000000000023e+01
2.076000000000000156e+01
2.076399999999999935e+01
2.076799999999999713e+01
2.077200000000000202e+01
2.077599999999999980e+01
2.078000000000000114e+01
2.078399999999999892e+01
2.078800000000000026e+01
2.079200000000000159e+01
2.079599999999999937e+01
2.080000000000000071e+01
2.080399999999999849e+01
2.065200000000000102e+01
2.065599999999999881e+01
2.066000000000000014e+01
2.066400000000000148e+01
2.066799999999999926e+01
2.066799999999999926e+01
2.067200000000000060e+01
2.067599999999999838e+01
2.067599999999999838e+01
2.067999999999999972e+01
2.068400000000000105e+01
2.068799999999999883e+01
2.069200000000000017e+01
2.069599999999999795e+01
2.069999999999999929e+01
2.070400000000000063e+01
2.070400000000000063e+01
2.070400000000000063e+01
2.070799999999999841e+01
2.071199999999999974e+01
2.071600000000000108e+01
2.072000000000000242e+01
2.072400000000000020e+01
2.072799999999999798e+01
2.072799999999999798e+01
2.073199999999999932e+01
2.073600000000000065e+01
2.074000000000000199e+01
2.074399999999999977e+01
2.074799999999999756e+01
2.075199999999999889e+01
2.075600000000000023e+01
2.076000000000000156e+01
2.076399999999999935e+01
2.076799999999999713e+01
2.077200000000000202e+01
2.063200000000000145e+01
2.063599999999999923e+01
2.064000000000000057e+01
2.064400000000000190e+01
2.064799999999999969e+01
2.065200000000000102e+01
2.065599999999999881e+01
2.066000000000000014e+01
2.066400000000000148e+01
2.066799999999999926e+01
2.066799999999999926e+01
2.067200000000000060e+01
2.067599999999999838e+01
2.067599999999999838e+01
2.067999999999999972e+01
2.068400000000000105e+01
2.068799999999999883e+01
2.069200000000000017e+01
2.069599999999999795e+01
2.069999999999999929e+01
2.070400000000000063e+01
2.070400000000000063e+01
2.070400000000000063e+01
2.070799999999999841e+01
2.071199999999999974e+01
2.071600000000000108e+01
2.072000000000000242e+01
2.072400000000000020e+01
2.072799999999999798e+01
2.072799999999999798e+01
2.073199999999999932e+01
2.073600000000000065e+01
2.074000000000000199e+01
2.074399999999999977e+01
2.054800000000000182e+01
2.055199999999999960e+01
2.055600000000000094e+01
2.055999999999999872e+01
2.056400000000000006e+01
2.056800000000000139e+01
2.057199999999999918e+01
2.057600000000000051e+01
2.057999999999999829e+01
2.057999999999999829e+01
2.058400000000000318e+01
2.058800000000000097e+01
2.059199999999999875e+01
2.059600000000000009e+01
2.059999999999999787e+01
2.060400000000000276e+01
2.060800000000000054e+01
2.061199999999999832e+01
2.061599999999999966e+01
2.061999999999999744e+01
2.062400000000000233e+01
2.062800000000000011e+01
2.063200000000000145e+01
2.063200000000000145e+01
2.063599999999999923e+01
2.064000000000000057e+01
2.064400000000000190e+01
2.064799999999999969e+01
2.065200000000000102e+01
2.065599999999999881e+01
2.066000000000000014e+01
2.066400000000000148e+01
2.066799999999999926e+01
2.066799999999999926e+01
2.049600000000000222e+01
2.050000000000000000e+01
2.050399999999999778e+01
2.050799999999999912e+01
2.051200000000000045e+01
2.051600000000000179e+01
2.051999999999999957e+01
2.052399999999999736e+01
2.052800000000000225e+01
2.053200000000000003e+01
2.053600000000000136e+01
2.053999999999999915e+01
2.054399999999999693e+01
2.054800000000000182e+01
2.054800000000000182e+01
2.055199999999999960e+01
2.055600000000000094e+01
2.055999999999999872e+01
2.056400000000000006e+01
2.056800000000000139e+01
2.057199999999999918e+01
2.057600000000000051e+01
2.057999999999999829e+01
2.057999999999999829e+01
2.058400000000000318e+01
2.058800000000000097e+01
2.059199999999999875e+01
2.059600000000000009e+01
2.059999999999999787e+01
2.060400000000000276e+01
2.060800000000000054e+01
2.061199999999999832e+01
2.061599999999999966e+01
2.061999999999999744e+01
2.062400000000000233e+01
2.062800000000000011e+01
2.063200000000000145e+01
2.048399999999999821e+01
2.048799999999999955e+01
2.049200000000000088e+01
2.049600000000000222e+01
2.050000000000000000e+01
2.050399999999999778e+01
2.050799999999999912e+01
2.051200000000000045e+01
2.051600000000000179e+01
2.051999999999999957e+01
2.052399999999999736e+01
2.052800000000000225e+01
2.053200000000000003e+01
2.053600000000000136e+01
2.053999999999999915e+01
2.054399999999999693e+01
2.054800000000000182e+01
2.054800000000000182e+01
2.055199999999999960e+01
2.055600000000000094e+01
2.055999999999999872e+01
2.056400000000000006e+01
2.056800000000000139e+01
2.057199999999999918e+01
2.057600000000000051e+01
2.057999999999999829e+01
2.057999999999999829e+01
2.058400000000000318e+01
2.058800000000000097e+01
2.059199999999999875e+01
2.059600000000000009e+01
2.059999999999999787e+01
2.060400000000000276e+01
2.060800000000000054e+01
2.061199999999999832e+01
2.061599999999999966e+01
2.046799999999999997e+01
2.047200000000000131e+01
2.047599999999999909e+01
2.048000000000000043e+01
2.048399999999999821e+01
2.048799999999999955e+01
2.049200000000000088e+01
2.049600000000000222e+01
2.050000000000000000e+01
2.050399999999999778e+01
2.050799999999999912e+01
2.051200000000000045e+01
2.051600000000000179e+01
2.051999999999999957e+01
2.052399999999999736e+01
2.052800000000000225e+01
2.053200000000000003e+01
2.053600000000000136e+01
2.053999999999999915e+01
2.054399999999999693e+01
2.054800000000000182e+01
2.054800000000000182e+01
2.055199999999999960e+01
2.055600000000000094e+01
2.055999999999999872e+01
2.056400000000000006e+01
2.056800000000000139e+01
2.057199999999999918e+01
2.057600000000000051e+01
2.057999999999999829e+01
2.057999999999999829e+01
2.058400000000000318e+01
2.058800000000000097e+01
2.059199999999999875e+01
2.059600000000000009e+01
2.059999999999999787e+01
2.049600000000000222e+01
2.050000000000000000e+01
2.050399999999999778e+01
2.050799999999999912e+01
2.051200000000000045e+01
2.051600000000000179e+01
2.051999999999999957e+01
2.052399999999999736e+01
2.052800000000000225e+01
2.053200000000000003e+01
2.053600000000000136e+01
2.053999999999999915e+01
2.054399999999999693e+01
2.054800000000000182e+01
2.054800000000000182e+01
2.055199999999999960e+01
2.055600000000000094e+01
2.055999999999999872e+01
2.056400000000000006e+01
2.056800000000000139e+01
2.057199999999999918e+01
2.057600000000000051e+01
2.057999999999999829e+01
2.057999999999999829e+01
2.058400000000000318e+01
2.058800000000000097e+01
2.059199999999999875e+01
2.059600000000000009e+01
2.059999999999999787e+01
2.060400000000000276e+01
2.060800000000000054e+01
2.061199999999999832e+01
2.061599999999999966e+01
2.061999999999999744e+01
2.062400000000000233e+01
2.062800000000000011e+01
2.063200000000000145e+01
2.063200000000000145e+01
2.054800000000000182e+01
2.055199999999999960e+01
2.055600000000000094e+01
2.055999999999999872e+01
2.056400000000000006e+01
2.056800000000000139e+01
2.057199999999999918e+01
2.057600000000000051e+01
2.057999999999999829e+01
2.057999999999999829e+01
2.058400000000000318e+01
2.058800000000000097e+01
2.059199999999999875e+01
2.059600000000000009e+01
2.059999999999999787e+01
2.060400000000000276e+01
2.060800000000000054e+01
2.061199999999999832e+01
2.061599999999999966e+01
2.061999999999999744e+01
2.062400000000000233e+01
2.062800000000000011e+01
2.063200000000000145e+01
2.063200000000000145e+01
2.063599999999999923e+01
2.064000000000000057e+01
2.064400000000000190e+01
2.064799999999999969e+01
2.065200000000000102e+01
2.065599999999999881e+01
2.066000000000000014e+01
2.055199999999999960e+01
2.055600000000000094e+01
2.055999999999999872e+01
2.056400000000000006e+01
2.056800000000000139e+01
2.057199999999999918e+01
2.057600000000000051e+01
2.057999999999999829e+01
2.057999999999999829e+01
2.058400000000000318e+01
2.058800000000000097e+01
2.059199999999999875e+01
2.059600000000000009e+01
2.059999999999999787e+01
2.060400000000000276e+01
2.060800000000000054e+01
2.061199999999999832e+01
2.061599999999999966e+01
2.061999999999999744e+01
2.062400000000000233e+01
2.062800000000000011e+01
2.063200000000000145e+01
2.063200000000000145e+01
2.063599999999999923e+01
2.064000000000000057e+01
2.064400000000000190e+01
2.064799999999999969e+01
2.065200000000000102e+01
2.065599999999999881e+01
2.066000000000000014e+01
2.066400000000000148e+01
2.066799999999999926e+01
2.066799999999999926e+01
2.067200000000000060e+01
2.067599999999999838e+01
2.060400000000000276e+01
2.060800000000000054e+01
2.061199999999999832e+01
2.061599999999999966e+01
2.061999999999999744e+01
2.062400000000000233e+01
2.062800000000000011e+01
2.063200000000000145e+01
2.063200000000000145e+01
2.063599999999999923e+01
2.064000000000000057e+01
2.064400000000000190e+01
2.064799999999999969e+01
2.065200000000000102e+01
2.065599999999999881e+01
2.066000000000000014e+01
2.066400000000000148e+01
2.066799999999999926e+01
2.066799999999999926e+01
2.067200000000000060e+01
2.067599999999999838e+01
2.067599999999999838e+01
2.067999999999999972e+01
2.068400000000000105e+01
2.068799999999999883e+01
2.069200000000000017e+01
2.069599999999999795e+01
2.069999999999999929e+01
2.070400000000000063e+01
2.070400000000000063e+01
2.070400000000000063e+01
2.066799999999999926e+01
2.066799999999999926e+01
2.067200000000000060e+01
2.067599999999999838e+01
2.067599999999999838e+01
2.067999999999999972e+01
2.068400000000000105e+01
2.068799999999999883e+01
2.069200000000000017e+01
2.069599999999999795e+01
2.069999999999999929e+01
2.070400000000000063e+01
2.070400000000000063e+01
2.070400000000000063e+01
2.070799999999999841e+01
2.071199999999999974e+01
2.071600000000000108e+01
2.072000000000000242e+01
2.072400000000000020e+01
2.072799999999999798e+01
2.072799999999999798e+01
2.073199999999999932e+01
2.073600000000000065e+01
2.074000000000000199e+01
2.074399999999999977e+01
2.074799999999999756e+01
2.075199999999999889e+01
2.075600000000000023e+01
2.076000000000000156e+01
2.076399999999999935e+01
2.076799999999999713e+01
2.077200000000000202e+01
2.077599999999999980e+01
2.078000000000000114e+01
2.071199999999999974e+01
2.071600000000000108e+01
2.072000000000000242e+01
2.072400000000000020e+01
2.072799999999999798e+01
2.072799999999999798e+01
2.073199999999999932e+01
2.073600000000000065e+01
2.074000000000000199e+01
2.074399999999999977e+01
2.074799999999999756e+01
2.075199999999999889e+01
2.075600000000000023e+01
2.076000000000000156e+01
2.076399999999999935e+01
2.076799999999999713e+01
2.077200000000000202e+01
2.077599999999999980e+01
2.078000000000000114e+01
2.078399999999999892e+01
2.078800000000000026e+01
2.079200000000000159e+01
2.079599999999999937e+01
2.080000000000000071e+01
2.080399999999999849e+01
2.080799999999999983e+01
2.081200000000000117e+01
2.081599999999999895e+01
2.082000000000000028e+01
2.082399999999999807e+01
2.082799999999999940e+01
2.083200000000000074e+01
2.083599999999999852e+01
2.083999999999999986e+01
2.073600000000000065e+01
2.074000000000000199e+01
2.074399999999999977e+01
2.074799999999999756e+01
2.075199999999999889e+01
2.075600000000000023e+01
2.076000000000000156e+01
2.076399999999999935e+01
2.076799999999999713e+01
2.077200000000000202e+01
2.077599999999999980e+01
2.078000000000000114e+01
2.078399999999999892e+01
2.078800000000000026e+01
2.079200000000000159e+01
2.079599999999999937e+01
2.080000000000000071e+01
2.080399999999999849e+01
2.080799999999999983e+01
2.081200000000000117e+01
2.081599999999999895e+01
2.082000000000000028e+01
2.082399999999999807e+01
2.082799999999999940e+01
2.083200000000000074e+01
2.083599999999999852e+01
2.083999999999999986e+01
2.084399999999999764e+01
2.084800000000000253e+01
2.085200000000000031e+01
2.085600000000000165e+01
2.085999999999999943e+01
2.086399999999999721e+01
2.086800000000000210e+01
2.077599999999999980e+01
2.078000000000000114e+01
2.078399999999999892e+01
2.078800000000000026e+01
2.079200000000000159e+01
2.079599999999999937e+01
2.080000000000000071e+01
2.080399999999999849e+01
2.080799999999999983e+01
2.081200000000000117e+01
2.081599999999999895e+01
2.082000000000000028e+01
2.082399999999999807e+01
2.082799999999999940e+01
2.083200000000000074e+01
2.083599999999999852e+01
2.083999999999999986e+01
2.084399999999999764e+01
2.084800000000000253e+01
2.085200000000000031e+01
2.085600000000000165e+01
2.085999999999999943e+01
2.086399999999999721e+01
2.086800000000000210e+01
2.087199999999999989e+01
2.087600000000000122e+01
2.087999999999999901e+01
2.088400000000000034e+01
2.088800000000000168e+01
2.089199999999999946e+01
2.089600000000000080e+01
2.089999999999999858e+01
2.081599999999999895e+01
2.082000000000000028e+01
2.082399999999999807e+01
2.082799999999999940e+01
2.083200000000000074e+01
2.083599999999999852e+01
2.083999999999999986e+01
2.084399999999999764e+01
2.084800000000000253e+01
2.085200000000000031e+01
2.085600000000000165e+01
2.085999999999999943e+01
2.086399999999999721e+01
2.086800000000000210e+01
2.087199999999999989e+01
2.087600000000000122e+01
2.087999999999999901e+01
2.088400000000000034e+01
2.088800000000000168e+01
2.089199999999999946e+01
2.089600000000000080e+01
2.089999999999999858e+01
2.090399999999999991e+01
2.090800000000000125e+01
2.091199999999999903e+01
2.091600000000000037e+01
2.091999999999999815e+01
2.092400000000000304e+01
2.092800000000000082e+01
2.093199999999999861e+01
2.093599999999999994e+01
2.083599999999999852e+01
2.083999999999999986e+01
2.084399999999999764e+01
2.084800000000000253e+01
2.085200000000000031e+01
2.085600000000000165e+01
2.085999999999999943e+01
2.086399999999999721e+01
2.086800000000000210e+01
2.087199999999999989e+01
2.087600000000000122e+01
2.087999999999999901e+01
2.088400000000000034e+01
2.088800000000000168e+01
2.089199999999999946e+01
2.089600000000000080e+01
2.089999999999999858e+01
2.090399999999999991e+01
2.090800000000000125e+01
2.091199999999999903e+01
2.091600000000000037e+01
2.091999999999999815e+01
2.092400000000000304e+01
2.092800000000000082e+01
2.093199999999999861e+01
2.093599999999999994e+01
2.093999999999999773e+01
2.093999999999999773e+01
2.094400000000000261e+01
2.094800000000000040e+01
2.095199999999999818e+01
2.095599999999999952e+01
2.096000000000000085e+01
2.096400000000000219e+01
2.096799999999999997e+01
2.084800000000000253e+01
2.085200000000000031e+01
2.085600000000000165e+01
2.085999999999999943e+01
2.086399999999999721e+01
2.086800000000000210e+01
2.087199999999999989e+01
2.087600000000000122e+01
2.087999999999999901e+01
2.088400000000000034e+01
2.088800000000000168e+01
2.089199999999999946e+01
2.089600000000000080e+01
2.089999999999999858e+01
2.090399999999999991e+01
2.090800000000000125e+01
2.091199999999999903e+01
2.091600000000000037e+01
2.091999999999999815e+01
2.092400000000000304e+01
2.092800000000000082e+01
2.093199999999999861e+01
2.093599999999999994e+01
2.093999999999999773e+01
2.093999999999999773e+01
2.094400000000000261e+01
2.094800000000000040e+01
2.095199999999999818e+01
2.095599999999999952e+01
2.096000000000000085e+01
2.096400000000000219e+01
2.096799999999999997e+01
2.097199999999999775e+01
2.097599999999999909e+01
2.097599999999999909e+01
2.098000000000000043e+01
2.098000000000000043e+01
2.098400000000000176e+01
2.098799999999999955e+01
2.099200000000000088e+01
2.086800000000000210e+01
2.087199999999999989e+01
2.087600000000000122e+01
2.087999999999999901e+01
2.088400000000000034e+01
2.088800000000000168e+01
2.089199999999999946e+01
2.089600000000000080e+01
2.089999999999999858e+01
2.090399999999999991e+01
2.090800000000000125e+01
2.091199999999999903e+01
2.091600000000000037e+01
2.091999999999999815e+01
2.092400000000000304e+01
2.092800000000000082e+01
2.093199999999999861e+01
2.093599999999999994e+01
2.093999999999999773e+01
2.093999999999999773e+01
2.094400000000000261e+01
2.094800000000000040e+01
2.095199999999999818e+01
2.095599999999999952e+01
2.096000000000000085e+01
2.096400000000000219e+01
2.096799999999999997e+01
2.097199999999999775e+01
2.097599999999999909e+01
2.097599999999999909e+01
2.098000000000000043e+01
2.098000000000000043e+01
2.098400000000000176e+01
2.098799999999999955e+01
2.099200000000000088e+01
2.099599999999999866e+01
2.100000000000000000e+01
2.100400000000000134e+01
2.100799999999999912e+01
2.091199999999999903e+01
2.091600000000000037e+01
2.091999999999999815e+01
2.092400000000000304e+01
2.092800000000000082e+01
2.093199999999999861e+01
2.093599999999999994e+01
2.093999999999999773e+01
2.093999999999999773e+01
2.094400000000000261e+01
2.094800000000000040e+01
2.095199999999999818e+01
2.095599999999999952e+01
2.096000000000000085e+01
2.096400000000000219e+01
2.096799999999999997e+01
2.097199999999999775e+01
2.097599999999999909e+01
2.097599999999999909e+01
2.098000000000000043e+01
2.098000000000000043e+01
2.098400000000000176e+01
2.098799999999999955e+01
2.099200000000000088e+01
2.099599999999999866e+01
2.100000000000000000e+01
2.100400000000000134e+01
2.100799999999999912e+01
2.101200000000000045e+01
2.101600000000000179e+01
2.101999999999999957e+01
2.102400000000000091e+01
2.102799999999999869e+01
2.103200000000000003e+01
2.103600000000000136e+01
2.103999999999999915e+01
2.104400000000000048e+01
2.093999999999999773e+01
2.094400000000000261e+01
2.094800000000000040e+01
2.095199999999999818e+01
2.095599999999999952e+01
2.096000000000000085e+01
2.096400000000000219e+01
2.096799999999999997e+01
2.097199999999999775e+01
2.097599999999999909e+01
2.097599999999999909e+01
2.098000000000000043e+01
2.098000000000000043e+01
2.098400000000000176e+01
2.098799999999999955e+01
2.099200000000000088e+01
2.099599999999999866e+01
2.100000000000000000e+01
2.100400000000000134e+01
2.100799999999999912e+01
2.101200000000000045e+01
2.101600000000000179e+01
2.101999999999999957e+01
2.102400000000000091e+01
2.102799999999999869e+01
2.103200000000000003e+01
2.103600000000000136e+01
2.103999999999999915e+01
2.104400000000000048e+01
2.104799999999999827e+01
2.105199999999999960e+01
2.105600000000000094e+01
2.106000000000000227e+01
2.106400000000000006e+01
2.106799999999999784e+01
2.107199999999999918e+01
2.107600000000000051e+01
2.093999999999999773e+01
2.094400000000000261e+01
2.094800000000000040e+01
2.095199999999999818e+01
2.095599999999999952e+01
2.096000000000000085e+01
2.096400000000000219e+01
2.096799999999999997e+01
2.097199999999999775e+01
2.097599999999999909e+01
2.097599999999999909e+01
2.098000000000000043e+01
2.098000000000000043e+01
2.098400000000000176e+01
2.098799999999999955e+01
2.099200000000000088e+01
2.099599999999999866e+01
2.100000000000000000e+01
2.100400000000000134e+01
2.100799999999999912e+01
2.101200000000000045e+01
2.101600000000000179e+01
2.101999999999999957e+01
2.102400000000000091e+01
2.102799999999999869e+01
2.103200000000000003e+01
2.103600000000000136e+01
2.103999999999999915e+01
2.104400000000000048e+01
2.104799999999999827e+01
2.105199999999999960e+01
2.105600000000000094e+01
2.106000000000000227e+01
2.106400000000000006e+01
2.106799999999999784e+01
2.107199999999999918e+01
2.107600000000000051e+01
2.086399999999999721e+01
2.086800000000000210e+01
2.087199999999999989e+01
2.087600000000000122e+01
2.087999999999999901e+01
2.088400000000000034e+01
2.088800000000000168e+01
2.089199999999999946e+01
2.089600000000000080e+01
2.089999999999999858e+01
2.090399999999999991e+01
2.090800000000000125e+01
2.091199999999999903e+01
2.091600000000000037e+01
2.091999999999999815e+01
2.092400000000000304e+01
2.092800000000000082e+01
2.093199999999999861e+01
2.093599999999999994e+01
2.093999999999999773e+01
2.093999999999999773e+01
2.094400000000000261e+01
2.094800000000000040e+01
2.095199999999999818e+01
2.095599999999999952e+01
2.096000000000000085e+01
2.096400000000000219e+01
2.096799999999999997e+01
2.097199999999999775e+01
2.097599999999999909e+01
2.097599999999999909e+01
2.098000000000000043e+01
2.098000000000000043e+01
2.098400000000000176e+01
2.098799999999999955e+01
2.099200000000000088e+01
2.099599999999999866e+01
2.100000000000000000e+01
2.100400000000000134e+01
2.079200000000000159e+01
2.079599999999999937e+01
2.080000000000000071e+01
2.080399999999999849e+01
2.080799999999999983e+01
2.081200000000000117e+01
2.081599999999999895e+01
2.082000000000000028e+01
2.082399999999999807e+01
2.082799999999999940e+01
2.083200000000000074e+01
2.083599999999999852e+01
2.083999999999999986e+01
2.084399999999999764e+01
2.084800000000000253e+01
2.085200000000000031e+01
2.085600000000000165e+01
2.085999999999999943e+01
2.086399999999999721e+01
2.086800000000000210e+01
2.087199999999999989e+01
2.087600000000000122e+01
2.087999999999999901e+01
2.088400000000000034e+01
2.088800000000000168e+01
2.089199999999999946e+01
2.089600000000000080e+01
2.089999999999999858e+01
2.090399999999999991e+01
2.090800000000000125e+01
2.091199999999999903e+01
2.091600000000000037e+01
2.091999999999999815e+01
2.092400000000000304e+01
2.092800000000000082e+01
2.077599999999999980e+01
2.078000000000000114e+01
2.078399999999999892e+01
2.078800000000000026e+01
2.079200000000000159e+01
2.079599999999999937e+01
2.080000000000000071e+01
2.080399999999999849e+01
2.080799999999999983e+01
2.081200000000000117e+01
2.081599999999999895e+01
2.082000000000000028e+01
2.082399999999999807e+01
2.082799999999999940e+01
2.083200000000000074e+01
2.083599999999999852e+01
2.083999999999999986e+01
2.084399999999999764e+01
2.084800000000000253e+01
2.085200000000000031e+01
2.085600000000000165e+01
2.085999999999999943e+01
2.086399999999999721e+01
2.086800000000000210e+01
2.087199999999999989e+01
2.087600000000000122e+01
2.087999999999999901e+01
2.088400000000000034e+01
2.088800000000000168e+01
2.089199999999999946e+01
2.089600000000000080e+01
2.089999999999999858e+01
2.090399999999999991e+01
2.090800000000000125e+01
2.073600000000000065e+01
2.074000000000000199e+01
2.074399999999999977e+01
2.074799999999999756e+01
2.075199999999999889e+01
2.075600000000000023e+01
2.076000000000000156e+01
2.076399999999999935e+01
2.076799999999999713e+01
2.077200000000000202e+01
2.077599999999999980e+01
2.078000000000000114e+01
2.078399999999999892e+01
2.078800000000000026e+01
2.079200000000000159e+01
2.079599999999999937e+01
2.080000000000000071e+01
2.080399999999999849e+01
2.080799999999999983e+01
2.081200000000000117e+01
2.081599999999999895e+01
2.082000000000000028e+01
2.082399999999999807e+01
2.082799999999999940e+01
2.083200000000000074e+01
2.083599999999999852e+01
2.083999999999999986e+01
2.084399999999999764e+01
2.084800000000000253e+01
2.085200000000000031e+01
2.085600000000000165e+01
2.085999999999999943e+01
2.086399999999999721e+01
2.086800000000000210e+01
2.087199999999999989e+01
2.087600000000000122e+01
2.071199999999999974e+01
2.071600000000000108e+01
2.072000000000000242e+01
2.072400000000000020e+01
2.072799999999999798e+01
2.072799999999999798e+01
2.073199999999999932e+01
2.073600000000000065e+01
2.074000000000000199e+01
2.074399999999999977e+01
2.074799999999999756e+01
2.075199999999999889e+01
2.075600000000000023e+01
2.076000000000000156e+01
2.076399999999999935e+01
2.076799999999999713e+01
2.077200000000000202e+01
2.077599999999999980e+01
2.078000000000000114e+01
2.078399999999999892e+01
2.078800000000000026e+01
2.079200000000000159e+01
2.079599999999999937e+01
2.080000000000000071e+01
2.080399999999999849e+01
2.080799999999999983e+01
2.081200000000000117e+01
2.081599999999999895e+01
2.082000000000000028e+01
2.082399999999999807e+01
2.082799999999999940e+01
2.083200000000000074e+01
2.083599999999999852e+01
2.083999999999999986e+01
2.070400000000000063e+01
2.070400000000000063e+01
2.070799999999999841e+01
2.071199999999999974e+01
2.071600000000000108e+01
2.072000000000000242e+01
2.072400000000000020e+01
2.072799999999999798e+01
2.072799999999999798e+01
2.073199999999999932e+01
2.073600000000000065e+01
2.074000000000000199e+01
2.074399999999999977e+01
2.074799999999999756e+01
2.075199999999999889e+01
2.075600000000000023e+01
2.076000000000000156e+01
2.076399999999999935e+01
2.076799999999999713e+01
2.077200000000000202e+01
2.077599999999999980e+01
2.078000000000000114e+01
2.078399999999999892e+01
2.078800000000000026e+01
2.079200000000000159e+01
2.079599999999999937e+01
2.080000000000000071e+01
2.080399999999999849e+01
2.080799999999999983e+01
2.081200000000000117e+01
2.081599999999999895e+01
2.082000000000000028e+01
2.082399999999999807e+01
2.082799999999999940e+01
2.068400000000000105e+01
2.068799999999999883e+01
2.069200000000000017e+01
2.069599999999999795e+01
2.069999999999999929e+01
2.070400000000000063e+01
2.070400000000000063e+01
2.070400000000000063e+01
2.070799999999999841e+01
2.071199999999999974e+01
2.071600000000000108e+01
2.072000000000000242e+01
2.072400000000000020e+01
2.072799999999999798e+01
2.072799999999999798e+01
2.073199999999999932e+01
2.073600000000000065e+01
2.074000000000000199e+01
2.074399999999999977e+01
2.074799999999999756e+01
2.075199999999999889e+01
2.075600000000000023e+01
2.076000000000000156e+01
2.076399999999999935e+01
2.076799999999999713e+01
2.077200000000000202e+01
2.077599999999999980e+01
2.078000000000000114e+01
2.078399999999999892e+01
2.078800000000000026e+01
2.079200000000000159e+01
2.079599999999999937e+01
2.080000000000000071e+01
2.080399999999999849e+01
2.066799999999999926e+01
2.066799999999999926e+01
2.067200000000000060e+01
2.067599999999999838e+01
2.067599999999999838e+01
2.067999999999999972e+01
2.068400000000000105e+01
2.068799999999999883e+01
2.069200000000000017e+01
2.069599999999999795e+01
2.069999999999999929e+01
2.070400000000000063e+01
2.070400000000000063e+01
2.070400000000000063e+01
2.070799999999999841e+01
2.071199999999999974e+01
2.071600000000000108e+01
2.072000000000000242e+01
2.072400000000000020e+01
2.072799999999999798e+01
2.072799999999999798e+01
2.073199999999999932e+01
2.073600000000000065e+01
2.074000000000000199e+01
2.074399999999999977e+01
2.074799999999999756e+01
2.075199999999999889e+01
2.075600000000000023e+01
2.076000000000000156e+01
2.076399999999999935e+01
2.076799999999999713e+01
2.077200000000000202e+01
2.077599999999999980e+01
2.078000000000000114e+01
2.078399999999999892e+01
2.064400000000000190e+01
2.064799999999999969e+01
2.065200000000000102e+01
2.065599999999999881e+01
2.066000000000000014e+01
2.066400000000000148e+01
2.066799999999999926e+01
2.066799999999999926e+01
2.067200000000000060e+01
2.067599999999999838e+01
2.067599999999999838e+01
2.067999999999999972e+01
2.068400000000000105e+01
2.068799999999999883e+01
2.069200000000000017e+01
2.069599999999999795e+01
2.069999999999999929e+01
2.070400000000000063e+01
2.070400000000000063e+01
2.070400000000000063e+01
2.070799999999999841e+01
2.071199999999999974e+01
2.071600000000000108e+01
2.072000000000000242e+01
2.072400000000000020e+01
2.072799999999999798e+01
2.072799999999999798e+01
2.073199999999999932e+01
2.073600000000000065e+01
2.074000000000000199e+01
2.074399999999999977e+01
2.074799999999999756e+01
2.075199999999999889e+01
2.075600000000000023e+01
2.076000000000000156e+01
2.076399999999999935e+01
2.063599999999999923e+01
2.064000000000000057e+01
2.064400000000000190e+01
2.064799999999999969e+01
2.065200000000000102e+01
2.065599999999999881e+01
2.066000000000000014e+01
2.066400000000000148e+01
2.066799999999999926e+01
2.066799999999999926e+01
2.067200000000000060e+01
2.067599999999999838e+01
2.067599999999999838e+01
2.067999999999999972e+01
2.068400000000000105e+01
2.068799999999999883e+01
2.069200000000000017e+01
2.069599999999999795e+01
2.069999999999999929e+01
2.070400000000000063e+01
2.070400000000000063e+01
2.070400000000000063e+01
2.070799999999999841e+01
2.071199999999999974e+01
2.071600000000000108e+01
2.072000000000000242e+01
2.072400000000000020e+01
2.072799999999999798e+01
2.072799999999999798e+01
2.073199999999999932e+01
2.073600000000000065e+01
2.074000000000000199e+01
2.074399999999999977e+01
2.074799999999999756e+01
2.075199999999999889e+01
2.075600000000000023e+01
2.076000000000000156e+01
2.058800000000000097e+01
2.059199999999999875e+01
2.059600000000000009e+01
2.059999999999999787e+01
2.060400000000000276e+01
2.060800000000000054e+01
2.061199999999999832e+01
2.061599999999999966e+01
2.061999999999999744e+01
2.062400000000000233e+01
2.062800000000000011e+01
2.063200000000000145e+01
2.063200000000000145e+01
2.063599999999999923e+01
2.064000000000000057e+01
2.064400000000000190e+01
2.064799999999999969e+01
2.065200000000000102e+01
2.065599999999999881e+01
2.066000000000000014e+01
2.066400000000000148e+01
2.066799999999999926e+01
2.066799999999999926e+01
2.067200000000000060e+01
2.067599999999999838e+01
2.067599999999999838e+01
2.067999999999999972e+01
2.068400000000000105e+01
2.068799999999999883e+01
2.069200000000000017e+01
2.069599999999999795e+01
2.069999999999999929e+01
2.070400000000000063e+01
2.070400000000000063e+01
2.070400000000000063e+01
2.058400000000000318e+01
2.058800000000000097e+01
2.059199999999999875e+01
2.059600000000000009e+01
2.059999999999999787e+01
2.060400000000000276e+01
2.060800000000000054e+01
2.061199999999999832e+01
2.061599999999999966e+01
2.061999999999999744e+01
2.062400000000000233e+01
2.062800000000000011e+01
2.063200000000000145e+01
2.063200000000000145e+01
2.063599999999999923e+01
2.064000000000000057e+01
2.064400000000000190e+01
2.064799999999999969e+01
2.065200000000000102e+01
2.065599999999999881e+01
2.066000000000000014e+01
2.066400000000000148e+01
2.066799999999999926e+01
2.066799999999999926e+01
2.067200000000000060e+01
2.067599999999999838e+01
2.067599999999999838e+01
2.067999999999999972e+01
2.068400000000000105e+01
2.068799999999999883e+01
2.069200000000000017e+01
2.069599999999999795e+01
2.069999999999999929e+01
2.070400000000000063e+01
2.070400000000000063e+01
2.056400000000000006e+01
2.056800000000000139e+01
2.057199999999999918e+01
2.057600000000000051e+01
2.057999999999999829e+01
2.057999999999999829e+01
2.058400000000000318e+01
2.058800000000000097e+01
2.059199999999999875e+01
2.059600000000000009e+01
2.059999999999999787e+01
2.060400000000000276e+01
2.060800000000000054e+01
2.061199999999999832e+01
2.061599999999999966e+01
2.061999999999999744e+01
2.062400000000000233e+01
2.062800000000000011e+01
2.063200000000000145e+01
2.063200000000000145e+01
2.063599999999999923e+01
2.064000000000000057e+01
2.064400000000000190e+01
2.064799999999999969e+01
2.065200000000000102e+01
2.065599999999999881e+01
2.066000000000000014e+01
2.066400000000000148e+01
2.066799999999999926e+01
2.066799999999999926e+01
2.067200000000000060e+01
2.067599999999999838e+01
2.067599999999999838e+01
2.067999999999999972e+01
2.068400000000000105e+01
2.068799999999999883e+01
2.069200000000000017e+01
2.056400000000000006e+01
2.056800000000000139e+01
2.057199999999999918e+01
2.057600000000000051e+01
2.057999999999999829e+01
2.057999999999999829e+01
2.058400000000000318e+01
2.058800000000000097e+01
2.059199999999999875e+01
2.059600000000000009e+01
2.059999999999999787e+01
2.060400000000000276e+01
2.060800000000000054e+01
2.061199999999999832e+01
2.061599999999999966e+01
2.061999999999999744e+01
2.062400000000000233e+01
2.062800000000000011e+01
2.063200000000000145e+01
2.063200000000000145e+01
2.063599999999999923e+01
2.064000000000000057e+01
2.064400000000000190e+01
2.064799999999999969e+01
2.065200000000000102e+01
2.065599999999999881e+01
2.066000000000000014e+01
2.066400000000000148e+01
2.066799999999999926e+01
2.066799999999999926e+01
2.067200000000000060e+01
2.067599999999999838e+01
2.067599999999999838e+01
2.067999999999999972e+01
2.068400000000000105e+01
2.068799999999999883e+01
2.069200000000000017e+01
2.051600000000000179e+01
2.051999999999999957e+01
2.052399999999999736e+01
2.052800000000000225e+01
2.053200000000000003e+01
2.053600000000000136e+01
2.053999999999999915e+01
2.054399999999999693e+01
2.054800000000000182e+01
2.054800000000000182e+01
2.055199999999999960e+01
2.055600000000000094e+01
2.055999999999999872e+01
2.056400000000000006e+01
2.056800000000000139e+01
2.057199999999999918e+01
2.057600000000000051e+01
2.057999999999999829e+01
2.057999999999999829e+01
2.058400000000000318e+01
2.058800000000000097e+01
2.059199999999999875e+01
2.059600000000000009e+01
2.059999999999999787e+01
2.060400000000000276e+01
2.060800000000000054e+01
2.061199999999999832e+01
2.061599999999999966e+01
2.061999999999999744e+01
2.062400000000000233e+01
2.062800000000000011e+01
2.063200000000000145e+01
2.063200000000000145e+01
2.063599999999999923e+01
2.064000000000000057e+01
2.064400000000000190e+01
2.064799999999999969e+01
2.051600000000000179e+01
2.051999999999999957e+01
2.052399999999999736e+01
2.052800000000000225e+01
2.053200000000000003e+01
2.053600000000000136e+01
2.053999999999999915e+01
2.054399999999999693e+01
2.054800000000000182e+01
2.054800000000000182e+01
2.055199999999999960e+01
2.055600000000000094e+01
2.055999999999999872e+01
2.056400000000000006e+01
2.056800000000000139e+01
2.057199999999999918e+01
2.057600000000000051e+01
2.057999999999999829e+01
2.057999999999999829e+01
2.058400000000000318e+01
2.058800000000000097e+01
2.059199999999999875e+01
2.059600000000000009e+01
2.059999999999999787e+01
2.060400000000000276e+01
2.060800000000000054e+01
2.061199999999999832e+01
2.061599999999999966e+01
2.061999999999999744e+01
2.062400000000000233e+01
2.062800000000000011e+01
2.063200000000000145e+01
2.063200000000000145e+01
2.063599999999999923e+01
2.064000000000000057e+01
2.064400000000000190e+01
2.064799999999999969e+01
2.051200000000000045e+01
2.051600000000000179e+01
2.051999999999999957e+01
2.052399999999999736e+01
2.052800000000000225e+01
2.053200000000000003e+01
2.053600000000000136e+01
2.053999999999999915e+01
2.054399999999999693e+01
2.054800000000000182e+01
2.054800000000000182e+01
2.055199999999999960e+01
2.055600000000000094e+01
2.055999999999999872e+01
2.056400000000000006e+01
2.056800000000000139e+01
2.057199999999999918e+01
2.057600000000000051e+01
2.057999999999999829e+01
2.057999999999999829e+01
2.058400000000000318e+01
2.058800000000000097e+01
2.059199999999999875e+01
2.059600000000000009e+01
2.059999999999999787e+01
2.060400000000000276e+01
2.060800000000000054e+01
2.061199999999999832e+01
2.061599999999999966e+01
2.061999999999999744e+01
2.062400000000000233e+01
2.062800000000000011e+01
2.063200000000000145e+01
2.063200000000000145e+01
2.063599999999999923e+01
2.064000000000000057e+01
2.064400000000000190e+01
2.051200000000000045e+01
2.051600000000000179e+01
2.051999999999999957e+01
2.052399999999999736e+01
2.052800000000000225e+01
2.053200000000000003e+01
2.053600000000000136e+01
2.053999999999999915e+01
2.054399999999999693e+01
2.054800000000000182e+01
2.054800000000000182e+01
2.055199999999999960e+01
2.055600000000000094e+01
2.055999999999999872e+01
2.056400000000000006e+01
2.056800000000000139e+01
2.057199999999999918e+01
2.057600000000000051e+01
2.057999999999999829e+01
2.057999999999999829e+01
2.058400000000000318e+01
2.058800000000000097e+01
2.059199999999999875e+01
2.059600000000000009e+01
2.059999999999999787e+01
2.060400000000000276e+01
2.060800000000000054e+01
2.061199999999999832e+01
2.061599999999999966e+01
2.061999999999999744e+01
2.062400000000000233e+01
2.062800000000000011e+01
2.063200000000000145e+01
2.063200000000000145e+01
2.063599999999999923e+01
2.064000000000000057e+01
2.064400000000000190e+01
2.049600000000000222e+01
2.050000000000000000e+01
2.050399999999999778e+01
2.050799999999999912e+01
2.051200000000000045e+01
2.051600000000000179e+01
2.051999999999999957e+01
2.052399999999999736e+01
2.052800000000000225e+01
2.053200000000000003e+01
2.053600000000000136e+01
2.053999999999999915e+01
2.054399999999999693e+01
2.054800000000000182e+01
2.054800000000000182e+01
2.055199999999999960e+01
2.055600000000000094e+01
2.055999999999999872e+01
2.056400000000000006e+01
2.056800000000000139e+01
2.057199999999999918e+01
2.057600000000000051e+01
2.057999999999999829e+01
2.057999999999999829e+01
2.058400000000000318e+01
2.058800000000000097e+01
2.059199999999999875e+01
2.059600000000000009e+01
2.059999999999999787e+01
2.060400000000000276e+01
2.060800000000000054e+01
2.061199999999999832e+01
2.061599999999999966e+01
2.061999999999999744e+01
2.062400000000000233e+01
2.062800000000000011e+01
2.063200000000000145e+01
2.057999999999999829e+01
2.057999999999999829e+01
2.058400000000000318e+01
2.058800000000000097e+01
2.059199999999999875e+01
2.059600000000000009e+01
2.059999999999999787e+01
2.060400000000000276e+01
2.060800000000000054e+01
2.061199999999999832e+01
2.061599999999999966e+01
2.061999999999999744e+01
2.062400000000000233e+01
2.062800000000000011e+01
2.063200000000000145e+01
2.063200000000000145e+01
2.063599999999999923e+01
2.064000000000000057e+01
2.064400000000000190e+01
2.064799999999999969e+01
2.065200000000000102e+01
2.065599999999999881e+01
2.066000000000000014e+01
2.066400000000000148e+01
2.066799999999999926e+01
2.066799999999999926e+01
2.059999999999999787e+01
2.060400000000000276e+01
2.060800000000000054e+01
2.061199999999999832e+01
2.061599999999999966e+01
2.061999999999999744e+01
2.062400000000000233e+01
2.062800000000000011e+01
2.063200000000000145e+01
2.063200000000000145e+01
2.063599999999999923e+01
2.064000000000000057e+01
2.064400000000000190e+01
2.064799999999999969e+01
2.065200000000000102e+01
2.065599999999999881e+01
2.066000000000000014e+01
2.066400000000000148e+01
2.066799999999999926e+01
2.066799999999999926e+01
2.067200000000000060e+01
2.067599999999999838e+01
2.067599999999999838e+01
2.067999999999999972e+01
2.068400000000000105e+01
2.068799999999999883e+01
2.069200000000000017e+01
2.069599999999999795e+01
2.069999999999999929e+01
2.070400000000000063e+01
2.070400000000000063e+01
2.061599999999999966e+01
2.061999999999999744e+01
2.062400000000000233e+01
2.062800000000000011e+01
2.063200000000000145e+01
2.063200000000000145e+01
2.063599999999999923e+01
2.064000000000000057e+01
2.064400000000000190e+01
2.064799999999999969e+01
2.065200000000000102e+01
2.065599999999999881e+01
2.066000000000000014e+01
2.066400000000000148e+01
2.066799999999999926e+01
2.066799999999999926e+01
2.067200000000000060e+01
2.067599999999999838e+01
2.067599999999999838e+01
2.067999999999999972e+01
2.068400000000000105e+01
2.068799999999999883e+01
2.069200000000000017e+01
2.069599999999999795e+01
2.069999999999999929e+01
2.070400000000000063e+01
2.070400000000000063e+01
2.070400000000000063e+01
2.070799999999999841e+01
2.071199999999999974e+01
2.071600000000000108e+01
2.064799999999999969e+01
2.065200000000000102e+01
2.065599999999999881e+01
2.066000000000000014e+01
2.066400000000000148e+01
2.066799999999999926e+01
2.066799999999999926e+01
2.067200000000000060e+01
2.067599999999999838e+01
2.067599999999999838e+01
2.067999999999999972e+01
2.068400000000000105e+01
2.068799999999999883e+01
2.069200000000000017e+01
2.069599999999999795e+01
2.069999999999999929e+01
2.070400000000000063e+01
2.070400000000000063e+01
2.070400000000000063e+01
2.070799999999999841e+01
2.071199999999999974e+01
2.071600000000000108e+01
2.072000000000000242e+01
2.072400000000000020e+01
2.072799999999999798e+01
2.072799999999999798e+01
2.073199999999999932e+01
2.073600000000000065e+01
2.074000000000000199e+01
2.074399999999999977e+01
2.074799999999999756e+01
2.075199999999999889e+01
2.075600000000000023e+01
2.076000000000000156e+01
2.067999999999999972e+01
2.068400000000000105e+01
2.068799999999999883e+01
2.069200000000000017e+01
2.069599999999999795e+01
2.069999999999999929e+01
2.070400000000000063e+01
2.070400000000000063e+01
2.070400000000000063e+01
2.070799999999999841e+01
2.071199999999999974e+01
2.071600000000000108e+01
2.072000000000000242e+01
2.072400000000000020e+01
2.072799999999999798e+01
2.072799999999999798e+01
2.073199999999999932e+01
2.073600000000000065e+01
2.074000000000000199e+01
2.074399999999999977e+01
2.074799999999999756e+01
2.075199999999999889e+01
2.075600000000000023e+01
2.076000000000000156e+01
2.076399999999999935e+01
2.076799999999999713e+01
2.077200000000000202e+01
2.077599999999999980e+01
2.078000000000000114e+01
2.078399999999999892e+01
2.078800000000000026e+01
2.072400000000000020e+01
2.072799999999999798e+01
2.072799999999999798e+01
2.073199999999999932e+01
2.073600000000000065e+01
2.074000000000000199e+01
2.074399999999999977e+01
2.074799999999999756e+01
2.075199999999999889e+01
2.075600000000000023e+01
2.076000000000000156e+01
2.076399999999999935e+01
2.076799999999999713e+01
2.077200000000000202e+01
2.077599999999999980e+01
2.078000000000000114e+01
2.078399999999999892e+01
2.078800000000000026e+01
2.079200000000000159e+01
2.079599999999999937e+01
2.080000000000000071e+01
2.080399999999999849e+01
2.080799999999999983e+01
2.081200000000000117e+01
2.081599999999999895e+01
2.082000000000000028e+01
2.082399999999999807e+01
2.082799999999999940e+01
2.083200000000000074e+01
2.083599999999999852e+01
2.083999999999999986e+01
2.082399999999999807e+01
2.082799999999999940e+01
2.083200000000000074e+01
2.083599999999999852e+01
2.083999999999999986e+01
2.084399999999999764e+01
2.084800000000000253e+01
2.085200000000000031e+01
2.085600000000000165e+01
2.085999999999999943e+01
2.086399999999999721e+01
2.086800000000000210e+01
2.087199999999999989e+01
2.087600000000000122e+01
2.087999999999999901e+01
2.088400000000000034e+01
2.088800000000000168e+01
2.089199999999999946e+01
2.089600000000000080e+01
2.089999999999999858e+01
2.090399999999999991e+01
2.090800000000000125e+01
2.091199999999999903e+01
2.091600000000000037e+01
2.091999999999999815e+01
2.092400000000000304e+01
2.092800000000000082e+01
2.093199999999999861e+01
2.093599999999999994e+01
2.093999999999999773e+01
2.093999999999999773e+01
2.094400000000000261e+01
2.094800000000000040e+01
2.095199999999999818e+01
2.084800000000000253e+01
2.085200000000000031e+01
2.085600000000000165e+01
2.085999999999999943e+01
2.086399999999999721e+01
2.086800000000000210e+01
2.087199999999999989e+01
2.087600000000000122e+01
2.087999999999999901e+01
2.088400000000000034e+01
2.088800000000000168e+01
2.089199999999999946e+01
2.089600000000000080e+01
2.089999999999999858e+01
2.090399999999999991e+01
2.090800000000000125e+01
2.091199999999999903e+01
2.091600000000000037e+01
2.091999999999999815e+01
2.092400000000000304e+01
2.092800000000000082e+01
2.093199999999999861e+01
2.093599999999999994e+01
2.093999999999999773e+01
2.093999999999999773e+01
2.094400000000000261e+01
2.094800000000000040e+01
2.095199999999999818e+01
2.095599999999999952e+01
2.096000000000000085e+01
2.096400000000000219e+01
2.096799999999999997e+01
2.097199999999999775e+01
2.097599999999999909e+01
2.097599999999999909e+01
2.098000000000000043e+01
2.098000000000000043e+01
2.086800000000000210e+01
2.087199999999999989e+01
2.087600000000000122e+01
2.087999999999999901e+01
2.088400000000000034e+01
2.088800000000000168e+01
2.089199999999999946e+01
2.089600000000000080e+01
2.089999999999999858e+01
2.090399999999999991e+01
2.090800000000000125e+01
2.091199999999999903e+01
2.091600000000000037e+01
2.091999999999999815e+01
2.092400000000000304e+01
2.092800000000000082e+01
2.093199999999999861e+01
2.093599999999999994e+01
2.093999999999999773e+01
2.093999999999999773e+01
2.094400000000000261e+01
2.094800000000000040e+01
2.095199999999999818e+01
2.095599999999999952e+01
2.096000000000000085e+01
2.096400000000000219e+01
2.096799999999999997e+01
2.097199999999999775e+01
2.097599999999999909e+01
2.097599999999999909e+01
2.098000000000000043e+01
2.098000000000000043e+01
2.098400000000000176e+01
2.098799999999999955e+01
2.099200000000000088e+01
2.099599999999999866e+01
2.100000000000000000e+01
2.100400000000000134e+01
2.100799999999999912e+01
2.092800000000000082e+01
2.093199999999999861e+01
2.093599999999999994e+01
2.093999999999999773e+01
2.093999999999999773e+01
2.094400000000000261e+01
2.094800000000000040e+01
2.095199999999999818e+01
2.095599999999999952e+01
2.096000000000000085e+01
2.096400000000000219e+01
2.096799999999999997e+01
2.097199999999999775e+01
2.097599999999999909e+01
2.097599999999999909e+01
2.098000000000000043e+01
2.098000000000000043e+01
2.098400000000000176e+01
2.098799999999999955e+01
2.099200000000000088e+01
2.099599999999999866e+01
2.100000000000000000e+01
2.100400000000000134e+01
2.100799999999999912e+01
2.101200000000000045e+01
2.101600000000000179e+01
2.101999999999999957e+01
2.102400000000000091e+01
2.102799999999999869e+01
2.103200000000000003e+01
2.103600000000000136e+01
2.103999999999999915e+01
2.104400000000000048e+01
2.104799999999999827e+01
2.105199999999999960e+01
2.105600000000000094e+01
2.092800000000000082e+01
2.093199999999999861e+01
2.093599999999999994e+01
2.093999999999999773e+01
2.093999999999999773e+01
2.094400000000000261e+01
2.094800000000000040e+01
2.095199999999999818e+01
2.095599999999999952e+01
2.096000000000000085e+01
2.096400000000000219e+01
2.096799999999999997e+01
2.097199999999999775e+01
2.097599999999999909e+01
2.097599999999999909e+01
2.098000000000000043e+01
2.098000000000000043e+01
2.098400000000000176e+01
2.098799999999999955e+01
2.099200000000000088e+01
2.099599999999999866e+01
2.100000000000000000e+01
2.100400000000000134e+01
2.100799999999999912e+01
2.101200000000000045e+01
2.101600000000000179e+01
2.101999999999999957e+01
2.102400000000000091e+01
2.102799999999999869e+01
2.103200000000000003e+01
2.103600000000000136e+01
2.103999999999999915e+01
2.104400000000000048e+01
2.104799999999999827e+01
2.105199999999999960e+01
2.105600000000000094e+01
2.094400000000000261e+01
2.094800000000000040e+01
2.095199999999999818e+01
2.095599999999999952e+01
2.096000000000000085e+01
2.096400000000000219e+01
2.096799999999999997e+01
2.097199999999999775e+01
2.097599999999999909e+01
2.097599999999999909e+01
2.098000000000000043e+01
2.098000000000000043e+01
2.098400000000000176e+01
2.098799999999999955e+01
2.099200000000000088e+01
2.099599999999999866e+01
2.100000000000000000e+01
2.100400000000000134e+01
2.100799999999999912e+01
2.101200000000000045e+01
2.101600000000000179e+01
2.101999999999999957e+01
2.102400000000000091e+01
2.102799999999999869e+01
2.103200000000000003e+01
2.103600000000000136e+01
2.103999999999999915e+01
2.104400000000000048e+01
2.104799999999999827e+01
2.105199999999999960e+01
2.105600000000000094e+01
2.106000000000000227e+01
2.106400000000000006e+01
2.106799999999999784e+01
2.107199999999999918e+01
2.107600000000000051e+01
2.108000000000000185e+01
2.108399999999999963e+01
2.108799999999999741e+01
2.109200000000000230e+01
2.096000000000000085e+01
2.096400000000000219e+01
2.096799999999999997e+01
2.097199999999999775e+01
2.097599999999999909e+01
2.097599999999999909e+01
2.098000000000000043e+01
2.098000000000000043e+01
2.098400000000000176e+01
2.098799999999999955e+01
2.099200000000000088e+01
2.099599999999999866e+01
2.100000000000000000e+01
2.100400000000000134e+01
2.100799999999999912e+01
2.101200000000000045e+01
2.101600000000000179e+01
2.101999999999999957e+01
2.102400000000000091e+01
2.102799999999999869e+01
2.103200000000000003e+01
2.103600000000000136e+01
2.103999999999999915e+01
2.104400000000000048e+01
2.104799999999999827e+01
2.105199999999999960e+01
2.105600000000000094e+01
2.106000000000000227e+01
2.106400000000000006e+01
2.106799999999999784e+01
2.107199999999999918e+01
2.107600000000000051e+01
2.108000000000000185e+01
2.108399999999999963e+01
2.108799999999999741e+01
2.109200000000000230e+01
2.109600000000000009e+01
2.110000000000000142e+01
2.110399999999999920e+01
2.097599999999999909e+01
2.097599999999999909e+01
2.098000000000000043e+01
2.098000000000000043e+01
2.098400000000000176e+01
2.098799999999999955e+01
2.099200000000000088e+01
2.099599999999999866e+01
2.100000000000000000e+01
2.100400000000000134e+01
2.100799999999999912e+01
2.101200000000000045e+01
2.101600000000000179e+01
2.101999999999999957e+01
2.102400000000000091e+01
2.102799999999999869e+01
2.103200000000000003e+01
2.103600000000000136e+01
2.103999999999999915e+01
2.104400000000000048e+01
2.104799999999999827e+01
2.105199999999999960e+01
2.105600000000000094e+01
2.106000000000000227e+01
2.106400000000000006e+01
2.106799999999999784e+01
2.107199999999999918e+01
2.107600000000000051e+01
2.108000000000000185e+01
2.108399999999999963e+01
2.108799999999999741e+01
2.109200000000000230e+01
2.109600000000000009e+01
2.110000000000000142e+01
2.110399999999999920e+01
2.110799999999999699e+01
2.111200000000000188e+01
2.111599999999999966e+01
2.097599999999999909e+01
2.097599999999999909e+01
2.098000000000000043e+01
2.098000000000000043e+01
2.098400000000000176e+01
2.098799999999999955e+01
2.099200000000000088e+01
2.099599999999999866e+01
2.100000000000000000e+01
2.100400000000000134e+01
2.100799999999999912e+01
2.101200000000000045e+01
2.101600000000000179e+01
2.101999999999999957e+01
2.102400000000000091e+01
2.102799999999999869e+01
2.103200000000000003e+01
2.103600000000000136e+01
2.103999999999999915e+01
2.104400000000000048e+01
2.104799999999999827e+01
2.105199999999999960e+01
2.105600000000000094e+01
2.106000000000000227e+01
2.106400000000000006e+01
2.106799999999999784e+01
2.107199999999999918e+01
2.107600000000000051e+01
2.108000000000000185e+01
2.108399999999999963e+01
2.108799999999999741e+01
2.109200000000000230e+01
2.109600000000000009e+01
2.110000000000000142e+01
2.110399999999999920e+01
2.110799999999999699e+01
2.111200000000000188e+01
2.111599999999999966e+01
2.090800000000000125e+01
2.091199999999999903e+01
2.091600000000000037e+01
2.091999999999999815e+01
2.092400000000000304e+01
2.092800000000000082e+01
2.093199999999999861e+01
2.093599999999999994e+01
2.093999999999999773e+01
2.093999999999999773e+01
2.094400000000000261e+01
2.094800000000000040e+01
2.095199999999999818e+01
2.095599999999999952e+01
2.096000000000000085e+01
2.096400000000000219e+01
2.096799999999999997e+01
2.097199999999999775e+01
2.097599999999999909e+01
2.097599999999999909e+01
2.098000000000000043e+01
2.098000000000000043e+01
2.098400000000000176e+01
2.098799999999999955e+01
2.099200000000000088e+01
2.099599999999999866e+01
2.100000000000000000e+01
2.100400000000000134e+01
2.100799999999999912e+01
2.101200000000000045e+01
2.101600000000000179e+01
2.101999999999999957e+01
2.102400000000000091e+01
2.102799999999999869e+01
2.083599999999999852e+01
2.083999999999999986e+01
2.084399999999999764e+01
2.084800000000000253e+01
2.085200000000000031e+01
2.085600000000000165e+01
2.085999999999999943e+01
2.086399999999999721e+01
2.086800000000000210e+01
2.087199999999999989e+01
2.087600000000000122e+01
2.087999999999999901e+01
2.088400000000000034e+01
2.088800000000000168e+01
2.089199999999999946e+01
2.089600000000000080e+01
2.089999999999999858e+01
2.090399999999999991e+01
2.090800000000000125e+01
2.091199999999999903e+01
2.091600000000000037e+01
2.091999999999999815e+01
2.092400000000000304e+01
2.092800000000000082e+01
2.093199999999999861e+01
2.093599999999999994e+01
2.093999999999999773e+01
2.093999999999999773e+01
2.094400000000000261e+01
2.094800000000000040e+01
2.095199999999999818e+01
2.095599999999999952e+01
2.096000000000000085e+01
2.096400000000000219e+01
2.096799999999999997e+01
2.097199999999999775e+01
2.097599999999999909e+01
2.097599999999999909e+01
2.077599999999999980e+01
2.078000000000000114e+01
2.078399999999999892e+01
2.078800000000000026e+01
2.079200000000000159e+01
2.079599999999999937e+01
2.080000000000000071e+01
2.080399999999999849e+01
2.080799999999999983e+01
2.081200000000000117e+01
2.081599999999999895e+01
2.082000000000000028e+01
2.082399999999999807e+01
2.082799999999999940e+01
2.083200000000000074e+01
2.083599999999999852e+01
2.083999999999999986e+01
2.084399999999999764e+01
2.084800000000000253e+01
2.085200000000000031e+01
2.085600000000000165e+01
2.085999999999999943e+01
2.086399999999999721e+01
2.086800000000000210e+01
2.087199999999999989e+01
2.087600000000000122e+01
2.087999999999999901e+01
2.088400000000000034e+01
2.088800000000000168e+01
2.089199999999999946e+01
2.089600000000000080e+01
2.089999999999999858e+01
2.090399999999999991e+01
2.090800000000000125e+01
2.075199999999999889e+01
2.075600000000000023e+01
2.076000000000000156e+01
2.076399999999999935e+01
2.076799999999999713e+01
2.077200000000000202e+01
2.077599999999999980e+01
2.078000000000000114e+01
2.078399999999999892e+01
2.078800000000000026e+01
2.079200000000000159e+01
2.079599999999999937e+01
2.080000000000000071e+01
2.080399999999999849e+01
2.080799999999999983e+01
2.081200000000000117e+01
2.081599999999999895e+01
2.082000000000000028e+01
2.082399999999999807e+01
2.082799999999999940e+01
2.083200000000000074e+01
2.083599999999999852e+01
2.083999999999999986e+01
2.084399999999999764e+01
2.084800000000000253e+01
2.085200000000000031e+01
2.085600000000000165e+01
2.085999999999999943e+01
2.086399999999999721e+01
2.086800000000000210e+01
2.087199999999999989e+01
2.087600000000000122e+01
2.087999999999999901e+01
2.070400000000000063e+01
2.070400000000000063e+01
2.070799999999999841e+01
2.071199999999999974e+01
2.071600000000000108e+01
2.072000000000000242e+01
2.072400000000000020e+01
2.072799999999999798e+01
2.072799999999999798e+01
2.073199999999999932e+01
2.073600000000000065e+01
2.074000000000000199e+01
2.074399999999999977e+01
2.074799999999999756e+01
2.075199999999999889e+01
2.075600000000000023e+01
2.076000000000000156e+01
2.076399999999999935e+01
2.076799999999999713e+01
2.077200000000000202e+01
2.077599999999999980e+01
2.078000000000000114e+01
2.078399999999999892e+01
2.078800000000000026e+01
2.079200000000000159e+01
2.079599999999999937e+01
2.080000000000000071e+01
2.080399999999999849e+01
2.080799999999999983e+01
2.081200000000000117e+01
2.081599999999999895e+01
2.082000000000000028e+01
2.082399999999999807e+01
2.082799999999999940e+01
2.070400000000000063e+01
2.070400000000000063e+01
2.070400000000000063e+01
2.070799999999999841e+01
2.071199999999999974e+01
2.071600000000000108e+01
2.072000000000000242e+01
2.072400000000000020e+01
2.072799999999999798e+01
2.072799999999999798e+01
2.073199999999999932e+01
2.073600000000000065e+01
2.074000000000000199e+01
2.074399999999999977e+01
2.074799999999999756e+01
2.075199999999999889e+01
2.075600000000000023e+01
2.076000000000000156e+01
2.076399999999999935e+01
2.076799999999999713e+01
2.077200000000000202e+01
2.077599999999999980e+01
2.078000000000000114e+01
2.078399999999999892e+01
2.078800000000000026e+01
2.079200000000000159e+01
2.079599999999999937e+01
2.080000000000000071e+01
2.080399999999999849e+01
2.080799999999999983e+01
2.081200000000000117e+01
2.068400000000000105e+01
2.068799999999999883e+01
2.069200000000000017e+01
2.069599999999999795e+01
2.069999999999999929e+01
2.070400000000000063e+01
2.070400000000000063e+01
2.070400000000000063e+01
2.070799999999999841e+01
2.071199999999999974e+01
2.071600000000000108e+01
2.072000000000000242e+01
2.072400000000000020e+01
2.072799999999999798e+01
2.072799999999999798e+01
2.073199999999999932e+01
2.073600000000000065e+01
2.074000000000000199e+01
2.074399999999999977e+01
2.074799999999999756e+01
2.075199999999999889e+01
2.075600000000000023e+01
2.076000000000000156e+01
2.076399999999999935e+01
2.076799999999999713e+01
2.077200000000000202e+01
2.077599999999999980e+01
2.078000000000000114e+01
2.078399999999999892e+01
2.078800000000000026e+01
2.079200000000000159e+01
2.079599999999999937e+01
2.080000000000000071e+01
2.080399999999999849e+01
2.067599999999999838e+01
2.067599999999999838e+01
2.067999999999999972e+01
2.068400000000000105e+01
2.068799999999999883e+01
2.069200000000000017e+01
2.069599999999999795e+01
2.069999999999999929e+01
2.070400000000000063e+01
2.070400000000000063e+01
2.070400000000000063e+01
2.070799999999999841e+01
2.071199999999999974e+01
2.071600000000000108e+01
2.072000000000000242e+01
2.072400000000000020e+01
2.072799999999999798e+01
2.072799999999999798e+01
2.073199999999999932e+01
2.073600000000000065e+01
2.074000000000000199e+01
2.074399999999999977e+01
2.074799999999999756e+01
2.075199999999999889e+01
2.075600000000000023e+01
2.076000000000000156e+01
2.076399999999999935e+01
2.076799999999999713e+01
2.077200000000000202e+01
2.077599999999999980e+01
2.078000000000000114e+01
2.078399999999999892e+01
2.078800000000000026e+01
2.079200000000000159e+01
2.066799999999999926e+01
2.067200000000000060e+01
2.067599999999999838e+01
2.067599999999999838e+01
2.067999999999999972e+01
2.068400000000000105e+01
2.068799999999999883e+01
2.069200000000000017e+01
2.069599999999999795e+01
2.069999999999999929e+01
2.070400000000000063e+01
2.070400000000000063e+01
2.070400000000000063e+01
2.070799999999999841e+01
2.071199999999999974e+01
2.071600000000000108e+01
2.072000000000000242e+01
2.072400000000000020e+01
2.072799999999999798e+01
2.072799999999999798e+01
2.073199999999999932e+01
2.073600000000000065e+01
2.074000000000000199e+01
2.074399999999999977e+01
2.074799999999999756e+01
2.075199999999999889e+01
2.075600000000000023e+01
2.076000000000000156e+01
2.076399999999999935e+01
2.076799999999999713e+01
2.077200000000000202e+01
2.077599999999999980e+01
2.078000000000000114e+01
2.078399999999999892e+01
2.078800000000000026e+01
2.065200000000000102e+01
2.065599999999999881e+01
2.066000000000000014e+01
2.066400000000000148e+01
2.066799999999999926e+01
2.066799999999999926e+01
2.067200000000000060e+01
2.067599999999999838e+01
2.067599999999999838e+01
2.067999999999999972e+01
2.068400000000000105e+01
2.068799999999999883e+01
2.069200000000000017e+01
2.069599999999999795e+01
2.069999999999999929e+01
2.070400000000000063e+01
2.070400000000000063e+01
2.070400000000000063e+01
2.070799999999999841e+01
2.071199999999999974e+01
2.071600000000000108e+01
2.072000000000000242e+01
2.072400000000000020e+01
2.072799999999999798e+01
2.072799999999999798e+01
2.073199999999999932e+01
2.073600000000000065e+01
2.074000000000000199e+01
2.074399999999999977e+01
2.074799999999999756e+01
2.075199999999999889e+01
2.075600000000000023e+01
2.076000000000000156e+01
2.076399999999999935e+01
2.076799999999999713e+01
2.077200000000000202e+01
2.065200000000000102e+01
2.065599999999999881e+01
2.066000000000000014e+01
2.066400000000000148e+01
2.066799999999999926e+01
2.066799999999999926e+01
2.067200000000000060e+01
2.067599999999999838e+01
2.067599999999999838e+01
2.067999999999999972e+01
2.068400000000000105e+01
2.068799999999999883e+01
2.069200000000000017e+01
2.069599999999999795e+01
2.069999999999999929e+01
2.070400000000000063e+01
2.070400000000000063e+01
2.070400000000000063e+01
2.070799999999999841e+01
2.071199999999999974e+01
2.071600000000000108e+01
2.072000000000000242e+01
2.072400000000000020e+01
2.072799999999999798e+01
2.072799999999999798e+01
2.073199999999999932e+01
2.073600000000000065e+01
2.074000000000000199e+01
2.074399999999999977e+01
2.074799999999999756e+01
2.075199999999999889e+01
2.075600000000000023e+01
2.076000000000000156e+01
2.076399999999999935e+01
2.076799999999999713e+01
2.077200000000000202e+01
2.064400000000000190e+01
2.064799999999999969e+01
2.065200000000000102e+01
2.065599999999999881e+01
2.066000000000000014e+01
2.066400000000000148e+01
2.066799999999999926e+01
2.066799999999999926e+01
2.067200000000000060e+01
2.067599999999999838e+01
2.067599999999999838e+01
2.067999999999999972e+01
2.068400000000000105e+01
2.068799999999999883e+01
2.069200000000000017e+01
2.069599999999999795e+01
2.069999999999999929e+01
2.070400000000000063e+01
2.070400000000000063e+01
2.070400000000000063e+01
2.070799999999999841e+01
2.071199999999999974e+01
2.071600000000000108e+01
2.072000000000000242e+01
2.072400000000000020e+01
2.072799999999999798e+01
2.072799999999999798e+01
2.073199999999999932e+01
2.073600000000000065e+01
2.074000000000000199e+01
2.074399999999999977e+01
2.074799999999999756e+01
2.075199999999999889e+01
2.075600000000000023e+01
2.076000000000000156e+01
2.076399999999999935e+01
2.063599999999999923e+01
2.064000000000000057e+01
2.064400000000000190e+01
2.064799999999999969e+01
2.065200000000000102e+01
2.065599999999999881e+01
2.066000000000000014e+01
2.066400000000000148e+01
2.066799999999999926e+01
2.066799999999999926e+01
2.067200000000000060e+01
2.067599999999999838e+01
2.067599999999999838e+01
2.067999999999999972e+01
2.068400000000000105e+01
2.068799999999999883e+01
2.069200000000000017e+01
2.069599999999999795e+01
2.069999999999999929e+01
2.070400000000000063e+01
2.070400000000000063e+01
2.070400000000000063e+01
2.070799999999999841e+01
2.071199999999999974e+01
2.071600000000000108e+01
2.072000000000000242e+01
2.072400000000000020e+01
2.072799999999999798e+01
2.072799999999999798e+01
2.073199999999999932e+01
2.073600000000000065e+01
2.074000000000000199e+01
2.074399999999999977e+01
2.074799999999999756e+01
2.075199999999999889e+01
2.075600000000000023e+01
2.076000000000000156e+01
2.061999999999999744e+01
2.062400000000000233e+01
2.062800000000000011e+01
2.063200000000000145e+01
2.063200000000000145e+01
2.063599999999999923e+01
2.064000000000000057e+01
2.064400000000000190e+01
2.064799999999999969e+01
2.065200000000000102e+01
2.065599999999999881e+01
2.066000000000000014e+01
2.066400000000000148e+01
2.066799999999999926e+01
2.066799999999999926e+01
2.067200000000000060e+01
2.067599999999999838e+01
2.067599999999999838e+01
2.067999999999999972e+01
2.068400000000000105e+01
2.068799999999999883e+01
2.069200000000000017e+01
2.069599999999999795e+01
2.069999999999999929e+01
2.070400000000000063e+01
2.070400000000000063e+01
2.070400000000000063e+01
2.070799999999999841e+01
2.071199999999999974e+01
2.071600000000000108e+01
2.072000000000000242e+01
2.072400000000000020e+01
2.072799999999999798e+01
2.072799999999999798e+01
2.058400000000000318e+01
2.058800000000000097e+01
2.059199999999999875e+01
2.059600000000000009e+01
2.059999999999999787e+01
2.060400000000000276e+01
2.060800000000000054e+01
2.061199999999999832e+01
2.061599999999999966e+01
2.061999999999999744e+01
2.062400000000000233e+01
2.062800000000000011e+01
2.063200000000000145e+01
2.063200000000000145e+01
2.063599999999999923e+01
2.064000000000000057e+01
2.064400000000000190e+01
2.064799999999999969e+01
2.065200000000000102e+01
2.065599999999999881e+01
2.066000000000000014e+01
2.066400000000000148e+01
2.066799999999999926e+01
2.066799999999999926e+01
2.067200000000000060e+01
2.067599999999999838e+01
2.067599999999999838e+01
2.067999999999999972e+01
2.068400000000000105e+01
2.068799999999999883e+01
2.069200000000000017e+01
2.069599999999999795e+01
2.069999999999999929e+01
2.070400000000000063e+01
2.070400000000000063e+01
2.052399999999999736e+01
2.052800000000000225e+01
2.053200000000000003e+01
2.053600000000000136e+01
2.053999999999999915e+01
2.054399999999999693e+01
2.054800000000000182e+01
2.054800000000000182e+01
2.055199999999999960e+01
2.055600000000000094e+01
2.055999999999999872e+01
2.056400000000000006e+01
2.056800000000000139e+01
2.057199999999999918e+01
2.057600000000000051e+01
2.057999999999999829e+01
2.057999999999999829e+01
2.058400000000000318e+01
2.058800000000000097e+01
2.059199999999999875e+01
2.059600000000000009e+01
2.059999999999999787e+01
2.060400000000000276e+01
2.060800000000000054e+01
2.061199999999999832e+01
2.061599999999999966e+01
2.061999999999999744e+01
2.062400000000000233e+01
2.062800000000000011e+01
2.063200000000000145e+01
2.063200000000000145e+01
2.063599999999999923e+01
2.064000000000000057e+01
2.064400000000000190e+01
2.064799999999999969e+01
2.065200000000000102e+01
2.065599999999999881e+01
2.066000000000000014e+01
2.066400000000000148e+01
2.052399999999999736e+01
2.052800000000000225e+01
2.053200000000000003e+01
2.053600000000000136e+01
2.053999999999999915e+01
2.054399999999999693e+01
2.054800000000000182e+01
2.054800000000000182e+01
2.055199999999999960e+01
2.055600000000000094e+01
2.055999999999999872e+01
2.056400000000000006e+01
2.056800000000000139e+01
2.057199999999999918e+01
2.057600000000000051e+01
2.057999999999999829e+01
2.057999999999999829e+01
2.058400000000000318e+01
2.058800000000000097e+01
2.059199999999999875e+01
2.059600000000000009e+01
2.059999999999999787e+01
2.060400000000000276e+01
2.060800000000000054e+01
2.061199999999999832e+01
2.061599999999999966e+01
2.061999999999999744e+01
2.062400000000000233e+01
2.062800000000000011e+01
2.063200000000000145e+01
2.063200000000000145e+01
2.063599999999999923e+01
2.064000000000000057e+01
2.064400000000000190e+01
2.064799999999999969e+01
2.065200000000000102e+01
2.065599999999999881e+01
2.066000000000000014e+01
2.066400000000000148e+01
2.051200000000000045e+01
2.051600000000000179e+01
2.051999999999999957e+01
2.052399999999999736e+01
2.052800000000000225e+01
2.053200000000000003e+01
2.053600000000000136e+01
2.053999999999999915e+01
2.054399999999999693e+01
2.054800000000000182e+01
2.054800000000000182e+01
2.055199999999999960e+01
2.055600000000000094e+01
2.055999999999999872e+01
2.056400000000000006e+01
2.056800000000000139e+01
2.057199999999999918e+01
2.057600000000000051e+01
2.057999999999999829e+01
2.057999999999999829e+01
2.058400000000000318e+01
2.058800000000000097e+01
2.059199999999999875e+01
2.059600000000000009e+01
2.059999999999999787e+01
2.060400000000000276e+01
2.060800000000000054e+01
2.061199999999999832e+01
2.061599999999999966e+01
2.061999999999999744e+01
2.062400000000000233e+01
2.062800000000000011e+01
2.063200000000000145e+01
2.063200000000000145e+01
2.063599999999999923e+01
2.064000000000000057e+01
2.064400000000000190e+01
2.050000000000000000e+01
2.050399999999999778e+01
2.050799999999999912e+01
2.051200000000000045e+01
2.051600000000000179e+01
2.051999999999999957e+01
2.052399999999999736e+01
2.052800000000000225e+01
2.053200000000000003e+01
2.053600000000000136e+01
2.053999999999999915e+01
2.054399999999999693e+01
2.054800000000000182e+01
2.054800000000000182e+01
2.055199999999999960e+01
2.055600000000000094e+01
2.055999999999999872e+01
2.056400000000000006e+01
2.056800000000000139e+01
2.057199999999999918e+01
2.057600000000000051e+01
2.057999999999999829e+01
2.057999999999999829e+01
2.058400000000000318e+01
2.058800000000000097e+01
2.059199999999999875e+01
2.059600000000000009e+01
2.059999999999999787e+01
2.060400000000000276e+01
2.060800000000000054e+01
2.061199999999999832e+01
2.061599999999999966e+01
2.061999999999999744e+01
2.062400000000000233e+01
2.062800000000000011e+01
2.063200000000000145e+01
2.063200000000000145e+01
2.049600000000000222e+01
2.050000000000000000e+01
2.050399999999999778e+01
2.050799999999999912e+01
2.051200000000000045e+01
2.051600000000000179e+01
2.051999999999999957e+01
2.052399999999999736e+01
2.052800000000000225e+01
2.053200000000000003e+01
2.053600000000000136e+01
2.053999999999999915e+01
2.054399999999999693e+01
2.054800000000000182e+01
2.054800000000000182e+01
2.055199999999999960e+01
2.055600000000000094e+01
2.055999999999999872e+01
2.056400000000000006e+01
2.056800000000000139e+01
2.057199999999999918e+01
2.057600000000000051e+01
2.057999999999999829e+01
2.057999999999999829e+01
2.058400000000000318e+01
2.058800000000000097e+01
2.059199999999999875e+01
2.059600000000000009e+01
2.059999999999999787e+01
2.060400000000000276e+01
2.060800000000000054e+01
2.061199999999999832e+01
2.061599999999999966e+01
2.061999999999999744e+01
2.062400000000000233e+01
2.062800000000000011e+01
2.063200000000000145e+01
2.051200000000000045e+01
2.051600000000000179e+01
2.051999999999999957e+01
2.052399999999999736e+01
2.052800000000000225e+01
2.053200000000000003e+01
2.053600000000000136e+01
2.053999999999999915e+01
2.054399999999999693e+01
2.054800000000000182e+01
2.054800000000000182e+01
2.055199999999999960e+01
2.055600000000000094e+01
2.055999999999999872e+01
2.056400000000000006e+01
2.056800000000000139e+01
2.057199999999999918e+01
2.057600000000000051e+01
2.057999999999999829e+01
2.057999999999999829e+01
2.058400000000000318e+01
2.058800000000000097e+01
2.059199999999999875e+01
2.059600000000000009e+01
2.059999999999999787e+01
2.060400000000000276e+01
2.060800000000000054e+01
2.061199999999999832e+01
2.061599999999999966e+01
2.061999999999999744e+01
2.062400000000000233e+01
2.062800000000000011e+01
2.063200000000000145e+01
2.063200000000000145e+01
2.063599999999999923e+01
2.064000000000000057e+01
2.064400000000000190e+01
2.052399999999999736e+01
2.052800000000000225e+01
2.053200000000000003e+01
2.053600000000000136e+01
2.053999999999999915e+01
2.054399999999999693e+01
2.054800000000000182e+01
2.054800000000000182e+01
2.055199999999999960e+01
2.055600000000000094e+01
2.055999999999999872e+01
2.056400000000000006e+01
2.056800000000000139e+01
2.057199999999999918e+01
2.057600000000000051e+01
2.057999999999999829e+01
2.057999999999999829e+01
2.058400000000000318e+01
2.058800000000000097e+01
2.059199999999999875e+01
2.059600000000000009e+01
2.059999999999999787e+01
2.060400000000000276e+01
2.060800000000000054e+01
2.061199999999999832e+01
2.061599999999999966e+01
2.061999999999999744e+01
2.062400000000000233e+01
2.062800000000000011e+01
2.063200000000000145e+01
2.063200000000000145e+01
2.063599999999999923e+01
2.064000000000000057e+01
2.064400000000000190e+01
2.064799999999999969e+01
2.065200000000000102e+01
2.065599999999999881e+01
2.055199999999999960e+01
2.055600000000000094e+01
2.055999999999999872e+01
2.056400000000000006e+01
2.056800000000000139e+01
2.057199999999999918e+01
2.057600000000000051e+01
2.057999999999999829e+01
2.057999999999999829e+01
2.058400000000000318e+01
2.058800000000000097e+01
2.059199999999999875e+01
2.059600000000000009e+01
2.059999999999999787e+01
2.060400000000000276e+01
2.060800000000000054e+01
2.061199999999999832e+01
2.061599999999999966e+01
2.061999999999999744e+01
2.062400000000000233e+01
2.062800000000000011e+01
2.063200000000000145e+01
2.063200000000000145e+01
2.063599999999999923e+01
2.064000000000000057e+01
2.064400000000000190e+01
2.064799999999999969e+01
2.065200000000000102e+01
2.065599999999999881e+01
2.066000000000000014e+01
2.066400000000000148e+01
2.066799999999999926e+01
2.056800000000000139e+01
2.057199999999999918e+01
2.057600000000000051e+01
2.057999999999999829e+01
2.057999999999999829e+01
2.058400000000000318e+01
2.058800000000000097e+01
2.059199999999999875e+01
2.059600000000000009e+01
2.059999999999999787e+01
2.060400000000000276e+01
2.060800000000000054e+01
2.061199999999999832e+01
2.061599999999999966e+01
2.061999999999999744e+01
2.062400000000000233e+01
2.062800000000000011e+01
2.063200000000000145e+01
2.063200000000000145e+01
2.063599999999999923e+01
2.064000000000000057e+01
2.064400000000000190e+01
2.064799999999999969e+01
2.065200000000000102e+01
2.065599999999999881e+01
2.066000000000000014e+01
2.066400000000000148e+01
2.066799999999999926e+01
2.066799999999999926e+01
2.067200000000000060e+01
2.067599999999999838e+01
2.067599999999999838e+01
2.067999999999999972e+01
2.059600000000000009e+01
2.059999999999999787e+01
2.060400000000000276e+01
2.060800000000000054e+01
2.061199999999999832e+01
2.061599999999999966e+01
2.061999999999999744e+01
2.062400000000000233e+01
2.062800000000000011e+01
2.063200000000000145e+01
2.063200000000000145e+01
2.063599999999999923e+01
2.064000000000000057e+01
2.064400000000000190e+01
2.064799999999999969e+01
2.065200000000000102e+01
2.065599999999999881e+01
2.066000000000000014e+01
2.066400000000000148e+01
2.066799999999999926e+01
2.066799999999999926e+01
2.067200000000000060e+01
2.067599999999999838e+01
2.067599999999999838e+01
2.067999999999999972e+01
2.068400000000000105e+01
2.068799999999999883e+01
2.069200000000000017e+01
2.069599999999999795e+01
2.069999999999999929e+01
2.062400000000000233e+01
2.062800000000000011e+01
2.063200000000000145e+01
2.063200000000000145e+01
2.063599999999999923e+01
2.064000000000000057e+01
2.064400000000000190e+01
2.064799999999999969e+01
2.065200000000000102e+01
2.065599999999999881e+01
2.066000000000000014e+01
2.066400000000000148e+01
2.066799999999999926e+01
2.066799999999999926e+01
2.067200000000000060e+01
2.067599999999999838e+01
2.067599999999999838e+01
2.067999999999999972e+01
2.068400000000000105e+01
2.068799999999999883e+01
2.069200000000000017e+01
2.069599999999999795e+01
2.069999999999999929e+01
2.070400000000000063e+01
2.070400000000000063e+01
2.070400000000000063e+01
2.070799999999999841e+01
2.071199999999999974e+01
2.071600000000000108e+01
2.072000000000000242e+01
2.072400000000000020e+01
2.072799999999999798e+01
2.072799999999999798e+01
2.064799999999999969e+01
2.065200000000000102e+01
2.065599999999999881e+01
2.066000000000000014e+01
2.066400000000000148e+01
2.066799999999999926e+01
2.066799999999999926e+01
2.067200000000000060e+01
2.067599999999999838e+01
2.067599999999999838e+01
2.067999999999999972e+01
2.068400000000000105e+01
2.068799999999999883e+01
2.069200000000000017e+01
2.069599999999999795e+01
2.069999999999999929e+01
2.070400000000000063e+01
2.070400000000000063e+01
2.070400000000000063e+01
2.070799999999999841e+01
2.071199999999999974e+01
2.071600000000000108e+01
2.072000000000000242e+01
2.072400000000000020e+01
2.072799999999999798e+01
2.072799999999999798e+01
2.073199999999999932e+01
2.073600000000000065e+01
2.074000000000000199e+01
2.074399999999999977e+01
2.074799999999999756e+01
2.075199999999999889e+01
2.075600000000000023e+01
2.076000000000000156e+01
2.066400000000000148e+01
2.066799999999999926e+01
2.066799999999999926e+01
2.067200000000000060e+01
2.067599999999999838e+01
2.067599999999999838e+01
2.067999999999999972e+01
2.068400000000000105e+01
2.068799999999999883e+01
2.069200000000000017e+01
2.069599999999999795e+01
2.069999999999999929e+01
2.070400000000000063e+01
2.070400000000000063e+01
2.070400000000000063e+01
2.070799999999999841e+01
2.071199999999999974e+01
2.071600000000000108e+01
2.072000000000000242e+01
2.072400000000000020e+01
2.072799999999999798e+01
2.072799999999999798e+01
2.073199999999999932e+01
2.073600000000000065e+01
2.074000000000000199e+01
2.074399999999999977e+01
2.074799999999999756e+01
2.075199999999999889e+01
2.075600000000000023e+01
2.076000000000000156e+01
2.076399999999999935e+01
2.068400000000000105e+01
2.068799999999999883e+01
2.069200000000000017e+01
2.069599999999999795e+01
2.069999999999999929e+01
2.070400000000000063e+01
2.070400000000000063e+01
2.070400000000000063e+01
2.070799999999999841e+01
2.071199999999999974e+01
2.071600000000000108e+01
2.072000000000000242e+01
2.072400000000000020e+01
2.072799999999999798e+01
2.072799999999999798e+01
2.073199999999999932e+01
2.073600000000000065e+01
2.074000000000000199e+01
2.074399999999999977e+01
2.074799999999999756e+01
2.075199999999999889e+01
2.075600000000000023e+01
2.076000000000000156e+01
2.076399999999999935e+01
2.076799999999999713e+01
2.077200000000000202e+01
2.077599999999999980e+01
2.078000000000000114e+01
2.078399999999999892e+01
2.078800000000000026e+01
2.079200000000000159e+01
2.079599999999999937e+01
2.070400000000000063e+01
2.070799999999999841e+01
2.071199999999999974e+01
2.071600000000000108e+01
2.072000000000000242e+01
2.072400000000000020e+01
2.072799999999999798e+01
2.072799999999999798e+01
2.073199999999999932e+01
2.073600000000000065e+01
2.074000000000000199e+01
2.074399999999999977e+01
2.074799999999999756e+01
2.075199999999999889e+01
2.075600000000000023e+01
2.076000000000000156e+01
2.076399999999999935e+01
2.076799999999999713e+01
2.077200000000000202e+01
2.077599999999999980e+01
2.078000000000000114e+01
2.078399999999999892e+01
2.078800000000000026e+01
2.079200000000000159e+01
2.079599999999999937e+01
2.080000000000000071e+01
2.080399999999999849e+01
2.080799999999999983e+01
2.081200000000000117e+01
2.081599999999999895e+01
2.082000000000000028e+01
2.082399999999999807e+01
2.082799999999999940e+01
2.083200000000000074e+01
2.083599999999999852e+01
2.071600000000000108e+01
2.072000000000000242e+01
2.072400000000000020e+01
2.072799999999999798e+01
2.072799999999999798e+01
2.073199999999999932e+01
2.073600000000000065e+01
2.074000000000000199e+01
2.074399999999999977e+01
2.074799999999999756e+01
2.075199999999999889e+01
2.075600000000000023e+01
2.076000000000000156e+01
2.076399999999999935e+01
2.076799999999999713e+01
2.077200000000000202e+01
2.077599999999999980e+01
2.078000000000000114e+01
2.078399999999999892e+01
2.078800000000000026e+01
2.079200000000000159e+01
2.079599999999999937e+01
2.080000000000000071e+01
2.080399999999999849e+01
2.080799999999999983e+01
2.081200000000000117e+01
2.081599999999999895e+01
2.082000000000000028e+01
2.082399999999999807e+01
2.082799999999999940e+01
2.083200000000000074e+01
2.083599999999999852e+01
2.083999999999999986e+01
2.072400000000000020e+01
2.072799999999999798e+01
2.072799999999999798e+01
2.073199999999999932e+01
2.073600000000000065e+01
2.074000000000000199e+01
2.074399999999999977e+01
2.074799999999999756e+01
2.075199999999999889e+01
2.075600000000000023e+01
2.076000000000000156e+01
2.076399999999999935e+01
2.076799999999999713e+01
2.077200000000000202e+01
2.077599999999999980e+01
2.078000000000000114e+01
2.078399999999999892e+01
2.078800000000000026e+01
2.079200000000000159e+01
2.079599999999999937e+01
2.080000000000000071e+01
2.080399999999999849e+01
2.080799999999999983e+01
2.081200000000000117e+01
2.081599999999999895e+01
2.082000000000000028e+01
2.082399999999999807e+01
2.082799999999999940e+01
2.083200000000000074e+01
2.083599999999999852e+01
2.083999999999999986e+01
2.084399999999999764e+01
2.084800000000000253e+01
2.085200000000000031e+01
2.068799999999999883e+01
2.069200000000000017e+01
2.069599999999999795e+01
2.069999999999999929e+01
2.070400000000000063e+01
2.070400000000000063e+01
2.070400000000000063e+01
2.070799999999999841e+01
2.071199999999999974e+01
2.071600000000000108e+01
2.072000000000000242e+01
2.072400000000000020e+01
2.072799999999999798e+01
2.072799999999999798e+01
2.073199999999999932e+01
2.073600000000000065e+01
2.074000000000000199e+01
2.074399999999999977e+01
2.074799999999999756e+01
2.075199999999999889e+01
2.075600000000000023e+01
2.076000000000000156e+01
2.076399999999999935e+01
2.076799999999999713e+01
2.077200000000000202e+01
2.077599999999999980e+01
2.078000000000000114e+01
2.078399999999999892e+01
2.078800000000000026e+01
2.079200000000000159e+01
2.079599999999999937e+01
2.080000000000000071e+01
2.080399999999999849e+01
2.080799999999999983e+01
2.064400000000000190e+01
2.064799999999999969e+01
2.065200000000000102e+01
2.065599999999999881e+01
2.066000000000000014e+01
2.066400000000000148e+01
2.066799999999999926e+01
2.066799999999999926e+01
2.067200000000000060e+01
2.067599999999999838e+01
2.067599999999999838e+01
2.067999999999999972e+01
2.068400000000000105e+01
2.068799999999999883e+01
2.069200000000000017e+01
2.069599999999999795e+01
2.069999999999999929e+01
2.070400000000000063e+01
2.070400000000000063e+01
2.070400000000000063e+01
2.070799999999999841e+01
2.071199999999999974e+01
2.071600000000000108e+01
2.072000000000000242e+01
2.072400000000000020e+01
2.072799999999999798e+01
2.072799999999999798e+01
2.073199999999999932e+01
2.073600000000000065e+01
2.074000000000000199e+01
2.074399999999999977e+01
2.074799999999999756e+01
2.075199999999999889e+01
2.075600000000000023e+01
2.076000000000000156e+01
2.076399999999999935e+01
2.061999999999999744e+01
2.062400000000000233e+01
2.062800000000000011e+01
2.063200000000000145e+01
2.063200000000000145e+01
2.063599999999999923e+01
2.064000000000000057e+01
2.064400000000000190e+01
2.064799999999999969e+01
2.065200000000000102e+01
2.065599999999999881e+01
2.066000000000000014e+01
2.066400000000000148e+01
2.066799999999999926e+01
2.066799999999999926e+01
2.067200000000000060e+01
2.067599999999999838e+01
2.067599999999999838e+01
2.067999999999999972e+01
2.068400000000000105e+01
2.068799999999999883e+01
2.069200000000000017e+01
2.069599999999999795e+01
2.069999999999999929e+01
2.070400000000000063e+01
2.070400000000000063e+01
2.070400000000000063e+01
2.070799999999999841e+01
2.071199999999999974e+01
2.071600000000000108e+01
2.072000000000000242e+01
2.072400000000000020e+01
2.072799999999999798e+01
2.072799999999999798e+01
2.063200000000000145e+01
2.063599999999999923e+01
2.064000000000000057e+01
2.064400000000000190e+01
2.064799999999999969e+01
2.065200000000000102e+01
2.065599999999999881e+01
2.066000000000000014e+01
2.066400000000000148e+01
2.066799999999999926e+01
2.066799999999999926e+01
2.067200000000000060e+01
2.067599999999999838e+01
2.067599999999999838e+01
2.067999999999999972e+01
2.068400000000000105e+01
2.068799999999999883e+01
2.069200000000000017e+01
2.069599999999999795e+01
2.069999999999999929e+01
2.070400000000000063e+01
2.070400000000000063e+01
2.070400000000000063e+01
2.070799999999999841e+01
2.071199999999999974e+01
2.071600000000000108e+01
2.072000000000000242e+01
2.072400000000000020e+01
2.072799999999999798e+01
2.072799999999999798e+01
2.073199999999999932e+01
2.073600000000000065e+01
2.074000000000000199e+01
2.074399999999999977e+01
2.066799999999999926e+01
2.066799999999999926e+01
2.067200000000000060e+01
2.067599999999999838e+01
2.067599999999999838e+01
2.067999999999999972e+01
2.068400000000000105e+01
2.068799999999999883e+01
2.069200000000000017e+01
2.069599999999999795e+01
2.069999999999999929e+01
2.070400000000000063e+01
2.070400000000000063e+01
2.070400000000000063e+01
2.070799999999999841e+01
2.071199999999999974e+01
2.071600000000000108e+01
2.072000000000000242e+01
2.072400000000000020e+01
2.072799999999999798e+01
2.072799999999999798e+01
2.073199999999999932e+01
2.073600000000000065e+01
2.074000000000000199e+01
2.074399999999999977e+01
2.074799999999999756e+01
2.075199999999999889e+01
2.075600000000000023e+01
2.076000000000000156e+01
2.076399999999999935e+01
2.076799999999999713e+01
2.077200000000000202e+01
2.077599999999999980e+01
2.078000000000000114e+01
2.069599999999999795e+01
2.069999999999999929e+01
2.070400000000000063e+01
2.070400000000000063e+01
2.070400000000000063e+01
2.070799999999999841e+01
2.071199999999999974e+01
2.071600000000000108e+01
2.072000000000000242e+01
2.072400000000000020e+01
2.072799999999999798e+01
2.072799999999999798e+01
2.073199999999999932e+01
2.073600000000000065e+01
2.074000000000000199e+01
2.074399999999999977e+01
2.074799999999999756e+01
2.075199999999999889e+01
2.075600000000000023e+01
2.076000000000000156e+01
2.076399999999999935e+01
2.076799999999999713e+01
2.077200000000000202e+01
2.077599999999999980e+01
2.078000000000000114e+01
2.078399999999999892e+01
2.078800000000000026e+01
2.079200000000000159e+01
2.079599999999999937e+01
2.080000000000000071e+01
2.080399999999999849e+01
2.080799999999999983e+01
2.070799999999999841e+01
2.071199999999999974e+01
2.071600000000000108e+01
2.072000000000000242e+01
2.072400000000000020e+01
2.072799999999999798e+01
2.072799999999999798e+01
2.073199999999999932e+01
2.073600000000000065e+01
2.074000000000000199e+01
2.074399999999999977e+01
2.074799999999999756e+01
2.075199999999999889e+01
2.075600000000000023e+01
2.076000000000000156e+01
2.076399999999999935e+01
2.076799999999999713e+01
2.077200000000000202e+01
2.077599999999999980e+01
2.078000000000000114e+01
2.078399999999999892e+01
2.078800000000000026e+01
2.079200000000000159e+01
2.079599999999999937e+01
2.080000000000000071e+01
2.080399999999999849e+01
2.080799999999999983e+01
2.081200000000000117e+01
2.081599999999999895e+01
2.082000000000000028e+01
2.082399999999999807e+01
2.082799999999999940e+01
2.083200000000000074e+01
2.068400000000000105e+01
2.068799999999999883e+01
2.069200000000000017e+01
2.069599999999999795e+01
2.069999999999999929e+01
2.070400000000000063e+01
2.070400000000000063e+01
2.070400000000000063e+01
2.070799999999999841e+01
2.071199999999999974e+01
2.071600000000000108e+01
2.072000000000000242e+01
2.072400000000000020e+01
2.072799999999999798e+01
2.072799999999999798e+01
2.073199999999999932e+01
2.073600000000000065e+01
2.074000000000000199e+01
2.074399999999999977e+01
2.074799999999999756e+01
2.075199999999999889e+01
2.075600000000000023e+01
2.076000000000000156e+01
2.076399999999999935e+01
2.076799999999999713e+01
2.077200000000000202e+01
2.077599999999999980e+01
2.078000000000000114e+01
2.078399999999999892e+01
2.078800000000000026e+01
2.079200000000000159e+01
2.079599999999999937e+01
2.080000000000000071e+01
2.080399999999999849e+01
2.061999999999999744e+01
2.062400000000000233e+01
2.062800000000000011e+01
2.063200000000000145e+01
2.063200000000000145e+01
2.063599999999999923e+01
2.064000000000000057e+01
2.064400000000000190e+01
2.064799999999999969e+01
2.065200000000000102e+01
2.065599999999999881e+01
2.066000000000000014e+01
2.066400000000000148e+01
2.066799999999999926e+01
2.066799999999999926e+01
2.067200000000000060e+01
2.067599999999999838e+01
2.067599999999999838e+01
2.067999999999999972e+01
2.068400000000000105e+01
2.068799999999999883e+01
2.069200000000000017e+01
2.069599999999999795e+01
2.069999999999999929e+01
2.070400000000000063e+01
2.070400000000000063e+01
2.070400000000000063e+01
2.070799999999999841e+01
2.071199999999999974e+01
2.071600000000000108e+01
2.072000000000000242e+01
2.072400000000000020e+01
2.072799999999999798e+01
2.072799999999999798e+01
2.057999999999999829e+01
2.057999999999999829e+01
2.058400000000000318e+01
2.058800000000000097e+01
2.059199999999999875e+01
2.059600000000000009e+01
2.059999999999999787e+01
2.060400000000000276e+01
2.060800000000000054e+01
2.061199999999999832e+01
2.061599999999999966e+01
2.061999999999999744e+01
2.062400000000000233e+01
2.062800000000000011e+01
2.063200000000000145e+01
2.063200000000000145e+01
2.063599999999999923e+01
2.064000000000000057e+01
2.064400000000000190e+01
2.064799999999999969e+01
2.065200000000000102e+01
2.065599999999999881e+01
2.066000000000000014e+01
2.066400000000000148e+01
2.066799999999999926e+01
2.066799999999999926e+01
2.067200000000000060e+01
2.067599999999999838e+01
2.067599999999999838e+01
2.067999999999999972e+01
2.068400000000000105e+01
2.068799999999999883e+01
2.069200000000000017e+01
2.069599999999999795e+01
2.069999999999999929e+01
2.063200000000000145e+01
2.063599999999999923e+01
2.064000000000000057e+01
2.064400000000000190e+01
2.064799999999999969e+01
2.065200000000000102e+01
2.065599999999999881e+01
2.066000000000000014e+01
2.066400000000000148e+01
2.066799999999999926e+01
2.066799999999999926e+01
2.067200000000000060e+01
2.067599999999999838e+01
2.067599999999999838e+01
2.067999999999999972e+01
2.068400000000000105e+01
2.068799999999999883e+01
2.069200000000000017e+01
2.069599999999999795e+01
2.069999999999999929e+01
2.070400000000000063e+01
2.070400000000000063e+01
2.070400000000000063e+01
2.070799999999999841e+01
2.071199999999999974e+01
2.071600000000000108e+01
2.072000000000000242e+01
2.072400000000000020e+01
2.072799999999999798e+01
2.072799999999999798e+01
2.067999999999999972e+01
2.068400000000000105e+01
2.068799999999999883e+01
2.069200000000000017e+01
2.069599999999999795e+01
2.069999999999999929e+01
2.070400000000000063e+01
2.070400000000000063e+01
2.070400000000000063e+01
2.070799999999999841e+01
2.071199999999999974e+01
2.071600000000000108e+01
2.072000000000000242e+01
2.072400000000000020e+01
2.072799999999999798e+01
2.072799999999999798e+01
2.073199999999999932e+01
2.073600000000000065e+01
2.074000000000000199e+01
2.074399999999999977e+01
2.074799999999999756e+01
2.075199999999999889e+01
2.075600000000000023e+01
2.076000000000000156e+01
2.076399999999999935e+01
2.076799999999999713e+01
2.077200000000000202e+01
2.077599999999999980e+01
2.078000000000000114e+01
2.078399999999999892e+01
2.078800000000000026e+01
2.070400000000000063e+01
2.070400000000000063e+01
2.070400000000000063e+01
2.070799999999999841e+01
2.071199999999999974e+01
2.071600000000000108e+01
2.072000000000000242e+01
2.072400000000000020e+01
2.072799999999999798e+01
2.072799999999999798e+01
2.073199999999999932e+01
2.073600000000000065e+01
2.074000000000000199e+01
2.074399999999999977e+01
2.074799999999999756e+01
2.075199999999999889e+01
2.075600000000000023e+01
2.076000000000000156e+01
2.076399999999999935e+01
2.076799999999999713e+01
2.077200000000000202e+01
2.077599999999999980e+01
2.078000000000000114e+01
2.078399999999999892e+01
2.078800000000000026e+01
2.079200000000000159e+01
2.079599999999999937e+01
2.080000000000000071e+01
2.080399999999999849e+01
2.080799999999999983e+01
2.081200000000000117e+01
2.070400000000000063e+01
2.070400000000000063e+01
2.070799999999999841e+01
2.071199999999999974e+01
2.071600000000000108e+01
2.072000000000000242e+01
2.072400000000000020e+01
2.072799999999999798e+01
2.072799999999999798e+01
2.073199999999999932e+01
2.073600000000000065e+01
2.074000000000000199e+01
2.074399999999999977e+01
2.074799999999999756e+01
2.075199999999999889e+01
2.075600000000000023e+01
2.076000000000000156e+01
2.076399999999999935e+01
2.076799999999999713e+01
2.077200000000000202e+01
2.077599999999999980e+01
2.078000000000000114e+01
2.078399999999999892e+01
2.078800000000000026e+01
2.079200000000000159e+01
2.079599999999999937e+01
2.080000000000000071e+01
2.080399999999999849e+01
2.080799999999999983e+01
2.081200000000000117e+01
2.081599999999999895e+01
2.082000000000000028e+01
2.082399999999999807e+01
2.082799999999999940e+01
