# time (microsecs), P (dry), P (sat.)
12.13,-0.03,-0.02
12.13,-0.03,-0.02
12.14,-0.03,-0.02
12.14,-0.03,-0.02
12.14,-0.03,-0.02
12.15,-0.03,-0.02
12.15,-0.03,-0.02
12.16,-0.03,-0.02
12.16,-0.04,-0.02
12.16,-0.03,-0.02
12.17,-0.03,-0.02
12.17,-0.03,-0.02
12.18,-0.03,-0.02
12.18,-0.03,-0.02
12.18,-0.04,-0.02
12.19,-0.03,-0.02
12.19,-0.03,-0.02
12.20,-0.03,-0.02
12.20,-0.04,-0.02
12.20,-0.03,-0.02
12.21,-0.03,-0.02
12.21,-0.04,-0.02
12.22,-0.03,-0.02
12.22,-0.03,-0.02
12.22,-0.03,-0.02
12.23,-0.03,-0.02
12.23,-0.03,-0.02
12.24,-0.03,-0.02
12.24,-0.03,-0.02
12.24,-0.03,-0.02
12.25,-0.03,-0.02
12.25,-0.03,-0.02
12.26,-0.03,-0.02
12.26,-0.03,-0.02
12.26,-0.03,-0.02
12.27,-0.03,-0.02
12.27,-0.03,-0.02
12.28,-0.03,-0.02
12.28,-0.03,-0.02
12.28,-0.03,-0.02
12.29,-0.03,-0.02
12.29,-0.03,-0.02
12.30,-0.03,-0.02
12.30,-0.03,-0.02
12.30,-0.03,-0.02
12.31,-0.03,-0.02
12.31,-0.03,-0.02
12.32,-0.03,-0.02
12.32,-0.03,-0.02
12.32,-0.03,-0.02
12.33,-0.04,-0.02
12.33,-0.03,-0.02
12.34,-0.03,-0.02
12.34,-0.04,-0.02
12.34,-0.03,-0.02
12.35,-0.03,-0.02
12.35,-0.03,-0.02
12.36,-0.03,-0.02
12.36,-0.03,-0.02
12.36,-0.03,-0.02
12.37,-0.03,-0.02
12.37,-0.03,-0.02
12.38,-0.03,-0.02
12.38,-0.03,-0.02
12.38,-0.03,-0.02
12.39,-0.03,-0.02
12.39,-0.03,-0.02
12.40,-0.03,-0.02
12.40,-0.03,-0.02
12.40,-0.03,-0.02
12.41,-0.03,-0.02
12.41,-0.03,-0.02
12.42,-0.03,-0.02
12.42,-0.03,-0.02
12.42,-0.03,-0.02
12.43,-0.03,-0.02
12.43,-0.04,-0.02
12.44,-0.03,-0.02
12.44,-0.03,-0.02
12.44,-0.03,-0.02
12.45,-0.03,-0.02
12.45,-0.03,-0.02
12.46,-0.03,-0.02
12.46,-0.03,-0.02
12.46,-0.03,-0.02
12.47,-0.04,-0.02
12.47,-0.03,-0.02
12.48,-0.03,-0.02
12.48,-0.03,-0.02
12.48,-0.03,-0.02
12.49,-0.03,-0.02
12.49,-0.03,-0.02
12.50,-0.03,-0.02
12.50,-0.03,-0.02
12.50,-0.03,-0.02
12.51,-0.04,-0.02
12.51,-0.03,-0.02
12.52,-0.03,-0.02
12.52,-0.03,-0.02
12.52,-0.03,-0.02
12.53,-0.03,-0.02
12.53,-0.03,-0.02
12.54,-0.03,-0.02
12.54,-0.03,-0.02
12.54,-0.03,-0.02
12.55,-0.03,-0.02
12.55,-0.03,-0.02
12.56,-0.03,-0.02
12.56,-0.03,-0.02
12.56,-0.04,-0.02
12.57,-0.03,-0.02
12.57,-0.03,-0.02
12.58,-0.03,-0.02
12.58,-0.03,-0.02
12.58,-0.03,-0.02
12.59,-0.03,-0.02
12.59,-0.03,-0.02
12.60,-0.03,-0.02
12.60,-0.03,-0.02
12.60,-0.03,-0.02
12.61,-0.03,-0.02
12.61,-0.03,-0.02
12.62,-0.03,-0.02
12.62,-0.03,-0.02
12.62,-0.03,-0.02
12.63,-0.03,-0.02
12.63,-0.03,-0.02
12.64,-0.04,-0.02
12.64,-0.03,-0.02
12.64,-0.03,-0.02
12.65,-0.03,-0.02
12.65,-0.03,-0.02
12.66,-0.03,-0.02
12.66,-0.03,-0.02
12.66,-0.03,-0.02
12.67,-0.03,-0.02
12.67,-0.03,-0.02
12.68,-0.03,-0.02
12.68,-0.03,-0.02
12.68,-0.03,-0.02
12.69,-0.03,-0.02
12.69,-0.03,-0.02
12.70,-0.03,-0.02
12.70,-0.03,-0.02
12.70,-0.03,-0.02
12.71,-0.03,-0.02
12.71,-0.03,-0.02
12.72,-0.03,-0.02
12.72,-0.03,-0.02
12.72,-0.04,-0.02
12.73,-0.03,-0.02
12.73,-0.04,-0.02
12.74,-0.03,-0.02
12.74,-0.03,-0.02
12.74,-0.03,-0.02
12.75,-0.03,-0.02
12.75,-0.03,-0.02
12.76,-0.03,-0.02
12.76,-0.03,-0.02
12.76,-0.03,-0.02
12.77,-0.03,-0.02
12.77,-0.03,-0.02
12.78,-0.03,-0.02
12.78,-0.03,-0.02
12.78,-0.03,-0.02
12.79,-0.03,-0.02
12.79,-0.03,-0.02
12.80,-0.03,-0.02
12.80,-0.03,-0.02
12.80,-0.03,-0.02
12.81,-0.03,-0.02
12.81,-0.03,-0.02
12.82,-0.03,-0.02
12.82,-0.04,-0.02
12.82,-0.04,-0.02
12.83,-0.03,-0.02
12.83,-0.03,-0.02
12.84,-0.03,-0.02
12.84,-0.03,-0.02
12.84,-0.03,-0.02
12.85,-0.03,-0.02
12.85,-0.04,-0.02
12.86,-0.03,-0.02
12.86,-0.03,-0.02
12.86,-0.03,-0.02
12.87,-0.03,-0.02
12.87,-0.03,-0.02
12.88,-0.03,-0.02
12.88,-0.03,-0.02
12.88,-0.03,-0.02
12.89,-0.03,-0.02
12.89,-0.04,-0.02
12.90,-0.03,-0.02
12.90,-0.04,-0.02
12.90,-0.03,-0.02
12.91,-0.03,-0.02
12.91,-0.03,-0.02
12.92,-0.03,-0.02
12.92,-0.03,-0.02
12.92,-0.03,-0.02
12.93,-0.03,-0.02
12.93,-0.03,-0.02
12.94,-0.03,-0.02
12.94,-0.03,-0.02
12.94,-0.03,-0.02
12.95,-0.03,-0.02
12.95,-0.04,-0.02
12.96,-0.03,-0.02
12.96,-0.03,-0.02
12.96,-0.03,-0.02
12.97,-0.03,-0.02
12.97,-0.03,-0.02
12.98,-0.03,-0.02
12.98,-0.04,-0.02
12.98,-0.03,-0.02
12.99,-0.03,-0.02
12.99,-0.03,-0.02
13.00,-0.03,-0.02
13.00,-0.03,-0.02
13.00,-0.03,-0.02
13.01,-0.03,-0.02
13.01,-0.03,-0.02
13.02,-0.03,-0.02
13.02,-0.04,-0.02
13.02,-0.03,-0.02
13.03,-0.03,-0.02
13.03,-0.03,-0.02
13.04,-0.03,-0.02
13.04,-0.04,-0.02
13.04,-0.03,-0.02
13.05,-0.03,-0.02
13.05,-0.03,-0.02
13.06,-0.03,-0.02
13.06,-0.03,-0.02
13.06,-0.03,-0.02
13.07,-0.03,-0.02
13.07,-0.03,-0.02
13.08,-0.04,-0.02
13.08,-0.03,-0.02
13.08,-0.03,-0.02
13.09,-0.03,-0.02
13.09,-0.04,-0.02
13.10,-0.03,-0.02
13.10,-0.03,-0.02
13.10,-0.03,-0.02
13.11,-0.04,-0.02
13.11,-0.03,-0.02
13.12,-0.03,-0.02
13.12,-0.03,-0.02
13.12,-0.03,-0.02
13.13,-0.03,-0.02
13.13,-0.03,-0.02
13.14,-0.03,-0.02
13.14,-0.03,-0.02
13.14,-0.03,-0.02
13.15,-0.04,-0.02
13.15,-0.03,-0.02
13.16,-0.03,-0.02
13.16,-0.03,-0.02
13.16,-0.03,-0.02
13.17,-0.04,-0.02
13.17,-0.03,-0.02
13.18,-0.03,-0.02
13.18,-0.03,-0.02
13.18,-0.03,-0.02
13.19,-0.03,-0.02
13.19,-0.03,-0.02
13.20,-0.03,-0.02
13.20,-0.03,-0.02
13.20,-0.04,-0.02
13.21,-0.03,-0.02
13.21,-0.03,-0.02
13.22,-0.03,-0.02
13.22,-0.03,-0.02
13.22,-0.03,-0.02
13.23,-0.03,-0.02
13.23,-0.03,-0.02
13.24,-0.04,-0.02
13.24,-0.03,-0.02
13.24,-0.03,-0.02
13.25,-0.03,-0.02
13.25,-0.03,-0.02
13.26,-0.03,-0.02
13.26,-0.03,-0.02
13.26,-0.03,-0.02
13.27,-0.03,-0.02
13.27,-0.03,-0.02
13.28,-0.03,-0.02
13.28,-0.03,-0.02
13.28,-0.03,-0.02
13.29,-0.03,-0.02
13.29,-0.03,-0.02
13.30,-0.03,-0.02
13.30,-0.03,-0.02
13.30,-0.03,-0.02
13.31,-0.03,-0.02
13.31,-0.03,-0.02
13.32,-0.03,-0.02
13.32,-0.03,-0.02
13.32,-0.03,-0.02
13.33,-0.03,-0.02
13.33,-0.04,-0.02
13.34,-0.03,-0.02
13.34,-0.03,-0.02
13.34,-0.03,-0.02
13.35,-0.03,-0.02
13.35,-0.03,-0.02
13.36,-0.03,-0.02
13.36,-0.03,-0.02
13.36,-0.04,-0.02
13.37,-0.03,-0.02
13.37,-0.03,-0.02
13.38,-0.03,-0.02
13.38,-0.03,-0.02
13.38,-0.03,-0.02
13.39,-0.03,-0.02
13.39,-0.03,-0.02
13.40,-0.03,-0.02
13.40,-0.03,-0.02
13.40,-0.04,-0.02
13.41,-0.03,-0.02
13.41,-0.03,-0.02
13.42,-0.03,-0.02
13.42,-0.03,-0.02
13.42,-0.04,-0.02
13.43,-0.03,-0.02
13.43,-0.03,-0.02
13.44,-0.03,-0.02
13.44,-0.03,-0.02
13.44,-0.03,-0.02
13.45,-0.03,-0.02
13.45,-0.03,-0.02
13.46,-0.03,-0.02
13.46,-0.04,-0.02
13.46,-0.04,-0.02
13.47,-0.03,-0.02
13.47,-0.03,-0.02
13.48,-0.03,-0.02
13.48,-0.04,-0.02
13.48,-0.03,-0.02
13.49,-0.03,-0.02
13.49,-0.04,-0.02
13.50,-0.03,-0.02
13.50,-0.03,-0.02
13.50,-0.03,-0.02
13.51,-0.03,-0.02
13.51,-0.04,-0.02
13.52,-0.03,-0.02
13.52,-0.03,-0.02
13.52,-0.03,-0.02
13.53,-0.03,-0.02
13.53,-0.04,-0.02
13.54,-0.03,-0.02
13.54,-0.03,-0.03
13.54,-0.03,-0.03
13.55,-0.03,-0.03
13.55,-0.03,-0.03
13.56,-0.03,-0.02
13.56,-0.03,-0.02
13.56,-0.03,-0.02
13.57,-0.03,-0.02
13.57,-0.03,-0.02
13.58,-0.03,-0.02
13.58,-0.03,-0.02
13.58,-0.03,-0.03
13.59,-0.03,-0.03
13.59,-0.03,-0.03
13.60,-0.03,-0.03
13.60,-0.03,-0.02
13.60,-0.03,-0.03
13.61,-0.03,-0.03
13.61,-0.03,-0.03
13.62,-0.03,-0.03
13.62,-0.04,-0.03
13.62,-0.03,-0.03
13.63,-0.03,-0.03
13.63,-0.03,-0.03
13.64,-0.03,-0.03
13.64,-0.03,-0.02
13.64,-0.03,-0.03
13.65,-0.03,-0.03
13.65,-0.03,-0.03
13.66,-0.03,-0.03
13.66,-0.04,-0.03
13.66,-0.03,-0.03
13.67,-0.03,-0.03
13.67,-0.03,-0.03
13.68,-0.03,-0.03
13.68,-0.04,-0.03
13.68,-0.03,-0.03
13.69,-0.03,-0.03
13.69,-0.03,-0.03
13.70,-0.03,-0.03
13.70,-0.03,-0.03
13.70,-0.03,-0.03
13.71,-0.03,-0.03
13.71,-0.03,-0.03
13.72,-0.03,-0.03
13.72,-0.03,-0.03
13.72,-0.03,-0.03
13.73,-0.03,-0.03
13.73,-0.03,-0.03
13.74,-0.04,-0.03
13.74,-0.03,-0.03
13.74,-0.03,-0.03
13.75,-0.04,-0.03
13.75,-0.03,-0.03
13.76,-0.03,-0.03
13.76,-0.03,-0.03
13.76,-0.03,-0.03
13.77,-0.03,-0.03
13.77,-0.03,-0.03
13.78,-0.03,-0.03
13.78,-0.03,-0.03
13.78,-0.03,-0.03
13.79,-0.04,-0.03
13.79,-0.03,-0.03
13.80,-0.03,-0.03
13.80,-0.03,-0.03
13.80,-0.03,-0.03
13.81,-0.04,-0.03
13.81,-0.03,-0.03
13.82,-0.03,-0.03
13.82,-0.03,-0.03
13.82,-0.03,-0.03
13.83,-0.03,-0.03
13.83,-0.03,-0.03
13.84,-0.03,-0.03
13.84,-0.03,-0.03
13.84,-0.03,-0.03
13.85,-0.03,-0.03
13.85,-0.03,-0.03
13.86,-0.03,-0.03
13.86,-0.03,-0.03
13.86,-0.04,-0.03
13.87,-0.03,-0.03
13.87,-0.03,-0.03
13.88,-0.04,-0.03
13.88,-0.03,-0.03
13.88,-0.03,-0.03
13.89,-0.03,-0.03
13.89,-0.03,-0.03
13.90,-0.03,-0.03
13.90,-0.03,-0.03
13.90,-0.03,-0.03
13.91,-0.03,-0.03
13.91,-0.03,-0.03
13.92,-0.04,-0.03
13.92,-0.03,-0.03
13.92,-0.03,-0.03
13.93,-0.03,-0.03
13.93,-0.03,-0.03
13.94,-0.03,-0.03
13.94,-0.03,-0.03
13.94,-0.03,-0.03
13.95,-0.03,-0.03
13.95,-0.03,-0.03
13.96,-0.03,-0.03
13.96,-0.03,-0.04
13.96,-0.03,-0.03
13.97,-0.03,-0.03
13.97,-0.03,-0.03
13.98,-0.03,-0.03
13.98,-0.03,-0.03
13.98,-0.03,-0.04
13.99,-0.03,-0.04
13.99,-0.03,-0.04
14.00,-0.03,-0.04
14.00,-0.03,-0.04
14.00,-0.04,-0.04
14.01,-0.03,-0.04
14.01,-0.03,-0.04
14.02,-0.03,-0.04
14.02,-0.03,-0.04
14.02,-0.03,-0.04
14.03,-0.03,-0.04
14.03,-0.03,-0.04
14.04,-0.03,-0.04
14.04,-0.03,-0.04
14.04,-0.04,-0.04
14.05,-0.03,-0.04
14.05,-0.03,-0.04
14.06,-0.03,-0.04
14.06,-0.03,-0.04
14.06,-0.03,-0.04
14.07,-0.03,-0.04
14.07,-0.03,-0.04
14.08,-0.03,-0.04
14.08,-0.03,-0.04
14.08,-0.03,-0.04
14.09,-0.03,-0.04
14.09,-0.03,-0.04
14.10,-0.03,-0.04
14.10,-0.04,-0.04
14.10,-0.03,-0.04
14.11,-0.03,-0.04
14.11,-0.03,-0.04
14.12,-0.03,-0.04
14.12,-0.04,-0.04
14.12,-0.03,-0.04
14.13,-0.03,-0.04
14.13,-0.04,-0.04
14.14,-0.03,-0.04
14.14,-0.03,-0.04
14.14,-0.03,-0.04
14.15,-0.03,-0.04
14.15,-0.03,-0.04
14.16,-0.03,-0.04
14.16,-0.04,-0.04
14.16,-0.03,-0.05
14.17,-0.03,-0.05
14.17,-0.04,-0.05
14.18,-0.03,-0.05
14.18,-0.04,-0.05
14.18,-0.03,-0.05
14.19,-0.03,-0.05
14.19,-0.03,-0.05
14.20,-0.03,-0.05
14.20,-0.03,-0.05
14.20,-0.03,-0.05
14.21,-0.03,-0.05
14.21,-0.03,-0.05
14.22,-0.03,-0.05
14.22,-0.03,-0.05
14.22,-0.03,-0.05
14.23,-0.03,-0.05
14.23,-0.04,-0.05
14.24,-0.03,-0.05
14.24,-0.03,-0.06
14.24,-0.03,-0.06
14.25,-0.03,-0.06
14.25,-0.03,-0.06
14.26,-0.03,-0.06
14.26,-0.04,-0.06
14.26,-0.03,-0.06
14.27,-0.03,-0.06
14.27,-0.03,-0.06
14.28,-0.03,-0.06
14.28,-0.03,-0.06
14.28,-0.03,-0.06
14.29,-0.03,-0.06
14.29,-0.03,-0.06
14.30,-0.03,-0.06
14.30,-0.04,-0.06
14.30,-0.03,-0.06
14.31,-0.03,-0.06
14.31,-0.03,-0.06
14.32,-0.03,-0.06
14.32,-0.03,-0.06
14.32,-0.03,-0.06
14.33,-0.03,-0.06
14.33,-0.03,-0.07
14.34,-0.03,-0.07
14.34,-0.03,-0.07
14.34,-0.03,-0.07
14.35,-0.03,-0.07
14.35,-0.03,-0.07
14.36,-0.03,-0.07
14.36,-0.04,-0.07
14.36,-0.03,-0.07
14.37,-0.03,-0.07
14.37,-0.03,-0.07
14.38,-0.04,-0.07
14.38,-0.03,-0.07
14.38,-0.03,-0.07
14.39,-0.04,-0.07
14.39,-0.03,-0.08
14.40,-0.03,-0.08
14.40,-0.04,-0.08
14.40,-0.03,-0.08
14.41,-0.03,-0.08
14.41,-0.03,-0.08
14.42,-0.04,-0.08
14.42,-0.03,-0.08
14.42,-0.03,-0.08
14.43,-0.03,-0.08
14.43,-0.03,-0.08
14.44,-0.04,-0.08
14.44,-0.04,-0.08
14.44,-0.03,-0.08
14.45,-0.04,-0.09
14.45,-0.03,-0.09
14.46,-0.03,-0.09
14.46,-0.03,-0.09
14.46,-0.03,-0.09
14.47,-0.03,-0.09
14.47,-0.03,-0.09
14.48,-0.03,-0.09
14.48,-0.03,-0.09
14.48,-0.03,-0.09
14.49,-0.03,-0.09
14.49,-0.03,-0.09
14.50,-0.03,-0.09
14.50,-0.03,-0.09
14.50,-0.04,-0.10
14.51,-0.03,-0.10
14.51,-0.04,-0.10
14.52,-0.04,-0.10
14.52,-0.03,-0.10
14.52,-0.03,-0.10
14.53,-0.04,-0.10
14.53,-0.03,-0.10
14.54,-0.04,-0.10
14.54,-0.03,-0.10
14.54,-0.04,-0.10
14.55,-0.04,-0.11
14.55,-0.03,-0.11
14.56,-0.04,-0.11
14.56,-0.03,-0.11
14.56,-0.04,-0.11
14.57,-0.04,-0.11
14.57,-0.03,-0.11
14.58,-0.04,-0.11
14.58,-0.04,-0.11
14.58,-0.03,-0.11
14.59,-0.03,-0.11
14.59,-0.04,-0.11
14.60,-0.03,-0.11
14.60,-0.03,-0.11
14.60,-0.04,-0.12
14.61,-0.04,-0.12
14.61,-0.04,-0.12
14.62,-0.04,-0.12
14.62,-0.03,-0.12
14.62,-0.03,-0.12
14.63,-0.04,-0.12
14.63,-0.04,-0.12
14.64,-0.03,-0.13
14.64,-0.04,-0.13
14.64,-0.04,-0.13
14.65,-0.03,-0.13
14.65,-0.04,-0.13
14.66,-0.04,-0.13
14.66,-0.04,-0.13
14.66,-0.04,-0.13
14.67,-0.03,-0.13
14.67,-0.04,-0.13
14.68,-0.04,-0.13
14.68,-0.03,-0.13
14.68,-0.04,-0.14
14.69,-0.04,-0.14
14.69,-0.04,-0.14
14.70,-0.04,-0.14
14.70,-0.04,-0.14
14.70,-0.04,-0.14
14.71,-0.04,-0.14
14.71,-0.04,-0.15
14.72,-0.04,-0.15
14.72,-0.04,-0.15
14.72,-0.04,-0.15
14.73,-0.04,-0.15
14.73,-0.04,-0.15
14.74,-0.04,-0.15
14.74,-0.04,-0.15
14.74,-0.04,-0.15
14.75,-0.04,-0.16
14.75,-0.04,-0.16
14.76,-0.04,-0.16
14.76,-0.04,-0.16
14.76,-0.04,-0.16
14.77,-0.04,-0.16
14.77,-0.04,-0.16
14.78,-0.04,-0.17
14.78,-0.04,-0.17
14.78,-0.04,-0.17
14.79,-0.04,-0.17
14.79,-0.04,-0.17
14.80,-0.04,-0.17
14.80,-0.04,-0.17
14.80,-0.04,-0.18
14.81,-0.04,-0.18
14.81,-0.04,-0.18
14.82,-0.04,-0.18
14.82,-0.04,-0.18
14.82,-0.04,-0.18
14.83,-0.04,-0.18
14.83,-0.04,-0.18
14.84,-0.04,-0.18
14.84,-0.04,-0.19
14.84,-0.04,-0.19
14.85,-0.04,-0.19
14.85,-0.04,-0.19
14.86,-0.04,-0.19
14.86,-0.04,-0.20
14.86,-0.04,-0.20
14.87,-0.04,-0.20
14.87,-0.04,-0.20
14.88,-0.04,-0.20
14.88,-0.04,-0.20
14.88,-0.04,-0.20
14.89,-0.04,-0.20
14.89,-0.04,-0.21
14.90,-0.04,-0.21
14.90,-0.04,-0.21
14.90,-0.04,-0.21
14.91,-0.04,-0.21
14.91,-0.04,-0.21
14.92,-0.04,-0.22
14.92,-0.04,-0.22
14.92,-0.04,-0.22
14.93,-0.04,-0.22
14.93,-0.04,-0.22
14.94,-0.04,-0.22
14.94,-0.04,-0.22
14.94,-0.04,-0.23
14.95,-0.04,-0.23
14.95,-0.04,-0.23
14.96,-0.04,-0.23
14.96,-0.04,-0.23
14.96,-0.04,-0.23
14.97,-0.04,-0.24
14.97,-0.04,-0.24
14.98,-0.04,-0.24
14.98,-0.04,-0.24
14.98,-0.04,-0.24
14.99,-0.05,-0.25
14.99,-0.04,-0.25
15.00,-0.05,-0.25
15.00,-0.04,-0.25
15.00,-0.05,-0.25
15.01,-0.05,-0.25
15.01,-0.05,-0.26
15.02,-0.05,-0.26
15.02,-0.05,-0.26
15.02,-0.05,-0.26
15.03,-0.05,-0.26
15.03,-0.05,-0.26
15.04,-0.05,-0.27
15.04,-0.05,-0.27
15.04,-0.05,-0.27
15.05,-0.05,-0.27
15.05,-0.05,-0.27
15.06,-0.05,-0.28
15.06,-0.05,-0.28
15.06,-0.05,-0.28
15.07,-0.05,-0.28
15.07,-0.05,-0.28
15.08,-0.05,-0.29
15.08,-0.05,-0.29
15.08,-0.05,-0.29
15.09,-0.05,-0.29
15.09,-0.06,-0.29
15.10,-0.05,-0.30
15.10,-0.05,-0.30
15.10,-0.06,-0.30
15.11,-0.06,-0.30
15.11,-0.05,-0.30
15.12,-0.05,-0.31
15.12,-0.06,-0.31
15.12,-0.06,-0.31
15.13,-0.06,-0.31
15.13,-0.06,-0.31
15.14,-0.06,-0.32
15.14,-0.06,-0.32
15.14,-0.06,-0.32
15.15,-0.06,-0.32
15.15,-0.06,-0.32
15.16,-0.06,-0.33
15.16,-0.06,-0.33
15.16,-0.06,-0.33
15.17,-0.06,-0.33
15.17,-0.06,-0.33
15.18,-0.06,-0.34
15.18,-0.06,-0.34
15.18,-0.07,-0.34
15.19,-0.06,-0.34
15.19,-0.06,-0.35
15.20,-0.07,-0.35
15.20,-0.07,-0.35
15.20,-0.07,-0.35
15.21,-0.07,-0.35
15.21,-0.07,-0.36
15.22,-0.07,-0.36
15.22,-0.07,-0.36
15.22,-0.07,-0.36
15.23,-0.07,-0.37
15.23,-0.07,-0.37
15.24,-0.07,-0.37
15.24,-0.07,-0.37
15.24,-0.07,-0.37
15.25,-0.07,-0.38
15.25,-0.07,-0.38
15.26,-0.07,-0.38
15.26,-0.07,-0.38
15.26,-0.07,-0.39
15.27,-0.07,-0.39
15.27,-0.07,-0.39
15.28,-0.07,-0.39
15.28,-0.07,-0.40
15.28,-0.08,-0.40
15.29,-0.07,-0.40
15.29,-0.08,-0.40
15.30,-0.08,-0.40
15.30,-0.08,-0.40
15.30,-0.07,-0.41
15.31,-0.08,-0.41
15.31,-0.08,-0.41
15.32,-0.08,-0.41
15.32,-0.08,-0.41
15.32,-0.08,-0.42
15.33,-0.08,-0.42
15.33,-0.08,-0.42
15.34,-0.08,-0.43
15.34,-0.08,-0.43
15.34,-0.08,-0.43
15.35,-0.09,-0.43
15.35,-0.08,-0.44
15.36,-0.09,-0.44
15.36,-0.09,-0.44
15.36,-0.09,-0.44
15.37,-0.08,-0.44
15.37,-0.09,-0.45
15.38,-0.09,-0.45
15.38,-0.09,-0.45
15.38,-0.09,-0.46
15.39,-0.09,-0.46
15.39,-0.09,-0.46
15.40,-0.10,-0.46
15.40,-0.10,-0.47
15.40,-0.10,-0.47
15.41,-0.10,-0.47
15.41,-0.10,-0.47
15.42,-0.10,-0.48
15.42,-0.10,-0.48
15.42,-0.10,-0.48
15.43,-0.10,-0.48
15.43,-0.10,-0.49
15.44,-0.11,-0.49
15.44,-0.11,-0.49
15.44,-0.10,-0.49
15.45,-0.11,-0.50
15.45,-0.11,-0.50
15.46,-0.11,-0.50
15.46,-0.11,-0.50
15.46,-0.11,-0.51
15.47,-0.11,-0.51
15.47,-0.11,-0.51
15.48,-0.11,-0.51
15.48,-0.12,-0.52
15.48,-0.12,-0.52
15.49,-0.12,-0.52
15.49,-0.12,-0.52
15.50,-0.12,-0.52
15.50,-0.12,-0.53
15.50,-0.12,-0.53
15.51,-0.12,-0.53
15.51,-0.12,-0.54
15.52,-0.12,-0.54
15.52,-0.13,-0.54
15.52,-0.13,-0.55
15.53,-0.13,-0.55
15.53,-0.13,-0.55
15.54,-0.13,-0.55
15.54,-0.14,-0.56
15.54,-0.13,-0.56
15.55,-0.14,-0.56
15.55,-0.14,-0.56
15.56,-0.14,-0.57
15.56,-0.14,-0.57
15.56,-0.14,-0.57
15.57,-0.15,-0.57
15.57,-0.14,-0.58
15.58,-0.15,-0.58
15.58,-0.15,-0.58
15.58,-0.15,-0.58
15.59,-0.15,-0.59
15.59,-0.15,-0.59
15.60,-0.15,-0.59
15.60,-0.16,-0.60
15.60,-0.16,-0.60
15.61,-0.16,-0.60
15.61,-0.16,-0.60
15.62,-0.16,-0.61
15.62,-0.16,-0.61
15.62,-0.16,-0.61
15.63,-0.17,-0.61
15.63,-0.17,-0.62
15.64,-0.17,-0.62
15.64,-0.17,-0.62
15.64,-0.17,-0.62
15.65,-0.17,-0.63
15.65,-0.18,-0.63
15.66,-0.18,-0.63
15.66,-0.18,-0.63
15.66,-0.18,-0.64
15.67,-0.19,-0.64
15.67,-0.18,-0.64
15.68,-0.19,-0.64
15.68,-0.19,-0.65
15.68,-0.19,-0.65
15.69,-0.19,-0.65
15.69,-0.19,-0.66
15.70,-0.19,-0.66
15.70,-0.19,-0.66
15.70,-0.19,-0.66
15.71,-0.20,-0.67
15.71,-0.20,-0.67
15.72,-0.20,-0.67
15.72,-0.20,-0.67
15.72,-0.20,-0.68
15.73,-0.21,-0.68
15.73,-0.21,-0.68
15.74,-0.21,-0.69
15.74,-0.21,-0.69
15.74,-0.22,-0.69
15.75,-0.22,-0.69
15.75,-0.22,-0.70
15.76,-0.22,-0.70
15.76,-0.22,-0.70
15.76,-0.22,-0.70
15.77,-0.23,-0.71
15.77,-0.23,-0.71
15.78,-0.23,-0.71
15.78,-0.23,-0.71
15.78,-0.23,-0.72
15.79,-0.24,-0.72
15.79,-0.23,-0.72
15.80,-0.24,-0.72
15.80,-0.24,-0.73
15.80,-0.24,-0.73
15.81,-0.25,-0.73
15.81,-0.25,-0.73
15.82,-0.25,-0.74
15.82,-0.25,-0.74
15.82,-0.26,-0.74
15.83,-0.26,-0.74
15.83,-0.26,-0.75
15.84,-0.26,-0.75
15.84,-0.26,-0.75
15.84,-0.26,-0.76
15.85,-0.26,-0.76
15.85,-0.26,-0.76
15.86,-0.27,-0.76
15.86,-0.27,-0.76
15.86,-0.27,-0.77
15.87,-0.27,-0.77
15.87,-0.28,-0.77
15.88,-0.28,-0.77
15.88,-0.28,-0.78
15.88,-0.28,-0.78
15.89,-0.29,-0.78
15.89,-0.29,-0.78
15.90,-0.29,-0.79
15.90,-0.30,-0.79
15.90,-0.30,-0.79
15.91,-0.30,-0.79
15.91,-0.30,-0.80
15.92,-0.30,-0.80
15.92,-0.30,-0.80
15.92,-0.31,-0.80
15.93,-0.31,-0.81
15.93,-0.31,-0.81
15.94,-0.31,-0.81
15.94,-0.32,-0.81
15.94,-0.32,-0.81
15.95,-0.32,-0.82
15.95,-0.33,-0.82
15.96,-0.33,-0.82
15.96,-0.33,-0.82
15.96,-0.33,-0.83
15.97,-0.33,-0.83
15.97,-0.34,-0.83
15.98,-0.34,-0.83
15.98,-0.35,-0.84
15.98,-0.35,-0.84
15.99,-0.35,-0.84
15.99,-0.35,-0.84
16.00,-0.35,-0.84
16.00,-0.36,-0.84
16.00,-0.36,-0.85
16.01,-0.36,-0.85
16.01,-0.36,-0.85
16.02,-0.37,-0.85
16.02,-0.37,-0.85
16.02,-0.37,-0.86
16.03,-0.38,-0.86
16.03,-0.38,-0.86
16.04,-0.38,-0.86
16.04,-0.38,-0.86
16.04,-0.39,-0.87
16.05,-0.39,-0.87
16.05,-0.39,-0.87
16.06,-0.40,-0.87
16.06,-0.40,-0.88
16.06,-0.40,-0.88
16.07,-0.41,-0.88
16.07,-0.40,-0.88
16.08,-0.41,-0.88
16.08,-0.41,-0.89
16.08,-0.41,-0.89
16.09,-0.41,-0.89
16.09,-0.42,-0.89
16.10,-0.42,-0.89
16.10,-0.42,-0.89
16.10,-0.42,-0.90
16.11,-0.43,-0.90
16.11,-0.43,-0.90
16.12,-0.44,-0.90
16.12,-0.44,-0.90
16.12,-0.44,-0.91
16.13,-0.44,-0.91
16.13,-0.45,-0.91
16.14,-0.45,-0.91
16.14,-0.45,-0.91
16.14,-0.45,-0.91
16.15,-0.46,-0.92
16.15,-0.46,-0.92
16.16,-0.46,-0.92
16.16,-0.46,-0.92
16.16,-0.47,-0.92
16.17,-0.47,-0.93
16.17,-0.47,-0.93
16.18,-0.48,-0.93
16.18,-0.48,-0.93
16.18,-0.48,-0.93
16.19,-0.49,-0.93
16.19,-0.49,-0.93
16.20,-0.49,-0.94
16.20,-0.49,-0.94
16.20,-0.49,-0.94
16.21,-0.50,-0.94
16.21,-0.50,-0.94
16.22,-0.50,-0.94
16.22,-0.51,-0.95
16.22,-0.51,-0.95
16.23,-0.51,-0.95
16.23,-0.52,-0.95
16.24,-0.52,-0.95
16.24,-0.52,-0.95
16.24,-0.53,-0.95
16.25,-0.53,-0.95
16.25,-0.53,-0.96
16.26,-0.53,-0.96
16.26,-0.54,-0.96
16.26,-0.54,-0.96
16.27,-0.54,-0.96
16.27,-0.55,-0.96
16.28,-0.55,-0.96
16.28,-0.55,-0.96
16.28,-0.55,-0.97
16.29,-0.56,-0.97
16.29,-0.56,-0.97
16.30,-0.56,-0.97
16.30,-0.57,-0.97
16.30,-0.57,-0.97
16.31,-0.58,-0.97
16.31,-0.58,-0.97
16.32,-0.58,-0.98
16.32,-0.58,-0.98
16.32,-0.59,-0.98
16.33,-0.59,-0.98
16.33,-0.59,-0.98
16.34,-0.59,-0.98
16.34,-0.60,-0.98
16.34,-0.59,-0.98
16.35,-0.60,-0.98
16.35,-0.61,-0.98
16.36,-0.61,-0.98
16.36,-0.61,-0.98
16.36,-0.62,-0.99
16.37,-0.62,-0.99
16.37,-0.62,-0.99
16.38,-0.62,-0.99
16.38,-0.62,-0.99
16.38,-0.63,-0.99
16.39,-0.63,-0.99
16.39,-0.63,-0.99
16.40,-0.63,-0.99
16.40,-0.64,-0.99
16.40,-0.64,-0.99
16.41,-0.65,-0.99
16.41,-0.65,-0.99
16.42,-0.65,-0.99
16.42,-0.65,-0.99
16.42,-0.66,-0.99
16.43,-0.66,-1.00
16.43,-0.66,-1.00
16.44,-0.67,-1.00
16.44,-0.67,-1.00
16.44,-0.67,-1.00
16.45,-0.67,-1.00
16.45,-0.67,-1.00
16.46,-0.68,-1.00
16.46,-0.68,-1.00
16.46,-0.69,-1.00
16.47,-0.69,-1.00
16.47,-0.69,-1.00
16.48,-0.69,-1.00
16.48,-0.69,-1.00
16.48,-0.70,-1.00
16.49,-0.70,-1.00
16.49,-0.70,-1.00
16.50,-0.70,-1.00
16.50,-0.70,-1.00
16.50,-0.71,-1.00
16.51,-0.71,-1.00
16.51,-0.71,-1.00
16.52,-0.72,-1.00
16.52,-0.71,-1.00
16.52,-0.72,-1.00
16.53,-0.72,-1.00
16.53,-0.73,-1.00
16.54,-0.73,-1.00
16.54,-0.73,-1.00
16.54,-0.73,-1.00
16.55,-0.74,-1.00
16.55,-0.74,-1.00
16.56,-0.74,-1.00
16.56,-0.74,-1.00
16.56,-0.75,-1.00
16.57,-0.75,-1.00
16.57,-0.75,-1.00
16.58,-0.75,-1.00
16.58,-0.76,-0.99
16.58,-0.75,-0.99
16.59,-0.76,-0.99
16.59,-0.77,-0.99
16.60,-0.77,-0.99
16.60,-0.77,-0.99
16.60,-0.77,-0.99
16.61,-0.77,-0.99
16.61,-0.77,-0.99
16.62,-0.77,-0.99
16.62,-0.78,-0.99
16.62,-0.78,-0.99
16.63,-0.78,-0.99
16.63,-0.78,-0.99
16.64,-0.78,-0.99
16.64,-0.79,-0.98
16.64,-0.79,-0.98
16.65,-0.79,-0.98
16.65,-0.79,-0.98
16.66,-0.79,-0.98
16.66,-0.80,-0.98
16.66,-0.80,-0.98
16.67,-0.80,-0.98
16.67,-0.80,-0.98
16.68,-0.81,-0.98
16.68,-0.80,-0.97
16.68,-0.81,-0.97
16.69,-0.81,-0.97
16.69,-0.81,-0.97
16.70,-0.81,-0.97
16.70,-0.81,-0.97
16.70,-0.81,-0.97
16.71,-0.81,-0.97
16.71,-0.81,-0.96
16.72,-0.82,-0.96
16.72,-0.82,-0.96
16.72,-0.82,-0.96
16.73,-0.82,-0.96
16.73,-0.82,-0.96
16.74,-0.82,-0.95
16.74,-0.83,-0.95
16.74,-0.82,-0.95
16.75,-0.82,-0.95
16.75,-0.82,-0.95
16.76,-0.83,-0.95
16.76,-0.82,-0.94
16.76,-0.83,-0.94
16.77,-0.83,-0.94
16.77,-0.83,-0.94
16.78,-0.83,-0.94
16.78,-0.83,-0.94
16.78,-0.83,-0.93
16.79,-0.84,-0.93
16.79,-0.83,-0.93
16.80,-0.84,-0.93
16.80,-0.83,-0.93
16.80,-0.84,-0.93
16.81,-0.84,-0.92
16.81,-0.84,-0.92
16.82,-0.84,-0.92
16.82,-0.84,-0.92
16.82,-0.84,-0.92
16.83,-0.84,-0.91
16.83,-0.84,-0.91
16.84,-0.84,-0.91
16.84,-0.84,-0.91
16.84,-0.84,-0.90
16.85,-0.84,-0.90
16.85,-0.84,-0.90
16.86,-0.84,-0.90
16.86,-0.84,-0.89
16.86,-0.84,-0.89
16.87,-0.84,-0.89
16.87,-0.84,-0.89
16.88,-0.85,-0.89
16.88,-0.85,-0.88
16.88,-0.85,-0.88
16.89,-0.84,-0.88
16.89,-0.84,-0.88
16.90,-0.85,-0.87
16.90,-0.85,-0.87
16.90,-0.85,-0.87
16.91,-0.84,-0.87
16.91,-0.84,-0.86
16.92,-0.85,-0.86
16.92,-0.84,-0.86
16.92,-0.84,-0.85
16.93,-0.84,-0.85
16.93,-0.84,-0.85
16.94,-0.84,-0.85
16.94,-0.84,-0.84
16.94,-0.84,-0.84
16.95,-0.84,-0.84
16.95,-0.84,-0.84
16.96,-0.84,-0.84
16.96,-0.84,-0.83
16.96,-0.84,-0.83
16.97,-0.83,-0.83
16.97,-0.84,-0.82
16.98,-0.84,-0.82
16.98,-0.83,-0.82
16.98,-0.83,-0.81
16.99,-0.83,-0.81
16.99,-0.83,-0.81
17.00,-0.83,-0.81
17.00,-0.83,-0.80
17.00,-0.83,-0.80
17.01,-0.82,-0.80
17.01,-0.82,-0.79
17.02,-0.82,-0.79
17.02,-0.82,-0.79
17.02,-0.82,-0.78
17.03,-0.82,-0.78
17.03,-0.82,-0.78
17.04,-0.82,-0.77
17.04,-0.82,-0.77
17.04,-0.82,-0.76
17.05,-0.81,-0.76
17.05,-0.81,-0.76
17.06,-0.81,-0.76
17.06,-0.81,-0.75
17.06,-0.81,-0.75
17.07,-0.80,-0.75
17.07,-0.80,-0.74
17.08,-0.80,-0.74
17.08,-0.80,-0.73
17.08,-0.80,-0.73
17.09,-0.80,-0.73
17.09,-0.79,-0.72
17.10,-0.79,-0.72
17.10,-0.79,-0.71
17.10,-0.79,-0.71
17.11,-0.78,-0.71
17.11,-0.78,-0.70
17.12,-0.78,-0.70
17.12,-0.77,-0.70
17.12,-0.77,-0.69
17.13,-0.77,-0.69
17.13,-0.77,-0.68
17.14,-0.77,-0.68
17.14,-0.77,-0.68
17.14,-0.76,-0.67
17.15,-0.76,-0.67
17.15,-0.75,-0.66
17.16,-0.75,-0.66
17.16,-0.75,-0.65
17.16,-0.74,-0.65
17.17,-0.74,-0.65
17.17,-0.74,-0.64
17.18,-0.74,-0.64
17.18,-0.73,-0.63
17.18,-0.73,-0.63
17.19,-0.73,-0.63
17.19,-0.72,-0.62
17.20,-0.72,-0.62
17.20,-0.72,-0.61
17.20,-0.72,-0.61
17.21,-0.71,-0.61
17.21,-0.70,-0.60
17.22,-0.70,-0.60
17.22,-0.70,-0.59
17.22,-0.69,-0.59
17.23,-0.69,-0.58
17.23,-0.69,-0.58
17.24,-0.68,-0.57
17.24,-0.68,-0.57
17.24,-0.67,-0.56
17.25,-0.67,-0.56
17.25,-0.67,-0.56
17.26,-0.66,-0.55
17.26,-0.66,-0.55
17.26,-0.66,-0.54
17.27,-0.65,-0.54
17.27,-0.64,-0.53
17.28,-0.64,-0.53
17.28,-0.64,-0.52
17.28,-0.63,-0.52
17.29,-0.63,-0.51
17.29,-0.63,-0.51
17.30,-0.62,-0.50
17.30,-0.62,-0.50
17.30,-0.61,-0.49
17.31,-0.61,-0.49
17.31,-0.60,-0.48
17.32,-0.60,-0.48
17.32,-0.59,-0.47
17.32,-0.59,-0.47
17.33,-0.58,-0.46
17.33,-0.58,-0.46
17.34,-0.57,-0.46
17.34,-0.57,-0.45
17.34,-0.56,-0.45
17.35,-0.56,-0.44
17.35,-0.55,-0.44
17.36,-0.54,-0.43
17.36,-0.54,-0.43
17.36,-0.54,-0.42
17.37,-0.53,-0.42
17.37,-0.53,-0.41
17.38,-0.52,-0.41
17.38,-0.51,-0.40
17.38,-0.51,-0.40
17.39,-0.51,-0.39
17.39,-0.50,-0.39
17.40,-0.49,-0.38
17.40,-0.49,-0.38
17.40,-0.48,-0.37
17.41,-0.48,-0.36
17.41,-0.47,-0.36
17.42,-0.46,-0.35
17.42,-0.46,-0.35
17.42,-0.45,-0.34
17.43,-0.45,-0.34
17.43,-0.44,-0.33
17.44,-0.44,-0.33
17.44,-0.43,-0.32
17.44,-0.43,-0.32
17.45,-0.42,-0.31
17.45,-0.41,-0.31
17.46,-0.41,-0.30
17.46,-0.40,-0.30
17.46,-0.40,-0.29
17.47,-0.39,-0.29
17.47,-0.39,-0.28
17.48,-0.38,-0.28
17.48,-0.37,-0.27
17.48,-0.36,-0.27
17.49,-0.36,-0.26
17.49,-0.36,-0.25
17.50,-0.35,-0.25
17.50,-0.34,-0.24
17.50,-0.33,-0.24
17.51,-0.32,-0.23
17.51,-0.32,-0.23
17.52,-0.31,-0.22
17.52,-0.31,-0.22
17.52,-0.30,-0.21
17.53,-0.29,-0.21
17.53,-0.29,-0.20
17.54,-0.28,-0.20
17.54,-0.27,-0.19
17.54,-0.26,-0.19
17.55,-0.26,-0.18
17.55,-0.25,-0.18
17.56,-0.25,-0.17
17.56,-0.24,-0.16
17.56,-0.23,-0.16
17.57,-0.23,-0.15
17.57,-0.22,-0.15
17.58,-0.22,-0.14
17.58,-0.20,-0.13
17.58,-0.20,-0.13
17.59,-0.19,-0.12
17.59,-0.19,-0.12
17.60,-0.18,-0.11
17.60,-0.17,-0.11
17.60,-0.17,-0.10
17.61,-0.16,-0.10
17.61,-0.15,-0.09
17.62,-0.14,-0.09
17.62,-0.14,-0.08
17.62,-0.13,-0.08
17.63,-0.12,-0.07
17.63,-0.11,-0.06
17.64,-0.11,-0.06
17.64,-0.10,-0.05
17.64,-0.09,-0.05
17.65,-0.09,-0.04
17.65,-0.08,-0.04
17.66,-0.08,-0.03
17.66,-0.07,-0.03
17.66,-0.07,-0.02
17.67,-0.06,-0.02
17.67,-0.05,-0.01
17.68,-0.04,-0.01
17.68,-0.04,-0.00
17.68,-0.03,0.00
17.69,-0.03,0.01
17.69,-0.02,0.01
17.70,-0.01,0.02
17.70,-0.01,0.02
17.70,0.00,0.03
17.71,0.01,0.03
17.71,0.01,0.04
17.72,0.02,0.05
17.72,0.03,0.05
17.72,0.04,0.06
17.73,0.04,0.06
17.73,0.05,0.07
17.74,0.06,0.07
17.74,0.07,0.08
17.74,0.07,0.08
17.75,0.08,0.09
17.75,0.09,0.09
17.76,0.10,0.10
17.76,0.10,0.11
17.76,0.11,0.11
17.77,0.12,0.12
17.77,0.12,0.12
17.78,0.14,0.13
17.78,0.14,0.13
17.78,0.15,0.14
17.79,0.15,0.14
17.79,0.16,0.15
17.80,0.17,0.15
17.80,0.18,0.16
17.80,0.18,0.17
17.81,0.19,0.17
17.81,0.20,0.17
17.82,0.21,0.18
17.82,0.21,0.19
17.82,0.22,0.19
17.83,0.23,0.20
17.83,0.23,0.20
17.84,0.24,0.21
17.84,0.25,0.21
17.84,0.26,0.22
17.85,0.27,0.22
17.85,0.27,0.23
17.86,0.28,0.24
17.86,0.28,0.24
17.86,0.29,0.25
17.87,0.30,0.25
17.87,0.31,0.25
17.88,0.32,0.26
17.88,0.33,0.27
17.88,0.33,0.27
17.89,0.34,0.28
17.89,0.34,0.28
17.90,0.35,0.29
17.90,0.36,0.29
17.90,0.37,0.30
17.91,0.37,0.30
17.91,0.38,0.31
17.92,0.39,0.31
17.92,0.39,0.32
17.92,0.40,0.33
17.93,0.41,0.33
17.93,0.41,0.34
17.94,0.42,0.34
17.94,0.42,0.35
17.94,0.43,0.35
17.95,0.44,0.36
17.95,0.45,0.36
17.96,0.45,0.37
17.96,0.46,0.37
17.96,0.47,0.38
17.97,0.47,0.38
17.97,0.48,0.39
17.98,0.49,0.39
17.98,0.50,0.40
17.98,0.50,0.40
17.99,0.51,0.40
17.99,0.52,0.41
18.00,0.52,0.42
18.00,0.53,0.42
18.00,0.54,0.43
18.01,0.54,0.43
18.01,0.55,0.43
18.02,0.56,0.44
18.02,0.56,0.44
18.02,0.57,0.45
18.03,0.57,0.45
18.03,0.58,0.46
18.04,0.58,0.47
18.04,0.59,0.47
18.04,0.60,0.47
18.05,0.60,0.48
18.05,0.61,0.48
18.06,0.62,0.49
18.06,0.62,0.49
18.06,0.63,0.50
18.07,0.63,0.50
18.07,0.64,0.51
18.08,0.64,0.51
18.08,0.65,0.51
18.08,0.66,0.52
18.09,0.67,0.53
18.09,0.67,0.53
18.10,0.68,0.54
18.10,0.68,0.54
18.10,0.69,0.54
18.11,0.69,0.55
18.11,0.70,0.55
18.12,0.70,0.56
18.12,0.71,0.56
18.12,0.71,0.57
18.13,0.72,0.57
18.13,0.73,0.57
18.14,0.73,0.58
18.14,0.73,0.58
18.14,0.74,0.59
18.15,0.74,0.59
18.15,0.75,0.60
18.16,0.75,0.60
18.16,0.76,0.61
18.16,0.76,0.61
18.17,0.77,0.61
18.17,0.77,0.62
18.18,0.78,0.62
18.18,0.78,0.62
18.18,0.79,0.63
18.19,0.79,0.63
18.19,0.79,0.64
18.20,0.80,0.64
18.20,0.80,0.65
18.20,0.81,0.65
18.21,0.81,0.66
18.21,0.81,0.66
18.22,0.82,0.66
18.22,0.82,0.67
18.22,0.83,0.67
18.23,0.83,0.68
18.23,0.83,0.68
18.24,0.84,0.68
18.24,0.84,0.69
18.24,0.84,0.69
18.25,0.85,0.69
18.25,0.85,0.70
18.26,0.86,0.70
18.26,0.86,0.71
18.26,0.86,0.71
18.27,0.87,0.71
18.27,0.87,0.72
18.28,0.88,0.72
18.28,0.88,0.72
18.28,0.88,0.73
18.29,0.89,0.73
18.29,0.89,0.73
18.30,0.89,0.74
18.30,0.90,0.74
18.30,0.90,0.75
18.31,0.90,0.75
18.31,0.91,0.75
18.32,0.91,0.76
18.32,0.92,0.76
18.32,0.91,0.76
18.33,0.92,0.77
18.33,0.92,0.77
18.34,0.93,0.77
18.34,0.92,0.78
18.34,0.93,0.78
18.35,0.93,0.78
18.35,0.93,0.78
18.36,0.93,0.79
18.36,0.94,0.79
18.36,0.94,0.79
18.37,0.94,0.80
18.37,0.95,0.80
18.38,0.95,0.80
18.38,0.95,0.81
18.38,0.96,0.81
18.39,0.96,0.81
18.39,0.96,0.81
18.40,0.96,0.82
18.40,0.96,0.82
18.40,0.96,0.82
18.41,0.96,0.82
18.41,0.96,0.83
18.42,0.97,0.83
18.42,0.97,0.83
18.42,0.97,0.84
18.43,0.98,0.84
18.43,0.98,0.84
18.44,0.98,0.85
18.44,0.98,0.85
18.44,0.98,0.85
18.45,0.98,0.85
18.45,0.98,0.86
18.46,0.98,0.86
18.46,0.98,0.86
18.46,0.99,0.86
18.47,0.98,0.86
18.47,0.99,0.87
18.48,0.99,0.87
18.48,0.99,0.87
18.48,0.99,0.88
18.49,0.99,0.88
18.49,0.99,0.88
18.50,0.99,0.88
18.50,0.99,0.88
18.50,1.00,0.89
18.51,1.00,0.89
18.51,0.99,0.89
18.52,0.99,0.89
18.52,1.00,0.89
18.52,0.99,0.90
18.53,1.00,0.90
18.53,0.99,0.90
18.54,1.00,0.90
18.54,0.99,0.91
18.54,1.00,0.91
18.55,0.99,0.91
18.55,1.00,0.91
18.56,1.00,0.91
18.56,1.00,0.92
18.56,1.00,0.92
18.57,1.00,0.92
18.57,1.00,0.92
18.58,0.99,0.92
18.58,0.99,0.93
18.58,1.00,0.93
18.59,1.00,0.93
18.59,1.00,0.93
18.60,0.99,0.93
18.60,0.99,0.94
18.60,0.99,0.94
18.61,0.99,0.94
18.61,0.99,0.94
18.62,0.99,0.94
18.62,0.99,0.94
18.62,0.99,0.94
18.63,0.99,0.95
18.63,0.99,0.95
18.64,0.99,0.95
18.64,0.99,0.95
18.64,0.99,0.95
18.65,0.99,0.95
18.65,0.98,0.95
18.66,0.98,0.95
18.66,0.98,0.96
18.66,0.98,0.96
18.67,0.98,0.96
18.67,0.97,0.96
18.68,0.97,0.96
18.68,0.97,0.96
18.68,0.97,0.96
18.69,0.97,0.97
18.69,0.96,0.97
18.70,0.97,0.97
18.70,0.97,0.97
18.70,0.96,0.97
18.71,0.96,0.97
18.71,0.96,0.97
18.72,0.96,0.97
18.72,0.96,0.97
18.72,0.95,0.97
18.73,0.95,0.97
18.73,0.95,0.97
18.74,0.95,0.98
18.74,0.95,0.98
18.74,0.95,0.98
18.75,0.94,0.98
18.75,0.94,0.98
18.76,0.94,0.98
18.76,0.94,0.98
18.76,0.93,0.98
18.77,0.93,0.98
18.77,0.93,0.98
18.78,0.93,0.98
18.78,0.92,0.98
18.78,0.92,0.98
18.79,0.92,0.98
18.79,0.92,0.98
18.80,0.91,0.98
18.80,0.91,0.99
18.80,0.91,0.99
18.81,0.91,0.99
18.81,0.90,0.99
18.82,0.90,0.99
18.82,0.90,0.99
18.82,0.90,0.99
18.83,0.89,0.99
18.83,0.89,0.99
18.84,0.88,0.99
18.84,0.88,0.99
18.84,0.88,0.99
18.85,0.88,0.99
18.85,0.87,0.99
18.86,0.87,0.99
18.86,0.87,0.99
18.86,0.86,0.99
18.87,0.86,0.99
18.87,0.86,0.99
18.88,0.86,0.99
18.88,0.85,0.99
18.88,0.85,0.99
18.89,0.85,0.99
18.89,0.84,0.99
18.90,0.84,0.99
18.90,0.84,0.99
18.90,0.83,0.99
18.91,0.83,0.99
18.91,0.82,0.99
18.92,0.82,0.99
18.92,0.82,0.99
18.92,0.81,0.99
18.93,0.81,0.99
18.93,0.81,0.99
18.94,0.80,0.99
18.94,0.80,0.99
18.94,0.80,0.99
18.95,0.80,0.98
18.95,0.79,0.98
18.96,0.79,0.98
18.96,0.78,0.98
18.96,0.78,0.98
18.97,0.78,0.98
18.97,0.77,0.98
18.98,0.77,0.98
18.98,0.76,0.98
18.98,0.76,0.98
18.99,0.76,0.98
18.99,0.75,0.98
19.00,0.75,0.98
19.00,0.75,0.98
19.00,0.74,0.98
19.01,0.74,0.98
19.01,0.73,0.98
19.02,0.73,0.98
19.02,0.73,0.97
19.02,0.73,0.97
19.03,0.72,0.97
19.03,0.72,0.97
19.04,0.71,0.97
19.04,0.71,0.97
19.04,0.70,0.97
19.05,0.70,0.97
19.05,0.70,0.97
19.06,0.69,0.97
19.06,0.69,0.97
19.06,0.68,0.96
19.07,0.68,0.96
19.07,0.68,0.96
19.08,0.67,0.96
19.08,0.67,0.96
19.08,0.66,0.96
19.09,0.66,0.96
19.09,0.65,0.96
19.10,0.65,0.96
19.10,0.64,0.96
19.10,0.64,0.95
19.11,0.63,0.95
19.11,0.63,0.95
19.12,0.63,0.95
19.12,0.63,0.95
19.12,0.62,0.95
19.13,0.62,0.95
19.13,0.61,0.95
19.14,0.60,0.94
19.14,0.60,0.94
19.14,0.60,0.94
19.15,0.60,0.94
19.15,0.59,0.94
19.16,0.58,0.94
19.16,0.58,0.94
19.16,0.58,0.94
19.17,0.57,0.93
19.17,0.57,0.93
19.18,0.57,0.93
19.18,0.56,0.93
19.18,0.56,0.93
19.19,0.55,0.93
19.19,0.55,0.92
19.20,0.55,0.92
19.20,0.54,0.92
19.20,0.53,0.92
19.21,0.53,0.92
19.21,0.53,0.91
19.22,0.52,0.91
19.22,0.52,0.91
19.22,0.52,0.91
19.23,0.51,0.91
19.23,0.51,0.91
19.24,0.50,0.91
19.24,0.50,0.90
19.24,0.49,0.90
19.25,0.49,0.90
19.25,0.48,0.90
19.26,0.48,0.90
19.26,0.47,0.89
19.26,0.47,0.89
19.27,0.46,0.89
19.27,0.46,0.89
19.28,0.46,0.89
19.28,0.45,0.89
19.28,0.45,0.88
19.29,0.45,0.88
19.29,0.44,0.88
19.30,0.44,0.88
19.30,0.43,0.87
19.30,0.43,0.87
19.31,0.42,0.87
19.31,0.42,0.87
19.32,0.42,0.87
19.32,0.41,0.87
19.32,0.41,0.86
19.33,0.41,0.86
19.33,0.40,0.86
19.34,0.40,0.86
19.34,0.40,0.86
19.34,0.39,0.85
19.35,0.38,0.85
19.35,0.38,0.85
19.36,0.38,0.85
19.36,0.37,0.85
19.36,0.37,0.84
19.37,0.37,0.84
19.37,0.36,0.84
19.38,0.36,0.84
19.38,0.35,0.84
19.38,0.35,0.83
19.39,0.35,0.83
19.39,0.34,0.83
19.40,0.34,0.83
19.40,0.34,0.82
19.40,0.34,0.82
19.41,0.33,0.82
19.41,0.33,0.82
19.42,0.33,0.82
19.42,0.32,0.81
19.42,0.32,0.81
19.43,0.31,0.81
19.43,0.31,0.81
19.44,0.31,0.80
19.44,0.30,0.80
19.44,0.30,0.80
19.45,0.30,0.80
19.45,0.29,0.80
19.46,0.29,0.80
19.46,0.29,0.79
19.46,0.28,0.79
19.47,0.28,0.79
19.47,0.28,0.79
19.48,0.27,0.78
19.48,0.27,0.78
19.48,0.27,0.78
19.49,0.26,0.78
19.49,0.26,0.78
19.50,0.25,0.77
19.50,0.25,0.77
19.50,0.25,0.77
19.51,0.24,0.77
19.51,0.24,0.76
19.52,0.24,0.76
19.52,0.23,0.76
19.52,0.23,0.76
19.53,0.23,0.75
19.53,0.23,0.75
19.54,0.22,0.75
19.54,0.22,0.75
19.54,0.22,0.74
19.55,0.22,0.74
19.55,0.21,0.74
19.56,0.21,0.74
19.56,0.20,0.74
19.56,0.20,0.73
19.57,0.20,0.73
19.57,0.20,0.73
19.58,0.19,0.72
19.58,0.19,0.72
19.58,0.19,0.72
19.59,0.19,0.72
19.59,0.19,0.71
19.60,0.18,0.71
19.60,0.18,0.71
19.60,0.18,0.71
19.61,0.18,0.70
19.61,0.17,0.70
19.62,0.17,0.70
19.62,0.17,0.70
19.62,0.16,0.69
19.63,0.16,0.69
19.63,0.16,0.69
19.64,0.16,0.69
19.64,0.15,0.68
19.64,0.15,0.68
19.65,0.15,0.68
19.65,0.15,0.68
19.66,0.15,0.67
19.66,0.14,0.67
19.66,0.14,0.67
19.67,0.14,0.67
19.67,0.14,0.66
19.68,0.13,0.66
19.68,0.13,0.66
19.68,0.13,0.66
19.69,0.13,0.65
19.69,0.13,0.65
19.70,0.12,0.65
19.70,0.12,0.65
19.70,0.12,0.64
19.71,0.12,0.64
19.71,0.12,0.64
19.72,0.11,0.63
19.72,0.11,0.63
19.72,0.11,0.63
19.73,0.11,0.63
19.73,0.11,0.62
19.74,0.11,0.62
19.74,0.10,0.62
19.74,0.10,0.62
19.75,0.10,0.61
19.75,0.10,0.61
19.76,0.10,0.61
19.76,0.10,0.61
19.76,0.09,0.60
19.77,0.09,0.60
19.77,0.09,0.60
19.78,0.09,0.60
19.78,0.09,0.59
19.78,0.09,0.59
19.79,0.09,0.59
19.79,0.08,0.58
19.80,0.08,0.58
19.80,0.08,0.58
19.80,0.08,0.58
19.81,0.08,0.57
19.81,0.08,0.57
19.82,0.08,0.57
19.82,0.07,0.57
19.82,0.07,0.56
19.83,0.07,0.56
19.83,0.07,0.56
19.84,0.07,0.56
19.84,0.07,0.55
19.84,0.07,0.55
19.85,0.07,0.55
19.85,0.07,0.55
19.86,0.06,0.54
19.86,0.06,0.54
19.86,0.06,0.54
19.87,0.06,0.54
19.87,0.06,0.53
19.88,0.06,0.53
19.88,0.06,0.53
19.88,0.06,0.53
19.89,0.06,0.52
19.89,0.05,0.52
19.90,0.05,0.52
19.90,0.05,0.51
19.90,0.05,0.51
19.91,0.05,0.51
19.91,0.05,0.51
19.92,0.05,0.50
19.92,0.05,0.50
19.92,0.05,0.50
19.93,0.05,0.50
19.93,0.05,0.49
19.94,0.05,0.49
19.94,0.04,0.49
19.94,0.04,0.49
19.95,0.05,0.48
19.95,0.04,0.48
19.96,0.04,0.48
19.96,0.04,0.48
19.96,0.04,0.47
19.97,0.04,0.47
19.97,0.04,0.47
19.98,0.04,0.47
19.98,0.04,0.47
19.98,0.04,0.46
19.99,0.04,0.46
19.99,0.04,0.46
20.00,0.04,0.45
20.00,0.04,0.45
20.00,0.04,0.45
20.01,0.04,0.45
20.01,0.04,0.45
20.02,0.04,0.44
20.02,0.04,0.44
20.02,0.04,0.44
20.03,0.04,0.43
20.03,0.04,0.43
20.04,0.04,0.43
20.04,0.04,0.43
20.04,0.04,0.42
20.05,0.04,0.42
20.05,0.04,0.42
20.06,0.04,0.42
20.06,0.04,0.42
20.06,0.04,0.41
20.07,0.04,0.41
20.07,0.04,0.41
20.08,0.04,0.40
20.08,0.04,0.40
20.08,0.04,0.40
20.09,0.04,0.40
20.09,0.04,0.40
20.10,0.04,0.39
20.10,0.04,0.39
20.10,0.04,0.39
20.11,0.04,0.39
20.11,0.04,0.38
20.12,0.04,0.38
20.12,0.04,0.38
20.12,0.04,0.38
20.13,0.04,0.37
20.13,0.04,0.37
20.14,0.04,0.37
20.14,0.04,0.37
20.14,0.04,0.37
20.15,0.04,0.36
20.15,0.04,0.36
20.16,0.04,0.36
20.16,0.04,0.36
20.16,0.04,0.36
20.17,0.04,0.35
20.17,0.04,0.35
20.18,0.04,0.35
20.18,0.04,0.35
20.18,0.04,0.34
20.19,0.04,0.34
20.19,0.04,0.34
20.20,0.04,0.34
20.20,0.04,0.34
20.20,0.04,0.33
20.21,0.04,0.33
20.21,0.04,0.33
20.22,0.04,0.33
20.22,0.05,0.33
20.22,0.04,0.32
20.23,0.04,0.32
20.23,0.05,0.32
20.24,0.05,0.32
20.24,0.05,0.31
20.24,0.04,0.31
20.25,0.05,0.31
20.25,0.05,0.31
20.26,0.05,0.31
20.26,0.05,0.30
20.26,0.05,0.30
20.27,0.05,0.30
20.27,0.05,0.30
20.28,0.05,0.29
20.28,0.05,0.29
20.28,0.05,0.29
20.29,0.05,0.29
20.29,0.05,0.29
20.30,0.05,0.29
20.30,0.06,0.28
20.30,0.05,0.28
20.31,0.05,0.28
20.31,0.05,0.28
20.32,0.05,0.28
20.32,0.06,0.27
20.32,0.05,0.27
20.33,0.06,0.27
20.33,0.06,0.27
20.34,0.06,0.27
20.34,0.06,0.27
20.34,0.06,0.26
20.35,0.06,0.26
20.35,0.06,0.26
20.36,0.06,0.26
20.36,0.06,0.25
20.36,0.06,0.25
20.37,0.06,0.25
20.37,0.06,0.25
20.38,0.06,0.25
20.38,0.06,0.25
20.38,0.07,0.24
20.39,0.07,0.24
20.39,0.07,0.24
20.40,0.07,0.24
20.40,0.07,0.24
20.40,0.07,0.23
20.41,0.07,0.23
20.41,0.07,0.23
20.42,0.07,0.23
20.42,0.07,0.23
20.42,0.07,0.23
20.43,0.07,0.22
20.43,0.07,0.22
20.44,0.07,0.22
20.44,0.08,0.22
20.44,0.07,0.22
20.45,0.08,0.22
20.45,0.07,0.21
20.46,0.08,0.21
20.46,0.08,0.21
20.46,0.08,0.21
20.47,0.08,0.21
20.47,0.08,0.20
20.48,0.08,0.20
20.48,0.08,0.20
20.48,0.08,0.20
20.49,0.08,0.20
20.49,0.08,0.20
20.50,0.08,0.20
20.50,0.08,0.19
20.50,0.08,0.19
20.51,0.08,0.19
20.51,0.09,0.19
20.52,0.08,0.19
20.52,0.09,0.19
20.52,0.09,0.19
20.53,0.09,0.18
20.53,0.09,0.18
20.54,0.09,0.18
20.54,0.09,0.18
20.54,0.09,0.18
20.55,0.09,0.18
20.55,0.09,0.17
20.56,0.09,0.17
20.56,0.09,0.17
20.56,0.09,0.17
20.57,0.09,0.17
20.57,0.09,0.17
20.58,0.10,0.17
20.58,0.09,0.16
20.58,0.10,0.16
20.59,0.09,0.16
20.59,0.10,0.16
20.60,0.10,0.16
20.60,0.10,0.16
20.60,0.10,0.16
20.61,0.10,0.16
20.61,0.10,0.16
20.62,0.10,0.15
20.62,0.10,0.15
20.62,0.10,0.15
20.63,0.10,0.15
20.63,0.10,0.15
20.64,0.10,0.15
20.64,0.10,0.15
20.64,0.10,0.14
20.65,0.10,0.14
20.65,0.10,0.14
20.66,0.11,0.14
20.66,0.10,0.14
20.66,0.11,0.14
20.67,0.11,0.14
20.67,0.11,0.14
20.68,0.10,0.14
20.68,0.11,0.13
20.68,0.11,0.13
20.69,0.11,0.13
20.69,0.10,0.13
20.70,0.11,0.13
20.70,0.11,0.13
20.70,0.11,0.13
20.71,0.11,0.12
20.71,0.11,0.12
20.72,0.11,0.12
20.72,0.11,0.12
20.72,0.11,0.12
20.73,0.11,0.12
20.73,0.11,0.12
20.74,0.11,0.12
20.74,0.11,0.12
20.74,0.11,0.11
20.75,0.11,0.11
20.75,0.11,0.11
20.76,0.11,0.11
20.76,0.11,0.11
20.76,0.11,0.11
20.77,0.11,0.11
20.77,0.11,0.11
20.78,0.11,0.11
20.78,0.11,0.11
20.78,0.11,0.11
20.79,0.11,0.10
20.79,0.11,0.10
20.80,0.11,0.10
20.80,0.11,0.10
20.80,0.11,0.10
20.81,0.11,0.10
20.81,0.11,0.10
20.82,0.11,0.10
20.82,0.11,0.10
20.82,0.11,0.10
20.83,0.11,0.09
20.83,0.11,0.09
20.84,0.11,0.09
20.84,0.11,0.09
20.84,0.11,0.09
20.85,0.11,0.09
20.85,0.11,0.09
20.86,0.11,0.09
20.86,0.11,0.09
20.86,0.11,0.09
20.87,0.11,0.09
20.87,0.11,0.09
20.88,0.11,0.09
20.88,0.11,0.09
20.88,0.11,0.08
20.89,0.11,0.08
20.89,0.11,0.08
20.90,0.11,0.08
20.90,0.11,0.08
20.90,0.11,0.08
20.91,0.11,0.08
20.91,0.11,0.08
20.92,0.11,0.08
20.92,0.11,0.08
20.92,0.11,0.08
20.93,0.11,0.08
20.93,0.11,0.08
20.94,0.11,0.07
20.94,0.11,0.07
20.94,0.11,0.07
20.95,0.11,0.07
20.95,0.11,0.07
20.96,0.11,0.07
20.96,0.11,0.07
20.96,0.11,0.07
20.97,0.11,0.07
20.97,0.11,0.07
20.98,0.11,0.07
20.98,0.11,0.07
20.98,0.11,0.07
20.99,0.11,0.07
20.99,0.11,0.07
21.00,0.11,0.07
21.00,0.11,0.07
21.00,0.11,0.07
21.01,0.11,0.07
21.01,0.11,0.07
21.02,0.11,0.06
21.02,0.11,0.06
21.02,0.11,0.06
21.03,0.11,0.06
21.03,0.11,0.06
21.04,0.11,0.06
21.04,0.11,0.06
21.04,0.11,0.06
21.05,0.11,0.06
21.05,0.11,0.06
21.06,0.11,0.06
21.06,0.10,0.06
21.06,0.11,0.06
21.07,0.11,0.06
21.07,0.11,0.06
21.08,0.10,0.06
21.08,0.11,0.06
21.08,0.10,0.06
21.09,0.11,0.06
21.09,0.11,0.06
21.10,0.11,0.06
21.10,0.10,0.06
21.10,0.10,0.06
21.11,0.10,0.06
21.11,0.10,0.05
21.12,0.11,0.05
21.12,0.10,0.05
21.12,0.10,0.05
21.13,0.10,0.05
21.13,0.10,0.05
21.14,0.10,0.05
21.14,0.10,0.05
21.14,0.10,0.05
21.15,0.10,0.05
21.15,0.10,0.05
21.16,0.10,0.05
21.16,0.10,0.05
21.16,0.10,0.05
21.17,0.09,0.05
21.17,0.09,0.05
21.18,0.09,0.05
21.18,0.09,0.05
21.18,0.09,0.05
21.19,0.09,0.05
21.19,0.09,0.05
21.20,0.09,0.05
21.20,0.09,0.05
21.20,0.09,0.05
21.21,0.09,0.05
21.21,0.09,0.05
21.22,0.09,0.05
21.22,0.09,0.05
21.22,0.08,0.05
21.23,0.08,0.05
21.23,0.08,0.05
21.24,0.08,0.05
21.24,0.08,0.05
21.24,0.08,0.05
21.25,0.08,0.05
21.25,0.08,0.05
21.26,0.08,0.05
21.26,0.08,0.05
21.26,0.08,0.05
21.27,0.07,0.05
21.27,0.08,0.05
21.28,0.08,0.05
21.28,0.07,0.04
21.28,0.07,0.05
21.29,0.07,0.05
21.29,0.07,0.05
21.30,0.07,0.05
21.30,0.07,0.04
21.30,0.07,0.05
21.31,0.07,0.05
21.31,0.07,0.05
21.32,0.07,0.05
21.32,0.06,0.04
21.32,0.06,0.04
21.33,0.06,0.04
21.33,0.06,0.04
21.34,0.06,0.04
21.34,0.06,0.04
21.34,0.06,0.04
21.35,0.06,0.04
21.35,0.06,0.04
21.36,0.05,0.04
21.36,0.06,0.04
21.36,0.05,0.04
21.37,0.05,0.04
21.37,0.06,0.04
21.38,0.05,0.04
21.38,0.05,0.05
21.38,0.05,0.04
21.39,0.05,0.04
21.39,0.05,0.04
21.40,0.05,0.04
21.40,0.05,0.04
21.40,0.04,0.04
21.41,0.04,0.04
21.41,0.04,0.04
21.42,0.04,0.04
21.42,0.04,0.04
21.42,0.04,0.04
21.43,0.04,0.04
21.43,0.04,0.04
21.44,0.04,0.04
21.44,0.04,0.04
21.44,0.04,0.04
21.45,0.04,0.04
21.45,0.04,0.04
21.46,0.03,0.04
21.46,0.03,0.04
21.46,0.03,0.04
21.47,0.03,0.04
21.47,0.03,0.04
21.48,0.03,0.04
21.48,0.03,0.04
21.48,0.02,0.04
21.49,0.03,0.04
21.49,0.02,0.05
21.50,0.02,0.04
21.50,0.02,0.04
21.50,0.02,0.05
21.51,0.02,0.05
21.51,0.02,0.05
21.52,0.02,0.05
21.52,0.01,0.05
21.52,0.02,0.05
21.53,0.01,0.05
21.53,0.01,0.05
21.54,0.01,0.05
21.54,0.01,0.05
21.54,0.01,0.05
21.55,0.01,0.05
21.55,0.01,0.05
21.56,0.01,0.05
21.56,0.01,0.05
21.56,0.00,0.05
21.57,0.01,0.05
21.57,0.00,0.05
21.58,0.00,0.05
21.58,0.00,0.05
21.58,0.00,0.05
21.59,-0.00,0.05
21.59,0.00,0.05
21.60,-0.00,0.05
21.60,0.00,0.05
21.60,-0.00,0.05
21.61,-0.00,0.05
21.61,-0.01,0.05
21.62,-0.00,0.05
21.62,-0.01,0.05
21.62,-0.01,0.05
21.63,-0.01,0.05
21.63,-0.01,0.05
21.64,-0.01,0.05
21.64,-0.01,0.05
21.64,-0.01,0.05
21.65,-0.01,0.05
21.65,-0.01,0.05
21.66,-0.01,0.05
21.66,-0.01,0.05
21.66,-0.01,0.05
21.67,-0.01,0.05
21.67,-0.01,0.05
21.68,-0.02,0.05
21.68,-0.02,0.05
21.68,-0.02,0.05
21.69,-0.02,0.05
21.69,-0.02,0.05
21.70,-0.02,0.05
21.70,-0.03,0.05
21.70,-0.03,0.05
21.71,-0.02,0.05
21.71,-0.02,0.05
21.72,-0.03,0.05
21.72,-0.03,0.05
21.72,-0.03,0.05
21.73,-0.03,0.05
21.73,-0.03,0.05
21.74,-0.03,0.05
21.74,-0.04,0.05
21.74,-0.03,0.05
21.75,-0.04,0.05
21.75,-0.04,0.05
21.76,-0.04,0.05
21.76,-0.04,0.05
21.76,-0.04,0.05
21.77,-0.04,0.05
21.77,-0.04,0.05
21.78,-0.04,0.05
21.78,-0.04,0.05
21.78,-0.04,0.05
21.79,-0.05,0.06
21.79,-0.04,0.06
21.80,-0.04,0.06
21.80,-0.05,0.06
21.80,-0.05,0.06
21.81,-0.05,0.06
21.81,-0.05,0.06
21.82,-0.05,0.06
21.82,-0.05,0.06
21.82,-0.05,0.06
21.83,-0.06,0.06
21.83,-0.05,0.06
21.84,-0.05,0.06
21.84,-0.05,0.06
21.84,-0.06,0.06
21.85,-0.06,0.06
21.85,-0.06,0.06
21.86,-0.06,0.06
21.86,-0.06,0.06
21.86,-0.06,0.06
21.87,-0.06,0.06
21.87,-0.06,0.06
21.88,-0.07,0.06
21.88,-0.06,0.06
21.88,-0.07,0.06
21.89,-0.07,0.06
21.89,-0.07,0.06
21.90,-0.07,0.06
21.90,-0.07,0.06
21.90,-0.07,0.06
21.91,-0.07,0.06
21.91,-0.07,0.06
21.92,-0.07,0.06
21.92,-0.08,0.06
21.92,-0.07,0.06
21.93,-0.08,0.06
21.93,-0.07,0.06
21.94,-0.08,0.06
21.94,-0.08,0.06
21.94,-0.08,0.06
21.95,-0.08,0.06
21.95,-0.08,0.06
21.96,-0.08,0.06
21.96,-0.08,0.06
21.96,-0.08,0.06
21.97,-0.08,0.07
21.97,-0.09,0.07
21.98,-0.08,0.07
21.98,-0.09,0.07
21.98,-0.08,0.07
21.99,-0.09,0.07
21.99,-0.09,0.07
22.00,-0.09,0.07
22.00,-0.08,0.07
22.00,-0.09,0.07
22.01,-0.09,0.07
22.01,-0.09,0.07
22.02,-0.09,0.07
22.02,-0.09,0.07
22.02,-0.09,0.07
22.03,-0.09,0.07
22.03,-0.09,0.07
22.04,-0.09,0.07
22.04,-0.09,0.07
22.04,-0.10,0.07
22.05,-0.10,0.07
22.05,-0.10,0.07
22.06,-0.10,0.07
22.06,-0.10,0.07
22.06,-0.10,0.07
22.07,-0.10,0.07
22.07,-0.10,0.07
22.08,-0.10,0.07
22.08,-0.10,0.07
22.08,-0.10,0.07
22.09,-0.10,0.07
22.09,-0.10,0.07
22.10,-0.10,0.07
22.10,-0.11,0.07
22.10,-0.11,0.07
22.11,-0.11,0.07
22.11,-0.11,0.07
22.12,-0.11,0.07
22.12,-0.11,0.07
22.12,-0.11,0.07
22.13,-0.11,0.07
22.13,-0.11,0.07
22.14,-0.11,0.07
22.14,-0.11,0.07
22.14,-0.11,0.07
22.15,-0.11,0.07
22.15,-0.11,0.07
22.16,-0.12,0.07
22.16,-0.12,0.07
22.16,-0.12,0.07
22.17,-0.12,0.07
22.17,-0.12,0.07
22.18,-0.12,0.07
22.18,-0.12,0.07
22.18,-0.12,0.07
22.19,-0.12,0.07
22.19,-0.12,0.07
22.20,-0.12,0.07
22.20,-0.12,0.07
22.20,-0.12,0.07
22.21,-0.12,0.07
22.21,-0.12,0.07
22.22,-0.12,0.07
22.22,-0.12,0.07
22.22,-0.12,0.07
22.23,-0.12,0.07
22.23,-0.12,0.07
22.24,-0.12,0.07
22.24,-0.12,0.07
22.24,-0.12,0.07
22.25,-0.12,0.07
22.25,-0.13,0.07
22.26,-0.12,0.07
22.26,-0.12,0.08
22.26,-0.13,0.07
22.27,-0.12,0.07
22.27,-0.13,0.07
22.28,-0.13,0.07
22.28,-0.12,0.07
22.28,-0.12,0.07
22.29,-0.13,0.07
22.29,-0.13,0.07
22.30,-0.12,0.08
22.30,-0.13,0.08
22.30,-0.13,0.08
22.31,-0.13,0.07
22.31,-0.13,0.07
22.32,-0.13,0.07
22.32,-0.13,0.08
22.32,-0.13,0.08
22.33,-0.13,0.08
22.33,-0.13,0.08
22.34,-0.13,0.08
22.34,-0.13,0.07
22.34,-0.13,0.07
22.35,-0.13,0.07
22.35,-0.13,0.07
22.36,-0.13,0.08
22.36,-0.13,0.08
22.36,-0.13,0.08
22.37,-0.13,0.08
22.37,-0.13,0.08
22.38,-0.13,0.08
22.38,-0.13,0.08
22.38,-0.13,0.08
22.39,-0.13,0.08
22.39,-0.13,0.08
22.40,-0.13,0.08
22.40,-0.13,0.08
22.40,-0.13,0.08
22.41,-0.13,0.08
22.41,-0.13,0.08
22.42,-0.13,0.08
22.42,-0.13,0.08
22.42,-0.13,0.08
22.43,-0.13,0.08
22.43,-0.13,0.07
22.44,-0.13,0.08
22.44,-0.13,0.08
22.44,-0.13,0.08
22.45,-0.13,0.08
22.45,-0.13,0.08
22.46,-0.13,0.08
22.46,-0.13,0.07
22.46,-0.13,0.07
22.47,-0.13,0.07
22.47,-0.13,0.07
22.48,-0.13,0.07
22.48,-0.13,0.07
22.48,-0.13,0.08
22.49,-0.13,0.08
22.49,-0.13,0.08
22.50,-0.13,0.08
22.50,-0.13,0.07
22.50,-0.13,0.07
22.51,-0.13,0.07
22.51,-0.13,0.07
22.52,-0.13,0.07
22.52,-0.13,0.08
22.52,-0.13,0.07
22.53,-0.13,0.07
22.53,-0.13,0.07
22.54,-0.13,0.07
22.54,-0.12,0.07
22.54,-0.13,0.07
22.55,-0.13,0.07
22.55,-0.12,0.07
22.56,-0.13,0.07
22.56,-0.13,0.07
22.56,-0.12,0.07
22.57,-0.13,0.07
22.57,-0.12,0.07
22.58,-0.12,0.07
22.58,-0.12,0.07
22.58,-0.12,0.07
22.59,-0.12,0.07
22.59,-0.12,0.07
22.60,-0.13,0.07
22.60,-0.12,0.07
22.60,-0.12,0.07
22.61,-0.12,0.07
22.61,-0.12,0.07
22.62,-0.12,0.07
22.62,-0.12,0.07
22.62,-0.12,0.07
22.63,-0.12,0.07
22.63,-0.12,0.07
22.64,-0.12,0.07
22.64,-0.12,0.07
22.64,-0.12,0.07
22.65,-0.12,0.07
22.65,-0.12,0.07
22.66,-0.12,0.07
22.66,-0.12,0.07
22.66,-0.12,0.07
22.67,-0.12,0.07
22.67,-0.12,0.07
22.68,-0.12,0.07
22.68,-0.12,0.07
22.68,-0.12,0.07
22.69,-0.12,0.07
22.69,-0.12,0.07
22.70,-0.12,0.07
22.70,-0.11,0.07
22.70,-0.11,0.07
22.71,-0.11,0.07
22.71,-0.11,0.07
22.72,-0.11,0.07
22.72,-0.11,0.07
22.72,-0.11,0.07
22.73,-0.11,0.07
22.73,-0.11,0.07
22.74,-0.11,0.07
22.74,-0.11,0.07
22.74,-0.11,0.07
22.75,-0.11,0.07
22.75,-0.11,0.07
22.76,-0.11,0.07
22.76,-0.11,0.07
22.76,-0.11,0.07
22.77,-0.11,0.07
22.77,-0.11,0.07
22.78,-0.11,0.07
22.78,-0.11,0.07
22.78,-0.11,0.07
22.79,-0.11,0.07
22.79,-0.10,0.07
22.80,-0.10,0.07
22.80,-0.11,0.07
22.80,-0.10,0.07
22.81,-0.10,0.07
22.81,-0.10,0.07
22.82,-0.10,0.07
22.82,-0.10,0.07
22.82,-0.10,0.07
22.83,-0.10,0.07
22.83,-0.10,0.07
22.84,-0.10,0.07
22.84,-0.10,0.07
22.84,-0.10,0.07
22.85,-0.10,0.07
22.85,-0.10,0.07
22.86,-0.10,0.07
22.86,-0.09,0.07
22.86,-0.09,0.07
22.87,-0.10,0.06
22.87,-0.10,0.06
22.88,-0.10,0.06
22.88,-0.10,0.06
22.88,-0.09,0.06
22.89,-0.09,0.06
22.89,-0.09,0.06
22.90,-0.09,0.06
22.90,-0.09,0.06
22.90,-0.09,0.06
22.91,-0.09,0.06
22.91,-0.09,0.06
22.92,-0.09,0.06
22.92,-0.09,0.06
22.92,-0.09,0.06
22.93,-0.09,0.06
22.93,-0.09,0.06
22.94,-0.09,0.06
22.94,-0.09,0.06
22.94,-0.09,0.06
22.95,-0.09,0.06
22.95,-0.09,0.06
22.96,-0.09,0.06
22.96,-0.09,0.06
22.96,-0.09,0.06
22.97,-0.08,0.06
22.97,-0.09,0.06
22.98,-0.08,0.06
22.98,-0.08,0.06
22.98,-0.09,0.06
22.99,-0.08,0.06
22.99,-0.08,0.06
23.00,-0.09,0.06
23.00,-0.08,0.06
23.00,-0.09,0.06
23.01,-0.08,0.06
23.01,-0.08,0.06
23.02,-0.08,0.06
23.02,-0.08,0.06
23.02,-0.08,0.06
23.03,-0.08,0.06
23.03,-0.08,0.06
23.04,-0.08,0.05
23.04,-0.08,0.05
23.04,-0.08,0.05
23.05,-0.08,0.05
23.05,-0.08,0.05
23.06,-0.08,0.05
23.06,-0.08,0.05
23.06,-0.08,0.05
23.07,-0.08,0.05
23.07,-0.08,0.05
23.08,-0.08,0.05
23.08,-0.08,0.05
23.08,-0.08,0.05
23.09,-0.08,0.05
23.09,-0.08,0.05
23.10,-0.08,0.05
23.10,-0.08,0.05
23.10,-0.08,0.05
23.11,-0.08,0.05
23.11,-0.08,0.05
23.12,-0.08,0.05
23.12,-0.07,0.05
23.12,-0.08,0.05
23.13,-0.08,0.05
23.13,-0.08,0.05
23.14,-0.07,0.05
23.14,-0.08,0.05
23.14,-0.08,0.05
23.15,-0.08,0.05
23.15,-0.08,0.05
23.16,-0.07,0.05
23.16,-0.08,0.05
23.16,-0.07,0.05
23.17,-0.08,0.05
23.17,-0.08,0.05
23.18,-0.08,0.05
23.18,-0.07,0.05
23.18,-0.08,0.05
23.19,-0.08,0.05
23.19,-0.07,0.05
23.20,-0.08,0.05
23.20,-0.08,0.05
23.20,-0.07,0.05
23.21,-0.07,0.05
23.21,-0.07,0.05
23.22,-0.07,0.05
23.22,-0.08,0.05
23.22,-0.08,0.05
23.23,-0.08,0.05
23.23,-0.07,0.05
23.24,-0.08,0.05
23.24,-0.08,0.05
23.24,-0.08,0.05
23.25,-0.07,0.05
23.25,-0.08,0.05
23.26,-0.08,0.05
23.26,-0.08,0.05
23.26,-0.08,0.05
23.27,-0.08,0.05
23.27,-0.08,0.05
23.28,-0.08,0.05
23.28,-0.08,0.05
23.28,-0.08,0.05
23.29,-0.08,0.05
23.29,-0.08,0.05
23.30,-0.08,0.04
23.30,-0.08,0.04
23.30,-0.08,0.04
23.31,-0.07,0.04
23.31,-0.08,0.04
23.32,-0.08,0.04
23.32,-0.08,0.04
23.32,-0.08,0.04
23.33,-0.08,0.04
23.33,-0.08,0.04
23.34,-0.08,0.04
23.34,-0.08,0.04
23.34,-0.08,0.04
23.35,-0.08,0.04
23.35,-0.08,0.04
23.36,-0.08,0.04
23.36,-0.08,0.04
23.36,-0.08,0.04
23.37,-0.08,0.04
23.37,-0.08,0.04
23.38,-0.08,0.04
23.38,-0.09,0.04
23.38,-0.08,0.04
23.39,-0.09,0.04
23.39,-0.08,0.04
23.40,-0.09,0.04
23.40,-0.09,0.04
23.40,-0.09,0.04
23.41,-0.08,0.04
23.41,-0.09,0.04
23.42,-0.09,0.04
23.42,-0.09,0.04
23.42,-0.09,0.04
23.43,-0.09,0.04
23.43,-0.09,0.04
23.44,-0.09,0.04
23.44,-0.09,0.04
23.44,-0.09,0.04
23.45,-0.09,0.04
23.45,-0.09,0.04
23.46,-0.09,0.04
23.46,-0.09,0.04
23.46,-0.10,0.04
23.47,-0.10,0.04
23.47,-0.10,0.04
23.48,-0.10,0.04
23.48,-0.10,0.04
23.48,-0.10,0.04
23.49,-0.10,0.04
23.49,-0.10,0.04
23.50,-0.10,0.04
23.50,-0.10,0.04
23.50,-0.10,0.04
23.51,-0.10,0.04
23.51,-0.10,0.04
23.52,-0.10,0.03
23.52,-0.10,0.03
23.52,-0.11,0.03
23.53,-0.11,0.03
23.53,-0.11,0.03
23.54,-0.11,0.04
23.54,-0.11,0.04
23.54,-0.11,0.04
23.55,-0.11,0.03
23.55,-0.11,0.03
23.56,-0.11,0.03
23.56,-0.11,0.03
23.56,-0.11,0.03
23.57,-0.12,0.03
23.57,-0.11,0.03
23.58,-0.12,0.03
23.58,-0.12,0.03
23.58,-0.12,0.03
23.59,-0.12,0.03
23.59,-0.12,0.03
23.60,-0.12,0.03
23.60,-0.12,0.03
23.60,-0.12,0.03
23.61,-0.12,0.03
23.61,-0.12,0.03
23.62,-0.12,0.03
23.62,-0.13,0.03
23.62,-0.13,0.03
23.63,-0.13,0.03
23.63,-0.12,0.03
23.64,-0.13,0.03
23.64,-0.13,0.03
23.64,-0.13,0.03
23.65,-0.13,0.03
23.65,-0.13,0.03
23.66,-0.13,0.03
23.66,-0.14,0.03
23.66,-0.13,0.03
23.67,-0.14,0.03
23.67,-0.14,0.03
23.68,-0.14,0.03
23.68,-0.14,0.03
23.68,-0.14,0.03
23.69,-0.14,0.03
23.69,-0.14,0.03
23.70,-0.15,0.03
23.70,-0.15,0.03
23.70,-0.14,0.03
23.71,-0.15,0.03
23.71,-0.15,0.03
23.72,-0.15,0.03
23.72,-0.15,0.03
23.72,-0.15,0.03
23.73,-0.15,0.03
23.73,-0.15,0.03
23.74,-0.16,0.03
23.74,-0.15,0.03
23.74,-0.16,0.03
23.75,-0.16,0.03
23.75,-0.16,0.03
23.76,-0.16,0.03
23.76,-0.16,0.03
23.76,-0.16,0.03
23.77,-0.16,0.03
23.77,-0.17,0.03
23.78,-0.17,0.03
23.78,-0.17,0.03
23.78,-0.17,0.03
23.79,-0.17,0.03
23.79,-0.17,0.03
23.80,-0.17,0.03
23.80,-0.17,0.03
23.80,-0.17,0.03
23.81,-0.17,0.03
23.81,-0.18,0.03
23.82,-0.17,0.03
23.82,-0.17,0.03
23.82,-0.18,0.03
23.83,-0.18,0.03
23.83,-0.18,0.03
23.84,-0.18,0.03
23.84,-0.18,0.03
23.84,-0.18,0.03
23.85,-0.18,0.03
23.85,-0.18,0.03
23.86,-0.19,0.03
23.86,-0.19,0.03
23.86,-0.19,0.03
23.87,-0.19,0.03
23.87,-0.19,0.03
23.88,-0.19,0.03
23.88,-0.19,0.03
23.88,-0.19,0.03
23.89,-0.19,0.03
23.89,-0.19,0.03
23.90,-0.19,0.03
23.90,-0.20,0.03
23.90,-0.19,0.03
23.91,-0.20,0.03
23.91,-0.20,0.03
23.92,-0.20,0.03
23.92,-0.20,0.03
23.92,-0.20,0.03
23.93,-0.20,0.03
23.93,-0.20,0.03
23.94,-0.21,0.03
23.94,-0.21,0.03
23.94,-0.21,0.03
23.95,-0.21,0.03
23.95,-0.21,0.03
23.96,-0.21,0.03
23.96,-0.21,0.03
23.96,-0.21,0.03
23.97,-0.21,0.03
23.97,-0.21,0.03
23.98,-0.21,0.03
23.98,-0.21,0.03
23.98,-0.21,0.03
23.99,-0.22,0.03
23.99,-0.22,0.03
24.00,-0.22,0.03
24.00,-0.22,0.03
24.00,-0.22,0.03
24.01,-0.22,0.03
24.01,-0.22,0.03
24.02,-0.22,0.03
24.02,-0.22,0.03
24.02,-0.22,0.03
24.03,-0.22,0.03
24.03,-0.22,0.03
24.04,-0.22,0.03
24.04,-0.22,0.03
24.04,-0.22,0.03
24.05,-0.22,0.03
24.05,-0.22,0.03
24.06,-0.23,0.03
24.06,-0.23,0.03
24.06,-0.23,0.03
24.07,-0.23,0.03
24.07,-0.23,0.03
24.08,-0.23,0.03
24.08,-0.23,0.03
24.08,-0.23,0.03
24.09,-0.23,0.03
24.09,-0.23,0.03
24.10,-0.23,0.03
24.10,-0.23,0.03
24.10,-0.23,0.03
24.11,-0.23,0.03
24.11,-0.23,0.03
24.12,-0.23,0.03
24.12,-0.23,0.03
24.12,-0.23,0.03
24.13,-0.23,0.03
24.13,-0.23,0.03
24.14,-0.24,0.03
24.14,-0.24,0.03
24.14,-0.23,0.03
24.15,-0.24,0.03
24.15,-0.24,0.03
24.16,-0.24,0.03
24.16,-0.24,0.03
24.16,-0.24,0.03
24.17,-0.24,0.03
24.17,-0.24,0.03
24.18,-0.24,0.03
24.18,-0.24,0.03
24.18,-0.24,0.03
24.19,-0.24,0.03
24.19,-0.24,0.03
24.20,-0.24,0.03
24.20,-0.24,0.03
24.20,-0.24,0.03
24.21,-0.24,0.03
24.21,-0.24,0.03
24.22,-0.24,0.03
24.22,-0.24,0.03
24.22,-0.24,0.03
24.23,-0.24,0.03
24.23,-0.24,0.03
24.24,-0.24,0.03
24.24,-0.24,0.03
24.24,-0.24,0.03
24.25,-0.24,0.03
24.25,-0.24,0.03
24.26,-0.24,0.03
24.26,-0.24,0.03
24.26,-0.24,0.03
24.27,-0.24,0.03
24.27,-0.24,0.03
24.28,-0.24,0.04
24.28,-0.24,0.04
24.28,-0.24,0.04
24.29,-0.24,0.03
24.29,-0.24,0.03
24.30,-0.24,0.03
24.30,-0.24,0.03
24.30,-0.24,0.03
24.31,-0.24,0.03
24.31,-0.24,0.03
24.32,-0.24,0.03
24.32,-0.24,0.03
24.32,-0.24,0.03
24.33,-0.24,0.03
24.33,-0.23,0.03
24.34,-0.24,0.03
24.34,-0.23,0.03
24.34,-0.23,0.03
24.35,-0.23,0.03
24.35,-0.23,0.04
24.36,-0.23,0.04
24.36,-0.23,0.04
24.36,-0.23,0.04
24.37,-0.23,0.04
24.37,-0.23,0.04
24.38,-0.23,0.04
24.38,-0.23,0.04
24.38,-0.23,0.04
24.39,-0.23,0.04
24.39,-0.23,0.04
24.40,-0.23,0.04
24.40,-0.22,0.04
24.40,-0.23,0.04
24.41,-0.23,0.04
24.41,-0.23,0.04
24.42,-0.22,0.04
24.42,-0.22,0.04
24.42,-0.22,0.04
24.43,-0.22,0.04
24.43,-0.22,0.04
24.44,-0.22,0.04
24.44,-0.22,0.04
24.44,-0.22,0.04
24.45,-0.22,0.04
24.45,-0.22,0.04
24.46,-0.22,0.04
24.46,-0.22,0.04
24.46,-0.22,0.04
24.47,-0.22,0.04
24.47,-0.22,0.04
24.48,-0.22,0.04
24.48,-0.22,0.04
24.48,-0.22,0.04
24.49,-0.21,0.04
24.49,-0.21,0.04
24.50,-0.21,0.04
24.50,-0.21,0.04
24.50,-0.21,0.04
24.51,-0.21,0.04
24.51,-0.20,0.04
24.52,-0.21,0.04
24.52,-0.20,0.04
24.52,-0.20,0.04
24.53,-0.20,0.04
24.53,-0.20,0.04
24.54,-0.20,0.04
24.54,-0.20,0.04
24.54,-0.19,0.04
24.55,-0.19,0.04
24.55,-0.19,0.04
24.56,-0.19,0.04
24.56,-0.19,0.04
24.56,-0.19,0.04
24.57,-0.19,0.04
24.57,-0.19,0.04
24.58,-0.19,0.04
24.58,-0.19,0.04
24.58,-0.19,0.04
24.59,-0.18,0.04
24.59,-0.19,0.04
24.60,-0.18,0.04
24.60,-0.18,0.04
24.60,-0.18,0.04
24.61,-0.18,0.04
24.61,-0.18,0.04
24.62,-0.18,0.04
24.62,-0.18,0.04
24.62,-0.17,0.04
24.63,-0.17,0.04
24.63,-0.17,0.04
24.64,-0.17,0.04
24.64,-0.17,0.04
24.64,-0.17,0.04
24.65,-0.17,0.04
24.65,-0.16,0.04
24.66,-0.16,0.04
24.66,-0.16,0.04
24.66,-0.16,0.04
24.67,-0.16,0.04
24.67,-0.15,0.04
24.68,-0.16,0.04
24.68,-0.15,0.04
24.68,-0.15,0.04
24.69,-0.15,0.04
24.69,-0.15,0.04
24.70,-0.15,0.04
24.70,-0.14,0.04
24.70,-0.14,0.04
24.71,-0.14,0.05
24.71,-0.14,0.05
24.72,-0.14,0.05
24.72,-0.14,0.05
24.72,-0.13,0.05
24.73,-0.13,0.05
24.73,-0.13,0.05
24.74,-0.13,0.05
24.74,-0.13,0.05
24.74,-0.13,0.05
24.75,-0.12,0.05
24.75,-0.12,0.05
24.76,-0.12,0.05
24.76,-0.12,0.05
24.76,-0.12,0.05
24.77,-0.12,0.05
24.77,-0.12,0.05
24.78,-0.12,0.05
24.78,-0.11,0.05
24.78,-0.11,0.05
24.79,-0.11,0.05
24.79,-0.11,0.05
24.80,-0.11,0.05
24.80,-0.10,0.05
24.80,-0.10,0.05
24.81,-0.10,0.05
24.81,-0.10,0.05
24.82,-0.10,0.05
24.82,-0.10,0.05
24.82,-0.10,0.05
24.83,-0.09,0.05
24.83,-0.09,0.05
24.84,-0.09,0.05
24.84,-0.09,0.05
24.84,-0.08,0.05
24.85,-0.08,0.05
24.85,-0.08,0.05
24.86,-0.08,0.05
24.86,-0.08,0.05
24.86,-0.08,0.05
24.87,-0.08,0.05
24.87,-0.08,0.05
24.88,-0.07,0.05
24.88,-0.07,0.05
24.88,-0.07,0.05
24.89,-0.07,0.05
24.89,-0.07,0.05
24.90,-0.07,0.05
24.90,-0.07,0.05
24.90,-0.07,0.05
24.91,-0.07,0.05
24.91,-0.07,0.05
24.92,-0.07,0.05
24.92,-0.06,0.05
24.92,-0.06,0.05
24.93,-0.06,0.05
24.93,-0.06,0.05
24.94,-0.06,0.05
24.94,-0.06,0.05
24.94,-0.05,0.05
24.95,-0.05,0.05
24.95,-0.05,0.05
24.96,-0.05,0.05
24.96,-0.05,0.05
24.96,-0.04,0.05
24.97,-0.04,0.05
24.97,-0.04,0.05
24.98,-0.04,0.05
