1.433600000000000030e+01
1.433999999999999986e+01
1.434399999999999942e+01
1.434800000000000075e+01
1.435200000000000031e+01
1.435599999999999987e+01
1.435999999999999943e+01
1.436400000000000077e+01
1.436800000000000033e+01
1.437199999999999989e+01
1.437599999999999945e+01
1.438400000000000034e+01
1.438799999999999990e+01
1.439200000000000124e+01
1.439600000000000080e+01
1.439999999999999858e+01
1.440399999999999991e+01
1.440799999999999947e+01
1.443200000000000038e+01
1.443599999999999994e+01
1.444000000000000128e+01
1.444399999999999906e+01
1.444800000000000040e+01
1.423200000000000109e+01
1.423600000000000065e+01
1.423999999999999844e+01
1.424399999999999977e+01
1.424799999999999933e+01
1.425200000000000067e+01
1.425600000000000023e+01
1.426000000000000156e+01
1.427200000000000024e+01
1.432399999999999984e+01
1.432800000000000118e+01
1.433199999999999896e+01
1.433600000000000030e+01
1.433999999999999986e+01
1.434399999999999942e+01
1.435200000000000031e+01
1.435599999999999987e+01
1.439200000000000124e+01
1.432800000000000118e+01
1.433199999999999896e+01
1.433600000000000030e+01
1.433999999999999986e+01
1.434399999999999942e+01
1.435200000000000031e+01
1.435599999999999987e+01
1.436400000000000077e+01
1.439200000000000124e+01
1.439600000000000080e+01
1.440399999999999991e+01
1.440799999999999947e+01
1.444800000000000040e+01
1.434399999999999942e+01
1.434800000000000075e+01
1.435200000000000031e+01
1.435599999999999987e+01
1.435999999999999943e+01
1.436400000000000077e+01
1.436800000000000033e+01
1.437199999999999989e+01
1.437599999999999945e+01
1.438400000000000034e+01
1.438799999999999990e+01
1.439200000000000124e+01
1.439600000000000080e+01
1.439999999999999858e+01
1.440399999999999991e+01
1.440799999999999947e+01
1.443200000000000038e+01
1.443599999999999994e+01
1.444000000000000128e+01
1.444399999999999906e+01
1.444800000000000040e+01
1.445199999999999996e+01
1.434800000000000075e+01
1.435200000000000031e+01
1.435999999999999943e+01
1.436400000000000077e+01
1.436800000000000033e+01
1.437199999999999989e+01
1.437599999999999945e+01
1.437999999999999901e+01
1.438400000000000034e+01
1.438799999999999990e+01
1.439200000000000124e+01
1.439600000000000080e+01
1.439999999999999858e+01
1.440399999999999991e+01
1.440799999999999947e+01
1.441200000000000081e+01
1.443200000000000038e+01
1.443599999999999994e+01
1.444000000000000128e+01
1.444399999999999906e+01
1.444800000000000040e+01
1.445199999999999996e+01
1.447199999999999953e+01
1.434800000000000075e+01
1.435200000000000031e+01
1.435999999999999943e+01
1.436400000000000077e+01
1.436800000000000033e+01
1.437199999999999989e+01
1.437599999999999945e+01
1.437999999999999901e+01
1.438400000000000034e+01
1.438799999999999990e+01
1.439200000000000124e+01
1.439600000000000080e+01
1.439999999999999858e+01
1.440399999999999991e+01
1.440799999999999947e+01
1.441200000000000081e+01
1.441999999999999993e+01
1.443200000000000038e+01
1.443599999999999994e+01
1.444000000000000128e+01
1.444399999999999906e+01
1.444800000000000040e+01
1.445199999999999996e+01
1.446400000000000041e+01
1.446799999999999997e+01
1.447199999999999953e+01
1.447599999999999909e+01
1.448000000000000043e+01
1.434800000000000075e+01
1.435200000000000031e+01
1.435999999999999943e+01
1.436400000000000077e+01
1.436800000000000033e+01
1.437199999999999989e+01
1.437599999999999945e+01
1.437999999999999901e+01
1.438400000000000034e+01
1.438799999999999990e+01
1.439200000000000124e+01
1.439600000000000080e+01
1.439999999999999858e+01
1.440399999999999991e+01
1.440799999999999947e+01
1.441200000000000081e+01
1.441999999999999993e+01
1.443200000000000038e+01
1.443599999999999994e+01
1.444000000000000128e+01
1.444399999999999906e+01
1.444800000000000040e+01
1.445199999999999996e+01
1.446400000000000041e+01
1.446799999999999997e+01
1.447199999999999953e+01
1.447599999999999909e+01
1.448000000000000043e+01
1.434800000000000075e+01
1.435999999999999943e+01
1.436400000000000077e+01
1.436800000000000033e+01
1.437199999999999989e+01
1.437599999999999945e+01
1.437999999999999901e+01
1.438400000000000034e+01
1.438799999999999990e+01
1.439600000000000080e+01
1.439999999999999858e+01
1.440399999999999991e+01
1.440799999999999947e+01
1.441200000000000081e+01
1.441600000000000037e+01
1.441999999999999993e+01
1.442799999999999905e+01
1.443200000000000038e+01
1.443599999999999994e+01
1.444000000000000128e+01
1.444399999999999906e+01
1.444800000000000040e+01
1.445199999999999996e+01
1.445599999999999952e+01
1.446000000000000085e+01
1.446400000000000041e+01
1.446799999999999997e+01
1.447199999999999953e+01
1.447599999999999909e+01
1.448000000000000043e+01
1.434800000000000075e+01
1.435999999999999943e+01
1.436400000000000077e+01
1.436800000000000033e+01
1.437199999999999989e+01
1.437599999999999945e+01
1.437999999999999901e+01
1.438400000000000034e+01
1.438799999999999990e+01
1.439600000000000080e+01
1.439999999999999858e+01
1.440399999999999991e+01
1.440799999999999947e+01
1.441200000000000081e+01
1.441600000000000037e+01
1.441999999999999993e+01
1.442799999999999905e+01
1.443200000000000038e+01
1.443599999999999994e+01
1.444000000000000128e+01
1.444399999999999906e+01
1.444800000000000040e+01
1.445199999999999996e+01
1.445599999999999952e+01
1.446000000000000085e+01
1.446400000000000041e+01
1.446799999999999997e+01
1.447199999999999953e+01
1.447599999999999909e+01
1.448000000000000043e+01
1.434800000000000075e+01
1.435999999999999943e+01
1.436400000000000077e+01
1.436800000000000033e+01
1.437199999999999989e+01
1.437599999999999945e+01
1.437999999999999901e+01
1.438400000000000034e+01
1.438799999999999990e+01
1.439999999999999858e+01
1.440399999999999991e+01
1.440799999999999947e+01
1.441200000000000081e+01
1.441600000000000037e+01
1.441999999999999993e+01
1.443200000000000038e+01
1.443599999999999994e+01
1.444000000000000128e+01
1.444399999999999906e+01
1.445199999999999996e+01
1.433600000000000030e+01
1.433999999999999986e+01
1.434399999999999942e+01
1.434800000000000075e+01
1.435200000000000031e+01
1.435599999999999987e+01
1.435999999999999943e+01
1.436400000000000077e+01
1.436800000000000033e+01
1.437199999999999989e+01
1.437599999999999945e+01
1.438400000000000034e+01
1.438799999999999990e+01
1.439200000000000124e+01
1.439600000000000080e+01
1.439999999999999858e+01
1.440399999999999991e+01
1.440799999999999947e+01
1.444399999999999906e+01
1.444800000000000040e+01
1.432800000000000118e+01
1.433600000000000030e+01
1.433999999999999986e+01
1.434399999999999942e+01
1.434800000000000075e+01
1.435200000000000031e+01
1.435599999999999987e+01
1.435999999999999943e+01
1.436400000000000077e+01
1.436800000000000033e+01
1.437599999999999945e+01
1.438400000000000034e+01
1.438799999999999990e+01
1.439200000000000124e+01
1.439600000000000080e+01
1.439999999999999858e+01
1.440399999999999991e+01
1.440799999999999947e+01
1.444399999999999906e+01
1.444800000000000040e+01
1.432800000000000118e+01
1.433600000000000030e+01
1.433999999999999986e+01
1.434399999999999942e+01
1.434800000000000075e+01
1.435200000000000031e+01
1.435599999999999987e+01
1.435999999999999943e+01
1.436400000000000077e+01
1.436800000000000033e+01
1.437599999999999945e+01
1.438400000000000034e+01
1.438799999999999990e+01
1.439200000000000124e+01
1.439600000000000080e+01
1.439999999999999858e+01
1.440399999999999991e+01
1.440799999999999947e+01
1.444399999999999906e+01
1.444800000000000040e+01
1.435200000000000031e+01
1.436400000000000077e+01
1.439200000000000124e+01
1.439600000000000080e+01
1.440799999999999947e+01
1.434399999999999942e+01
1.435599999999999987e+01
1.435999999999999943e+01
1.436400000000000077e+01
1.436800000000000033e+01
1.440399999999999991e+01
1.440799999999999947e+01
1.434399999999999942e+01
1.434800000000000075e+01
1.438799999999999990e+01
1.439600000000000080e+01
1.435999999999999943e+01
1.436800000000000033e+01
1.438400000000000034e+01
1.439999999999999858e+01
1.444399999999999906e+01
1.434399999999999942e+01
1.434800000000000075e+01
1.438799999999999990e+01
1.440799999999999947e+01
1.434800000000000075e+01
1.435999999999999943e+01
1.436800000000000033e+01
1.437599999999999945e+01
1.438400000000000034e+01
1.439999999999999858e+01
1.438799999999999990e+01
1.434800000000000075e+01
1.435999999999999943e+01
1.436800000000000033e+01
1.437599999999999945e+01
1.438400000000000034e+01
1.439999999999999858e+01
1.438799999999999990e+01
1.434800000000000075e+01
1.435999999999999943e+01
1.436800000000000033e+01
1.437599999999999945e+01
1.438400000000000034e+01
1.439999999999999858e+01
1.438799999999999990e+01
1.435200000000000031e+01
1.436400000000000077e+01
1.439600000000000080e+01
1.434399999999999942e+01
1.435599999999999987e+01
1.438799999999999990e+01
1.435200000000000031e+01
1.436400000000000077e+01
1.439600000000000080e+01
1.434399999999999942e+01
1.435599999999999987e+01
1.438799999999999990e+01
1.443200000000000038e+01
1.443599999999999994e+01
1.444000000000000128e+01
1.445199999999999996e+01
1.446400000000000041e+01
1.446799999999999997e+01
1.447599999999999909e+01
1.448000000000000043e+01
1.440799999999999947e+01
1.437199999999999989e+01
1.437599999999999945e+01
1.438799999999999990e+01
1.441200000000000081e+01
1.443200000000000038e+01
1.443599999999999994e+01
1.445199999999999996e+01
1.446400000000000041e+01
1.437999999999999901e+01
1.435999999999999943e+01
1.436400000000000077e+01
1.436800000000000033e+01
1.439999999999999858e+01
1.440399999999999991e+01
1.440799999999999947e+01
1.434399999999999942e+01
1.434800000000000075e+01
1.438799999999999990e+01
1.435999999999999943e+01
1.436400000000000077e+01
1.436800000000000033e+01
1.439999999999999858e+01
1.440399999999999991e+01
1.440799999999999947e+01
1.434399999999999942e+01
1.434800000000000075e+01
1.438799999999999990e+01
1.435999999999999943e+01
1.436400000000000077e+01
1.436800000000000033e+01
1.439999999999999858e+01
1.440399999999999991e+01
1.440799999999999947e+01
1.434399999999999942e+01
1.434800000000000075e+01
1.438799999999999990e+01
1.435999999999999943e+01
1.436400000000000077e+01
1.436800000000000033e+01
1.440399999999999991e+01
1.440799999999999947e+01
1.434399999999999942e+01
1.434800000000000075e+01
1.438799999999999990e+01
1.439600000000000080e+01
1.435999999999999943e+01
1.436400000000000077e+01
1.436800000000000033e+01
1.440399999999999991e+01
1.440799999999999947e+01
1.434399999999999942e+01
1.434800000000000075e+01
1.438799999999999990e+01
1.439600000000000080e+01
1.435999999999999943e+01
1.436400000000000077e+01
1.436800000000000033e+01
1.440399999999999991e+01
1.440799999999999947e+01
1.434399999999999942e+01
1.434800000000000075e+01
1.438799999999999990e+01
1.439600000000000080e+01
