1.528999999999999915e+01
1.530000000000000071e+01
1.531000000000000050e+01
1.532000000000000028e+01
1.533000000000000007e+01
1.533000000000000007e+01
1.533999999999999986e+01
1.535000000000000142e+01
1.535999999999999943e+01
1.535999999999999943e+01
1.537000000000000099e+01
1.537999999999999901e+01
1.539000000000000057e+01
1.539000000000000057e+01
1.540000000000000036e+01
1.541000000000000014e+01
1.541999999999999993e+01
1.528999999999999915e+01
1.530000000000000071e+01
1.531000000000000050e+01
1.532000000000000028e+01
1.532000000000000028e+01
1.533000000000000007e+01
1.533999999999999986e+01
1.535000000000000142e+01
1.535000000000000142e+01
1.535999999999999943e+01
1.537000000000000099e+01
1.537999999999999901e+01
1.537999999999999901e+01
1.539000000000000057e+01
1.540000000000000036e+01
1.541000000000000014e+01
1.541999999999999993e+01
1.541999999999999993e+01
1.530000000000000071e+01
1.530000000000000071e+01
1.531000000000000050e+01
1.532000000000000028e+01
1.533000000000000007e+01
1.533000000000000007e+01
1.533999999999999986e+01
1.535000000000000142e+01
1.535999999999999943e+01
1.537000000000000099e+01
1.537000000000000099e+01
1.537999999999999901e+01
1.539000000000000057e+01
1.540000000000000036e+01
1.541000000000000014e+01
1.541999999999999993e+01
1.541999999999999993e+01
1.523000000000000043e+01
1.523000000000000043e+01
1.524000000000000021e+01
1.525000000000000000e+01
1.525000000000000000e+01
1.525999999999999979e+01
1.525999999999999979e+01
1.526999999999999957e+01
1.528000000000000114e+01
1.528999999999999915e+01
1.528999999999999915e+01
1.530000000000000071e+01
1.531000000000000050e+01
1.532000000000000028e+01
1.533000000000000007e+01
1.533000000000000007e+01
1.533999999999999986e+01
1.521999999999999886e+01
1.523000000000000043e+01
1.524000000000000021e+01
1.525000000000000000e+01
1.525999999999999979e+01
1.525999999999999979e+01
1.526999999999999957e+01
1.528000000000000114e+01
1.528999999999999915e+01
1.528999999999999915e+01
1.530000000000000071e+01
1.531000000000000050e+01
1.532000000000000028e+01
1.532000000000000028e+01
1.533000000000000007e+01
1.533999999999999986e+01
1.521999999999999886e+01
1.523000000000000043e+01
1.524000000000000021e+01
1.525000000000000000e+01
1.525999999999999979e+01
1.525999999999999979e+01
1.526999999999999957e+01
1.528000000000000114e+01
1.528999999999999915e+01
1.530000000000000071e+01
1.530000000000000071e+01
1.531000000000000050e+01
1.532000000000000028e+01
1.533000000000000007e+01
1.533000000000000007e+01
1.533999999999999986e+01
1.512000000000000099e+01
1.512999999999999901e+01
1.512999999999999901e+01
1.514000000000000057e+01
1.515000000000000036e+01
1.516000000000000014e+01
1.516000000000000014e+01
1.516999999999999993e+01
1.517999999999999972e+01
1.519000000000000128e+01
1.519000000000000128e+01
1.519999999999999929e+01
1.521000000000000085e+01
1.521999999999999886e+01
1.512000000000000099e+01
1.512999999999999901e+01
1.512999999999999901e+01
1.514000000000000057e+01
1.515000000000000036e+01
1.516000000000000014e+01
1.516000000000000014e+01
1.516999999999999993e+01
1.517999999999999972e+01
1.519000000000000128e+01
1.519000000000000128e+01
1.519999999999999929e+01
1.521000000000000085e+01
1.521999999999999886e+01
1.512000000000000099e+01
1.512999999999999901e+01
1.512999999999999901e+01
1.514000000000000057e+01
1.515000000000000036e+01
1.516000000000000014e+01
1.516000000000000014e+01
1.516999999999999993e+01
1.517999999999999972e+01
1.519000000000000128e+01
1.519000000000000128e+01
1.519999999999999929e+01
1.521000000000000085e+01
1.521999999999999886e+01
1.510000000000000142e+01
1.510999999999999943e+01
1.512000000000000099e+01
1.512999999999999901e+01
1.512999999999999901e+01
1.514000000000000057e+01
1.515000000000000036e+01
1.516000000000000014e+01
1.516000000000000014e+01
1.516999999999999993e+01
1.517999999999999972e+01
1.519000000000000128e+01
1.519000000000000128e+01
1.519999999999999929e+01
1.521000000000000085e+01
1.510000000000000142e+01
1.510999999999999943e+01
1.512000000000000099e+01
1.512999999999999901e+01
1.512999999999999901e+01
1.514000000000000057e+01
1.515000000000000036e+01
1.516000000000000014e+01
1.516000000000000014e+01
1.516999999999999993e+01
1.517999999999999972e+01
1.519000000000000128e+01
1.519000000000000128e+01
1.519999999999999929e+01
1.521000000000000085e+01
1.510999999999999943e+01
1.510999999999999943e+01
1.512000000000000099e+01
1.512999999999999901e+01
1.512999999999999901e+01
1.514000000000000057e+01
1.515000000000000036e+01
1.516000000000000014e+01
1.516000000000000014e+01
1.516999999999999993e+01
1.517999999999999972e+01
1.519000000000000128e+01
1.519000000000000128e+01
1.519999999999999929e+01
1.521000000000000085e+01
1.510000000000000142e+01
1.510999999999999943e+01
1.512000000000000099e+01
1.512999999999999901e+01
1.512999999999999901e+01
1.514000000000000057e+01
1.515000000000000036e+01
1.516000000000000014e+01
1.516000000000000014e+01
1.516999999999999993e+01
1.517999999999999972e+01
1.519000000000000128e+01
1.519000000000000128e+01
1.519999999999999929e+01
1.521000000000000085e+01
1.510000000000000142e+01
1.510999999999999943e+01
1.512000000000000099e+01
1.512999999999999901e+01
1.512999999999999901e+01
1.514000000000000057e+01
1.515000000000000036e+01
1.516000000000000014e+01
1.516000000000000014e+01
1.516999999999999993e+01
1.517999999999999972e+01
1.519000000000000128e+01
1.519000000000000128e+01
1.519999999999999929e+01
1.521000000000000085e+01
1.510999999999999943e+01
1.510999999999999943e+01
1.512000000000000099e+01
1.512999999999999901e+01
1.512999999999999901e+01
1.514000000000000057e+01
1.515000000000000036e+01
1.516000000000000014e+01
1.516000000000000014e+01
1.516999999999999993e+01
1.517999999999999972e+01
1.519000000000000128e+01
1.519000000000000128e+01
1.519999999999999929e+01
1.521000000000000085e+01
1.517999999999999972e+01
1.519000000000000128e+01
1.519000000000000128e+01
1.519999999999999929e+01
1.521000000000000085e+01
1.521999999999999886e+01
1.523000000000000043e+01
1.523000000000000043e+01
1.524000000000000021e+01
1.525000000000000000e+01
1.525000000000000000e+01
1.525999999999999979e+01
1.525999999999999979e+01
1.526999999999999957e+01
1.528000000000000114e+01
1.528999999999999915e+01
1.528999999999999915e+01
1.517999999999999972e+01
1.519000000000000128e+01
1.519000000000000128e+01
1.519999999999999929e+01
1.521000000000000085e+01
1.521999999999999886e+01
1.521999999999999886e+01
1.523000000000000043e+01
1.524000000000000021e+01
1.525000000000000000e+01
1.525999999999999979e+01
1.525999999999999979e+01
1.526999999999999957e+01
1.528000000000000114e+01
1.528999999999999915e+01
1.528999999999999915e+01
1.517999999999999972e+01
1.519000000000000128e+01
1.519000000000000128e+01
1.519999999999999929e+01
1.521000000000000085e+01
1.521999999999999886e+01
1.521999999999999886e+01
1.523000000000000043e+01
1.524000000000000021e+01
1.525000000000000000e+01
1.525999999999999979e+01
1.525999999999999979e+01
1.526999999999999957e+01
1.528000000000000114e+01
1.528999999999999915e+01
1.530000000000000071e+01
1.525000000000000000e+01
1.525000000000000000e+01
1.525999999999999979e+01
1.525999999999999979e+01
1.526999999999999957e+01
1.528000000000000114e+01
1.528999999999999915e+01
1.528999999999999915e+01
1.530000000000000071e+01
1.531000000000000050e+01
1.532000000000000028e+01
1.533000000000000007e+01
1.533000000000000007e+01
1.533999999999999986e+01
1.535000000000000142e+01
1.535999999999999943e+01
1.535999999999999943e+01
1.537000000000000099e+01
1.537999999999999901e+01
1.525000000000000000e+01
1.525999999999999979e+01
1.525999999999999979e+01
1.526999999999999957e+01
1.528000000000000114e+01
1.528999999999999915e+01
1.528999999999999915e+01
1.530000000000000071e+01
1.531000000000000050e+01
1.532000000000000028e+01
1.532000000000000028e+01
1.533000000000000007e+01
1.533999999999999986e+01
1.535000000000000142e+01
1.535000000000000142e+01
1.535999999999999943e+01
1.537000000000000099e+01
1.537999999999999901e+01
1.525000000000000000e+01
1.525999999999999979e+01
1.525999999999999979e+01
1.526999999999999957e+01
1.528000000000000114e+01
1.528999999999999915e+01
1.530000000000000071e+01
1.530000000000000071e+01
1.531000000000000050e+01
1.532000000000000028e+01
1.533000000000000007e+01
1.533000000000000007e+01
1.533999999999999986e+01
1.535000000000000142e+01
1.535999999999999943e+01
1.537000000000000099e+01
1.537000000000000099e+01
1.537999999999999901e+01
1.535000000000000142e+01
1.535999999999999943e+01
1.535999999999999943e+01
1.537000000000000099e+01
1.537999999999999901e+01
1.539000000000000057e+01
1.539000000000000057e+01
1.540000000000000036e+01
1.541000000000000014e+01
1.541999999999999993e+01
1.542999999999999972e+01
1.542999999999999972e+01
1.544000000000000128e+01
1.544999999999999929e+01
1.546000000000000085e+01
1.546000000000000085e+01
1.546999999999999886e+01
1.548000000000000043e+01
1.535000000000000142e+01
1.535000000000000142e+01
1.535999999999999943e+01
1.537000000000000099e+01
1.537999999999999901e+01
1.537999999999999901e+01
1.539000000000000057e+01
1.540000000000000036e+01
1.541000000000000014e+01
1.541999999999999993e+01
1.541999999999999993e+01
1.542999999999999972e+01
1.544000000000000128e+01
1.544999999999999929e+01
1.544999999999999929e+01
1.546000000000000085e+01
1.546999999999999886e+01
1.548000000000000043e+01
1.535000000000000142e+01
1.535999999999999943e+01
1.537000000000000099e+01
1.537000000000000099e+01
1.537999999999999901e+01
1.539000000000000057e+01
1.540000000000000036e+01
1.541000000000000014e+01
1.541999999999999993e+01
1.541999999999999993e+01
1.542999999999999972e+01
1.544000000000000128e+01
1.544999999999999929e+01
1.546000000000000085e+01
1.546000000000000085e+01
1.546999999999999886e+01
1.548000000000000043e+01
1.549000000000000021e+01
1.541000000000000014e+01
1.541999999999999993e+01
1.542999999999999972e+01
1.542999999999999972e+01
1.544000000000000128e+01
1.544999999999999929e+01
1.546000000000000085e+01
1.546000000000000085e+01
1.546999999999999886e+01
1.548000000000000043e+01
1.549000000000000021e+01
1.549000000000000021e+01
1.550000000000000000e+01
1.550999999999999979e+01
1.551999999999999957e+01
1.553000000000000114e+01
1.553000000000000114e+01
1.541000000000000014e+01
1.541999999999999993e+01
1.541999999999999993e+01
1.542999999999999972e+01
1.544000000000000128e+01
1.544999999999999929e+01
1.544999999999999929e+01
1.546000000000000085e+01
1.546999999999999886e+01
1.548000000000000043e+01
1.548000000000000043e+01
1.549000000000000021e+01
1.550000000000000000e+01
1.550999999999999979e+01
1.550999999999999979e+01
1.551999999999999957e+01
1.553000000000000114e+01
1.541000000000000014e+01
1.541999999999999993e+01
1.541999999999999993e+01
1.542999999999999972e+01
1.544000000000000128e+01
1.544999999999999929e+01
1.546000000000000085e+01
1.546000000000000085e+01
1.546999999999999886e+01
1.548000000000000043e+01
1.549000000000000021e+01
1.550000000000000000e+01
1.550000000000000000e+01
1.550999999999999979e+01
1.551999999999999957e+01
1.553000000000000114e+01
1.553999999999999915e+01
1.544000000000000128e+01
1.544999999999999929e+01
1.546000000000000085e+01
1.546000000000000085e+01
1.546999999999999886e+01
1.548000000000000043e+01
1.549000000000000021e+01
1.549000000000000021e+01
1.550000000000000000e+01
1.550999999999999979e+01
1.551999999999999957e+01
1.553000000000000114e+01
1.553000000000000114e+01
1.553999999999999915e+01
1.555000000000000071e+01
1.556000000000000050e+01
1.544000000000000128e+01
1.544999999999999929e+01
1.544999999999999929e+01
1.546000000000000085e+01
1.546999999999999886e+01
1.548000000000000043e+01
1.548000000000000043e+01
1.549000000000000021e+01
1.550000000000000000e+01
1.550999999999999979e+01
1.550999999999999979e+01
1.551999999999999957e+01
1.553000000000000114e+01
1.553999999999999915e+01
1.553999999999999915e+01
1.555000000000000071e+01
1.544000000000000128e+01
1.544999999999999929e+01
1.546000000000000085e+01
1.546000000000000085e+01
1.546999999999999886e+01
1.548000000000000043e+01
1.549000000000000021e+01
1.550000000000000000e+01
1.550000000000000000e+01
1.550999999999999979e+01
1.551999999999999957e+01
1.553000000000000114e+01
1.553999999999999915e+01
1.553999999999999915e+01
1.555000000000000071e+01
1.556000000000000050e+01
1.557000000000000028e+01
1.524000000000000021e+01
1.525000000000000000e+01
1.525000000000000000e+01
1.525999999999999979e+01
1.525999999999999979e+01
1.526999999999999957e+01
1.528000000000000114e+01
1.528999999999999915e+01
1.528999999999999915e+01
1.530000000000000071e+01
1.531000000000000050e+01
1.532000000000000028e+01
1.533000000000000007e+01
1.533000000000000007e+01
1.533999999999999986e+01
1.535000000000000142e+01
1.535999999999999943e+01
1.535999999999999943e+01
1.537000000000000099e+01
1.524000000000000021e+01
1.525000000000000000e+01
1.525999999999999979e+01
1.525999999999999979e+01
1.526999999999999957e+01
1.528000000000000114e+01
1.528999999999999915e+01
1.528999999999999915e+01
1.530000000000000071e+01
1.531000000000000050e+01
1.532000000000000028e+01
1.532000000000000028e+01
1.533000000000000007e+01
1.533999999999999986e+01
1.535000000000000142e+01
1.535000000000000142e+01
1.535999999999999943e+01
1.537000000000000099e+01
1.524000000000000021e+01
1.525000000000000000e+01
1.525999999999999979e+01
1.525999999999999979e+01
1.526999999999999957e+01
1.528000000000000114e+01
1.528999999999999915e+01
1.530000000000000071e+01
1.530000000000000071e+01
1.531000000000000050e+01
1.532000000000000028e+01
1.533000000000000007e+01
1.533000000000000007e+01
1.533999999999999986e+01
1.535000000000000142e+01
1.535999999999999943e+01
1.537000000000000099e+01
1.537000000000000099e+01
1.516000000000000014e+01
1.516999999999999993e+01
1.517999999999999972e+01
1.519000000000000128e+01
1.519000000000000128e+01
1.519999999999999929e+01
1.521000000000000085e+01
1.521999999999999886e+01
1.523000000000000043e+01
1.523000000000000043e+01
1.524000000000000021e+01
1.525000000000000000e+01
1.525000000000000000e+01
1.525999999999999979e+01
1.525999999999999979e+01
1.526999999999999957e+01
1.528000000000000114e+01
1.528999999999999915e+01
1.528999999999999915e+01
1.516000000000000014e+01
1.516999999999999993e+01
1.517999999999999972e+01
1.519000000000000128e+01
1.519000000000000128e+01
1.519999999999999929e+01
1.521000000000000085e+01
1.521999999999999886e+01
1.521999999999999886e+01
1.523000000000000043e+01
1.524000000000000021e+01
1.525000000000000000e+01
1.525999999999999979e+01
1.525999999999999979e+01
1.526999999999999957e+01
1.528000000000000114e+01
1.528999999999999915e+01
1.528999999999999915e+01
1.516000000000000014e+01
1.516999999999999993e+01
1.517999999999999972e+01
1.519000000000000128e+01
1.519000000000000128e+01
1.519999999999999929e+01
1.521000000000000085e+01
1.521999999999999886e+01
1.521999999999999886e+01
1.523000000000000043e+01
1.524000000000000021e+01
1.525000000000000000e+01
1.525999999999999979e+01
1.525999999999999979e+01
1.526999999999999957e+01
1.528000000000000114e+01
1.528999999999999915e+01
1.503000000000000114e+01
1.503999999999999915e+01
1.505000000000000071e+01
1.506000000000000050e+01
1.506000000000000050e+01
1.507000000000000028e+01
1.508000000000000007e+01
1.508999999999999986e+01
1.508999999999999986e+01
1.510000000000000142e+01
1.510999999999999943e+01
1.512000000000000099e+01
1.512999999999999901e+01
1.512999999999999901e+01
1.514000000000000057e+01
1.515000000000000036e+01
1.516000000000000014e+01
1.503000000000000114e+01
1.503999999999999915e+01
1.505000000000000071e+01
1.506000000000000050e+01
1.506000000000000050e+01
1.507000000000000028e+01
1.508000000000000007e+01
1.508999999999999986e+01
1.510000000000000142e+01
1.510000000000000142e+01
1.510999999999999943e+01
1.512000000000000099e+01
1.512999999999999901e+01
1.512999999999999901e+01
1.514000000000000057e+01
1.515000000000000036e+01
1.516000000000000014e+01
1.503000000000000114e+01
1.503999999999999915e+01
1.505000000000000071e+01
1.506000000000000050e+01
1.507000000000000028e+01
1.508000000000000007e+01
1.508000000000000007e+01
1.508000000000000007e+01
1.508000000000000007e+01
1.508999999999999986e+01
1.508999999999999986e+01
1.510000000000000142e+01
1.510000000000000142e+01
1.510999999999999943e+01
1.510999999999999943e+01
1.512000000000000099e+01
1.512999999999999901e+01
1.512999999999999901e+01
1.514000000000000057e+01
1.515000000000000036e+01
1.516000000000000014e+01
1.512999999999999901e+01
1.512999999999999901e+01
1.514000000000000057e+01
1.515000000000000036e+01
1.516000000000000014e+01
1.516000000000000014e+01
1.516999999999999993e+01
1.517999999999999972e+01
1.519000000000000128e+01
1.519000000000000128e+01
1.519999999999999929e+01
1.521000000000000085e+01
1.521999999999999886e+01
1.523000000000000043e+01
1.523000000000000043e+01
1.524000000000000021e+01
1.512999999999999901e+01
1.512999999999999901e+01
1.514000000000000057e+01
1.515000000000000036e+01
1.516000000000000014e+01
1.516000000000000014e+01
1.516999999999999993e+01
1.517999999999999972e+01
1.519000000000000128e+01
1.519000000000000128e+01
1.519999999999999929e+01
1.521000000000000085e+01
1.521999999999999886e+01
1.521999999999999886e+01
1.523000000000000043e+01
1.524000000000000021e+01
1.512999999999999901e+01
1.512999999999999901e+01
1.514000000000000057e+01
1.515000000000000036e+01
1.516000000000000014e+01
1.516000000000000014e+01
1.516999999999999993e+01
1.517999999999999972e+01
1.519000000000000128e+01
1.519000000000000128e+01
1.519999999999999929e+01
1.521000000000000085e+01
1.521999999999999886e+01
1.521999999999999886e+01
1.523000000000000043e+01
1.524000000000000021e+01
1.519000000000000128e+01
1.519999999999999929e+01
1.521000000000000085e+01
1.521999999999999886e+01
1.523000000000000043e+01
1.523000000000000043e+01
1.524000000000000021e+01
1.525000000000000000e+01
1.525000000000000000e+01
1.525999999999999979e+01
1.525999999999999979e+01
1.526999999999999957e+01
1.528000000000000114e+01
1.528999999999999915e+01
1.528999999999999915e+01
1.530000000000000071e+01
1.531000000000000050e+01
1.532000000000000028e+01
1.519000000000000128e+01
1.519999999999999929e+01
1.521000000000000085e+01
1.521999999999999886e+01
1.521999999999999886e+01
1.523000000000000043e+01
1.524000000000000021e+01
1.525000000000000000e+01
1.525999999999999979e+01
1.525999999999999979e+01
1.526999999999999957e+01
1.528000000000000114e+01
1.528999999999999915e+01
1.528999999999999915e+01
1.530000000000000071e+01
1.531000000000000050e+01
1.532000000000000028e+01
1.532000000000000028e+01
1.519000000000000128e+01
1.519999999999999929e+01
1.521000000000000085e+01
1.521999999999999886e+01
1.521999999999999886e+01
1.523000000000000043e+01
1.524000000000000021e+01
1.525000000000000000e+01
1.525999999999999979e+01
1.525999999999999979e+01
1.526999999999999957e+01
1.528000000000000114e+01
1.528999999999999915e+01
1.530000000000000071e+01
1.530000000000000071e+01
1.531000000000000050e+01
1.532000000000000028e+01
1.528999999999999915e+01
1.528999999999999915e+01
1.530000000000000071e+01
1.531000000000000050e+01
1.532000000000000028e+01
1.533000000000000007e+01
1.533000000000000007e+01
1.533999999999999986e+01
1.535000000000000142e+01
1.535999999999999943e+01
1.535999999999999943e+01
1.537000000000000099e+01
1.537999999999999901e+01
1.539000000000000057e+01
1.539000000000000057e+01
1.540000000000000036e+01
1.541000000000000014e+01
1.541999999999999993e+01
1.528999999999999915e+01
1.528999999999999915e+01
1.530000000000000071e+01
1.531000000000000050e+01
1.532000000000000028e+01
1.532000000000000028e+01
1.533000000000000007e+01
1.533999999999999986e+01
1.535000000000000142e+01
1.535000000000000142e+01
1.535999999999999943e+01
1.537000000000000099e+01
1.537999999999999901e+01
1.537999999999999901e+01
1.539000000000000057e+01
1.540000000000000036e+01
1.541000000000000014e+01
1.541999999999999993e+01
1.528999999999999915e+01
1.530000000000000071e+01
1.530000000000000071e+01
1.531000000000000050e+01
1.532000000000000028e+01
1.533000000000000007e+01
1.533000000000000007e+01
1.533999999999999986e+01
1.535000000000000142e+01
1.535999999999999943e+01
1.537000000000000099e+01
1.537000000000000099e+01
1.537999999999999901e+01
1.539000000000000057e+01
1.540000000000000036e+01
1.541000000000000014e+01
1.541999999999999993e+01
1.541999999999999993e+01
1.528999999999999915e+01
1.528999999999999915e+01
1.530000000000000071e+01
1.531000000000000050e+01
1.532000000000000028e+01
1.533000000000000007e+01
1.533000000000000007e+01
1.533999999999999986e+01
1.535000000000000142e+01
1.535999999999999943e+01
1.535999999999999943e+01
1.537000000000000099e+01
1.537999999999999901e+01
1.539000000000000057e+01
1.539000000000000057e+01
1.540000000000000036e+01
1.541000000000000014e+01
1.541999999999999993e+01
1.528999999999999915e+01
1.528999999999999915e+01
1.530000000000000071e+01
1.531000000000000050e+01
1.532000000000000028e+01
1.532000000000000028e+01
1.533000000000000007e+01
1.533999999999999986e+01
1.535000000000000142e+01
1.535000000000000142e+01
1.535999999999999943e+01
1.537000000000000099e+01
1.537999999999999901e+01
1.537999999999999901e+01
1.539000000000000057e+01
1.540000000000000036e+01
1.541000000000000014e+01
1.541999999999999993e+01
1.528999999999999915e+01
1.530000000000000071e+01
1.530000000000000071e+01
1.531000000000000050e+01
1.532000000000000028e+01
1.533000000000000007e+01
1.533000000000000007e+01
1.533999999999999986e+01
1.535000000000000142e+01
1.535999999999999943e+01
1.537000000000000099e+01
1.537000000000000099e+01
1.537999999999999901e+01
1.539000000000000057e+01
1.540000000000000036e+01
1.541000000000000014e+01
1.541999999999999993e+01
1.541999999999999993e+01
1.539000000000000057e+01
1.539000000000000057e+01
1.540000000000000036e+01
1.541000000000000014e+01
1.541999999999999993e+01
1.542999999999999972e+01
1.542999999999999972e+01
1.544000000000000128e+01
1.544999999999999929e+01
1.546000000000000085e+01
1.546000000000000085e+01
1.546999999999999886e+01
1.548000000000000043e+01
1.549000000000000021e+01
1.549000000000000021e+01
1.550000000000000000e+01
1.550999999999999979e+01
1.551999999999999957e+01
1.539000000000000057e+01
1.540000000000000036e+01
1.541000000000000014e+01
1.541999999999999993e+01
1.541999999999999993e+01
1.542999999999999972e+01
1.544000000000000128e+01
1.544999999999999929e+01
1.544999999999999929e+01
1.546000000000000085e+01
1.546999999999999886e+01
1.548000000000000043e+01
1.548000000000000043e+01
1.549000000000000021e+01
1.550000000000000000e+01
1.550999999999999979e+01
1.550999999999999979e+01
1.551999999999999957e+01
1.539000000000000057e+01
1.540000000000000036e+01
1.541000000000000014e+01
1.541999999999999993e+01
1.541999999999999993e+01
1.542999999999999972e+01
1.544000000000000128e+01
1.544999999999999929e+01
1.546000000000000085e+01
1.546000000000000085e+01
1.546999999999999886e+01
1.548000000000000043e+01
1.549000000000000021e+01
1.550000000000000000e+01
1.550000000000000000e+01
1.550999999999999979e+01
1.551999999999999957e+01
1.553000000000000114e+01
1.540000000000000036e+01
1.541000000000000014e+01
1.541999999999999993e+01
1.542999999999999972e+01
1.542999999999999972e+01
1.544000000000000128e+01
1.544999999999999929e+01
1.546000000000000085e+01
1.546000000000000085e+01
1.546999999999999886e+01
1.548000000000000043e+01
1.549000000000000021e+01
1.549000000000000021e+01
1.550000000000000000e+01
1.550999999999999979e+01
1.551999999999999957e+01
1.553000000000000114e+01
1.540000000000000036e+01
1.541000000000000014e+01
1.541999999999999993e+01
1.541999999999999993e+01
1.542999999999999972e+01
1.544000000000000128e+01
1.544999999999999929e+01
1.544999999999999929e+01
1.546000000000000085e+01
1.546999999999999886e+01
1.548000000000000043e+01
1.548000000000000043e+01
1.549000000000000021e+01
1.550000000000000000e+01
1.550999999999999979e+01
1.550999999999999979e+01
1.551999999999999957e+01
1.540000000000000036e+01
1.541000000000000014e+01
1.541999999999999993e+01
1.541999999999999993e+01
1.542999999999999972e+01
1.544000000000000128e+01
1.544999999999999929e+01
1.546000000000000085e+01
1.546000000000000085e+01
1.546999999999999886e+01
1.548000000000000043e+01
1.549000000000000021e+01
1.550000000000000000e+01
1.550000000000000000e+01
1.550999999999999979e+01
1.551999999999999957e+01
1.553000000000000114e+01
1.519000000000000128e+01
1.519000000000000128e+01
1.519999999999999929e+01
1.521000000000000085e+01
1.521999999999999886e+01
1.523000000000000043e+01
1.523000000000000043e+01
1.524000000000000021e+01
1.525000000000000000e+01
1.525000000000000000e+01
1.525999999999999979e+01
1.525999999999999979e+01
1.526999999999999957e+01
1.528000000000000114e+01
1.528999999999999915e+01
1.528999999999999915e+01
1.530000000000000071e+01
1.531000000000000050e+01
1.519000000000000128e+01
1.519000000000000128e+01
1.519999999999999929e+01
1.521000000000000085e+01
1.521999999999999886e+01
1.521999999999999886e+01
1.523000000000000043e+01
1.524000000000000021e+01
1.525000000000000000e+01
1.525999999999999979e+01
1.525999999999999979e+01
1.526999999999999957e+01
1.528000000000000114e+01
1.528999999999999915e+01
1.528999999999999915e+01
1.530000000000000071e+01
1.531000000000000050e+01
1.519000000000000128e+01
1.519000000000000128e+01
1.519999999999999929e+01
1.521000000000000085e+01
1.521999999999999886e+01
1.521999999999999886e+01
1.523000000000000043e+01
1.524000000000000021e+01
1.525000000000000000e+01
1.525999999999999979e+01
1.525999999999999979e+01
1.526999999999999957e+01
1.528000000000000114e+01
1.528999999999999915e+01
1.530000000000000071e+01
1.530000000000000071e+01
1.531000000000000050e+01
1.517999999999999972e+01
1.519000000000000128e+01
1.519000000000000128e+01
1.519999999999999929e+01
1.521000000000000085e+01
1.521999999999999886e+01
1.523000000000000043e+01
1.523000000000000043e+01
1.524000000000000021e+01
1.525000000000000000e+01
1.525000000000000000e+01
1.525999999999999979e+01
1.525999999999999979e+01
1.526999999999999957e+01
1.528000000000000114e+01
1.528999999999999915e+01
1.528999999999999915e+01
1.517999999999999972e+01
1.519000000000000128e+01
1.519000000000000128e+01
1.519999999999999929e+01
1.521000000000000085e+01
1.521999999999999886e+01
1.521999999999999886e+01
1.523000000000000043e+01
1.524000000000000021e+01
1.525000000000000000e+01
1.525999999999999979e+01
1.525999999999999979e+01
1.526999999999999957e+01
1.528000000000000114e+01
1.528999999999999915e+01
1.528999999999999915e+01
1.517999999999999972e+01
1.519000000000000128e+01
1.519000000000000128e+01
1.519999999999999929e+01
1.521000000000000085e+01
1.521999999999999886e+01
1.521999999999999886e+01
1.523000000000000043e+01
1.524000000000000021e+01
1.525000000000000000e+01
1.525999999999999979e+01
1.525999999999999979e+01
1.526999999999999957e+01
1.528000000000000114e+01
1.528999999999999915e+01
1.530000000000000071e+01
1.507000000000000028e+01
1.508000000000000007e+01
1.508999999999999986e+01
1.508999999999999986e+01
1.510000000000000142e+01
1.510999999999999943e+01
1.512000000000000099e+01
1.512999999999999901e+01
1.512999999999999901e+01
1.514000000000000057e+01
1.515000000000000036e+01
1.516000000000000014e+01
1.516000000000000014e+01
1.516999999999999993e+01
1.517999999999999972e+01
1.519000000000000128e+01
1.519000000000000128e+01
1.507000000000000028e+01
1.508000000000000007e+01
1.508999999999999986e+01
1.510000000000000142e+01
1.510000000000000142e+01
1.510999999999999943e+01
1.512000000000000099e+01
1.512999999999999901e+01
1.512999999999999901e+01
1.514000000000000057e+01
1.515000000000000036e+01
1.516000000000000014e+01
1.516000000000000014e+01
1.516999999999999993e+01
1.517999999999999972e+01
1.519000000000000128e+01
1.519000000000000128e+01
1.508000000000000007e+01
1.508000000000000007e+01
1.508999999999999986e+01
1.508999999999999986e+01
1.510000000000000142e+01
1.510000000000000142e+01
1.510999999999999943e+01
1.510999999999999943e+01
1.512000000000000099e+01
1.512999999999999901e+01
1.512999999999999901e+01
1.514000000000000057e+01
1.515000000000000036e+01
1.516000000000000014e+01
1.516000000000000014e+01
1.516999999999999993e+01
1.517999999999999972e+01
1.519000000000000128e+01
1.519000000000000128e+01
1.507000000000000028e+01
1.508000000000000007e+01
1.508999999999999986e+01
1.508999999999999986e+01
1.510000000000000142e+01
1.510999999999999943e+01
1.512000000000000099e+01
1.512999999999999901e+01
1.512999999999999901e+01
1.514000000000000057e+01
1.515000000000000036e+01
1.516000000000000014e+01
1.516000000000000014e+01
1.516999999999999993e+01
1.517999999999999972e+01
1.519000000000000128e+01
1.519000000000000128e+01
1.507000000000000028e+01
1.508000000000000007e+01
1.508999999999999986e+01
1.510000000000000142e+01
1.510000000000000142e+01
1.510999999999999943e+01
1.512000000000000099e+01
1.512999999999999901e+01
1.512999999999999901e+01
1.514000000000000057e+01
1.515000000000000036e+01
1.516000000000000014e+01
1.516000000000000014e+01
1.516999999999999993e+01
1.517999999999999972e+01
1.519000000000000128e+01
1.519000000000000128e+01
1.508000000000000007e+01
1.508000000000000007e+01
1.508999999999999986e+01
1.508999999999999986e+01
1.510000000000000142e+01
1.510000000000000142e+01
1.510999999999999943e+01
1.510999999999999943e+01
1.512000000000000099e+01
1.512999999999999901e+01
1.512999999999999901e+01
1.514000000000000057e+01
1.515000000000000036e+01
1.516000000000000014e+01
1.516000000000000014e+01
1.516999999999999993e+01
1.517999999999999972e+01
1.519000000000000128e+01
1.519000000000000128e+01
1.507000000000000028e+01
1.508000000000000007e+01
1.508999999999999986e+01
1.508999999999999986e+01
1.510000000000000142e+01
1.510999999999999943e+01
1.512000000000000099e+01
1.512999999999999901e+01
1.512999999999999901e+01
1.514000000000000057e+01
1.515000000000000036e+01
1.516000000000000014e+01
1.516000000000000014e+01
1.516999999999999993e+01
1.517999999999999972e+01
1.519000000000000128e+01
1.519000000000000128e+01
1.507000000000000028e+01
1.508000000000000007e+01
1.508999999999999986e+01
1.510000000000000142e+01
1.510000000000000142e+01
1.510999999999999943e+01
1.512000000000000099e+01
1.512999999999999901e+01
1.512999999999999901e+01
1.514000000000000057e+01
1.515000000000000036e+01
1.516000000000000014e+01
1.516000000000000014e+01
1.516999999999999993e+01
1.517999999999999972e+01
1.519000000000000128e+01
1.519000000000000128e+01
1.508000000000000007e+01
1.508000000000000007e+01
1.508999999999999986e+01
1.508999999999999986e+01
1.510000000000000142e+01
1.510000000000000142e+01
1.510999999999999943e+01
1.510999999999999943e+01
1.512000000000000099e+01
1.512999999999999901e+01
1.512999999999999901e+01
1.514000000000000057e+01
1.515000000000000036e+01
1.516000000000000014e+01
1.516000000000000014e+01
1.516999999999999993e+01
1.517999999999999972e+01
1.519000000000000128e+01
1.519000000000000128e+01
1.530000000000000071e+01
1.531000000000000050e+01
1.532000000000000028e+01
1.533000000000000007e+01
1.533000000000000007e+01
1.533999999999999986e+01
1.535000000000000142e+01
1.535999999999999943e+01
1.535999999999999943e+01
1.537000000000000099e+01
1.537999999999999901e+01
1.539000000000000057e+01
1.539000000000000057e+01
1.540000000000000036e+01
1.541000000000000014e+01
1.541999999999999993e+01
1.542999999999999972e+01
1.542999999999999972e+01
1.530000000000000071e+01
1.531000000000000050e+01
1.532000000000000028e+01
1.532000000000000028e+01
1.533000000000000007e+01
1.533999999999999986e+01
1.535000000000000142e+01
1.535000000000000142e+01
1.535999999999999943e+01
1.537000000000000099e+01
1.537999999999999901e+01
1.537999999999999901e+01
1.539000000000000057e+01
1.540000000000000036e+01
1.541000000000000014e+01
1.541999999999999993e+01
1.541999999999999993e+01
1.542999999999999972e+01
1.530000000000000071e+01
1.530000000000000071e+01
1.531000000000000050e+01
1.532000000000000028e+01
1.533000000000000007e+01
1.533000000000000007e+01
1.533999999999999986e+01
1.535000000000000142e+01
1.535999999999999943e+01
1.537000000000000099e+01
1.537000000000000099e+01
1.537999999999999901e+01
1.539000000000000057e+01
1.540000000000000036e+01
1.541000000000000014e+01
1.541999999999999993e+01
1.541999999999999993e+01
1.542999999999999972e+01
1.531000000000000050e+01
1.532000000000000028e+01
1.533000000000000007e+01
1.533000000000000007e+01
1.533999999999999986e+01
1.535000000000000142e+01
1.535999999999999943e+01
1.535999999999999943e+01
1.537000000000000099e+01
1.537999999999999901e+01
1.539000000000000057e+01
1.539000000000000057e+01
1.540000000000000036e+01
1.541000000000000014e+01
1.541999999999999993e+01
1.542999999999999972e+01
1.542999999999999972e+01
1.544000000000000128e+01
1.531000000000000050e+01
1.532000000000000028e+01
1.532000000000000028e+01
1.533000000000000007e+01
1.533999999999999986e+01
1.535000000000000142e+01
1.535000000000000142e+01
1.535999999999999943e+01
1.537000000000000099e+01
1.537999999999999901e+01
1.537999999999999901e+01
1.539000000000000057e+01
1.540000000000000036e+01
1.541000000000000014e+01
1.541999999999999993e+01
1.541999999999999993e+01
1.542999999999999972e+01
1.544000000000000128e+01
1.531000000000000050e+01
1.532000000000000028e+01
1.533000000000000007e+01
1.533000000000000007e+01
1.533999999999999986e+01
1.535000000000000142e+01
1.535999999999999943e+01
1.537000000000000099e+01
1.537000000000000099e+01
1.537999999999999901e+01
1.539000000000000057e+01
1.540000000000000036e+01
1.541000000000000014e+01
1.541999999999999993e+01
1.541999999999999993e+01
1.542999999999999972e+01
1.544000000000000128e+01
