5.930071
12.686005
9.815778
10.176521
9.642120
8.621790
14.057942
7.935931
6.694233
10.640748
11.178482
14.176839
10.966368
13.647073
6.393560
17.599482
10.749584
5.859400
6.555160
15.747235
11.738916
12.471160
9.670633
10.495836
6.978595
5.819014
10.375520
7.285451
7.194009
12.437231
14.933248
8.647103
8.920032
12.235184
6.765482
10.427005
2.830411
5.025941
6.733604
9.006570
8.764333
11.216272
5.782790
14.368877
4.706125
10.547394
13.216738
11.195905
11.511759
10.122723
7.531161
8.173887
9.286495
8.295680
11.968564
9.272781
6.152103
12.891586
9.740791
12.580443
8.196651
13.787533
8.624052
6.804300
11.130300
16.140978
7.936162
7.747350
10.334787
3.982266
11.178661
6.614883
13.318986
8.208418
8.710086
8.546593
8.937378
14.295395
9.794672
7.633042
6.796969
7.768481
4.306787
12.422800
9.267798
10.306272
7.063250
8.142310
10.906004
12.326165
6.162207
4.227837
11.304722
7.857839
7.645011
3.591994
13.158853
13.416459
16.112694
4.095499
8.419886
15.805866
8.629447
8.538068
11.458828
5.513160
13.200300
14.706776
14.902885
7.550145
12.761974
9.144019
12.752862
12.428025
6.160488
10.130692
14.512785
6.018459
8.743423
14.617578
10.500792
14.075764
9.973013
11.153081
7.480601
8.949026
11.482159
13.571263
11.585884
9.409456
9.685546
6.234183
10.331427
8.342765
8.550441
7.130228
10.049014
7.855461
15.167366
17.152458
13.079987
5.810122
9.979130
7.642858
8.393617
6.488298
6.835145
12.873696
7.344178
9.736869
9.963537
10.955406
10.318904
7.445463
3.391329
2.444125
10.955640
10.385547
9.291891
12.218164
10.630415
8.086712
11.855972
10.253953
11.390745
13.618880
9.458333
11.400248
10.364139
10.284764
8.003484
6.066610
15.268975
9.054021
12.337995
12.310735
10.523811
10.180596
6.540041
14.069266
9.307933
8.180683
10.194141
9.080115
12.366262
11.357310
12.074318
8.685023
15.789231
10.930646
6.396373
10.167069
10.560217
8.057866
13.901282
6.068517
9.981550
10.589272
11.154539
7.450255
6.320499
9.557471
9.780382
5.989042
9.508868
13.749104
11.209533
9.333473
7.084777
8.765219
12.320209
10.776159
16.641900
5.912933
6.052226
14.575257
15.898262
10.162223
6.460587
5.193560
10.038084
9.296744
12.210569
9.780611
8.093061
12.025211
15.348679
12.583678
10.469220
9.785550
13.182153
10.874923
10.836561
9.627960
7.826396
6.399541
13.728548
9.663158
12.739194
13.397587
14.033341
14.052268
12.585448
9.082722
10.198704
8.353414
11.331264
6.936263
10.474782
11.801830
7.968845
4.514991
9.463784
11.791236
5.905187
13.500769
12.110509
12.009349
7.048083
9.728501
5.533190
8.897003
12.227933
13.454649
15.937550
6.786585
10.193949
10.706285
8.730980
12.968463
9.691064
14.056667
7.114391
12.986910
13.971925
12.119512
8.071854
10.361700
11.478975
9.948198
17.201781
5.305197
11.710880
11.161220
7.278976
10.642662
6.223501
5.798548
9.098273
4.804230
13.622810
14.538284
12.641785
10.059070
12.968311
12.290178
7.855041
8.212641
11.664358
7.258234
17.703407
13.098561
12.074745
10.731240
10.931358
3.975363
16.969624
12.848625
12.094093
7.968528
10.073569
7.417940
5.449119
12.931377
13.451463
5.627834
7.032603
11.449758
10.254700
7.707736
6.506595
6.545350
11.691157
13.979555
6.189957
10.658803
9.669202
12.973896
3.844279
6.819677
10.795322
12.245961
8.560461
12.347849
15.005465
14.387251
7.517001
14.622513
9.310875
9.163872
5.837914
10.548841
18.420852
9.961665
11.764939
11.007598
14.411226
10.389406
10.621104
8.814799
11.464658
14.511383
6.161396
5.459334
16.373301
11.922984
12.421508
11.913244
15.590001
5.193115
9.315834
10.397969
7.159185
7.715698
11.512014
10.790442
11.310837
7.599116
11.597409
12.069951
11.217630
11.716923
8.269324
10.110044
12.724956
10.167824
12.741092
12.332082
7.179987
13.978147
8.322736
11.816270
6.107657
10.239874
8.073570
12.093898
8.885740
6.601573
17.558634
8.133622
15.682208
8.349746
9.306268
6.228487
8.393874
4.572686
17.463824
8.680511
10.945839
14.971708
14.533698
9.320399
11.336988
8.620357
11.964080
12.225523
13.403949
10.860522
7.083098
11.180958
5.158971
8.294322
7.580529
7.483123
7.617402
11.551454
11.549857
11.652513
6.144777
6.923152
7.119061
7.566275
12.953874
5.707052
10.472626
7.125615
13.437749
8.954507
8.906125
6.032741
11.593028
11.784943
5.307021
13.060513
11.355870
10.587626
14.901133
10.539885
13.103440
12.304362
7.825660
12.542950
12.798240
7.311710
11.864567
11.840498
8.149704
8.882156
4.807184
13.225050
9.314926
10.075134
7.260596
10.217986
9.214809
8.925526
5.707370
8.216760
8.986778
8.427462
10.264297
13.644714
14.083113
7.716945
10.689473
11.921387
8.896704
9.001138
9.654627
8.420170
9.414994
5.464786
5.351200
8.231352
8.474247
7.278768
4.503848
8.805490
8.717935
8.887532
10.570218
10.094641
12.421917
9.359345
11.393394
7.779925
10.602987
5.845081
3.909056
12.133594
14.952792
7.484632
11.696548
11.819062
6.106235
11.159032
4.414208
8.619401
5.785558
4.245203
15.419924
13.348700
8.571797
11.663189
8.194679
10.727675
16.628972
9.429762
6.582896
5.939525
7.678879
12.619595
13.158648
17.569651
11.563681
11.907694
7.304604
13.887193
7.612704
10.634151
7.596538
11.825108
10.044096
9.337892
13.789340
12.166182
12.311495
13.542559
9.750795
4.222008
12.716070
8.002791
12.292191
4.714061
5.106252
7.107707
12.892691
12.597555
15.724685
10.354555
12.916729
10.040998
10.095022
7.855566
11.019268
11.419400
5.983299
9.719703
11.968053
14.688682
12.437147
12.792491
2.115192
7.279809
9.717574
10.856605
8.817134
12.461996
12.299115
10.365825
14.161504
8.862324
9.245951
6.284250
6.198939
11.666832
11.934873
16.297767
7.292625
15.803464
9.155096
12.383574
15.194423
10.716170
13.922396
12.396467
8.683021
11.829131
12.978878
9.102295
12.125371
9.789902
7.680927
7.223228
15.766024
6.679014
13.917637
9.210416
8.230232
13.272871
9.132644
10.613169
7.161702
10.010953
10.895441
10.232982
2.704637
6.792026
7.173887
9.397837
12.906514
11.551538
10.617997
9.447015
12.782730
13.442686
5.951404
7.043080
6.389298
8.479353
12.242445
5.791632
9.427061
10.361885
10.725684
6.378417
4.612312
12.323623
13.018161
10.852158
9.763975
13.312008
8.613420
11.599987
17.194007
13.235128
11.090151
7.231327
12.061802
10.976799
12.572133
12.972899
10.478083
6.391853
8.117123
5.855300
10.674838
6.820139
9.200635
10.322536
7.949484
11.441161
8.143457
8.180374
13.712935
13.080969
15.597521
11.518434
11.794443
13.631363
6.872369
12.239207
11.948352
15.028941
8.899818
6.557239
9.951416
6.083731
12.224544
5.883463
10.097872
10.624580
7.210546
10.595551
12.105336
10.279804
14.191989
8.278758
11.938522
9.746726
9.746456
11.041598
8.227161
15.518593
6.418857
13.865266
4.167852
13.018809
14.066559
15.363855
12.651575
7.830812
7.020199
13.227648
17.190445
10.067077
14.580132
7.526786
9.395145
9.585968
14.034712
8.568545
16.351926
6.665496
15.406162
10.790192
6.500102
8.982370
12.979083
9.512557
10.372881
13.219314
10.877090
14.934673
7.003647
7.913253
8.523736
13.392821
3.760036
15.067306
12.161153
6.999686
12.827615
11.882941
13.504115
9.584289
7.849182
10.411475
9.711197
10.404654
10.880170
4.794043
9.504448
6.610891
8.400895
14.422636
11.496880
10.440085
13.036887
13.515758
11.776254
7.975395
5.458314
10.305082
7.787832
9.872298
9.681340
7.956132
9.376821
8.887369
5.807154
10.644430
12.819499
10.282851
8.441661
15.626000
5.799411
13.840479
6.800785
6.510674
12.562258
7.128549
7.320526
9.256399
11.929459
9.347185
7.655562
10.148486
7.257518
4.417760
11.089682
13.018164
14.146258
8.738092
7.981011
11.717510
3.897070
6.354424
9.029647
8.231659
10.783983
13.358113
13.011724
10.194394
7.635047
11.094614
6.757975
12.912294
9.073898
12.115342
11.394117
5.659431
9.040052
12.784924
9.679656
11.724843
5.485987
8.792188
14.036271
12.362776
8.912056
11.149895
9.672320
9.684055
7.194458
11.212063
10.827755
10.938290
8.977727
12.666288
9.188544
13.774077
12.297367
7.880976
11.909524
12.399975
13.184362
15.224053
14.517445
5.219617
7.621699
6.708919
11.699595
13.714374
13.389882
6.389836
14.010007
13.671156
5.238103
6.977402
-0.152426
15.231606
7.145317
13.670317
15.947217
3.213093
6.680204
13.451817
11.132352
9.161277
8.682024
7.548334
10.478440
13.131694
3.616548
9.019562
5.682565
10.805880
13.773798
11.367992
18.495022
8.169458
12.853181
5.743663
12.038948
9.649778
4.259686
5.043883
9.485535
8.496906
8.305919
9.360302
8.252594
5.200352
9.159983
11.623833
8.143371
8.951985
10.013529
6.374823
12.992427
5.628874
7.869155
7.781298
11.178374
10.494270
8.122214
13.107243
11.864728
8.707487
11.549172
7.106093
11.790266
10.431424
8.460655
9.793719
13.551482
7.943932
10.430027
6.878242
8.052083
9.507093
15.659346
10.114070
6.593242
8.801757
10.911174
8.413863
10.149618
6.034890
7.031112
7.491163
9.135741
11.887970
9.106335
6.790107
10.227025
13.466225
13.218225
11.274871
9.170286
12.238376
13.439742
11.542656
12.619292
7.777663
7.667484
10.283661
13.438716
8.911945
9.222861
7.125730
11.741913
8.955514
12.083771
12.286774
8.274056
7.862321
6.481525
14.212679
3.474878
12.199805
5.447641
11.638831
13.245364
9.710093
11.415091
3.447081
3.815453
10.294327
12.576339
5.037387
13.341270
8.688628
9.064198
8.331326
11.013727
11.598437
6.304087
8.476463
8.534750
6.232457
8.794776
8.107198
8.054781
11.325073
11.758073
7.730312
9.417443
13.152871
13.351735
8.594550
13.265644
14.057293
13.536675
10.590076
9.622033
13.366799
14.468635
8.150994
5.689805
7.064741
10.994705
9.960523
7.280159
10.444378
12.854268
6.581431
12.887770
10.696618
12.738185
11.902208
11.061076
11.867906
9.319680
10.881853
6.822232
4.036319
7.972605
8.678170
10.833187
7.677101
8.209516
8.838164
6.806107
14.527560
11.141692
10.303154
5.046473
12.135863
9.804337
5.569218
9.210726
15.311126
10.948999
13.428753
8.331022
11.614182
14.105113
10.747783
