1.291787610999999991e+01
1.291787610999999991e+01
1.291867618999999934e+01
1.291947627000000054e+01
1.292027634999999997e+01
1.292107642999999939e+01
1.292107642999999939e+01
1.292107642999999939e+01
1.292187651000000059e+01
1.292267659000000002e+01
1.292267659000000002e+01
1.292267659000000002e+01
1.292267659000000002e+01
1.292347666999999944e+01
1.292427675000000065e+01
1.292427675000000065e+01
1.292507683000000007e+01
1.292587690999999950e+01
1.292667699000000070e+01
1.292747707000000013e+01
1.292747707000000013e+01
1.292747707000000013e+01
1.292827714999999955e+01
1.292907723000000075e+01
1.292987731000000018e+01
1.292987731000000018e+01
1.293067738999999960e+01
1.293067738999999960e+01
1.293147747000000081e+01
1.293227755000000023e+01
1.293307762999999966e+01
1.293387771000000086e+01
1.293467779000000029e+01
1.293547786999999971e+01
1.293627794999999914e+01
1.293707803000000034e+01
1.293707803000000034e+01
1.293787810999999977e+01
1.293867818999999919e+01
1.293947827000000039e+01
1.294027834999999982e+01
1.294107842999999924e+01
1.294187851000000045e+01
1.294187851000000045e+01
1.294187851000000045e+01
1.294187851000000045e+01
1.294267858999999987e+01
1.294347866999999930e+01
1.294347866999999930e+01
1.294427875000000050e+01
1.292987731000000018e+01
1.293067738999999960e+01
1.293067738999999960e+01
1.293147747000000081e+01
1.293227755000000023e+01
1.293307762999999966e+01
1.293387771000000086e+01
1.293467779000000029e+01
1.293547786999999971e+01
1.293627794999999914e+01
1.293707803000000034e+01
1.293707803000000034e+01
1.293787810999999977e+01
1.293867818999999919e+01
1.293947827000000039e+01
1.294027834999999982e+01
1.294107842999999924e+01
1.294187851000000045e+01
1.294187851000000045e+01
1.294187851000000045e+01
1.294187851000000045e+01
1.294267858999999987e+01
1.294347866999999930e+01
1.294347866999999930e+01
1.294427875000000050e+01
1.294507882999999993e+01
1.294587890999999935e+01
1.294667899000000055e+01
1.294747906999999998e+01
1.294827914999999940e+01
1.294907923000000061e+01
1.294987931000000003e+01
1.294987931000000003e+01
1.295067938999999946e+01
1.295147947000000066e+01
1.295227955000000009e+01
1.295307962999999951e+01
1.295387971000000071e+01
1.295467979000000014e+01
1.295547986999999956e+01
1.295627995000000077e+01
1.295708003000000019e+01
1.295788010999999962e+01
1.295868019000000082e+01
1.293467779000000029e+01
1.293547786999999971e+01
1.293627794999999914e+01
1.293707803000000034e+01
1.293707803000000034e+01
1.293787810999999977e+01
1.293867818999999919e+01
1.293947827000000039e+01
1.294027834999999982e+01
1.294107842999999924e+01
1.294187851000000045e+01
1.294187851000000045e+01
1.294187851000000045e+01
1.294187851000000045e+01
1.294267858999999987e+01
1.294347866999999930e+01
1.294347866999999930e+01
1.294427875000000050e+01
1.294507882999999993e+01
1.294587890999999935e+01
1.294667899000000055e+01
1.294747906999999998e+01
1.294827914999999940e+01
1.294907923000000061e+01
1.294987931000000003e+01
1.294987931000000003e+01
1.295067938999999946e+01
1.295147947000000066e+01
1.295227955000000009e+01
1.295307962999999951e+01
1.295387971000000071e+01
1.295467979000000014e+01
1.295547986999999956e+01
1.295627995000000077e+01
1.295708003000000019e+01
1.295788010999999962e+01
1.295868019000000082e+01
1.295948027000000025e+01
1.296028034999999967e+01
1.296108043000000087e+01
1.296188051000000030e+01
1.296268058999999973e+01
1.296348066999999915e+01
1.296428075000000035e+01
1.296508082999999978e+01
1.294187851000000045e+01
1.294187851000000045e+01
1.294187851000000045e+01
1.294187851000000045e+01
1.294267858999999987e+01
1.294347866999999930e+01
1.294347866999999930e+01
1.294427875000000050e+01
1.294507882999999993e+01
1.294587890999999935e+01
1.294667899000000055e+01
1.294747906999999998e+01
1.294827914999999940e+01
1.294907923000000061e+01
1.294987931000000003e+01
1.294987931000000003e+01
1.295067938999999946e+01
1.295147947000000066e+01
1.295227955000000009e+01
1.295307962999999951e+01
1.295387971000000071e+01
1.295467979000000014e+01
1.295547986999999956e+01
1.295627995000000077e+01
1.295708003000000019e+01
1.295788010999999962e+01
1.295868019000000082e+01
1.295948027000000025e+01
1.296028034999999967e+01
1.296108043000000087e+01
1.296188051000000030e+01
1.296268058999999973e+01
1.296348066999999915e+01
1.296428075000000035e+01
1.296508082999999978e+01
1.296508082999999978e+01
1.296508082999999978e+01
1.296508082999999978e+01
1.296508082999999978e+01
1.296508082999999978e+01
1.296588090999999920e+01
1.296668099000000041e+01
1.296668099000000041e+01
1.296668099000000041e+01
1.296668099000000041e+01
1.296668099000000041e+01
1.296748106999999983e+01
1.296828114999999926e+01
1.296908123000000046e+01
1.291547586999999986e+01
1.291627594999999928e+01
1.291627594999999928e+01
1.291627594999999928e+01
1.291707603000000049e+01
1.291707603000000049e+01
1.291707603000000049e+01
1.291787610999999991e+01
1.291787610999999991e+01
1.291867618999999934e+01
1.291947627000000054e+01
1.292027634999999997e+01
1.292107642999999939e+01
1.292107642999999939e+01
1.292107642999999939e+01
1.292187651000000059e+01
1.292267659000000002e+01
1.292267659000000002e+01
1.292267659000000002e+01
1.292267659000000002e+01
1.292347666999999944e+01
1.292427675000000065e+01
1.292427675000000065e+01
1.292507683000000007e+01
1.292587690999999950e+01
1.292667699000000070e+01
1.292747707000000013e+01
1.292747707000000013e+01
1.292747707000000013e+01
1.292827714999999955e+01
1.292907723000000075e+01
1.292987731000000018e+01
1.292987731000000018e+01
1.290347466999999959e+01
1.290347466999999959e+01
1.290347466999999959e+01
1.290427475000000079e+01
1.290507483000000022e+01
1.290507483000000022e+01
1.290587490999999964e+01
1.290587490999999964e+01
1.290667499000000085e+01
1.290667499000000085e+01
1.290747507000000027e+01
1.290827514999999970e+01
1.290827514999999970e+01
1.290827514999999970e+01
1.290827514999999970e+01
1.290827514999999970e+01
1.290907522999999912e+01
1.290987531000000033e+01
1.291067538999999975e+01
1.291067538999999975e+01
1.291147546999999918e+01
1.291147546999999918e+01
1.291227555000000038e+01
1.291307562999999980e+01
1.291387570999999923e+01
1.291467579000000043e+01
1.291547586999999986e+01
1.291547586999999986e+01
1.291547586999999986e+01
1.291547586999999986e+01
1.291547586999999986e+01
1.291867618999999934e+01
1.291947627000000054e+01
1.292027634999999997e+01
1.292107642999999939e+01
1.292107642999999939e+01
1.292107642999999939e+01
1.292187651000000059e+01
1.292267659000000002e+01
1.292267659000000002e+01
1.292267659000000002e+01
1.292267659000000002e+01
1.292347666999999944e+01
1.292427675000000065e+01
1.292427675000000065e+01
1.292507683000000007e+01
1.292587690999999950e+01
1.292667699000000070e+01
1.292747707000000013e+01
1.292747707000000013e+01
1.292747707000000013e+01
1.292827714999999955e+01
1.292907723000000075e+01
1.292987731000000018e+01
1.292987731000000018e+01
1.293067738999999960e+01
1.293067738999999960e+01
1.293147747000000081e+01
1.293227755000000023e+01
1.293307762999999966e+01
1.293387771000000086e+01
1.293467779000000029e+01
1.293547786999999971e+01
1.293627794999999914e+01
1.293707803000000034e+01
1.293707803000000034e+01
1.293787810999999977e+01
1.293867818999999919e+01
1.293947827000000039e+01
1.294027834999999982e+01
1.294107842999999924e+01
1.294187851000000045e+01
1.294187851000000045e+01
1.294187851000000045e+01
1.294187851000000045e+01
1.294267858999999987e+01
1.294347866999999930e+01
1.294347866999999930e+01
1.294427875000000050e+01
1.294507882999999993e+01
1.294587890999999935e+01
1.294667899000000055e+01
1.293627794999999914e+01
1.293707803000000034e+01
1.293707803000000034e+01
1.293787810999999977e+01
1.293867818999999919e+01
1.293947827000000039e+01
1.294027834999999982e+01
1.294107842999999924e+01
1.294187851000000045e+01
1.294187851000000045e+01
1.294187851000000045e+01
1.294187851000000045e+01
1.294267858999999987e+01
1.294347866999999930e+01
1.294347866999999930e+01
1.294427875000000050e+01
1.294507882999999993e+01
1.294587890999999935e+01
1.294667899000000055e+01
1.294747906999999998e+01
1.294827914999999940e+01
1.294907923000000061e+01
1.294987931000000003e+01
1.294987931000000003e+01
1.295067938999999946e+01
1.295147947000000066e+01
1.295227955000000009e+01
1.295307962999999951e+01
1.295387971000000071e+01
1.295467979000000014e+01
1.295547986999999956e+01
1.295627995000000077e+01
1.295708003000000019e+01
1.295788010999999962e+01
1.295868019000000082e+01
1.295948027000000025e+01
1.296028034999999967e+01
1.296108043000000087e+01
1.296188051000000030e+01
1.296268058999999973e+01
1.296348066999999915e+01
1.296428075000000035e+01
1.296508082999999978e+01
1.296508082999999978e+01
1.296508082999999978e+01
1.296508082999999978e+01
1.296508082999999978e+01
1.295147947000000066e+01
1.295227955000000009e+01
1.295307962999999951e+01
1.295387971000000071e+01
1.295467979000000014e+01
1.295547986999999956e+01
1.295627995000000077e+01
1.295708003000000019e+01
1.295788010999999962e+01
1.295868019000000082e+01
1.295948027000000025e+01
1.296028034999999967e+01
1.296108043000000087e+01
1.296188051000000030e+01
1.296268058999999973e+01
1.296348066999999915e+01
1.296428075000000035e+01
1.296508082999999978e+01
1.296508082999999978e+01
1.296508082999999978e+01
1.296508082999999978e+01
1.296508082999999978e+01
1.296508082999999978e+01
1.296588090999999920e+01
1.296668099000000041e+01
1.296668099000000041e+01
1.296668099000000041e+01
1.296668099000000041e+01
1.296668099000000041e+01
1.296748106999999983e+01
1.296828114999999926e+01
1.296908123000000046e+01
1.296988130999999989e+01
1.297068138999999931e+01
1.297068138999999931e+01
1.297068138999999931e+01
1.297148147000000051e+01
1.297228154999999994e+01
1.297308162999999936e+01
1.297388171000000057e+01
1.297388171000000057e+01
1.297388171000000057e+01
1.297468178999999999e+01
1.297548186999999942e+01
1.297548186999999942e+01
1.297628195000000062e+01
1.297708203000000005e+01
1.297788210999999947e+01
1.297788210999999947e+01
1.300428475000000006e+01
1.300508482999999949e+01
1.300588491000000069e+01
1.300668499000000011e+01
1.300748506999999954e+01
1.300828515000000074e+01
1.300908523000000017e+01
1.300988530999999959e+01
1.301068539000000079e+01
1.301068539000000079e+01
1.301068539000000079e+01
1.301068539000000079e+01
1.301068539000000079e+01
1.301068539000000079e+01
1.301148547000000022e+01
1.301228554999999965e+01
1.301308563000000085e+01
1.301388571000000027e+01
1.304108843000000029e+01
1.304188850999999971e+01
1.304268858999999914e+01
1.304348867000000034e+01
1.304348867000000034e+01
1.304348867000000034e+01
1.304428874999999977e+01
1.304508882999999919e+01
1.304588891000000039e+01
1.304668898999999982e+01
1.304748906999999924e+01
1.304748906999999924e+01
1.304748906999999924e+01
1.304828915000000045e+01
1.304828915000000045e+01
1.304908922999999987e+01
1.304988930999999930e+01
1.305068939000000050e+01
1.305148946999999993e+01
1.305228954999999935e+01
1.305308963000000055e+01
1.305388970999999998e+01
1.305468978999999941e+01
1.305468978999999941e+01
1.305548987000000061e+01
1.305628995000000003e+01
1.305709002999999946e+01
1.305709002999999946e+01
1.305709002999999946e+01
1.305709002999999946e+01
1.305789011000000066e+01
1.305869019000000009e+01
1.305949026999999951e+01
1.305709002999999946e+01
1.305709002999999946e+01
1.305709002999999946e+01
1.305709002999999946e+01
1.305789011000000066e+01
1.305869019000000009e+01
1.305949026999999951e+01
1.306029035000000071e+01
1.306109043000000014e+01
1.306189050999999957e+01
1.306269059000000077e+01
1.306349067000000019e+01
1.306429074999999962e+01
1.306429074999999962e+01
1.306509083000000082e+01
1.306589091000000025e+01
1.306669098999999967e+01
1.306669098999999967e+01
1.306749107000000087e+01
1.306749107000000087e+01
1.306749107000000087e+01
1.306749107000000087e+01
1.306749107000000087e+01
1.306749107000000087e+01
1.306829115000000030e+01
1.306829115000000030e+01
1.306829115000000030e+01
1.306909122999999973e+01
1.306989130999999915e+01
1.307069139000000035e+01
1.307149146999999978e+01
1.307229154999999921e+01
1.307309163000000041e+01
1.307389170999999983e+01
1.307389170999999983e+01
1.307389170999999983e+01
1.307469178999999926e+01
1.307469178999999926e+01
1.307549187000000046e+01
1.307629194999999989e+01
1.307709202999999931e+01
1.307789211000000051e+01
1.307789211000000051e+01
1.307869218999999994e+01
1.307869218999999994e+01
1.307949226999999937e+01
1.307949226999999937e+01
1.307309163000000041e+01
1.307389170999999983e+01
1.307389170999999983e+01
1.307389170999999983e+01
1.307469178999999926e+01
1.307469178999999926e+01
1.307549187000000046e+01
1.307629194999999989e+01
1.307709202999999931e+01
1.307789211000000051e+01
1.307789211000000051e+01
1.307869218999999994e+01
1.307869218999999994e+01
1.307949226999999937e+01
1.308029235000000057e+01
1.308029235000000057e+01
1.308029235000000057e+01
1.308109242999999999e+01
1.308109242999999999e+01
1.308189250999999942e+01
1.308269259000000062e+01
1.308349267000000005e+01
1.308349267000000005e+01
1.308429274999999947e+01
1.308509283000000067e+01
1.308589291000000010e+01
1.308669298999999953e+01
1.308749307000000073e+01
1.308749307000000073e+01
1.308829315000000015e+01
1.308909322999999958e+01
1.308909322999999958e+01
1.308909322999999958e+01
1.308989331000000078e+01
1.309069339000000021e+01
1.309069339000000021e+01
1.309149346999999963e+01
1.309229355000000083e+01
1.309309363000000026e+01
1.309309363000000026e+01
1.309389370999999969e+01
1.309469379000000089e+01
1.309549387000000031e+01
1.309629394999999974e+01
1.309709402999999917e+01
1.308989331000000078e+01
1.308989331000000078e+01
1.308989331000000078e+01
1.309069339000000021e+01
1.309149346999999963e+01
1.309229355000000083e+01
1.309309363000000026e+01
1.309309363000000026e+01
1.309389370999999969e+01
1.309469379000000089e+01
1.309549387000000031e+01
1.309549387000000031e+01
1.309549387000000031e+01
1.309549387000000031e+01
1.309629394999999974e+01
1.309709402999999917e+01
1.309789411000000037e+01
1.309949426999999922e+01
1.310829515000000001e+01
1.310909522999999943e+01
1.310909522999999943e+01
1.310909522999999943e+01
1.310989531000000063e+01
1.311069539000000006e+01
1.311149546999999949e+01
1.311149546999999949e+01
1.311229555000000069e+01
1.311229555000000069e+01
1.311309563000000011e+01
1.311389570999999954e+01
1.311389570999999954e+01
1.311389570999999954e+01
1.311389570999999954e+01
1.311469579000000074e+01
1.311549587000000017e+01
1.311629594999999959e+01
1.311709603000000079e+01
1.311789611000000022e+01
1.311869618999999965e+01
1.311949627000000085e+01
1.312029635000000027e+01
1.312029635000000027e+01
1.312029635000000027e+01
1.312109642999999970e+01
1.312109642999999970e+01
1.312189650999999913e+01
1.312269659000000033e+01
1.312349666999999975e+01
1.312349666999999975e+01
1.312429674999999918e+01
1.312509683000000038e+01
1.312509683000000038e+01
1.312589690999999981e+01
1.312669698999999923e+01
1.312749707000000043e+01
1.312829714999999986e+01
1.312909722999999929e+01
1.312989731000000049e+01
1.313069738999999991e+01
1.313149746999999934e+01
1.313229755000000054e+01
1.313229755000000054e+01
1.313229755000000054e+01
1.313229755000000054e+01
1.313309762999999997e+01
1.312509683000000038e+01
1.312509683000000038e+01
1.312509683000000038e+01
1.312589690999999981e+01
1.312669698999999923e+01
1.312749707000000043e+01
1.312829714999999986e+01
1.312909722999999929e+01
1.312989731000000049e+01
1.313069738999999991e+01
1.313149746999999934e+01
1.313229755000000054e+01
1.313309762999999997e+01
1.313389770999999939e+01
1.313389770999999939e+01
1.313469779000000059e+01
1.313469779000000059e+01
1.313549787000000002e+01
1.313629794999999945e+01
1.313629794999999945e+01
1.313629794999999945e+01
1.313629794999999945e+01
1.313709803000000065e+01
1.313789811000000007e+01
1.315549986999999987e+01
1.315549986999999987e+01
1.315629994999999930e+01
1.315629994999999930e+01
1.315710003000000050e+01
1.315790010999999993e+01
1.315790010999999993e+01
1.315870018999999935e+01
1.315950027000000055e+01
1.316030034999999998e+01
1.316030034999999998e+01
1.316110042999999941e+01
1.316110042999999941e+01
1.316190051000000061e+01
1.316190051000000061e+01
1.316270059000000003e+01
1.316270059000000003e+01
1.316270059000000003e+01
1.316350066999999946e+01
1.316350066999999946e+01
1.316430075000000066e+01
1.316510083000000009e+01
1.316590090999999951e+01
1.316670099000000071e+01
1.316750107000000014e+01
1.316830114999999957e+01
1.316910123000000077e+01
1.316990131000000019e+01
1.317070138999999962e+01
1.317070138999999962e+01
1.317150147000000082e+01
1.317150147000000082e+01
1.317230155000000025e+01
1.317310162999999967e+01
1.317390171000000088e+01
1.317390171000000088e+01
1.317470179000000030e+01
1.317550186999999973e+01
1.317630194999999915e+01
1.317710203000000035e+01
1.317710203000000035e+01
1.317710203000000035e+01
1.317790210999999978e+01
1.317870218999999921e+01
1.317870218999999921e+01
1.317870218999999921e+01
1.317150147000000082e+01
1.317150147000000082e+01
1.317230155000000025e+01
1.317310162999999967e+01
1.317390171000000088e+01
1.317390171000000088e+01
1.317470179000000030e+01
1.317550186999999973e+01
1.317630194999999915e+01
1.317710203000000035e+01
1.317710203000000035e+01
1.317710203000000035e+01
1.317790210999999978e+01
1.317870218999999921e+01
1.317870218999999921e+01
1.317870218999999921e+01
1.317870218999999921e+01
1.317950227000000041e+01
1.318030234999999983e+01
1.318110242999999926e+01
1.318190251000000046e+01
1.318270258999999989e+01
1.318270258999999989e+01
1.318350266999999931e+01
1.318430275000000051e+01
1.318510282999999994e+01
1.318510282999999994e+01
1.318590290999999937e+01
1.318590290999999937e+01
1.318670299000000057e+01
1.318750306999999999e+01
1.318750306999999999e+01
1.318830314999999942e+01
1.318830314999999942e+01
1.318830314999999942e+01
1.318830314999999942e+01
1.318830314999999942e+01
1.318910323000000062e+01
1.318990331000000005e+01
1.318990331000000005e+01
1.319070338999999947e+01
1.319150347000000068e+01
1.319230355000000010e+01
1.319310362999999953e+01
1.315549986999999987e+01
1.315549986999999987e+01
1.315549986999999987e+01
1.315549986999999987e+01
1.315629994999999930e+01
1.315629994999999930e+01
1.315710003000000050e+01
1.315790010999999993e+01
1.315790010999999993e+01
1.315870018999999935e+01
1.315950027000000055e+01
1.316030034999999998e+01
1.316030034999999998e+01
1.316110042999999941e+01
1.316110042999999941e+01
1.316190051000000061e+01
1.316190051000000061e+01
1.316270059000000003e+01
1.316270059000000003e+01
1.316270059000000003e+01
1.316350066999999946e+01
1.316350066999999946e+01
1.316430075000000066e+01
1.316510083000000009e+01
1.316590090999999951e+01
1.316670099000000071e+01
1.316750107000000014e+01
1.316830114999999957e+01
1.316910123000000077e+01
1.316990131000000019e+01
1.317070138999999962e+01
1.317070138999999962e+01
1.317150147000000082e+01
1.317150147000000082e+01
1.317230155000000025e+01
1.317310162999999967e+01
1.317390171000000088e+01
1.317390171000000088e+01
1.317470179000000030e+01
1.317550186999999973e+01
1.317630194999999915e+01
1.317710203000000035e+01
1.317710203000000035e+01
1.317710203000000035e+01
1.317790210999999978e+01
1.317870218999999921e+01
1.317870218999999921e+01
1.317870218999999921e+01
1.317870218999999921e+01
1.317950227000000041e+01
1.306669098999999967e+01
1.306669098999999967e+01
1.306749107000000087e+01
1.306749107000000087e+01
1.306749107000000087e+01
1.306749107000000087e+01
1.306749107000000087e+01
1.306749107000000087e+01
1.306829115000000030e+01
1.306829115000000030e+01
1.306829115000000030e+01
1.306909122999999973e+01
1.306989130999999915e+01
1.307069139000000035e+01
1.307149146999999978e+01
1.307229154999999921e+01
1.307309163000000041e+01
1.307389170999999983e+01
1.307389170999999983e+01
1.307389170999999983e+01
1.307469178999999926e+01
1.307469178999999926e+01
1.307549187000000046e+01
1.307629194999999989e+01
1.307709202999999931e+01
1.307789211000000051e+01
1.307789211000000051e+01
1.307869218999999994e+01
1.307869218999999994e+01
1.307949226999999937e+01
1.308029235000000057e+01
1.308029235000000057e+01
1.308029235000000057e+01
1.308109242999999999e+01
1.308109242999999999e+01
1.308189250999999942e+01
1.308269259000000062e+01
1.308349267000000005e+01
1.308349267000000005e+01
1.308429274999999947e+01
1.308509283000000067e+01
1.308589291000000010e+01
1.308669298999999953e+01
1.308749307000000073e+01
1.308749307000000073e+01
1.308829315000000015e+01
1.307949226999999937e+01
1.307949226999999937e+01
1.308029235000000057e+01
1.308109242999999999e+01
1.308109242999999999e+01
1.308189250999999942e+01
1.308269259000000062e+01
1.308349267000000005e+01
1.308429274999999947e+01
1.308509283000000067e+01
1.308589291000000010e+01
1.308589291000000010e+01
1.308669298999999953e+01
1.308749307000000073e+01
1.308749307000000073e+01
1.308829315000000015e+01
1.308909322999999958e+01
1.308989331000000078e+01
1.308989331000000078e+01
1.308989331000000078e+01
1.308989331000000078e+01
1.309069339000000021e+01
1.303148747000000007e+01
1.303148747000000007e+01
1.303148747000000007e+01
1.303228754999999950e+01
1.303228754999999950e+01
1.303308763000000070e+01
1.303388771000000013e+01
1.303468778999999955e+01
1.303548787000000075e+01
1.303548787000000075e+01
1.303628795000000018e+01
1.303708802999999961e+01
1.303708802999999961e+01
1.303788811000000081e+01
1.303868819000000023e+01
1.303948826999999966e+01
1.304028835000000086e+01
1.304108843000000029e+01
1.304108843000000029e+01
1.304188850999999971e+01
1.304268858999999914e+01
1.304348867000000034e+01
1.304348867000000034e+01
1.304348867000000034e+01
1.304428874999999977e+01
1.304508882999999919e+01
1.304588891000000039e+01
1.304668898999999982e+01
1.304748906999999924e+01
1.304748906999999924e+01
1.304748906999999924e+01
1.304828915000000045e+01
1.304828915000000045e+01
1.304908922999999987e+01
1.304988930999999930e+01
1.305068939000000050e+01
1.305148946999999993e+01
1.305228954999999935e+01
1.305308963000000055e+01
1.305388970999999998e+01
1.305468978999999941e+01
1.305468978999999941e+01
1.305548987000000061e+01
1.305628995000000003e+01
1.305709002999999946e+01
1.305709002999999946e+01
1.305709002999999946e+01
1.305709002999999946e+01
1.305789011000000066e+01
1.304988930999999930e+01
1.305068939000000050e+01
1.305148946999999993e+01
1.305228954999999935e+01
1.305228954999999935e+01
1.305308963000000055e+01
1.305388970999999998e+01
1.305468978999999941e+01
1.305548987000000061e+01
1.305548987000000061e+01
1.305548987000000061e+01
1.305628995000000003e+01
1.305709002999999946e+01
1.305789011000000066e+01
1.305869019000000009e+01
1.305949026999999951e+01
1.306029035000000071e+01
1.306029035000000071e+01
1.306109043000000014e+01
1.306189050999999957e+01
1.306269059000000077e+01
1.306269059000000077e+01
1.306349067000000019e+01
1.306429074999999962e+01
1.306429074999999962e+01
1.297708203000000005e+01
1.297788210999999947e+01
1.297788210999999947e+01
1.297868219000000067e+01
1.297948227000000010e+01
1.298028234999999952e+01
1.298108243000000073e+01
1.298108243000000073e+01
1.298108243000000073e+01
1.298108243000000073e+01
1.298108243000000073e+01
1.298188251000000015e+01
1.298268258999999958e+01
1.298348267000000078e+01
1.298428275000000021e+01
1.298428275000000021e+01
1.298508282999999963e+01
1.298508282999999963e+01
1.298588291000000083e+01
1.298588291000000083e+01
1.298588291000000083e+01
1.298668299000000026e+01
1.298748306999999969e+01
1.298828315000000089e+01
1.298828315000000089e+01
1.298828315000000089e+01
1.298908323000000031e+01
1.298988330999999974e+01
1.299068338999999916e+01
1.299148347000000037e+01
1.299228354999999979e+01
1.299228354999999979e+01
1.299308362999999922e+01
1.299308362999999922e+01
1.299388371000000042e+01
1.299468378999999985e+01
1.299548386999999927e+01
1.299628395000000047e+01
1.299708402999999990e+01
1.299788410999999932e+01
1.299868419000000053e+01
1.299948426999999995e+01
1.300028434999999938e+01
1.300028434999999938e+01
1.300028434999999938e+01
1.300108443000000058e+01
1.300108443000000058e+01
1.300188451000000001e+01
1.298748306999999969e+01
1.298748306999999969e+01
1.298828315000000089e+01
1.298908323000000031e+01
1.298988330999999974e+01
1.299068338999999916e+01
1.299148347000000037e+01
1.299148347000000037e+01
1.299148347000000037e+01
1.299228354999999979e+01
1.299308362999999922e+01
1.299308362999999922e+01
1.299388371000000042e+01
1.299468378999999985e+01
1.299548386999999927e+01
1.299628395000000047e+01
1.299708402999999990e+01
1.299708402999999990e+01
1.299788410999999932e+01
1.299868419000000053e+01
1.299948426999999995e+01
1.300028434999999938e+01
1.300108443000000058e+01
1.300188451000000001e+01
1.300268458999999943e+01
1.300268458999999943e+01
1.300268458999999943e+01
1.300348467000000063e+01
1.300348467000000063e+01
1.300428475000000006e+01
1.300508482999999949e+01
1.300588491000000069e+01
1.300668499000000011e+01
1.300748506999999954e+01
1.300828515000000074e+01
1.300908523000000017e+01
1.300908523000000017e+01
1.300908523000000017e+01
1.300908523000000017e+01
1.300908523000000017e+01
1.300908523000000017e+01
1.300908523000000017e+01
1.300988530999999959e+01
1.301068539000000079e+01
1.301068539000000079e+01
1.296508082999999978e+01
1.296508082999999978e+01
1.296508082999999978e+01
1.296508082999999978e+01
1.296508082999999978e+01
1.296508082999999978e+01
1.296588090999999920e+01
1.296668099000000041e+01
1.296668099000000041e+01
1.296668099000000041e+01
1.296668099000000041e+01
1.296668099000000041e+01
1.296748106999999983e+01
1.296828114999999926e+01
1.296908123000000046e+01
1.296988130999999989e+01
1.297068138999999931e+01
1.297068138999999931e+01
1.297068138999999931e+01
1.297148147000000051e+01
1.297228154999999994e+01
1.297308162999999936e+01
1.297388171000000057e+01
1.297388171000000057e+01
1.297388171000000057e+01
1.297468178999999999e+01
1.297548186999999942e+01
1.297548186999999942e+01
1.297628195000000062e+01
1.297708203000000005e+01
1.297788210999999947e+01
1.297788210999999947e+01
1.297868219000000067e+01
1.297948227000000010e+01
1.298028234999999952e+01
1.298108243000000073e+01
1.298108243000000073e+01
1.298108243000000073e+01
1.298108243000000073e+01
1.298108243000000073e+01
1.298188251000000015e+01
1.298268258999999958e+01
1.298348267000000078e+01
1.298428275000000021e+01
1.298428275000000021e+01
1.298508282999999963e+01
1.298508282999999963e+01
1.298588291000000083e+01
1.298588291000000083e+01
1.298588291000000083e+01
1.298268258999999958e+01
1.298268258999999958e+01
1.298348267000000078e+01
1.298428275000000021e+01
1.298508282999999963e+01
1.298668299000000026e+01
1.298668299000000026e+01
1.298748306999999969e+01
1.298748306999999969e+01
1.298748306999999969e+01
1.298828315000000089e+01
1.298908323000000031e+01
1.294427875000000050e+01
1.294507882999999993e+01
1.294587890999999935e+01
1.294667899000000055e+01
1.294747906999999998e+01
1.294827914999999940e+01
1.294907923000000061e+01
1.294987931000000003e+01
1.294987931000000003e+01
1.295067938999999946e+01
1.295147947000000066e+01
1.295227955000000009e+01
1.295307962999999951e+01
1.295387971000000071e+01
1.295467979000000014e+01
1.295547986999999956e+01
1.295627995000000077e+01
1.295708003000000019e+01
1.295788010999999962e+01
1.295868019000000082e+01
1.295948027000000025e+01
1.296028034999999967e+01
1.296108043000000087e+01
1.296188051000000030e+01
1.296268058999999973e+01
1.296348066999999915e+01
1.296428075000000035e+01
1.296508082999999978e+01
1.296508082999999978e+01
1.296508082999999978e+01
1.296508082999999978e+01
1.296508082999999978e+01
1.296508082999999978e+01
1.296588090999999920e+01
1.296668099000000041e+01
1.296668099000000041e+01
1.296668099000000041e+01
1.296668099000000041e+01
1.296668099000000041e+01
1.296748106999999983e+01
1.296828114999999926e+01
1.296908123000000046e+01
1.296988130999999989e+01
1.297068138999999931e+01
1.297068138999999931e+01
1.297068138999999931e+01
1.297148147000000051e+01
1.297228154999999994e+01
1.297308162999999936e+01
1.297388171000000057e+01
1.297388171000000057e+01
1.296748106999999983e+01
1.296748106999999983e+01
1.296828114999999926e+01
1.296908123000000046e+01
1.296908123000000046e+01
1.296988130999999989e+01
1.297068138999999931e+01
1.297068138999999931e+01
1.297068138999999931e+01
1.297148147000000051e+01
1.297228154999999994e+01
1.297308162999999936e+01
1.297308162999999936e+01
1.297388171000000057e+01
1.297388171000000057e+01
1.297468178999999999e+01
1.297548186999999942e+01
1.293707803000000034e+01
1.293787810999999977e+01
1.293867818999999919e+01
1.293947827000000039e+01
1.294027834999999982e+01
1.294107842999999924e+01
1.294187851000000045e+01
1.294187851000000045e+01
1.294187851000000045e+01
1.294187851000000045e+01
1.294267858999999987e+01
1.294347866999999930e+01
1.294347866999999930e+01
1.294427875000000050e+01
1.294507882999999993e+01
1.294587890999999935e+01
1.294667899000000055e+01
1.294747906999999998e+01
1.294827914999999940e+01
1.294907923000000061e+01
1.294987931000000003e+01
1.294987931000000003e+01
1.295067938999999946e+01
1.295147947000000066e+01
1.295227955000000009e+01
1.295307962999999951e+01
1.295387971000000071e+01
1.295467979000000014e+01
1.295547986999999956e+01
1.295627995000000077e+01
1.295708003000000019e+01
1.295788010999999962e+01
1.295868019000000082e+01
1.295948027000000025e+01
1.296028034999999967e+01
1.296108043000000087e+01
1.296188051000000030e+01
1.296268058999999973e+01
1.296348066999999915e+01
1.296428075000000035e+01
1.296508082999999978e+01
1.296508082999999978e+01
1.296508082999999978e+01
1.296508082999999978e+01
1.296508082999999978e+01
1.296508082999999978e+01
1.296588090999999920e+01
1.296668099000000041e+01
1.296668099000000041e+01
1.296668099000000041e+01
1.296268058999999973e+01
1.296348066999999915e+01
1.296348066999999915e+01
1.296348066999999915e+01
1.296428075000000035e+01
1.296508082999999978e+01
1.296508082999999978e+01
1.296588090999999920e+01
1.296588090999999920e+01
1.296668099000000041e+01
1.296748106999999983e+01
1.296748106999999983e+01
1.296748106999999983e+01
1.296748106999999983e+01
1.296828114999999926e+01
1.296908123000000046e+01
1.296908123000000046e+01
1.296988130999999989e+01
1.297068138999999931e+01
1.297068138999999931e+01
1.297068138999999931e+01
1.292427675000000065e+01
1.292507683000000007e+01
1.292587690999999950e+01
1.292667699000000070e+01
1.292747707000000013e+01
1.292747707000000013e+01
1.292747707000000013e+01
1.292827714999999955e+01
1.292907723000000075e+01
1.292987731000000018e+01
1.292987731000000018e+01
1.293067738999999960e+01
1.293067738999999960e+01
1.293147747000000081e+01
1.293227755000000023e+01
1.293307762999999966e+01
1.293387771000000086e+01
1.293467779000000029e+01
1.293547786999999971e+01
1.293627794999999914e+01
1.293707803000000034e+01
1.293707803000000034e+01
1.293787810999999977e+01
1.293867818999999919e+01
1.293947827000000039e+01
1.294027834999999982e+01
1.294107842999999924e+01
1.294187851000000045e+01
1.294187851000000045e+01
1.294187851000000045e+01
1.294187851000000045e+01
1.294267858999999987e+01
1.294347866999999930e+01
1.294347866999999930e+01
1.294427875000000050e+01
1.294507882999999993e+01
1.294587890999999935e+01
1.294667899000000055e+01
1.294747906999999998e+01
1.294827914999999940e+01
1.294907923000000061e+01
1.294987931000000003e+01
1.294987931000000003e+01
1.295067938999999946e+01
1.295147947000000066e+01
1.295227955000000009e+01
1.295147947000000066e+01
1.295147947000000066e+01
1.295147947000000066e+01
1.295147947000000066e+01
1.295147947000000066e+01
1.295227955000000009e+01
1.295307962999999951e+01
1.295387971000000071e+01
1.295467979000000014e+01
1.295547986999999956e+01
1.295547986999999956e+01
1.295547986999999956e+01
1.295627995000000077e+01
1.295708003000000019e+01
1.295788010999999962e+01
1.295868019000000082e+01
1.291547586999999986e+01
1.291627594999999928e+01
1.291627594999999928e+01
1.291627594999999928e+01
1.291707603000000049e+01
1.291707603000000049e+01
1.291707603000000049e+01
1.291787610999999991e+01
1.291787610999999991e+01
1.291867618999999934e+01
1.291947627000000054e+01
1.292027634999999997e+01
1.292107642999999939e+01
1.292107642999999939e+01
1.292107642999999939e+01
1.292187651000000059e+01
1.292267659000000002e+01
1.292267659000000002e+01
1.292267659000000002e+01
1.292267659000000002e+01
1.292347666999999944e+01
1.292427675000000065e+01
1.292427675000000065e+01
1.292507683000000007e+01
1.292587690999999950e+01
1.292667699000000070e+01
1.292747707000000013e+01
1.292747707000000013e+01
1.292747707000000013e+01
1.292827714999999955e+01
1.292907723000000075e+01
1.292987731000000018e+01
1.292987731000000018e+01
1.293067738999999960e+01
1.293067738999999960e+01
1.293147747000000081e+01
1.293227755000000023e+01
1.293307762999999966e+01
1.293387771000000086e+01
1.293467779000000029e+01
1.293547786999999971e+01
1.293627794999999914e+01
1.293707803000000034e+01
1.293707803000000034e+01
1.293787810999999977e+01
1.293867818999999919e+01
1.293947827000000039e+01
1.294027834999999982e+01
1.294107842999999924e+01
1.293147747000000081e+01
1.293227755000000023e+01
1.293227755000000023e+01
1.293227755000000023e+01
1.293227755000000023e+01
1.293227755000000023e+01
1.293307762999999966e+01
1.293387771000000086e+01
1.293467779000000029e+01
1.293547786999999971e+01
1.293627794999999914e+01
1.293707803000000034e+01
1.293787810999999977e+01
1.293867818999999919e+01
1.293947827000000039e+01
1.294027834999999982e+01
1.294107842999999924e+01
1.294107842999999924e+01
1.294187851000000045e+01
1.294187851000000045e+01
1.294187851000000045e+01
1.294267858999999987e+01
1.294347866999999930e+01
1.294427875000000050e+01
1.294507882999999993e+01
1.294587890999999935e+01
1.294667899000000055e+01
1.294667899000000055e+01
1.294747906999999998e+01
1.294827914999999940e+01
1.294827914999999940e+01
1.294907923000000061e+01
1.294987931000000003e+01
1.295067938999999946e+01
1.295067938999999946e+01
1.295147947000000066e+01
1.295147947000000066e+01
1.295147947000000066e+01
1.295147947000000066e+01
1.295147947000000066e+01
1.292587690999999950e+01
1.292667699000000070e+01
1.292747707000000013e+01
1.292747707000000013e+01
1.292747707000000013e+01
1.292827714999999955e+01
1.292907723000000075e+01
1.292987731000000018e+01
1.292987731000000018e+01
1.293067738999999960e+01
1.293067738999999960e+01
1.293147747000000081e+01
1.293227755000000023e+01
1.293307762999999966e+01
1.293387771000000086e+01
1.293467779000000029e+01
1.293547786999999971e+01
1.293627794999999914e+01
1.293707803000000034e+01
1.293707803000000034e+01
1.293787810999999977e+01
1.293867818999999919e+01
1.293947827000000039e+01
1.294027834999999982e+01
1.294107842999999924e+01
1.294187851000000045e+01
1.294187851000000045e+01
1.294187851000000045e+01
1.294187851000000045e+01
1.294267858999999987e+01
1.294347866999999930e+01
1.294347866999999930e+01
1.294427875000000050e+01
1.294507882999999993e+01
1.294587890999999935e+01
1.294667899000000055e+01
1.294747906999999998e+01
1.294827914999999940e+01
1.294907923000000061e+01
1.294987931000000003e+01
1.294187851000000045e+01
1.294187851000000045e+01
1.294187851000000045e+01
1.294267858999999987e+01
1.294347866999999930e+01
1.294427875000000050e+01
1.294507882999999993e+01
1.294587890999999935e+01
1.294667899000000055e+01
1.294667899000000055e+01
1.294747906999999998e+01
1.294827914999999940e+01
1.294827914999999940e+01
1.294907923000000061e+01
1.294987931000000003e+01
1.295067938999999946e+01
1.295067938999999946e+01
1.295147947000000066e+01
1.295147947000000066e+01
1.295147947000000066e+01
1.295147947000000066e+01
1.295147947000000066e+01
1.295227955000000009e+01
1.295307962999999951e+01
1.295387971000000071e+01
1.295467979000000014e+01
1.295547986999999956e+01
1.295547986999999956e+01
1.295547986999999956e+01
1.295627995000000077e+01
1.295708003000000019e+01
1.295788010999999962e+01
1.295868019000000082e+01
1.295868019000000082e+01
1.295948027000000025e+01
1.296028034999999967e+01
1.296028034999999967e+01
1.296108043000000087e+01
1.296188051000000030e+01
1.296188051000000030e+01
1.296188051000000030e+01
1.296268058999999973e+01
1.296268058999999973e+01
1.292587690999999950e+01
1.292667699000000070e+01
1.292747707000000013e+01
1.292747707000000013e+01
1.292747707000000013e+01
1.292827714999999955e+01
1.292907723000000075e+01
1.292987731000000018e+01
1.292987731000000018e+01
1.293067738999999960e+01
1.293067738999999960e+01
1.293147747000000081e+01
1.293227755000000023e+01
1.293307762999999966e+01
1.293387771000000086e+01
1.293467779000000029e+01
1.293547786999999971e+01
1.293627794999999914e+01
1.293707803000000034e+01
1.293707803000000034e+01
1.293787810999999977e+01
1.293867818999999919e+01
1.293947827000000039e+01
1.294027834999999982e+01
1.294107842999999924e+01
1.294187851000000045e+01
1.294187851000000045e+01
1.294187851000000045e+01
1.294187851000000045e+01
1.294267858999999987e+01
1.294347866999999930e+01
1.294347866999999930e+01
1.294427875000000050e+01
1.294507882999999993e+01
1.294587890999999935e+01
1.294667899000000055e+01
1.294747906999999998e+01
1.294827914999999940e+01
1.294907923000000061e+01
1.294987931000000003e+01
1.294987931000000003e+01
1.295067938999999946e+01
1.295147947000000066e+01
1.294267858999999987e+01
1.294347866999999930e+01
1.294427875000000050e+01
1.294507882999999993e+01
1.294587890999999935e+01
1.294667899000000055e+01
1.294667899000000055e+01
1.294747906999999998e+01
1.294827914999999940e+01
1.294827914999999940e+01
1.294907923000000061e+01
1.294987931000000003e+01
1.295067938999999946e+01
1.295067938999999946e+01
1.295147947000000066e+01
1.295147947000000066e+01
1.295147947000000066e+01
1.295147947000000066e+01
1.295147947000000066e+01
1.295227955000000009e+01
1.295307962999999951e+01
1.295387971000000071e+01
1.295467979000000014e+01
1.295547986999999956e+01
1.295547986999999956e+01
1.295547986999999956e+01
1.295627995000000077e+01
1.295708003000000019e+01
1.295788010999999962e+01
1.295868019000000082e+01
1.295868019000000082e+01
1.295948027000000025e+01
1.296028034999999967e+01
1.296028034999999967e+01
1.296108043000000087e+01
1.296188051000000030e+01
1.296188051000000030e+01
1.296188051000000030e+01
1.296268058999999973e+01
1.296268058999999973e+01
1.292587690999999950e+01
1.292667699000000070e+01
1.292747707000000013e+01
1.292747707000000013e+01
1.292747707000000013e+01
1.292827714999999955e+01
1.292907723000000075e+01
1.292987731000000018e+01
1.292987731000000018e+01
1.293067738999999960e+01
1.293067738999999960e+01
1.293147747000000081e+01
1.293227755000000023e+01
1.293307762999999966e+01
1.293387771000000086e+01
1.293467779000000029e+01
1.293547786999999971e+01
1.293627794999999914e+01
1.293707803000000034e+01
1.293707803000000034e+01
1.293787810999999977e+01
1.293867818999999919e+01
1.293947827000000039e+01
1.294027834999999982e+01
1.294107842999999924e+01
1.294187851000000045e+01
1.294187851000000045e+01
1.294187851000000045e+01
1.294187851000000045e+01
1.294267858999999987e+01
1.294347866999999930e+01
1.294347866999999930e+01
1.294427875000000050e+01
1.294507882999999993e+01
1.294587890999999935e+01
1.294667899000000055e+01
1.294747906999999998e+01
1.294827914999999940e+01
1.294907923000000061e+01
1.294987931000000003e+01
1.294987931000000003e+01
1.295067938999999946e+01
1.295147947000000066e+01
1.294267858999999987e+01
1.294347866999999930e+01
1.294427875000000050e+01
1.294507882999999993e+01
1.294587890999999935e+01
1.294667899000000055e+01
1.294667899000000055e+01
1.294747906999999998e+01
1.294827914999999940e+01
1.294827914999999940e+01
1.294907923000000061e+01
1.294987931000000003e+01
1.295067938999999946e+01
1.295067938999999946e+01
1.295147947000000066e+01
1.295147947000000066e+01
1.295147947000000066e+01
1.295147947000000066e+01
1.295147947000000066e+01
1.295227955000000009e+01
1.295307962999999951e+01
1.295387971000000071e+01
1.295467979000000014e+01
1.295547986999999956e+01
1.295547986999999956e+01
1.295547986999999956e+01
1.295627995000000077e+01
1.295708003000000019e+01
1.295788010999999962e+01
1.295868019000000082e+01
1.295868019000000082e+01
1.295948027000000025e+01
1.296028034999999967e+01
1.296028034999999967e+01
1.296108043000000087e+01
1.296188051000000030e+01
1.296188051000000030e+01
1.296188051000000030e+01
1.296268058999999973e+01
1.296268058999999973e+01
1.294587890999999935e+01
1.294667899000000055e+01
1.294747906999999998e+01
1.294827914999999940e+01
1.294907923000000061e+01
1.294987931000000003e+01
1.294987931000000003e+01
1.295067938999999946e+01
1.295147947000000066e+01
1.295227955000000009e+01
1.295307962999999951e+01
1.295387971000000071e+01
1.295467979000000014e+01
1.295547986999999956e+01
1.295627995000000077e+01
1.295708003000000019e+01
1.295788010999999962e+01
1.295868019000000082e+01
1.295948027000000025e+01
1.296028034999999967e+01
1.296108043000000087e+01
1.296188051000000030e+01
1.296268058999999973e+01
1.296348066999999915e+01
1.296428075000000035e+01
1.296508082999999978e+01
1.296508082999999978e+01
1.296508082999999978e+01
1.296508082999999978e+01
1.296508082999999978e+01
1.296508082999999978e+01
1.296588090999999920e+01
1.296668099000000041e+01
1.296668099000000041e+01
1.296668099000000041e+01
1.296668099000000041e+01
1.296668099000000041e+01
1.296748106999999983e+01
1.296828114999999926e+01
1.296908123000000046e+01
1.296988130999999989e+01
1.297068138999999931e+01
1.297068138999999931e+01
1.297068138999999931e+01
1.297148147000000051e+01
1.297228154999999994e+01
1.297308162999999936e+01
1.297388171000000057e+01
1.297388171000000057e+01
1.296268058999999973e+01
1.296348066999999915e+01
1.296348066999999915e+01
1.296348066999999915e+01
1.296348066999999915e+01
1.296428075000000035e+01
1.296508082999999978e+01
1.296508082999999978e+01
1.296588090999999920e+01
1.296588090999999920e+01
1.296668099000000041e+01
1.296748106999999983e+01
1.296748106999999983e+01
1.296748106999999983e+01
1.296748106999999983e+01
1.296828114999999926e+01
1.296908123000000046e+01
1.296908123000000046e+01
1.296988130999999989e+01
1.297068138999999931e+01
1.297068138999999931e+01
1.297068138999999931e+01
1.297148147000000051e+01
1.297228154999999994e+01
1.297308162999999936e+01
1.297308162999999936e+01
1.297388171000000057e+01
1.297388171000000057e+01
1.297468178999999999e+01
1.297548186999999942e+01
1.297628195000000062e+01
1.297708203000000005e+01
1.297788210999999947e+01
1.297868219000000067e+01
1.297948227000000010e+01
1.298028234999999952e+01
1.298108243000000073e+01
1.298188251000000015e+01
1.292907723000000075e+01
1.292987731000000018e+01
1.292987731000000018e+01
1.293067738999999960e+01
1.293067738999999960e+01
1.293147747000000081e+01
1.293227755000000023e+01
1.293307762999999966e+01
1.293387771000000086e+01
1.293467779000000029e+01
1.293547786999999971e+01
1.293627794999999914e+01
1.293707803000000034e+01
1.293707803000000034e+01
1.293787810999999977e+01
1.293867818999999919e+01
1.293947827000000039e+01
1.294027834999999982e+01
1.294107842999999924e+01
1.294187851000000045e+01
1.294187851000000045e+01
1.294187851000000045e+01
1.294187851000000045e+01
1.294267858999999987e+01
1.294347866999999930e+01
1.294347866999999930e+01
1.294427875000000050e+01
1.294507882999999993e+01
1.294587890999999935e+01
1.294667899000000055e+01
1.294747906999999998e+01
1.294827914999999940e+01
1.294907923000000061e+01
1.294987931000000003e+01
1.294987931000000003e+01
1.295067938999999946e+01
1.295147947000000066e+01
1.295227955000000009e+01
1.295307962999999951e+01
1.295387971000000071e+01
1.295467979000000014e+01
1.295547986999999956e+01
1.295627995000000077e+01
1.294747906999999998e+01
1.294827914999999940e+01
1.294907923000000061e+01
1.294987931000000003e+01
1.295067938999999946e+01
1.295067938999999946e+01
1.295147947000000066e+01
1.295147947000000066e+01
1.295147947000000066e+01
1.295147947000000066e+01
1.295147947000000066e+01
1.295227955000000009e+01
1.295307962999999951e+01
1.295387971000000071e+01
1.295467979000000014e+01
1.295547986999999956e+01
1.295547986999999956e+01
1.295547986999999956e+01
1.295627995000000077e+01
1.295708003000000019e+01
1.295788010999999962e+01
1.295868019000000082e+01
1.295868019000000082e+01
1.295948027000000025e+01
1.296028034999999967e+01
1.296028034999999967e+01
1.296108043000000087e+01
1.296188051000000030e+01
1.296188051000000030e+01
1.296188051000000030e+01
1.296268058999999973e+01
1.296268058999999973e+01
1.296348066999999915e+01
1.296348066999999915e+01
1.296348066999999915e+01
1.296348066999999915e+01
1.296428075000000035e+01
1.296508082999999978e+01
1.296508082999999978e+01
1.291147546999999918e+01
1.291227555000000038e+01
1.291307562999999980e+01
1.291387570999999923e+01
1.291467579000000043e+01
1.291547586999999986e+01
1.291547586999999986e+01
1.291547586999999986e+01
1.291547586999999986e+01
1.291547586999999986e+01
1.291627594999999928e+01
1.291627594999999928e+01
1.291627594999999928e+01
1.291707603000000049e+01
1.291707603000000049e+01
1.291707603000000049e+01
1.291787610999999991e+01
1.291787610999999991e+01
1.291867618999999934e+01
1.291947627000000054e+01
1.292027634999999997e+01
1.292107642999999939e+01
1.292107642999999939e+01
1.292107642999999939e+01
1.292187651000000059e+01
1.292267659000000002e+01
1.292267659000000002e+01
1.292267659000000002e+01
1.292267659000000002e+01
1.292347666999999944e+01
1.292427675000000065e+01
1.292427675000000065e+01
1.292507683000000007e+01
1.292587690999999950e+01
1.292667699000000070e+01
1.292747707000000013e+01
1.292747707000000013e+01
1.292747707000000013e+01
1.292827714999999955e+01
1.292907723000000075e+01
1.292987731000000018e+01
1.292987731000000018e+01
1.293067738999999960e+01
1.293067738999999960e+01
1.293147747000000081e+01
1.293227755000000023e+01
1.293307762999999966e+01
1.293387771000000086e+01
1.293467779000000029e+01
1.293547786999999971e+01
1.293627794999999914e+01
1.293707803000000034e+01
1.293707803000000034e+01
1.291147546999999918e+01
1.291227555000000038e+01
1.291307562999999980e+01
1.291387570999999923e+01
1.291467579000000043e+01
1.291547586999999986e+01
1.291547586999999986e+01
1.291547586999999986e+01
1.291547586999999986e+01
1.291547586999999986e+01
1.291627594999999928e+01
1.291627594999999928e+01
1.291627594999999928e+01
1.291707603000000049e+01
1.291707603000000049e+01
1.291707603000000049e+01
1.291787610999999991e+01
1.291787610999999991e+01
1.291867618999999934e+01
1.291947627000000054e+01
1.292027634999999997e+01
1.292107642999999939e+01
1.292107642999999939e+01
1.292107642999999939e+01
1.292187651000000059e+01
1.292267659000000002e+01
1.292267659000000002e+01
1.292267659000000002e+01
1.292267659000000002e+01
1.292347666999999944e+01
1.292427675000000065e+01
1.292427675000000065e+01
1.292507683000000007e+01
1.292587690999999950e+01
1.292667699000000070e+01
1.292747707000000013e+01
1.292747707000000013e+01
1.292747707000000013e+01
1.292827714999999955e+01
1.292907723000000075e+01
1.292987731000000018e+01
1.292987731000000018e+01
1.293067738999999960e+01
1.293067738999999960e+01
1.293147747000000081e+01
1.293227755000000023e+01
1.293307762999999966e+01
1.293387771000000086e+01
1.293467779000000029e+01
1.293547786999999971e+01
1.293627794999999914e+01
1.293707803000000034e+01
1.293707803000000034e+01
1.293787810999999977e+01
1.293867818999999919e+01
1.293947827000000039e+01
1.294027834999999982e+01
1.294107842999999924e+01
1.294187851000000045e+01
1.294187851000000045e+01
1.294187851000000045e+01
1.294187851000000045e+01
1.294267858999999987e+01
1.294347866999999930e+01
1.294347866999999930e+01
1.294427875000000050e+01
1.294507882999999993e+01
1.294587890999999935e+01
1.294667899000000055e+01
1.294747906999999998e+01
1.294827914999999940e+01
1.294907923000000061e+01
1.294987931000000003e+01
1.294987931000000003e+01
1.295067938999999946e+01
1.295147947000000066e+01
1.295227955000000009e+01
1.295307962999999951e+01
1.295387971000000071e+01
1.295467979000000014e+01
1.295547986999999956e+01
1.295627995000000077e+01
1.295708003000000019e+01
1.295788010999999962e+01
1.295868019000000082e+01
1.295948027000000025e+01
1.296028034999999967e+01
1.296108043000000087e+01
1.296188051000000030e+01
1.296268058999999973e+01
1.296348066999999915e+01
1.296428075000000035e+01
1.296508082999999978e+01
1.296508082999999978e+01
1.296508082999999978e+01
1.296508082999999978e+01
1.296508082999999978e+01
1.296508082999999978e+01
1.296588090999999920e+01
1.296668099000000041e+01
1.296668099000000041e+01
1.296668099000000041e+01
1.295948027000000025e+01
1.296028034999999967e+01
1.296028034999999967e+01
1.296108043000000087e+01
1.296188051000000030e+01
1.296188051000000030e+01
1.296188051000000030e+01
1.296268058999999973e+01
1.296268058999999973e+01
1.296348066999999915e+01
1.296348066999999915e+01
1.296348066999999915e+01
1.296348066999999915e+01
1.296428075000000035e+01
1.296508082999999978e+01
1.296508082999999978e+01
1.296588090999999920e+01
1.296588090999999920e+01
1.296668099000000041e+01
1.296748106999999983e+01
1.296748106999999983e+01
1.296748106999999983e+01
1.296748106999999983e+01
1.296828114999999926e+01
1.296908123000000046e+01
1.296908123000000046e+01
1.296988130999999989e+01
1.297068138999999931e+01
1.297068138999999931e+01
1.297068138999999931e+01
1.297148147000000051e+01
1.297228154999999994e+01
1.297308162999999936e+01
1.297308162999999936e+01
1.297388171000000057e+01
1.295307962999999951e+01
1.295387971000000071e+01
1.295467979000000014e+01
1.295547986999999956e+01
1.295627995000000077e+01
1.295708003000000019e+01
1.295788010999999962e+01
1.295868019000000082e+01
1.295948027000000025e+01
1.296028034999999967e+01
1.296108043000000087e+01
1.296188051000000030e+01
1.296268058999999973e+01
1.296348066999999915e+01
1.296428075000000035e+01
1.296508082999999978e+01
1.296508082999999978e+01
1.296508082999999978e+01
1.296508082999999978e+01
1.296508082999999978e+01
1.296508082999999978e+01
1.296588090999999920e+01
1.296668099000000041e+01
1.296668099000000041e+01
1.296668099000000041e+01
1.296668099000000041e+01
1.296668099000000041e+01
1.296748106999999983e+01
1.296828114999999926e+01
1.296908123000000046e+01
1.296988130999999989e+01
1.297068138999999931e+01
1.297068138999999931e+01
1.297068138999999931e+01
1.297148147000000051e+01
1.297228154999999994e+01
1.297308162999999936e+01
1.297388171000000057e+01
1.297388171000000057e+01
1.297388171000000057e+01
1.297468178999999999e+01
1.297548186999999942e+01
1.297548186999999942e+01
1.297628195000000062e+01
1.297708203000000005e+01
1.297788210999999947e+01
1.297788210999999947e+01
1.297868219000000067e+01
1.297948227000000010e+01
1.298028234999999952e+01
1.298108243000000073e+01
1.296748106999999983e+01
1.296748106999999983e+01
1.296828114999999926e+01
1.296908123000000046e+01
1.296908123000000046e+01
1.296988130999999989e+01
1.297068138999999931e+01
1.297068138999999931e+01
1.297068138999999931e+01
1.297148147000000051e+01
1.297228154999999994e+01
1.297308162999999936e+01
1.297308162999999936e+01
1.297388171000000057e+01
1.297388171000000057e+01
1.297468178999999999e+01
1.297548186999999942e+01
1.297628195000000062e+01
1.297708203000000005e+01
1.297788210999999947e+01
1.297868219000000067e+01
1.297948227000000010e+01
1.298028234999999952e+01
1.298108243000000073e+01
1.298188251000000015e+01
1.298268258999999958e+01
1.298268258999999958e+01
1.298268258999999958e+01
1.298268258999999958e+01
1.298268258999999958e+01
1.298348267000000078e+01
1.298428275000000021e+01
1.298508282999999963e+01
1.298588291000000083e+01
1.298668299000000026e+01
1.298668299000000026e+01
1.298668299000000026e+01
1.298748306999999969e+01
1.298748306999999969e+01
1.298748306999999969e+01
1.296108043000000087e+01
1.296188051000000030e+01
1.296268058999999973e+01
1.296348066999999915e+01
1.296428075000000035e+01
1.296508082999999978e+01
1.296508082999999978e+01
1.296508082999999978e+01
1.296508082999999978e+01
1.296508082999999978e+01
1.296508082999999978e+01
1.296588090999999920e+01
1.296668099000000041e+01
1.296668099000000041e+01
1.296668099000000041e+01
1.296668099000000041e+01
1.296668099000000041e+01
1.296748106999999983e+01
1.296828114999999926e+01
1.296908123000000046e+01
1.296988130999999989e+01
1.297068138999999931e+01
1.297068138999999931e+01
1.297068138999999931e+01
1.297148147000000051e+01
1.297228154999999994e+01
1.297308162999999936e+01
1.297388171000000057e+01
1.297388171000000057e+01
1.297388171000000057e+01
1.297468178999999999e+01
1.297548186999999942e+01
1.297548186999999942e+01
1.297628195000000062e+01
1.297708203000000005e+01
1.297788210999999947e+01
1.297788210999999947e+01
1.297868219000000067e+01
1.297948227000000010e+01
1.298028234999999952e+01
1.298108243000000073e+01
1.298108243000000073e+01
1.298108243000000073e+01
1.298108243000000073e+01
1.298108243000000073e+01
1.298188251000000015e+01
1.298268258999999958e+01
1.298348267000000078e+01
1.298428275000000021e+01
1.298428275000000021e+01
1.298508282999999963e+01
1.298508282999999963e+01
1.298588291000000083e+01
1.297148147000000051e+01
1.297228154999999994e+01
1.297308162999999936e+01
1.297308162999999936e+01
1.297388171000000057e+01
1.297388171000000057e+01
1.297468178999999999e+01
1.297548186999999942e+01
1.297628195000000062e+01
1.297708203000000005e+01
1.297788210999999947e+01
1.297868219000000067e+01
1.297948227000000010e+01
1.298028234999999952e+01
1.298108243000000073e+01
1.298188251000000015e+01
1.298268258999999958e+01
1.298268258999999958e+01
1.298268258999999958e+01
1.298268258999999958e+01
1.298268258999999958e+01
1.298348267000000078e+01
1.298428275000000021e+01
1.298508282999999963e+01
1.298588291000000083e+01
1.298668299000000026e+01
1.298668299000000026e+01
1.298668299000000026e+01
1.298748306999999969e+01
1.298748306999999969e+01
1.298748306999999969e+01
1.298828315000000089e+01
1.298908323000000031e+01
1.298988330999999974e+01
1.299068338999999916e+01
1.299148347000000037e+01
1.299148347000000037e+01
1.299148347000000037e+01
1.299228354999999979e+01
1.299308362999999922e+01
1.299308362999999922e+01
1.297788210999999947e+01
1.297788210999999947e+01
1.297868219000000067e+01
1.297948227000000010e+01
1.298028234999999952e+01
1.298108243000000073e+01
1.298108243000000073e+01
1.298108243000000073e+01
1.298108243000000073e+01
1.298108243000000073e+01
1.298188251000000015e+01
1.298268258999999958e+01
1.298348267000000078e+01
1.298428275000000021e+01
1.298428275000000021e+01
1.298508282999999963e+01
1.298508282999999963e+01
1.298588291000000083e+01
1.298588291000000083e+01
1.298588291000000083e+01
1.298668299000000026e+01
1.298748306999999969e+01
1.298828315000000089e+01
1.298828315000000089e+01
1.298828315000000089e+01
1.298908323000000031e+01
1.298988330999999974e+01
1.299068338999999916e+01
1.299148347000000037e+01
1.299228354999999979e+01
1.299228354999999979e+01
1.299308362999999922e+01
1.299308362999999922e+01
1.299388371000000042e+01
1.299468378999999985e+01
1.299548386999999927e+01
1.299628395000000047e+01
1.299708402999999990e+01
1.299788410999999932e+01
1.299868419000000053e+01
1.299948426999999995e+01
1.300028434999999938e+01
1.300028434999999938e+01
1.300028434999999938e+01
1.300108443000000058e+01
1.300108443000000058e+01
1.300188451000000001e+01
1.300188451000000001e+01
1.300268458999999943e+01
1.300268458999999943e+01
1.300268458999999943e+01
1.300348467000000063e+01
1.299148347000000037e+01
1.299228354999999979e+01
1.299308362999999922e+01
1.299308362999999922e+01
1.299388371000000042e+01
1.299468378999999985e+01
1.299548386999999927e+01
1.299628395000000047e+01
1.299708402999999990e+01
1.299708402999999990e+01
1.299788410999999932e+01
1.299868419000000053e+01
1.299948426999999995e+01
1.300028434999999938e+01
1.300108443000000058e+01
1.300188451000000001e+01
1.300268458999999943e+01
1.300268458999999943e+01
1.300268458999999943e+01
1.300348467000000063e+01
1.300348467000000063e+01
1.300428475000000006e+01
1.300508482999999949e+01
1.300588491000000069e+01
1.300668499000000011e+01
1.300748506999999954e+01
1.300828515000000074e+01
1.300908523000000017e+01
1.300908523000000017e+01
1.300908523000000017e+01
1.300908523000000017e+01
1.300908523000000017e+01
1.300908523000000017e+01
1.300908523000000017e+01
1.300988530999999959e+01
1.302428674999999991e+01
1.302508682999999934e+01
1.302588691000000054e+01
1.302588691000000054e+01
1.302588691000000054e+01
1.302588691000000054e+01
1.302668698999999997e+01
1.302748706999999939e+01
1.302828715000000059e+01
1.302908723000000002e+01
1.302988730999999945e+01
1.303068739000000065e+01
1.303148747000000007e+01
1.303148747000000007e+01
1.303148747000000007e+01
1.303228754999999950e+01
1.303228754999999950e+01
1.303308763000000070e+01
1.303388771000000013e+01
1.303468778999999955e+01
1.303548787000000075e+01
1.303548787000000075e+01
1.303628795000000018e+01
1.303708802999999961e+01
1.303708802999999961e+01
1.303788811000000081e+01
1.303868819000000023e+01
1.303948826999999966e+01
1.304028835000000086e+01
1.304108843000000029e+01
1.304108843000000029e+01
1.304188850999999971e+01
1.304268858999999914e+01
1.304348867000000034e+01
1.304348867000000034e+01
1.304348867000000034e+01
1.304428874999999977e+01
1.304508882999999919e+01
1.304588891000000039e+01
1.304668898999999982e+01
1.304748906999999924e+01
1.304748906999999924e+01
1.304748906999999924e+01
1.304828915000000045e+01
1.304828915000000045e+01
1.304908922999999987e+01
1.304988930999999930e+01
1.305068939000000050e+01
1.305148946999999993e+01
1.304748906999999924e+01
1.304988930999999930e+01
1.304988930999999930e+01
1.304988930999999930e+01
1.305068939000000050e+01
1.305148946999999993e+01
1.305228954999999935e+01
1.305228954999999935e+01
1.305308963000000055e+01
1.305388970999999998e+01
1.304748906999999924e+01
1.304748906999999924e+01
1.304828915000000045e+01
1.304828915000000045e+01
1.304908922999999987e+01
1.304988930999999930e+01
1.305068939000000050e+01
1.305148946999999993e+01
1.305228954999999935e+01
1.305308963000000055e+01
1.305388970999999998e+01
1.305468978999999941e+01
1.305468978999999941e+01
1.305548987000000061e+01
1.305628995000000003e+01
1.305709002999999946e+01
1.305709002999999946e+01
1.305709002999999946e+01
1.305709002999999946e+01
1.305789011000000066e+01
1.305869019000000009e+01
1.305949026999999951e+01
1.306029035000000071e+01
1.306109043000000014e+01
1.306189050999999957e+01
1.306269059000000077e+01
1.306349067000000019e+01
1.306429074999999962e+01
1.306429074999999962e+01
1.306509083000000082e+01
1.306589091000000025e+01
1.306669098999999967e+01
1.306669098999999967e+01
1.306749107000000087e+01
1.306749107000000087e+01
1.306749107000000087e+01
1.306749107000000087e+01
1.306749107000000087e+01
1.306749107000000087e+01
1.306829115000000030e+01
1.306829115000000030e+01
1.306829115000000030e+01
1.306909122999999973e+01
1.306989130999999915e+01
1.307069139000000035e+01
1.307149146999999978e+01
1.307229154999999921e+01
1.306349067000000019e+01
1.306429074999999962e+01
1.306429074999999962e+01
1.306509083000000082e+01
1.306589091000000025e+01
1.306669098999999967e+01
1.306669098999999967e+01
1.306749107000000087e+01
1.306749107000000087e+01
1.306749107000000087e+01
1.306749107000000087e+01
1.306749107000000087e+01
1.306749107000000087e+01
1.306829115000000030e+01
1.306829115000000030e+01
1.306829115000000030e+01
1.306909122999999973e+01
1.306989130999999915e+01
1.307069139000000035e+01
1.307149146999999978e+01
1.307229154999999921e+01
1.307309163000000041e+01
1.307389170999999983e+01
1.307389170999999983e+01
1.307389170999999983e+01
1.307469178999999926e+01
1.307469178999999926e+01
1.307549187000000046e+01
1.307629194999999989e+01
1.307709202999999931e+01
1.307789211000000051e+01
1.307789211000000051e+01
1.307869218999999994e+01
1.307869218999999994e+01
1.307949226999999937e+01
1.308029235000000057e+01
1.308029235000000057e+01
1.308029235000000057e+01
1.308109242999999999e+01
1.308109242999999999e+01
1.308189250999999942e+01
1.308269259000000062e+01
1.308349267000000005e+01
1.308349267000000005e+01
1.308429274999999947e+01
1.308509283000000067e+01
1.308589291000000010e+01
1.307949226999999937e+01
1.307949226999999937e+01
1.307949226999999937e+01
1.307949226999999937e+01
1.308029235000000057e+01
1.308109242999999999e+01
1.308109242999999999e+01
1.308189250999999942e+01
1.308269259000000062e+01
1.308349267000000005e+01
1.308429274999999947e+01
1.308509283000000067e+01
1.308589291000000010e+01
1.308589291000000010e+01
1.308669298999999953e+01
1.308749307000000073e+01
1.308749307000000073e+01
1.307549187000000046e+01
1.307629194999999989e+01
1.307709202999999931e+01
1.307789211000000051e+01
1.307789211000000051e+01
1.307869218999999994e+01
1.307869218999999994e+01
1.307949226999999937e+01
1.308029235000000057e+01
1.308029235000000057e+01
1.308029235000000057e+01
1.308109242999999999e+01
1.308109242999999999e+01
1.308189250999999942e+01
1.308269259000000062e+01
1.308349267000000005e+01
1.308349267000000005e+01
1.308429274999999947e+01
1.308509283000000067e+01
1.308589291000000010e+01
1.308669298999999953e+01
1.308749307000000073e+01
1.308749307000000073e+01
1.308829315000000015e+01
1.308909322999999958e+01
1.308909322999999958e+01
1.308909322999999958e+01
1.308989331000000078e+01
1.309069339000000021e+01
1.309069339000000021e+01
1.309149346999999963e+01
1.309229355000000083e+01
1.309309363000000026e+01
1.309309363000000026e+01
1.309389370999999969e+01
1.309469379000000089e+01
1.309549387000000031e+01
1.309629394999999974e+01
1.309709402999999917e+01
1.309709402999999917e+01
1.309789411000000037e+01
1.309869418999999979e+01
1.309949426999999922e+01
1.309949426999999922e+01
1.310029435000000042e+01
1.310109442999999985e+01
1.308989331000000078e+01
1.309069339000000021e+01
1.309149346999999963e+01
1.309229355000000083e+01
1.309309363000000026e+01
1.309309363000000026e+01
1.309389370999999969e+01
1.309469379000000089e+01
1.309549387000000031e+01
1.309549387000000031e+01
1.309549387000000031e+01
1.309549387000000031e+01
1.309629394999999974e+01
1.309709402999999917e+01
1.309789411000000037e+01
1.309869418999999979e+01
1.309949426999999922e+01
1.309949426999999922e+01
1.309949426999999922e+01
1.310029435000000042e+01
1.310109442999999985e+01
1.310189450999999927e+01
1.310269459000000047e+01
1.310269459000000047e+01
1.310349466999999990e+01
1.310429474999999933e+01
1.310509483000000053e+01
1.311389570999999954e+01
1.311389570999999954e+01
1.311389570999999954e+01
1.311389570999999954e+01
1.311469579000000074e+01
1.311549587000000017e+01
1.311629594999999959e+01
1.311709603000000079e+01
1.311789611000000022e+01
1.311869618999999965e+01
1.311949627000000085e+01
1.312029635000000027e+01
1.312029635000000027e+01
1.312029635000000027e+01
1.312109642999999970e+01
1.312109642999999970e+01
1.312189650999999913e+01
1.312269659000000033e+01
1.312349666999999975e+01
1.312349666999999975e+01
1.312429674999999918e+01
1.312509683000000038e+01
1.312509683000000038e+01
1.312589690999999981e+01
1.312669698999999923e+01
1.312749707000000043e+01
1.312829714999999986e+01
1.312909722999999929e+01
1.312989731000000049e+01
1.313069738999999991e+01
1.313149746999999934e+01
1.313229755000000054e+01
1.313229755000000054e+01
1.313229755000000054e+01
1.313229755000000054e+01
1.313309762999999997e+01
1.313389770999999939e+01
1.313469779000000059e+01
1.313549787000000002e+01
1.313629794999999945e+01
1.313709803000000065e+01
1.313709803000000065e+01
1.313709803000000065e+01
1.313789811000000007e+01
1.313869818999999950e+01
1.312589690999999981e+01
1.312669698999999923e+01
1.312749707000000043e+01
1.312829714999999986e+01
1.312909722999999929e+01
1.312989731000000049e+01
1.313069738999999991e+01
1.313149746999999934e+01
1.313229755000000054e+01
1.313309762999999997e+01
1.313389770999999939e+01
1.313389770999999939e+01
1.313469779000000059e+01
1.313469779000000059e+01
1.313549787000000002e+01
1.313629794999999945e+01
1.313629794999999945e+01
1.313629794999999945e+01
1.313629794999999945e+01
1.313709803000000065e+01
1.313789811000000007e+01
1.313869818999999950e+01
1.313949827000000070e+01
1.314029835000000013e+01
1.314029835000000013e+01
1.314109842999999955e+01
1.314109842999999955e+01
1.314109842999999955e+01
1.314109842999999955e+01
1.314189851000000075e+01
1.314269859000000018e+01
1.314269859000000018e+01
1.314349866999999961e+01
1.314429875000000081e+01
1.314509883000000023e+01
1.314509883000000023e+01
1.314589890999999966e+01
1.314669899000000086e+01
1.314749907000000029e+01
1.313949827000000070e+01
1.313949827000000070e+01
1.314029835000000013e+01
1.314109842999999955e+01
1.314189851000000075e+01
1.314269859000000018e+01
1.314349866999999961e+01
1.314429875000000081e+01
1.314509883000000023e+01
1.314509883000000023e+01
1.314589890999999966e+01
1.314589890999999966e+01
1.314589890999999966e+01
1.314589890999999966e+01
1.314669899000000086e+01
1.314669899000000086e+01
1.314669899000000086e+01
1.314749907000000029e+01
1.314829914999999971e+01
1.314909922999999914e+01
1.314989931000000034e+01
1.314989931000000034e+01
1.315069938999999977e+01
1.315149946999999919e+01
1.315149946999999919e+01
1.315229955000000039e+01
1.315309962999999982e+01
1.315389970999999925e+01
1.315469979000000045e+01
1.315549986999999987e+01
1.315549986999999987e+01
1.315549986999999987e+01
1.315549986999999987e+01
1.315629994999999930e+01
1.315629994999999930e+01
1.315710003000000050e+01
1.315790010999999993e+01
1.315790010999999993e+01
1.315870018999999935e+01
1.315950027000000055e+01
1.316030034999999998e+01
1.316030034999999998e+01
1.316110042999999941e+01
1.316110042999999941e+01
1.316190051000000061e+01
1.316190051000000061e+01
1.316270059000000003e+01
1.316270059000000003e+01
1.316270059000000003e+01
1.316350066999999946e+01
1.316350066999999946e+01
1.316350066999999946e+01
1.316430075000000066e+01
1.316510083000000009e+01
1.316590090999999951e+01
1.316670099000000071e+01
1.316750107000000014e+01
1.316830114999999957e+01
1.316910123000000077e+01
1.316990131000000019e+01
1.317070138999999962e+01
1.317070138999999962e+01
1.317150147000000082e+01
1.317150147000000082e+01
1.317230155000000025e+01
1.317310162999999967e+01
1.317390171000000088e+01
1.317390171000000088e+01
1.317470179000000030e+01
1.317550186999999973e+01
1.317630194999999915e+01
1.317710203000000035e+01
1.317710203000000035e+01
1.317710203000000035e+01
1.317790210999999978e+01
1.317870218999999921e+01
1.317870218999999921e+01
1.317870218999999921e+01
1.317870218999999921e+01
1.317950227000000041e+01
1.318030234999999983e+01
1.318110242999999926e+01
1.318190251000000046e+01
1.318270258999999989e+01
1.318270258999999989e+01
1.318350266999999931e+01
1.318430275000000051e+01
1.318510282999999994e+01
1.318510282999999994e+01
1.318590290999999937e+01
1.318590290999999937e+01
1.318670299000000057e+01
1.318750306999999999e+01
1.318750306999999999e+01
1.318830314999999942e+01
1.318830314999999942e+01
1.318830314999999942e+01
1.318830314999999942e+01
1.318830314999999942e+01
1.317710203000000035e+01
1.317790210999999978e+01
1.317870218999999921e+01
1.317870218999999921e+01
1.317870218999999921e+01
1.317870218999999921e+01
1.317950227000000041e+01
1.318030234999999983e+01
1.318110242999999926e+01
1.318190251000000046e+01
1.318270258999999989e+01
1.318270258999999989e+01
1.318350266999999931e+01
1.318430275000000051e+01
1.318510282999999994e+01
1.318510282999999994e+01
1.318590290999999937e+01
1.318590290999999937e+01
1.318670299000000057e+01
1.318750306999999999e+01
1.318750306999999999e+01
1.318830314999999942e+01
1.318830314999999942e+01
1.318830314999999942e+01
1.318830314999999942e+01
1.318830314999999942e+01
1.318910323000000062e+01
1.318990331000000005e+01
1.318990331000000005e+01
1.319070338999999947e+01
1.319150347000000068e+01
1.319230355000000010e+01
1.319310362999999953e+01
1.319390371000000073e+01
1.319470379000000015e+01
1.319470379000000015e+01
1.319470379000000015e+01
1.319550386999999958e+01
1.319630395000000078e+01
1.319710403000000021e+01
1.319790410999999963e+01
1.319870419000000084e+01
1.319950427000000026e+01
1.319950427000000026e+01
1.319950427000000026e+01
1.320030434999999969e+01
1.320110442999999911e+01
1.320190451000000031e+01
1.320190451000000031e+01
1.320270458999999974e+01
1.319630395000000078e+01
1.319630395000000078e+01
1.319630395000000078e+01
1.319630395000000078e+01
1.319710403000000021e+01
1.319790410999999963e+01
1.319790410999999963e+01
1.319870419000000084e+01
1.319950427000000026e+01
1.320030434999999969e+01
1.320110442999999911e+01
1.320110442999999911e+01
1.320190451000000031e+01
1.320190451000000031e+01
1.320190451000000031e+01
1.320270458999999974e+01
1.320350466999999917e+01
1.320430475000000037e+01
1.320510482999999979e+01
1.320590490999999922e+01
1.320670499000000042e+01
