1.295947746999999950e+01
1.296027755000000070e+01
1.296027755000000070e+01
1.296107763000000013e+01
1.296187770999999955e+01
1.296267779000000075e+01
1.296267779000000075e+01
1.296267779000000075e+01
1.296347787000000018e+01
1.296427794999999961e+01
1.296507803000000081e+01
1.296587811000000023e+01
1.296587811000000023e+01
1.296587811000000023e+01
1.296587811000000023e+01
1.296667818999999966e+01
1.296747827000000086e+01
1.296827835000000029e+01
1.296907842999999971e+01
1.296987850999999914e+01
1.296987850999999914e+01
1.297067859000000034e+01
1.297147866999999977e+01
1.297227874999999919e+01
1.297307883000000039e+01
1.297387890999999982e+01
1.297467898999999925e+01
1.297547907000000045e+01
1.297547907000000045e+01
1.297627914999999987e+01
1.297627914999999987e+01
1.297707922999999930e+01
1.297787931000000050e+01
1.297867938999999993e+01
1.297947946999999935e+01
1.298027955000000055e+01
1.298027955000000055e+01
1.298027955000000055e+01
1.298027955000000055e+01
1.298027955000000055e+01
1.298107962999999998e+01
1.298187970999999941e+01
1.298187970999999941e+01
1.298187970999999941e+01
1.296587811000000023e+01
1.296587811000000023e+01
1.296587811000000023e+01
1.296587811000000023e+01
1.296667818999999966e+01
1.296747827000000086e+01
1.296827835000000029e+01
1.296907842999999971e+01
1.296987850999999914e+01
1.296987850999999914e+01
1.297067859000000034e+01
1.297147866999999977e+01
1.297227874999999919e+01
1.297307883000000039e+01
1.297387890999999982e+01
1.297467898999999925e+01
1.297547907000000045e+01
1.297547907000000045e+01
1.297627914999999987e+01
1.297627914999999987e+01
1.297707922999999930e+01
1.297787931000000050e+01
1.297867938999999993e+01
1.297947946999999935e+01
1.298027955000000055e+01
1.298027955000000055e+01
1.298027955000000055e+01
1.298027955000000055e+01
1.298027955000000055e+01
1.298107962999999998e+01
1.298187970999999941e+01
1.298187970999999941e+01
1.298187970999999941e+01
1.298267979000000061e+01
1.298347987000000003e+01
1.298427994999999946e+01
1.298508003000000066e+01
1.298588011000000009e+01
1.298588011000000009e+01
1.299068059000000019e+01
1.299068059000000019e+01
1.299068059000000019e+01
1.299068059000000019e+01
1.299148066999999962e+01
1.299228075000000082e+01
1.299308083000000025e+01
1.299388090999999967e+01
1.299468099000000088e+01
1.298668018999999951e+01
1.298748027000000071e+01
1.298828035000000014e+01
1.298908042999999957e+01
1.298988051000000077e+01
1.299068059000000019e+01
1.299148066999999962e+01
1.299148066999999962e+01
1.299228075000000082e+01
1.299308083000000025e+01
1.299388090999999967e+01
1.299388090999999967e+01
1.299468099000000088e+01
1.299548107000000030e+01
1.299628114999999973e+01
1.299628114999999973e+01
1.299708122999999915e+01
1.299708122999999915e+01
1.299788131000000035e+01
1.299868138999999978e+01
1.299868138999999978e+01
1.299948146999999921e+01
1.300028155000000041e+01
1.300028155000000041e+01
1.300108162999999983e+01
1.300188170999999926e+01
1.300268179000000046e+01
1.300268179000000046e+01
1.300348186999999989e+01
1.300428194999999931e+01
1.300508203000000051e+01
1.300508203000000051e+01
1.300588210999999994e+01
1.300588210999999994e+01
1.300588210999999994e+01
1.300588210999999994e+01
1.300588210999999994e+01
1.300668218999999937e+01
1.300668218999999937e+01
1.300748227000000057e+01
1.300828234999999999e+01
1.301628314999999958e+01
1.301628314999999958e+01
1.301628314999999958e+01
1.301628314999999958e+01
1.301708323000000078e+01
1.301788331000000021e+01
1.301788331000000021e+01
1.301788331000000021e+01
1.301868338999999963e+01
1.301948347000000084e+01
1.301948347000000084e+01
1.301948347000000084e+01
1.301948347000000084e+01
1.301948347000000084e+01
1.302028355000000026e+01
1.302108362999999969e+01
1.302108362999999969e+01
1.302188370999999911e+01
1.302268379000000031e+01
1.302348386999999974e+01
1.302428394999999917e+01
1.302428394999999917e+01
1.302508403000000037e+01
1.302588410999999979e+01
1.302668418999999922e+01
1.302668418999999922e+01
1.302668418999999922e+01
1.302748427000000042e+01
1.302748427000000042e+01
1.302748427000000042e+01
1.302828434999999985e+01
1.302908442999999927e+01
1.302988451000000047e+01
1.303068458999999990e+01
1.303148466999999933e+01
1.303148466999999933e+01
1.303068458999999990e+01
1.303148466999999933e+01
1.303148466999999933e+01
1.303148466999999933e+01
1.303148466999999933e+01
1.303148466999999933e+01
1.303228475000000053e+01
1.303308482999999995e+01
1.303308482999999995e+01
1.303308482999999995e+01
1.303308482999999995e+01
1.303388490999999938e+01
1.303388490999999938e+01
1.303468499000000058e+01
1.303548507000000001e+01
1.303628514999999943e+01
1.303708523000000064e+01
1.303788531000000006e+01
1.303868538999999949e+01
1.303948547000000069e+01
1.304028555000000011e+01
1.304108562999999954e+01
1.304188571000000074e+01
1.304268579000000017e+01
1.304348586999999959e+01
1.304428595000000080e+01
1.304428595000000080e+01
1.304428595000000080e+01
1.304508603000000022e+01
1.304588610999999965e+01
1.304588610999999965e+01
1.304588610999999965e+01
1.304588610999999965e+01
1.304588610999999965e+01
1.304668619000000085e+01
1.304748627000000027e+01
1.304828634999999970e+01
1.304828634999999970e+01
1.304828634999999970e+01
1.304828634999999970e+01
1.304828634999999970e+01
1.304908642999999913e+01
1.304668619000000085e+01
1.304748627000000027e+01
1.304828634999999970e+01
1.304828634999999970e+01
1.304828634999999970e+01
1.304828634999999970e+01
1.304828634999999970e+01
1.304908642999999913e+01
1.304988651000000033e+01
1.305068658999999975e+01
1.305148666999999918e+01
1.305228675000000038e+01
1.305308682999999981e+01
1.305388690999999923e+01
1.305468699000000043e+01
1.305468699000000043e+01
1.305468699000000043e+01
1.305548706999999986e+01
1.305548706999999986e+01
1.305628714999999929e+01
1.305628714999999929e+01
1.305708723000000049e+01
1.305788730999999991e+01
1.305868738999999934e+01
1.305948747000000054e+01
1.306028754999999997e+01
1.306108762999999939e+01
1.306188771000000060e+01
1.306268779000000002e+01
1.306348786999999945e+01
1.306428795000000065e+01
1.306508803000000007e+01
1.306588810999999950e+01
1.306668819000000070e+01
1.306748827000000013e+01
1.306748827000000013e+01
1.306748827000000013e+01
1.309789130999999962e+01
1.309789130999999962e+01
1.309789130999999962e+01
1.309869139000000082e+01
1.309949147000000025e+01
1.309949147000000025e+01
1.310029154999999967e+01
1.310029154999999967e+01
1.310109163000000088e+01
1.310189171000000030e+01
1.310189171000000030e+01
1.310269178999999973e+01
1.310349186999999915e+01
1.310429195000000036e+01
1.310509202999999978e+01
1.310589210999999921e+01
1.310669219000000041e+01
1.310669219000000041e+01
1.310669219000000041e+01
1.310669219000000041e+01
1.310669219000000041e+01
1.310669219000000041e+01
1.310749226999999983e+01
1.311549306999999942e+01
1.311549306999999942e+01
1.311549306999999942e+01
1.311629315000000062e+01
1.311629315000000062e+01
1.311629315000000062e+01
1.311629315000000062e+01
1.311629315000000062e+01
1.311709323000000005e+01
1.311789330999999947e+01
1.311869339000000068e+01
1.311949347000000010e+01
1.312029354999999953e+01
1.312109363000000073e+01
1.312189371000000015e+01
1.312189371000000015e+01
1.312269378999999958e+01
1.312269378999999958e+01
1.312269378999999958e+01
1.312269378999999958e+01
1.312269378999999958e+01
1.312269378999999958e+01
1.312349387000000078e+01
1.312429395000000021e+01
1.312509402999999963e+01
1.312589411000000084e+01
1.312589411000000084e+01
1.312589411000000084e+01
1.312669419000000026e+01
1.312749426999999969e+01
1.312829434999999911e+01
1.312909443000000032e+01
1.312989450999999974e+01
1.313069458999999917e+01
1.313069458999999917e+01
1.313149467000000037e+01
1.313229474999999979e+01
1.313229474999999979e+01
1.313229474999999979e+01
1.313309482999999922e+01
1.313389491000000042e+01
1.313229474999999979e+01
1.313229474999999979e+01
1.313229474999999979e+01
1.313309482999999922e+01
1.313389491000000042e+01
1.313389491000000042e+01
1.313469498999999985e+01
1.313469498999999985e+01
1.313469498999999985e+01
1.313469498999999985e+01
1.313469498999999985e+01
1.313469498999999985e+01
1.313549506999999927e+01
1.313549506999999927e+01
1.313549506999999927e+01
1.313629515000000048e+01
1.313709522999999990e+01
1.313789530999999933e+01
1.313869539000000053e+01
1.313949546999999995e+01
1.314029554999999938e+01
1.314109563000000058e+01
1.314109563000000058e+01
1.314189571000000001e+01
1.314269578999999943e+01
1.314269578999999943e+01
1.314349587000000064e+01
1.314429595000000006e+01
1.314509602999999949e+01
1.314509602999999949e+01
1.314509602999999949e+01
1.314509602999999949e+01
1.314589611000000069e+01
1.313229474999999979e+01
1.313229474999999979e+01
1.313229474999999979e+01
1.313309482999999922e+01
1.313389491000000042e+01
1.313389491000000042e+01
1.313469498999999985e+01
1.313469498999999985e+01
1.313469498999999985e+01
1.313469498999999985e+01
1.313469498999999985e+01
1.313469498999999985e+01
1.313549506999999927e+01
1.313549506999999927e+01
1.313549506999999927e+01
1.313629515000000048e+01
1.313709522999999990e+01
1.313789530999999933e+01
1.313869539000000053e+01
1.313949546999999995e+01
1.314029554999999938e+01
1.314109563000000058e+01
1.314109563000000058e+01
1.314189571000000001e+01
1.314269578999999943e+01
1.314269578999999943e+01
1.314349587000000064e+01
1.314429595000000006e+01
1.314509602999999949e+01
1.314509602999999949e+01
1.314509602999999949e+01
1.314509602999999949e+01
1.314589611000000069e+01
1.319150066999999993e+01
1.319230074999999935e+01
1.319310083000000056e+01
1.319390090999999998e+01
1.319390090999999998e+01
1.319390090999999998e+01
1.319470098999999941e+01
1.319550107000000061e+01
1.319550107000000061e+01
1.319630115000000004e+01
1.319710122999999946e+01
1.319710122999999946e+01
1.319710122999999946e+01
1.319790131000000066e+01
1.319870139000000009e+01
1.319950146999999951e+01
1.320030155000000072e+01
1.320030155000000072e+01
1.320110163000000014e+01
1.320190170999999957e+01
1.320270179000000077e+01
1.320350187000000020e+01
1.320430194999999962e+01
1.320430194999999962e+01
1.320430194999999962e+01
1.320510203000000082e+01
1.320590211000000025e+01
1.320670218999999967e+01
1.320670218999999967e+01
1.320670218999999967e+01
1.320670218999999967e+01
1.320670218999999967e+01
1.320750227000000088e+01
1.320830235000000030e+01
1.320910242999999973e+01
1.320990250999999915e+01
1.321070259000000036e+01
1.321790331000000052e+01
1.321790331000000052e+01
1.321870338999999994e+01
1.321870338999999994e+01
1.321870338999999994e+01
1.321870338999999994e+01
1.321950346999999937e+01
1.322030355000000057e+01
1.322110363000000000e+01
1.322190370999999942e+01
1.322270379000000062e+01
1.322350387000000005e+01
1.322430394999999947e+01
1.322510403000000068e+01
1.322510403000000068e+01
1.322510403000000068e+01
1.322590411000000010e+01
1.322670418999999953e+01
1.322750427000000073e+01
1.322830435000000016e+01
1.322910442999999958e+01
1.322990451000000078e+01
1.322990451000000078e+01
1.322990451000000078e+01
1.324510603000000053e+01
1.324590610999999996e+01
1.324590610999999996e+01
1.324590610999999996e+01
1.324590610999999996e+01
1.324590610999999996e+01
1.324590610999999996e+01
1.324590610999999996e+01
1.324670618999999938e+01
1.324750627000000058e+01
1.324830635000000001e+01
1.324910642999999943e+01
1.324990651000000064e+01
1.324990651000000064e+01
1.324990651000000064e+01
1.325070659000000006e+01
1.325070659000000006e+01
1.325150666999999949e+01
1.325230675000000069e+01
1.325310683000000012e+01
1.325630714999999960e+01
1.325630714999999960e+01
1.325710723000000080e+01
1.325790731000000022e+01
1.325870738999999965e+01
1.325870738999999965e+01
1.325870738999999965e+01
1.325950747000000085e+01
1.325950747000000085e+01
1.325950747000000085e+01
1.326030755000000028e+01
1.326110762999999970e+01
1.326190770999999913e+01
1.326190770999999913e+01
1.326190770999999913e+01
1.326190770999999913e+01
1.326270779000000033e+01
1.326270779000000033e+01
1.326270779000000033e+01
1.326270779000000033e+01
1.326270779000000033e+01
1.326270779000000033e+01
1.326350786999999976e+01
1.326430794999999918e+01
1.326510803000000038e+01
1.326590810999999981e+01
1.326590810999999981e+01
1.326670818999999923e+01
1.326750827000000044e+01
1.326750827000000044e+01
1.326750827000000044e+01
1.326830834999999986e+01
1.326910842999999929e+01
1.325870738999999965e+01
1.325870738999999965e+01
1.325870738999999965e+01
1.325950747000000085e+01
1.325950747000000085e+01
1.325950747000000085e+01
1.326030755000000028e+01
1.326110762999999970e+01
1.326190770999999913e+01
1.326190770999999913e+01
1.326190770999999913e+01
1.326190770999999913e+01
1.326270779000000033e+01
1.326270779000000033e+01
1.326270779000000033e+01
1.326270779000000033e+01
1.326270779000000033e+01
1.326270779000000033e+01
1.326350786999999976e+01
1.326430794999999918e+01
1.326510803000000038e+01
1.326590810999999981e+01
1.326590810999999981e+01
1.326670818999999923e+01
1.326750827000000044e+01
1.326750827000000044e+01
1.326750827000000044e+01
1.326830834999999986e+01
1.326910842999999929e+01
1.326990851000000049e+01
1.327070858999999992e+01
1.327150866999999934e+01
1.327230875000000054e+01
1.327310882999999997e+01
1.323390490999999969e+01
1.323470498999999911e+01
1.323470498999999911e+01
1.323550507000000032e+01
1.323550507000000032e+01
1.323630514999999974e+01
1.323710522999999917e+01
1.323790531000000037e+01
1.323790531000000037e+01
1.323870538999999980e+01
1.323950546999999922e+01
1.323950546999999922e+01
1.325310683000000012e+01
1.325310683000000012e+01
1.325310683000000012e+01
1.325310683000000012e+01
1.325390690999999954e+01
1.325470699000000074e+01
1.325470699000000074e+01
1.325470699000000074e+01
1.325550707000000017e+01
1.325630714999999960e+01
1.325710723000000080e+01
1.325790731000000022e+01
1.325790731000000022e+01
1.325870738999999965e+01
1.325870738999999965e+01
1.325950747000000085e+01
1.325950747000000085e+01
1.325950747000000085e+01
1.325950747000000085e+01
1.326030755000000028e+01
1.326030755000000028e+01
1.326110762999999970e+01
1.326190770999999913e+01
1.326270779000000033e+01
1.326350786999999976e+01
1.326350786999999976e+01
1.326350786999999976e+01
1.326350786999999976e+01
1.326350786999999976e+01
1.326430794999999918e+01
1.326510803000000038e+01
1.326590810999999981e+01
1.326590810999999981e+01
1.326590810999999981e+01
1.317149867000000008e+01
1.317229874999999950e+01
1.317309883000000070e+01
1.317389891000000013e+01
1.317469898999999955e+01
1.317549907000000076e+01
1.317629915000000018e+01
1.317629915000000018e+01
1.317629915000000018e+01
1.317709922999999961e+01
1.317789931000000081e+01
1.317789931000000081e+01
1.317869939000000024e+01
1.317949946999999966e+01
1.318029955000000086e+01
1.318109963000000029e+01
1.318189970999999971e+01
1.318269978999999914e+01
1.318349987000000034e+01
1.318429994999999977e+01
1.318429994999999977e+01
1.318429994999999977e+01
1.318429994999999977e+01
1.318429994999999977e+01
1.318510002999999919e+01
1.318590011000000040e+01
1.318670018999999982e+01
1.318670018999999982e+01
1.318750026999999925e+01
1.318830035000000045e+01
1.318910042999999988e+01
1.318990050999999930e+01
1.319070059000000050e+01
1.319150066999999993e+01
1.319230074999999935e+01
1.319310083000000056e+01
1.319390090999999998e+01
1.319390090999999998e+01
1.319390090999999998e+01
1.319470098999999941e+01
1.319550107000000061e+01
1.319550107000000061e+01
1.313229474999999979e+01
1.313309482999999922e+01
1.313389491000000042e+01
1.313389491000000042e+01
1.313469498999999985e+01
1.315229674999999965e+01
1.315229674999999965e+01
1.315309683000000085e+01
1.315389691000000028e+01
1.315389691000000028e+01
1.315389691000000028e+01
1.315389691000000028e+01
1.315469698999999970e+01
1.315469698999999970e+01
1.315549706999999913e+01
1.315629715000000033e+01
1.315709722999999975e+01
1.315709722999999975e+01
1.315789730999999918e+01
1.315869739000000038e+01
1.315949746999999981e+01
1.316029754999999923e+01
1.316109763000000044e+01
1.316189770999999986e+01
1.316269778999999929e+01
1.316349787000000049e+01
1.316429794999999991e+01
1.316509802999999934e+01
1.316589811000000054e+01
1.316669818999999997e+01
1.316749826999999939e+01
1.309069058999999946e+01
1.309149067000000066e+01
1.309149067000000066e+01
1.309229075000000009e+01
1.309309082999999951e+01
1.309389091000000072e+01
1.309469099000000014e+01
1.309549106999999957e+01
1.309629115000000077e+01
1.309709123000000019e+01
1.309789130999999962e+01
1.309789130999999962e+01
1.309789130999999962e+01
1.309789130999999962e+01
1.309789130999999962e+01
1.309869139000000082e+01
1.309949147000000025e+01
1.309949147000000025e+01
1.310029154999999967e+01
1.310029154999999967e+01
1.310109163000000088e+01
1.310189171000000030e+01
1.310189171000000030e+01
1.310269178999999973e+01
1.310349186999999915e+01
1.310429195000000036e+01
1.310509202999999978e+01
1.310589210999999921e+01
1.310669219000000041e+01
1.310669219000000041e+01
1.310669219000000041e+01
1.311309282999999937e+01
1.311309282999999937e+01
1.311309282999999937e+01
1.311389291000000057e+01
1.311389291000000057e+01
1.311469298999999999e+01
1.311549306999999942e+01
1.311629315000000062e+01
1.311709323000000005e+01
1.311789330999999947e+01
1.311789330999999947e+01
1.311869339000000068e+01
1.311949347000000010e+01
1.312029354999999953e+01
1.312109363000000073e+01
1.312189371000000015e+01
1.312189371000000015e+01
1.312269378999999958e+01
1.312349387000000078e+01
1.312349387000000078e+01
1.312429395000000021e+01
1.312509402999999963e+01
1.312589411000000084e+01
1.304028555000000011e+01
1.304108562999999954e+01
1.304188571000000074e+01
1.304268579000000017e+01
1.304348586999999959e+01
1.304428595000000080e+01
1.304428595000000080e+01
1.304428595000000080e+01
1.304508603000000022e+01
1.304588610999999965e+01
1.304588610999999965e+01
1.304588610999999965e+01
1.304588610999999965e+01
1.304588610999999965e+01
1.304668619000000085e+01
1.304748627000000027e+01
1.304828634999999970e+01
1.304828634999999970e+01
1.304828634999999970e+01
1.304828634999999970e+01
1.304828634999999970e+01
1.304908642999999913e+01
1.304988651000000033e+01
1.305068658999999975e+01
1.305148666999999918e+01
1.305228675000000038e+01
1.305308682999999981e+01
1.305388690999999923e+01
1.305468699000000043e+01
1.305468699000000043e+01
1.305468699000000043e+01
1.305548706999999986e+01
1.305548706999999986e+01
1.305628714999999929e+01
1.301788331000000021e+01
1.301788331000000021e+01
1.301788331000000021e+01
1.301868338999999963e+01
1.301948347000000084e+01
1.301948347000000084e+01
1.301948347000000084e+01
1.301948347000000084e+01
1.301948347000000084e+01
1.302028355000000026e+01
1.302108362999999969e+01
1.302108362999999969e+01
1.302188370999999911e+01
1.302268379000000031e+01
1.302348386999999974e+01
1.302428394999999917e+01
1.302428394999999917e+01
1.302508403000000037e+01
1.302588410999999979e+01
1.302668418999999922e+01
1.302668418999999922e+01
1.302668418999999922e+01
1.302748427000000042e+01
1.302748427000000042e+01
1.302748427000000042e+01
1.302828434999999985e+01
1.302908442999999927e+01
1.302988451000000047e+01
1.303068458999999990e+01
1.303148466999999933e+01
1.303148466999999933e+01
1.303148466999999933e+01
1.303148466999999933e+01
1.303148466999999933e+01
1.303228475000000053e+01
1.296347787000000018e+01
1.296427794999999961e+01
1.296507803000000081e+01
1.296587811000000023e+01
1.296587811000000023e+01
1.296587811000000023e+01
1.296587811000000023e+01
1.296667818999999966e+01
1.296747827000000086e+01
1.296827835000000029e+01
1.296907842999999971e+01
1.296987850999999914e+01
1.296987850999999914e+01
1.297067859000000034e+01
1.297147866999999977e+01
1.297227874999999919e+01
1.297307883000000039e+01
1.297387890999999982e+01
1.297467898999999925e+01
1.297547907000000045e+01
1.297547907000000045e+01
1.297627914999999987e+01
1.297627914999999987e+01
1.297707922999999930e+01
1.297787931000000050e+01
1.297867938999999993e+01
1.297947946999999935e+01
1.298027955000000055e+01
1.298027955000000055e+01
1.298027955000000055e+01
1.298027955000000055e+01
1.297947946999999935e+01
1.298027955000000055e+01
1.298027955000000055e+01
1.298027955000000055e+01
1.298107962999999998e+01
1.298187970999999941e+01
1.298187970999999941e+01
1.298267979000000061e+01
1.298347987000000003e+01
1.298427994999999946e+01
1.298508003000000066e+01
1.298588011000000009e+01
1.298668018999999951e+01
1.298668018999999951e+01
1.298668018999999951e+01
1.298748027000000071e+01
1.298828035000000014e+01
1.298908042999999957e+01
1.298988051000000077e+01
1.299068059000000019e+01
1.299068059000000019e+01
1.299068059000000019e+01
1.299068059000000019e+01
1.299068059000000019e+01
1.299068059000000019e+01
1.299148066999999962e+01
1.299228075000000082e+01
1.299308083000000025e+01
1.299388090999999967e+01
1.299468099000000088e+01
1.299548107000000030e+01
1.299628114999999973e+01
1.299708122999999915e+01
1.299788131000000035e+01
1.294427594999999975e+01
1.294507602999999918e+01
1.294587611000000038e+01
1.294667618999999981e+01
1.294667618999999981e+01
1.294747626999999923e+01
1.294747626999999923e+01
1.294747626999999923e+01
1.294747626999999923e+01
1.294827635000000043e+01
1.294827635000000043e+01
1.294827635000000043e+01
1.294827635000000043e+01
1.294907642999999986e+01
1.294907642999999986e+01
1.294907642999999986e+01
1.294907642999999986e+01
1.294987650999999929e+01
1.295067659000000049e+01
1.295147666999999991e+01
1.295227674999999934e+01
1.295227674999999934e+01
1.295227674999999934e+01
1.295307683000000054e+01
1.295387690999999997e+01
1.295467698999999939e+01
1.295547707000000059e+01
1.295627715000000002e+01
1.295707722999999945e+01
1.295787731000000065e+01
1.295867739000000007e+01
1.295867739000000007e+01
1.295867739000000007e+01
1.295947746999999950e+01
1.296027755000000070e+01
1.296027755000000070e+01
1.296107763000000013e+01
1.296187770999999955e+01
1.296267779000000075e+01
1.296267779000000075e+01
1.296267779000000075e+01
1.296347787000000018e+01
1.296427794999999961e+01
1.296507803000000081e+01
1.296587811000000023e+01
1.294427594999999975e+01
1.294507602999999918e+01
1.294587611000000038e+01
1.294667618999999981e+01
1.294667618999999981e+01
1.294747626999999923e+01
1.294747626999999923e+01
1.294747626999999923e+01
1.294747626999999923e+01
1.294827635000000043e+01
1.294827635000000043e+01
1.294827635000000043e+01
1.294827635000000043e+01
1.294907642999999986e+01
1.294907642999999986e+01
1.294907642999999986e+01
1.294907642999999986e+01
1.294987650999999929e+01
1.295067659000000049e+01
1.295147666999999991e+01
1.295227674999999934e+01
1.295227674999999934e+01
1.295227674999999934e+01
1.295307683000000054e+01
1.295387690999999997e+01
1.295467698999999939e+01
1.295547707000000059e+01
1.295627715000000002e+01
1.295707722999999945e+01
1.295787731000000065e+01
1.295867739000000007e+01
1.295867739000000007e+01
1.295867739000000007e+01
1.295947746999999950e+01
1.296027755000000070e+01
1.296027755000000070e+01
1.296107763000000013e+01
1.296187770999999955e+01
1.296267779000000075e+01
1.296267779000000075e+01
1.296267779000000075e+01
1.296347787000000018e+01
1.296427794999999961e+01
1.296507803000000081e+01
1.296587811000000023e+01
1.294427594999999975e+01
1.294507602999999918e+01
1.294587611000000038e+01
1.294667618999999981e+01
1.294667618999999981e+01
1.294747626999999923e+01
1.294747626999999923e+01
1.294747626999999923e+01
1.294747626999999923e+01
1.294827635000000043e+01
1.294827635000000043e+01
1.294827635000000043e+01
1.294827635000000043e+01
1.294907642999999986e+01
1.294907642999999986e+01
1.294907642999999986e+01
1.294907642999999986e+01
1.294987650999999929e+01
1.295067659000000049e+01
1.295147666999999991e+01
1.295227674999999934e+01
1.295227674999999934e+01
1.295227674999999934e+01
1.295307683000000054e+01
1.295387690999999997e+01
1.295467698999999939e+01
1.295547707000000059e+01
1.295627715000000002e+01
1.295707722999999945e+01
1.295787731000000065e+01
1.295867739000000007e+01
1.295867739000000007e+01
1.295867739000000007e+01
1.295947746999999950e+01
1.296027755000000070e+01
1.296027755000000070e+01
1.296107763000000013e+01
1.296187770999999955e+01
1.296267779000000075e+01
1.296267779000000075e+01
1.296267779000000075e+01
1.296347787000000018e+01
1.296427794999999961e+01
1.296507803000000081e+01
1.296587811000000023e+01
1.298187970999999941e+01
1.298187970999999941e+01
1.298267979000000061e+01
1.298347987000000003e+01
1.298427994999999946e+01
1.298508003000000066e+01
1.298588011000000009e+01
1.298588011000000009e+01
1.298668018999999951e+01
1.298748027000000071e+01
1.298828035000000014e+01
1.298908042999999957e+01
1.298988051000000077e+01
1.299068059000000019e+01
1.299148066999999962e+01
1.299148066999999962e+01
1.299228075000000082e+01
1.299308083000000025e+01
1.299388090999999967e+01
1.299388090999999967e+01
1.299468099000000088e+01
1.299548107000000030e+01
1.299628114999999973e+01
1.299628114999999973e+01
1.299708122999999915e+01
1.299708122999999915e+01
1.299788131000000035e+01
1.299868138999999978e+01
1.299868138999999978e+01
1.299948146999999921e+01
1.300028155000000041e+01
1.300028155000000041e+01
1.300108162999999983e+01
1.300188170999999926e+01
1.300268179000000046e+01
1.300268179000000046e+01
1.300348186999999989e+01
1.300428194999999931e+01
1.300508203000000051e+01
1.300508203000000051e+01
1.299708122999999915e+01
1.299708122999999915e+01
1.299788131000000035e+01
1.299868138999999978e+01
1.299868138999999978e+01
1.299948146999999921e+01
1.300028155000000041e+01
1.300028155000000041e+01
1.300108162999999983e+01
1.300188170999999926e+01
1.300268179000000046e+01
1.300268179000000046e+01
1.300348186999999989e+01
1.300428194999999931e+01
1.300508203000000051e+01
1.300508203000000051e+01
1.300588210999999994e+01
1.300588210999999994e+01
1.300588210999999994e+01
1.300588210999999994e+01
1.300588210999999994e+01
1.300668218999999937e+01
1.300668218999999937e+01
1.300748227000000057e+01
1.300828234999999999e+01
1.300828234999999999e+01
1.300908242999999942e+01
1.300988251000000062e+01
1.301068259000000005e+01
1.301068259000000005e+01
1.301068259000000005e+01
1.301068259000000005e+01
1.301068259000000005e+01
1.301068259000000005e+01
1.301148266999999947e+01
1.301788331000000021e+01
1.301948347000000084e+01
1.303228475000000053e+01
1.303308482999999995e+01
1.303388490999999938e+01
1.303468499000000058e+01
1.303548507000000001e+01
1.303628514999999943e+01
1.303708523000000064e+01
1.303708523000000064e+01
1.303788531000000006e+01
1.303868538999999949e+01
1.303948547000000069e+01
1.303948547000000069e+01
1.303948547000000069e+01
1.303948547000000069e+01
1.303948547000000069e+01
1.304028555000000011e+01
1.304028555000000011e+01
1.304108562999999954e+01
1.304188571000000074e+01
1.304268579000000017e+01
1.304348586999999959e+01
1.304348586999999959e+01
1.304428595000000080e+01
1.304508603000000022e+01
1.304588610999999965e+01
1.304668619000000085e+01
1.304748627000000027e+01
1.304828634999999970e+01
1.304908642999999913e+01
1.304988651000000033e+01
1.304988651000000033e+01
1.305068658999999975e+01
1.305068658999999975e+01
1.305068658999999975e+01
1.305148666999999918e+01
1.304108562999999954e+01
1.304188571000000074e+01
1.304268579000000017e+01
1.304348586999999959e+01
1.304348586999999959e+01
1.304428595000000080e+01
1.304508603000000022e+01
1.304588610999999965e+01
1.304668619000000085e+01
1.304748627000000027e+01
1.304828634999999970e+01
1.304908642999999913e+01
1.304988651000000033e+01
1.304988651000000033e+01
1.305068658999999975e+01
1.305068658999999975e+01
1.305068658999999975e+01
1.305148666999999918e+01
1.305148666999999918e+01
1.305148666999999918e+01
1.305148666999999918e+01
1.305228675000000038e+01
1.305308682999999981e+01
1.305308682999999981e+01
1.305308682999999981e+01
1.305308682999999981e+01
1.305308682999999981e+01
1.305388690999999923e+01
1.305468699000000043e+01
1.305468699000000043e+01
1.305468699000000043e+01
1.305468699000000043e+01
1.305468699000000043e+01
1.305548706999999986e+01
1.305068658999999975e+01
1.305068658999999975e+01
1.305148666999999918e+01
1.305148666999999918e+01
1.305148666999999918e+01
1.305148666999999918e+01
1.305228675000000038e+01
1.305308682999999981e+01
1.305308682999999981e+01
1.305308682999999981e+01
1.305308682999999981e+01
1.305308682999999981e+01
1.305388690999999923e+01
1.305468699000000043e+01
1.305468699000000043e+01
1.305468699000000043e+01
1.305468699000000043e+01
1.305468699000000043e+01
1.305548706999999986e+01
1.305628714999999929e+01
1.305708723000000049e+01
1.305788730999999991e+01
1.305868738999999934e+01
1.305948747000000054e+01
1.306028754999999997e+01
1.306108762999999939e+01
1.306188771000000060e+01
1.306268779000000002e+01
1.306348786999999945e+01
1.306428795000000065e+01
1.306508803000000007e+01
1.306508803000000007e+01
1.306508803000000007e+01
1.306508803000000007e+01
1.306508803000000007e+01
1.306508803000000007e+01
1.306588810999999950e+01
1.306668819000000070e+01
1.306748827000000013e+01
1.295307683000000054e+01
1.295387690999999997e+01
1.295467698999999939e+01
1.295547707000000059e+01
1.295627715000000002e+01
1.295707722999999945e+01
1.295787731000000065e+01
1.295867739000000007e+01
1.295867739000000007e+01
1.295867739000000007e+01
1.295947746999999950e+01
1.296027755000000070e+01
1.296027755000000070e+01
1.296107763000000013e+01
1.296187770999999955e+01
1.296267779000000075e+01
1.296267779000000075e+01
1.296267779000000075e+01
1.296347787000000018e+01
1.296427794999999961e+01
1.296507803000000081e+01
1.296587811000000023e+01
1.296587811000000023e+01
1.296587811000000023e+01
1.296587811000000023e+01
1.296667818999999966e+01
1.296747827000000086e+01
1.296827835000000029e+01
1.296907842999999971e+01
1.296987850999999914e+01
1.296987850999999914e+01
1.297067859000000034e+01
1.297147866999999977e+01
1.297227874999999919e+01
1.297307883000000039e+01
1.297387890999999982e+01
1.297467898999999925e+01
1.297547907000000045e+01
1.297547907000000045e+01
1.297627914999999987e+01
1.297627914999999987e+01
1.297707922999999930e+01
1.297787931000000050e+01
1.297867938999999993e+01
1.297947946999999935e+01
1.298187970999999941e+01
1.298267979000000061e+01
1.298347987000000003e+01
1.297067859000000034e+01
1.297147866999999977e+01
1.297227874999999919e+01
1.297307883000000039e+01
1.297387890999999982e+01
1.297467898999999925e+01
1.297547907000000045e+01
1.297547907000000045e+01
1.297627914999999987e+01
1.297627914999999987e+01
1.297707922999999930e+01
1.297787931000000050e+01
1.297867938999999993e+01
1.297947946999999935e+01
1.298027955000000055e+01
1.298027955000000055e+01
1.298027955000000055e+01
1.298027955000000055e+01
1.298027955000000055e+01
1.298107962999999998e+01
1.298187970999999941e+01
1.298187970999999941e+01
1.298187970999999941e+01
1.298267979000000061e+01
1.298347987000000003e+01
1.298427994999999946e+01
1.298508003000000066e+01
1.298588011000000009e+01
1.298588011000000009e+01
1.298668018999999951e+01
1.298748027000000071e+01
1.298828035000000014e+01
1.298908042999999957e+01
1.298988051000000077e+01
1.299068059000000019e+01
1.299148066999999962e+01
1.299148066999999962e+01
1.299228075000000082e+01
1.299308083000000025e+01
1.299388090999999967e+01
1.299388090999999967e+01
1.299468099000000088e+01
1.299548107000000030e+01
1.299228075000000082e+01
1.299308083000000025e+01
1.299388090999999967e+01
1.299788131000000035e+01
1.299868138999999978e+01
1.299868138999999978e+01
1.299868138999999978e+01
1.299948146999999921e+01
1.300028155000000041e+01
1.300108162999999983e+01
1.300108162999999983e+01
1.300188170999999926e+01
1.300268179000000046e+01
1.300268179000000046e+01
1.300348186999999989e+01
1.300428194999999931e+01
1.300508203000000051e+01
1.300508203000000051e+01
1.300588210999999994e+01
1.300588210999999994e+01
1.300588210999999994e+01
1.300588210999999994e+01
1.300588210999999994e+01
1.300668218999999937e+01
1.300668218999999937e+01
1.300748227000000057e+01
1.300828234999999999e+01
1.300828234999999999e+01
1.300908242999999942e+01
1.300988251000000062e+01
1.301068259000000005e+01
1.301068259000000005e+01
1.301068259000000005e+01
1.301068259000000005e+01
1.301068259000000005e+01
1.301068259000000005e+01
1.301148266999999947e+01
1.301228275000000068e+01
1.301308283000000010e+01
1.301308283000000010e+01
1.301308283000000010e+01
1.301308283000000010e+01
1.301308283000000010e+01
1.301388290999999953e+01
1.301468299000000073e+01
1.301468299000000073e+01
1.301468299000000073e+01
1.301548307000000015e+01
1.301868338999999963e+01
1.301948347000000084e+01
1.301948347000000084e+01
1.301948347000000084e+01
1.301948347000000084e+01
1.301948347000000084e+01
1.302028355000000026e+01
1.302108362999999969e+01
1.302108362999999969e+01
1.302188370999999911e+01
1.302268379000000031e+01
1.302348386999999974e+01
1.302428394999999917e+01
1.302428394999999917e+01
1.302508403000000037e+01
1.302588410999999979e+01
1.302668418999999922e+01
1.302668418999999922e+01
1.302668418999999922e+01
1.302748427000000042e+01
1.302748427000000042e+01
1.302748427000000042e+01
1.302828434999999985e+01
1.302908442999999927e+01
1.302988451000000047e+01
1.303068458999999990e+01
1.303148466999999933e+01
1.303148466999999933e+01
1.303148466999999933e+01
1.303148466999999933e+01
1.303148466999999933e+01
1.303228475000000053e+01
1.303308482999999995e+01
1.303308482999999995e+01
1.303308482999999995e+01
1.303308482999999995e+01
1.303148466999999933e+01
1.303148466999999933e+01
1.303228475000000053e+01
1.303308482999999995e+01
1.303308482999999995e+01
1.303308482999999995e+01
1.303308482999999995e+01
1.303388490999999938e+01
1.303388490999999938e+01
1.303468499000000058e+01
1.303548507000000001e+01
1.303628514999999943e+01
1.303708523000000064e+01
1.303788531000000006e+01
1.303868538999999949e+01
1.303948547000000069e+01
1.304028555000000011e+01
1.304108562999999954e+01
1.304188571000000074e+01
1.304268579000000017e+01
1.304348586999999959e+01
1.304428595000000080e+01
1.304428595000000080e+01
1.304428595000000080e+01
1.304508603000000022e+01
1.304588610999999965e+01
1.304588610999999965e+01
1.304588610999999965e+01
1.304588610999999965e+01
1.304588610999999965e+01
1.304668619000000085e+01
1.304748627000000027e+01
1.304828634999999970e+01
1.304828634999999970e+01
1.304828634999999970e+01
1.304828634999999970e+01
1.304828634999999970e+01
1.304908642999999913e+01
1.304988651000000033e+01
1.305068658999999975e+01
1.305148666999999918e+01
1.305628714999999929e+01
1.305628714999999929e+01
1.305708723000000049e+01
1.305788730999999991e+01
1.305868738999999934e+01
1.305948747000000054e+01
1.306028754999999997e+01
1.306108762999999939e+01
1.306188771000000060e+01
1.306268779000000002e+01
1.306348786999999945e+01
1.306428795000000065e+01
1.306508803000000007e+01
1.306588810999999950e+01
1.306668819000000070e+01
1.306748827000000013e+01
1.306748827000000013e+01
1.306748827000000013e+01
1.306828834999999955e+01
1.306908843000000076e+01
1.306988851000000018e+01
1.307068858999999961e+01
1.307148867000000081e+01
1.307148867000000081e+01
1.307148867000000081e+01
1.307148867000000081e+01
1.307228875000000023e+01
1.307228875000000023e+01
1.307308882999999966e+01
1.307308882999999966e+01
1.307308882999999966e+01
1.307388891000000086e+01
1.307468899000000029e+01
1.307468899000000029e+01
1.307468899000000029e+01
1.307548906999999971e+01
1.307628914999999914e+01
1.307708923000000034e+01
1.307788930999999977e+01
1.307868938999999919e+01
1.307948947000000040e+01
1.308028954999999982e+01
1.310509202999999978e+01
1.310589210999999921e+01
1.310669219000000041e+01
1.310669219000000041e+01
1.310669219000000041e+01
1.310669219000000041e+01
1.310669219000000041e+01
1.310669219000000041e+01
1.310749226999999983e+01
1.310829234999999926e+01
1.310909243000000046e+01
1.310989250999999989e+01
1.311069258999999931e+01
1.311149267000000052e+01
1.311229274999999994e+01
1.311309282999999937e+01
1.311309282999999937e+01
1.311309282999999937e+01
1.311309282999999937e+01
1.311309282999999937e+01
1.311309282999999937e+01
1.311309282999999937e+01
1.311309282999999937e+01
1.311389291000000057e+01
1.311469298999999999e+01
1.311549306999999942e+01
1.311549306999999942e+01
1.311549306999999942e+01
1.311629315000000062e+01
1.311629315000000062e+01
1.311629315000000062e+01
1.311629315000000062e+01
1.311629315000000062e+01
1.311709323000000005e+01
1.311789330999999947e+01
1.311869339000000068e+01
1.311949347000000010e+01
1.312029354999999953e+01
1.312109363000000073e+01
1.312189371000000015e+01
1.312189371000000015e+01
1.310669219000000041e+01
1.310669219000000041e+01
1.310669219000000041e+01
1.310669219000000041e+01
1.310749226999999983e+01
1.310829234999999926e+01
1.310909243000000046e+01
1.310989250999999989e+01
1.311069258999999931e+01
1.311149267000000052e+01
1.311229274999999994e+01
1.311309282999999937e+01
1.311309282999999937e+01
1.311309282999999937e+01
1.311309282999999937e+01
1.311309282999999937e+01
1.311309282999999937e+01
1.311309282999999937e+01
1.311309282999999937e+01
1.311389291000000057e+01
1.311469298999999999e+01
1.311549306999999942e+01
1.311549306999999942e+01
1.311549306999999942e+01
1.311629315000000062e+01
1.311629315000000062e+01
1.311629315000000062e+01
1.311629315000000062e+01
1.311629315000000062e+01
1.311709323000000005e+01
1.311789330999999947e+01
1.311869339000000068e+01
1.311949347000000010e+01
1.312029354999999953e+01
1.312109363000000073e+01
1.312189371000000015e+01
1.312189371000000015e+01
1.312269378999999958e+01
1.312269378999999958e+01
1.312269378999999958e+01
1.312269378999999958e+01
1.313229474999999979e+01
1.313229474999999979e+01
1.313229474999999979e+01
1.313309482999999922e+01
1.313389491000000042e+01
1.313389491000000042e+01
1.313469498999999985e+01
1.313469498999999985e+01
1.313469498999999985e+01
1.313469498999999985e+01
1.313469498999999985e+01
1.313469498999999985e+01
1.313549506999999927e+01
1.313549506999999927e+01
1.313549506999999927e+01
1.313629515000000048e+01
1.313709522999999990e+01
1.313789530999999933e+01
1.313869539000000053e+01
1.313949546999999995e+01
1.314029554999999938e+01
1.314109563000000058e+01
1.314109563000000058e+01
1.314189571000000001e+01
1.314269578999999943e+01
1.314269578999999943e+01
1.314349587000000064e+01
1.314429595000000006e+01
1.314509602999999949e+01
1.314749626999999954e+01
1.314749626999999954e+01
1.314829635000000074e+01
1.314909643000000017e+01
1.314909643000000017e+01
1.314989650999999959e+01
1.314989650999999959e+01
1.315069659000000080e+01
1.315149667000000022e+01
1.315229674999999965e+01
1.315309683000000085e+01
1.315389691000000028e+01
1.315469698999999970e+01
1.315549706999999913e+01
1.315629715000000033e+01
1.315709722999999975e+01
1.315789730999999918e+01
1.315869739000000038e+01
1.315869739000000038e+01
1.315869739000000038e+01
1.315949746999999981e+01
1.316029754999999923e+01
1.316109763000000044e+01
1.316109763000000044e+01
1.316109763000000044e+01
1.316189770999999986e+01
1.316269778999999929e+01
1.316349787000000049e+01
1.316349787000000049e+01
1.316429794999999991e+01
1.316509802999999934e+01
1.316589811000000054e+01
1.316669818999999997e+01
1.316749826999999939e+01
1.316829835000000060e+01
1.316909843000000002e+01
1.316989850999999945e+01
1.316749826999999939e+01
1.316829835000000060e+01
1.316909843000000002e+01
1.316989850999999945e+01
1.317069859000000065e+01
1.317149867000000008e+01
1.317149867000000008e+01
1.317229874999999950e+01
1.317309883000000070e+01
1.317389891000000013e+01
1.317469898999999955e+01
1.317549907000000076e+01
1.317629915000000018e+01
1.317629915000000018e+01
1.317629915000000018e+01
1.317709922999999961e+01
1.317789931000000081e+01
1.317789931000000081e+01
1.317869939000000024e+01
1.317949946999999966e+01
1.318029955000000086e+01
1.318109963000000029e+01
1.318189970999999971e+01
1.318269978999999914e+01
1.318349987000000034e+01
1.318429994999999977e+01
1.318429994999999977e+01
1.318429994999999977e+01
1.318429994999999977e+01
1.318429994999999977e+01
1.318510002999999919e+01
1.318590011000000040e+01
1.318670018999999982e+01
1.318670018999999982e+01
1.318750026999999925e+01
1.318830035000000045e+01
1.318910042999999988e+01
1.318990050999999930e+01
1.319070059000000050e+01
1.319150066999999993e+01
1.319230074999999935e+01
1.319310083000000056e+01
1.319390090999999998e+01
1.319390090999999998e+01
1.319390090999999998e+01
1.319710122999999946e+01
1.319790131000000066e+01
1.319870139000000009e+01
1.319950146999999951e+01
1.320030155000000072e+01
1.320030155000000072e+01
1.320110163000000014e+01
1.320190170999999957e+01
1.320270179000000077e+01
1.320350187000000020e+01
1.320430194999999962e+01
1.320430194999999962e+01
1.320430194999999962e+01
1.320510203000000082e+01
1.320590211000000025e+01
1.320670218999999967e+01
1.320670218999999967e+01
1.320670218999999967e+01
1.320670218999999967e+01
1.320670218999999967e+01
1.320750227000000088e+01
1.320830235000000030e+01
1.320910242999999973e+01
1.320990250999999915e+01
1.321070259000000036e+01
1.321150266999999978e+01
1.321230274999999921e+01
1.321310283000000041e+01
1.321390290999999984e+01
1.321390290999999984e+01
1.321390290999999984e+01
1.321470298999999926e+01
1.321550307000000046e+01
1.321630314999999989e+01
1.321630314999999989e+01
1.324830635000000001e+01
1.324830635000000001e+01
1.324910642999999943e+01
1.324990651000000064e+01
1.325070659000000006e+01
1.325070659000000006e+01
1.325070659000000006e+01
1.325150666999999949e+01
1.325230675000000069e+01
1.325230675000000069e+01
1.325310683000000012e+01
1.325390690999999954e+01
1.325470699000000074e+01
1.325550707000000017e+01
1.325630714999999960e+01
1.325630714999999960e+01
1.325630714999999960e+01
1.325710723000000080e+01
1.325790731000000022e+01
1.325870738999999965e+01
1.325870738999999965e+01
1.325870738999999965e+01
1.325950747000000085e+01
1.325950747000000085e+01
1.325950747000000085e+01
1.326030755000000028e+01
1.326110762999999970e+01
1.326190770999999913e+01
1.326190770999999913e+01
1.326190770999999913e+01
1.326190770999999913e+01
1.326270779000000033e+01
1.326270779000000033e+01
1.326270779000000033e+01
1.326270779000000033e+01
1.326270779000000033e+01
1.326030755000000028e+01
1.326110762999999970e+01
1.326190770999999913e+01
1.326190770999999913e+01
1.326190770999999913e+01
1.326190770999999913e+01
1.326270779000000033e+01
1.326270779000000033e+01
1.326270779000000033e+01
1.326270779000000033e+01
1.326270779000000033e+01
1.326270779000000033e+01
1.326350786999999976e+01
1.326430794999999918e+01
1.326510803000000038e+01
1.326590810999999981e+01
1.326590810999999981e+01
1.326670818999999923e+01
1.326750827000000044e+01
1.326750827000000044e+01
1.326750827000000044e+01
1.326830834999999986e+01
1.326910842999999929e+01
1.326990851000000049e+01
1.327070858999999992e+01
1.327150866999999934e+01
1.327230875000000054e+01
1.327310882999999997e+01
1.327390890999999939e+01
1.327390890999999939e+01
1.327390890999999939e+01
1.327390890999999939e+01
1.327470899000000060e+01
1.327230875000000054e+01
1.327310882999999997e+01
1.327390890999999939e+01
1.327390890999999939e+01
1.327390890999999939e+01
1.327390890999999939e+01
1.327470899000000060e+01
1.327550907000000002e+01
1.327630914999999945e+01
1.327710923000000065e+01
1.327790931000000008e+01
1.327790931000000008e+01
1.327790931000000008e+01
1.327870938999999950e+01
1.327950947000000070e+01
1.327950947000000070e+01
1.328030955000000013e+01
1.328030955000000013e+01
1.328030955000000013e+01
1.328110962999999956e+01
1.328190971000000076e+01
1.328270979000000018e+01
1.328350986999999961e+01
1.328430995000000081e+01
1.328511003000000024e+01
1.328591010999999966e+01
1.328671019000000086e+01
1.328751027000000029e+01
1.328831034999999972e+01
1.328911042999999914e+01
1.327230875000000054e+01
1.327310882999999997e+01
1.327390890999999939e+01
1.327390890999999939e+01
1.327390890999999939e+01
1.327390890999999939e+01
1.327470899000000060e+01
1.327550907000000002e+01
1.327630914999999945e+01
1.327710923000000065e+01
1.327790931000000008e+01
1.327790931000000008e+01
1.327790931000000008e+01
1.327870938999999950e+01
1.327950947000000070e+01
1.327950947000000070e+01
1.328030955000000013e+01
1.328030955000000013e+01
1.328030955000000013e+01
1.328110962999999956e+01
1.328190971000000076e+01
1.328270979000000018e+01
1.328350986999999961e+01
1.328430995000000081e+01
1.328511003000000024e+01
1.328591010999999966e+01
1.328671019000000086e+01
1.328751027000000029e+01
1.328831034999999972e+01
1.328911042999999914e+01
1.320510203000000082e+01
1.320590211000000025e+01
1.320670218999999967e+01
1.320670218999999967e+01
1.320670218999999967e+01
1.320670218999999967e+01
1.320670218999999967e+01
1.320750227000000088e+01
1.320830235000000030e+01
1.320910242999999973e+01
1.320990250999999915e+01
1.321070259000000036e+01
1.321150266999999978e+01
1.321230274999999921e+01
1.321310283000000041e+01
1.321390290999999984e+01
1.321390290999999984e+01
1.321390290999999984e+01
1.321470298999999926e+01
1.321550307000000046e+01
1.321630314999999989e+01
1.321630314999999989e+01
1.321710322999999931e+01
1.321790331000000052e+01
1.321790331000000052e+01
1.321870338999999994e+01
1.321870338999999994e+01
1.321870338999999994e+01
1.321870338999999994e+01
1.321950346999999937e+01
1.322030355000000057e+01
1.322110363000000000e+01
1.322190370999999942e+01
1.316029754999999923e+01
1.316109763000000044e+01
1.316109763000000044e+01
1.316109763000000044e+01
1.316189770999999986e+01
1.316269778999999929e+01
1.316349787000000049e+01
1.316349787000000049e+01
1.316429794999999991e+01
1.316509802999999934e+01
1.316589811000000054e+01
1.316669818999999997e+01
1.316749826999999939e+01
1.316829835000000060e+01
1.316909843000000002e+01
1.316989850999999945e+01
1.317069859000000065e+01
1.317149867000000008e+01
1.317149867000000008e+01
1.317229874999999950e+01
1.317309883000000070e+01
1.317389891000000013e+01
1.317469898999999955e+01
1.317549907000000076e+01
1.317629915000000018e+01
1.317629915000000018e+01
1.317629915000000018e+01
1.317709922999999961e+01
1.317789931000000081e+01
1.317789931000000081e+01
1.317869939000000024e+01
1.317949946999999966e+01
1.318029955000000086e+01
1.318109963000000029e+01
1.318189970999999971e+01
1.310669219000000041e+01
1.310749226999999983e+01
1.310829234999999926e+01
1.310909243000000046e+01
1.310989250999999989e+01
1.311069258999999931e+01
1.311149267000000052e+01
1.311229274999999994e+01
1.311309282999999937e+01
1.311309282999999937e+01
1.311309282999999937e+01
1.311309282999999937e+01
1.311309282999999937e+01
1.311309282999999937e+01
1.311309282999999937e+01
1.311309282999999937e+01
1.311389291000000057e+01
1.311469298999999999e+01
1.311549306999999942e+01
1.311549306999999942e+01
1.311549306999999942e+01
1.311629315000000062e+01
1.311629315000000062e+01
1.311629315000000062e+01
1.311629315000000062e+01
1.311629315000000062e+01
1.311709323000000005e+01
1.311789330999999947e+01
1.311869339000000068e+01
1.311949347000000010e+01
1.312029354999999953e+01
1.312109363000000073e+01
1.312189371000000015e+01
1.312189371000000015e+01
1.312269378999999958e+01
1.312269378999999958e+01
1.312269378999999958e+01
1.312269378999999958e+01
1.306428795000000065e+01
1.306508803000000007e+01
1.306588810999999950e+01
1.306668819000000070e+01
1.306748827000000013e+01
1.306748827000000013e+01
1.306748827000000013e+01
1.306828834999999955e+01
1.306908843000000076e+01
1.306988851000000018e+01
1.307068858999999961e+01
1.307148867000000081e+01
1.307148867000000081e+01
1.307148867000000081e+01
1.307148867000000081e+01
1.307228875000000023e+01
1.307228875000000023e+01
1.307308882999999966e+01
1.307308882999999966e+01
1.307308882999999966e+01
1.307388891000000086e+01
1.307468899000000029e+01
1.307468899000000029e+01
1.307468899000000029e+01
1.307628914999999914e+01
1.307708923000000034e+01
1.307788930999999977e+01
1.307868938999999919e+01
1.308028954999999982e+01
1.308669019000000056e+01
1.308749026999999998e+01
1.308749026999999998e+01
1.308749026999999998e+01
1.308749026999999998e+01
1.308749026999999998e+01
1.308749026999999998e+01
1.308749026999999998e+01
1.308829034999999941e+01
1.308829034999999941e+01
1.308909043000000061e+01
1.308989051000000003e+01
1.309069058999999946e+01
1.309149067000000066e+01
1.309229075000000009e+01
1.309229075000000009e+01
1.309309082999999951e+01
1.309389091000000072e+01
1.309469099000000014e+01
1.309549106999999957e+01
1.309549106999999957e+01
1.309629115000000077e+01
1.309629115000000077e+01
1.309629115000000077e+01
1.309709123000000019e+01
1.309789130999999962e+01
1.309869139000000082e+01
1.309869139000000082e+01
1.301068259000000005e+01
1.301148266999999947e+01
1.301228275000000068e+01
1.301308283000000010e+01
1.301308283000000010e+01
1.301308283000000010e+01
1.301308283000000010e+01
1.301308283000000010e+01
1.301388290999999953e+01
1.301468299000000073e+01
1.301468299000000073e+01
1.301468299000000073e+01
1.301548307000000015e+01
1.301628314999999958e+01
1.301628314999999958e+01
1.301628314999999958e+01
1.301628314999999958e+01
1.301708323000000078e+01
1.301788331000000021e+01
1.301788331000000021e+01
1.301788331000000021e+01
1.301868338999999963e+01
1.301948347000000084e+01
1.301948347000000084e+01
1.301948347000000084e+01
1.301948347000000084e+01
1.301948347000000084e+01
1.302028355000000026e+01
1.302108362999999969e+01
1.302108362999999969e+01
1.303228475000000053e+01
1.303228475000000053e+01
1.303308482999999995e+01
1.303388490999999938e+01
1.303468499000000058e+01
1.303548507000000001e+01
1.303628514999999943e+01
1.303708523000000064e+01
1.303788531000000006e+01
1.303868538999999949e+01
1.303948547000000069e+01
1.303948547000000069e+01
1.303948547000000069e+01
1.303948547000000069e+01
1.304028555000000011e+01
1.304028555000000011e+01
1.304108562999999954e+01
1.304188571000000074e+01
1.304268579000000017e+01
1.296427794999999961e+01
1.296507803000000081e+01
1.296587811000000023e+01
1.296587811000000023e+01
1.296587811000000023e+01
1.296587811000000023e+01
1.296667818999999966e+01
1.296747827000000086e+01
1.296827835000000029e+01
1.296907842999999971e+01
1.296987850999999914e+01
1.296987850999999914e+01
1.297067859000000034e+01
1.297147866999999977e+01
1.297227874999999919e+01
1.297307883000000039e+01
1.297387890999999982e+01
1.297467898999999925e+01
1.297547907000000045e+01
1.297547907000000045e+01
1.297627914999999987e+01
1.297627914999999987e+01
1.297707922999999930e+01
1.297787931000000050e+01
1.297867938999999993e+01
1.297947946999999935e+01
1.298027955000000055e+01
1.298027955000000055e+01
1.298027955000000055e+01
1.298027955000000055e+01
1.298027955000000055e+01
1.298107962999999998e+01
1.298187970999999941e+01
1.298187970999999941e+01
1.298027955000000055e+01
1.298027955000000055e+01
1.298107962999999998e+01
1.298187970999999941e+01
1.298187970999999941e+01
1.298267979000000061e+01
1.298347987000000003e+01
1.298427994999999946e+01
1.298508003000000066e+01
1.298588011000000009e+01
1.298668018999999951e+01
1.298668018999999951e+01
1.298668018999999951e+01
1.298748027000000071e+01
1.298828035000000014e+01
1.298908042999999957e+01
1.298988051000000077e+01
1.299068059000000019e+01
1.299068059000000019e+01
1.299068059000000019e+01
1.299068059000000019e+01
1.299068059000000019e+01
1.299068059000000019e+01
1.299148066999999962e+01
1.299228075000000082e+01
1.299308083000000025e+01
1.299388090999999967e+01
1.299468099000000088e+01
1.299548107000000030e+01
1.299628114999999973e+01
1.299708122999999915e+01
1.299788131000000035e+01
1.299788131000000035e+01
1.299788131000000035e+01
1.293867539000000022e+01
1.293947546999999965e+01
1.293947546999999965e+01
1.294027555000000085e+01
1.294107563000000027e+01
1.294187570999999970e+01
1.294267578999999913e+01
1.294347587000000033e+01
1.294427594999999975e+01
1.294507602999999918e+01
1.294587611000000038e+01
1.294667618999999981e+01
1.294667618999999981e+01
1.294747626999999923e+01
1.294747626999999923e+01
1.294747626999999923e+01
1.294747626999999923e+01
1.294827635000000043e+01
1.294827635000000043e+01
1.294827635000000043e+01
1.294827635000000043e+01
1.294907642999999986e+01
1.294907642999999986e+01
1.294907642999999986e+01
1.294907642999999986e+01
1.294987650999999929e+01
1.295067659000000049e+01
1.295147666999999991e+01
1.295227674999999934e+01
1.295227674999999934e+01
1.295227674999999934e+01
1.295307683000000054e+01
1.295387690999999997e+01
1.295467698999999939e+01
1.295547707000000059e+01
1.295627715000000002e+01
1.295707722999999945e+01
1.295787731000000065e+01
1.295867739000000007e+01
1.295867739000000007e+01
1.295867739000000007e+01
1.295947746999999950e+01
1.296027755000000070e+01
1.296027755000000070e+01
1.296027755000000070e+01
1.296107763000000013e+01
1.296427794999999961e+01
1.296507803000000081e+01
1.293547507000000074e+01
1.293547507000000074e+01
1.293627515000000017e+01
1.293707522999999959e+01
1.293787531000000079e+01
1.293867539000000022e+01
1.293867539000000022e+01
1.293947546999999965e+01
1.293947546999999965e+01
1.294027555000000085e+01
1.294107563000000027e+01
1.294187570999999970e+01
1.294267578999999913e+01
1.294347587000000033e+01
1.294427594999999975e+01
1.294507602999999918e+01
1.294587611000000038e+01
1.294667618999999981e+01
1.294667618999999981e+01
1.294747626999999923e+01
1.294747626999999923e+01
1.294747626999999923e+01
1.294747626999999923e+01
1.294827635000000043e+01
1.294827635000000043e+01
1.294827635000000043e+01
1.294827635000000043e+01
1.294907642999999986e+01
1.294907642999999986e+01
1.294907642999999986e+01
1.294907642999999986e+01
1.294987650999999929e+01
1.295067659000000049e+01
1.295147666999999991e+01
1.295227674999999934e+01
1.295227674999999934e+01
1.295227674999999934e+01
1.295307683000000054e+01
1.295387690999999997e+01
1.295467698999999939e+01
1.295547707000000059e+01
1.296027755000000070e+01
1.296027755000000070e+01
1.296107763000000013e+01
1.296187770999999955e+01
1.299708122999999915e+01
1.299708122999999915e+01
1.299788131000000035e+01
1.299868138999999978e+01
1.299868138999999978e+01
1.299948146999999921e+01
1.300028155000000041e+01
1.300028155000000041e+01
1.300108162999999983e+01
1.300188170999999926e+01
1.300268179000000046e+01
1.300268179000000046e+01
1.300348186999999989e+01
1.300428194999999931e+01
1.300508203000000051e+01
1.300508203000000051e+01
1.300588210999999994e+01
1.300588210999999994e+01
1.300588210999999994e+01
1.300588210999999994e+01
1.300588210999999994e+01
1.300668218999999937e+01
1.300668218999999937e+01
1.300748227000000057e+01
1.300828234999999999e+01
1.300828234999999999e+01
1.300908242999999942e+01
1.300988251000000062e+01
1.301068259000000005e+01
1.301068259000000005e+01
1.301068259000000005e+01
1.301068259000000005e+01
1.301068259000000005e+01
1.301068259000000005e+01
1.301148266999999947e+01
1.299708122999999915e+01
1.299708122999999915e+01
1.299788131000000035e+01
1.299868138999999978e+01
1.299868138999999978e+01
1.299948146999999921e+01
1.300028155000000041e+01
1.300028155000000041e+01
1.300108162999999983e+01
1.300188170999999926e+01
1.300268179000000046e+01
1.300268179000000046e+01
1.300348186999999989e+01
1.300428194999999931e+01
1.300508203000000051e+01
1.300508203000000051e+01
1.300588210999999994e+01
1.300588210999999994e+01
1.300588210999999994e+01
1.300588210999999994e+01
1.300588210999999994e+01
1.300668218999999937e+01
1.300668218999999937e+01
1.300748227000000057e+01
1.300828234999999999e+01
1.300828234999999999e+01
1.300908242999999942e+01
1.300988251000000062e+01
1.301068259000000005e+01
1.301068259000000005e+01
1.301068259000000005e+01
1.301068259000000005e+01
1.301068259000000005e+01
1.301068259000000005e+01
1.301148266999999947e+01
1.301308283000000010e+01
1.301308283000000010e+01
1.301308283000000010e+01
1.301308283000000010e+01
1.301308283000000010e+01
1.301388290999999953e+01
1.301468299000000073e+01
1.301468299000000073e+01
1.301468299000000073e+01
1.301548307000000015e+01
1.301628314999999958e+01
1.301628314999999958e+01
1.301628314999999958e+01
1.301628314999999958e+01
1.301708323000000078e+01
1.301788331000000021e+01
1.301788331000000021e+01
1.301788331000000021e+01
1.301868338999999963e+01
1.301948347000000084e+01
1.301948347000000084e+01
1.301948347000000084e+01
1.301948347000000084e+01
1.301948347000000084e+01
1.302028355000000026e+01
1.302108362999999969e+01
1.302108362999999969e+01
1.302188370999999911e+01
1.302268379000000031e+01
1.302348386999999974e+01
1.302428394999999917e+01
1.302428394999999917e+01
1.302508403000000037e+01
