1.263545346999999985e+01
1.263545346999999985e+01
1.263625354999999928e+01
1.263705363000000048e+01
1.263785370999999991e+01
1.263785370999999991e+01
1.263785370999999991e+01
1.263785370999999991e+01
1.263865378999999933e+01
1.263865378999999933e+01
1.263865378999999933e+01
1.263865378999999933e+01
1.263865378999999933e+01
1.263865378999999933e+01
1.263865378999999933e+01
1.264185411000000059e+01
1.264185411000000059e+01
1.264185411000000059e+01
1.264185411000000059e+01
1.264185411000000059e+01
1.264185411000000059e+01
1.264185411000000059e+01
1.264265419000000001e+01
1.264345426999999944e+01
1.264345426999999944e+01
1.264345426999999944e+01
1.264425435000000064e+01
1.264425435000000064e+01
1.264425435000000064e+01
1.264425435000000064e+01
1.264425435000000064e+01
1.264425435000000064e+01
1.264505443000000007e+01
1.264585450999999949e+01
1.264585450999999949e+01
1.265705563000000033e+01
1.265705563000000033e+01
1.265705563000000033e+01
1.265705563000000033e+01
1.265785570999999976e+01
1.265865578999999919e+01
1.265865578999999919e+01
1.265945587000000039e+01
1.266025594999999981e+01
1.266105602999999924e+01
1.266185611000000044e+01
1.266265618999999987e+01
1.266345626999999929e+01
1.266425635000000050e+01
1.266505642999999992e+01
1.266585650999999935e+01
1.266825674999999940e+01
1.266905683000000060e+01
1.266905683000000060e+01
1.266905683000000060e+01
1.266985691000000003e+01
1.266985691000000003e+01
1.266985691000000003e+01
1.266985691000000003e+01
1.266985691000000003e+01
1.267065698999999945e+01
1.267145707000000066e+01
1.267225715000000008e+01
1.267305722999999951e+01
1.267385731000000071e+01
1.267465739000000013e+01
1.267545746999999956e+01
1.267625755000000076e+01
1.267705763000000019e+01
1.267225715000000008e+01
1.267305722999999951e+01
1.267385731000000071e+01
1.267465739000000013e+01
1.267545746999999956e+01
1.267625755000000076e+01
1.267705763000000019e+01
1.267785770999999961e+01
1.267865779000000082e+01
1.267945787000000024e+01
1.267945787000000024e+01
1.268025794999999967e+01
1.268105803000000087e+01
1.268185811000000029e+01
1.268265818999999972e+01
1.268265818999999972e+01
1.268265818999999972e+01
1.268265818999999972e+01
1.271306122999999921e+01
1.271386131000000042e+01
1.271466138999999984e+01
1.271546146999999927e+01
1.271626155000000047e+01
1.271626155000000047e+01
1.271626155000000047e+01
1.271706162999999989e+01
1.271706162999999989e+01
1.271786170999999932e+01
1.271786170999999932e+01
1.271786170999999932e+01
1.271786170999999932e+01
1.271786170999999932e+01
1.271786170999999932e+01
1.271786170999999932e+01
1.271786170999999932e+01
1.271786170999999932e+01
1.268025794999999967e+01
1.268105803000000087e+01
1.268185811000000029e+01
1.268265818999999972e+01
1.268265818999999972e+01
1.268265818999999972e+01
1.268265818999999972e+01
1.268265818999999972e+01
1.268345826999999915e+01
1.268425835000000035e+01
1.268505842999999977e+01
1.268585850999999920e+01
1.268665859000000040e+01
1.268745866999999983e+01
1.268825874999999925e+01
1.268905883000000046e+01
1.268985890999999988e+01
1.269065898999999931e+01
1.269065898999999931e+01
1.269145907000000051e+01
1.269145907000000051e+01
1.266825674999999940e+01
1.266825674999999940e+01
1.266825674999999940e+01
1.266905683000000060e+01
1.266905683000000060e+01
1.266905683000000060e+01
1.266985691000000003e+01
1.266985691000000003e+01
1.266985691000000003e+01
1.266985691000000003e+01
1.266985691000000003e+01
1.267065698999999945e+01
1.267145707000000066e+01
1.267225715000000008e+01
1.267305722999999951e+01
1.267385731000000071e+01
1.267465739000000013e+01
1.267545746999999956e+01
1.267625755000000076e+01
1.265145507000000080e+01
1.265225515000000023e+01
1.265305522999999965e+01
1.265385531000000086e+01
1.265385531000000086e+01
1.265465539000000028e+01
1.265545546999999971e+01
1.265545546999999971e+01
1.265625554999999913e+01
1.265705563000000033e+01
1.265705563000000033e+01
1.265705563000000033e+01
1.265705563000000033e+01
1.265705563000000033e+01
1.265705563000000033e+01
1.265705563000000033e+01
1.264185411000000059e+01
1.264185411000000059e+01
1.264185411000000059e+01
1.264185411000000059e+01
1.264185411000000059e+01
1.264185411000000059e+01
1.264185411000000059e+01
1.264185411000000059e+01
1.264185411000000059e+01
1.264265419000000001e+01
1.264345426999999944e+01
1.264345426999999944e+01
1.264345426999999944e+01
1.264425435000000064e+01
1.264425435000000064e+01
1.263865378999999933e+01
1.263865378999999933e+01
1.263865378999999933e+01
1.263865378999999933e+01
1.263865378999999933e+01
1.263865378999999933e+01
1.263865378999999933e+01
1.263865378999999933e+01
1.263945387000000053e+01
1.264025394999999996e+01
1.264105402999999939e+01
1.264185411000000059e+01
1.264185411000000059e+01
1.264185411000000059e+01
1.264185411000000059e+01
1.264185411000000059e+01
1.264185411000000059e+01
1.261945187000000068e+01
1.262025195000000011e+01
1.262105202999999953e+01
1.262185211000000074e+01
1.262265219000000016e+01
1.262345226999999959e+01
1.262425235000000079e+01
1.262505243000000021e+01
1.262585250999999964e+01
1.262665259000000084e+01
1.262745267000000027e+01
1.262825274999999969e+01
1.262905282999999912e+01
1.262985291000000032e+01
1.263065298999999975e+01
1.263145306999999917e+01
1.263225315000000037e+01
1.263305322999999980e+01
1.257304721999999941e+01
1.257384730000000062e+01
1.257464738000000004e+01
1.257464738000000004e+01
1.257544745999999947e+01
1.257624754000000067e+01
1.257704762000000009e+01
1.257784769999999952e+01
1.257864778000000072e+01
1.257864778000000072e+01
1.257864778000000072e+01
1.257944786000000015e+01
1.258024793999999957e+01
1.258024793999999957e+01
1.258104802000000078e+01
1.258104802000000078e+01
1.258104802000000078e+01
1.258184810000000020e+01
1.258264817999999963e+01
1.254824473999999945e+01
1.254824473999999945e+01
1.254904482000000066e+01
1.254984490000000008e+01
1.253864377999999924e+01
1.253944386000000044e+01
1.254024393999999987e+01
1.254104401999999929e+01
1.254184410000000049e+01
1.254184410000000049e+01
1.254184410000000049e+01
1.254264417999999992e+01
1.254344425999999935e+01
1.254424434000000055e+01
1.254424434000000055e+01
1.254504441999999997e+01
1.254504441999999997e+01
1.254504441999999997e+01
1.254584449999999940e+01
1.254584449999999940e+01
