1.216827235000000051e+01
1.216907242999999994e+01
1.216907242999999994e+01
1.216907242999999994e+01
1.216907242999999994e+01
1.216907242999999994e+01
1.216987250999999937e+01
1.217067259000000057e+01
1.217147266999999999e+01
1.217147266999999999e+01
1.217147266999999999e+01
1.217227274999999942e+01
1.217307283000000062e+01
1.217387291000000005e+01
1.217467298999999947e+01
1.217547307000000067e+01
1.217627315000000010e+01
1.217627315000000010e+01
1.217627315000000010e+01
1.217627315000000010e+01
1.217707322999999953e+01
1.217787331000000073e+01
1.217787331000000073e+01
1.217787331000000073e+01
1.217787331000000073e+01
1.217787331000000073e+01
1.217867339000000015e+01
1.217947346999999958e+01
1.218027355000000078e+01
1.218107363000000021e+01
1.218187370999999963e+01
1.218267379000000084e+01
1.218347387000000026e+01
1.218347387000000026e+01
1.216907242999999994e+01
1.216907242999999994e+01
1.216907242999999994e+01
1.216987250999999937e+01
1.217067259000000057e+01
1.217147266999999999e+01
1.217147266999999999e+01
1.217147266999999999e+01
1.217227274999999942e+01
1.217307283000000062e+01
1.217387291000000005e+01
1.217467298999999947e+01
1.217547307000000067e+01
1.217627315000000010e+01
1.217627315000000010e+01
1.217627315000000010e+01
1.217627315000000010e+01
1.217707322999999953e+01
1.217787331000000073e+01
1.217787331000000073e+01
1.217787331000000073e+01
1.217787331000000073e+01
1.217787331000000073e+01
1.217867339000000015e+01
1.217947346999999958e+01
1.218027355000000078e+01
1.218107363000000021e+01
1.218187370999999963e+01
1.218267379000000084e+01
1.218347387000000026e+01
1.218347387000000026e+01
1.218427394999999969e+01
1.218507402999999911e+01
1.218587411000000031e+01
1.217627315000000010e+01
1.217627315000000010e+01
1.217627315000000010e+01
1.217627315000000010e+01
1.217707322999999953e+01
1.217787331000000073e+01
1.217787331000000073e+01
1.217787331000000073e+01
1.217787331000000073e+01
1.217787331000000073e+01
1.217867339000000015e+01
1.217947346999999958e+01
1.218027355000000078e+01
1.218107363000000021e+01
1.218187370999999963e+01
1.218267379000000084e+01
1.218347387000000026e+01
1.218347387000000026e+01
1.218427394999999969e+01
1.218507402999999911e+01
1.218587411000000031e+01
1.218667418999999974e+01
1.218747426999999917e+01
1.218827435000000037e+01
1.218907442999999979e+01
1.218907442999999979e+01
1.218987450999999922e+01
1.218987450999999922e+01
1.218987450999999922e+01
1.219067459000000042e+01
1.219067459000000042e+01
1.219147466999999985e+01
1.219467498999999933e+01
1.219547507000000053e+01
1.219627514999999995e+01
1.219627514999999995e+01
1.219707522999999938e+01
1.219787531000000058e+01
1.219867539000000001e+01
1.219947546999999943e+01
1.220027555000000064e+01
1.220107563000000006e+01
1.220107563000000006e+01
1.220267579000000069e+01
1.220667618999999959e+01
1.220667618999999959e+01
1.220747627000000080e+01
1.220747627000000080e+01
1.220827635000000022e+01
1.220907642999999965e+01
1.220987651000000085e+01
1.221067659000000027e+01
1.221147666999999970e+01
1.221227674999999913e+01
1.221307683000000033e+01
1.221387690999999975e+01
1.221467698999999918e+01
1.220907642999999965e+01
1.220987651000000085e+01
1.221067659000000027e+01
1.221147666999999970e+01
1.221227674999999913e+01
1.221307683000000033e+01
1.221387690999999975e+01
1.221467698999999918e+01
1.221547707000000038e+01
1.221627714999999981e+01
1.221707722999999923e+01
1.221707722999999923e+01
1.221787731000000043e+01
1.221867738999999986e+01
1.221947746999999929e+01
1.221947746999999929e+01
1.221947746999999929e+01
1.222027755000000049e+01
1.222027755000000049e+01
1.222107762999999991e+01
1.222107762999999991e+01
1.222187770999999934e+01
1.222267779000000054e+01
1.222587811000000002e+01
1.222667818999999945e+01
1.222667818999999945e+01
1.222747827000000065e+01
1.222827835000000007e+01
1.222827835000000007e+01
1.222827835000000007e+01
1.222907842999999950e+01
1.222987851000000070e+01
1.223067859000000013e+01
1.223147866999999955e+01
1.223227875000000076e+01
1.223227875000000076e+01
1.223227875000000076e+01
1.223307883000000018e+01
1.223387890999999961e+01
1.223467899000000081e+01
1.223547907000000023e+01
1.223547907000000023e+01
1.223627914999999966e+01
1.223707923000000086e+01
1.223707923000000086e+01
1.223707923000000086e+01
1.223707923000000086e+01
1.223787931000000029e+01
1.223867938999999971e+01
1.223947946999999914e+01
1.224027955000000034e+01
1.224668018999999930e+01
1.224668018999999930e+01
1.224748027000000050e+01
1.224828034999999993e+01
1.224908042999999935e+01
1.224988051000000056e+01
1.225068058999999998e+01
1.225148066999999941e+01
1.225228075000000061e+01
1.225308083000000003e+01
1.225388090999999946e+01
1.225468099000000066e+01
1.225548107000000009e+01
1.225628114999999951e+01
1.225708123000000072e+01
1.225788131000000014e+01
1.225868138999999957e+01
1.225948147000000077e+01
1.226028155000000019e+01
1.226108162999999962e+01
1.226188171000000082e+01
1.226268179000000025e+01
1.226348186999999967e+01
1.226348186999999967e+01
1.226428195000000088e+01
1.226428195000000088e+01
1.226508203000000030e+01
1.226668218999999915e+01
1.226748227000000036e+01
1.226828234999999978e+01
1.226828234999999978e+01
1.226908242999999921e+01
1.226988251000000041e+01
1.227068258999999983e+01
1.227068258999999983e+01
1.227148266999999926e+01
1.227228275000000046e+01
1.227308282999999989e+01
1.227308282999999989e+01
1.227388290999999931e+01
1.227388290999999931e+01
1.227388290999999931e+01
1.227468299000000052e+01
1.227548306999999994e+01
1.227628314999999937e+01
1.227708323000000057e+01
1.227788330999999999e+01
1.227868338999999942e+01
1.227948347000000062e+01
1.228028355000000005e+01
1.228108362999999947e+01
1.228188371000000068e+01
1.228268379000000010e+01
1.228348386999999953e+01
1.228428395000000073e+01
1.228508403000000015e+01
1.226668218999999915e+01
1.226748227000000036e+01
1.226828234999999978e+01
1.226828234999999978e+01
1.226908242999999921e+01
1.226988251000000041e+01
1.227068258999999983e+01
1.227068258999999983e+01
1.227148266999999926e+01
1.227228275000000046e+01
1.227308282999999989e+01
1.227308282999999989e+01
1.227388290999999931e+01
1.227388290999999931e+01
1.227388290999999931e+01
1.227468299000000052e+01
1.227548306999999994e+01
1.227628314999999937e+01
1.227708323000000057e+01
1.227788330999999999e+01
1.227868338999999942e+01
1.227948347000000062e+01
1.228028355000000005e+01
1.228108362999999947e+01
1.228188371000000068e+01
1.228268379000000010e+01
1.228348386999999953e+01
1.228428395000000073e+01
1.228508403000000015e+01
1.227148266999999926e+01
1.227228275000000046e+01
1.227308282999999989e+01
1.227308282999999989e+01
1.227388290999999931e+01
1.227388290999999931e+01
1.227388290999999931e+01
1.227468299000000052e+01
1.227548306999999994e+01
1.227628314999999937e+01
1.227708323000000057e+01
1.227788330999999999e+01
1.227868338999999942e+01
1.227948347000000062e+01
1.228028355000000005e+01
1.228108362999999947e+01
1.228188371000000068e+01
1.228268379000000010e+01
1.228348386999999953e+01
1.228428395000000073e+01
1.228508403000000015e+01
1.228588410999999958e+01
1.228588410999999958e+01
1.228588410999999958e+01
1.228588410999999958e+01
1.228668419000000078e+01
1.228748427000000021e+01
1.228828434999999963e+01
1.228908443000000084e+01
1.228988451000000026e+01
1.227148266999999926e+01
1.227228275000000046e+01
1.227308282999999989e+01
1.227308282999999989e+01
1.227388290999999931e+01
1.227388290999999931e+01
1.227388290999999931e+01
1.227468299000000052e+01
1.227548306999999994e+01
1.227628314999999937e+01
1.227708323000000057e+01
1.227788330999999999e+01
1.227868338999999942e+01
1.227948347000000062e+01
1.228028355000000005e+01
1.228108362999999947e+01
1.228188371000000068e+01
1.228268379000000010e+01
1.228348386999999953e+01
1.228428395000000073e+01
1.228508403000000015e+01
1.228588410999999958e+01
1.228588410999999958e+01
1.228588410999999958e+01
1.228588410999999958e+01
1.228668419000000078e+01
1.228748427000000021e+01
1.228828434999999963e+01
1.228908443000000084e+01
1.228988451000000026e+01
1.228588410999999958e+01
1.228588410999999958e+01
1.228668419000000078e+01
1.228748427000000021e+01
1.228828434999999963e+01
1.228908443000000084e+01
1.228988451000000026e+01
1.229068458999999969e+01
1.229068458999999969e+01
1.229068458999999969e+01
1.229148466999999911e+01
1.229228475000000032e+01
1.229228475000000032e+01
1.229308482999999974e+01
1.229388490999999917e+01
1.229468499000000037e+01
1.229548506999999979e+01
1.229628514999999922e+01
1.229628514999999922e+01
1.229708523000000042e+01
1.229788530999999985e+01
1.229788530999999985e+01
1.229868538999999927e+01
1.229868538999999927e+01
1.229948547000000048e+01
1.230028554999999990e+01
1.230108562999999933e+01
1.230188571000000053e+01
1.230268578999999995e+01
1.230348586999999938e+01
1.230428595000000058e+01
1.229548506999999979e+01
1.229628514999999922e+01
1.229628514999999922e+01
1.229708523000000042e+01
1.229788530999999985e+01
1.229788530999999985e+01
1.229868538999999927e+01
1.229868538999999927e+01
1.229948547000000048e+01
1.230028554999999990e+01
1.230108562999999933e+01
1.230188571000000053e+01
1.230268578999999995e+01
1.230348586999999938e+01
1.230428595000000058e+01
1.230508603000000001e+01
1.230508603000000001e+01
1.230588610999999943e+01
1.230668619000000064e+01
1.230668619000000064e+01
1.230748627000000006e+01
1.230748627000000006e+01
1.230828634999999949e+01
1.230908643000000069e+01
1.230988651000000011e+01
1.230988651000000011e+01
1.230988651000000011e+01
1.230988651000000011e+01
1.231068658999999954e+01
1.231148667000000074e+01
1.231148667000000074e+01
1.231228675000000017e+01
1.231228675000000017e+01
1.230748627000000006e+01
1.230828634999999949e+01
1.230908643000000069e+01
1.230988651000000011e+01
1.230988651000000011e+01
1.230988651000000011e+01
1.230988651000000011e+01
1.231068658999999954e+01
1.231148667000000074e+01
1.231148667000000074e+01
1.231228675000000017e+01
1.231228675000000017e+01
1.231228675000000017e+01
1.231228675000000017e+01
1.231308682999999959e+01
1.231388691000000080e+01
1.231468699000000022e+01
1.231548706999999965e+01
1.231628715000000085e+01
1.231708723000000028e+01
1.231708723000000028e+01
1.231788730999999970e+01
1.231788730999999970e+01
1.231788730999999970e+01
1.231788730999999970e+01
1.231868738999999913e+01
1.231948747000000033e+01
1.232028754999999975e+01
1.232108762999999918e+01
1.232188771000000038e+01
1.232268778999999981e+01
1.231948747000000033e+01
1.232028754999999975e+01
1.232108762999999918e+01
1.232188771000000038e+01
1.232268778999999981e+01
1.232348786999999923e+01
1.232348786999999923e+01
1.232428795000000044e+01
1.232508802999999986e+01
1.232588810999999929e+01
1.232668819000000049e+01
1.232748826999999991e+01
1.232748826999999991e+01
1.232828834999999934e+01
1.232828834999999934e+01
1.232828834999999934e+01
1.232908843000000054e+01
1.232988850999999997e+01
1.232988850999999997e+01
1.233068858999999939e+01
1.233068858999999939e+01
1.233068858999999939e+01
1.233068858999999939e+01
1.233068858999999939e+01
1.233068858999999939e+01
1.233148867000000060e+01
1.233228875000000002e+01
1.233308882999999945e+01
1.233388891000000065e+01
1.233468899000000008e+01
1.233548906999999950e+01
1.233548906999999950e+01
1.234268978999999966e+01
1.234348987000000086e+01
1.234348987000000086e+01
1.234348987000000086e+01
1.234348987000000086e+01
1.234348987000000086e+01
1.234348987000000086e+01
1.234428995000000029e+01
1.234509002999999971e+01
1.234589010999999914e+01
1.234669019000000034e+01
1.234749026999999977e+01
1.234829034999999919e+01
1.234909043000000040e+01
1.234989050999999982e+01
1.234989050999999982e+01
1.235069058999999925e+01
1.235149067000000045e+01
1.235229074999999987e+01
1.235309082999999930e+01
1.235389091000000050e+01
1.235389091000000050e+01
1.235389091000000050e+01
1.235469098999999993e+01
1.235549106999999935e+01
1.235629115000000056e+01
1.235629115000000056e+01
1.235629115000000056e+01
1.235629115000000056e+01
1.235709122999999998e+01
1.235789130999999941e+01
1.235869139000000061e+01
1.234589010999999914e+01
1.234669019000000034e+01
1.234749026999999977e+01
1.234829034999999919e+01
1.234909043000000040e+01
1.234989050999999982e+01
1.234989050999999982e+01
1.235069058999999925e+01
1.235149067000000045e+01
1.235229074999999987e+01
1.235309082999999930e+01
1.235389091000000050e+01
1.235389091000000050e+01
1.235389091000000050e+01
1.235469098999999993e+01
1.235549106999999935e+01
1.235629115000000056e+01
1.235629115000000056e+01
1.235629115000000056e+01
1.235629115000000056e+01
1.235709122999999998e+01
1.235789130999999941e+01
1.235869139000000061e+01
1.235949147000000004e+01
1.236029154999999946e+01
1.236109163000000066e+01
1.236109163000000066e+01
1.236189171000000009e+01
1.236269178999999951e+01
1.235389091000000050e+01
1.235389091000000050e+01
1.235389091000000050e+01
1.235469098999999993e+01
1.235549106999999935e+01
1.235629115000000056e+01
1.235629115000000056e+01
1.235629115000000056e+01
1.235629115000000056e+01
1.235709122999999998e+01
1.235789130999999941e+01
1.235869139000000061e+01
1.235949147000000004e+01
1.236029154999999946e+01
1.236109163000000066e+01
1.236109163000000066e+01
1.236189171000000009e+01
1.236269178999999951e+01
1.236349187000000072e+01
1.236349187000000072e+01
1.236429195000000014e+01
1.236509202999999957e+01
1.236589211000000077e+01
1.236669219000000020e+01
1.236749226999999962e+01
1.236829235000000082e+01
1.236909243000000025e+01
1.237949346999999989e+01
1.238029354999999931e+01
1.238109363000000052e+01
1.238189370999999994e+01
1.238189370999999994e+01
1.238189370999999994e+01
1.238269378999999937e+01
1.238349387000000057e+01
1.236829235000000082e+01
1.236909243000000025e+01
1.236989250999999967e+01
1.237069259000000088e+01
1.237069259000000088e+01
1.237069259000000088e+01
1.237149267000000030e+01
1.237229274999999973e+01
1.237229274999999973e+01
1.237309282999999915e+01
1.237309282999999915e+01
1.237389291000000036e+01
1.237469298999999978e+01
1.237549306999999921e+01
1.237629315000000041e+01
1.237629315000000041e+01
1.237709322999999983e+01
1.237789330999999926e+01
1.237869339000000046e+01
1.237949346999999989e+01
1.238029354999999931e+01
1.238109363000000052e+01
1.238109363000000052e+01
1.238189370999999994e+01
1.238189370999999994e+01
1.238269378999999937e+01
1.238349387000000057e+01
1.238429395000000000e+01
1.238509402999999942e+01
1.238589411000000062e+01
1.238749426999999947e+01
1.238749426999999947e+01
1.238749426999999947e+01
1.238749426999999947e+01
1.238829435000000068e+01
1.238909443000000010e+01
1.238989450999999953e+01
1.238989450999999953e+01
1.239069459000000073e+01
1.239149467000000016e+01
1.239229474999999958e+01
1.239309483000000078e+01
1.239389491000000021e+01
1.239469498999999963e+01
1.239549507000000084e+01
1.239629515000000026e+01
1.239709522999999969e+01
1.239789530999999911e+01
1.239869539000000032e+01
1.239949546999999974e+01
1.240029554999999917e+01
1.238109363000000052e+01
1.238189370999999994e+01
1.238189370999999994e+01
1.238269378999999937e+01
1.238349387000000057e+01
1.238429395000000000e+01
1.238509402999999942e+01
1.238589411000000062e+01
1.238669419000000005e+01
1.238669419000000005e+01
1.238669419000000005e+01
1.238749426999999947e+01
1.238829435000000068e+01
1.238909443000000010e+01
1.238989450999999953e+01
1.239069459000000073e+01
1.239069459000000073e+01
1.239069459000000073e+01
1.239149467000000016e+01
1.239229474999999958e+01
1.239309483000000078e+01
1.239389491000000021e+01
1.239469498999999963e+01
1.239549507000000084e+01
1.239629515000000026e+01
1.239629515000000026e+01
1.239629515000000026e+01
1.239629515000000026e+01
1.239709522999999969e+01
1.239789530999999911e+01
1.239869539000000032e+01
1.239869539000000032e+01
1.239869539000000032e+01
1.239869539000000032e+01
1.238349387000000057e+01
1.238589411000000062e+01
1.238669419000000005e+01
1.238749426999999947e+01
1.238749426999999947e+01
1.238749426999999947e+01
1.238749426999999947e+01
1.238749426999999947e+01
1.238829435000000068e+01
1.238909443000000010e+01
1.238989450999999953e+01
1.238989450999999953e+01
1.239069459000000073e+01
1.237229274999999973e+01
1.237309282999999915e+01
1.237309282999999915e+01
1.237389291000000036e+01
1.237469298999999978e+01
1.237549306999999921e+01
1.237629315000000041e+01
1.237629315000000041e+01
1.237709322999999983e+01
1.237789330999999926e+01
1.237869339000000046e+01
1.237949346999999989e+01
1.238029354999999931e+01
1.238109363000000052e+01
1.238109363000000052e+01
1.238189370999999994e+01
1.238189370999999994e+01
1.238269378999999937e+01
1.238349387000000057e+01
1.238429395000000000e+01
1.238509402999999942e+01
1.238589411000000062e+01
1.238669419000000005e+01
1.238669419000000005e+01
1.238669419000000005e+01
1.238749426999999947e+01
1.238829435000000068e+01
1.238909443000000010e+01
1.238989450999999953e+01
1.239069459000000073e+01
1.239069459000000073e+01
1.239069459000000073e+01
1.234829034999999919e+01
1.234909043000000040e+01
1.234909043000000040e+01
1.234989050999999982e+01
1.235069058999999925e+01
1.235069058999999925e+01
1.235149067000000045e+01
1.235149067000000045e+01
1.235229074999999987e+01
1.235229074999999987e+01
1.235309082999999930e+01
1.235389091000000050e+01
1.235469098999999993e+01
1.235549106999999935e+01
1.235629115000000056e+01
1.235709122999999998e+01
1.235709122999999998e+01
1.235709122999999998e+01
1.235709122999999998e+01
1.235709122999999998e+01
1.235789130999999941e+01
1.235869139000000061e+01
1.235949147000000004e+01
1.233788930999999955e+01
1.233788930999999955e+01
1.233788930999999955e+01
1.233868939000000076e+01
1.233868939000000076e+01
1.233948947000000018e+01
1.234028954999999961e+01
1.234108963000000081e+01
1.234188971000000024e+01
1.234268978999999966e+01
1.234348987000000086e+01
1.234348987000000086e+01
1.234348987000000086e+01
1.234348987000000086e+01
1.234348987000000086e+01
1.234348987000000086e+01
1.234428995000000029e+01
1.234509002999999971e+01
1.234589010999999914e+01
1.234669019000000034e+01
1.234749026999999977e+01
1.234829034999999919e+01
1.234909043000000040e+01
1.234989050999999982e+01
1.234989050999999982e+01
1.235069058999999925e+01
1.235149067000000045e+01
1.235229074999999987e+01
1.234589010999999914e+01
1.234589010999999914e+01
1.234589010999999914e+01
1.234669019000000034e+01
1.232828834999999934e+01
1.232828834999999934e+01
1.232828834999999934e+01
1.232908843000000054e+01
1.232988850999999997e+01
1.232988850999999997e+01
1.233068858999999939e+01
1.233068858999999939e+01
1.233068858999999939e+01
1.233068858999999939e+01
1.233068858999999939e+01
1.233068858999999939e+01
1.233148867000000060e+01
1.233228875000000002e+01
1.233308882999999945e+01
1.233388891000000065e+01
1.233468899000000008e+01
1.233548906999999950e+01
1.233548906999999950e+01
1.233548906999999950e+01
1.233548906999999950e+01
1.233548906999999950e+01
1.233628915000000070e+01
1.233708923000000013e+01
1.233788930999999955e+01
1.233788930999999955e+01
1.233788930999999955e+01
1.233868939000000076e+01
1.233868939000000076e+01
1.233948947000000018e+01
1.234028954999999961e+01
1.234108963000000081e+01
1.234188971000000024e+01
1.234268978999999966e+01
1.234348987000000086e+01
1.230348586999999938e+01
1.230428595000000058e+01
1.230508603000000001e+01
1.230508603000000001e+01
1.230588610999999943e+01
1.230668619000000064e+01
1.230668619000000064e+01
1.230748627000000006e+01
1.230748627000000006e+01
1.230828634999999949e+01
1.230908643000000069e+01
1.230988651000000011e+01
1.230988651000000011e+01
1.230988651000000011e+01
1.230988651000000011e+01
1.231068658999999954e+01
1.231148667000000074e+01
1.231148667000000074e+01
1.231228675000000017e+01
1.231228675000000017e+01
1.231228675000000017e+01
1.231228675000000017e+01
1.231308682999999959e+01
1.231388691000000080e+01
1.231468699000000022e+01
1.231548706999999965e+01
1.231628715000000085e+01
1.231708723000000028e+01
1.231708723000000028e+01
1.231788730999999970e+01
1.231788730999999970e+01
1.231788730999999970e+01
1.231788730999999970e+01
1.229868538999999927e+01
1.228508403000000015e+01
1.228588410999999958e+01
1.228588410999999958e+01
1.228588410999999958e+01
1.228588410999999958e+01
1.228668419000000078e+01
1.228748427000000021e+01
1.228828434999999963e+01
1.228908443000000084e+01
1.228988451000000026e+01
1.229068458999999969e+01
1.229068458999999969e+01
1.229068458999999969e+01
1.229148466999999911e+01
1.229228475000000032e+01
1.229228475000000032e+01
1.229308482999999974e+01
1.229388490999999917e+01
1.229468499000000037e+01
1.229548506999999979e+01
1.229628514999999922e+01
1.229628514999999922e+01
1.229708523000000042e+01
1.229788530999999985e+01
1.229788530999999985e+01
1.229868538999999927e+01
1.229868538999999927e+01
1.229948547000000048e+01
1.230028554999999990e+01
1.230108562999999933e+01
1.230188571000000053e+01
1.226108162999999962e+01
1.226188171000000082e+01
1.226188171000000082e+01
1.226188171000000082e+01
1.226188171000000082e+01
1.226188171000000082e+01
1.226268179000000025e+01
1.226348186999999967e+01
1.226428195000000088e+01
1.226508203000000030e+01
1.226588210999999973e+01
1.226668218999999915e+01
1.226748227000000036e+01
1.226828234999999978e+01
1.226908242999999921e+01
1.226988251000000041e+01
1.226988251000000041e+01
1.226988251000000041e+01
1.226988251000000041e+01
1.226988251000000041e+01
1.226988251000000041e+01
1.226988251000000041e+01
1.227068258999999983e+01
1.227148266999999926e+01
1.227228275000000046e+01
1.227308282999999989e+01
1.227388290999999931e+01
1.227388290999999931e+01
1.227468299000000052e+01
1.225388090999999946e+01
1.225468099000000066e+01
1.225548107000000009e+01
1.225628114999999951e+01
1.225708123000000072e+01
1.225788131000000014e+01
1.225868138999999957e+01
1.225948147000000077e+01
1.226028155000000019e+01
1.226108162999999962e+01
1.226188171000000082e+01
1.226268179000000025e+01
1.226348186999999967e+01
1.226348186999999967e+01
1.226428195000000088e+01
1.226428195000000088e+01
1.226508203000000030e+01
1.226588210999999973e+01
1.226588210999999973e+01
1.226588210999999973e+01
1.226668218999999915e+01
1.226748227000000036e+01
1.226828234999999978e+01
1.222827835000000007e+01
1.222907842999999950e+01
1.222907842999999950e+01
1.223067859000000013e+01
1.223067859000000013e+01
1.223067859000000013e+01
1.223067859000000013e+01
1.223067859000000013e+01
1.223067859000000013e+01
1.223147866999999955e+01
1.221147666999999970e+01
1.221227674999999913e+01
1.221307683000000033e+01
1.221387690999999975e+01
1.221467698999999918e+01
1.221547707000000038e+01
1.221627714999999981e+01
1.221707722999999923e+01
1.221707722999999923e+01
1.221787731000000043e+01
1.221867738999999986e+01
1.221947746999999929e+01
1.221947746999999929e+01
1.221947746999999929e+01
1.222027755000000049e+01
1.222027755000000049e+01
1.218507402999999911e+01
1.218587411000000031e+01
1.218667418999999974e+01
1.218747426999999917e+01
1.218827435000000037e+01
1.218907442999999979e+01
1.218907442999999979e+01
1.218987450999999922e+01
1.218987450999999922e+01
1.218987450999999922e+01
1.219067459000000042e+01
1.219067459000000042e+01
1.219147466999999985e+01
1.219227474999999927e+01
1.219227474999999927e+01
1.219227474999999927e+01
1.219307483000000047e+01
1.219387490999999990e+01
1.219467498999999933e+01
1.219547507000000053e+01
1.219627514999999995e+01
1.219627514999999995e+01
1.219707522999999938e+01
1.219787531000000058e+01
1.215547107000000082e+01
1.215627115000000025e+01
1.215707122999999967e+01
1.215787131000000088e+01
1.215867139000000030e+01
1.215947146999999973e+01
1.216027154999999915e+01
1.216107163000000035e+01
1.216187170999999978e+01
1.216267178999999921e+01
1.216347187000000041e+01
1.216427194999999983e+01
1.216507202999999926e+01
1.216587211000000046e+01
1.216587211000000046e+01
1.216587211000000046e+01
1.216587211000000046e+01
1.216587211000000046e+01
1.216667218999999989e+01
1.216747226999999931e+01
1.216827235000000051e+01
1.216827235000000051e+01
1.216827235000000051e+01
1.216827235000000051e+01
1.216827235000000051e+01
1.216907242999999994e+01
1.216907242999999994e+01
1.216907242999999994e+01
1.216907242999999994e+01
1.216907242999999994e+01
1.216987250999999937e+01
1.217067259000000057e+01
1.217147266999999999e+01
1.217147266999999999e+01
1.217147266999999999e+01
1.217227274999999942e+01
1.215467098999999962e+01
1.215547107000000082e+01
1.215547107000000082e+01
1.215627115000000025e+01
1.215707122999999967e+01
1.215787131000000088e+01
1.215867139000000030e+01
1.215947146999999973e+01
1.216027154999999915e+01
1.216107163000000035e+01
1.216187170999999978e+01
1.216267178999999921e+01
1.216347187000000041e+01
1.216427194999999983e+01
1.216507202999999926e+01
1.216587211000000046e+01
1.216587211000000046e+01
1.216587211000000046e+01
1.216587211000000046e+01
1.216587211000000046e+01
1.216667218999999989e+01
1.216747226999999931e+01
1.216827235000000051e+01
1.216827235000000051e+01
1.216827235000000051e+01
1.216827235000000051e+01
1.216827235000000051e+01
1.216907242999999994e+01
1.216907242999999994e+01
1.216907242999999994e+01
1.216907242999999994e+01
1.216907242999999994e+01
1.216987250999999937e+01
1.217067259000000057e+01
1.217147266999999999e+01
1.217147266999999999e+01
1.218987450999999922e+01
1.218987450999999922e+01
1.218987450999999922e+01
1.219067459000000042e+01
1.219067459000000042e+01
1.219147466999999985e+01
1.219227474999999927e+01
1.219227474999999927e+01
1.219227474999999927e+01
1.219307483000000047e+01
1.219387490999999990e+01
1.219467498999999933e+01
1.219547507000000053e+01
1.219627514999999995e+01
1.219627514999999995e+01
1.219707522999999938e+01
1.219787531000000058e+01
1.219867539000000001e+01
1.219947546999999943e+01
1.220667618999999959e+01
1.220747627000000080e+01
1.220747627000000080e+01
1.220827635000000022e+01
1.220907642999999965e+01
1.223547907000000023e+01
1.223627914999999966e+01
1.223707923000000086e+01
1.223707923000000086e+01
1.223707923000000086e+01
1.223707923000000086e+01
1.223787931000000029e+01
1.223867938999999971e+01
1.223947946999999914e+01
1.224027955000000034e+01
1.224107962999999977e+01
1.224107962999999977e+01
1.224107962999999977e+01
1.224187970999999919e+01
1.224267979000000039e+01
1.224347986999999982e+01
1.224427994999999925e+01
1.224427994999999925e+01
1.224508003000000045e+01
1.224588010999999987e+01
1.224668018999999930e+01
1.224668018999999930e+01
1.224668018999999930e+01
1.224748027000000050e+01
1.224828034999999993e+01
1.224908042999999935e+01
1.224988051000000056e+01
1.224107962999999977e+01
1.224107962999999977e+01
1.224107962999999977e+01
1.224187970999999919e+01
1.224267979000000039e+01
1.224347986999999982e+01
1.224427994999999925e+01
1.224427994999999925e+01
1.224508003000000045e+01
1.224588010999999987e+01
1.224668018999999930e+01
1.224668018999999930e+01
1.224668018999999930e+01
1.224748027000000050e+01
1.224828034999999993e+01
1.224908042999999935e+01
1.224988051000000056e+01
1.225068058999999998e+01
1.225148066999999941e+01
1.225228075000000061e+01
1.225308083000000003e+01
1.225388090999999946e+01
1.225468099000000066e+01
1.225548107000000009e+01
1.225628114999999951e+01
1.225708123000000072e+01
1.225788131000000014e+01
1.227388290999999931e+01
1.227388290999999931e+01
1.227468299000000052e+01
1.227548306999999994e+01
1.227628314999999937e+01
1.227708323000000057e+01
1.227788330999999999e+01
1.227868338999999942e+01
1.227948347000000062e+01
1.227948347000000062e+01
1.227948347000000062e+01
1.228028355000000005e+01
1.228108362999999947e+01
1.228188371000000068e+01
1.226428195000000088e+01
1.226428195000000088e+01
1.226508203000000030e+01
1.226588210999999973e+01
1.226588210999999973e+01
1.226588210999999973e+01
1.226668218999999915e+01
1.226748227000000036e+01
1.226828234999999978e+01
1.226828234999999978e+01
1.226908242999999921e+01
1.226988251000000041e+01
1.227068258999999983e+01
1.227068258999999983e+01
1.227148266999999926e+01
1.227228275000000046e+01
1.227308282999999989e+01
1.227308282999999989e+01
1.227388290999999931e+01
1.227388290999999931e+01
1.227388290999999931e+01
1.227468299000000052e+01
1.227548306999999994e+01
1.227628314999999937e+01
1.227708323000000057e+01
1.227788330999999999e+01
1.227868338999999942e+01
1.227948347000000062e+01
1.228028355000000005e+01
1.228508403000000015e+01
1.228588410999999958e+01
1.228668419000000078e+01
1.228908443000000084e+01
1.227148266999999926e+01
1.227228275000000046e+01
1.227308282999999989e+01
1.227308282999999989e+01
1.227388290999999931e+01
1.227388290999999931e+01
1.227388290999999931e+01
1.227468299000000052e+01
1.227548306999999994e+01
1.227628314999999937e+01
1.227708323000000057e+01
1.227788330999999999e+01
1.227868338999999942e+01
1.227948347000000062e+01
1.228028355000000005e+01
1.228108362999999947e+01
1.228188371000000068e+01
1.228268379000000010e+01
1.228348386999999953e+01
1.228428395000000073e+01
1.228508403000000015e+01
1.228588410999999958e+01
1.228588410999999958e+01
1.228588410999999958e+01
1.228588410999999958e+01
1.228668419000000078e+01
1.228748427000000021e+01
1.228828434999999963e+01
1.228908443000000084e+01
1.229548506999999979e+01
1.229548506999999979e+01
1.229628514999999922e+01
1.229628514999999922e+01
1.229708523000000042e+01
1.229788530999999985e+01
1.229788530999999985e+01
1.229788530999999985e+01
1.229868538999999927e+01
1.229868538999999927e+01
1.229868538999999927e+01
1.229868538999999927e+01
1.227788330999999999e+01
1.227868338999999942e+01
1.227948347000000062e+01
1.228028355000000005e+01
1.228108362999999947e+01
1.228188371000000068e+01
1.228268379000000010e+01
1.228348386999999953e+01
1.228428395000000073e+01
1.228508403000000015e+01
1.228588410999999958e+01
1.228588410999999958e+01
1.228588410999999958e+01
1.228588410999999958e+01
1.228668419000000078e+01
1.228748427000000021e+01
1.228828434999999963e+01
1.228908443000000084e+01
1.228988451000000026e+01
1.229068458999999969e+01
1.229068458999999969e+01
1.229068458999999969e+01
1.229148466999999911e+01
1.229228475000000032e+01
1.229228475000000032e+01
1.229308482999999974e+01
1.229388490999999917e+01
1.229708523000000042e+01
1.229788530999999985e+01
1.229788530999999985e+01
1.229788530999999985e+01
1.229868538999999927e+01
1.229868538999999927e+01
1.229868538999999927e+01
1.229868538999999927e+01
1.229948547000000048e+01
1.230028554999999990e+01
1.230108562999999933e+01
1.230188571000000053e+01
1.230268578999999995e+01
1.230348586999999938e+01
1.230428595000000058e+01
1.230428595000000058e+01
1.230428595000000058e+01
1.230508603000000001e+01
1.230588610999999943e+01
1.230668619000000064e+01
1.230668619000000064e+01
1.230748627000000006e+01
1.230828634999999949e+01
1.230828634999999949e+01
1.230828634999999949e+01
1.228748427000000021e+01
1.228828434999999963e+01
1.228908443000000084e+01
1.228988451000000026e+01
1.229068458999999969e+01
1.229068458999999969e+01
1.229068458999999969e+01
1.229148466999999911e+01
1.229228475000000032e+01
1.229228475000000032e+01
1.229308482999999974e+01
1.229388490999999917e+01
1.229468499000000037e+01
1.229548506999999979e+01
1.229628514999999922e+01
1.229628514999999922e+01
1.229708523000000042e+01
1.229788530999999985e+01
1.229788530999999985e+01
1.229868538999999927e+01
1.229868538999999927e+01
1.229948547000000048e+01
1.230028554999999990e+01
1.230108562999999933e+01
1.230188571000000053e+01
1.230268578999999995e+01
1.230348586999999938e+01
1.232188771000000038e+01
1.232188771000000038e+01
1.232188771000000038e+01
1.232268778999999981e+01
1.232348786999999923e+01
1.232508802999999986e+01
1.230668619000000064e+01
1.230668619000000064e+01
1.230748627000000006e+01
1.230748627000000006e+01
1.230828634999999949e+01
1.230908643000000069e+01
1.230988651000000011e+01
1.230988651000000011e+01
1.230988651000000011e+01
1.230988651000000011e+01
1.231068658999999954e+01
1.231148667000000074e+01
1.231148667000000074e+01
1.231228675000000017e+01
1.231228675000000017e+01
1.231228675000000017e+01
1.231228675000000017e+01
1.231308682999999959e+01
1.231388691000000080e+01
1.231468699000000022e+01
1.231548706999999965e+01
1.231628715000000085e+01
1.231708723000000028e+01
1.231708723000000028e+01
1.231788730999999970e+01
1.231788730999999970e+01
1.231788730999999970e+01
1.231788730999999970e+01
1.231868738999999913e+01
1.231948747000000033e+01
1.232028754999999975e+01
1.232108762999999918e+01
1.232588810999999929e+01
1.232668819000000049e+01
1.232748826999999991e+01
1.232748826999999991e+01
1.232828834999999934e+01
1.232828834999999934e+01
1.232828834999999934e+01
1.232908843000000054e+01
1.232988850999999997e+01
1.232988850999999997e+01
1.233068858999999939e+01
1.233068858999999939e+01
1.233068858999999939e+01
1.233068858999999939e+01
1.233068858999999939e+01
1.233068858999999939e+01
1.233148867000000060e+01
1.233228875000000002e+01
1.233308882999999945e+01
1.233388891000000065e+01
1.233468899000000008e+01
1.233548906999999950e+01
1.233548906999999950e+01
1.233548906999999950e+01
1.233548906999999950e+01
1.233548906999999950e+01
1.233628915000000070e+01
1.233708923000000013e+01
1.233788930999999955e+01
1.233788930999999955e+01
1.233788930999999955e+01
1.233868939000000076e+01
1.233868939000000076e+01
1.233948947000000018e+01
1.234028954999999961e+01
1.234108963000000081e+01
1.233788930999999955e+01
1.233788930999999955e+01
1.233788930999999955e+01
1.233868939000000076e+01
1.233868939000000076e+01
1.233948947000000018e+01
1.234028954999999961e+01
1.234108963000000081e+01
1.234188971000000024e+01
1.234268978999999966e+01
1.234348987000000086e+01
1.234348987000000086e+01
1.234348987000000086e+01
1.234348987000000086e+01
1.234348987000000086e+01
1.234348987000000086e+01
1.234428995000000029e+01
1.234509002999999971e+01
1.234589010999999914e+01
1.234669019000000034e+01
1.234749026999999977e+01
1.234829034999999919e+01
1.234909043000000040e+01
1.234989050999999982e+01
1.234989050999999982e+01
1.235069058999999925e+01
1.235149067000000045e+01
1.235229074999999987e+01
1.235309082999999930e+01
1.235389091000000050e+01
1.235389091000000050e+01
1.235389091000000050e+01
1.235469098999999993e+01
1.236349187000000072e+01
1.236429195000000014e+01
1.236429195000000014e+01
1.236429195000000014e+01
1.236429195000000014e+01
1.236509202999999957e+01
1.236589211000000077e+01
1.236669219000000020e+01
1.236669219000000020e+01
1.236749226999999962e+01
1.236829235000000082e+01
1.236829235000000082e+01
1.236909243000000025e+01
1.236989250999999967e+01
1.237069259000000088e+01
1.237149267000000030e+01
1.237149267000000030e+01
1.237149267000000030e+01
1.237149267000000030e+01
1.237229274999999973e+01
1.237309282999999915e+01
1.237309282999999915e+01
1.237309282999999915e+01
1.237389291000000036e+01
1.235309082999999930e+01
1.235389091000000050e+01
1.235389091000000050e+01
1.235389091000000050e+01
1.235469098999999993e+01
1.235549106999999935e+01
1.235629115000000056e+01
1.235629115000000056e+01
1.235629115000000056e+01
1.235629115000000056e+01
1.235709122999999998e+01
1.235789130999999941e+01
1.235869139000000061e+01
1.235949147000000004e+01
1.236029154999999946e+01
1.236109163000000066e+01
1.236109163000000066e+01
1.236189171000000009e+01
1.236269178999999951e+01
1.236349187000000072e+01
1.236349187000000072e+01
1.236429195000000014e+01
1.236509202999999957e+01
1.236589211000000077e+01
1.236669219000000020e+01
1.236749226999999962e+01
1.236829235000000082e+01
1.236909243000000025e+01
1.236989250999999967e+01
1.237069259000000088e+01
1.237069259000000088e+01
1.237069259000000088e+01
1.237869339000000046e+01
1.237949346999999989e+01
1.237949346999999989e+01
1.238029354999999931e+01
1.238109363000000052e+01
1.238189370999999994e+01
1.238189370999999994e+01
1.238189370999999994e+01
1.238269378999999937e+01
1.238349387000000057e+01
1.238429395000000000e+01
1.238509402999999942e+01
1.238589411000000062e+01
1.238589411000000062e+01
1.238669419000000005e+01
1.238749426999999947e+01
1.238749426999999947e+01
1.238749426999999947e+01
1.238749426999999947e+01
1.238749426999999947e+01
1.238829435000000068e+01
1.238909443000000010e+01
1.238989450999999953e+01
1.238989450999999953e+01
1.239069459000000073e+01
1.239149467000000016e+01
1.239229474999999958e+01
1.239309483000000078e+01
1.239389491000000021e+01
1.239469498999999963e+01
1.237309282999999915e+01
1.237309282999999915e+01
1.237389291000000036e+01
1.237469298999999978e+01
1.237549306999999921e+01
1.237629315000000041e+01
1.237629315000000041e+01
1.237709322999999983e+01
1.237789330999999926e+01
1.237869339000000046e+01
1.237949346999999989e+01
1.238029354999999931e+01
1.238109363000000052e+01
1.238109363000000052e+01
1.238189370999999994e+01
1.238189370999999994e+01
1.238269378999999937e+01
1.238349387000000057e+01
1.238429395000000000e+01
1.238509402999999942e+01
1.238589411000000062e+01
1.238669419000000005e+01
1.238669419000000005e+01
1.238669419000000005e+01
1.238749426999999947e+01
1.238829435000000068e+01
1.238909443000000010e+01
1.238989450999999953e+01
1.239069459000000073e+01
1.239069459000000073e+01
1.239069459000000073e+01
