1.251067139000000061e+01
1.251067139000000061e+01
1.251067139000000061e+01
1.251147147000000004e+01
1.251227154999999946e+01
1.251227154999999946e+01
1.251307163000000067e+01
1.251387171000000009e+01
1.251467178999999952e+01
1.251547187000000072e+01
1.251627195000000015e+01
1.251707202999999957e+01
1.251787211000000077e+01
1.251067139000000061e+01
1.251147147000000004e+01
1.251147147000000004e+01
1.251227154999999946e+01
1.251227154999999946e+01
1.251227154999999946e+01
1.251307163000000067e+01
1.251387171000000009e+01
1.251467178999999952e+01
1.251467178999999952e+01
1.251467178999999952e+01
1.251547187000000072e+01
1.251627195000000015e+01
1.251627195000000015e+01
1.251067139000000061e+01
1.251067139000000061e+01
1.251067139000000061e+01
1.251147147000000004e+01
1.251227154999999946e+01
1.251227154999999946e+01
1.251307163000000067e+01
1.251387171000000009e+01
1.251467178999999952e+01
1.251547187000000072e+01
1.251627195000000015e+01
1.251707202999999957e+01
1.251787211000000077e+01
1.251067139000000061e+01
1.251147147000000004e+01
1.251147147000000004e+01
1.251227154999999946e+01
1.251227154999999946e+01
1.251227154999999946e+01
1.251307163000000067e+01
1.251387171000000009e+01
1.251467178999999952e+01
1.251467178999999952e+01
1.251467178999999952e+01
1.251547187000000072e+01
1.251627195000000015e+01
1.251627195000000015e+01
1.251867219000000020e+01
1.251867219000000020e+01
1.251867219000000020e+01
1.251867219000000020e+01
1.251867219000000020e+01
1.251947226999999963e+01
1.252027235000000083e+01
1.252107243000000025e+01
1.252107243000000025e+01
1.252107243000000025e+01
1.252107243000000025e+01
1.252107243000000025e+01
1.252107243000000025e+01
1.251547187000000072e+01
1.251627195000000015e+01
1.251627195000000015e+01
1.251627195000000015e+01
1.251707202999999957e+01
1.251707202999999957e+01
1.251707202999999957e+01
1.251707202999999957e+01
1.251707202999999957e+01
1.251787211000000077e+01
1.251867219000000020e+01
1.251867219000000020e+01
1.251947226999999963e+01
1.252027235000000083e+01
1.252507282999999916e+01
1.252507282999999916e+01
1.252587291000000036e+01
1.252587291000000036e+01
1.252587291000000036e+01
1.252587291000000036e+01
1.252667298999999979e+01
1.252747306999999921e+01
1.252827315000000041e+01
1.252267259000000088e+01
1.252347267000000031e+01
1.252427274999999973e+01
1.252427274999999973e+01
1.252507282999999916e+01
1.252587291000000036e+01
1.252667298999999979e+01
1.252747306999999921e+01
1.252747306999999921e+01
1.252747306999999921e+01
1.252747306999999921e+01
1.252827315000000041e+01
1.252587291000000036e+01
1.252667298999999979e+01
1.252747306999999921e+01
1.252827315000000041e+01
1.252907322999999984e+01
1.252987330999999926e+01
1.252987330999999926e+01
1.252987330999999926e+01
1.253067339000000047e+01
1.253067339000000047e+01
1.252747306999999921e+01
1.252827315000000041e+01
1.252907322999999984e+01
1.252907322999999984e+01
1.252907322999999984e+01
1.252907322999999984e+01
1.252907322999999984e+01
1.252987330999999926e+01
1.253307363000000052e+01
1.253307363000000052e+01
1.253387370999999995e+01
1.253387370999999995e+01
1.253467378999999937e+01
1.253467378999999937e+01
1.253547387000000057e+01
1.253547387000000057e+01
1.253547387000000057e+01
1.253467378999999937e+01
1.253467378999999937e+01
1.253467378999999937e+01
1.253467378999999937e+01
1.253467378999999937e+01
1.253547387000000057e+01
1.253547387000000057e+01
1.253547387000000057e+01
1.253307363000000052e+01
1.253307363000000052e+01
1.253387370999999995e+01
1.253387370999999995e+01
1.253467378999999937e+01
1.253467378999999937e+01
1.253547387000000057e+01
1.253547387000000057e+01
1.253547387000000057e+01
1.253467378999999937e+01
1.253467378999999937e+01
1.253467378999999937e+01
1.253467378999999937e+01
1.253467378999999937e+01
1.253547387000000057e+01
1.253547387000000057e+01
1.253547387000000057e+01
1.253307363000000052e+01
1.253307363000000052e+01
1.253387370999999995e+01
1.253387370999999995e+01
1.253467378999999937e+01
1.253467378999999937e+01
1.253547387000000057e+01
1.253547387000000057e+01
1.253547387000000057e+01
1.253467378999999937e+01
1.253467378999999937e+01
1.253467378999999937e+01
1.253467378999999937e+01
1.253467378999999937e+01
1.253547387000000057e+01
1.253547387000000057e+01
1.253547387000000057e+01
1.253627395000000000e+01
1.253707402999999942e+01
1.253787411000000063e+01
1.253787411000000063e+01
1.253787411000000063e+01
1.253787411000000063e+01
1.253787411000000063e+01
1.253787411000000063e+01
1.253787411000000063e+01
1.253787411000000063e+01
1.253787411000000063e+01
1.253867419000000005e+01
1.253707402999999942e+01
1.253707402999999942e+01
1.253707402999999942e+01
1.253707402999999942e+01
1.253707402999999942e+01
1.253787411000000063e+01
1.253867419000000005e+01
1.253947426999999948e+01
1.254027435000000068e+01
1.254107443000000011e+01
1.254187450999999953e+01
1.254267459000000073e+01
1.254347467000000016e+01
1.253787411000000063e+01
1.253787411000000063e+01
1.253787411000000063e+01
1.253787411000000063e+01
1.253787411000000063e+01
1.253787411000000063e+01
1.253867419000000005e+01
1.253947426999999948e+01
1.254027435000000068e+01
1.254107443000000011e+01
1.254187450999999953e+01
1.254267459000000073e+01
1.254347467000000016e+01
1.254347467000000016e+01
1.254427474999999959e+01
1.253787411000000063e+01
1.253867419000000005e+01
1.253947426999999948e+01
1.254027435000000068e+01
1.254107443000000011e+01
1.254187450999999953e+01
1.254267459000000073e+01
1.254347467000000016e+01
1.254427474999999959e+01
1.254427474999999959e+01
1.254507483000000079e+01
1.254587491000000021e+01
1.254667498999999964e+01
1.253787411000000063e+01
1.253787411000000063e+01
1.253787411000000063e+01
1.253787411000000063e+01
1.253787411000000063e+01
1.253787411000000063e+01
1.253867419000000005e+01
1.253947426999999948e+01
1.254027435000000068e+01
1.254107443000000011e+01
1.254187450999999953e+01
1.254267459000000073e+01
1.254347467000000016e+01
1.254347467000000016e+01
1.254427474999999959e+01
1.253787411000000063e+01
1.253867419000000005e+01
1.253947426999999948e+01
1.254027435000000068e+01
1.254107443000000011e+01
1.254187450999999953e+01
1.254267459000000073e+01
1.254347467000000016e+01
1.254427474999999959e+01
1.254427474999999959e+01
1.254507483000000079e+01
1.254587491000000021e+01
1.254667498999999964e+01
1.253547387000000057e+01
1.253547387000000057e+01
1.253627395000000000e+01
1.253627395000000000e+01
1.253627395000000000e+01
1.253627395000000000e+01
1.253707402999999942e+01
1.253787411000000063e+01
1.253787411000000063e+01
1.253787411000000063e+01
1.253547387000000057e+01
1.253547387000000057e+01
1.253547387000000057e+01
1.253547387000000057e+01
1.253547387000000057e+01
1.253627395000000000e+01
1.253707402999999942e+01
1.253707402999999942e+01
1.253707402999999942e+01
1.253707402999999942e+01
1.253707402999999942e+01
1.252267259000000088e+01
1.252347267000000031e+01
1.252427274999999973e+01
1.252427274999999973e+01
1.252427274999999973e+01
1.252507282999999916e+01
1.252507282999999916e+01
1.251867219000000020e+01
1.251867219000000020e+01
1.251867219000000020e+01
1.251867219000000020e+01
1.251867219000000020e+01
1.251947226999999963e+01
1.252027235000000083e+01
1.252107243000000025e+01
1.252107243000000025e+01
1.252107243000000025e+01
1.252107243000000025e+01
1.252107243000000025e+01
1.252107243000000025e+01
1.251547187000000072e+01
1.251627195000000015e+01
1.251627195000000015e+01
1.251627195000000015e+01
1.251707202999999957e+01
1.251707202999999957e+01
1.251707202999999957e+01
1.251707202999999957e+01
1.251707202999999957e+01
1.251787211000000077e+01
1.251867219000000020e+01
1.251867219000000020e+01
1.251947226999999963e+01
1.252027235000000083e+01
1.252107243000000025e+01
1.250107043000000040e+01
1.250187050999999983e+01
1.250267058999999925e+01
1.250347067000000045e+01
1.250427074999999988e+01
1.250427074999999988e+01
1.250507082999999930e+01
1.250587091000000051e+01
1.250667098999999993e+01
1.250747106999999936e+01
1.250827115000000056e+01
1.250907122999999999e+01
1.250987130999999941e+01
1.250987130999999941e+01
1.250587091000000051e+01
1.250587091000000051e+01
1.250587091000000051e+01
1.250667098999999993e+01
1.250667098999999993e+01
1.250747106999999936e+01
1.250747106999999936e+01
1.250747106999999936e+01
1.250747106999999936e+01
1.250827115000000056e+01
1.250907122999999999e+01
1.250987130999999941e+01
1.250267058999999925e+01
1.250347067000000045e+01
1.250427074999999988e+01
1.250427074999999988e+01
1.250507082999999930e+01
1.250587091000000051e+01
1.250667098999999993e+01
1.250747106999999936e+01
1.250827115000000056e+01
1.250907122999999999e+01
1.250987130999999941e+01
1.250987130999999941e+01
1.251067139000000061e+01
1.250587091000000051e+01
1.250587091000000051e+01
1.250667098999999993e+01
1.250667098999999993e+01
1.250747106999999936e+01
1.250747106999999936e+01
1.250747106999999936e+01
1.250747106999999936e+01
1.250827115000000056e+01
1.250907122999999999e+01
1.250987130999999941e+01
1.251067139000000061e+01
1.250267058999999925e+01
1.250347067000000045e+01
1.250427074999999988e+01
1.250427074999999988e+01
1.250507082999999930e+01
1.250587091000000051e+01
1.250667098999999993e+01
1.250747106999999936e+01
1.250827115000000056e+01
1.250907122999999999e+01
1.250987130999999941e+01
1.250987130999999941e+01
1.251067139000000061e+01
1.250587091000000051e+01
1.250587091000000051e+01
1.250667098999999993e+01
1.250667098999999993e+01
1.250747106999999936e+01
1.250747106999999936e+01
1.250747106999999936e+01
1.250747106999999936e+01
1.250827115000000056e+01
1.250907122999999999e+01
1.250987130999999941e+01
1.251067139000000061e+01
1.248506882999999945e+01
1.248586891000000065e+01
1.248666899000000008e+01
1.248666899000000008e+01
1.248746906999999950e+01
1.248826915000000071e+01
1.248906923000000013e+01
1.248986930999999956e+01
1.249066939000000076e+01
1.249146947000000019e+01
1.249146947000000019e+01
1.249146947000000019e+01
1.249226954999999961e+01
1.249306963000000081e+01
1.248986930999999956e+01
1.249066939000000076e+01
1.249146947000000019e+01
1.249226954999999961e+01
1.249226954999999961e+01
1.249306963000000081e+01
1.249386971000000024e+01
1.249466978999999967e+01
1.249546987000000087e+01
1.249546987000000087e+01
1.249626995000000029e+01
1.249707002999999972e+01
1.249787010999999914e+01
1.250667098999999993e+01
1.250747106999999936e+01
1.250827115000000056e+01
1.250907122999999999e+01
1.250987130999999941e+01
1.250987130999999941e+01
1.251067139000000061e+01
1.251067139000000061e+01
1.251067139000000061e+01
1.251147147000000004e+01
1.251227154999999946e+01
1.251227154999999946e+01
1.251307163000000067e+01
1.251387171000000009e+01
1.251467178999999952e+01
1.250747106999999936e+01
1.250747106999999936e+01
1.250827115000000056e+01
1.250907122999999999e+01
1.250987130999999941e+01
1.251067139000000061e+01
1.251147147000000004e+01
1.251147147000000004e+01
1.251227154999999946e+01
1.251227154999999946e+01
1.251227154999999946e+01
1.251307163000000067e+01
1.251387171000000009e+01
1.251467178999999952e+01
1.251467178999999952e+01
1.252107243000000025e+01
1.252107243000000025e+01
1.252107243000000025e+01
1.252187250999999968e+01
1.252187250999999968e+01
1.252267259000000088e+01
1.252347267000000031e+01
1.252427274999999973e+01
1.253467378999999937e+01
1.253547387000000057e+01
1.253547387000000057e+01
1.253547387000000057e+01
1.253627395000000000e+01
1.253627395000000000e+01
1.253627395000000000e+01
1.253627395000000000e+01
1.253467378999999937e+01
1.253467378999999937e+01
1.253547387000000057e+01
1.253547387000000057e+01
1.253547387000000057e+01
1.253547387000000057e+01
1.253547387000000057e+01
1.253627395000000000e+01
1.253707402999999942e+01
1.253867419000000005e+01
1.253947426999999948e+01
1.254027435000000068e+01
1.254107443000000011e+01
1.254187450999999953e+01
1.254267459000000073e+01
1.254347467000000016e+01
1.254347467000000016e+01
1.254427474999999959e+01
1.254507483000000079e+01
1.254587491000000021e+01
1.254667498999999964e+01
1.254427474999999959e+01
1.254427474999999959e+01
1.254507483000000079e+01
1.254587491000000021e+01
1.254667498999999964e+01
1.254747507000000084e+01
1.254827515000000027e+01
1.254907522999999969e+01
1.254987530999999912e+01
1.255067539000000032e+01
1.254347467000000016e+01
1.254347467000000016e+01
1.254427474999999959e+01
1.254507483000000079e+01
1.254587491000000021e+01
1.254667498999999964e+01
1.254667498999999964e+01
1.254667498999999964e+01
1.254667498999999964e+01
1.254667498999999964e+01
1.255547587000000043e+01
1.255547587000000043e+01
1.255547587000000043e+01
1.255547587000000043e+01
1.255627594999999985e+01
1.261708203000000061e+01
1.261708203000000061e+01
1.261708203000000061e+01
1.261788211000000004e+01
1.261868218999999947e+01
1.261948227000000067e+01
1.261948227000000067e+01
1.262028235000000009e+01
1.262108242999999952e+01
1.262108242999999952e+01
1.262428275000000077e+01
1.262508283000000020e+01
1.262588290999999963e+01
1.262668299000000083e+01
1.262668299000000083e+01
1.262748307000000025e+01
1.262828314999999968e+01
1.262908323000000088e+01
1.262988331000000031e+01
1.263068338999999973e+01
1.263148346999999916e+01
1.263148346999999916e+01
1.263148346999999916e+01
1.263148346999999916e+01
1.263148346999999916e+01
1.263228355000000036e+01
1.263308362999999979e+01
1.263388370999999921e+01
1.263468379000000041e+01
1.263548386999999984e+01
1.263548386999999984e+01
1.263628394999999927e+01
1.263708403000000047e+01
1.262748307000000025e+01
1.262828314999999968e+01
1.262908323000000088e+01
1.262988331000000031e+01
1.263068338999999973e+01
1.263148346999999916e+01
1.263148346999999916e+01
1.263148346999999916e+01
1.263228355000000036e+01
1.263228355000000036e+01
1.263228355000000036e+01
1.263308362999999979e+01
1.263388370999999921e+01
1.263468379000000041e+01
1.263548386999999984e+01
1.263548386999999984e+01
1.263628394999999927e+01
1.263708403000000047e+01
1.263788410999999989e+01
1.263868418999999932e+01
1.263948427000000052e+01
1.263948427000000052e+01
1.262908323000000088e+01
1.262988331000000031e+01
1.263068338999999973e+01
1.263148346999999916e+01
1.263148346999999916e+01
1.263148346999999916e+01
1.263228355000000036e+01
1.263228355000000036e+01
1.263228355000000036e+01
1.263308362999999979e+01
1.263388370999999921e+01
1.263548386999999984e+01
1.263548386999999984e+01
1.263628394999999927e+01
1.263708403000000047e+01
1.263788410999999989e+01
1.263868418999999932e+01
1.263948427000000052e+01
1.263948427000000052e+01
1.263948427000000052e+01
1.264028434999999995e+01
1.264108442999999937e+01
