1.350428154999999997e+01
1.350508162999999939e+01
1.350588171000000060e+01
1.350668179000000002e+01
1.350748186999999945e+01
1.350748186999999945e+01
1.350828195000000065e+01
1.350908203000000007e+01
1.350988210999999950e+01
1.351068219000000070e+01
1.351148227000000013e+01
1.351228234999999955e+01
1.351308243000000076e+01
1.351388251000000018e+01
1.351468258999999961e+01
1.351548267000000081e+01
1.351628275000000023e+01
1.351708282999999966e+01
1.351788291000000086e+01
1.351868299000000029e+01
1.351948306999999971e+01
1.352028314999999914e+01
1.352108323000000034e+01
1.352108323000000034e+01
1.352188330999999977e+01
1.352268338999999919e+01
1.352348347000000039e+01
1.352428354999999982e+01
1.352508362999999925e+01
1.352588371000000045e+01
1.352668378999999987e+01
1.352748386999999930e+01
1.352828395000000050e+01
1.352908402999999993e+01
1.352988410999999935e+01
1.352988410999999935e+01
1.353068419000000056e+01
1.353148426999999998e+01
1.353228434999999941e+01
1.353308443000000061e+01
1.353388451000000003e+01
1.353468458999999946e+01
1.353548467000000066e+01
1.353628475000000009e+01
1.353068419000000056e+01
1.353148426999999998e+01
1.353228434999999941e+01
1.353308443000000061e+01
1.353388451000000003e+01
1.353468458999999946e+01
1.353548467000000066e+01
1.353628475000000009e+01
1.353708482999999951e+01
1.353788491000000072e+01
1.353868499000000014e+01
1.353948506999999957e+01
1.354028515000000077e+01
1.354108523000000019e+01
1.354188530999999962e+01
1.354268539000000082e+01
1.354348547000000025e+01
1.354428554999999967e+01
1.354508563000000088e+01
1.354588571000000030e+01
1.354668578999999973e+01
1.354748586999999915e+01
1.354828595000000035e+01
1.354908602999999978e+01
1.354988610999999921e+01
1.355068619000000041e+01
1.355148626999999983e+01
1.355228634999999926e+01
1.355308643000000046e+01
1.355388650999999989e+01
1.355468658999999931e+01
1.355548667000000052e+01
1.355548667000000052e+01
1.355628674999999994e+01
1.355708682999999937e+01
1.355788691000000057e+01
1.355868698999999999e+01
1.355948706999999942e+01
1.356028715000000062e+01
1.356108723000000005e+01
1.356108723000000005e+01
1.356188730999999947e+01
1.356268739000000068e+01
1.356348747000000010e+01
1.354828595000000035e+01
1.354908602999999978e+01
1.354988610999999921e+01
1.355068619000000041e+01
1.355148626999999983e+01
1.355228634999999926e+01
1.355308643000000046e+01
1.355388650999999989e+01
1.355468658999999931e+01
1.355548667000000052e+01
1.355548667000000052e+01
1.355628674999999994e+01
1.355708682999999937e+01
1.355788691000000057e+01
1.355868698999999999e+01
1.355948706999999942e+01
1.356028715000000062e+01
1.356108723000000005e+01
1.356108723000000005e+01
1.356188730999999947e+01
1.356268739000000068e+01
1.356348747000000010e+01
1.356428754999999953e+01
1.356508763000000073e+01
1.356588771000000015e+01
1.356668778999999958e+01
1.356748787000000078e+01
1.356828795000000021e+01
1.356828795000000021e+01
1.356908802999999963e+01
1.356988811000000084e+01
1.357068819000000026e+01
1.357148826999999969e+01
1.357228834999999911e+01
1.357308843000000032e+01
1.357308843000000032e+01
1.357388850999999974e+01
1.357468858999999917e+01
1.357468858999999917e+01
1.357468858999999917e+01
1.357548867000000037e+01
1.357548867000000037e+01
1.357548867000000037e+01
1.357548867000000037e+01
1.357628874999999979e+01
1.357708882999999922e+01
1.357788891000000042e+01
1.357788891000000042e+01
1.357868898999999985e+01
1.357948906999999927e+01
1.357948906999999927e+01
1.358028915000000048e+01
1.358028915000000048e+01
1.358828995000000006e+01
1.358909002999999949e+01
1.358989011000000069e+01
1.359069019000000011e+01
1.359149026999999954e+01
1.359149026999999954e+01
1.359149026999999954e+01
1.359149026999999954e+01
1.359229035000000074e+01
1.359309043000000017e+01
1.359389050999999959e+01
1.359389050999999959e+01
1.359469059000000080e+01
1.359549067000000022e+01
1.359549067000000022e+01
1.359549067000000022e+01
1.359549067000000022e+01
1.359629074999999965e+01
1.359709083000000085e+01
1.359709083000000085e+01
1.359709083000000085e+01
1.359789091000000028e+01
1.359789091000000028e+01
1.359869098999999970e+01
1.359949106999999913e+01
1.360029115000000033e+01
1.360029115000000033e+01
1.360029115000000033e+01
1.360029115000000033e+01
1.360109122999999975e+01
1.360109122999999975e+01
1.360189130999999918e+01
1.360189130999999918e+01
1.360189130999999918e+01
1.360189130999999918e+01
1.360189130999999918e+01
1.360189130999999918e+01
1.360189130999999918e+01
1.360189130999999918e+01
1.360269139000000038e+01
1.360269139000000038e+01
1.360349146999999981e+01
1.360349146999999981e+01
1.360349146999999981e+01
1.360429154999999923e+01
1.360509163000000044e+01
1.360509163000000044e+01
1.360509163000000044e+01
1.360509163000000044e+01
1.360509163000000044e+01
1.360589170999999986e+01
1.360669178999999929e+01
1.360749187000000049e+01
1.362829394999999977e+01
1.362829394999999977e+01
1.362909402999999919e+01
1.362989411000000040e+01
1.363069418999999982e+01
1.363069418999999982e+01
1.363069418999999982e+01
1.363149426999999925e+01
1.363229435000000045e+01
1.363309442999999987e+01
1.363389450999999930e+01
1.363469459000000050e+01
1.363549466999999993e+01
1.363629474999999935e+01
1.363709483000000056e+01
1.363789490999999998e+01
1.363869498999999941e+01
1.363949507000000061e+01
1.364029515000000004e+01
1.364109522999999946e+01
1.364189531000000066e+01
1.364269539000000009e+01
1.364349546999999951e+01
1.364429555000000072e+01
1.364509563000000014e+01
1.364509563000000014e+01
1.364589570999999957e+01
1.364669579000000077e+01
1.364669579000000077e+01
1.364749587000000020e+01
1.364829594999999962e+01
1.364909603000000082e+01
1.364989611000000025e+01
1.365069618999999967e+01
1.365149627000000088e+01
1.365149627000000088e+01
1.365149627000000088e+01
1.365229635000000030e+01
1.365309642999999973e+01
1.365389650999999915e+01
1.365469659000000036e+01
1.365549666999999978e+01
1.365629674999999921e+01
1.365709683000000041e+01
1.365789690999999983e+01
1.365869698999999926e+01
1.365869698999999926e+01
1.365949707000000046e+01
1.366029714999999989e+01
1.366109722999999931e+01
1.366189731000000052e+01
1.364189531000000066e+01
1.364269539000000009e+01
1.364349546999999951e+01
1.364429555000000072e+01
1.364509563000000014e+01
1.364509563000000014e+01
1.364589570999999957e+01
1.364669579000000077e+01
1.364669579000000077e+01
1.364749587000000020e+01
1.364829594999999962e+01
1.364909603000000082e+01
1.364989611000000025e+01
1.365069618999999967e+01
1.365149627000000088e+01
1.365149627000000088e+01
1.365149627000000088e+01
1.365229635000000030e+01
1.365309642999999973e+01
1.365389650999999915e+01
1.365469659000000036e+01
1.365549666999999978e+01
1.365629674999999921e+01
1.365709683000000041e+01
1.365789690999999983e+01
1.365869698999999926e+01
1.365869698999999926e+01
1.365949707000000046e+01
1.366029714999999989e+01
1.366109722999999931e+01
1.366189731000000052e+01
1.366269738999999994e+01
1.366349746999999937e+01
1.366429755000000057e+01
1.366429755000000057e+01
1.366509763000000000e+01
1.366589770999999942e+01
1.366669779000000062e+01
1.366749787000000005e+01
1.366829794999999947e+01
1.366909803000000068e+01
1.366909803000000068e+01
1.366909803000000068e+01
1.366989811000000010e+01
1.367069818999999953e+01
1.367149827000000073e+01
1.367229835000000016e+01
1.367309842999999958e+01
1.367389851000000078e+01
1.367469859000000021e+01
1.367549866999999963e+01
1.370110123000000080e+01
1.370110123000000080e+01
1.370110123000000080e+01
1.370110123000000080e+01
1.370110123000000080e+01
1.370190131000000022e+01
1.370270138999999965e+01
1.370350147000000085e+01
1.370430155000000028e+01
1.370430155000000028e+01
1.370510162999999970e+01
1.370590170999999913e+01
1.370670179000000033e+01
1.370750186999999976e+01
1.370750186999999976e+01
1.370830194999999918e+01
1.370910203000000038e+01
1.370990210999999981e+01
1.370990210999999981e+01
1.370990210999999981e+01
1.371070218999999923e+01
1.371150227000000044e+01
1.371150227000000044e+01
1.371230234999999986e+01
1.371230234999999986e+01
1.371230234999999986e+01
1.371310242999999929e+01
1.371390251000000049e+01
1.371470258999999992e+01
1.371550266999999934e+01
1.371630275000000054e+01
1.371710282999999997e+01
1.371710282999999997e+01
1.371790290999999939e+01
1.371790290999999939e+01
1.371870299000000060e+01
1.371950307000000002e+01
1.371950307000000002e+01
1.371950307000000002e+01
1.371950307000000002e+01
1.372030314999999945e+01
1.372030314999999945e+01
1.372030314999999945e+01
1.372030314999999945e+01
1.372110323000000065e+01
1.372190331000000008e+01
1.372190331000000008e+01
1.372190331000000008e+01
1.372190331000000008e+01
1.372270338999999950e+01
1.372350347000000070e+01
1.372430355000000013e+01
1.372430355000000013e+01
1.372430355000000013e+01
1.372190331000000008e+01
1.372190331000000008e+01
1.372190331000000008e+01
1.372190331000000008e+01
1.372270338999999950e+01
1.372350347000000070e+01
1.372430355000000013e+01
1.372430355000000013e+01
1.372430355000000013e+01
1.372510362999999955e+01
1.372590371000000076e+01
1.372670379000000018e+01
1.372750386999999961e+01
1.372830395000000081e+01
1.372910403000000024e+01
1.372910403000000024e+01
1.372990410999999966e+01
1.373070419000000086e+01
1.373070419000000086e+01
1.373070419000000086e+01
1.373070419000000086e+01
1.373150427000000029e+01
1.373230434999999972e+01
1.373310442999999914e+01
1.373310442999999914e+01
1.373310442999999914e+01
1.373310442999999914e+01
1.373310442999999914e+01
1.373390451000000034e+01
1.373390451000000034e+01
1.373390451000000034e+01
1.373390451000000034e+01
1.373390451000000034e+01
1.373390451000000034e+01
1.373470458999999977e+01
1.373470458999999977e+01
1.373550466999999919e+01
1.373630475000000040e+01
1.373630475000000040e+01
1.373630475000000040e+01
1.373710482999999982e+01
1.373790490999999925e+01
1.374670579000000004e+01
1.374750586999999946e+01
1.374750586999999946e+01
1.374750586999999946e+01
1.374750586999999946e+01
1.374750586999999946e+01
1.374750586999999946e+01
1.374830595000000066e+01
1.374910603000000009e+01
1.374990610999999952e+01
1.374990610999999952e+01
1.375070619000000072e+01
1.375070619000000072e+01
1.375150627000000014e+01
1.375230634999999957e+01
1.375310643000000077e+01
1.375310643000000077e+01
1.375390651000000020e+01
1.375470658999999962e+01
1.375550667000000082e+01
1.375550667000000082e+01
1.375630675000000025e+01
1.375710682999999968e+01
1.375790691000000088e+01
1.375870699000000030e+01
1.375950706999999973e+01
1.376030714999999915e+01
1.376110723000000036e+01
1.376110723000000036e+01
1.376110723000000036e+01
1.376190730999999978e+01
1.376270738999999921e+01
1.376350747000000041e+01
1.376430754999999984e+01
1.376510762999999926e+01
1.376590771000000046e+01
1.376670778999999989e+01
1.376750786999999931e+01
1.376830795000000052e+01
1.376910802999999994e+01
1.376990810999999937e+01
1.377070819000000057e+01
1.377070819000000057e+01
1.377150827000000000e+01
1.377230834999999942e+01
1.377230834999999942e+01
1.377310843000000062e+01
1.377390851000000005e+01
1.377470858999999948e+01
1.377550867000000068e+01
1.377630875000000010e+01
1.377710882999999953e+01
1.377790891000000073e+01
1.377950906999999958e+01
1.378030915000000078e+01
1.378110923000000021e+01
1.378190930999999964e+01
1.378270939000000084e+01
1.378350947000000026e+01
1.378430954999999969e+01
1.378510962999999911e+01
1.378590971000000032e+01
1.378670978999999974e+01
1.378670978999999974e+01
1.378670978999999974e+01
1.378670978999999974e+01
1.378670978999999974e+01
1.378750986999999917e+01
1.378830995000000037e+01
1.378830995000000037e+01
1.378911002999999980e+01
1.378991010999999922e+01
1.379071019000000042e+01
1.379151026999999985e+01
1.379231034999999927e+01
1.379311043000000048e+01
1.379311043000000048e+01
1.379311043000000048e+01
1.379391050999999990e+01
1.379471058999999933e+01
1.379471058999999933e+01
1.379551067000000053e+01
1.379631074999999996e+01
1.379711082999999938e+01
1.379791091000000058e+01
1.379871099000000001e+01
1.379951106999999944e+01
1.380031115000000064e+01
1.380111123000000006e+01
1.380191130999999949e+01
1.380191130999999949e+01
1.380191130999999949e+01
1.380271139000000069e+01
1.383471459000000081e+01
1.383471459000000081e+01
1.383471459000000081e+01
1.383551467000000024e+01
1.383631474999999966e+01
1.383631474999999966e+01
1.383711483000000086e+01
1.383711483000000086e+01
1.383791491000000029e+01
1.383791491000000029e+01
1.383871498999999972e+01
1.383951506999999914e+01
1.384031515000000034e+01
1.384111522999999977e+01
1.384111522999999977e+01
1.384191530999999920e+01
1.384191530999999920e+01
1.384271539000000040e+01
1.384351546999999982e+01
1.384351546999999982e+01
1.384351546999999982e+01
1.384431554999999925e+01
1.384511563000000045e+01
1.384591570999999988e+01
1.384591570999999988e+01
1.384671578999999930e+01
1.384751587000000050e+01
1.384831594999999993e+01
1.384911602999999936e+01
1.384911602999999936e+01
1.384911602999999936e+01
1.384991611000000056e+01
1.384991611000000056e+01
1.385071618999999998e+01
1.385151626999999941e+01
1.385231635000000061e+01
1.385231635000000061e+01
1.385231635000000061e+01
1.385311643000000004e+01
1.385391650999999946e+01
1.385471659000000066e+01
1.385551667000000009e+01
1.385631674999999952e+01
1.385711683000000072e+01
1.385791691000000014e+01
1.385871698999999957e+01
1.385951707000000077e+01
1.385951707000000077e+01
1.386031715000000020e+01
1.386111722999999962e+01
1.386111722999999962e+01
1.384991611000000056e+01
1.385071618999999998e+01
1.385151626999999941e+01
1.385231635000000061e+01
1.385231635000000061e+01
1.385231635000000061e+01
1.385311643000000004e+01
1.385391650999999946e+01
1.385471659000000066e+01
1.385551667000000009e+01
1.385631674999999952e+01
1.385711683000000072e+01
1.385791691000000014e+01
1.385871698999999957e+01
1.385951707000000077e+01
1.385951707000000077e+01
1.386031715000000020e+01
1.386111722999999962e+01
1.386111722999999962e+01
1.386111722999999962e+01
1.386191731000000082e+01
1.386271739000000025e+01
1.386351746999999968e+01
1.386351746999999968e+01
1.386431755000000088e+01
1.386511763000000030e+01
1.386511763000000030e+01
1.386591770999999973e+01
1.386671778999999916e+01
1.386671778999999916e+01
1.384911602999999936e+01
1.384991611000000056e+01
1.384991611000000056e+01
1.385071618999999998e+01
1.385151626999999941e+01
1.385231635000000061e+01
1.385231635000000061e+01
1.385231635000000061e+01
1.385311643000000004e+01
1.385391650999999946e+01
1.385471659000000066e+01
1.385551667000000009e+01
1.385631674999999952e+01
1.385711683000000072e+01
1.385791691000000014e+01
1.385871698999999957e+01
1.385951707000000077e+01
1.385951707000000077e+01
1.386031715000000020e+01
1.386111722999999962e+01
1.386111722999999962e+01
1.386111722999999962e+01
1.386191731000000082e+01
1.386271739000000025e+01
1.386351746999999968e+01
1.386351746999999968e+01
1.386431755000000088e+01
1.386511763000000030e+01
1.386511763000000030e+01
1.386591770999999973e+01
1.386671778999999916e+01
1.386671778999999916e+01
1.386751787000000036e+01
1.386751787000000036e+01
1.386831794999999978e+01
1.386911802999999921e+01
1.386991811000000041e+01
1.387071818999999984e+01
1.387151826999999926e+01
1.387151826999999926e+01
1.384911602999999936e+01
1.384911602999999936e+01
1.384991611000000056e+01
1.384991611000000056e+01
1.385071618999999998e+01
1.385151626999999941e+01
1.385231635000000061e+01
1.385231635000000061e+01
1.385231635000000061e+01
1.385311643000000004e+01
1.385391650999999946e+01
1.385471659000000066e+01
1.385551667000000009e+01
1.385631674999999952e+01
1.385711683000000072e+01
1.385791691000000014e+01
1.385871698999999957e+01
1.385951707000000077e+01
1.385951707000000077e+01
1.386031715000000020e+01
1.386111722999999962e+01
1.386111722999999962e+01
1.386111722999999962e+01
1.386191731000000082e+01
1.386271739000000025e+01
1.386351746999999968e+01
1.386351746999999968e+01
1.386431755000000088e+01
1.386511763000000030e+01
1.386511763000000030e+01
1.386591770999999973e+01
1.386671778999999916e+01
1.386671778999999916e+01
1.386751787000000036e+01
1.386751787000000036e+01
1.386831794999999978e+01
1.386911802999999921e+01
1.386991811000000041e+01
1.387071818999999984e+01
1.387151826999999926e+01
1.387151826999999926e+01
1.387231835000000046e+01
1.387231835000000046e+01
1.387231835000000046e+01
1.387231835000000046e+01
1.387311842999999989e+01
1.384991611000000056e+01
1.384991611000000056e+01
1.385071618999999998e+01
1.385151626999999941e+01
1.385231635000000061e+01
1.385231635000000061e+01
1.385231635000000061e+01
1.385311643000000004e+01
1.385391650999999946e+01
1.385471659000000066e+01
1.385551667000000009e+01
1.385631674999999952e+01
1.385711683000000072e+01
1.385791691000000014e+01
1.385871698999999957e+01
1.385951707000000077e+01
1.385951707000000077e+01
1.386031715000000020e+01
1.386111722999999962e+01
1.386111722999999962e+01
1.386111722999999962e+01
1.386191731000000082e+01
1.386271739000000025e+01
1.386351746999999968e+01
1.386351746999999968e+01
1.386431755000000088e+01
1.386511763000000030e+01
1.386511763000000030e+01
1.386591770999999973e+01
1.386671778999999916e+01
1.386671778999999916e+01
1.386751787000000036e+01
1.386751787000000036e+01
1.386831794999999978e+01
1.386911802999999921e+01
1.386991811000000041e+01
1.387071818999999984e+01
1.387151826999999926e+01
1.387151826999999926e+01
1.387231835000000046e+01
1.387231835000000046e+01
1.387231835000000046e+01
1.387231835000000046e+01
1.387311842999999989e+01
1.387311842999999989e+01
1.387311842999999989e+01
1.387311842999999989e+01
1.387391850999999932e+01
1.387471859000000052e+01
1.387551866999999994e+01
1.387551866999999994e+01
1.387631874999999937e+01
1.387711883000000057e+01
1.382271339000000054e+01
1.382351346999999997e+01
1.382431354999999940e+01
1.382431354999999940e+01
1.382431354999999940e+01
1.382511363000000060e+01
1.382591371000000002e+01
1.382671378999999945e+01
1.382751387000000065e+01
1.382831395000000008e+01
1.382831395000000008e+01
1.382831395000000008e+01
1.382831395000000008e+01
1.382911402999999950e+01
1.382911402999999950e+01
1.382991411000000070e+01
1.383071419000000013e+01
1.383151426999999956e+01
1.383231435000000076e+01
1.383231435000000076e+01
1.383311443000000018e+01
1.383391450999999961e+01
1.383471459000000081e+01
1.383471459000000081e+01
1.383471459000000081e+01
1.383551467000000024e+01
1.383631474999999966e+01
1.383631474999999966e+01
1.383711483000000086e+01
1.383711483000000086e+01
1.383791491000000029e+01
1.383791491000000029e+01
1.383871498999999972e+01
1.383951506999999914e+01
1.384031515000000034e+01
1.384111522999999977e+01
1.384111522999999977e+01
1.384191530999999920e+01
1.384191530999999920e+01
1.384271539000000040e+01
1.384351546999999982e+01
1.384351546999999982e+01
1.384351546999999982e+01
1.384431554999999925e+01
1.384511563000000045e+01
1.384591570999999988e+01
1.384591570999999988e+01
1.384671578999999930e+01
1.384751587000000050e+01
1.384831594999999993e+01
1.384911602999999936e+01
1.384911602999999936e+01
1.384911602999999936e+01
1.379631074999999996e+01
1.379711082999999938e+01
1.379791091000000058e+01
1.379871099000000001e+01
1.379951106999999944e+01
1.380031115000000064e+01
1.380111123000000006e+01
1.380191130999999949e+01
1.380191130999999949e+01
1.380191130999999949e+01
1.380271139000000069e+01
1.380351147000000012e+01
1.380431154999999954e+01
1.380431154999999954e+01
1.380511163000000074e+01
1.380591171000000017e+01
1.380671178999999960e+01
1.380751187000000080e+01
1.380831195000000022e+01
1.380911202999999965e+01
1.380991211000000085e+01
1.381071219000000028e+01
1.381151226999999970e+01
1.381151226999999970e+01
1.381231234999999913e+01
1.381231234999999913e+01
1.381231234999999913e+01
1.381311243000000033e+01
1.381391250999999976e+01
1.381391250999999976e+01
1.381391250999999976e+01
1.381471258999999918e+01
1.381551267000000038e+01
1.381631274999999981e+01
1.381631274999999981e+01
1.381711282999999924e+01
1.381791291000000044e+01
1.381791291000000044e+01
1.381791291000000044e+01
1.381791291000000044e+01
1.381791291000000044e+01
1.381871298999999986e+01
1.381951306999999929e+01
1.382031315000000049e+01
1.382111322999999992e+01
1.382191330999999934e+01
1.382271339000000054e+01
1.382351346999999997e+01
1.382431354999999940e+01
1.382431354999999940e+01
1.382431354999999940e+01
1.382511363000000060e+01
1.382591371000000002e+01
1.382671378999999945e+01
1.377230834999999942e+01
1.377230834999999942e+01
1.377310843000000062e+01
1.377390851000000005e+01
1.377470858999999948e+01
1.377550867000000068e+01
1.377630875000000010e+01
1.377710882999999953e+01
1.377790891000000073e+01
1.377870899000000016e+01
1.377950906999999958e+01
1.378030915000000078e+01
1.378110923000000021e+01
1.378190930999999964e+01
1.378270939000000084e+01
1.378350947000000026e+01
1.378430954999999969e+01
1.378510962999999911e+01
1.378590971000000032e+01
1.378670978999999974e+01
1.378670978999999974e+01
1.378670978999999974e+01
1.378670978999999974e+01
1.378670978999999974e+01
1.378750986999999917e+01
1.378830995000000037e+01
1.378830995000000037e+01
1.378911002999999980e+01
1.378991010999999922e+01
1.379071019000000042e+01
1.379151026999999985e+01
1.379231034999999927e+01
1.379311043000000048e+01
1.379311043000000048e+01
1.379311043000000048e+01
1.379391050999999990e+01
1.379471058999999933e+01
1.379471058999999933e+01
1.379551067000000053e+01
1.379631074999999996e+01
1.379711082999999938e+01
1.379791091000000058e+01
1.379871099000000001e+01
1.379951106999999944e+01
1.380031115000000064e+01
1.380111123000000006e+01
1.380191130999999949e+01
1.380191130999999949e+01
1.380191130999999949e+01
1.380271139000000069e+01
1.380351147000000012e+01
1.380431154999999954e+01
1.367869898999999911e+01
1.367949907000000032e+01
1.368029914999999974e+01
1.368109922999999917e+01
1.368189931000000037e+01
1.368269938999999980e+01
1.368349946999999922e+01
1.368429955000000042e+01
1.368509962999999985e+01
1.368589970999999927e+01
1.368589970999999927e+01
1.368589970999999927e+01
1.368669979000000048e+01
1.368749986999999990e+01
1.368829994999999933e+01
1.368910003000000053e+01
1.368990010999999996e+01
1.369070018999999938e+01
1.369150027000000058e+01
1.369230035000000001e+01
1.369230035000000001e+01
1.369310042999999943e+01
1.369390051000000064e+01
1.369470059000000006e+01
1.369470059000000006e+01
1.369470059000000006e+01
1.369550066999999949e+01
1.369630075000000069e+01
1.369710083000000012e+01
1.369790090999999954e+01
1.369870099000000074e+01
1.369950107000000017e+01
1.370030114999999959e+01
1.370110123000000080e+01
1.370110123000000080e+01
1.370110123000000080e+01
1.370110123000000080e+01
1.370110123000000080e+01
1.370190131000000022e+01
1.370270138999999965e+01
1.370350147000000085e+01
1.370430155000000028e+01
1.370430155000000028e+01
1.370510162999999970e+01
1.370590170999999913e+01
1.370670179000000033e+01
1.370750186999999976e+01
1.370750186999999976e+01
1.365629674999999921e+01
1.365709683000000041e+01
1.365789690999999983e+01
1.365869698999999926e+01
1.365869698999999926e+01
1.365949707000000046e+01
1.366029714999999989e+01
1.366109722999999931e+01
1.366189731000000052e+01
1.366269738999999994e+01
1.366349746999999937e+01
1.366429755000000057e+01
1.366429755000000057e+01
1.366509763000000000e+01
1.366589770999999942e+01
1.366669779000000062e+01
1.366749787000000005e+01
1.366829794999999947e+01
1.366909803000000068e+01
1.366909803000000068e+01
1.366909803000000068e+01
1.366989811000000010e+01
1.367069818999999953e+01
1.367149827000000073e+01
1.367229835000000016e+01
1.367309842999999958e+01
1.367389851000000078e+01
1.367469859000000021e+01
1.367549866999999963e+01
1.367629875000000084e+01
1.367629875000000084e+01
1.367709883000000026e+01
1.367789890999999969e+01
1.367869898999999911e+01
1.367949907000000032e+01
1.368029914999999974e+01
1.368109922999999917e+01
1.368189931000000037e+01
1.368269938999999980e+01
1.368349946999999922e+01
1.368429955000000042e+01
1.368509962999999985e+01
1.368589970999999927e+01
1.368589970999999927e+01
1.368589970999999927e+01
1.368669979000000048e+01
1.368749986999999990e+01
1.368829994999999933e+01
1.368910003000000053e+01
1.364109522999999946e+01
1.364189531000000066e+01
1.364269539000000009e+01
1.364349546999999951e+01
1.364429555000000072e+01
1.364509563000000014e+01
1.364509563000000014e+01
1.364589570999999957e+01
1.364669579000000077e+01
1.364669579000000077e+01
1.364749587000000020e+01
1.364829594999999962e+01
1.364909603000000082e+01
1.364989611000000025e+01
1.365069618999999967e+01
1.365149627000000088e+01
1.365149627000000088e+01
1.365149627000000088e+01
1.365229635000000030e+01
1.365309642999999973e+01
1.365389650999999915e+01
1.365469659000000036e+01
1.365549666999999978e+01
1.365629674999999921e+01
1.365709683000000041e+01
1.365789690999999983e+01
1.365869698999999926e+01
1.365869698999999926e+01
1.365949707000000046e+01
1.366029714999999989e+01
1.366109722999999931e+01
1.366189731000000052e+01
1.366269738999999994e+01
1.366349746999999937e+01
1.366429755000000057e+01
1.366429755000000057e+01
1.366509763000000000e+01
1.366589770999999942e+01
1.366669779000000062e+01
1.366749787000000005e+01
1.366829794999999947e+01
1.366909803000000068e+01
1.366909803000000068e+01
1.366909803000000068e+01
1.366989811000000010e+01
1.367069818999999953e+01
1.367149827000000073e+01
1.367229835000000016e+01
1.367309842999999958e+01
1.367389851000000078e+01
1.367469859000000021e+01
1.361069218999999997e+01
1.361069218999999997e+01
1.361069218999999997e+01
1.361149226999999939e+01
1.361229235000000060e+01
1.361309243000000002e+01
1.361389250999999945e+01
1.361389250999999945e+01
1.361389250999999945e+01
1.361469259000000065e+01
1.361549267000000007e+01
1.361629274999999950e+01
1.361709283000000070e+01
1.361789291000000013e+01
1.361789291000000013e+01
1.361869298999999955e+01
1.361949307000000076e+01
1.362029315000000018e+01
1.362109322999999961e+01
1.362189331000000081e+01
1.362269339000000024e+01
1.362349346999999966e+01
1.362429355000000086e+01
1.362509363000000029e+01
1.362589370999999971e+01
1.362669378999999914e+01
1.362669378999999914e+01
1.362749387000000034e+01
1.362749387000000034e+01
1.362829394999999977e+01
1.362829394999999977e+01
1.362909402999999919e+01
1.362989411000000040e+01
1.363069418999999982e+01
1.363069418999999982e+01
1.363069418999999982e+01
1.363149426999999925e+01
1.363229435000000045e+01
1.363309442999999987e+01
1.363389450999999930e+01
1.363469459000000050e+01
1.363549466999999993e+01
1.363629474999999935e+01
1.363709483000000056e+01
1.363789490999999998e+01
1.363869498999999941e+01
1.363949507000000061e+01
1.364029515000000004e+01
1.364109522999999946e+01
1.364189531000000066e+01
1.359149026999999954e+01
1.359149026999999954e+01
1.359149026999999954e+01
1.359149026999999954e+01
1.359229035000000074e+01
1.359309043000000017e+01
1.359389050999999959e+01
1.359389050999999959e+01
1.359469059000000080e+01
1.359549067000000022e+01
1.359549067000000022e+01
1.359549067000000022e+01
1.359549067000000022e+01
1.359629074999999965e+01
1.359709083000000085e+01
1.359709083000000085e+01
1.359709083000000085e+01
1.359789091000000028e+01
1.359789091000000028e+01
1.359869098999999970e+01
1.359949106999999913e+01
1.360029115000000033e+01
1.360029115000000033e+01
1.360029115000000033e+01
1.360029115000000033e+01
1.360109122999999975e+01
1.360109122999999975e+01
1.360189130999999918e+01
1.360189130999999918e+01
1.360189130999999918e+01
1.360189130999999918e+01
1.360189130999999918e+01
1.360189130999999918e+01
1.360189130999999918e+01
1.360189130999999918e+01
1.360269139000000038e+01
1.360269139000000038e+01
1.360349146999999981e+01
1.360349146999999981e+01
1.360349146999999981e+01
1.360429154999999923e+01
1.360509163000000044e+01
1.360509163000000044e+01
1.360509163000000044e+01
1.360509163000000044e+01
1.360509163000000044e+01
1.360589170999999986e+01
1.360669178999999929e+01
1.360749187000000049e+01
1.360829194999999991e+01
1.360829194999999991e+01
1.360909202999999934e+01
1.360909202999999934e+01
1.360989211000000054e+01
1.360989211000000054e+01
1.361069218999999997e+01
1.361069218999999997e+01
1.361069218999999997e+01
1.355788691000000057e+01
1.355868698999999999e+01
1.355948706999999942e+01
1.356028715000000062e+01
1.356108723000000005e+01
1.356108723000000005e+01
1.356188730999999947e+01
1.356268739000000068e+01
1.356348747000000010e+01
1.356428754999999953e+01
1.356508763000000073e+01
1.356588771000000015e+01
1.356668778999999958e+01
1.356748787000000078e+01
1.356828795000000021e+01
1.356828795000000021e+01
1.356908802999999963e+01
1.356988811000000084e+01
1.357068819000000026e+01
1.357148826999999969e+01
1.357228834999999911e+01
1.357308843000000032e+01
1.357308843000000032e+01
1.357388850999999974e+01
1.357468858999999917e+01
1.357468858999999917e+01
1.357468858999999917e+01
1.357548867000000037e+01
1.357548867000000037e+01
1.357548867000000037e+01
1.357548867000000037e+01
1.357628874999999979e+01
1.357708882999999922e+01
1.357788891000000042e+01
1.357788891000000042e+01
1.357868898999999985e+01
1.357948906999999927e+01
1.357948906999999927e+01
1.358028915000000048e+01
1.358028915000000048e+01
1.358108922999999990e+01
1.358108922999999990e+01
1.358108922999999990e+01
1.358188930999999933e+01
1.358268939000000053e+01
1.358348946999999995e+01
1.358428954999999938e+01
1.358428954999999938e+01
1.358428954999999938e+01
1.358428954999999938e+01
1.358428954999999938e+01
1.358428954999999938e+01
1.358508963000000058e+01
1.358588971000000001e+01
1.358668978999999943e+01
1.353788491000000072e+01
1.353868499000000014e+01
1.353948506999999957e+01
1.354028515000000077e+01
1.354108523000000019e+01
1.354188530999999962e+01
1.354268539000000082e+01
1.354348547000000025e+01
1.354428554999999967e+01
1.354508563000000088e+01
1.354588571000000030e+01
1.354668578999999973e+01
1.354748586999999915e+01
1.354828595000000035e+01
1.354908602999999978e+01
1.354988610999999921e+01
1.355068619000000041e+01
1.355148626999999983e+01
1.355228634999999926e+01
1.355308643000000046e+01
1.355388650999999989e+01
1.355468658999999931e+01
1.355548667000000052e+01
1.355548667000000052e+01
1.355628674999999994e+01
1.355708682999999937e+01
1.355788691000000057e+01
1.355868698999999999e+01
1.355948706999999942e+01
1.356028715000000062e+01
1.356108723000000005e+01
1.356108723000000005e+01
1.356188730999999947e+01
1.356268739000000068e+01
1.356348747000000010e+01
1.356428754999999953e+01
1.356508763000000073e+01
1.356588771000000015e+01
1.356668778999999958e+01
1.356748787000000078e+01
1.356828795000000021e+01
1.356828795000000021e+01
1.356908802999999963e+01
1.356988811000000084e+01
1.357068819000000026e+01
1.357148826999999969e+01
1.351308243000000076e+01
1.351388251000000018e+01
1.351468258999999961e+01
1.351548267000000081e+01
1.351628275000000023e+01
1.351708282999999966e+01
1.351788291000000086e+01
1.351868299000000029e+01
1.351948306999999971e+01
1.352028314999999914e+01
1.352108323000000034e+01
1.352108323000000034e+01
1.352188330999999977e+01
1.352268338999999919e+01
1.352348347000000039e+01
1.352428354999999982e+01
1.352508362999999925e+01
1.352588371000000045e+01
1.352668378999999987e+01
1.352748386999999930e+01
1.352828395000000050e+01
1.352908402999999993e+01
1.352988410999999935e+01
1.352988410999999935e+01
1.353068419000000056e+01
1.353148426999999998e+01
1.353228434999999941e+01
1.353308443000000061e+01
1.353388451000000003e+01
1.353468458999999946e+01
1.353548467000000066e+01
1.353628475000000009e+01
1.353708482999999951e+01
1.353788491000000072e+01
1.353868499000000014e+01
1.353948506999999957e+01
1.354028515000000077e+01
1.354108523000000019e+01
1.354188530999999962e+01
1.354268539000000082e+01
1.354348547000000025e+01
1.354428554999999967e+01
1.354508563000000088e+01
1.354588571000000030e+01
1.354668578999999973e+01
1.354748586999999915e+01
1.348587971000000074e+01
1.348667979000000017e+01
1.348667979000000017e+01
1.348747986999999959e+01
1.348827995000000080e+01
1.348908003000000022e+01
1.348988010999999965e+01
1.348988010999999965e+01
1.349068019000000085e+01
1.349148027000000027e+01
1.349228034999999970e+01
1.349308042999999913e+01
1.349308042999999913e+01
1.349388051000000033e+01
1.349388051000000033e+01
1.349468058999999975e+01
1.349468058999999975e+01
1.349468058999999975e+01
1.349468058999999975e+01
1.349468058999999975e+01
1.349548066999999918e+01
1.349628075000000038e+01
1.349708082999999981e+01
1.349788090999999923e+01
1.349788090999999923e+01
1.349868099000000043e+01
1.349948106999999986e+01
1.350028114999999929e+01
1.350108123000000049e+01
1.350188130999999991e+01
1.350268138999999934e+01
1.350348147000000054e+01
1.350428154999999997e+01
1.350508162999999939e+01
1.350588171000000060e+01
1.350668179000000002e+01
1.350748186999999945e+01
1.350748186999999945e+01
1.350828195000000065e+01
1.350908203000000007e+01
1.350988210999999950e+01
1.351068219000000070e+01
1.351148227000000013e+01
1.351228234999999955e+01
1.351308243000000076e+01
1.351388251000000018e+01
1.351468258999999961e+01
1.351548267000000081e+01
1.351628275000000023e+01
1.351708282999999966e+01
1.351788291000000086e+01
1.351868299000000029e+01
1.343227435000000014e+01
1.343307442999999957e+01
1.343387451000000077e+01
1.343467459000000019e+01
1.343547466999999962e+01
1.343547466999999962e+01
1.343627475000000082e+01
1.343707483000000025e+01
1.343787490999999967e+01
1.343787490999999967e+01
1.343787490999999967e+01
1.343787490999999967e+01
1.343867499000000088e+01
1.343947507000000030e+01
1.343947507000000030e+01
1.343947507000000030e+01
1.344027514999999973e+01
1.344107522999999915e+01
1.344187531000000035e+01
1.344267538999999978e+01
1.344347546999999921e+01
1.344427555000000041e+01
1.344507562999999983e+01
1.344507562999999983e+01
1.344587570999999926e+01
1.344587570999999926e+01
1.344587570999999926e+01
1.344587570999999926e+01
1.344587570999999926e+01
1.344587570999999926e+01
1.344667579000000046e+01
1.344747586999999989e+01
1.344827594999999931e+01
1.344827594999999931e+01
1.344827594999999931e+01
1.344827594999999931e+01
1.344827594999999931e+01
1.344907603000000051e+01
1.344987610999999994e+01
1.345067618999999937e+01
1.345147627000000057e+01
1.345147627000000057e+01
1.345147627000000057e+01
1.345227634999999999e+01
1.345307642999999942e+01
1.345387651000000062e+01
1.345467659000000005e+01
1.345467659000000005e+01
1.345547666999999947e+01
1.345627675000000067e+01
1.346187731000000021e+01
1.346507762999999969e+01
1.346507762999999969e+01
1.346507762999999969e+01
1.346507762999999969e+01
1.346507762999999969e+01
1.346587770999999911e+01
1.346587770999999911e+01
1.346667779000000031e+01
1.343227435000000014e+01
1.343307442999999957e+01
1.343387451000000077e+01
1.343467459000000019e+01
1.343547466999999962e+01
1.343547466999999962e+01
1.343627475000000082e+01
1.343707483000000025e+01
1.343787490999999967e+01
1.343787490999999967e+01
1.343787490999999967e+01
1.343787490999999967e+01
1.343867499000000088e+01
1.343947507000000030e+01
1.343947507000000030e+01
1.343947507000000030e+01
1.344027514999999973e+01
1.344107522999999915e+01
1.344187531000000035e+01
1.344267538999999978e+01
1.344347546999999921e+01
1.344427555000000041e+01
1.344507562999999983e+01
1.344507562999999983e+01
1.344587570999999926e+01
1.344587570999999926e+01
1.344587570999999926e+01
1.344587570999999926e+01
1.344587570999999926e+01
1.344587570999999926e+01
1.344667579000000046e+01
1.344747586999999989e+01
1.344827594999999931e+01
1.344827594999999931e+01
1.344827594999999931e+01
1.344827594999999931e+01
1.344827594999999931e+01
1.344907603000000051e+01
1.344987610999999994e+01
1.345067618999999937e+01
1.345147627000000057e+01
1.345147627000000057e+01
1.345147627000000057e+01
1.345227634999999999e+01
1.345307642999999942e+01
1.351308243000000076e+01
1.351388251000000018e+01
1.351468258999999961e+01
1.351548267000000081e+01
1.351628275000000023e+01
1.351708282999999966e+01
1.351788291000000086e+01
1.351868299000000029e+01
1.351948306999999971e+01
1.352028314999999914e+01
1.352108323000000034e+01
1.352108323000000034e+01
1.352188330999999977e+01
1.352268338999999919e+01
1.352348347000000039e+01
1.352428354999999982e+01
1.352508362999999925e+01
1.352588371000000045e+01
1.352668378999999987e+01
1.352748386999999930e+01
1.352828395000000050e+01
1.352908402999999993e+01
1.352988410999999935e+01
1.352988410999999935e+01
1.353068419000000056e+01
1.353148426999999998e+01
1.353228434999999941e+01
1.353308443000000061e+01
1.353388451000000003e+01
1.353468458999999946e+01
1.353548467000000066e+01
1.353628475000000009e+01
1.353708482999999951e+01
1.353788491000000072e+01
1.353868499000000014e+01
1.353948506999999957e+01
1.354028515000000077e+01
1.354108523000000019e+01
1.354188530999999962e+01
1.354268539000000082e+01
1.354348547000000025e+01
1.354428554999999967e+01
1.354508563000000088e+01
1.354588571000000030e+01
1.354668578999999973e+01
1.354748586999999915e+01
1.353868499000000014e+01
1.353948506999999957e+01
1.354028515000000077e+01
1.354108523000000019e+01
1.354188530999999962e+01
1.354268539000000082e+01
1.354348547000000025e+01
1.354428554999999967e+01
1.354508563000000088e+01
1.354588571000000030e+01
1.354668578999999973e+01
1.354748586999999915e+01
1.354828595000000035e+01
1.354908602999999978e+01
1.354988610999999921e+01
1.355068619000000041e+01
1.355148626999999983e+01
1.355228634999999926e+01
1.355308643000000046e+01
1.355388650999999989e+01
1.355468658999999931e+01
1.355548667000000052e+01
1.355548667000000052e+01
1.355628674999999994e+01
1.355708682999999937e+01
1.355788691000000057e+01
1.355868698999999999e+01
1.355948706999999942e+01
1.356028715000000062e+01
1.356108723000000005e+01
1.356108723000000005e+01
1.356188730999999947e+01
1.356268739000000068e+01
1.356348747000000010e+01
1.356428754999999953e+01
1.356508763000000073e+01
1.356588771000000015e+01
1.356668778999999958e+01
1.356748787000000078e+01
1.356828795000000021e+01
1.356828795000000021e+01
1.356908802999999963e+01
1.356988811000000084e+01
1.357068819000000026e+01
1.357148826999999969e+01
1.360189130999999918e+01
1.360189130999999918e+01
1.360189130999999918e+01
1.360189130999999918e+01
1.360189130999999918e+01
1.360269139000000038e+01
1.360269139000000038e+01
1.360349146999999981e+01
1.360349146999999981e+01
1.360349146999999981e+01
1.360429154999999923e+01
1.360509163000000044e+01
1.360509163000000044e+01
1.360509163000000044e+01
1.360509163000000044e+01
1.360509163000000044e+01
1.360589170999999986e+01
1.360669178999999929e+01
1.360749187000000049e+01
1.360829194999999991e+01
1.360829194999999991e+01
1.360909202999999934e+01
1.360909202999999934e+01
1.360989211000000054e+01
1.360989211000000054e+01
1.361069218999999997e+01
1.361069218999999997e+01
1.361069218999999997e+01
1.361149226999999939e+01
1.361229235000000060e+01
1.361309243000000002e+01
1.361389250999999945e+01
1.361389250999999945e+01
1.361389250999999945e+01
1.361469259000000065e+01
1.361549267000000007e+01
1.361629274999999950e+01
1.361709283000000070e+01
1.361789291000000013e+01
1.361789291000000013e+01
1.361869298999999955e+01
1.361949307000000076e+01
1.362029315000000018e+01
1.362109322999999961e+01
1.362189331000000081e+01
1.362269339000000024e+01
1.362349346999999966e+01
1.362429355000000086e+01
1.362509363000000029e+01
1.361949307000000076e+01
1.362029315000000018e+01
1.362109322999999961e+01
1.362189331000000081e+01
1.362269339000000024e+01
1.362349346999999966e+01
1.362429355000000086e+01
1.362509363000000029e+01
1.362589370999999971e+01
1.362669378999999914e+01
1.362669378999999914e+01
1.362749387000000034e+01
1.362749387000000034e+01
1.362829394999999977e+01
1.362829394999999977e+01
1.362909402999999919e+01
1.362989411000000040e+01
1.363069418999999982e+01
1.363069418999999982e+01
1.363069418999999982e+01
1.363149426999999925e+01
1.363229435000000045e+01
1.363309442999999987e+01
1.363389450999999930e+01
1.363469459000000050e+01
1.363549466999999993e+01
1.363629474999999935e+01
1.363709483000000056e+01
1.363789490999999998e+01
1.363869498999999941e+01
1.363949507000000061e+01
1.364029515000000004e+01
1.364109522999999946e+01
1.364189531000000066e+01
1.364269539000000009e+01
1.364349546999999951e+01
1.364429555000000072e+01
1.364509563000000014e+01
1.364509563000000014e+01
1.364589570999999957e+01
1.364669579000000077e+01
1.364669579000000077e+01
1.364749587000000020e+01
1.364829594999999962e+01
1.364909603000000082e+01
1.364989611000000025e+01
1.365069618999999967e+01
1.365149627000000088e+01
1.365149627000000088e+01
1.365149627000000088e+01
1.365149627000000088e+01
1.365229635000000030e+01
1.365309642999999973e+01
1.365389650999999915e+01
1.365469659000000036e+01
1.365549666999999978e+01
1.365629674999999921e+01
1.365709683000000041e+01
1.365789690999999983e+01
1.365869698999999926e+01
1.365869698999999926e+01
1.365949707000000046e+01
1.366029714999999989e+01
1.366109722999999931e+01
1.366189731000000052e+01
1.366269738999999994e+01
1.366349746999999937e+01
1.366429755000000057e+01
1.366429755000000057e+01
1.366509763000000000e+01
1.366589770999999942e+01
1.366669779000000062e+01
1.366749787000000005e+01
1.366829794999999947e+01
1.366909803000000068e+01
1.366909803000000068e+01
1.366909803000000068e+01
1.366989811000000010e+01
1.367069818999999953e+01
1.367149827000000073e+01
1.367229835000000016e+01
1.367309842999999958e+01
1.367389851000000078e+01
1.367469859000000021e+01
1.367549866999999963e+01
1.367629875000000084e+01
1.367629875000000084e+01
1.367709883000000026e+01
1.367789890999999969e+01
1.367869898999999911e+01
1.367949907000000032e+01
1.368029914999999974e+01
1.368109922999999917e+01
1.368189931000000037e+01
1.368269938999999980e+01
1.368349946999999922e+01
1.366989811000000010e+01
1.367069818999999953e+01
1.367149827000000073e+01
1.367229835000000016e+01
1.367309842999999958e+01
1.367389851000000078e+01
1.367469859000000021e+01
1.367549866999999963e+01
1.367629875000000084e+01
1.367629875000000084e+01
1.367709883000000026e+01
1.367789890999999969e+01
1.367869898999999911e+01
1.367949907000000032e+01
1.368029914999999974e+01
1.368109922999999917e+01
1.368189931000000037e+01
1.368269938999999980e+01
1.368349946999999922e+01
1.368429955000000042e+01
1.368509962999999985e+01
1.368589970999999927e+01
1.368589970999999927e+01
1.368589970999999927e+01
1.368669979000000048e+01
1.368749986999999990e+01
1.368829994999999933e+01
1.368910003000000053e+01
1.368990010999999996e+01
1.369070018999999938e+01
1.369150027000000058e+01
1.369230035000000001e+01
1.369230035000000001e+01
1.369310042999999943e+01
1.369390051000000064e+01
1.369470059000000006e+01
1.369470059000000006e+01
1.369470059000000006e+01
1.369550066999999949e+01
1.369630075000000069e+01
1.369710083000000012e+01
1.369790090999999954e+01
1.369870099000000074e+01
1.369950107000000017e+01
1.372030314999999945e+01
1.372030314999999945e+01
1.372110323000000065e+01
1.372190331000000008e+01
1.372190331000000008e+01
1.372190331000000008e+01
1.372190331000000008e+01
1.372270338999999950e+01
1.372350347000000070e+01
1.372430355000000013e+01
1.372430355000000013e+01
1.372430355000000013e+01
1.372510362999999955e+01
1.372590371000000076e+01
1.372670379000000018e+01
1.372750386999999961e+01
1.372830395000000081e+01
1.372910403000000024e+01
1.372910403000000024e+01
1.372990410999999966e+01
1.373070419000000086e+01
1.373070419000000086e+01
1.373070419000000086e+01
1.373070419000000086e+01
1.373150427000000029e+01
1.373230434999999972e+01
1.373310442999999914e+01
1.373310442999999914e+01
1.373310442999999914e+01
1.373310442999999914e+01
1.373310442999999914e+01
1.373390451000000034e+01
1.373390451000000034e+01
1.373390451000000034e+01
1.373390451000000034e+01
1.373390451000000034e+01
1.373390451000000034e+01
1.373470458999999977e+01
1.373470458999999977e+01
1.373550466999999919e+01
1.373630475000000040e+01
1.373630475000000040e+01
1.373630475000000040e+01
1.373710482999999982e+01
1.373790490999999925e+01
1.373790490999999925e+01
1.373870499000000045e+01
1.373950506999999988e+01
1.373950506999999988e+01
1.373950506999999988e+01
1.374030514999999930e+01
1.374110523000000050e+01
1.374190530999999993e+01
1.374270538999999935e+01
1.374350547000000056e+01
1.374430554999999998e+01
1.374510562999999941e+01
1.373470458999999977e+01
1.373470458999999977e+01
1.373550466999999919e+01
1.373630475000000040e+01
1.373630475000000040e+01
1.373630475000000040e+01
1.373710482999999982e+01
1.373790490999999925e+01
1.373790490999999925e+01
1.373870499000000045e+01
1.373950506999999988e+01
1.373950506999999988e+01
1.373950506999999988e+01
1.374030514999999930e+01
1.374110523000000050e+01
1.374190530999999993e+01
1.374270538999999935e+01
1.374350547000000056e+01
1.374430554999999998e+01
1.374510562999999941e+01
1.374590571000000061e+01
1.374590571000000061e+01
1.374590571000000061e+01
1.374670579000000004e+01
1.374750586999999946e+01
1.374750586999999946e+01
1.374750586999999946e+01
1.374750586999999946e+01
1.374750586999999946e+01
1.374750586999999946e+01
1.374830595000000066e+01
1.374910603000000009e+01
1.374990610999999952e+01
1.374990610999999952e+01
1.375070619000000072e+01
1.375070619000000072e+01
1.375150627000000014e+01
1.375230634999999957e+01
1.375310643000000077e+01
1.375310643000000077e+01
1.375390651000000020e+01
1.375470658999999962e+01
1.375550667000000082e+01
1.375550667000000082e+01
1.375630675000000025e+01
1.375710682999999968e+01
1.375790691000000088e+01
1.375870699000000030e+01
1.375950706999999973e+01
1.376030714999999915e+01
1.376110723000000036e+01
1.376110723000000036e+01
1.376110723000000036e+01
1.376190730999999978e+01
1.376270738999999921e+01
1.376350747000000041e+01
1.375630675000000025e+01
1.375710682999999968e+01
1.375790691000000088e+01
1.375870699000000030e+01
1.375950706999999973e+01
1.376030714999999915e+01
1.376110723000000036e+01
1.376110723000000036e+01
1.376110723000000036e+01
1.376190730999999978e+01
1.376270738999999921e+01
1.376350747000000041e+01
1.376430754999999984e+01
1.376510762999999926e+01
1.376590771000000046e+01
1.376670778999999989e+01
1.376750786999999931e+01
1.376830795000000052e+01
1.376910802999999994e+01
1.376990810999999937e+01
1.377070819000000057e+01
1.377070819000000057e+01
1.377150827000000000e+01
1.377230834999999942e+01
1.377230834999999942e+01
1.377310843000000062e+01
1.377390851000000005e+01
1.377470858999999948e+01
1.377550867000000068e+01
1.377630875000000010e+01
1.377710882999999953e+01
1.377790891000000073e+01
1.377870899000000016e+01
1.377950906999999958e+01
1.378030915000000078e+01
1.378110923000000021e+01
1.378190930999999964e+01
1.378270939000000084e+01
1.378350947000000026e+01
1.380591171000000017e+01
1.380671178999999960e+01
1.380751187000000080e+01
1.380831195000000022e+01
1.380911202999999965e+01
1.380991211000000085e+01
1.381071219000000028e+01
1.381151226999999970e+01
1.381151226999999970e+01
1.381231234999999913e+01
1.381231234999999913e+01
1.381231234999999913e+01
1.381311243000000033e+01
1.381391250999999976e+01
1.381391250999999976e+01
1.381391250999999976e+01
1.381471258999999918e+01
1.381551267000000038e+01
1.381631274999999981e+01
1.381631274999999981e+01
1.381711282999999924e+01
1.381791291000000044e+01
1.381791291000000044e+01
1.381791291000000044e+01
1.381791291000000044e+01
1.381791291000000044e+01
1.381871298999999986e+01
1.381951306999999929e+01
1.382031315000000049e+01
1.382111322999999992e+01
1.382191330999999934e+01
1.382271339000000054e+01
1.382351346999999997e+01
1.382431354999999940e+01
1.382431354999999940e+01
1.382431354999999940e+01
1.382511363000000060e+01
1.382591371000000002e+01
1.382671378999999945e+01
1.382751387000000065e+01
1.382831395000000008e+01
1.382831395000000008e+01
1.382831395000000008e+01
1.382831395000000008e+01
1.382911402999999950e+01
1.382911402999999950e+01
1.382991411000000070e+01
1.383071419000000013e+01
1.383151426999999956e+01
1.383231435000000076e+01
1.383231435000000076e+01
1.383791491000000029e+01
1.383791491000000029e+01
1.383871498999999972e+01
1.383951506999999914e+01
1.384031515000000034e+01
1.384111522999999977e+01
1.384111522999999977e+01
1.384191530999999920e+01
1.384191530999999920e+01
1.384271539000000040e+01
1.384351546999999982e+01
1.384351546999999982e+01
1.384351546999999982e+01
1.384431554999999925e+01
1.384511563000000045e+01
1.384591570999999988e+01
1.384591570999999988e+01
1.384671578999999930e+01
1.384751587000000050e+01
1.384831594999999993e+01
1.384911602999999936e+01
1.384911602999999936e+01
1.384911602999999936e+01
1.384991611000000056e+01
1.384991611000000056e+01
1.385071618999999998e+01
1.385151626999999941e+01
1.385231635000000061e+01
1.385231635000000061e+01
1.385231635000000061e+01
1.385311643000000004e+01
1.385391650999999946e+01
1.385471659000000066e+01
1.385551667000000009e+01
1.385631674999999952e+01
1.385711683000000072e+01
1.385791691000000014e+01
1.385871698999999957e+01
1.385951707000000077e+01
1.385951707000000077e+01
1.386031715000000020e+01
1.386111722999999962e+01
1.386111722999999962e+01
1.386111722999999962e+01
1.386191731000000082e+01
1.386271739000000025e+01
1.386351746999999968e+01
1.386351746999999968e+01
1.386431755000000088e+01
1.386511763000000030e+01
1.386511763000000030e+01
1.386591770999999973e+01
1.384751587000000050e+01
1.384831594999999993e+01
1.384911602999999936e+01
1.384911602999999936e+01
1.384911602999999936e+01
1.384991611000000056e+01
1.384991611000000056e+01
1.385071618999999998e+01
1.385151626999999941e+01
1.385231635000000061e+01
1.385231635000000061e+01
1.385231635000000061e+01
1.385311643000000004e+01
1.385391650999999946e+01
1.385471659000000066e+01
1.385551667000000009e+01
1.385631674999999952e+01
1.385711683000000072e+01
1.385791691000000014e+01
1.385871698999999957e+01
1.385951707000000077e+01
1.385951707000000077e+01
1.386031715000000020e+01
1.386111722999999962e+01
1.386111722999999962e+01
1.386111722999999962e+01
1.386191731000000082e+01
1.386271739000000025e+01
1.386351746999999968e+01
1.386351746999999968e+01
1.386431755000000088e+01
1.386511763000000030e+01
1.386511763000000030e+01
1.386591770999999973e+01
1.386671778999999916e+01
1.386671778999999916e+01
1.386751787000000036e+01
1.386751787000000036e+01
1.386831794999999978e+01
1.386911802999999921e+01
1.386991811000000041e+01
1.387071818999999984e+01
1.387151826999999926e+01
1.387151826999999926e+01
1.387231835000000046e+01
1.387231835000000046e+01
1.387231835000000046e+01
1.387231835000000046e+01
1.387311842999999989e+01
1.387311842999999989e+01
1.387311842999999989e+01
1.387311842999999989e+01
1.378830995000000037e+01
1.378830995000000037e+01
1.378911002999999980e+01
1.378991010999999922e+01
1.379071019000000042e+01
1.379151026999999985e+01
1.379231034999999927e+01
1.379311043000000048e+01
1.379311043000000048e+01
1.379311043000000048e+01
1.379391050999999990e+01
1.379471058999999933e+01
1.379471058999999933e+01
1.379551067000000053e+01
1.379631074999999996e+01
1.379711082999999938e+01
1.379791091000000058e+01
1.379871099000000001e+01
1.379951106999999944e+01
1.380031115000000064e+01
1.380111123000000006e+01
1.380191130999999949e+01
1.380191130999999949e+01
1.380191130999999949e+01
1.380271139000000069e+01
1.380351147000000012e+01
1.380431154999999954e+01
1.380431154999999954e+01
1.380511163000000074e+01
1.380591171000000017e+01
1.380671178999999960e+01
1.373070419000000086e+01
1.373070419000000086e+01
1.373150427000000029e+01
1.373230434999999972e+01
1.373310442999999914e+01
1.373310442999999914e+01
1.373310442999999914e+01
1.373310442999999914e+01
1.373310442999999914e+01
1.373390451000000034e+01
1.373390451000000034e+01
1.373390451000000034e+01
1.373390451000000034e+01
1.373390451000000034e+01
1.373390451000000034e+01
1.373470458999999977e+01
1.373470458999999977e+01
1.373550466999999919e+01
1.373630475000000040e+01
1.373630475000000040e+01
1.373630475000000040e+01
1.373710482999999982e+01
1.373790490999999925e+01
1.373790490999999925e+01
1.373870499000000045e+01
1.373950506999999988e+01
1.373950506999999988e+01
1.373950506999999988e+01
1.374030514999999930e+01
1.374110523000000050e+01
1.374190530999999993e+01
1.374270538999999935e+01
1.374350547000000056e+01
1.374430554999999998e+01
1.374510562999999941e+01
1.374590571000000061e+01
1.374590571000000061e+01
1.374590571000000061e+01
1.374670579000000004e+01
1.374750586999999946e+01
1.374750586999999946e+01
1.374750586999999946e+01
1.374750586999999946e+01
1.374750586999999946e+01
1.374750586999999946e+01
1.374830595000000066e+01
1.374910603000000009e+01
1.374990610999999952e+01
1.374990610999999952e+01
1.375070619000000072e+01
1.375070619000000072e+01
1.375150627000000014e+01
1.375230634999999957e+01
1.375310643000000077e+01
1.369230035000000001e+01
1.369230035000000001e+01
1.369310042999999943e+01
1.369390051000000064e+01
1.369470059000000006e+01
1.369470059000000006e+01
1.369470059000000006e+01
1.369550066999999949e+01
1.369630075000000069e+01
1.369710083000000012e+01
1.369790090999999954e+01
1.369870099000000074e+01
1.369950107000000017e+01
1.370030114999999959e+01
1.370110123000000080e+01
1.370110123000000080e+01
1.370110123000000080e+01
1.370110123000000080e+01
1.370110123000000080e+01
1.370190131000000022e+01
1.370270138999999965e+01
1.370350147000000085e+01
1.370430155000000028e+01
1.370430155000000028e+01
1.370510162999999970e+01
1.370590170999999913e+01
1.370670179000000033e+01
1.370750186999999976e+01
1.370750186999999976e+01
1.370830194999999918e+01
1.370910203000000038e+01
1.370990210999999981e+01
1.370990210999999981e+01
1.370990210999999981e+01
1.371070218999999923e+01
1.371150227000000044e+01
1.371150227000000044e+01
1.371230234999999986e+01
1.371230234999999986e+01
1.371230234999999986e+01
1.371310242999999929e+01
1.371390251000000049e+01
1.371470258999999992e+01
1.371550266999999934e+01
1.371630275000000054e+01
1.371710282999999997e+01
1.371710282999999997e+01
1.371790290999999939e+01
1.371790290999999939e+01
1.371870299000000060e+01
1.371950307000000002e+01
1.371950307000000002e+01
1.371950307000000002e+01
1.371950307000000002e+01
1.372030314999999945e+01
1.372030314999999945e+01
1.372030314999999945e+01
1.372030314999999945e+01
1.364269539000000009e+01
1.364349546999999951e+01
1.364429555000000072e+01
1.364509563000000014e+01
1.364509563000000014e+01
1.364589570999999957e+01
1.364669579000000077e+01
1.364669579000000077e+01
1.364749587000000020e+01
1.364829594999999962e+01
1.364909603000000082e+01
1.364989611000000025e+01
1.365069618999999967e+01
1.365149627000000088e+01
1.365149627000000088e+01
1.365149627000000088e+01
1.365229635000000030e+01
1.365309642999999973e+01
1.365389650999999915e+01
1.365469659000000036e+01
1.365549666999999978e+01
1.365629674999999921e+01
1.365709683000000041e+01
1.365789690999999983e+01
1.365869698999999926e+01
1.365869698999999926e+01
1.365949707000000046e+01
1.366029714999999989e+01
1.366109722999999931e+01
1.366189731000000052e+01
1.366269738999999994e+01
1.366349746999999937e+01
1.366429755000000057e+01
1.366429755000000057e+01
1.366509763000000000e+01
1.366589770999999942e+01
1.366669779000000062e+01
1.366749787000000005e+01
1.366829794999999947e+01
1.366909803000000068e+01
1.366909803000000068e+01
1.366909803000000068e+01
1.366989811000000010e+01
1.367069818999999953e+01
1.367149827000000073e+01
1.367229835000000016e+01
1.367309842999999958e+01
1.367389851000000078e+01
1.367469859000000021e+01
1.367549866999999963e+01
1.367629875000000084e+01
1.362349346999999966e+01
1.362429355000000086e+01
1.362509363000000029e+01
1.362589370999999971e+01
1.362669378999999914e+01
1.362669378999999914e+01
1.362749387000000034e+01
1.362749387000000034e+01
1.362829394999999977e+01
1.362829394999999977e+01
1.362909402999999919e+01
1.362989411000000040e+01
1.363069418999999982e+01
1.363069418999999982e+01
1.363069418999999982e+01
1.363149426999999925e+01
1.363229435000000045e+01
1.363309442999999987e+01
1.363389450999999930e+01
1.363469459000000050e+01
1.363549466999999993e+01
1.363629474999999935e+01
1.363709483000000056e+01
1.363789490999999998e+01
1.363869498999999941e+01
1.363949507000000061e+01
1.364029515000000004e+01
1.364109522999999946e+01
1.364189531000000066e+01
1.364269539000000009e+01
1.364349546999999951e+01
1.364429555000000072e+01
1.364509563000000014e+01
1.364509563000000014e+01
1.364589570999999957e+01
1.364669579000000077e+01
1.364669579000000077e+01
1.364749587000000020e+01
1.364829594999999962e+01
1.364909603000000082e+01
1.364989611000000025e+01
1.365069618999999967e+01
1.365149627000000088e+01
1.365149627000000088e+01
1.365149627000000088e+01
1.365229635000000030e+01
1.365309642999999973e+01
1.365389650999999915e+01
1.358668978999999943e+01
1.358748987000000064e+01
1.358828995000000006e+01
1.358909002999999949e+01
1.358989011000000069e+01
1.359069019000000011e+01
1.359149026999999954e+01
1.359149026999999954e+01
1.359149026999999954e+01
1.359149026999999954e+01
1.359229035000000074e+01
1.359309043000000017e+01
1.359389050999999959e+01
1.359389050999999959e+01
1.359469059000000080e+01
1.359549067000000022e+01
1.359549067000000022e+01
1.359549067000000022e+01
1.359549067000000022e+01
1.359629074999999965e+01
1.359709083000000085e+01
1.359709083000000085e+01
1.359709083000000085e+01
1.359789091000000028e+01
1.359789091000000028e+01
1.359869098999999970e+01
1.359949106999999913e+01
1.360029115000000033e+01
1.360029115000000033e+01
1.360029115000000033e+01
1.360029115000000033e+01
1.360109122999999975e+01
1.360109122999999975e+01
1.360189130999999918e+01
1.360189130999999918e+01
1.360189130999999918e+01
1.360189130999999918e+01
1.360189130999999918e+01
1.360189130999999918e+01
1.360189130999999918e+01
1.360189130999999918e+01
1.360269139000000038e+01
1.360269139000000038e+01
1.360349146999999981e+01
1.360349146999999981e+01
1.360349146999999981e+01
1.360429154999999923e+01
1.360509163000000044e+01
1.360509163000000044e+01
1.360509163000000044e+01
1.360509163000000044e+01
1.360509163000000044e+01
1.360589170999999986e+01
1.353868499000000014e+01
1.353948506999999957e+01
1.354028515000000077e+01
1.354108523000000019e+01
1.354188530999999962e+01
1.354268539000000082e+01
1.354348547000000025e+01
1.354428554999999967e+01
1.354508563000000088e+01
1.354588571000000030e+01
1.354668578999999973e+01
1.354748586999999915e+01
1.354828595000000035e+01
1.354908602999999978e+01
1.354988610999999921e+01
1.355068619000000041e+01
1.355148626999999983e+01
1.355228634999999926e+01
1.355308643000000046e+01
1.355388650999999989e+01
1.355468658999999931e+01
1.355548667000000052e+01
1.355548667000000052e+01
1.355628674999999994e+01
1.355708682999999937e+01
1.355788691000000057e+01
1.355868698999999999e+01
1.355948706999999942e+01
1.356028715000000062e+01
1.356108723000000005e+01
1.356108723000000005e+01
1.356188730999999947e+01
1.356268739000000068e+01
1.356348747000000010e+01
1.356428754999999953e+01
1.356508763000000073e+01
1.356588771000000015e+01
1.356668778999999958e+01
1.356748787000000078e+01
1.356828795000000021e+01
1.356828795000000021e+01
1.356908802999999963e+01
1.356988811000000084e+01
1.357068819000000026e+01
1.357148826999999969e+01
1.357228834999999911e+01
1.351708282999999966e+01
1.351788291000000086e+01
1.351868299000000029e+01
1.351948306999999971e+01
1.352028314999999914e+01
1.352108323000000034e+01
1.352108323000000034e+01
1.352188330999999977e+01
1.352268338999999919e+01
1.352348347000000039e+01
1.352428354999999982e+01
1.352508362999999925e+01
1.352588371000000045e+01
1.352668378999999987e+01
1.352748386999999930e+01
1.352828395000000050e+01
1.352908402999999993e+01
1.352988410999999935e+01
1.352988410999999935e+01
1.353068419000000056e+01
1.353148426999999998e+01
1.353228434999999941e+01
1.353308443000000061e+01
1.353388451000000003e+01
1.353468458999999946e+01
1.353548467000000066e+01
1.353628475000000009e+01
1.353708482999999951e+01
1.353788491000000072e+01
1.353868499000000014e+01
1.353948506999999957e+01
1.354028515000000077e+01
1.354108523000000019e+01
1.354188530999999962e+01
1.354268539000000082e+01
1.354348547000000025e+01
1.354428554999999967e+01
1.354508563000000088e+01
1.354588571000000030e+01
1.354668578999999973e+01
1.354748586999999915e+01
1.354828595000000035e+01
1.354908602999999978e+01
1.354988610999999921e+01
1.355068619000000041e+01
1.347787890999999938e+01
1.347867899000000058e+01
1.347867899000000058e+01
1.347867899000000058e+01
1.347867899000000058e+01
1.347867899000000058e+01
1.347867899000000058e+01
1.347947907000000001e+01
1.348027914999999943e+01
1.348107923000000063e+01
1.348187931000000006e+01
1.348267938999999949e+01
1.348347947000000069e+01
1.348427955000000011e+01
1.348507962999999954e+01
1.348507962999999954e+01
1.348587971000000074e+01
1.348667979000000017e+01
1.348667979000000017e+01
1.348747986999999959e+01
1.348827995000000080e+01
1.348908003000000022e+01
1.348988010999999965e+01
1.348988010999999965e+01
1.349068019000000085e+01
1.349148027000000027e+01
1.349228034999999970e+01
1.349308042999999913e+01
1.349308042999999913e+01
1.349388051000000033e+01
1.349388051000000033e+01
1.349468058999999975e+01
1.349468058999999975e+01
1.349468058999999975e+01
1.349468058999999975e+01
1.349468058999999975e+01
1.349548066999999918e+01
1.349628075000000038e+01
1.349708082999999981e+01
1.349788090999999923e+01
1.349788090999999923e+01
1.349868099000000043e+01
1.349948106999999986e+01
1.350028114999999929e+01
1.350108123000000049e+01
1.350188130999999991e+01
1.350268138999999934e+01
1.350348147000000054e+01
1.350428154999999997e+01
1.350508162999999939e+01
1.350588171000000060e+01
1.350668179000000002e+01
1.350748186999999945e+01
1.350748186999999945e+01
1.350828195000000065e+01
