1.237549506999999949e+01
1.237549506999999949e+01
1.237549506999999949e+01
1.237629515000000069e+01
1.237709523000000011e+01
1.237709523000000011e+01
1.237789530999999954e+01
1.237789530999999954e+01
1.237789530999999954e+01
1.237869539000000074e+01
1.237949547000000017e+01
1.237309482999999943e+01
1.237389491000000064e+01
1.237469499000000006e+01
1.237549506999999949e+01
1.237629515000000069e+01
1.237709523000000011e+01
1.237709523000000011e+01
1.237709523000000011e+01
1.237789530999999954e+01
1.237869539000000074e+01
1.237949547000000017e+01
1.238029554999999959e+01
1.238109563000000080e+01
1.238109563000000080e+01
1.238189571000000022e+01
1.238269578999999965e+01
1.238349587000000085e+01
1.238429595000000027e+01
1.238429595000000027e+01
1.238509602999999970e+01
1.238589610999999913e+01
1.238669619000000033e+01
1.238749626999999975e+01
1.238829634999999918e+01
1.238109563000000080e+01
1.238189571000000022e+01
1.238269578999999965e+01
1.238349587000000085e+01
1.238349587000000085e+01
1.238349587000000085e+01
1.238429595000000027e+01
1.238509602999999970e+01
1.238589610999999913e+01
1.238669619000000033e+01
1.238749626999999975e+01
1.238829634999999918e+01
1.238909643000000038e+01
1.238989650999999981e+01
1.238589610999999913e+01
1.238669619000000033e+01
1.238749626999999975e+01
1.238829634999999918e+01
1.238909643000000038e+01
1.238989650999999981e+01
1.239069658999999923e+01
1.239149667000000044e+01
1.239229674999999986e+01
1.238589610999999913e+01
1.238669619000000033e+01
1.238749626999999975e+01
1.238829634999999918e+01
1.238909643000000038e+01
1.238989650999999981e+01
1.239069658999999923e+01
1.239069658999999923e+01
1.239149667000000044e+01
1.239229674999999986e+01
1.239309682999999929e+01
1.239389691000000049e+01
1.239389691000000049e+01
1.239389691000000049e+01
1.238669619000000033e+01
1.238749626999999975e+01
1.238829634999999918e+01
1.238909643000000038e+01
1.238989650999999981e+01
1.239069658999999923e+01
1.239149667000000044e+01
1.239229674999999986e+01
1.239309682999999929e+01
1.239309682999999929e+01
1.239389691000000049e+01
1.238749626999999975e+01
1.238829634999999918e+01
1.238909643000000038e+01
1.238989650999999981e+01
1.239069658999999923e+01
1.239069658999999923e+01
1.239149667000000044e+01
1.239229674999999986e+01
1.239309682999999929e+01
1.239389691000000049e+01
1.239389691000000049e+01
1.239389691000000049e+01
1.239469698999999991e+01
1.238989650999999981e+01
1.239069658999999923e+01
1.239149667000000044e+01
1.239229674999999986e+01
1.239309682999999929e+01
1.239309682999999929e+01
1.239389691000000049e+01
1.239469698999999991e+01
1.239549706999999934e+01
1.239549706999999934e+01
1.239149667000000044e+01
1.239229674999999986e+01
1.239309682999999929e+01
1.239389691000000049e+01
1.239389691000000049e+01
1.239389691000000049e+01
1.239469698999999991e+01
1.239549706999999934e+01
1.239629715000000054e+01
1.239629715000000054e+01
1.239629715000000054e+01
1.239709722999999997e+01
1.239389691000000049e+01
1.239469698999999991e+01
1.239549706999999934e+01
1.239549706999999934e+01
1.239629715000000054e+01
1.239629715000000054e+01
1.239709722999999997e+01
1.239789730999999939e+01
1.239869739000000060e+01
1.239869739000000060e+01
1.239469698999999991e+01
1.239549706999999934e+01
1.239629715000000054e+01
1.239629715000000054e+01
1.239629715000000054e+01
1.239709722999999997e+01
1.239789730999999939e+01
1.239869739000000060e+01
1.239949747000000002e+01
1.239949747000000002e+01
1.239949747000000002e+01
1.240029754999999945e+01
1.240109763000000065e+01
1.239709722999999997e+01
1.239789730999999939e+01
1.239869739000000060e+01
1.239869739000000060e+01
1.239949747000000002e+01
1.240029754999999945e+01
1.240109763000000065e+01
1.240189771000000007e+01
1.240269778999999950e+01
1.240349787000000070e+01
1.240429795000000013e+01
1.240509802999999955e+01
1.239949747000000002e+01
1.239949747000000002e+01
1.239949747000000002e+01
1.240029754999999945e+01
1.240109763000000065e+01
1.240109763000000065e+01
1.240109763000000065e+01
1.240189771000000007e+01
1.240269778999999950e+01
1.240349787000000070e+01
1.240429795000000013e+01
1.241229874999999971e+01
1.241229874999999971e+01
1.241309882999999914e+01
1.241309882999999914e+01
1.241389891000000034e+01
1.241469898999999977e+01
1.241549906999999919e+01
1.241629915000000040e+01
1.241709922999999982e+01
1.241789930999999925e+01
1.241869939000000045e+01
1.241949946999999987e+01
1.241149867000000029e+01
1.241229874999999971e+01
1.241309882999999914e+01
1.241389891000000034e+01
1.241469898999999977e+01
1.241549906999999919e+01
1.241629915000000040e+01
1.241629915000000040e+01
1.241629915000000040e+01
1.241629915000000040e+01
1.241709922999999982e+01
1.241789930999999925e+01
1.241789930999999925e+01
1.242029954999999930e+01
1.242109963000000050e+01
1.242189970999999993e+01
1.242189970999999993e+01
1.242189970999999993e+01
1.242189970999999993e+01
1.242269978999999935e+01
1.242269978999999935e+01
1.242269978999999935e+01
1.242269978999999935e+01
1.241709922999999982e+01
1.241789930999999925e+01
1.241789930999999925e+01
1.241869939000000045e+01
1.241949946999999987e+01
1.241949946999999987e+01
1.241949946999999987e+01
1.242029954999999930e+01
1.242029954999999930e+01
1.242029954999999930e+01
1.242109963000000050e+01
1.242189970999999993e+01
1.242189970999999993e+01
1.242189970999999993e+01
1.242189970999999993e+01
1.242269978999999935e+01
1.242269978999999935e+01
1.242269978999999935e+01
1.242269978999999935e+01
1.242269978999999935e+01
1.242349987000000056e+01
1.242429994999999998e+01
1.242510002999999941e+01
1.242590011000000061e+01
1.242670019000000003e+01
1.242029954999999930e+01
1.242029954999999930e+01
1.242029954999999930e+01
1.242109963000000050e+01
1.242189970999999993e+01
1.242189970999999993e+01
1.242269978999999935e+01
1.242349987000000056e+01
1.242429994999999998e+01
1.242429994999999998e+01
1.242429994999999998e+01
1.242189970999999993e+01
1.242189970999999993e+01
1.242269978999999935e+01
1.242269978999999935e+01
1.242269978999999935e+01
1.242269978999999935e+01
1.242269978999999935e+01
1.242349987000000056e+01
1.242429994999999998e+01
1.242510002999999941e+01
1.242590011000000061e+01
1.242670019000000003e+01
1.242029954999999930e+01
1.242029954999999930e+01
1.242029954999999930e+01
1.242109963000000050e+01
1.242189970999999993e+01
1.242189970999999993e+01
1.242269978999999935e+01
1.242349987000000056e+01
1.242429994999999998e+01
1.242429994999999998e+01
1.242429994999999998e+01
1.242429994999999998e+01
1.243630115000000025e+01
1.243710122999999967e+01
1.243790131000000088e+01
1.243870139000000030e+01
1.243950146999999973e+01
1.243950146999999973e+01
1.244030154999999915e+01
1.244110163000000036e+01
1.244190170999999978e+01
1.245710322999999953e+01
1.245790331000000073e+01
1.245870339000000016e+01
1.245950346999999958e+01
1.246750426999999917e+01
1.246830435000000037e+01
1.246910442999999979e+01
1.246990450999999922e+01
1.247070459000000042e+01
1.247150466999999985e+01
1.247150466999999985e+01
1.247150466999999985e+01
1.247150466999999985e+01
1.247150466999999985e+01
1.247150466999999985e+01
1.247230474999999927e+01
1.247310483000000048e+01
1.246830435000000037e+01
1.246830435000000037e+01
1.246910442999999979e+01
1.246990450999999922e+01
1.247070459000000042e+01
1.247070459000000042e+01
1.247070459000000042e+01
1.247070459000000042e+01
1.247070459000000042e+01
1.247070459000000042e+01
1.247150466999999985e+01
1.247230474999999927e+01
1.247310483000000048e+01
1.247150466999999985e+01
1.247150466999999985e+01
1.247150466999999985e+01
1.247150466999999985e+01
1.247150466999999985e+01
1.247230474999999927e+01
1.247310483000000048e+01
1.247310483000000048e+01
1.247310483000000048e+01
1.247390490999999990e+01
1.247470498999999933e+01
1.247550507000000053e+01
1.247630514999999995e+01
1.247070459000000042e+01
1.247070459000000042e+01
1.247070459000000042e+01
1.247070459000000042e+01
1.247070459000000042e+01
1.247150466999999985e+01
1.247230474999999927e+01
1.247310483000000048e+01
1.247390490999999990e+01
1.247470498999999933e+01
1.247550507000000053e+01
1.247630514999999995e+01
1.247710522999999938e+01
1.247230474999999927e+01
1.247310483000000048e+01
1.247310483000000048e+01
1.247310483000000048e+01
1.247390490999999990e+01
1.247470498999999933e+01
1.247550507000000053e+01
1.247630514999999995e+01
1.247710522999999938e+01
1.247790531000000058e+01
1.247870539000000001e+01
1.247950546999999943e+01
1.247950546999999943e+01
1.247230474999999927e+01
1.247310483000000048e+01
1.247390490999999990e+01
1.247470498999999933e+01
1.247550507000000053e+01
1.247630514999999995e+01
1.247710522999999938e+01
1.247790531000000058e+01
1.247870539000000001e+01
1.247950546999999943e+01
1.248030555000000064e+01
1.248510603000000074e+01
1.248590611000000017e+01
1.248670618999999959e+01
1.248750627000000080e+01
1.248830635000000022e+01
1.248910642999999965e+01
1.248910642999999965e+01
1.248910642999999965e+01
1.248910642999999965e+01
1.247310483000000048e+01
1.247310483000000048e+01
1.247310483000000048e+01
1.247390490999999990e+01
1.247470498999999933e+01
1.247550507000000053e+01
1.247630514999999995e+01
1.247710522999999938e+01
1.247790531000000058e+01
1.247870539000000001e+01
1.247950546999999943e+01
1.247950546999999943e+01
1.248030555000000064e+01
1.247310483000000048e+01
1.247390490999999990e+01
1.247470498999999933e+01
1.247550507000000053e+01
1.247630514999999995e+01
1.247710522999999938e+01
1.247790531000000058e+01
1.247870539000000001e+01
1.247950546999999943e+01
1.248030555000000064e+01
1.248110563000000006e+01
1.248190570999999949e+01
1.246430394999999969e+01
1.246430394999999969e+01
1.246430394999999969e+01
1.246510402999999911e+01
1.246510402999999911e+01
1.246510402999999911e+01
1.246590411000000032e+01
1.246590411000000032e+01
1.246350387000000026e+01
1.246430394999999969e+01
1.246430394999999969e+01
1.246510402999999911e+01
1.246590411000000032e+01
1.246590411000000032e+01
1.246670418999999974e+01
1.246750426999999917e+01
1.246830435000000037e+01
1.245470298999999947e+01
1.245470298999999947e+01
1.245550307000000068e+01
1.245630315000000010e+01
1.245630315000000010e+01
1.245710322999999953e+01
1.245790331000000073e+01
1.245870339000000016e+01
1.245950346999999958e+01
1.245070259000000057e+01
1.245070259000000057e+01
1.245150266999999999e+01
1.245230274999999942e+01
1.245310283000000062e+01
1.245390291000000005e+01
1.245390291000000005e+01
1.245470298999999947e+01
1.245470298999999947e+01
1.245550307000000068e+01
1.245630315000000010e+01
1.244910242999999994e+01
1.244910242999999994e+01
1.244990250999999937e+01
1.245070259000000057e+01
1.245070259000000057e+01
1.245070259000000057e+01
1.245070259000000057e+01
1.244590211000000046e+01
1.244590211000000046e+01
1.244590211000000046e+01
1.244590211000000046e+01
1.244670218999999989e+01
1.244750226999999931e+01
1.244830235000000052e+01
1.244910242999999994e+01
1.244910242999999994e+01
1.244910242999999994e+01
1.244910242999999994e+01
1.244990250999999937e+01
1.244990250999999937e+01
1.245070259000000057e+01
1.244430194999999983e+01
1.244510202999999926e+01
1.244510202999999926e+01
1.244590211000000046e+01
1.244670218999999989e+01
1.244750226999999931e+01
1.244830235000000052e+01
1.244830235000000052e+01
1.244830235000000052e+01
1.244830235000000052e+01
1.243390091000000020e+01
1.243390091000000020e+01
1.243470098999999962e+01
1.242029954999999930e+01
1.242109963000000050e+01
1.242189970999999993e+01
1.242189970999999993e+01
1.242189970999999993e+01
1.242189970999999993e+01
1.242269978999999935e+01
1.242269978999999935e+01
1.242269978999999935e+01
1.242269978999999935e+01
1.242269978999999935e+01
1.241869939000000045e+01
1.241949946999999987e+01
1.241949946999999987e+01
1.241949946999999987e+01
1.242029954999999930e+01
1.242029954999999930e+01
1.242029954999999930e+01
1.242109963000000050e+01
1.242189970999999993e+01
1.242189970999999993e+01
1.241069859000000086e+01
1.241069859000000086e+01
1.241149867000000029e+01
1.239469698999999991e+01
1.239549706999999934e+01
1.239549706999999934e+01
1.239629715000000054e+01
1.239629715000000054e+01
1.239709722999999997e+01
1.239789730999999939e+01
1.239869739000000060e+01
1.239869739000000060e+01
1.239549706999999934e+01
1.239629715000000054e+01
1.239629715000000054e+01
1.239629715000000054e+01
1.239709722999999997e+01
1.239789730999999939e+01
1.239869739000000060e+01
1.239949747000000002e+01
1.239949747000000002e+01
1.239949747000000002e+01
1.240029754999999945e+01
1.240109763000000065e+01
1.240109763000000065e+01
1.238829634999999918e+01
1.238909643000000038e+01
1.238989650999999981e+01
1.239069658999999923e+01
1.239149667000000044e+01
1.239229674999999986e+01
1.239309682999999929e+01
1.239309682999999929e+01
1.239389691000000049e+01
1.239469698999999991e+01
1.238989650999999981e+01
1.239069658999999923e+01
1.239069658999999923e+01
1.239149667000000044e+01
1.239229674999999986e+01
1.239309682999999929e+01
1.239389691000000049e+01
1.239389691000000049e+01
1.239389691000000049e+01
1.239469698999999991e+01
1.239549706999999934e+01
1.239629715000000054e+01
1.238109563000000080e+01
1.238189571000000022e+01
1.238269578999999965e+01
1.238349587000000085e+01
1.238429595000000027e+01
1.238429595000000027e+01
1.238509602999999970e+01
1.238589610999999913e+01
1.238669619000000033e+01
1.238749626999999975e+01
1.238829634999999918e+01
1.238909643000000038e+01
1.238989650999999981e+01
1.238349587000000085e+01
1.238349587000000085e+01
1.238349587000000085e+01
1.238429595000000027e+01
1.238509602999999970e+01
1.238589610999999913e+01
1.238669619000000033e+01
1.238749626999999975e+01
1.238829634999999918e+01
1.238909643000000038e+01
1.238989650999999981e+01
1.237949547000000017e+01
1.238029554999999959e+01
1.238109563000000080e+01
1.238189571000000022e+01
1.238269578999999965e+01
1.238349587000000085e+01
1.238429595000000027e+01
1.238429595000000027e+01
1.238509602999999970e+01
1.238589610999999913e+01
1.238669619000000033e+01
1.238749626999999975e+01
1.238829634999999918e+01
1.238109563000000080e+01
1.238189571000000022e+01
1.238269578999999965e+01
1.238349587000000085e+01
1.238349587000000085e+01
1.238349587000000085e+01
1.238429595000000027e+01
1.238509602999999970e+01
1.238589610999999913e+01
1.238669619000000033e+01
1.238749626999999975e+01
1.236909443000000053e+01
1.236909443000000053e+01
1.236989450999999995e+01
1.237069458999999938e+01
1.237149467000000058e+01
1.237229475000000001e+01
1.237229475000000001e+01
1.237309482999999943e+01
1.237389491000000064e+01
1.236749426999999990e+01
1.236829434999999933e+01
1.236909443000000053e+01
1.236989450999999995e+01
1.237069458999999938e+01
1.237149467000000058e+01
1.237149467000000058e+01
1.237229475000000001e+01
1.237309482999999943e+01
1.236749426999999990e+01
1.236829434999999933e+01
1.236909443000000053e+01
1.236909443000000053e+01
1.236909443000000053e+01
1.236909443000000053e+01
1.236989450999999995e+01
1.237069458999999938e+01
1.237149467000000058e+01
1.237229475000000001e+01
1.237789530999999954e+01
1.237789530999999954e+01
1.237789530999999954e+01
1.237869539000000074e+01
1.237949547000000017e+01
1.238029554999999959e+01
1.238109563000000080e+01
1.238189571000000022e+01
1.238269578999999965e+01
1.238349587000000085e+01
1.238429595000000027e+01
1.238429595000000027e+01
1.238509602999999970e+01
1.238589610999999913e+01
1.237789530999999954e+01
1.237869539000000074e+01
1.237949547000000017e+01
1.238029554999999959e+01
1.238109563000000080e+01
1.238189571000000022e+01
1.238269578999999965e+01
1.238349587000000085e+01
1.238349587000000085e+01
1.238349587000000085e+01
1.238429595000000027e+01
1.238509602999999970e+01
1.238589610999999913e+01
1.238669619000000033e+01
1.238909643000000038e+01
1.238989650999999981e+01
1.239069658999999923e+01
1.239149667000000044e+01
1.239229674999999986e+01
1.239309682999999929e+01
1.239309682999999929e+01
1.239389691000000049e+01
1.239549706999999934e+01
1.239549706999999934e+01
1.239629715000000054e+01
1.239629715000000054e+01
1.239709722999999997e+01
1.239549706999999934e+01
1.239629715000000054e+01
1.239629715000000054e+01
1.239709722999999997e+01
1.239789730999999939e+01
1.239869739000000060e+01
1.239869739000000060e+01
1.239789730999999939e+01
1.239869739000000060e+01
1.239869739000000060e+01
1.239949747000000002e+01
1.240029754999999945e+01
1.240109763000000065e+01
1.240189771000000007e+01
1.240269778999999950e+01
1.240349787000000070e+01
1.240429795000000013e+01
1.240509802999999955e+01
1.240029754999999945e+01
1.240109763000000065e+01
1.240109763000000065e+01
1.240109763000000065e+01
1.240189771000000007e+01
1.240269778999999950e+01
1.240349787000000070e+01
1.240429795000000013e+01
1.240509802999999955e+01
1.240669819000000018e+01
1.240669819000000018e+01
1.240749826999999961e+01
1.240829835000000081e+01
1.240909843000000023e+01
1.240909843000000023e+01
1.240989850999999966e+01
1.241069859000000086e+01
1.241069859000000086e+01
1.241149867000000029e+01
1.241229874999999971e+01
1.240509802999999955e+01
1.240589811000000076e+01
1.240669819000000018e+01
1.240749826999999961e+01
1.240829835000000081e+01
1.240909843000000023e+01
1.240909843000000023e+01
1.240909843000000023e+01
1.240989850999999966e+01
1.240989850999999966e+01
1.241069859000000086e+01
1.241149867000000029e+01
1.240989850999999966e+01
1.241069859000000086e+01
1.241069859000000086e+01
1.241149867000000029e+01
1.241229874999999971e+01
1.241229874999999971e+01
1.241309882999999914e+01
1.241309882999999914e+01
1.241389891000000034e+01
1.241469898999999977e+01
1.241549906999999919e+01
1.241629915000000040e+01
1.240909843000000023e+01
1.240989850999999966e+01
1.240989850999999966e+01
1.241069859000000086e+01
1.241149867000000029e+01
1.241229874999999971e+01
1.241309882999999914e+01
1.241389891000000034e+01
1.241469898999999977e+01
1.241549906999999919e+01
1.241629915000000040e+01
1.241629915000000040e+01
1.241629915000000040e+01
1.241309882999999914e+01
1.241309882999999914e+01
1.241389891000000034e+01
1.241469898999999977e+01
1.241549906999999919e+01
1.241629915000000040e+01
1.241709922999999982e+01
1.241789930999999925e+01
1.241869939000000045e+01
1.241949946999999987e+01
1.242029954999999930e+01
1.241309882999999914e+01
1.241389891000000034e+01
1.241469898999999977e+01
1.241549906999999919e+01
1.241629915000000040e+01
1.241629915000000040e+01
1.241629915000000040e+01
1.241629915000000040e+01
1.241709922999999982e+01
1.241789930999999925e+01
1.241789930999999925e+01
1.241869939000000045e+01
1.241949946999999987e+01
1.242189970999999993e+01
1.242189970999999993e+01
1.242269978999999935e+01
1.242269978999999935e+01
1.242269978999999935e+01
1.242269978999999935e+01
1.242269978999999935e+01
1.242349987000000056e+01
1.242429994999999998e+01
1.241949946999999987e+01
1.241949946999999987e+01
1.242029954999999930e+01
1.242029954999999930e+01
1.242029954999999930e+01
1.242109963000000050e+01
1.242189970999999993e+01
1.242189970999999993e+01
1.242269978999999935e+01
1.242349987000000056e+01
1.242349987000000056e+01
1.242429994999999998e+01
1.242269978999999935e+01
1.242349987000000056e+01
1.242429994999999998e+01
1.242429994999999998e+01
1.242429994999999998e+01
1.242429994999999998e+01
1.242429994999999998e+01
1.242429994999999998e+01
1.242510002999999941e+01
1.242590011000000061e+01
1.242590011000000061e+01
1.242349987000000056e+01
1.242429994999999998e+01
1.242269978999999935e+01
1.242349987000000056e+01
1.242429994999999998e+01
1.242429994999999998e+01
1.242429994999999998e+01
1.242429994999999998e+01
1.242429994999999998e+01
1.242429994999999998e+01
1.242510002999999941e+01
1.242590011000000061e+01
1.242590011000000061e+01
1.243870139000000030e+01
1.243870139000000030e+01
1.243950146999999973e+01
1.244030154999999915e+01
1.244030154999999915e+01
1.244110163000000036e+01
1.244190170999999978e+01
1.244270178999999921e+01
1.244270178999999921e+01
1.243390091000000020e+01
1.243470098999999962e+01
1.243550107000000082e+01
1.243550107000000082e+01
1.243630115000000025e+01
1.243630115000000025e+01
1.243710122999999967e+01
1.243790131000000088e+01
1.243870139000000030e+01
1.243950146999999973e+01
1.243950146999999973e+01
1.244990250999999937e+01
1.244990250999999937e+01
1.245070259000000057e+01
1.245070259000000057e+01
1.245150266999999999e+01
1.245230274999999942e+01
1.245310283000000062e+01
1.245390291000000005e+01
1.245390291000000005e+01
1.245470298999999947e+01
1.245470298999999947e+01
1.245550307000000068e+01
1.244830235000000052e+01
1.244910242999999994e+01
1.244910242999999994e+01
1.244910242999999994e+01
1.244910242999999994e+01
1.244990250999999937e+01
1.245070259000000057e+01
1.245070259000000057e+01
1.245070259000000057e+01
1.245070259000000057e+01
1.245070259000000057e+01
1.245870339000000016e+01
1.245950346999999958e+01
1.245950346999999958e+01
1.246030355000000078e+01
1.246110363000000021e+01
1.246110363000000021e+01
1.246190370999999963e+01
1.246270379000000084e+01
1.245950346999999958e+01
1.246030355000000078e+01
1.246110363000000021e+01
1.246190370999999963e+01
1.246190370999999963e+01
1.246430394999999969e+01
1.246430394999999969e+01
1.246430394999999969e+01
1.246510402999999911e+01
1.246510402999999911e+01
1.246510402999999911e+01
1.246590411000000032e+01
1.246590411000000032e+01
1.246670418999999974e+01
1.246750426999999917e+01
1.246830435000000037e+01
1.246910442999999979e+01
1.246350387000000026e+01
1.246430394999999969e+01
1.246430394999999969e+01
1.246510402999999911e+01
1.246590411000000032e+01
1.246590411000000032e+01
1.246670418999999974e+01
1.246750426999999917e+01
1.246830435000000037e+01
1.246830435000000037e+01
1.246910442999999979e+01
1.246830435000000037e+01
1.246910442999999979e+01
1.246990450999999922e+01
1.247070459000000042e+01
1.247150466999999985e+01
1.247150466999999985e+01
1.247150466999999985e+01
1.247150466999999985e+01
1.247150466999999985e+01
1.247150466999999985e+01
1.247230474999999927e+01
1.247310483000000048e+01
1.247310483000000048e+01
1.246830435000000037e+01
1.246910442999999979e+01
1.246990450999999922e+01
1.247070459000000042e+01
1.247070459000000042e+01
1.247070459000000042e+01
1.247070459000000042e+01
1.247070459000000042e+01
1.247070459000000042e+01
1.247150466999999985e+01
1.247230474999999927e+01
1.247310483000000048e+01
1.247150466999999985e+01
1.247150466999999985e+01
1.247150466999999985e+01
1.247230474999999927e+01
1.247310483000000048e+01
1.247310483000000048e+01
1.247310483000000048e+01
1.247390490999999990e+01
1.247470498999999933e+01
1.247550507000000053e+01
1.247630514999999995e+01
1.247710522999999938e+01
1.247790531000000058e+01
1.247070459000000042e+01
1.247070459000000042e+01
1.247150466999999985e+01
1.247230474999999927e+01
1.247310483000000048e+01
1.247390490999999990e+01
1.247470498999999933e+01
1.247550507000000053e+01
1.247630514999999995e+01
1.247710522999999938e+01
1.247790531000000058e+01
1.247870539000000001e+01
1.247150466999999985e+01
1.247150466999999985e+01
1.247150466999999985e+01
1.247150466999999985e+01
1.247150466999999985e+01
1.247150466999999985e+01
1.247230474999999927e+01
1.247310483000000048e+01
1.247310483000000048e+01
1.247310483000000048e+01
1.247390490999999990e+01
1.247470498999999933e+01
1.247550507000000053e+01
1.247070459000000042e+01
1.247070459000000042e+01
1.247070459000000042e+01
1.247070459000000042e+01
1.247070459000000042e+01
1.247150466999999985e+01
1.247230474999999927e+01
1.247310483000000048e+01
1.247390490999999990e+01
1.247470498999999933e+01
1.247550507000000053e+01
1.247630514999999995e+01
1.246430394999999969e+01
1.246430394999999969e+01
1.246430394999999969e+01
1.246510402999999911e+01
1.246510402999999911e+01
1.246510402999999911e+01
1.246590411000000032e+01
1.246590411000000032e+01
1.246670418999999974e+01
1.246750426999999917e+01
1.246830435000000037e+01
1.246350387000000026e+01
1.246430394999999969e+01
1.246430394999999969e+01
1.246510402999999911e+01
1.246590411000000032e+01
1.246590411000000032e+01
1.246670418999999974e+01
1.246750426999999917e+01
1.246830435000000037e+01
1.246830435000000037e+01
1.246910442999999979e+01
1.245950346999999958e+01
1.245950346999999958e+01
1.246030355000000078e+01
1.246110363000000021e+01
1.246110363000000021e+01
1.246190370999999963e+01
1.246270379000000084e+01
1.246350387000000026e+01
1.246430394999999969e+01
1.245870339000000016e+01
1.245950346999999958e+01
1.246030355000000078e+01
1.246110363000000021e+01
1.246190370999999963e+01
1.246190370999999963e+01
1.246190370999999963e+01
1.246270379000000084e+01
1.245070259000000057e+01
1.245150266999999999e+01
1.245230274999999942e+01
1.245310283000000062e+01
1.245390291000000005e+01
1.245390291000000005e+01
1.245470298999999947e+01
1.245470298999999947e+01
1.245550307000000068e+01
1.245630315000000010e+01
1.245630315000000010e+01
1.244910242999999994e+01
1.244990250999999937e+01
1.245070259000000057e+01
1.245070259000000057e+01
1.245070259000000057e+01
1.245070259000000057e+01
1.245070259000000057e+01
1.245150266999999999e+01
1.244270178999999921e+01
1.244270178999999921e+01
1.244350187000000041e+01
1.244430194999999983e+01
1.244430194999999983e+01
1.244510202999999926e+01
1.244590211000000046e+01
1.244590211000000046e+01
1.244590211000000046e+01
1.243710122999999967e+01
1.243790131000000088e+01
1.243870139000000030e+01
1.243950146999999973e+01
1.243950146999999973e+01
1.244030154999999915e+01
1.244110163000000036e+01
1.244190170999999978e+01
1.244270178999999921e+01
1.244350187000000041e+01
1.244430194999999983e+01
1.242830035000000066e+01
1.242830035000000066e+01
1.242830035000000066e+01
1.242830035000000066e+01
1.242830035000000066e+01
1.242910043000000009e+01
1.242990050999999951e+01
1.243070059000000072e+01
1.243150067000000014e+01
1.243230074999999957e+01
1.243310083000000077e+01
1.243390091000000020e+01
1.243390091000000020e+01
1.242590011000000061e+01
1.242590011000000061e+01
1.242590011000000061e+01
1.242670019000000003e+01
1.242670019000000003e+01
1.242670019000000003e+01
1.242670019000000003e+01
1.242670019000000003e+01
1.241789930999999925e+01
1.241869939000000045e+01
1.241949946999999987e+01
1.241949946999999987e+01
1.241949946999999987e+01
1.242029954999999930e+01
1.242029954999999930e+01
1.242029954999999930e+01
1.240429795000000013e+01
1.240509802999999955e+01
1.240589811000000076e+01
1.240669819000000018e+01
1.240669819000000018e+01
1.240749826999999961e+01
1.240829835000000081e+01
1.240909843000000023e+01
1.240909843000000023e+01
1.240989850999999966e+01
1.241069859000000086e+01
1.241069859000000086e+01
1.241149867000000029e+01
1.240429795000000013e+01
1.240509802999999955e+01
1.240589811000000076e+01
1.240669819000000018e+01
1.240749826999999961e+01
1.240829835000000081e+01
1.240909843000000023e+01
1.240909843000000023e+01
1.240909843000000023e+01
1.240989850999999966e+01
1.240989850999999966e+01
1.239149667000000044e+01
1.239229674999999986e+01
1.239309682999999929e+01
1.239309682999999929e+01
1.239389691000000049e+01
1.239469698999999991e+01
1.239549706999999934e+01
1.239549706999999934e+01
1.239629715000000054e+01
1.239629715000000054e+01
1.239389691000000049e+01
1.239469698999999991e+01
1.239549706999999934e+01
1.239629715000000054e+01
1.239629715000000054e+01
1.239629715000000054e+01
1.239709722999999997e+01
1.239789730999999939e+01
1.238909643000000038e+01
1.238989650999999981e+01
1.239069658999999923e+01
1.239149667000000044e+01
1.239229674999999986e+01
1.239309682999999929e+01
1.239309682999999929e+01
1.239389691000000049e+01
1.238189571000000022e+01
1.238269578999999965e+01
1.238349587000000085e+01
1.238429595000000027e+01
1.238429595000000027e+01
1.238509602999999970e+01
1.238589610999999913e+01
1.238669619000000033e+01
1.238749626999999975e+01
1.238829634999999918e+01
1.238909643000000038e+01
1.238989650999999981e+01
1.238349587000000085e+01
1.238349587000000085e+01
1.238429595000000027e+01
1.238509602999999970e+01
1.238589610999999913e+01
1.238669619000000033e+01
1.238749626999999975e+01
1.238829634999999918e+01
1.238909643000000038e+01
1.238989650999999981e+01
1.237709523000000011e+01
1.237789530999999954e+01
1.237789530999999954e+01
1.237789530999999954e+01
1.237869539000000074e+01
1.237949547000000017e+01
1.238029554999999959e+01
1.238109563000000080e+01
1.238189571000000022e+01
1.238269578999999965e+01
1.238349587000000085e+01
1.238429595000000027e+01
1.238429595000000027e+01
1.237709523000000011e+01
1.237709523000000011e+01
1.237789530999999954e+01
1.237869539000000074e+01
1.237949547000000017e+01
1.238029554999999959e+01
1.238109563000000080e+01
1.238189571000000022e+01
1.238269578999999965e+01
1.238349587000000085e+01
1.238349587000000085e+01
1.238349587000000085e+01
1.238429595000000027e+01
1.238509602999999970e+01
1.237309482999999943e+01
1.237389491000000064e+01
1.237389491000000064e+01
1.237469499000000006e+01
1.237549506999999949e+01
1.237549506999999949e+01
1.237549506999999949e+01
1.237549506999999949e+01
1.237549506999999949e+01
1.237549506999999949e+01
1.237629515000000069e+01
1.237709523000000011e+01
1.236989450999999995e+01
1.237069458999999938e+01
1.237149467000000058e+01
1.237229475000000001e+01
1.237229475000000001e+01
1.237309482999999943e+01
1.237389491000000064e+01
1.237469499000000006e+01
1.237549506999999949e+01
1.237629515000000069e+01
1.237709523000000011e+01
1.236589410999999927e+01
1.236669419000000048e+01
1.236669419000000048e+01
1.236749426999999990e+01
1.236829434999999933e+01
1.236909443000000053e+01
1.236989450999999995e+01
1.237069458999999938e+01
1.237149467000000058e+01
1.237149467000000058e+01
1.237229475000000001e+01
1.237309482999999943e+01
1.237389491000000064e+01
1.236589410999999927e+01
1.236669419000000048e+01
1.236749426999999990e+01
1.236829434999999933e+01
1.236909443000000053e+01
1.236909443000000053e+01
1.236909443000000053e+01
1.236909443000000053e+01
1.236989450999999995e+01
1.237069458999999938e+01
1.238189571000000022e+01
1.238269578999999965e+01
1.238349587000000085e+01
1.238429595000000027e+01
1.238429595000000027e+01
1.238509602999999970e+01
1.238589610999999913e+01
1.238669619000000033e+01
1.238749626999999975e+01
1.238829634999999918e+01
1.238909643000000038e+01
1.238989650999999981e+01
1.238349587000000085e+01
1.238349587000000085e+01
1.238429595000000027e+01
1.238509602999999970e+01
1.238589610999999913e+01
1.238669619000000033e+01
1.238749626999999975e+01
1.238829634999999918e+01
1.238909643000000038e+01
1.238989650999999981e+01
1.238669619000000033e+01
1.238749626999999975e+01
1.238829634999999918e+01
1.238909643000000038e+01
1.238989650999999981e+01
1.239069658999999923e+01
1.239149667000000044e+01
1.239229674999999986e+01
1.239309682999999929e+01
1.239309682999999929e+01
1.239389691000000049e+01
1.239069658999999923e+01
1.239149667000000044e+01
1.239229674999999986e+01
1.239309682999999929e+01
1.239389691000000049e+01
1.239389691000000049e+01
1.239629715000000054e+01
1.239629715000000054e+01
1.239709722999999997e+01
1.239789730999999939e+01
1.239869739000000060e+01
1.239869739000000060e+01
1.239949747000000002e+01
1.240029754999999945e+01
1.240109763000000065e+01
1.240189771000000007e+01
1.240269778999999950e+01
1.240349787000000070e+01
1.239709722999999997e+01
1.239789730999999939e+01
1.239869739000000060e+01
1.239949747000000002e+01
1.239949747000000002e+01
1.239949747000000002e+01
1.240029754999999945e+01
1.240109763000000065e+01
1.240109763000000065e+01
1.240109763000000065e+01
1.240189771000000007e+01
1.240269778999999950e+01
1.240349787000000070e+01
1.240429795000000013e+01
1.240509802999999955e+01
1.240589811000000076e+01
1.240669819000000018e+01
1.240669819000000018e+01
1.240749826999999961e+01
1.240829835000000081e+01
1.240909843000000023e+01
1.240909843000000023e+01
1.240989850999999966e+01
1.240349787000000070e+01
1.240429795000000013e+01
1.240509802999999955e+01
1.240589811000000076e+01
1.240669819000000018e+01
1.240749826999999961e+01
1.240829835000000081e+01
1.240909843000000023e+01
1.240909843000000023e+01
1.241309882999999914e+01
1.241309882999999914e+01
1.241389891000000034e+01
1.241469898999999977e+01
1.241549906999999919e+01
1.241629915000000040e+01
1.241709922999999982e+01
1.241789930999999925e+01
1.241869939000000045e+01
1.241229874999999971e+01
1.241309882999999914e+01
1.241389891000000034e+01
1.241469898999999977e+01
1.241549906999999919e+01
1.241629915000000040e+01
1.241629915000000040e+01
1.241629915000000040e+01
1.241629915000000040e+01
1.241709922999999982e+01
1.241789930999999925e+01
1.241789930999999925e+01
1.241869939000000045e+01
1.242189970999999993e+01
1.242189970999999993e+01
1.242269978999999935e+01
1.242269978999999935e+01
1.242269978999999935e+01
1.242269978999999935e+01
1.242269978999999935e+01
1.242349987000000056e+01
1.242429994999999998e+01
1.241949946999999987e+01
1.241949946999999987e+01
1.242029954999999930e+01
1.242029954999999930e+01
1.242029954999999930e+01
1.242109963000000050e+01
1.242189970999999993e+01
1.242189970999999993e+01
1.242269978999999935e+01
1.242349987000000056e+01
1.242269978999999935e+01
1.242349987000000056e+01
1.242429994999999998e+01
1.242510002999999941e+01
1.242590011000000061e+01
1.242670019000000003e+01
1.242750026999999946e+01
1.242830035000000066e+01
1.242830035000000066e+01
1.242830035000000066e+01
1.242830035000000066e+01
1.242830035000000066e+01
1.242910043000000009e+01
1.242269978999999935e+01
1.242349987000000056e+01
1.242429994999999998e+01
1.242429994999999998e+01
1.242429994999999998e+01
1.242429994999999998e+01
1.242429994999999998e+01
1.242429994999999998e+01
1.242510002999999941e+01
1.242590011000000061e+01
1.242590011000000061e+01
1.243550107000000082e+01
1.243550107000000082e+01
1.243550107000000082e+01
1.243550107000000082e+01
1.243630115000000025e+01
1.243710122999999967e+01
1.243790131000000088e+01
1.243870139000000030e+01
1.243870139000000030e+01
1.243950146999999973e+01
1.244030154999999915e+01
1.246590411000000032e+01
1.246590411000000032e+01
1.246670418999999974e+01
1.246750426999999917e+01
1.246830435000000037e+01
1.246910442999999979e+01
1.246990450999999922e+01
1.247070459000000042e+01
1.247150466999999985e+01
1.247150466999999985e+01
1.247150466999999985e+01
1.247150466999999985e+01
1.246590411000000032e+01
1.246590411000000032e+01
1.246670418999999974e+01
1.246750426999999917e+01
1.246830435000000037e+01
1.246830435000000037e+01
1.246910442999999979e+01
1.246990450999999922e+01
1.247070459000000042e+01
1.247070459000000042e+01
1.247070459000000042e+01
1.247070459000000042e+01
1.245710322999999953e+01
1.245790331000000073e+01
1.245870339000000016e+01
1.245950346999999958e+01
1.245950346999999958e+01
1.246030355000000078e+01
1.246110363000000021e+01
1.246110363000000021e+01
1.246190370999999963e+01
1.246270379000000084e+01
1.245710322999999953e+01
1.245790331000000073e+01
1.245870339000000016e+01
1.245950346999999958e+01
1.246030355000000078e+01
1.246110363000000021e+01
1.246190370999999963e+01
1.246190370999999963e+01
1.246670418999999974e+01
1.246750426999999917e+01
1.246830435000000037e+01
1.246910442999999979e+01
1.246990450999999922e+01
1.247070459000000042e+01
1.247150466999999985e+01
1.247150466999999985e+01
1.247150466999999985e+01
1.247150466999999985e+01
1.247150466999999985e+01
1.247150466999999985e+01
1.247230474999999927e+01
1.246670418999999974e+01
1.246750426999999917e+01
1.246830435000000037e+01
1.246830435000000037e+01
1.246910442999999979e+01
1.246990450999999922e+01
1.247070459000000042e+01
1.247070459000000042e+01
1.247070459000000042e+01
1.247070459000000042e+01
1.247070459000000042e+01
1.247070459000000042e+01
1.247150466999999985e+01
1.247230474999999927e+01
1.247150466999999985e+01
1.247150466999999985e+01
1.247150466999999985e+01
1.247150466999999985e+01
1.247150466999999985e+01
1.247230474999999927e+01
1.247310483000000048e+01
1.247310483000000048e+01
1.247310483000000048e+01
1.247390490999999990e+01
1.247470498999999933e+01
1.247070459000000042e+01
1.247070459000000042e+01
1.247070459000000042e+01
1.247070459000000042e+01
1.247070459000000042e+01
1.247150466999999985e+01
1.247230474999999927e+01
1.247310483000000048e+01
1.247390490999999990e+01
1.247470498999999933e+01
1.247550507000000053e+01
1.246430394999999969e+01
1.246430394999999969e+01
1.246510402999999911e+01
1.246510402999999911e+01
1.246510402999999911e+01
1.246590411000000032e+01
1.246590411000000032e+01
1.246670418999999974e+01
1.246750426999999917e+01
1.246830435000000037e+01
1.246910442999999979e+01
1.246990450999999922e+01
1.246350387000000026e+01
1.246430394999999969e+01
1.246430394999999969e+01
1.246510402999999911e+01
1.246590411000000032e+01
1.246590411000000032e+01
1.246670418999999974e+01
1.246750426999999917e+01
1.246830435000000037e+01
1.246830435000000037e+01
1.246910442999999979e+01
1.246990450999999922e+01
