2.118119412000000068e+01
2.118519451999999959e+01
2.118519451999999959e+01
2.118919491999999849e+01
2.119319532000000095e+01
2.119719571999999985e+01
2.120119611999999876e+01
2.118919491999999849e+01
2.119319532000000095e+01
2.119719571999999985e+01
2.120119611999999876e+01
2.120519652000000121e+01
2.120519652000000121e+01
2.120519652000000121e+01
2.120919692000000012e+01
2.120519652000000121e+01
2.120519652000000121e+01
2.120519652000000121e+01
2.120919692000000012e+01
2.121319731999999902e+01
2.121719772000000148e+01
2.122119812000000039e+01
2.121319731999999902e+01
2.121719772000000148e+01
2.122119812000000039e+01
2.122519851999999929e+01
2.122919892000000175e+01
2.122919892000000175e+01
2.124920091999999983e+01
2.125320131999999873e+01
2.125720172000000119e+01
2.125720172000000119e+01
2.125720172000000119e+01
2.126120212000000009e+01
2.126520251999999900e+01
2.127320332000000036e+01
2.127720371999999927e+01
2.128120412000000172e+01
2.128520452000000063e+01
2.128520452000000063e+01
2.128520452000000063e+01
2.128920491999999953e+01
2.129320531999999844e+01
2.129320531999999844e+01
2.129720572000000089e+01
2.130120611999999980e+01
2.130520651999999870e+01
2.130920692000000116e+01
2.131320732000000007e+01
2.131320732000000007e+01
2.131720771999999897e+01
2.132120812000000143e+01
2.132520852000000033e+01
2.132920891999999924e+01
2.132920891999999924e+01
2.133320932000000170e+01
2.133720972000000060e+01
2.134121011999999951e+01
2.134521051999999841e+01
2.134921092000000087e+01
2.134921092000000087e+01
2.135321131999999977e+01
2.135721171999999868e+01
2.136121212000000114e+01
2.136521252000000004e+01
2.136921291999999895e+01
2.136921291999999895e+01
2.137321332000000140e+01
2.137721372000000031e+01
2.138121411999999921e+01
2.136921291999999895e+01
2.137321332000000140e+01
2.137721372000000031e+01
2.138121411999999921e+01
2.138521452000000167e+01
2.138921492000000057e+01
2.139321531999999948e+01
2.139721571999999838e+01
2.140121612000000084e+01
2.140521651999999975e+01
2.141321732000000111e+01
2.141721772000000001e+01
2.142121811999999892e+01
2.142521852000000138e+01
2.142521852000000138e+01
2.142921892000000028e+01
2.142921892000000028e+01
2.143321931999999919e+01
2.143721972000000164e+01
2.144122012000000055e+01
2.144122012000000055e+01
2.144522051999999945e+01
2.144922091999999836e+01
2.145322132000000082e+01
2.145722171999999972e+01
2.145722171999999972e+01
2.146122211999999863e+01
2.146522252000000108e+01
2.146922291999999999e+01
2.147322331999999889e+01
2.147722372000000135e+01
2.147322331999999889e+01
2.147722372000000135e+01
2.148122412000000026e+01
2.148122412000000026e+01
2.148522451999999916e+01
2.148922492000000162e+01
2.148122412000000026e+01
2.148522451999999916e+01
2.148922492000000162e+01
2.149322532000000052e+01
2.149722571999999943e+01
2.150122611999999833e+01
2.150122611999999833e+01
2.150522652000000079e+01
2.150922691999999969e+01
2.151322731999999860e+01
2.151322731999999860e+01
2.151722772000000106e+01
2.152522851999999887e+01
2.152922892000000132e+01
2.152922892000000132e+01
2.152922892000000132e+01
2.153322932000000023e+01
2.153722971999999913e+01
2.154123012000000159e+01
2.154523052000000050e+01
2.154923091999999940e+01
2.155323131999999831e+01
2.155723172000000076e+01
2.155323131999999831e+01
2.155723172000000076e+01
2.156123211999999967e+01
2.156523251999999857e+01
2.156923292000000103e+01
2.156923292000000103e+01
2.155323131999999831e+01
2.155723172000000076e+01
2.156123211999999967e+01
2.156523251999999857e+01
2.156923292000000103e+01
2.156923292000000103e+01
2.153722971999999913e+01
2.154123012000000159e+01
2.154523052000000050e+01
2.154923091999999940e+01
2.153322932000000023e+01
2.153722971999999913e+01
2.154123012000000159e+01
2.154523052000000050e+01
2.154923091999999940e+01
2.152522851999999887e+01
2.152922892000000132e+01
2.152922892000000132e+01
2.153322932000000023e+01
2.153722971999999913e+01
2.154123012000000159e+01
2.154523052000000050e+01
2.151722772000000106e+01
2.152122811999999996e+01
2.152522851999999887e+01
2.152922892000000132e+01
2.152922892000000132e+01
2.153322932000000023e+01
2.150922691999999969e+01
2.151322731999999860e+01
2.151322731999999860e+01
2.151722772000000106e+01
2.152122811999999996e+01
2.152522851999999887e+01
2.152922892000000132e+01
2.152922892000000132e+01
2.150522652000000079e+01
2.150922691999999969e+01
2.151322731999999860e+01
2.151322731999999860e+01
2.151722772000000106e+01
2.152122811999999996e+01
2.152522851999999887e+01
2.150122611999999833e+01
2.150522652000000079e+01
2.150922691999999969e+01
2.151322731999999860e+01
2.151322731999999860e+01
2.151722772000000106e+01
2.148922492000000162e+01
2.149322532000000052e+01
2.149722571999999943e+01
2.147322331999999889e+01
2.147722372000000135e+01
2.148122412000000026e+01
2.148122412000000026e+01
2.148522451999999916e+01
2.142521852000000138e+01
2.142521852000000138e+01
2.142921892000000028e+01
2.143321931999999919e+01
2.143721972000000164e+01
2.138921492000000057e+01
2.139321531999999948e+01
2.139721571999999838e+01
2.140121612000000084e+01
2.137721372000000031e+01
2.138121411999999921e+01
2.138521452000000167e+01
2.138921492000000057e+01
2.139321531999999948e+01
2.135321131999999977e+01
2.135721171999999868e+01
2.136121212000000114e+01
2.136521252000000004e+01
2.136921291999999895e+01
2.136921291999999895e+01
2.133320932000000170e+01
2.133720972000000060e+01
2.134121011999999951e+01
2.134521051999999841e+01
2.134921092000000087e+01
2.131720771999999897e+01
2.132120812000000143e+01
2.132120812000000143e+01
2.132520852000000033e+01
2.132920891999999924e+01
2.132920891999999924e+01
2.133320932000000170e+01
2.129320531999999844e+01
2.129320531999999844e+01
2.129720572000000089e+01
2.129720572000000089e+01
2.130120611999999980e+01
2.130520651999999870e+01
2.130920692000000116e+01
2.127320332000000036e+01
2.127720371999999927e+01
2.128120412000000172e+01
2.128520452000000063e+01
2.128520452000000063e+01
2.128920491999999953e+01
2.125320131999999873e+01
2.125720172000000119e+01
2.125720172000000119e+01
2.122519851999999929e+01
2.122919892000000175e+01
2.122919892000000175e+01
2.123319932000000065e+01
2.123719971999999956e+01
2.119719571999999985e+01
2.120119611999999876e+01
2.120519652000000121e+01
2.120519652000000121e+01
2.120519652000000121e+01
2.120919692000000012e+01
2.121319731999999902e+01
2.118119412000000068e+01
2.118519451999999959e+01
2.118519451999999959e+01
2.118919491999999849e+01
2.119319532000000095e+01
2.119719571999999985e+01
2.120119611999999876e+01
2.116119211999999905e+01
2.116119211999999905e+01
2.116119211999999905e+01
2.116519252000000151e+01
2.116919292000000041e+01
2.117319331999999932e+01
2.117319331999999932e+01
2.117719372000000178e+01
2.117719372000000178e+01
2.116119211999999905e+01
2.116119211999999905e+01
2.116119211999999905e+01
2.116519252000000151e+01
2.116919292000000041e+01
2.117319331999999932e+01
2.117319331999999932e+01
2.117719372000000178e+01
2.117719372000000178e+01
2.116119211999999905e+01
2.116119211999999905e+01
2.116119211999999905e+01
2.116519252000000151e+01
2.116919292000000041e+01
2.117319331999999932e+01
2.117319331999999932e+01
2.117719372000000178e+01
2.117719372000000178e+01
2.118519451999999959e+01
2.118519451999999959e+01
2.118919491999999849e+01
2.119319532000000095e+01
2.119719571999999985e+01
2.120119611999999876e+01
2.120519652000000121e+01
2.118919491999999849e+01
2.119319532000000095e+01
2.119719571999999985e+01
2.120119611999999876e+01
2.120519652000000121e+01
2.120519652000000121e+01
2.120519652000000121e+01
2.120919692000000012e+01
2.121319731999999902e+01
2.121719772000000148e+01
2.122119812000000039e+01
2.122519851999999929e+01
2.122919892000000175e+01
2.123319932000000065e+01
2.123719971999999956e+01
2.124120011999999846e+01
2.124120011999999846e+01
2.124520052000000092e+01
2.125720172000000119e+01
2.125720172000000119e+01
2.126120212000000009e+01
2.126520251999999900e+01
2.126920292000000146e+01
2.127320332000000036e+01
2.127720371999999927e+01
2.127320332000000036e+01
2.127720371999999927e+01
2.128120412000000172e+01
2.128520452000000063e+01
2.128520452000000063e+01
2.128520452000000063e+01
2.128520452000000063e+01
2.128920491999999953e+01
2.129320531999999844e+01
2.129320531999999844e+01
2.129720572000000089e+01
2.129320531999999844e+01
2.129720572000000089e+01
2.129720572000000089e+01
2.130120611999999980e+01
2.130520651999999870e+01
2.130920692000000116e+01
2.131320732000000007e+01
2.131320732000000007e+01
2.131320732000000007e+01
2.131720771999999897e+01
2.132120812000000143e+01
2.132120812000000143e+01
2.132520852000000033e+01
2.132920891999999924e+01
2.132920891999999924e+01
2.133720972000000060e+01
2.134121011999999951e+01
2.134521051999999841e+01
2.134921092000000087e+01
2.134921092000000087e+01
2.135321131999999977e+01
2.134921092000000087e+01
2.135321131999999977e+01
2.135721171999999868e+01
2.136121212000000114e+01
2.136521252000000004e+01
2.136921291999999895e+01
2.136921291999999895e+01
2.136121212000000114e+01
2.136521252000000004e+01
2.136921291999999895e+01
2.136921291999999895e+01
2.137321332000000140e+01
2.137721372000000031e+01
2.138121411999999921e+01
2.137721372000000031e+01
2.138121411999999921e+01
2.138521452000000167e+01
2.138921492000000057e+01
2.139321531999999948e+01
2.139321531999999948e+01
2.139721571999999838e+01
2.140121612000000084e+01
2.140521651999999975e+01
2.140921691999999865e+01
2.140921691999999865e+01
2.141321732000000111e+01
2.142121811999999892e+01
2.142521852000000138e+01
2.142521852000000138e+01
2.142921892000000028e+01
2.143321931999999919e+01
2.143721972000000164e+01
2.144122012000000055e+01
2.144522051999999945e+01
2.144922091999999836e+01
2.145322132000000082e+01
2.144922091999999836e+01
2.145322132000000082e+01
2.145722171999999972e+01
2.146122211999999863e+01
2.146522252000000108e+01
2.146922291999999999e+01
2.146522252000000108e+01
2.146922291999999999e+01
2.147322331999999889e+01
2.147722372000000135e+01
2.148122412000000026e+01
2.148122412000000026e+01
2.147722372000000135e+01
2.148122412000000026e+01
2.148122412000000026e+01
2.148522451999999916e+01
2.148922492000000162e+01
2.149322532000000052e+01
2.150522652000000079e+01
2.150922691999999969e+01
2.151322731999999860e+01
2.151322731999999860e+01
2.151722772000000106e+01
2.152122811999999996e+01
2.151722772000000106e+01
2.152122811999999996e+01
2.152522851999999887e+01
2.152922892000000132e+01
2.152922892000000132e+01
2.152122811999999996e+01
2.152522851999999887e+01
2.152922892000000132e+01
2.152922892000000132e+01
2.153322932000000023e+01
2.153722971999999913e+01
2.152922892000000132e+01
2.153322932000000023e+01
2.153722971999999913e+01
2.154123012000000159e+01
2.154523052000000050e+01
2.154923091999999940e+01
2.153722971999999913e+01
2.154123012000000159e+01
2.154523052000000050e+01
2.154923091999999940e+01
2.155323131999999831e+01
2.155723172000000076e+01
2.154923091999999940e+01
2.155323131999999831e+01
2.155723172000000076e+01
2.156123211999999967e+01
2.156523251999999857e+01
2.155723172000000076e+01
2.156123211999999967e+01
2.156523251999999857e+01
2.156923292000000103e+01
2.156923292000000103e+01
2.155323131999999831e+01
2.155723172000000076e+01
2.156123211999999967e+01
2.156523251999999857e+01
2.156923292000000103e+01
2.156923292000000103e+01
2.153722971999999913e+01
2.154123012000000159e+01
2.154523052000000050e+01
2.154923091999999940e+01
2.155323131999999831e+01
2.151722772000000106e+01
2.152122811999999996e+01
2.152522851999999887e+01
2.152922892000000132e+01
2.152922892000000132e+01
2.153322932000000023e+01
2.148122412000000026e+01
2.144522051999999945e+01
2.144922091999999836e+01
2.145322132000000082e+01
2.145722171999999972e+01
2.146122211999999863e+01
2.140921691999999865e+01
2.140921691999999865e+01
2.141321732000000111e+01
2.141721772000000001e+01
2.142121811999999892e+01
2.142521852000000138e+01
2.142521852000000138e+01
2.142921892000000028e+01
2.139321531999999948e+01
2.139721571999999838e+01
2.140121612000000084e+01
2.140521651999999975e+01
2.138121411999999921e+01
2.138521452000000167e+01
2.138921492000000057e+01
2.139321531999999948e+01
2.135721171999999868e+01
2.136121212000000114e+01
2.136521252000000004e+01
2.136921291999999895e+01
2.136921291999999895e+01
2.137321332000000140e+01
2.137721372000000031e+01
2.134521051999999841e+01
2.134921092000000087e+01
2.134921092000000087e+01
2.135321131999999977e+01
2.135721171999999868e+01
2.136121212000000114e+01
2.132920891999999924e+01
2.132920891999999924e+01
2.133320932000000170e+01
2.133720972000000060e+01
2.134121011999999951e+01
2.134521051999999841e+01
2.134921092000000087e+01
2.129320531999999844e+01
2.129320531999999844e+01
2.129720572000000089e+01
2.129720572000000089e+01
2.130120611999999980e+01
2.130520651999999870e+01
2.130920692000000116e+01
2.128520452000000063e+01
2.128520452000000063e+01
2.128920491999999953e+01
2.129320531999999844e+01
2.129320531999999844e+01
2.129720572000000089e+01
2.125720172000000119e+01
2.125720172000000119e+01
2.125720172000000119e+01
2.126120212000000009e+01
2.126520251999999900e+01
2.126920292000000146e+01
2.123319932000000065e+01
2.123719971999999956e+01
2.124120011999999846e+01
2.124120011999999846e+01
2.124520052000000092e+01
2.120919692000000012e+01
2.121319731999999902e+01
2.121719772000000148e+01
2.122119812000000039e+01
2.122519851999999929e+01
2.122919892000000175e+01
2.119719571999999985e+01
2.120119611999999876e+01
2.120519652000000121e+01
2.120519652000000121e+01
2.120519652000000121e+01
2.120919692000000012e+01
2.121319731999999902e+01
2.118119412000000068e+01
2.118519451999999959e+01
2.118519451999999959e+01
2.118919491999999849e+01
2.119319532000000095e+01
2.119719571999999985e+01
2.120119611999999876e+01
2.118119412000000068e+01
2.118119412000000068e+01
2.118519451999999959e+01
2.118519451999999959e+01
2.118919491999999849e+01
2.119319532000000095e+01
2.119719571999999985e+01
2.117719372000000178e+01
2.117719372000000178e+01
2.117719372000000178e+01
2.118119412000000068e+01
2.118119412000000068e+01
2.118519451999999959e+01
2.118519451999999959e+01
2.118919491999999849e+01
2.116919292000000041e+01
2.117319331999999932e+01
2.117319331999999932e+01
2.117719372000000178e+01
2.117719372000000178e+01
2.117719372000000178e+01
2.118119412000000068e+01
2.118119412000000068e+01
2.116919292000000041e+01
2.117319331999999932e+01
2.117319331999999932e+01
2.117719372000000178e+01
2.117719372000000178e+01
2.117719372000000178e+01
2.118119412000000068e+01
2.118119412000000068e+01
2.118519451999999959e+01
2.118919491999999849e+01
2.119319532000000095e+01
2.119719571999999985e+01
2.120119611999999876e+01
2.120519652000000121e+01
2.120519652000000121e+01
2.120519652000000121e+01
2.119719571999999985e+01
2.120119611999999876e+01
2.120519652000000121e+01
2.120519652000000121e+01
2.120519652000000121e+01
2.120919692000000012e+01
2.121319731999999902e+01
2.121719772000000148e+01
2.121319731999999902e+01
2.121719772000000148e+01
2.122119812000000039e+01
2.122519851999999929e+01
2.122919892000000175e+01
2.122919892000000175e+01
2.126520251999999900e+01
2.126920292000000146e+01
2.127320332000000036e+01
2.127720371999999927e+01
2.128120412000000172e+01
2.128520452000000063e+01
2.128520452000000063e+01
2.127720371999999927e+01
2.128120412000000172e+01
2.128520452000000063e+01
2.128520452000000063e+01
2.128920491999999953e+01
2.129320531999999844e+01
2.129320531999999844e+01
2.128520452000000063e+01
2.128920491999999953e+01
2.129320531999999844e+01
2.129320531999999844e+01
2.129720572000000089e+01
2.129720572000000089e+01
2.130120611999999980e+01
2.130120611999999980e+01
2.130520651999999870e+01
2.130920692000000116e+01
2.131320732000000007e+01
2.131320732000000007e+01
2.131720771999999897e+01
2.132120812000000143e+01
2.132120812000000143e+01
2.132920891999999924e+01
2.132920891999999924e+01
2.133320932000000170e+01
2.134121011999999951e+01
2.134921092000000087e+01
2.135321131999999977e+01
2.135721171999999868e+01
2.136121212000000114e+01
2.136521252000000004e+01
2.136921291999999895e+01
2.136921291999999895e+01
2.136521252000000004e+01
2.136921291999999895e+01
2.136921291999999895e+01
2.137321332000000140e+01
2.137721372000000031e+01
2.138121411999999921e+01
2.137721372000000031e+01
2.138121411999999921e+01
2.138521452000000167e+01
2.138921492000000057e+01
2.139321531999999948e+01
2.139721571999999838e+01
2.139321531999999948e+01
2.139721571999999838e+01
2.140121612000000084e+01
2.140521651999999975e+01
2.140921691999999865e+01
2.140921691999999865e+01
2.140921691999999865e+01
2.140921691999999865e+01
2.141321732000000111e+01
2.141721772000000001e+01
2.142121811999999892e+01
2.142521852000000138e+01
2.142921892000000028e+01
2.143321931999999919e+01
2.144122012000000055e+01
2.144522051999999945e+01
2.144922091999999836e+01
2.145322132000000082e+01
2.145722171999999972e+01
2.145722171999999972e+01
2.146122211999999863e+01
2.146522252000000108e+01
2.146922291999999999e+01
2.147322331999999889e+01
2.147722372000000135e+01
2.146922291999999999e+01
2.147322331999999889e+01
2.147722372000000135e+01
2.148122412000000026e+01
2.148122412000000026e+01
2.148522451999999916e+01
2.148922492000000162e+01
2.148522451999999916e+01
2.148922492000000162e+01
2.149322532000000052e+01
2.149722571999999943e+01
2.150122611999999833e+01
2.150522652000000079e+01
2.150522652000000079e+01
2.150922691999999969e+01
2.151322731999999860e+01
2.151322731999999860e+01
2.151722772000000106e+01
2.152522851999999887e+01
2.152922892000000132e+01
2.152922892000000132e+01
2.152922892000000132e+01
2.152922892000000132e+01
2.153322932000000023e+01
2.153722971999999913e+01
2.154123012000000159e+01
2.153322932000000023e+01
2.153722971999999913e+01
2.154123012000000159e+01
2.154523052000000050e+01
2.154923091999999940e+01
2.155323131999999831e+01
2.154523052000000050e+01
2.154923091999999940e+01
2.155323131999999831e+01
2.155723172000000076e+01
2.156123211999999967e+01
2.156523251999999857e+01
2.154523052000000050e+01
2.154923091999999940e+01
2.155323131999999831e+01
2.155723172000000076e+01
2.156123211999999967e+01
2.156523251999999857e+01
