2.057312450999999953e+01
2.057712490999999844e+01
2.058112531000000089e+01
2.058512570999999980e+01
2.058912610999999870e+01
2.059312651000000116e+01
2.059312651000000116e+01
2.059312651000000116e+01
2.059312651000000116e+01
2.059712691000000007e+01
2.060112730999999897e+01
2.058912610999999870e+01
2.059312651000000116e+01
2.059712691000000007e+01
2.060112730999999897e+01
2.060512771000000143e+01
2.060512771000000143e+01
2.060512771000000143e+01
2.060912811000000033e+01
2.057312450999999953e+01
2.057712490999999844e+01
2.058112531000000089e+01
2.058512570999999980e+01
2.058912610999999870e+01
2.059312651000000116e+01
2.059312651000000116e+01
2.059312651000000116e+01
2.059312651000000116e+01
2.059712691000000007e+01
2.060112730999999897e+01
2.058912610999999870e+01
2.059312651000000116e+01
2.059712691000000007e+01
2.060112730999999897e+01
2.060512771000000143e+01
2.060512771000000143e+01
2.060512771000000143e+01
2.060912811000000033e+01
2.058912610999999870e+01
2.059312651000000116e+01
2.059312651000000116e+01
2.059312651000000116e+01
2.059312651000000116e+01
2.059712691000000007e+01
2.060112730999999897e+01
2.060512771000000143e+01
2.060512771000000143e+01
2.060912811000000033e+01
2.060512771000000143e+01
2.060512771000000143e+01
2.060512771000000143e+01
2.060912811000000033e+01
2.061312850999999924e+01
2.061312850999999924e+01
2.061712891000000170e+01
2.062112931000000060e+01
2.062112931000000060e+01
2.059712691000000007e+01
2.060112730999999897e+01
2.060512771000000143e+01
2.060512771000000143e+01
2.060912811000000033e+01
2.061312850999999924e+01
2.061712891000000170e+01
2.060912811000000033e+01
2.061312850999999924e+01
2.061312850999999924e+01
2.061712891000000170e+01
2.062112931000000060e+01
2.062112931000000060e+01
2.062512970999999951e+01
2.062913010999999841e+01
2.063313051000000087e+01
2.061312850999999924e+01
2.061712891000000170e+01
2.062112931000000060e+01
2.062112931000000060e+01
2.062512970999999951e+01
2.062913010999999841e+01
2.063313051000000087e+01
2.063313051000000087e+01
2.063713090999999977e+01
2.064113130999999868e+01
2.063713090999999977e+01
2.064113130999999868e+01
2.064113130999999868e+01
2.064513171000000114e+01
2.061712891000000170e+01
2.062112931000000060e+01
2.062112931000000060e+01
2.062512970999999951e+01
2.062913010999999841e+01
2.063313051000000087e+01
2.063313051000000087e+01
2.063713090999999977e+01
2.064113130999999868e+01
2.063313051000000087e+01
2.063713090999999977e+01
2.064113130999999868e+01
2.064113130999999868e+01
2.064513171000000114e+01
2.064913211000000004e+01
2.064513171000000114e+01
2.064913211000000004e+01
2.065313250999999894e+01
2.065313250999999894e+01
2.065713291000000140e+01
2.066113331000000031e+01
2.066513370999999921e+01
2.066913411000000167e+01
2.066913411000000167e+01
2.065313250999999894e+01
2.065713291000000140e+01
2.066113331000000031e+01
2.066513370999999921e+01
2.066913411000000167e+01
2.066913411000000167e+01
2.067313451000000057e+01
2.067713490999999948e+01
2.068113530999999838e+01
2.068513571000000084e+01
2.066113331000000031e+01
2.066513370999999921e+01
2.066913411000000167e+01
2.066913411000000167e+01
2.067313451000000057e+01
2.067713490999999948e+01
2.068113530999999838e+01
2.068513571000000084e+01
2.068513571000000084e+01
2.068513571000000084e+01
2.068513571000000084e+01
2.068913610999999975e+01
2.067313451000000057e+01
2.067713490999999948e+01
2.068113530999999838e+01
2.068513571000000084e+01
2.068513571000000084e+01
2.068913610999999975e+01
2.069313650999999865e+01
2.069713691000000111e+01
2.069713691000000111e+01
2.068913610999999975e+01
2.069313650999999865e+01
2.069713691000000111e+01
2.069713691000000111e+01
2.070113731000000001e+01
2.070513770999999892e+01
2.070913811000000138e+01
2.068513571000000084e+01
2.068513571000000084e+01
2.068913610999999975e+01
2.069313650999999865e+01
2.069713691000000111e+01
2.069713691000000111e+01
2.070113731000000001e+01
2.070513770999999892e+01
2.070913811000000138e+01
2.071313851000000028e+01
2.069713691000000111e+01
2.070113731000000001e+01
2.070513770999999892e+01
2.070913811000000138e+01
2.071313851000000028e+01
2.071313851000000028e+01
2.071713890999999919e+01
2.070113731000000001e+01
2.070513770999999892e+01
2.070913811000000138e+01
2.071313851000000028e+01
2.071313851000000028e+01
2.071313851000000028e+01
2.071713890999999919e+01
2.072113931000000164e+01
2.072513971000000055e+01
2.071313851000000028e+01
2.071313851000000028e+01
2.071713890999999919e+01
2.072113931000000164e+01
2.072513971000000055e+01
2.072914010999999945e+01
2.073314050999999836e+01
2.073714091000000082e+01
2.071713890999999919e+01
2.072113931000000164e+01
2.072513971000000055e+01
2.072914010999999945e+01
2.072914010999999945e+01
2.073314050999999836e+01
2.073314050999999836e+01
2.073714091000000082e+01
2.072914010999999945e+01
2.073314050999999836e+01
2.073714091000000082e+01
2.074114130999999972e+01
2.074514170999999862e+01
2.074514170999999862e+01
2.074914211000000108e+01
2.074914211000000108e+01
2.075314250999999999e+01
2.072513971000000055e+01
2.072914010999999945e+01
2.072914010999999945e+01
2.073314050999999836e+01
2.073314050999999836e+01
2.073714091000000082e+01
2.074114130999999972e+01
2.074514170999999862e+01
2.074914211000000108e+01
2.074914211000000108e+01
2.074114130999999972e+01
2.074514170999999862e+01
2.074514170999999862e+01
2.074914211000000108e+01
2.074914211000000108e+01
2.075314250999999999e+01
2.075714290999999889e+01
2.076114331000000135e+01
2.073314050999999836e+01
2.073314050999999836e+01
2.073714091000000082e+01
2.074114130999999972e+01
2.074514170999999862e+01
2.074914211000000108e+01
2.074914211000000108e+01
2.075314250999999999e+01
2.075714290999999889e+01
2.076114331000000135e+01
2.074914211000000108e+01
2.074914211000000108e+01
2.075314250999999999e+01
2.075714290999999889e+01
2.076114331000000135e+01
2.076514371000000025e+01
2.076914410999999916e+01
2.073314050999999836e+01
2.073314050999999836e+01
2.073714091000000082e+01
2.074114130999999972e+01
2.074514170999999862e+01
2.074914211000000108e+01
2.074914211000000108e+01
2.075314250999999999e+01
2.075714290999999889e+01
2.076114331000000135e+01
2.074914211000000108e+01
2.074914211000000108e+01
2.075314250999999999e+01
2.075714290999999889e+01
2.076114331000000135e+01
2.076514371000000025e+01
2.076914410999999916e+01
2.072914010999999945e+01
2.073314050999999836e+01
2.073314050999999836e+01
2.073714091000000082e+01
2.074114130999999972e+01
2.074514170999999862e+01
2.074914211000000108e+01
2.074914211000000108e+01
2.075314250999999999e+01
2.075714290999999889e+01
2.074514170999999862e+01
2.074914211000000108e+01
2.074914211000000108e+01
2.075314250999999999e+01
2.075714290999999889e+01
2.076114331000000135e+01
2.076514371000000025e+01
2.068913610999999975e+01
2.069313650999999865e+01
2.069713691000000111e+01
2.069713691000000111e+01
2.070113731000000001e+01
2.070513770999999892e+01
2.070913811000000138e+01
2.071313851000000028e+01
2.071313851000000028e+01
2.071313851000000028e+01
2.071313851000000028e+01
2.071713890999999919e+01
2.068113530999999838e+01
2.068513571000000084e+01
2.068513571000000084e+01
2.068913610999999975e+01
2.069313650999999865e+01
2.069713691000000111e+01
2.069713691000000111e+01
2.070113731000000001e+01
2.062512970999999951e+01
2.062913010999999841e+01
2.063313051000000087e+01
2.063313051000000087e+01
2.063713090999999977e+01
2.064113130999999868e+01
2.064113130999999868e+01
2.064513171000000114e+01
2.064913211000000004e+01
2.065313250999999894e+01
2.065313250999999894e+01
2.064513171000000114e+01
2.064913211000000004e+01
2.065313250999999894e+01
2.065713291000000140e+01
2.066113331000000031e+01
2.066513370999999921e+01
2.066513370999999921e+01
2.059712691000000007e+01
2.060112730999999897e+01
2.060512771000000143e+01
2.060512771000000143e+01
2.060912811000000033e+01
2.061312850999999924e+01
2.061712891000000170e+01
2.060512771000000143e+01
2.060912811000000033e+01
2.061312850999999924e+01
2.061312850999999924e+01
2.061712891000000170e+01
2.062112931000000060e+01
2.062112931000000060e+01
2.062512970999999951e+01
2.062913010999999841e+01
2.063313051000000087e+01
2.057712490999999844e+01
2.058112531000000089e+01
2.058512570999999980e+01
2.058912610999999870e+01
2.059312651000000116e+01
2.059312651000000116e+01
2.059312651000000116e+01
2.059312651000000116e+01
2.059712691000000007e+01
2.060112730999999897e+01
2.060512771000000143e+01
2.059712691000000007e+01
2.060512771000000143e+01
2.060512771000000143e+01
2.060512771000000143e+01
2.060912811000000033e+01
2.056912411000000063e+01
2.057312450999999953e+01
2.057312450999999953e+01
2.057712490999999844e+01
2.058112531000000089e+01
2.058512570999999980e+01
2.058912610999999870e+01
2.055312251000000145e+01
2.055712291000000036e+01
2.056112330999999926e+01
2.056512371000000172e+01
2.056512371000000172e+01
2.056912411000000063e+01
2.057312450999999953e+01
2.057312450999999953e+01
2.057712490999999844e+01
2.058112531000000089e+01
2.055312251000000145e+01
2.055712291000000036e+01
2.056112330999999926e+01
2.056512371000000172e+01
2.056512371000000172e+01
2.056912411000000063e+01
2.057312450999999953e+01
2.057312450999999953e+01
2.057712490999999844e+01
2.056512371000000172e+01
2.056912411000000063e+01
2.057312450999999953e+01
2.057312450999999953e+01
2.057712490999999844e+01
2.058112531000000089e+01
2.058512570999999980e+01
2.058912610999999870e+01
2.059312651000000116e+01
2.059312651000000116e+01
2.058512570999999980e+01
2.058912610999999870e+01
2.058912610999999870e+01
2.059312651000000116e+01
2.059712691000000007e+01
2.060112730999999897e+01
2.060112730999999897e+01
2.060512771000000143e+01
2.060512771000000143e+01
2.060912811000000033e+01
2.061312850999999924e+01
2.061712891000000170e+01
2.062112931000000060e+01
2.062112931000000060e+01
2.061312850999999924e+01
2.061712891000000170e+01
2.062112931000000060e+01
2.062112931000000060e+01
2.062512970999999951e+01
2.062913010999999841e+01
2.063313051000000087e+01
2.063713090999999977e+01
2.061312850999999924e+01
2.061712891000000170e+01
2.062112931000000060e+01
2.062112931000000060e+01
2.062512970999999951e+01
2.062913010999999841e+01
2.063313051000000087e+01
2.063313051000000087e+01
2.063713090999999977e+01
2.063713090999999977e+01
2.064113130999999868e+01
2.064113130999999868e+01
2.064513171000000114e+01
2.065313250999999894e+01
2.066113331000000031e+01
2.066113331000000031e+01
2.066513370999999921e+01
2.066913411000000167e+01
2.066913411000000167e+01
2.067313451000000057e+01
2.067713490999999948e+01
2.067313451000000057e+01
2.067713490999999948e+01
2.068113530999999838e+01
2.068513571000000084e+01
2.068513571000000084e+01
2.068913610999999975e+01
2.068513571000000084e+01
2.068513571000000084e+01
2.068913610999999975e+01
2.069313650999999865e+01
2.069713691000000111e+01
2.069713691000000111e+01
2.070113731000000001e+01
2.068913610999999975e+01
2.069313650999999865e+01
2.069713691000000111e+01
2.069713691000000111e+01
2.070113731000000001e+01
2.070513770999999892e+01
2.070913811000000138e+01
2.071313851000000028e+01
2.071313851000000028e+01
2.071313851000000028e+01
2.071713890999999919e+01
2.070913811000000138e+01
2.071313851000000028e+01
2.071313851000000028e+01
2.071713890999999919e+01
2.072113931000000164e+01
2.072513971000000055e+01
2.070113731000000001e+01
2.070513770999999892e+01
2.070913811000000138e+01
2.071313851000000028e+01
2.071313851000000028e+01
2.071313851000000028e+01
2.071713890999999919e+01
2.072113931000000164e+01
2.072513971000000055e+01
2.072914010999999945e+01
2.071313851000000028e+01
2.071713890999999919e+01
2.072113931000000164e+01
2.072513971000000055e+01
2.072914010999999945e+01
2.073314050999999836e+01
2.073714091000000082e+01
2.074114130999999972e+01
2.071713890999999919e+01
2.072113931000000164e+01
2.072513971000000055e+01
2.072914010999999945e+01
2.072914010999999945e+01
2.073314050999999836e+01
2.073314050999999836e+01
2.073714091000000082e+01
2.072914010999999945e+01
2.073314050999999836e+01
2.073714091000000082e+01
2.074114130999999972e+01
2.074514170999999862e+01
2.074514170999999862e+01
2.074914211000000108e+01
2.074914211000000108e+01
2.075314250999999999e+01
2.073314050999999836e+01
2.073714091000000082e+01
2.074114130999999972e+01
2.074514170999999862e+01
2.074914211000000108e+01
2.074914211000000108e+01
2.075314250999999999e+01
2.075714290999999889e+01
2.076114331000000135e+01
2.074914211000000108e+01
2.075314250999999999e+01
2.075714290999999889e+01
2.076114331000000135e+01
2.076514371000000025e+01
2.076914410999999916e+01
2.074914211000000108e+01
2.074914211000000108e+01
2.075314250999999999e+01
2.075714290999999889e+01
2.076114331000000135e+01
2.076514371000000025e+01
2.076914410999999916e+01
2.077314451000000162e+01
2.077314451000000162e+01
2.077714491000000052e+01
2.076114331000000135e+01
2.076514371000000025e+01
2.076914410999999916e+01
2.077314451000000162e+01
2.077714491000000052e+01
2.078114530999999943e+01
2.078114530999999943e+01
2.078114530999999943e+01
2.078114530999999943e+01
2.078514570999999833e+01
2.078914611000000079e+01
2.079314650999999969e+01
2.079314650999999969e+01
2.078114530999999943e+01
2.078514570999999833e+01
2.078914611000000079e+01
2.079314650999999969e+01
2.079314650999999969e+01
2.079714690999999860e+01
2.080114731000000106e+01
2.079314650999999969e+01
2.079714690999999860e+01
2.080114731000000106e+01
2.080514770999999996e+01
2.080914810999999887e+01
2.081314851000000132e+01
2.081714891000000023e+01
2.082114930999999913e+01
2.082114930999999913e+01
2.082514971000000159e+01
2.082915012000000132e+01
2.083315052000000023e+01
2.083315052000000023e+01
2.083715091999999913e+01
2.084115132000000159e+01
2.082915012000000132e+01
2.083315052000000023e+01
2.083715091999999913e+01
2.084115132000000159e+01
2.084515172000000049e+01
2.084915211999999940e+01
2.085315251999999830e+01
2.085715292000000076e+01
2.081714891000000023e+01
2.082114930999999913e+01
2.082114930999999913e+01
2.082514971000000159e+01
2.082915012000000132e+01
2.083315052000000023e+01
2.083315052000000023e+01
2.083715091999999913e+01
2.084115132000000159e+01
2.082915012000000132e+01
2.083315052000000023e+01
2.083715091999999913e+01
2.084115132000000159e+01
2.084515172000000049e+01
2.084915211999999940e+01
2.085315251999999830e+01
2.085715292000000076e+01
2.081314851000000132e+01
2.081714891000000023e+01
2.082114930999999913e+01
2.082114930999999913e+01
2.082514971000000159e+01
2.082915012000000132e+01
2.083315052000000023e+01
2.083315052000000023e+01
2.083715091999999913e+01
2.084115132000000159e+01
2.082915012000000132e+01
2.083315052000000023e+01
2.083715091999999913e+01
2.084115132000000159e+01
2.084515172000000049e+01
2.084915211999999940e+01
2.080914810999999887e+01
2.081314851000000132e+01
2.081714891000000023e+01
2.082114930999999913e+01
2.082114930999999913e+01
2.082514971000000159e+01
2.082915012000000132e+01
2.083315052000000023e+01
2.083315052000000023e+01
2.082915012000000132e+01
2.083315052000000023e+01
2.083715091999999913e+01
2.084115132000000159e+01
2.081314851000000132e+01
2.081714891000000023e+01
2.082114930999999913e+01
2.082114930999999913e+01
2.082514971000000159e+01
2.082915012000000132e+01
2.083315052000000023e+01
2.083315052000000023e+01
2.083715091999999913e+01
2.082915012000000132e+01
2.083315052000000023e+01
2.083715091999999913e+01
2.084115132000000159e+01
2.084515172000000049e+01
2.084915211999999940e+01
2.082114930999999913e+01
2.082114930999999913e+01
2.082514971000000159e+01
2.082915012000000132e+01
2.083315052000000023e+01
2.083315052000000023e+01
2.083715091999999913e+01
2.084115132000000159e+01
2.082915012000000132e+01
2.083315052000000023e+01
2.083715091999999913e+01
2.084115132000000159e+01
2.084515172000000049e+01
2.084915211999999940e+01
2.085315251999999830e+01
2.085715292000000076e+01
2.085715292000000076e+01
2.082514971000000159e+01
2.082915012000000132e+01
2.083315052000000023e+01
2.083315052000000023e+01
2.083715091999999913e+01
2.084115132000000159e+01
2.083315052000000023e+01
2.083715091999999913e+01
2.084115132000000159e+01
2.084515172000000049e+01
2.084915211999999940e+01
2.085315251999999830e+01
2.085715292000000076e+01
2.085715292000000076e+01
2.086115331999999967e+01
2.080514770999999996e+01
2.080914810999999887e+01
2.081314851000000132e+01
2.081714891000000023e+01
2.082114930999999913e+01
2.082114930999999913e+01
2.082514971000000159e+01
2.082915012000000132e+01
2.082114930999999913e+01
2.082514971000000159e+01
2.082915012000000132e+01
2.083315052000000023e+01
2.083715091999999913e+01
2.077314451000000162e+01
2.077714491000000052e+01
2.078114530999999943e+01
2.078114530999999943e+01
2.078514570999999833e+01
2.078914611000000079e+01
2.079314650999999969e+01
2.079314650999999969e+01
2.079714690999999860e+01
2.078914611000000079e+01
2.079314650999999969e+01
2.079314650999999969e+01
2.079714690999999860e+01
2.079714690999999860e+01
2.080114731000000106e+01
2.080514770999999996e+01
2.080914810999999887e+01
2.080914810999999887e+01
2.076514371000000025e+01
2.076914410999999916e+01
2.077314451000000162e+01
2.077714491000000052e+01
2.078114530999999943e+01
2.076914410999999916e+01
2.077314451000000162e+01
2.077714491000000052e+01
2.078114530999999943e+01
2.078514570999999833e+01
2.078914611000000079e+01
2.079314650999999969e+01
2.079314650999999969e+01
2.074514170999999862e+01
2.074514170999999862e+01
2.074914211000000108e+01
2.074914211000000108e+01
2.075314250999999999e+01
2.075714290999999889e+01
2.076114331000000135e+01
2.076514371000000025e+01
2.072513971000000055e+01
2.072914010999999945e+01
2.073314050999999836e+01
2.073714091000000082e+01
2.074114130999999972e+01
2.074514170999999862e+01
2.074514170999999862e+01
2.074914211000000108e+01
2.066913411000000167e+01
2.067313451000000057e+01
2.067713490999999948e+01
2.068113530999999838e+01
2.068513571000000084e+01
2.068513571000000084e+01
2.068913610999999975e+01
2.069313650999999865e+01
2.069713691000000111e+01
2.069713691000000111e+01
2.063313051000000087e+01
2.063313051000000087e+01
2.063713090999999977e+01
2.064113130999999868e+01
2.064113130999999868e+01
2.064513171000000114e+01
2.064913211000000004e+01
2.065313250999999894e+01
2.064513171000000114e+01
2.064913211000000004e+01
2.065313250999999894e+01
2.065713291000000140e+01
2.066113331000000031e+01
2.066513370999999921e+01
2.066513370999999921e+01
2.066913411000000167e+01
2.061712891000000170e+01
2.062112931000000060e+01
2.062112931000000060e+01
2.062512970999999951e+01
2.062913010999999841e+01
2.063313051000000087e+01
2.063313051000000087e+01
2.062512970999999951e+01
2.062913010999999841e+01
2.063313051000000087e+01
2.063713090999999977e+01
2.064113130999999868e+01
2.064113130999999868e+01
2.064513171000000114e+01
2.064913211000000004e+01
2.065313250999999894e+01
2.059712691000000007e+01
2.060112730999999897e+01
2.060512771000000143e+01
2.060512771000000143e+01
2.060912811000000033e+01
2.061312850999999924e+01
2.061712891000000170e+01
2.060512771000000143e+01
2.060912811000000033e+01
2.061312850999999924e+01
2.061312850999999924e+01
2.061712891000000170e+01
2.062112931000000060e+01
2.062112931000000060e+01
2.062512970999999951e+01
2.062913010999999841e+01
2.063313051000000087e+01
2.058912610999999870e+01
2.059312651000000116e+01
2.059312651000000116e+01
2.059312651000000116e+01
2.059312651000000116e+01
2.059712691000000007e+01
2.060112730999999897e+01
2.060512771000000143e+01
2.060512771000000143e+01
2.060912811000000033e+01
2.060512771000000143e+01
2.060512771000000143e+01
2.060512771000000143e+01
2.060912811000000033e+01
2.061312850999999924e+01
2.061312850999999924e+01
2.061712891000000170e+01
2.062112931000000060e+01
2.062112931000000060e+01
2.058112531000000089e+01
2.058512570999999980e+01
2.058912610999999870e+01
2.059312651000000116e+01
2.059312651000000116e+01
2.059312651000000116e+01
2.059312651000000116e+01
2.059712691000000007e+01
2.060112730999999897e+01
2.060512771000000143e+01
2.059712691000000007e+01
2.060112730999999897e+01
2.060512771000000143e+01
2.060512771000000143e+01
2.060512771000000143e+01
2.060912811000000033e+01
2.061312850999999924e+01
2.061312850999999924e+01
2.057312450999999953e+01
2.057312450999999953e+01
2.057712490999999844e+01
2.058112531000000089e+01
2.058512570999999980e+01
2.058912610999999870e+01
2.059312651000000116e+01
2.059312651000000116e+01
2.059312651000000116e+01
2.059312651000000116e+01
2.058912610999999870e+01
2.059312651000000116e+01
2.059312651000000116e+01
2.059312651000000116e+01
2.059312651000000116e+01
2.059712691000000007e+01
2.060112730999999897e+01
2.060512771000000143e+01
2.060512771000000143e+01
2.060912811000000033e+01
2.060512771000000143e+01
2.060512771000000143e+01
2.060512771000000143e+01
2.060912811000000033e+01
2.061312850999999924e+01
2.061312850999999924e+01
2.061712891000000170e+01
2.062112931000000060e+01
2.062112931000000060e+01
2.059712691000000007e+01
2.060112730999999897e+01
2.060512771000000143e+01
2.060512771000000143e+01
2.060912811000000033e+01
2.061312850999999924e+01
2.061712891000000170e+01
2.062112931000000060e+01
2.062112931000000060e+01
2.061312850999999924e+01
2.061712891000000170e+01
2.062112931000000060e+01
2.062112931000000060e+01
2.062512970999999951e+01
2.062913010999999841e+01
2.063313051000000087e+01
2.063713090999999977e+01
2.061712891000000170e+01
2.062112931000000060e+01
2.062112931000000060e+01
2.062512970999999951e+01
2.062913010999999841e+01
2.063313051000000087e+01
2.063313051000000087e+01
2.063713090999999977e+01
2.064113130999999868e+01
2.064113130999999868e+01
2.064113130999999868e+01
2.064513171000000114e+01
2.063713090999999977e+01
2.064113130999999868e+01
2.064113130999999868e+01
2.064513171000000114e+01
2.064913211000000004e+01
2.065313250999999894e+01
2.065313250999999894e+01
2.065313250999999894e+01
2.065713291000000140e+01
2.066113331000000031e+01
2.061712891000000170e+01
2.062112931000000060e+01
2.062112931000000060e+01
2.062512970999999951e+01
2.062913010999999841e+01
2.063313051000000087e+01
2.063313051000000087e+01
2.063713090999999977e+01
2.064113130999999868e+01
2.064113130999999868e+01
2.063313051000000087e+01
2.063713090999999977e+01
2.064113130999999868e+01
2.064113130999999868e+01
2.064513171000000114e+01
2.064913211000000004e+01
2.065313250999999894e+01
2.062112931000000060e+01
2.062112931000000060e+01
2.062512970999999951e+01
2.062913010999999841e+01
2.063313051000000087e+01
2.063313051000000087e+01
2.063713090999999977e+01
2.064113130999999868e+01
2.064113130999999868e+01
2.064513171000000114e+01
2.064913211000000004e+01
2.064113130999999868e+01
2.064113130999999868e+01
2.064513171000000114e+01
2.064913211000000004e+01
2.065313250999999894e+01
2.065713291000000140e+01
2.066913411000000167e+01
2.066913411000000167e+01
2.067313451000000057e+01
2.067713490999999948e+01
2.068113530999999838e+01
2.068513571000000084e+01
2.068513571000000084e+01
2.068913610999999975e+01
2.069313650999999865e+01
2.068513571000000084e+01
2.068913610999999975e+01
2.069313650999999865e+01
2.069713691000000111e+01
2.069713691000000111e+01
2.068913610999999975e+01
2.069313650999999865e+01
2.069713691000000111e+01
2.069713691000000111e+01
2.070113731000000001e+01
2.070513770999999892e+01
2.070913811000000138e+01
2.071313851000000028e+01
2.071313851000000028e+01
2.070113731000000001e+01
2.070513770999999892e+01
2.070913811000000138e+01
2.071313851000000028e+01
2.071313851000000028e+01
2.071713890999999919e+01
2.072113931000000164e+01
2.072513971000000055e+01
2.072113931000000164e+01
2.072513971000000055e+01
2.072113931000000164e+01
2.072513971000000055e+01
2.072914010999999945e+01
2.073314050999999836e+01
2.073714091000000082e+01
2.074114130999999972e+01
2.074514170999999862e+01
2.074514170999999862e+01
2.072513971000000055e+01
2.072914010999999945e+01
2.072914010999999945e+01
2.073314050999999836e+01
2.073314050999999836e+01
2.073714091000000082e+01
2.074114130999999972e+01
2.074514170999999862e+01
2.073314050999999836e+01
2.073714091000000082e+01
2.074114130999999972e+01
2.074514170999999862e+01
2.074514170999999862e+01
2.074914211000000108e+01
2.074914211000000108e+01
2.075314250999999999e+01
2.075714290999999889e+01
2.076114331000000135e+01
2.068113530999999838e+01
2.068513571000000084e+01
2.068513571000000084e+01
2.068913610999999975e+01
2.069313650999999865e+01
2.069713691000000111e+01
2.069713691000000111e+01
2.070113731000000001e+01
2.070513770999999892e+01
2.069713691000000111e+01
2.070113731000000001e+01
2.070513770999999892e+01
2.070913811000000138e+01
2.071313851000000028e+01
2.071313851000000028e+01
2.066913411000000167e+01
2.066913411000000167e+01
2.067313451000000057e+01
2.067713490999999948e+01
2.068113530999999838e+01
2.068513571000000084e+01
2.068513571000000084e+01
2.068913610999999975e+01
2.069313650999999865e+01
2.068513571000000084e+01
2.068913610999999975e+01
2.069313650999999865e+01
2.069713691000000111e+01
2.069713691000000111e+01
2.070113731000000001e+01
2.070513770999999892e+01
2.070913811000000138e+01
2.071313851000000028e+01
2.071313851000000028e+01
2.071313851000000028e+01
2.071713890999999919e+01
2.072113931000000164e+01
2.072513971000000055e+01
2.071313851000000028e+01
2.071313851000000028e+01
2.071713890999999919e+01
2.072113931000000164e+01
2.072513971000000055e+01
2.072914010999999945e+01
2.073314050999999836e+01
2.073714091000000082e+01
2.074114130999999972e+01
2.066913411000000167e+01
2.066913411000000167e+01
2.067313451000000057e+01
2.067713490999999948e+01
2.068113530999999838e+01
2.068513571000000084e+01
2.068513571000000084e+01
2.068913610999999975e+01
2.069313650999999865e+01
