2.369337214000000102e+01
2.369737253999999993e+01
2.369737253999999993e+01
2.370137293999999883e+01
2.370537334000000129e+01
2.370537334000000129e+01
2.370937374000000020e+01
2.371337413999999910e+01
2.371337413999999910e+01
2.371737454000000156e+01
2.372137494000000046e+01
2.372137494000000046e+01
2.372537533999999937e+01
2.372937573999999827e+01
2.373337614000000073e+01
2.373337614000000073e+01
2.373737653999999964e+01
2.374137693999999854e+01
2.374537734000000100e+01
2.374537734000000100e+01
2.374937773999999990e+01
2.375337813999999881e+01
2.375737854000000127e+01
2.376137894000000017e+01
2.376137894000000017e+01
2.376537933999999908e+01
2.370537334000000129e+01
2.370537334000000129e+01
2.370937374000000020e+01
2.371337413999999910e+01
2.371337413999999910e+01
2.371737454000000156e+01
2.372137494000000046e+01
2.372137494000000046e+01
2.372537533999999937e+01
2.372937573999999827e+01
2.373337614000000073e+01
2.373337614000000073e+01
2.373737653999999964e+01
2.374137693999999854e+01
2.374537734000000100e+01
2.374537734000000100e+01
2.374937773999999990e+01
2.375337813999999881e+01
2.375737854000000127e+01
2.376137894000000017e+01
2.376137894000000017e+01
2.376537933999999908e+01
2.376537933999999908e+01
2.374537734000000100e+01
2.374537734000000100e+01
2.374937773999999990e+01
2.375337813999999881e+01
2.375737854000000127e+01
2.376137894000000017e+01
2.376137894000000017e+01
2.376537933999999908e+01
2.376537933999999908e+01
2.376937974000000153e+01
2.376937974000000153e+01
2.377338014000000044e+01
2.377338014000000044e+01
2.377738053999999934e+01
2.378138093999999825e+01
2.378138093999999825e+01
2.378538134000000071e+01
2.378538134000000071e+01
2.378938173999999961e+01
2.379338213999999851e+01
2.379338213999999851e+01
2.379338213999999851e+01
2.379738254000000097e+01
2.360136294000000134e+01
2.360536334000000025e+01
2.360936373999999915e+01
2.360936373999999915e+01
2.361336414000000161e+01
2.361336414000000161e+01
2.361736454000000052e+01
2.362136493999999942e+01
2.362536533999999833e+01
2.362936574000000078e+01
2.362936574000000078e+01
2.363336613999999969e+01
2.363736653999999859e+01
2.363736653999999859e+01
2.364136694000000105e+01
2.364536733999999996e+01
2.364536733999999996e+01
2.364936773999999886e+01
2.365336814000000132e+01
2.365736854000000022e+01
2.365736854000000022e+01
2.365736854000000022e+01
2.366136893999999913e+01
2.366536934000000159e+01
2.366536934000000159e+01
2.366936974000000049e+01
2.332533533000000148e+01
2.332933573000000038e+01
2.333333612999999929e+01
2.333733653000000174e+01
2.334133693000000065e+01
2.334133693000000065e+01
2.334533732999999955e+01
2.334933772999999846e+01
2.335333813000000092e+01
2.335333813000000092e+01
2.335733852999999982e+01
2.335733852999999982e+01
2.335733852999999982e+01
2.336133892999999873e+01
2.336533933000000118e+01
2.336533933000000118e+01
2.336933973000000009e+01
2.337334012999999899e+01
2.337734053000000145e+01
2.337734053000000145e+01
2.338134093000000036e+01
2.338534132999999926e+01
2.338934173000000172e+01
2.338934173000000172e+01
2.325332812999999987e+01
2.325732852999999878e+01
2.325732852999999878e+01
2.326132893000000124e+01
2.326532933000000014e+01
2.326532933000000014e+01
2.326932972999999905e+01
2.327333013000000150e+01
2.327733053000000041e+01
2.328133092999999931e+01
2.328533133000000177e+01
2.328533133000000177e+01
2.328933173000000068e+01
2.329333212999999958e+01
2.329733252999999848e+01
2.330133293000000094e+01
2.330533332999999985e+01
2.330533332999999985e+01
2.330933372999999875e+01
2.331333413000000121e+01
2.331333413000000121e+01
2.331733453000000011e+01
2.332133492999999902e+01
2.332533533000000148e+01
2.332533533000000148e+01
2.300530333000000027e+01
2.300530333000000027e+01
2.300930372999999918e+01
2.300930372999999918e+01
2.301330413000000163e+01
2.301730453000000054e+01
2.302130492999999944e+01
2.302530532999999835e+01
2.302530532999999835e+01
2.302930573000000081e+01
2.302930573000000081e+01
2.303330612999999971e+01
2.303730652999999862e+01
2.304130693000000107e+01
2.304530732999999998e+01
2.304930772999999888e+01
2.305330813000000134e+01
2.296129893000000166e+01
2.296529933000000057e+01
2.296929972999999947e+01
2.297330012999999838e+01
2.297730053000000083e+01
2.297730053000000083e+01
2.298130092999999974e+01
2.298530132999999864e+01
2.298530132999999864e+01
2.298530132999999864e+01
2.298930173000000110e+01
2.298930173000000110e+01
2.298930173000000110e+01
2.298930173000000110e+01
2.299330213000000001e+01
2.299330213000000001e+01
2.299730252999999891e+01
2.300130293000000137e+01
2.300530333000000027e+01
2.300930372999999918e+01
2.301330413000000163e+01
2.301330413000000163e+01
2.301730453000000054e+01
2.302130492999999944e+01
2.302530532999999835e+01
2.302930573000000081e+01
2.303330612999999971e+01
2.303730652999999862e+01
2.304130693000000107e+01
2.288929173000000006e+01
2.289329212999999896e+01
2.289729253000000142e+01
2.289729253000000142e+01
2.290129293000000033e+01
2.290129293000000033e+01
2.290129293000000033e+01
2.290129293000000033e+01
2.290529332999999923e+01
2.290529332999999923e+01
2.290929373000000169e+01
2.291329413000000059e+01
2.291329413000000059e+01
2.291329413000000059e+01
2.291729452999999950e+01
2.292129492999999840e+01
2.292529533000000086e+01
2.292929572999999976e+01
2.292929572999999976e+01
2.283328613000000118e+01
2.283728653000000008e+01
2.284128692999999899e+01
2.284528733000000145e+01
2.284528733000000145e+01
2.284528733000000145e+01
2.284928773000000035e+01
2.285328812999999926e+01
2.285328812999999926e+01
2.285728853000000171e+01
2.286128893000000062e+01
2.286528932999999952e+01
2.286928972999999843e+01
2.287329013000000089e+01
2.287329013000000089e+01
2.287729052999999979e+01
2.287729052999999979e+01
2.287729052999999979e+01
2.288129092999999870e+01
2.288529133000000115e+01
2.288929173000000006e+01
2.288929173000000006e+01
2.289329212999999896e+01
2.289329212999999896e+01
2.289329212999999896e+01
2.289329212999999896e+01
2.289729253000000142e+01
2.290129293000000033e+01
2.290529332999999923e+01
2.290929373000000169e+01
2.290929373000000169e+01
2.284928773000000035e+01
2.285728853000000171e+01
2.286128893000000062e+01
2.286128893000000062e+01
2.286128893000000062e+01
2.286528932999999952e+01
2.286928972999999843e+01
2.287329013000000089e+01
2.287329013000000089e+01
2.287729052999999979e+01
2.288129092999999870e+01
2.288529133000000115e+01
2.288929173000000006e+01
2.279728253000000038e+01
2.279728253000000038e+01
2.280128292999999928e+01
2.280528333000000174e+01
2.280928373000000065e+01
2.281328412999999955e+01
2.281728452999999845e+01
2.281728452999999845e+01
2.282128493000000091e+01
2.282128493000000091e+01
2.282528532999999982e+01
2.282528532999999982e+01
2.282928572999999872e+01
2.282928572999999872e+01
2.282928572999999872e+01
2.283328613000000118e+01
2.283728653000000008e+01
2.284128692999999899e+01
2.284528733000000145e+01
2.284528733000000145e+01
2.284528733000000145e+01
2.284928773000000035e+01
2.285328812999999926e+01
2.285328812999999926e+01
2.285728853000000171e+01
2.286128893000000062e+01
2.286528932999999952e+01
2.286928972999999843e+01
2.287329013000000089e+01
2.287329013000000089e+01
2.287729052999999979e+01
2.327333013000000150e+01
2.327733053000000041e+01
2.328133092999999931e+01
2.328533133000000177e+01
2.328533133000000177e+01
2.328933173000000068e+01
2.329333212999999958e+01
2.329733252999999848e+01
2.330133293000000094e+01
2.330533332999999985e+01
2.330533332999999985e+01
2.330933372999999875e+01
2.331333413000000121e+01
2.331333413000000121e+01
2.331733453000000011e+01
2.332133492999999902e+01
2.332533533000000148e+01
2.332533533000000148e+01
2.332933573000000038e+01
2.333333612999999929e+01
2.333733653000000174e+01
2.344934772999999950e+01
2.345334812999999841e+01
2.345334812999999841e+01
2.345734853000000086e+01
2.345734853000000086e+01
2.346134892999999977e+01
2.346534932999999867e+01
2.346934973000000113e+01
2.347335014000000086e+01
2.347335014000000086e+01
2.347735053999999977e+01
2.348135093999999867e+01
2.348535134000000113e+01
2.348935174000000004e+01
2.349335213999999894e+01
2.349735254000000140e+01
2.349735254000000140e+01
2.350135294000000030e+01
2.350135294000000030e+01
2.350135294000000030e+01
2.350535333999999921e+01
2.350935374000000166e+01
2.350935374000000166e+01
2.351335414000000057e+01
2.351335414000000057e+01
2.351735453999999947e+01
2.352135493999999838e+01
2.365736854000000022e+01
2.365736854000000022e+01
2.365736854000000022e+01
2.366136893999999913e+01
2.366536934000000159e+01
2.366536934000000159e+01
2.366936974000000049e+01
2.367337013999999940e+01
2.367737053999999830e+01
2.368137094000000076e+01
2.368537133999999966e+01
2.368937173999999857e+01
2.369337214000000102e+01
2.369337214000000102e+01
2.369737253999999993e+01
2.369737253999999993e+01
2.370137293999999883e+01
2.370537334000000129e+01
2.370537334000000129e+01
2.370937374000000020e+01
2.371337413999999910e+01
2.371337413999999910e+01
2.371737454000000156e+01
2.372137494000000046e+01
2.372137494000000046e+01
2.372537533999999937e+01
2.372937573999999827e+01
2.382938573999999932e+01
2.383338614000000177e+01
2.383738654000000068e+01
2.383738654000000068e+01
2.384138693999999958e+01
2.384538733999999849e+01
2.384538733999999849e+01
2.384938774000000095e+01
2.384938774000000095e+01
2.385338813999999985e+01
2.385738853999999876e+01
2.385738853999999876e+01
2.386138894000000121e+01
2.386538934000000012e+01
2.386938973999999902e+01
2.386938973999999902e+01
2.387339014000000148e+01
2.387339014000000148e+01
2.387739054000000039e+01
2.387739054000000039e+01
2.318532133000000073e+01
2.318932172999999963e+01
2.319332212999999854e+01
2.319732253000000100e+01
2.320132292999999990e+01
2.320532332999999880e+01
2.320932373000000126e+01
2.321332413000000017e+01
2.321732452999999907e+01
2.322132493000000153e+01
2.322532533000000043e+01
2.322932572999999934e+01
2.322932572999999934e+01
2.322932572999999934e+01
2.323332612999999824e+01
2.323732653000000070e+01
2.324132692999999961e+01
2.324532732999999851e+01
2.324532732999999851e+01
2.324932773000000097e+01
2.325332812999999987e+01
2.325332812999999987e+01
2.325732852999999878e+01
2.325732852999999878e+01
2.326132893000000124e+01
2.296129893000000166e+01
2.296529933000000057e+01
2.296929972999999947e+01
2.297330012999999838e+01
2.297330012999999838e+01
2.297730053000000083e+01
2.298130092999999974e+01
2.298530132999999864e+01
2.298530132999999864e+01
2.298930173000000110e+01
2.298930173000000110e+01
2.299330213000000001e+01
2.299730252999999891e+01
2.299730252999999891e+01
2.300130293000000137e+01
2.300130293000000137e+01
2.300530333000000027e+01
2.300530333000000027e+01
2.300930372999999918e+01
2.300930372999999918e+01
2.301330413000000163e+01
2.292129492999999840e+01
2.292129492999999840e+01
2.292129492999999840e+01
2.292529533000000086e+01
2.292929572999999976e+01
2.293329612999999867e+01
2.293729653000000113e+01
2.293729653000000113e+01
2.294129693000000003e+01
2.294129693000000003e+01
2.294529732999999894e+01
2.294929773000000139e+01
2.295329813000000030e+01
2.295729852999999920e+01
2.295729852999999920e+01
2.296129893000000166e+01
2.296529933000000057e+01
2.296929972999999947e+01
2.297330012999999838e+01
2.297730053000000083e+01
2.297730053000000083e+01
2.298130092999999974e+01
2.298530132999999864e+01
2.298530132999999864e+01
2.298530132999999864e+01
2.298930173000000110e+01
2.298930173000000110e+01
2.298930173000000110e+01
2.298930173000000110e+01
2.291329413000000059e+01
2.291329413000000059e+01
2.291729452999999950e+01
2.292129492999999840e+01
2.292529533000000086e+01
2.292929572999999976e+01
2.292929572999999976e+01
2.293329612999999867e+01
2.293729653000000113e+01
2.294129693000000003e+01
2.294129693000000003e+01
2.294529732999999894e+01
2.294929773000000139e+01
2.295329813000000030e+01
2.287329013000000089e+01
2.287329013000000089e+01
2.287729052999999979e+01
2.287729052999999979e+01
2.287729052999999979e+01
2.288129092999999870e+01
2.288529133000000115e+01
2.288929173000000006e+01
2.288929173000000006e+01
2.289329212999999896e+01
2.289329212999999896e+01
2.289329212999999896e+01
2.289329212999999896e+01
2.289729253000000142e+01
2.290129293000000033e+01
2.290529332999999923e+01
2.290929373000000169e+01
2.290929373000000169e+01
2.291329413000000059e+01
2.291729452999999950e+01
2.292129492999999840e+01
2.292129492999999840e+01
2.292129492999999840e+01
2.292529533000000086e+01
2.292929572999999976e+01
2.293329612999999867e+01
2.293729653000000113e+01
2.293729653000000113e+01
2.294129693000000003e+01
2.286528932999999952e+01
2.286928972999999843e+01
2.287329013000000089e+01
2.287329013000000089e+01
2.287729052999999979e+01
2.288129092999999870e+01
2.288529133000000115e+01
2.288929173000000006e+01
2.289329212999999896e+01
2.289729253000000142e+01
2.289729253000000142e+01
2.290129293000000033e+01
2.290129293000000033e+01
2.290129293000000033e+01
2.290129293000000033e+01
2.290529332999999923e+01
2.290529332999999923e+01
2.290929373000000169e+01
2.291329413000000059e+01
2.291329413000000059e+01
2.291329413000000059e+01
2.291729452999999950e+01
2.292129492999999840e+01
2.292529533000000086e+01
2.292929572999999976e+01
2.292929572999999976e+01
2.293329612999999867e+01
2.282928572999999872e+01
2.282928572999999872e+01
2.283328613000000118e+01
2.283728653000000008e+01
2.284128692999999899e+01
2.284528733000000145e+01
2.284528733000000145e+01
2.284528733000000145e+01
2.284928773000000035e+01
2.285328812999999926e+01
2.285328812999999926e+01
2.285728853000000171e+01
2.286128893000000062e+01
2.286528932999999952e+01
2.286928972999999843e+01
2.287329013000000089e+01
2.287329013000000089e+01
2.287729052999999979e+01
2.287729052999999979e+01
2.287729052999999979e+01
2.288129092999999870e+01
2.288529133000000115e+01
2.288929173000000006e+01
2.288929173000000006e+01
2.289329212999999896e+01
2.289329212999999896e+01
2.289329212999999896e+01
2.298130092999999974e+01
2.298530132999999864e+01
2.298530132999999864e+01
2.298930173000000110e+01
2.298930173000000110e+01
2.299330213000000001e+01
2.299730252999999891e+01
2.299730252999999891e+01
2.300130293000000137e+01
2.300130293000000137e+01
2.300530333000000027e+01
2.300530333000000027e+01
2.300930372999999918e+01
2.300930372999999918e+01
2.301330413000000163e+01
2.301730453000000054e+01
2.302130492999999944e+01
2.302530532999999835e+01
2.302530532999999835e+01
2.302930573000000081e+01
2.302930573000000081e+01
2.303330612999999971e+01
2.303730652999999862e+01
2.304130693000000107e+01
2.304530732999999998e+01
2.304930772999999888e+01
2.305330813000000134e+01
2.294929773000000139e+01
2.295329813000000030e+01
2.295729852999999920e+01
2.295729852999999920e+01
2.296129893000000166e+01
2.296529933000000057e+01
2.296929972999999947e+01
2.297330012999999838e+01
2.297730053000000083e+01
2.297730053000000083e+01
2.298130092999999974e+01
2.298530132999999864e+01
2.298530132999999864e+01
2.298530132999999864e+01
2.298930173000000110e+01
2.298930173000000110e+01
2.298930173000000110e+01
2.298930173000000110e+01
2.299330213000000001e+01
2.299330213000000001e+01
2.299730252999999891e+01
2.300130293000000137e+01
2.300530333000000027e+01
2.300930372999999918e+01
2.301330413000000163e+01
2.301330413000000163e+01
2.301730453000000054e+01
2.326132893000000124e+01
2.326532933000000014e+01
2.326532933000000014e+01
2.326932972999999905e+01
2.327333013000000150e+01
2.327733053000000041e+01
2.328133092999999931e+01
2.328533133000000177e+01
2.328533133000000177e+01
2.328933173000000068e+01
2.329333212999999958e+01
2.329733252999999848e+01
2.330133293000000094e+01
2.330533332999999985e+01
2.330533332999999985e+01
2.330933372999999875e+01
2.331333413000000121e+01
2.331333413000000121e+01
2.331733453000000011e+01
2.332133492999999902e+01
2.332533533000000148e+01
2.332533533000000148e+01
2.332933573000000038e+01
2.333333612999999929e+01
2.345734853000000086e+01
2.345734853000000086e+01
2.346134892999999977e+01
2.346534932999999867e+01
2.346934973000000113e+01
2.347335014000000086e+01
2.347335014000000086e+01
2.347735053999999977e+01
2.348135093999999867e+01
2.348535134000000113e+01
2.348935174000000004e+01
2.349335213999999894e+01
2.349735254000000140e+01
2.349735254000000140e+01
2.350135294000000030e+01
2.350135294000000030e+01
2.350135294000000030e+01
2.350535333999999921e+01
2.350935374000000166e+01
2.350935374000000166e+01
2.351335414000000057e+01
2.351335414000000057e+01
2.351735453999999947e+01
2.352135493999999838e+01
2.352535534000000084e+01
2.352535534000000084e+01
2.352535534000000084e+01
2.365336814000000132e+01
2.365736854000000022e+01
2.365736854000000022e+01
2.365736854000000022e+01
2.366136893999999913e+01
2.366536934000000159e+01
2.366536934000000159e+01
2.366936974000000049e+01
2.367337013999999940e+01
2.367737053999999830e+01
2.368137094000000076e+01
2.368537133999999966e+01
2.368937173999999857e+01
2.369337214000000102e+01
2.369337214000000102e+01
2.369737253999999993e+01
2.369737253999999993e+01
2.370137293999999883e+01
2.370537334000000129e+01
2.370537334000000129e+01
2.370937374000000020e+01
2.371337413999999910e+01
2.371337413999999910e+01
2.371737454000000156e+01
2.372137494000000046e+01
2.385738853999999876e+01
2.385738853999999876e+01
2.386138894000000121e+01
2.386538934000000012e+01
2.386938973999999902e+01
2.386938973999999902e+01
2.387339014000000148e+01
2.387339014000000148e+01
2.387739054000000039e+01
2.387739054000000039e+01
2.388139093999999929e+01
2.388539134000000175e+01
2.388939174000000065e+01
2.389339213999999956e+01
2.389339213999999956e+01
2.389739253999999846e+01
2.390139294000000092e+01
2.390139294000000092e+01
2.390539333999999982e+01
2.390939373999999873e+01
2.390939373999999873e+01
2.390939373999999873e+01
2.391339414000000119e+01
2.391739454000000009e+01
2.389739253999999846e+01
2.390139294000000092e+01
2.390139294000000092e+01
2.390539333999999982e+01
2.390939373999999873e+01
2.390939373999999873e+01
2.390939373999999873e+01
2.391339414000000119e+01
2.391739454000000009e+01
2.391739454000000009e+01
2.392139493999999900e+01
2.392139493999999900e+01
2.392539534000000145e+01
2.392539534000000145e+01
2.392939574000000036e+01
2.393339613999999926e+01
2.393339613999999926e+01
2.393739654000000172e+01
2.393739654000000172e+01
2.394139694000000063e+01
2.394139694000000063e+01
2.394539733999999953e+01
2.394939773999999844e+01
2.394939773999999844e+01
