2.094522892000000169e+01
2.094522892000000169e+01
2.094922932000000060e+01
2.095322971999999950e+01
2.095723011999999841e+01
2.095723011999999841e+01
2.096123052000000087e+01
2.095723011999999841e+01
2.095723011999999841e+01
2.096123052000000087e+01
2.096523091999999977e+01
2.096523091999999977e+01
2.096923131999999868e+01
2.097323172000000113e+01
2.097323172000000113e+01
2.097323172000000113e+01
2.097323172000000113e+01
2.097723212000000004e+01
2.098123251999999894e+01
2.098523292000000140e+01
2.098523292000000140e+01
2.098523292000000140e+01
2.098523292000000140e+01
2.098923332000000030e+01
2.099323371999999921e+01
2.099723412000000167e+01
2.099723412000000167e+01
2.100123452000000057e+01
2.100123452000000057e+01
2.100523491999999948e+01
2.100923531999999838e+01
2.101323572000000084e+01
2.101723611999999974e+01
2.102123651999999865e+01
2.102523692000000111e+01
2.102523692000000111e+01
2.102923732000000001e+01
2.103323771999999892e+01
2.104123852000000028e+01
2.104523891999999918e+01
2.104123852000000028e+01
2.104523891999999918e+01
2.104923932000000164e+01
2.105323972000000055e+01
2.105724011999999945e+01
2.106124051999999836e+01
2.106524092000000081e+01
2.106524092000000081e+01
2.106124051999999836e+01
2.106124051999999836e+01
2.106524092000000081e+01
2.106924131999999972e+01
2.106924131999999972e+01
2.107324171999999862e+01
2.107724212000000108e+01
2.108524291999999889e+01
2.108924332000000135e+01
2.109324372000000025e+01
2.109724411999999916e+01
2.110924531999999942e+01
2.110924531999999942e+01
2.111324571999999833e+01
2.111724612000000079e+01
2.112124651999999969e+01
2.112124651999999969e+01
2.112524691999999860e+01
2.112924732000000105e+01
2.113324771999999996e+01
2.113724811999999886e+01
2.114124852000000132e+01
2.114524892000000023e+01
2.114924931999999913e+01
2.115324972000000159e+01
2.115725013000000132e+01
2.116125053000000023e+01
2.116525092999999913e+01
2.116925133000000159e+01
2.117725212999999940e+01
2.118125252999999830e+01
2.118525293000000076e+01
2.118525293000000076e+01
2.118925332999999966e+01
2.119325372999999857e+01
2.119725413000000103e+01
2.119725413000000103e+01
2.120125452999999993e+01
2.120525492999999884e+01
2.120525492999999884e+01
2.120925533000000129e+01
2.121325573000000020e+01
2.121725612999999910e+01
2.120925533000000129e+01
2.121325573000000020e+01
2.121725612999999910e+01
2.122125653000000156e+01
2.122525693000000047e+01
2.122925732999999937e+01
2.122525693000000047e+01
2.122925732999999937e+01
2.123325772999999828e+01
2.123725813000000073e+01
2.123725813000000073e+01
2.124125852999999964e+01
2.124525892999999854e+01
2.124125852999999964e+01
2.124525892999999854e+01
2.124925933000000100e+01
2.125325972999999991e+01
2.125726012999999881e+01
2.126126053000000127e+01
2.127726213000000044e+01
2.128126252999999934e+01
2.128526292999999825e+01
2.128926333000000071e+01
2.129326372999999961e+01
2.129726412999999852e+01
2.130126453000000097e+01
2.130126453000000097e+01
2.130526492999999988e+01
2.130926532999999878e+01
2.131326573000000124e+01
2.131726613000000015e+01
2.130526492999999988e+01
2.130926532999999878e+01
2.131326573000000124e+01
2.131726613000000015e+01
2.132126652999999905e+01
2.130526492999999988e+01
2.130926532999999878e+01
2.131326573000000124e+01
2.131726613000000015e+01
2.132126652999999905e+01
2.132526693000000151e+01
2.127726213000000044e+01
2.128126252999999934e+01
2.128526292999999825e+01
2.128926333000000071e+01
2.129326372999999961e+01
2.125726012999999881e+01
2.126126053000000127e+01
2.126526093000000017e+01
2.126926132999999908e+01
2.127326173000000153e+01
2.123325772999999828e+01
2.123725813000000073e+01
2.123725813000000073e+01
2.124125852999999964e+01
2.124525892999999854e+01
2.124925933000000100e+01
2.125325972999999991e+01
2.122525693000000047e+01
2.122925732999999937e+01
2.123325772999999828e+01
2.123725813000000073e+01
2.123725813000000073e+01
2.124125852999999964e+01
2.120925533000000129e+01
2.121325573000000020e+01
2.121725612999999910e+01
2.122125653000000156e+01
2.122525693000000047e+01
2.122925732999999937e+01
2.119325372999999857e+01
2.119725413000000103e+01
2.120125452999999993e+01
2.120525492999999884e+01
2.120525492999999884e+01
2.114124852000000132e+01
2.114524892000000023e+01
2.114924931999999913e+01
2.115324972000000159e+01
2.115725013000000132e+01
2.116125053000000023e+01
2.112524691999999860e+01
2.112924732000000105e+01
2.113324771999999996e+01
2.113724811999999886e+01
2.114124852000000132e+01
2.114524892000000023e+01
2.111324571999999833e+01
2.111724612000000079e+01
2.112124651999999969e+01
2.112124651999999969e+01
2.112524691999999860e+01
2.112924732000000105e+01
2.113324771999999996e+01
2.110524492000000052e+01
2.110524492000000052e+01
2.110924531999999942e+01
2.110924531999999942e+01
2.111324571999999833e+01
2.111724612000000079e+01
2.112124651999999969e+01
2.112124651999999969e+01
2.108924332000000135e+01
2.109324372000000025e+01
2.106124051999999836e+01
2.106124051999999836e+01
2.106524092000000081e+01
2.106924131999999972e+01
2.106924131999999972e+01
2.107324171999999862e+01
2.107724212000000108e+01
2.104923932000000164e+01
2.105323972000000055e+01
2.105724011999999945e+01
2.106124051999999836e+01
2.106124051999999836e+01
2.106524092000000081e+01
2.103723812000000137e+01
2.104123852000000028e+01
2.104523891999999918e+01
2.104923932000000164e+01
2.105323972000000055e+01
2.105724011999999945e+01
2.106124051999999836e+01
2.102123651999999865e+01
2.102523692000000111e+01
2.102523692000000111e+01
2.102923732000000001e+01
2.103323771999999892e+01
2.103323771999999892e+01
2.103723812000000137e+01
2.104123852000000028e+01
2.100123452000000057e+01
2.100523491999999948e+01
2.100923531999999838e+01
2.101323572000000084e+01
2.098923332000000030e+01
2.099323371999999921e+01
2.099723412000000167e+01
2.100123452000000057e+01
2.097323172000000113e+01
2.097723212000000004e+01
2.098123251999999894e+01
2.098523292000000140e+01
2.098523292000000140e+01
2.098923332000000030e+01
2.099323371999999921e+01
2.095322971999999950e+01
2.095723011999999841e+01
2.095723011999999841e+01
2.096123052000000087e+01
2.096523091999999977e+01
2.096523091999999977e+01
2.096923131999999868e+01
2.094122851999999924e+01
2.094522892000000169e+01
2.094522892000000169e+01
2.094922932000000060e+01
2.095322971999999950e+01
2.095723011999999841e+01
2.095723011999999841e+01
2.094922932000000060e+01
2.095322971999999950e+01
2.095723011999999841e+01
2.095723011999999841e+01
2.096123052000000087e+01
2.096523091999999977e+01
2.096523091999999977e+01
2.096923131999999868e+01
2.096523091999999977e+01
2.096523091999999977e+01
2.096923131999999868e+01
2.097323172000000113e+01
2.097323172000000113e+01
2.097723212000000004e+01
2.098123251999999894e+01
2.097323172000000113e+01
2.097323172000000113e+01
2.097723212000000004e+01
2.098123251999999894e+01
2.098523292000000140e+01
2.098523292000000140e+01
2.098923332000000030e+01
2.099323371999999921e+01
2.099723412000000167e+01
2.100123452000000057e+01
2.100123452000000057e+01
2.100523491999999948e+01
2.099723412000000167e+01
2.100123452000000057e+01
2.100123452000000057e+01
2.100523491999999948e+01
2.100923531999999838e+01
2.101323572000000084e+01
2.101723611999999974e+01
2.101323572000000084e+01
2.101723611999999974e+01
2.101723611999999974e+01
2.102123651999999865e+01
2.102523692000000111e+01
2.103323771999999892e+01
2.103723812000000137e+01
2.102923732000000001e+01
2.103323771999999892e+01
2.104123852000000028e+01
2.104523891999999918e+01
2.104923932000000164e+01
2.105323972000000055e+01
2.105323972000000055e+01
2.103723812000000137e+01
2.104123852000000028e+01
2.104523891999999918e+01
2.104923932000000164e+01
2.105724011999999945e+01
2.106124051999999836e+01
2.104523891999999918e+01
2.104923932000000164e+01
2.105323972000000055e+01
2.105724011999999945e+01
2.106124051999999836e+01
2.106124051999999836e+01
2.106924131999999972e+01
2.107324171999999862e+01
2.107724212000000108e+01
2.108124251999999998e+01
2.107724212000000108e+01
2.108124251999999998e+01
2.108524291999999889e+01
2.108524291999999889e+01
2.108924332000000135e+01
2.109724411999999916e+01
2.110124452000000161e+01
2.110524492000000052e+01
2.110524492000000052e+01
2.110924531999999942e+01
2.110924531999999942e+01
2.111324571999999833e+01
2.111324571999999833e+01
2.111724612000000079e+01
2.112124651999999969e+01
2.112124651999999969e+01
2.111724612000000079e+01
2.112124651999999969e+01
2.112124651999999969e+01
2.112524691999999860e+01
2.112924732000000105e+01
2.112124651999999969e+01
2.112124651999999969e+01
2.112524691999999860e+01
2.112924732000000105e+01
2.113324771999999996e+01
2.112924732000000105e+01
2.113324771999999996e+01
2.113724811999999886e+01
2.114124852000000132e+01
2.114524892000000023e+01
2.114924931999999913e+01
2.113724811999999886e+01
2.114124852000000132e+01
2.114524892000000023e+01
2.114924931999999913e+01
2.115324972000000159e+01
2.115725013000000132e+01
2.115324972000000159e+01
2.115725013000000132e+01
2.116125053000000023e+01
2.116525092999999913e+01
2.116925133000000159e+01
2.117725212999999940e+01
2.118125252999999830e+01
2.118525293000000076e+01
2.118525293000000076e+01
2.118925332999999966e+01
2.119325372999999857e+01
2.119725413000000103e+01
2.119325372999999857e+01
2.119725413000000103e+01
2.120125452999999993e+01
2.120525492999999884e+01
2.120525492999999884e+01
2.120925533000000129e+01
2.121325573000000020e+01
2.120125452999999993e+01
2.120525492999999884e+01
2.120525492999999884e+01
2.120925533000000129e+01
2.121325573000000020e+01
2.121725612999999910e+01
2.120525492999999884e+01
2.120525492999999884e+01
2.120925533000000129e+01
2.121325573000000020e+01
2.121725612999999910e+01
2.122125653000000156e+01
2.122525693000000047e+01
2.121325573000000020e+01
2.121725612999999910e+01
2.122125653000000156e+01
2.122525693000000047e+01
2.122925732999999937e+01
2.122125653000000156e+01
2.122525693000000047e+01
2.122925732999999937e+01
2.123325772999999828e+01
2.123725813000000073e+01
2.123725813000000073e+01
2.123325772999999828e+01
2.123725813000000073e+01
2.123725813000000073e+01
2.124125852999999964e+01
2.124525892999999854e+01
2.124925933000000100e+01
2.124525892999999854e+01
2.124925933000000100e+01
2.125325972999999991e+01
2.125726012999999881e+01
2.126126053000000127e+01
2.126526093000000017e+01
2.126126053000000127e+01
2.126526093000000017e+01
2.126926132999999908e+01
2.127326173000000153e+01
2.128126252999999934e+01
2.128526292999999825e+01
2.128926333000000071e+01
2.129326372999999961e+01
2.129726412999999852e+01
2.130126453000000097e+01
2.128526292999999825e+01
2.128926333000000071e+01
2.129326372999999961e+01
2.129726412999999852e+01
2.130126453000000097e+01
2.130126453000000097e+01
2.130526492999999988e+01
2.128926333000000071e+01
2.129326372999999961e+01
2.129726412999999852e+01
2.130126453000000097e+01
2.130126453000000097e+01
2.130526492999999988e+01
2.130926532999999878e+01
2.129726412999999852e+01
2.130126453000000097e+01
2.130126453000000097e+01
2.130526492999999988e+01
2.130926532999999878e+01
2.131326573000000124e+01
2.129726412999999852e+01
2.130126453000000097e+01
2.130126453000000097e+01
2.130526492999999988e+01
2.130926532999999878e+01
2.131326573000000124e+01
2.131726613000000015e+01
2.129726412999999852e+01
2.130126453000000097e+01
2.130126453000000097e+01
2.130526492999999988e+01
2.130926532999999878e+01
2.131326573000000124e+01
2.131726613000000015e+01
