2.149320292000000165e+01
2.149720332000000056e+01
2.150120371999999946e+01
2.150520411999999837e+01
2.150920452000000083e+01
2.151320491999999973e+01
2.151720531999999864e+01
2.152120572000000109e+01
2.152520612000000000e+01
2.152920651999999890e+01
2.153320692000000136e+01
2.153320692000000136e+01
2.153720732000000027e+01
2.153720732000000027e+01
2.153720732000000027e+01
2.154120771999999917e+01
2.154520812000000163e+01
2.154520812000000163e+01
2.154120771999999917e+01
2.154520812000000163e+01
2.154520812000000163e+01
2.154920852000000053e+01
2.155320891999999944e+01
2.155320891999999944e+01
2.155720931999999834e+01
2.154920852000000053e+01
2.155320891999999944e+01
2.155320891999999944e+01
2.155720931999999834e+01
2.156120972000000080e+01
2.156521011999999970e+01
2.156921051999999861e+01
2.156921051999999861e+01
2.156921051999999861e+01
2.156921051999999861e+01
2.157321092000000107e+01
2.157321092000000107e+01
2.157721131999999997e+01
2.158121171999999888e+01
2.158521212000000133e+01
2.159321291999999914e+01
2.159321291999999914e+01
2.159721332000000160e+01
2.160121372000000051e+01
2.160121372000000051e+01
2.160521411999999941e+01
2.160921451999999832e+01
2.162921651999999995e+01
2.163321691999999885e+01
2.163321691999999885e+01
2.163721732000000131e+01
2.164121772000000021e+01
2.163721732000000131e+01
2.164121772000000021e+01
2.164521811999999912e+01
2.164921852000000158e+01
2.165321892000000048e+01
2.166121971999999829e+01
2.166522012000000075e+01
2.166922051999999965e+01
2.166922051999999965e+01
2.167322091999999856e+01
2.167722132000000101e+01
2.168522211999999882e+01
2.168922252000000128e+01
2.169322292000000019e+01
2.169722331999999909e+01
2.170122372000000155e+01
2.170522412000000045e+01
2.170522412000000045e+01
2.170922451999999936e+01
2.171322491999999826e+01
2.171722532000000072e+01
2.172122571999999963e+01
2.171722532000000072e+01
2.172122571999999963e+01
2.172522611999999853e+01
2.172922652000000099e+01
2.173322691999999989e+01
2.172522611999999853e+01
2.172922652000000099e+01
2.173322691999999989e+01
2.173722731999999880e+01
2.174122772000000126e+01
2.176122971999999933e+01
2.176523011999999824e+01
2.176923052000000069e+01
2.176923052000000069e+01
2.177323091999999960e+01
2.177723131999999850e+01
2.178123172000000096e+01
2.176923052000000069e+01
2.177323091999999960e+01
2.177723131999999850e+01
2.178123172000000096e+01
2.176122971999999933e+01
2.172922652000000099e+01
2.173322691999999989e+01
2.173722731999999880e+01
2.174122772000000126e+01
2.174522812000000016e+01
2.171322491999999826e+01
2.171722532000000072e+01
2.172122571999999963e+01
2.172522611999999853e+01
2.172922652000000099e+01
2.170122372000000155e+01
2.170522412000000045e+01
2.170522412000000045e+01
2.170922451999999936e+01
2.171322491999999826e+01
2.165321892000000048e+01
2.165721931999999939e+01
2.166121971999999829e+01
2.166522012000000075e+01
2.162121571999999858e+01
2.162521612000000104e+01
2.162921651999999995e+01
2.163321691999999885e+01
2.163321691999999885e+01
2.163721732000000131e+01
2.156120972000000080e+01
2.156521011999999970e+01
2.156921051999999861e+01
2.156921051999999861e+01
2.157321092000000107e+01
2.157321092000000107e+01
2.157721131999999997e+01
2.154120771999999917e+01
2.154520812000000163e+01
2.154520812000000163e+01
2.154920852000000053e+01
2.155320891999999944e+01
2.155320891999999944e+01
2.155720931999999834e+01
2.151320491999999973e+01
2.151720531999999864e+01
2.151720531999999864e+01
2.152120572000000109e+01
2.152520612000000000e+01
2.148920251999999920e+01
2.149320292000000165e+01
2.149320292000000165e+01
2.149720332000000056e+01
2.150120371999999946e+01
2.150520411999999837e+01
2.146920052000000112e+01
2.147320092000000002e+01
2.147720131999999893e+01
2.148120172000000139e+01
2.148520212000000029e+01
2.148520212000000029e+01
2.148520212000000029e+01
2.146920052000000112e+01
2.147320092000000002e+01
2.147720131999999893e+01
2.148120172000000139e+01
2.147720131999999893e+01
2.148120172000000139e+01
2.148520212000000029e+01
2.148520212000000029e+01
2.148520212000000029e+01
2.148920251999999920e+01
2.152120572000000109e+01
2.152520612000000000e+01
2.152920651999999890e+01
2.153320692000000136e+01
2.153320692000000136e+01
2.153720732000000027e+01
2.153720732000000027e+01
2.156521011999999970e+01
2.156921051999999861e+01
2.156921051999999861e+01
2.157321092000000107e+01
2.157321092000000107e+01
2.157721131999999997e+01
2.158121171999999888e+01
2.162121571999999858e+01
2.162521612000000104e+01
2.162921651999999995e+01
2.163321691999999885e+01
2.163321691999999885e+01
2.163721732000000131e+01
2.166922051999999965e+01
2.167322091999999856e+01
2.167722132000000101e+01
2.168122171999999992e+01
2.168122171999999992e+01
2.168522211999999882e+01
2.170522412000000045e+01
2.170922451999999936e+01
2.171322491999999826e+01
2.171722532000000072e+01
2.172922652000000099e+01
2.173322691999999989e+01
2.173722731999999880e+01
2.174122772000000126e+01
2.174522812000000016e+01
2.176523011999999824e+01
2.176923052000000069e+01
2.176923052000000069e+01
2.177323091999999960e+01
2.177723131999999850e+01
2.178523211999999987e+01
2.178923251999999877e+01
2.179323292000000123e+01
2.179323292000000123e+01
2.179723332000000013e+01
2.180523412000000150e+01
2.180923452000000040e+01
2.181323491999999931e+01
2.181723532000000176e+01
2.182123572000000067e+01
2.182523611999999957e+01
2.183323692000000094e+01
2.183723731999999984e+01
2.184123771999999875e+01
2.184923852000000011e+01
2.185323891999999901e+01
2.185323891999999901e+01
2.185723932000000147e+01
2.186123972000000037e+01
2.186524011999999928e+01
2.186524011999999928e+01
2.186924052000000174e+01
2.185323891999999901e+01
2.185323891999999901e+01
2.185723932000000147e+01
2.186123972000000037e+01
2.186524011999999928e+01
2.186524011999999928e+01
2.186924052000000174e+01
2.185323891999999901e+01
2.185323891999999901e+01
2.185723932000000147e+01
2.186123972000000037e+01
2.186524011999999928e+01
2.186524011999999928e+01
2.186924052000000174e+01
2.185723932000000147e+01
2.186123972000000037e+01
2.186524011999999928e+01
2.186524011999999928e+01
2.186924052000000174e+01
2.187324092000000064e+01
2.186924052000000174e+01
2.187324092000000064e+01
2.187324092000000064e+01
2.187724131999999955e+01
2.188124171999999845e+01
2.187324092000000064e+01
2.187324092000000064e+01
2.187724131999999955e+01
2.188124171999999845e+01
2.185323891999999901e+01
2.185723932000000147e+01
2.186123972000000037e+01
2.186524011999999928e+01
2.186524011999999928e+01
2.186924052000000174e+01
2.187324092000000064e+01
2.185323891999999901e+01
2.185723932000000147e+01
2.186123972000000037e+01
2.186524011999999928e+01
2.186524011999999928e+01
2.186924052000000174e+01
2.187324092000000064e+01
2.184923852000000011e+01
2.176923052000000069e+01
2.177323091999999960e+01
2.162121571999999858e+01
2.159721332000000160e+01
2.160121372000000051e+01
2.160121372000000051e+01
2.160521411999999941e+01
2.160921451999999832e+01
2.156921051999999861e+01
2.158521212000000133e+01
2.158921252000000024e+01
2.159321291999999914e+01
2.159321291999999914e+01
2.159721332000000160e+01
2.160121372000000051e+01
2.160121372000000051e+01
2.160521411999999941e+01
2.160921451999999832e+01
2.161321492000000077e+01
2.161321492000000077e+01
2.161721531999999968e+01
2.162121571999999858e+01
2.162521612000000104e+01
2.162921651999999995e+01
2.163321691999999885e+01
2.163321691999999885e+01
2.166922051999999965e+01
2.166922051999999965e+01
2.167322091999999856e+01
2.167722132000000101e+01
2.168122171999999992e+01
2.168122171999999992e+01
2.168522211999999882e+01
2.168922252000000128e+01
2.169322292000000019e+01
2.171322491999999826e+01
2.171722532000000072e+01
2.172122571999999963e+01
2.172522611999999853e+01
2.172922652000000099e+01
2.175722932000000043e+01
2.176122971999999933e+01
2.176523011999999824e+01
2.176923052000000069e+01
2.176923052000000069e+01
2.177323091999999960e+01
2.177723131999999850e+01
2.178123172000000096e+01
2.178523211999999987e+01
2.178923251999999877e+01
2.179323292000000123e+01
2.179323292000000123e+01
2.182923651999999848e+01
2.182923651999999848e+01
2.183323692000000094e+01
2.183723731999999984e+01
2.184123771999999875e+01
2.185323891999999901e+01
2.185323891999999901e+01
2.185723932000000147e+01
2.186123972000000037e+01
2.186524011999999928e+01
2.186524011999999928e+01
2.186924052000000174e+01
2.186123972000000037e+01
2.186524011999999928e+01
2.186524011999999928e+01
2.186924052000000174e+01
2.187324092000000064e+01
2.187324092000000064e+01
2.187724131999999955e+01
2.189724332000000118e+01
2.190124372000000008e+01
2.190524411999999899e+01
2.191324492000000035e+01
2.191724531999999925e+01
2.192124572000000171e+01
2.192124572000000171e+01
2.192524612000000062e+01
2.192924651999999952e+01
2.193324691999999843e+01
2.191324492000000035e+01
2.191724531999999925e+01
2.192124572000000171e+01
2.185323891999999901e+01
2.185323891999999901e+01
2.185723932000000147e+01
2.186123972000000037e+01
2.186524011999999928e+01
2.186524011999999928e+01
2.186924052000000174e+01
2.182523611999999957e+01
2.182923651999999848e+01
2.182923651999999848e+01
2.179723332000000013e+01
2.180123371999999904e+01
2.180523412000000150e+01
2.176923052000000069e+01
2.176923052000000069e+01
2.177323091999999960e+01
2.177723131999999850e+01
2.178123172000000096e+01
2.169722331999999909e+01
2.170122372000000155e+01
2.170522412000000045e+01
2.170522412000000045e+01
2.170922451999999936e+01
2.171322491999999826e+01
2.166922051999999965e+01
2.166922051999999965e+01
2.167322091999999856e+01
2.167722132000000101e+01
2.168122171999999992e+01
2.168122171999999992e+01
2.162121571999999858e+01
2.162521612000000104e+01
2.163321691999999885e+01
2.158921252000000024e+01
2.159321291999999914e+01
2.159321291999999914e+01
2.159721332000000160e+01
2.160121372000000051e+01
2.160121372000000051e+01
2.153320692000000136e+01
2.153720732000000027e+01
2.153720732000000027e+01
2.153720732000000027e+01
2.154120771999999917e+01
2.154520812000000163e+01
2.154520812000000163e+01
2.153320692000000136e+01
2.153720732000000027e+01
2.153720732000000027e+01
2.153720732000000027e+01
2.154120771999999917e+01
2.154520812000000163e+01
2.154520812000000163e+01
2.153720732000000027e+01
2.153720732000000027e+01
2.153720732000000027e+01
2.154120771999999917e+01
2.154520812000000163e+01
2.154520812000000163e+01
2.154920852000000053e+01
2.153720732000000027e+01
2.153720732000000027e+01
2.154120771999999917e+01
2.154520812000000163e+01
2.154520812000000163e+01
2.154920852000000053e+01
2.155320891999999944e+01
2.155320891999999944e+01
2.153320692000000136e+01
2.153720732000000027e+01
2.153720732000000027e+01
2.153720732000000027e+01
2.154120771999999917e+01
2.154520812000000163e+01
2.154520812000000163e+01
2.153320692000000136e+01
2.153720732000000027e+01
2.153720732000000027e+01
2.153720732000000027e+01
2.154120771999999917e+01
2.154520812000000163e+01
2.154520812000000163e+01
2.157321092000000107e+01
2.157721131999999997e+01
2.159321291999999914e+01
2.159321291999999914e+01
2.159721332000000160e+01
2.160121372000000051e+01
2.160121372000000051e+01
2.160521411999999941e+01
2.160921451999999832e+01
2.161321492000000077e+01
2.161721531999999968e+01
2.162121571999999858e+01
2.162521612000000104e+01
2.166522012000000075e+01
2.166922051999999965e+01
2.166922051999999965e+01
2.167322091999999856e+01
2.167722132000000101e+01
2.168122171999999992e+01
2.168122171999999992e+01
2.168522211999999882e+01
2.168922252000000128e+01
2.169322292000000019e+01
2.170522412000000045e+01
2.175322892000000152e+01
2.175722932000000043e+01
2.176122971999999933e+01
2.176523011999999824e+01
2.176523011999999824e+01
2.176923052000000069e+01
2.176923052000000069e+01
2.177323091999999960e+01
2.177723131999999850e+01
2.178523211999999987e+01
2.178923251999999877e+01
2.179323292000000123e+01
2.179323292000000123e+01
2.179723332000000013e+01
2.183323692000000094e+01
2.183723731999999984e+01
2.184123771999999875e+01
2.184523812000000120e+01
2.184923852000000011e+01
2.185323891999999901e+01
2.185723932000000147e+01
2.186123972000000037e+01
2.186524011999999928e+01
2.186524011999999928e+01
2.186924052000000174e+01
2.187324092000000064e+01
2.187324092000000064e+01
2.186524011999999928e+01
2.186924052000000174e+01
2.187324092000000064e+01
2.187324092000000064e+01
2.187724131999999955e+01
