2.295329333000000105e+01
2.295329333000000105e+01
2.295329333000000105e+01
2.295729372999999995e+01
2.296129412999999886e+01
2.296529453000000132e+01
2.296929493000000022e+01
2.297329532999999913e+01
2.297729573000000158e+01
2.297729573000000158e+01
2.298129613000000049e+01
2.298529652999999939e+01
2.298929692999999830e+01
2.298929692999999830e+01
2.296929493000000022e+01
2.297329532999999913e+01
2.297729573000000158e+01
2.297729573000000158e+01
2.298129613000000049e+01
2.298529652999999939e+01
2.298929692999999830e+01
2.298929692999999830e+01
2.299329733000000076e+01
2.299729772999999966e+01
2.299729772999999966e+01
2.300129812999999857e+01
2.300529853000000102e+01
2.300929892999999993e+01
2.300129812999999857e+01
2.300529853000000102e+01
2.300929892999999993e+01
2.301329932999999883e+01
2.301729973000000129e+01
2.302130013000000019e+01
2.302130013000000019e+01
2.302530052999999910e+01
2.302530052999999910e+01
2.302930093000000156e+01
2.303330133000000046e+01
2.303730172999999937e+01
2.304130212999999827e+01
2.304530253000000073e+01
2.307730572999999907e+01
2.308130613000000153e+01
2.308530653000000044e+01
2.308930692999999934e+01
2.308930692999999934e+01
2.309330732999999825e+01
2.309730773000000070e+01
2.309730773000000070e+01
2.310130812999999961e+01
2.310530852999999851e+01
2.310930893000000097e+01
2.310930893000000097e+01
2.314531253000000177e+01
2.314931293000000068e+01
2.314931293000000068e+01
2.315331332999999958e+01
2.315331332999999958e+01
2.315731372999999849e+01
2.314931293000000068e+01
2.315331332999999958e+01
2.315331332999999958e+01
2.315731372999999849e+01
2.316131413000000094e+01
2.316131413000000094e+01
2.316131413000000094e+01
2.316531452999999985e+01
2.302530052999999910e+01
2.302930093000000156e+01
2.303330133000000046e+01
2.303730172999999937e+01
2.304130212999999827e+01
2.304530253000000073e+01
2.304530253000000073e+01
2.304930292999999963e+01
2.305330332999999854e+01
2.305330332999999854e+01
2.305730373000000100e+01
2.306130412999999990e+01
2.306530452999999881e+01
2.296129412999999886e+01
2.296529453000000132e+01
2.296929493000000022e+01
2.297329532999999913e+01
2.297729573000000158e+01
2.297729573000000158e+01
2.298129613000000049e+01
2.298529652999999939e+01
2.298929692999999830e+01
2.298929692999999830e+01
2.299329733000000076e+01
2.299729772999999966e+01
2.299729772999999966e+01
2.290128813000000108e+01
2.290528852999999998e+01
2.290928892999999889e+01
2.290928892999999889e+01
2.291328933000000134e+01
2.291728973000000025e+01
2.292129012999999915e+01
2.292129012999999915e+01
2.292529053000000161e+01
2.288928693000000081e+01
2.288928693000000081e+01
2.289328732999999971e+01
2.289328732999999971e+01
2.289728772999999862e+01
2.290128813000000108e+01
2.290528852999999998e+01
2.290928892999999889e+01
2.290928892999999889e+01
2.291328933000000134e+01
2.291728973000000025e+01
2.292129012999999915e+01
2.299729772999999966e+01
2.299729772999999966e+01
2.300129812999999857e+01
2.300529853000000102e+01
2.300929892999999993e+01
2.301329932999999883e+01
2.301729973000000129e+01
2.302130013000000019e+01
2.302130013000000019e+01
2.302530052999999910e+01
2.302530052999999910e+01
2.302930093000000156e+01
2.303330133000000046e+01
2.313731173000000041e+01
2.314131212999999931e+01
2.314131212999999931e+01
2.314531253000000177e+01
2.314931293000000068e+01
2.314931293000000068e+01
2.315331332999999958e+01
2.315331332999999958e+01
2.315731372999999849e+01
2.316131413000000094e+01
2.316131413000000094e+01
2.316131413000000094e+01
2.315331332999999958e+01
2.315731372999999849e+01
2.316131413000000094e+01
2.316131413000000094e+01
2.316131413000000094e+01
2.316531452999999985e+01
2.316931492999999875e+01
2.317331533000000121e+01
2.317331533000000121e+01
2.317331533000000121e+01
2.317731573000000012e+01
2.318131612999999902e+01
2.318531653000000148e+01
2.318931693000000038e+01
2.318931693000000038e+01
2.319331732999999929e+01
2.319731773000000175e+01
2.319731773000000175e+01
2.319731773000000175e+01
2.319731773000000175e+01
2.319731773000000175e+01
2.319731773000000175e+01
2.320131813000000065e+01
2.318931693000000038e+01
2.318931693000000038e+01
2.318931693000000038e+01
2.318931693000000038e+01
2.319331732999999929e+01
2.319731773000000175e+01
2.319731773000000175e+01
2.319731773000000175e+01
2.319731773000000175e+01
2.309730773000000070e+01
2.310130812999999961e+01
2.310530852999999851e+01
2.310930893000000097e+01
2.310930893000000097e+01
2.310930893000000097e+01
2.311330932999999987e+01
2.311730972999999878e+01
2.311730972999999878e+01
2.312131013000000124e+01
2.312131013000000124e+01
2.312131013000000124e+01
2.312531053000000014e+01
2.300929892999999993e+01
2.301329932999999883e+01
2.301729973000000129e+01
2.302130013000000019e+01
2.302130013000000019e+01
2.302530052999999910e+01
2.302530052999999910e+01
2.302930093000000156e+01
2.303330133000000046e+01
2.303730172999999937e+01
2.304130212999999827e+01
2.304530253000000073e+01
2.304530253000000073e+01
2.294129213000000078e+01
2.294129213000000078e+01
2.294529252999999969e+01
2.294929292999999859e+01
2.295329333000000105e+01
2.295329333000000105e+01
2.295329333000000105e+01
2.295729372999999995e+01
2.296129412999999886e+01
2.296529453000000132e+01
2.296929493000000022e+01
2.297329532999999913e+01
2.297729573000000158e+01
2.297729573000000158e+01
2.286928492999999918e+01
2.287328533000000164e+01
2.287328533000000164e+01
2.287728573000000054e+01
2.288128612999999945e+01
2.288528652999999835e+01
2.288928693000000081e+01
2.288928693000000081e+01
2.289328732999999971e+01
2.289328732999999971e+01
2.284128212999999974e+01
2.284528252999999864e+01
2.284928293000000110e+01
2.285328333000000001e+01
2.285728372999999891e+01
2.286128413000000137e+01
2.286528453000000027e+01
2.286528453000000027e+01
2.286928492999999918e+01
2.287328533000000164e+01
2.287328533000000164e+01
2.287728573000000054e+01
2.288128612999999945e+01
2.281727972999999920e+01
2.281727972999999920e+01
2.282128013000000166e+01
2.282528053000000057e+01
2.282928092999999947e+01
2.283328132999999838e+01
2.283728173000000083e+01
2.284128212999999974e+01
2.284528252999999864e+01
2.284928293000000110e+01
2.285328333000000001e+01
2.286528453000000027e+01
2.286528453000000027e+01
2.286928492999999918e+01
2.287328533000000164e+01
2.287328533000000164e+01
2.287728573000000054e+01
2.288128612999999945e+01
2.288528652999999835e+01
2.288928693000000081e+01
2.288928693000000081e+01
2.289328732999999971e+01
2.289328732999999971e+01
2.293729172999999832e+01
2.294129213000000078e+01
2.294129213000000078e+01
2.294529252999999969e+01
2.294929292999999859e+01
2.295329333000000105e+01
2.295329333000000105e+01
2.295329333000000105e+01
2.295729372999999995e+01
2.296129412999999886e+01
2.296529453000000132e+01
2.296929493000000022e+01
2.297329532999999913e+01
2.299329733000000076e+01
2.299729772999999966e+01
2.299729772999999966e+01
2.300129812999999857e+01
2.300529853000000102e+01
2.300929892999999993e+01
2.301329932999999883e+01
2.301729973000000129e+01
2.302130013000000019e+01
2.302130013000000019e+01
2.306530452999999881e+01
2.306930493000000126e+01
2.306930493000000126e+01
2.307330533000000017e+01
2.307730572999999907e+01
2.308130613000000153e+01
2.308530653000000044e+01
2.308930692999999934e+01
2.308930692999999934e+01
2.309330732999999825e+01
2.309730773000000070e+01
2.312131013000000124e+01
2.312131013000000124e+01
2.312131013000000124e+01
2.312531053000000014e+01
2.312931092999999905e+01
2.313331133000000150e+01
2.313331133000000150e+01
2.313731173000000041e+01
2.313731173000000041e+01
2.314131212999999931e+01
2.314131212999999931e+01
2.314531253000000177e+01
2.314931293000000068e+01
2.314931293000000068e+01
2.315331332999999958e+01
2.315331332999999958e+01
2.315731372999999849e+01
2.316131413000000094e+01
2.316131413000000094e+01
2.316131413000000094e+01
2.316531452999999985e+01
2.316931492999999875e+01
2.317331533000000121e+01
2.317331533000000121e+01
2.317331533000000121e+01
2.312131013000000124e+01
2.312531053000000014e+01
2.312931092999999905e+01
2.313331133000000150e+01
2.313331133000000150e+01
2.313731173000000041e+01
2.313731173000000041e+01
2.314131212999999931e+01
2.314131212999999931e+01
2.314531253000000177e+01
2.314931293000000068e+01
2.314931293000000068e+01
2.315331332999999958e+01
2.301329932999999883e+01
2.301729973000000129e+01
2.302130013000000019e+01
2.302130013000000019e+01
2.302530052999999910e+01
2.302530052999999910e+01
2.302930093000000156e+01
2.303330133000000046e+01
2.303730172999999937e+01
2.304130212999999827e+01
2.304530253000000073e+01
2.304530253000000073e+01
2.304930292999999963e+01
2.305330332999999854e+01
2.294129213000000078e+01
2.294129213000000078e+01
2.294529252999999969e+01
2.294929292999999859e+01
2.295329333000000105e+01
2.295329333000000105e+01
2.295329333000000105e+01
2.295729372999999995e+01
2.296129412999999886e+01
2.296529453000000132e+01
2.296929493000000022e+01
2.297329532999999913e+01
2.297729573000000158e+01
2.297729573000000158e+01
2.298129613000000049e+01
2.286928492999999918e+01
2.287328533000000164e+01
2.287328533000000164e+01
2.287728573000000054e+01
2.288128612999999945e+01
2.288528652999999835e+01
2.288928693000000081e+01
2.288928693000000081e+01
2.289328732999999971e+01
2.289328732999999971e+01
2.289728772999999862e+01
2.290128813000000108e+01
2.281727972999999920e+01
2.282128013000000166e+01
2.282528053000000057e+01
2.282928092999999947e+01
2.283328132999999838e+01
2.283728173000000083e+01
2.284128212999999974e+01
2.284528252999999864e+01
2.284928293000000110e+01
2.285328333000000001e+01
2.285728372999999891e+01
2.286128413000000137e+01
2.282128013000000166e+01
2.282528053000000057e+01
2.282928092999999947e+01
2.283328132999999838e+01
2.283728173000000083e+01
2.284128212999999974e+01
2.284528252999999864e+01
2.284928293000000110e+01
2.285328333000000001e+01
2.285728372999999891e+01
2.286128413000000137e+01
2.295329333000000105e+01
2.295329333000000105e+01
2.295329333000000105e+01
2.295729372999999995e+01
2.296129412999999886e+01
2.296529453000000132e+01
2.296929493000000022e+01
2.297329532999999913e+01
2.297729573000000158e+01
2.297729573000000158e+01
2.298129613000000049e+01
2.298529652999999939e+01
2.298929692999999830e+01
2.298929692999999830e+01
2.303730172999999937e+01
2.304130212999999827e+01
2.304530253000000073e+01
2.304530253000000073e+01
2.304930292999999963e+01
2.305330332999999854e+01
2.305330332999999854e+01
2.305730373000000100e+01
2.306130412999999990e+01
2.306530452999999881e+01
2.306930493000000126e+01
2.306930493000000126e+01
2.310530852999999851e+01
2.310930893000000097e+01
2.310930893000000097e+01
2.310930893000000097e+01
2.311330932999999987e+01
2.311730972999999878e+01
2.311730972999999878e+01
2.312131013000000124e+01
2.312131013000000124e+01
2.312131013000000124e+01
2.312531053000000014e+01
2.312931092999999905e+01
2.313331133000000150e+01
2.314131212999999931e+01
2.314131212999999931e+01
2.314531253000000177e+01
2.314931293000000068e+01
2.314931293000000068e+01
2.315331332999999958e+01
2.315331332999999958e+01
2.315731372999999849e+01
2.316131413000000094e+01
2.316131413000000094e+01
2.316131413000000094e+01
2.314131212999999931e+01
2.314131212999999931e+01
2.314531253000000177e+01
2.314931293000000068e+01
2.314931293000000068e+01
2.315331332999999958e+01
2.315331332999999958e+01
2.315731372999999849e+01
2.316131413000000094e+01
2.316131413000000094e+01
2.316131413000000094e+01
