2.080919012000000023e+01
2.081319051999999914e+01
2.081719092000000160e+01
2.081719092000000160e+01
2.082119132000000050e+01
2.081719092000000160e+01
2.081719092000000160e+01
2.082119132000000050e+01
2.082519171999999941e+01
2.082919211999999831e+01
2.082919211999999831e+01
2.083319252000000077e+01
2.083719291999999967e+01
2.084119331999999858e+01
2.084519372000000104e+01
2.084519372000000104e+01
2.084919411999999994e+01
2.085319451999999885e+01
2.087319652000000048e+01
2.087319652000000048e+01
2.087719691999999938e+01
2.088119731999999829e+01
2.088519772000000074e+01
2.088919811999999965e+01
2.089319851999999855e+01
2.089719892000000101e+01
2.090119931999999991e+01
2.090119931999999991e+01
2.090519971999999882e+01
2.090119931999999991e+01
2.090119931999999991e+01
2.090519971999999882e+01
2.090920012000000128e+01
2.091320052000000018e+01
2.091720091999999909e+01
2.091720091999999909e+01
2.092120132000000154e+01
2.092520172000000045e+01
2.092920211999999935e+01
2.093320251999999826e+01
2.093320251999999826e+01
2.092920211999999935e+01
2.093320251999999826e+01
2.093720292000000072e+01
2.094120331999999962e+01
2.094120331999999962e+01
2.094120331999999962e+01
2.094120331999999962e+01
2.094520371999999853e+01
2.094920412000000098e+01
2.095320451999999989e+01
2.095720491999999879e+01
2.094920412000000098e+01
2.095320451999999989e+01
2.095320451999999989e+01
2.095720491999999879e+01
2.096120532000000125e+01
2.096520572000000016e+01
2.097320652000000152e+01
2.097720692000000042e+01
2.098920812000000069e+01
2.098920812000000069e+01
2.099320851999999960e+01
2.099720891999999850e+01
2.100120932000000096e+01
2.100120932000000096e+01
2.100520971999999986e+01
2.100921011999999877e+01
2.101321052000000122e+01
2.101721092000000013e+01
2.102121131999999903e+01
2.101721092000000013e+01
2.102121131999999903e+01
2.102521172000000149e+01
2.102921212000000040e+01
2.102921212000000040e+01
2.103321251999999930e+01
2.103721292000000176e+01
2.104121332000000066e+01
2.104121332000000066e+01
2.104521371999999957e+01
2.105721491999999984e+01
2.106121531999999874e+01
2.106121531999999874e+01
2.106521572000000120e+01
2.106521572000000120e+01
2.106921612000000010e+01
2.107321651999999901e+01
2.107721692000000147e+01
2.106521572000000120e+01
2.106921612000000010e+01
2.107321651999999901e+01
2.107721692000000147e+01
2.108121732000000037e+01
2.108521771999999928e+01
2.108921812000000173e+01
2.109321852000000064e+01
2.109721891999999954e+01
2.110121931999999845e+01
2.109321852000000064e+01
2.109721891999999954e+01
2.110121931999999845e+01
2.110521972000000090e+01
2.109721891999999954e+01
2.110121931999999845e+01
2.110521972000000090e+01
2.110922011999999981e+01
2.111322051999999871e+01
2.106921612000000010e+01
2.107321651999999901e+01
2.107721692000000147e+01
2.108121732000000037e+01
2.108521771999999928e+01
2.103321251999999930e+01
2.103721292000000176e+01
2.104121332000000066e+01
2.104521371999999957e+01
2.101721092000000013e+01
2.102121131999999903e+01
2.102521172000000149e+01
2.102921212000000040e+01
2.103321251999999930e+01
2.091720091999999909e+01
2.092120132000000154e+01
2.092520172000000045e+01
2.092920211999999935e+01
2.093320251999999826e+01
2.093320251999999826e+01
2.090119931999999991e+01
2.090119931999999991e+01
2.090519971999999882e+01
2.090920012000000128e+01
2.089319851999999855e+01
2.089719892000000101e+01
2.090119931999999991e+01
2.090119931999999991e+01
2.090519971999999882e+01
2.085319451999999885e+01
2.085719492000000130e+01
2.085719492000000130e+01
2.081319051999999914e+01
2.081719092000000160e+01
2.081719092000000160e+01
2.081319051999999914e+01
2.081719092000000160e+01
2.082119132000000050e+01
2.082519171999999941e+01
2.082519171999999941e+01
2.082919211999999831e+01
2.079718891999999997e+01
2.080118931999999887e+01
2.080518972000000133e+01
2.080518972000000133e+01
2.080518972000000133e+01
2.080518972000000133e+01
2.080919012000000023e+01
2.080919012000000023e+01
2.081319051999999914e+01
2.081719092000000160e+01
2.078518771999999970e+01
2.078518771999999970e+01
2.078918811999999861e+01
2.078918811999999861e+01
2.079318852000000106e+01
2.079718891999999997e+01
2.078918811999999861e+01
2.078518771999999970e+01
2.078518771999999970e+01
2.078918811999999861e+01
2.078918811999999861e+01
2.079318852000000106e+01
2.079718891999999997e+01
2.080118931999999887e+01
2.079318852000000106e+01
2.079318852000000106e+01
2.079718891999999997e+01
2.080118931999999887e+01
2.080518972000000133e+01
2.080518972000000133e+01
2.080518972000000133e+01
2.080118931999999887e+01
2.080518972000000133e+01
2.080919012000000023e+01
2.080919012000000023e+01
2.081319051999999914e+01
2.080118931999999887e+01
2.080518972000000133e+01
2.080518972000000133e+01
2.080518972000000133e+01
2.080919012000000023e+01
2.081319051999999914e+01
2.080919012000000023e+01
2.080919012000000023e+01
2.081319051999999914e+01
2.081719092000000160e+01
2.080518972000000133e+01
2.080518972000000133e+01
2.080518972000000133e+01
2.080919012000000023e+01
2.081319051999999914e+01
2.081719092000000160e+01
2.081719092000000160e+01
2.080919012000000023e+01
2.081319051999999914e+01
2.081719092000000160e+01
2.082119132000000050e+01
2.082519171999999941e+01
2.082519171999999941e+01
2.081719092000000160e+01
2.081719092000000160e+01
2.082119132000000050e+01
2.082519171999999941e+01
2.082919211999999831e+01
2.083719291999999967e+01
2.085719492000000130e+01
2.085719492000000130e+01
2.086119532000000021e+01
2.086519571999999911e+01
2.086919612000000157e+01
2.087319652000000048e+01
2.087319652000000048e+01
2.087319652000000048e+01
2.087319652000000048e+01
2.087319652000000048e+01
2.087319652000000048e+01
2.087719691999999938e+01
2.088119731999999829e+01
2.088519772000000074e+01
2.088119731999999829e+01
2.088519772000000074e+01
2.088919811999999965e+01
2.089319851999999855e+01
2.089719892000000101e+01
2.088919811999999965e+01
2.089319851999999855e+01
2.089719892000000101e+01
2.090119931999999991e+01
2.090119931999999991e+01
2.090519971999999882e+01
2.090519971999999882e+01
2.090920012000000128e+01
2.091320052000000018e+01
2.091720091999999909e+01
2.091720091999999909e+01
2.091320052000000018e+01
2.091720091999999909e+01
2.092120132000000154e+01
2.092520172000000045e+01
2.092520172000000045e+01
2.092520172000000045e+01
2.092920211999999935e+01
2.093320251999999826e+01
2.093320251999999826e+01
2.092920211999999935e+01
2.093320251999999826e+01
2.093720292000000072e+01
2.094120331999999962e+01
2.094120331999999962e+01
2.094520371999999853e+01
2.095320451999999989e+01
2.095320451999999989e+01
2.095720491999999879e+01
2.096120532000000125e+01
2.096520572000000016e+01
2.095720491999999879e+01
2.096120532000000125e+01
2.096520572000000016e+01
2.096920611999999906e+01
2.097320652000000152e+01
2.098120731999999933e+01
2.098520771999999823e+01
2.098920812000000069e+01
2.098920812000000069e+01
2.099320851999999960e+01
2.100120932000000096e+01
2.100520971999999986e+01
2.100921011999999877e+01
2.101321052000000122e+01
2.101321052000000122e+01
2.101721092000000013e+01
2.102121131999999903e+01
2.101721092000000013e+01
2.102121131999999903e+01
2.102521172000000149e+01
2.102921212000000040e+01
2.102921212000000040e+01
2.103321251999999930e+01
2.103721292000000176e+01
2.104521371999999957e+01
2.104921411999999847e+01
2.105321452000000093e+01
2.105321452000000093e+01
2.105721491999999984e+01
2.105721491999999984e+01
2.106121531999999874e+01
2.106121531999999874e+01
2.105721491999999984e+01
2.106121531999999874e+01
2.106121531999999874e+01
2.106521572000000120e+01
2.106921612000000010e+01
2.106921612000000010e+01
2.107321651999999901e+01
2.107721692000000147e+01
2.106921612000000010e+01
2.107321651999999901e+01
2.107721692000000147e+01
2.108121732000000037e+01
2.108521771999999928e+01
2.108521771999999928e+01
2.108921812000000173e+01
2.109321852000000064e+01
2.109721891999999954e+01
2.110121931999999845e+01
2.112122132000000008e+01
2.112522171999999898e+01
2.112922212000000144e+01
2.078518771999999970e+01
2.078918811999999861e+01
2.078918811999999861e+01
2.079318852000000106e+01
2.079718891999999997e+01
2.080118931999999887e+01
2.078918811999999861e+01
2.078918811999999861e+01
2.079318852000000106e+01
2.079718891999999997e+01
2.080118931999999887e+01
2.078918811999999861e+01
2.078918811999999861e+01
2.079318852000000106e+01
2.079718891999999997e+01
2.080118931999999887e+01
2.080518972000000133e+01
2.080518972000000133e+01
2.078918811999999861e+01
2.079318852000000106e+01
2.079718891999999997e+01
2.080118931999999887e+01
2.080518972000000133e+01
2.080518972000000133e+01
2.080518972000000133e+01
2.079718891999999997e+01
2.080118931999999887e+01
2.080518972000000133e+01
2.080518972000000133e+01
2.080518972000000133e+01
2.080919012000000023e+01
2.081319051999999914e+01
2.080518972000000133e+01
2.080919012000000023e+01
2.081319051999999914e+01
2.081719092000000160e+01
2.081719092000000160e+01
2.081719092000000160e+01
2.081719092000000160e+01
2.082119132000000050e+01
2.082519171999999941e+01
2.082919211999999831e+01
2.084919411999999994e+01
2.085319451999999885e+01
2.085719492000000130e+01
2.085719492000000130e+01
2.086119532000000021e+01
2.087319652000000048e+01
2.088119731999999829e+01
2.088519772000000074e+01
2.088919811999999965e+01
2.089319851999999855e+01
2.089719892000000101e+01
2.090519971999999882e+01
2.090920012000000128e+01
2.091320052000000018e+01
2.091720091999999909e+01
2.091320052000000018e+01
2.091320052000000018e+01
2.091720091999999909e+01
2.092120132000000154e+01
2.092520172000000045e+01
2.092520172000000045e+01
2.092520172000000045e+01
2.092920211999999935e+01
2.092520172000000045e+01
2.092920211999999935e+01
2.093320251999999826e+01
2.093720292000000072e+01
2.094120331999999962e+01
2.094120331999999962e+01
2.092920211999999935e+01
2.093320251999999826e+01
2.093320251999999826e+01
2.093720292000000072e+01
2.093720292000000072e+01
2.094120331999999962e+01
2.094120331999999962e+01
2.094520371999999853e+01
2.094920412000000098e+01
2.096120532000000125e+01
2.096520572000000016e+01
2.096920611999999906e+01
2.097320652000000152e+01
2.097720692000000042e+01
2.097720692000000042e+01
2.098120731999999933e+01
2.097720692000000042e+01
2.098120731999999933e+01
2.098520771999999823e+01
2.098920812000000069e+01
2.098920812000000069e+01
2.099320851999999960e+01
2.099320851999999960e+01
2.099720891999999850e+01
2.100120932000000096e+01
2.100120932000000096e+01
2.100520971999999986e+01
2.100921011999999877e+01
2.101721092000000013e+01
2.102121131999999903e+01
2.102521172000000149e+01
2.102921212000000040e+01
2.102921212000000040e+01
2.104921411999999847e+01
2.105321452000000093e+01
2.105321452000000093e+01
2.105721491999999984e+01
2.106121531999999874e+01
2.105721491999999984e+01
2.105721491999999984e+01
2.106121531999999874e+01
2.106121531999999874e+01
2.106521572000000120e+01
2.106921612000000010e+01
2.106921612000000010e+01
2.107321651999999901e+01
2.107721692000000147e+01
2.108121732000000037e+01
