2.089321651999999929e+01
2.089721692000000175e+01
2.089721692000000175e+01
2.090121732000000065e+01
2.090521771999999956e+01
2.091321852000000092e+01
2.091321852000000092e+01
2.091721891999999983e+01
2.091721891999999983e+01
2.092121931999999873e+01
2.092521972000000119e+01
2.092922012000000009e+01
2.095322252000000063e+01
2.095722291999999953e+01
2.095722291999999953e+01
2.096122331999999844e+01
2.096522372000000090e+01
2.096922411999999980e+01
2.097322451999999871e+01
2.097722492000000116e+01
2.097722492000000116e+01
2.098122532000000007e+01
2.098522571999999897e+01
2.100122732000000170e+01
2.100522772000000060e+01
2.100922811999999951e+01
2.101322851999999841e+01
2.101722892000000087e+01
2.102122931999999977e+01
2.103323052000000004e+01
2.103723091999999895e+01
2.104123132000000140e+01
2.104523172000000031e+01
2.104923211999999921e+01
2.106523371999999839e+01
2.106923412000000084e+01
2.106923412000000084e+01
2.107323451999999975e+01
2.107723491999999865e+01
2.106523371999999839e+01
2.106923412000000084e+01
2.106923412000000084e+01
2.107323451999999975e+01
2.107723491999999865e+01
2.110523772000000164e+01
2.110923812000000055e+01
2.110923812000000055e+01
2.111323851999999945e+01
2.111723891999999836e+01
2.112123932000000082e+01
2.114924212000000026e+01
2.115324251999999916e+01
2.115724292000000162e+01
2.116124332000000052e+01
2.118124531999999860e+01
2.118524572000000106e+01
2.118924611999999996e+01
2.119324651999999887e+01
2.118124531999999860e+01
2.118524572000000106e+01
2.118924611999999996e+01
2.119324651999999887e+01
2.118524572000000106e+01
2.118924611999999996e+01
2.119324651999999887e+01
2.119724692000000132e+01
2.120124732000000023e+01
2.119724692000000132e+01
2.120124732000000023e+01
2.120524771999999913e+01
2.120924812000000159e+01
2.118924611999999996e+01
2.119324651999999887e+01
2.119724692000000132e+01
2.120124732000000023e+01
2.114924212000000026e+01
2.115324251999999916e+01
2.115724292000000162e+01
2.116124332000000052e+01
2.110923812000000055e+01
2.111323851999999945e+01
2.111723891999999836e+01
2.112123932000000082e+01
2.112523971999999972e+01
2.101322851999999841e+01
2.101322851999999841e+01
2.101722892000000087e+01
2.102122931999999977e+01
2.102522971999999868e+01
2.098522571999999897e+01
2.098922612000000143e+01
2.098922612000000143e+01
2.099322652000000033e+01
2.099722691999999924e+01
2.100522772000000060e+01
2.100922811999999951e+01
2.096922411999999980e+01
2.097322451999999871e+01
2.097722492000000116e+01
2.097722492000000116e+01
2.098122532000000007e+01
2.098522571999999897e+01
2.093322051999999900e+01
2.093722092000000146e+01
2.093722092000000146e+01
2.094122132000000036e+01
2.094122132000000036e+01
2.094522171999999927e+01
2.094522171999999927e+01
2.094922212000000172e+01
2.089321651999999929e+01
2.089721692000000175e+01
2.089721692000000175e+01
2.090121732000000065e+01
2.090521771999999956e+01
2.090921811999999846e+01
2.088921612000000039e+01
2.089321651999999929e+01
2.089721692000000175e+01
2.089721692000000175e+01
2.090121732000000065e+01
2.090521771999999956e+01
2.090521771999999956e+01
2.090921811999999846e+01
2.091321852000000092e+01
2.091321852000000092e+01
2.091721891999999983e+01
2.091721891999999983e+01
2.092521972000000119e+01
2.092922012000000009e+01
2.092922012000000009e+01
2.093322051999999900e+01
2.093722092000000146e+01
2.094122132000000036e+01
2.094122132000000036e+01
2.095322252000000063e+01
2.095322252000000063e+01
2.095722291999999953e+01
2.095722291999999953e+01
2.096122331999999844e+01
2.098922612000000143e+01
2.098922612000000143e+01
2.099322652000000033e+01
2.099722691999999924e+01
2.100122732000000170e+01
2.101322851999999841e+01
2.101722892000000087e+01
2.102122931999999977e+01
2.102522971999999868e+01
2.102923012000000114e+01
2.102923012000000114e+01
2.104123132000000140e+01
2.104523172000000031e+01
2.104923211999999921e+01
2.105323252000000167e+01
2.105323252000000167e+01
2.105723292000000058e+01
2.106123331999999948e+01
2.106523371999999839e+01
2.106923412000000084e+01
2.106923412000000084e+01
2.107323451999999975e+01
2.107723491999999865e+01
2.108123532000000111e+01
2.108523572000000001e+01
2.109723692000000028e+01
2.110123731999999919e+01
2.110523772000000164e+01
2.110923812000000055e+01
2.110923812000000055e+01
2.111323851999999945e+01
2.111323851999999945e+01
2.111723891999999836e+01
2.112123932000000082e+01
2.114524172000000135e+01
2.114524172000000135e+01
2.114924212000000026e+01
2.115324251999999916e+01
2.115324251999999916e+01
2.115724292000000162e+01
2.116124332000000052e+01
2.116124332000000052e+01
2.116524371999999943e+01
2.116924411999999833e+01
2.117324452000000079e+01
2.117724491999999969e+01
2.118924611999999996e+01
2.119324651999999887e+01
2.119724692000000132e+01
2.119724692000000132e+01
2.120124732000000023e+01
2.120524771999999913e+01
2.120124732000000023e+01
2.120524771999999913e+01
2.120924812000000159e+01
2.118524572000000106e+01
2.118924611999999996e+01
2.119324651999999887e+01
2.119724692000000132e+01
2.114124131999999889e+01
2.114524172000000135e+01
2.114524172000000135e+01
2.114924212000000026e+01
2.110523772000000164e+01
2.110923812000000055e+01
2.110923812000000055e+01
2.111323851999999945e+01
2.111723891999999836e+01
2.112123932000000082e+01
2.102923012000000114e+01
2.102923012000000114e+01
2.103323052000000004e+01
2.103723091999999895e+01
2.104123132000000140e+01
2.104523172000000031e+01
2.099722691999999924e+01
2.100122732000000170e+01
2.100522772000000060e+01
2.100922811999999951e+01
2.101322851999999841e+01
2.101322851999999841e+01
2.096122331999999844e+01
2.096522372000000090e+01
2.096922411999999980e+01
2.097322451999999871e+01
2.097722492000000116e+01
2.097722492000000116e+01
2.095322252000000063e+01
2.095722291999999953e+01
2.096122331999999844e+01
2.096522372000000090e+01
2.096522372000000090e+01
2.092521972000000119e+01
2.092922012000000009e+01
2.092922012000000009e+01
2.093322051999999900e+01
2.093722092000000146e+01
2.094122132000000036e+01
2.094122132000000036e+01
2.094522171999999927e+01
2.091721891999999983e+01
2.091721891999999983e+01
2.092121931999999873e+01
2.092521972000000119e+01
2.092922012000000009e+01
2.092922012000000009e+01
2.093322051999999900e+01
2.091721891999999983e+01
2.091721891999999983e+01
2.092121931999999873e+01
2.092521972000000119e+01
2.092922012000000009e+01
2.092922012000000009e+01
2.094922212000000172e+01
2.095322252000000063e+01
2.095322252000000063e+01
2.095722291999999953e+01
2.095722291999999953e+01
2.096122331999999844e+01
2.096522372000000090e+01
2.096522372000000090e+01
2.096922411999999980e+01
2.097322451999999871e+01
2.097722492000000116e+01
2.097722492000000116e+01
2.098122532000000007e+01
2.098122532000000007e+01
2.098522571999999897e+01
2.098922612000000143e+01
2.098922612000000143e+01
2.099322652000000033e+01
2.099322652000000033e+01
2.099722691999999924e+01
2.100122732000000170e+01
2.100522772000000060e+01
2.100922811999999951e+01
2.101722892000000087e+01
2.102122931999999977e+01
2.102522971999999868e+01
2.102923012000000114e+01
2.102923012000000114e+01
2.103323052000000004e+01
2.103723091999999895e+01
2.104523172000000031e+01
2.104923211999999921e+01
2.105323252000000167e+01
2.105723292000000058e+01
2.106123331999999948e+01
2.106923412000000084e+01
2.107323451999999975e+01
2.107723491999999865e+01
2.109323652000000138e+01
2.109723692000000028e+01
2.110123731999999919e+01
2.110523772000000164e+01
2.110923812000000055e+01
2.111323851999999945e+01
2.111723891999999836e+01
2.112123932000000082e+01
2.112523971999999972e+01
2.114124131999999889e+01
2.114524172000000135e+01
2.114524172000000135e+01
2.114924212000000026e+01
2.115324251999999916e+01
2.115324251999999916e+01
2.115724292000000162e+01
2.116924411999999833e+01
2.117324452000000079e+01
2.117724491999999969e+01
2.118124531999999860e+01
2.118524572000000106e+01
2.118924611999999996e+01
2.119324651999999887e+01
2.119724692000000132e+01
2.119324651999999887e+01
2.119724692000000132e+01
2.120124732000000023e+01
2.120524771999999913e+01
2.119724692000000132e+01
2.120124732000000023e+01
2.120524771999999913e+01
2.120924812000000159e+01
2.121324852000000050e+01
2.119724692000000132e+01
2.120124732000000023e+01
2.120524771999999913e+01
2.120924812000000159e+01
2.121324852000000050e+01
2.121724891999999940e+01
2.119724692000000132e+01
2.120124732000000023e+01
2.120524771999999913e+01
2.120924812000000159e+01
2.121324852000000050e+01
2.117724491999999969e+01
2.118124531999999860e+01
2.118524572000000106e+01
2.118924611999999996e+01
2.119324651999999887e+01
2.114524172000000135e+01
2.114524172000000135e+01
2.114924212000000026e+01
2.115324251999999916e+01
2.115324251999999916e+01
2.115724292000000162e+01
2.111723891999999836e+01
2.112123932000000082e+01
2.112523971999999972e+01
2.112924011999999863e+01
2.113324052000000108e+01
2.109323652000000138e+01
2.109723692000000028e+01
2.110123731999999919e+01
2.110523772000000164e+01
2.110923812000000055e+01
2.107323451999999975e+01
2.107723491999999865e+01
2.108123532000000111e+01
2.104123132000000140e+01
2.104523172000000031e+01
2.104923211999999921e+01
2.105723292000000058e+01
2.102522971999999868e+01
2.102923012000000114e+01
2.102923012000000114e+01
2.098922612000000143e+01
2.098922612000000143e+01
2.099322652000000033e+01
2.099722691999999924e+01
2.100122732000000170e+01
2.100522772000000060e+01
2.096122331999999844e+01
2.096522372000000090e+01
2.096922411999999980e+01
2.097322451999999871e+01
2.097722492000000116e+01
2.098122532000000007e+01
2.098522571999999897e+01
2.094522171999999927e+01
2.094922212000000172e+01
2.095322252000000063e+01
2.095722291999999953e+01
2.096122331999999844e+01
2.096522372000000090e+01
2.096522372000000090e+01
2.096922411999999980e+01
2.091721891999999983e+01
2.091721891999999983e+01
2.092121931999999873e+01
2.092521972000000119e+01
2.092922012000000009e+01
2.092922012000000009e+01
2.093322051999999900e+01
2.091321852000000092e+01
2.091721891999999983e+01
2.091721891999999983e+01
2.092121931999999873e+01
2.090921811999999846e+01
2.091321852000000092e+01
2.091321852000000092e+01
2.091721891999999983e+01
2.091721891999999983e+01
2.090921811999999846e+01
2.091321852000000092e+01
2.091321852000000092e+01
2.091721891999999983e+01
2.091721891999999983e+01
2.091321852000000092e+01
2.091321852000000092e+01
2.091721891999999983e+01
2.091721891999999983e+01
2.092121931999999873e+01
2.092521972000000119e+01
2.091721891999999983e+01
2.092121931999999873e+01
2.092521972000000119e+01
2.092922012000000009e+01
2.092922012000000009e+01
2.093322051999999900e+01
2.093722092000000146e+01
2.093322051999999900e+01
2.093722092000000146e+01
2.094122132000000036e+01
2.094122132000000036e+01
2.094522171999999927e+01
2.094922212000000172e+01
2.095322252000000063e+01
2.096922411999999980e+01
2.097722492000000116e+01
2.098922612000000143e+01
2.099322652000000033e+01
2.099722691999999924e+01
2.102122931999999977e+01
2.102522971999999868e+01
2.102923012000000114e+01
2.102923012000000114e+01
2.103323052000000004e+01
2.103723091999999895e+01
2.104123132000000140e+01
2.104523172000000031e+01
2.104923211999999921e+01
2.105323252000000167e+01
2.105723292000000058e+01
2.107323451999999975e+01
2.107723491999999865e+01
2.108123532000000111e+01
2.109723692000000028e+01
2.110123731999999919e+01
2.110523772000000164e+01
2.110923812000000055e+01
2.110923812000000055e+01
2.111323851999999945e+01
2.111723891999999836e+01
2.112123932000000082e+01
2.112523971999999972e+01
2.112924011999999863e+01
2.113324052000000108e+01
2.116124332000000052e+01
2.116524371999999943e+01
2.116924411999999833e+01
2.117324452000000079e+01
2.117724491999999969e+01
2.118124531999999860e+01
2.118524572000000106e+01
2.118924611999999996e+01
2.119324651999999887e+01
2.119724692000000132e+01
2.120124732000000023e+01
2.120524771999999913e+01
2.120124732000000023e+01
2.120524771999999913e+01
2.120924812000000159e+01
2.121324852000000050e+01
2.121724891999999940e+01
2.120524771999999913e+01
2.120924812000000159e+01
2.121324852000000050e+01
2.121724891999999940e+01
2.122124931999999831e+01
2.122524972000000076e+01
2.116924411999999833e+01
2.117324452000000079e+01
2.117724491999999969e+01
2.118124531999999860e+01
2.118524572000000106e+01
2.114124131999999889e+01
2.114524172000000135e+01
2.114524172000000135e+01
2.114924212000000026e+01
2.115324251999999916e+01
2.115324251999999916e+01
2.115724292000000162e+01
2.110923812000000055e+01
2.110923812000000055e+01
2.111323851999999945e+01
2.111723891999999836e+01
2.112123932000000082e+01
2.104523172000000031e+01
2.104923211999999921e+01
2.105323252000000167e+01
2.105723292000000058e+01
2.106123331999999948e+01
2.102122931999999977e+01
2.102522971999999868e+01
2.102923012000000114e+01
2.102923012000000114e+01
2.103323052000000004e+01
2.103723091999999895e+01
2.099722691999999924e+01
2.100122732000000170e+01
2.100522772000000060e+01
2.097722492000000116e+01
2.098122532000000007e+01
2.098522571999999897e+01
2.098922612000000143e+01
2.098922612000000143e+01
2.094922212000000172e+01
2.095322252000000063e+01
2.095322252000000063e+01
2.095722291999999953e+01
2.095722291999999953e+01
2.096122331999999844e+01
2.096522372000000090e+01
2.096922411999999980e+01
2.092121931999999873e+01
2.092521972000000119e+01
2.092922012000000009e+01
2.092922012000000009e+01
2.093322051999999900e+01
2.093722092000000146e+01
2.091721891999999983e+01
2.092121931999999873e+01
2.092521972000000119e+01
2.092922012000000009e+01
2.092922012000000009e+01
2.093322051999999900e+01
2.093722092000000146e+01
2.094122132000000036e+01
2.094122132000000036e+01
2.094522171999999927e+01
2.094922212000000172e+01
2.095322252000000063e+01
2.096122331999999844e+01
2.096522372000000090e+01
2.096922411999999980e+01
2.097322451999999871e+01
2.097722492000000116e+01
2.097722492000000116e+01
2.098922612000000143e+01
2.100122732000000170e+01
2.100522772000000060e+01
2.101322851999999841e+01
2.101322851999999841e+01
2.101722892000000087e+01
2.102122931999999977e+01
2.102522971999999868e+01
2.101322851999999841e+01
2.101722892000000087e+01
2.102122931999999977e+01
2.102522971999999868e+01
2.102923012000000114e+01
2.102923012000000114e+01
2.099722691999999924e+01
2.110923812000000055e+01
2.110923812000000055e+01
2.111323851999999945e+01
2.111723891999999836e+01
2.112123932000000082e+01
2.112523971999999972e+01
2.106923412000000084e+01
2.107323451999999975e+01
2.107723491999999865e+01
2.104923211999999921e+01
2.105323252000000167e+01
2.105723292000000058e+01
2.106123331999999948e+01
2.106523371999999839e+01
2.104923211999999921e+01
2.105323252000000167e+01
2.105723292000000058e+01
2.106123331999999948e+01
2.106523371999999839e+01
