2.210126212999999851e+01
2.210526253000000096e+01
2.210926292999999987e+01
2.211326332999999877e+01
2.211726373000000123e+01
2.212126413000000014e+01
2.212126413000000014e+01
2.212526452999999904e+01
2.212926493000000150e+01
2.213326533000000040e+01
2.213726572999999931e+01
2.214126613000000177e+01
2.214526653000000067e+01
2.214526653000000067e+01
2.214926692999999958e+01
2.215326732999999848e+01
2.215326732999999848e+01
2.218127013000000147e+01
2.218527053000000038e+01
2.218927092999999928e+01
2.219327133000000174e+01
2.219727173000000064e+01
2.219727173000000064e+01
2.220127212999999955e+01
2.220527252999999845e+01
2.220927293000000091e+01
2.221727372999999872e+01
2.222127413000000118e+01
2.222527453000000008e+01
2.222927492999999899e+01
2.223327533000000145e+01
2.223727573000000035e+01
2.224127612999999926e+01
2.224527653000000171e+01
2.224927693000000062e+01
2.223727573000000035e+01
2.224127612999999926e+01
2.224527653000000171e+01
2.224927693000000062e+01
2.225327732999999952e+01
2.225727772999999843e+01
2.226127813000000089e+01
2.226527852999999979e+01
2.226927892999999870e+01
2.227327933000000115e+01
2.227727973000000006e+01
2.227727973000000006e+01
2.228128012999999896e+01
2.228528053000000142e+01
2.228928093000000032e+01
2.229328132999999923e+01
2.229728173000000169e+01
2.231728372999999976e+01
2.232128412999999867e+01
2.232128412999999867e+01
2.232128412999999867e+01
2.232528453000000113e+01
2.232928493000000003e+01
2.233328532999999894e+01
2.233728573000000139e+01
2.233728573000000139e+01
2.234128613000000030e+01
2.234128613000000030e+01
2.234528652999999920e+01
2.234528652999999920e+01
2.234928693000000166e+01
2.235328733000000057e+01
2.234928693000000166e+01
2.235328733000000057e+01
2.235728772999999947e+01
2.236128812999999838e+01
2.236128812999999838e+01
2.236528853000000083e+01
2.236928892999999974e+01
2.237328932999999864e+01
2.236528853000000083e+01
2.236928892999999974e+01
2.237328932999999864e+01
2.237328932999999864e+01
2.237328932999999864e+01
2.237328932999999864e+01
2.237728973000000110e+01
2.238129013000000000e+01
2.238529052999999891e+01
2.238929093000000137e+01
2.239329133000000027e+01
2.237328932999999864e+01
2.237728973000000110e+01
2.237728973000000110e+01
2.238129013000000000e+01
2.238129013000000000e+01
2.238529052999999891e+01
2.238929093000000137e+01
2.238529052999999891e+01
2.238929093000000137e+01
2.239329133000000027e+01
2.239329133000000027e+01
2.239329133000000027e+01
2.239329133000000027e+01
2.239729172999999918e+01
2.240129213000000163e+01
2.240129213000000163e+01
2.240129213000000163e+01
2.240129213000000163e+01
2.240129213000000163e+01
2.239729172999999918e+01
2.239729172999999918e+01
2.240129213000000163e+01
2.240129213000000163e+01
2.240529253000000054e+01
2.240929292999999944e+01
2.241329332999999835e+01
2.241729373000000081e+01
2.241729373000000081e+01
2.242129412999999971e+01
2.240129213000000163e+01
2.240129213000000163e+01
2.240529253000000054e+01
2.240529253000000054e+01
2.240529253000000054e+01
2.240929292999999944e+01
2.241329332999999835e+01
2.241329332999999835e+01
2.241729373000000081e+01
2.242129412999999971e+01
2.242529452999999862e+01
2.242929493000000107e+01
2.243729572999999888e+01
2.244129613000000134e+01
2.244129613000000134e+01
2.244529653000000025e+01
2.244529653000000025e+01
2.244929692999999915e+01
2.245329733000000161e+01
2.245729773000000051e+01
2.246129812999999942e+01
2.246129812999999942e+01
2.243729572999999888e+01
2.244129613000000134e+01
2.244529653000000025e+01
2.244929692999999915e+01
2.244929692999999915e+01
2.244929692999999915e+01
2.245329733000000161e+01
2.245729773000000051e+01
2.246129812999999942e+01
2.246129812999999942e+01
2.246129812999999942e+01
2.246529852999999832e+01
2.249730173000000022e+01
2.250130212999999912e+01
2.250130212999999912e+01
2.250130212999999912e+01
2.250130212999999912e+01
2.250530253000000158e+01
2.250930293000000049e+01
2.250930293000000049e+01
2.251330332999999939e+01
2.251330332999999939e+01
2.250930293000000049e+01
2.250930293000000049e+01
2.251330332999999939e+01
2.251330332999999939e+01
2.251730372999999830e+01
2.252130413000000075e+01
2.252530452999999966e+01
2.251330332999999939e+01
2.251330332999999939e+01
2.251730372999999830e+01
2.251730372999999830e+01
2.251730372999999830e+01
2.251730372999999830e+01
2.252930492999999856e+01
2.253330533000000102e+01
2.253730572999999993e+01
2.253730572999999993e+01
2.253730572999999993e+01
2.253730572999999993e+01
2.253730572999999993e+01
2.254130612999999883e+01
2.254530653000000129e+01
2.254530653000000129e+01
2.252530452999999966e+01
2.252530452999999966e+01
2.252530452999999966e+01
2.252530452999999966e+01
2.252530452999999966e+01
2.252930492999999856e+01
2.253330533000000102e+01
2.253330533000000102e+01
2.253730572999999993e+01
2.253730572999999993e+01
2.253730572999999993e+01
2.253730572999999993e+01
2.253730572999999993e+01
2.254130612999999883e+01
2.254530653000000129e+01
2.254530653000000129e+01
2.254530653000000129e+01
2.252530452999999966e+01
2.252530452999999966e+01
2.252530452999999966e+01
2.252530452999999966e+01
2.252530452999999966e+01
2.252930492999999856e+01
2.253330533000000102e+01
2.253330533000000102e+01
2.253730572999999993e+01
2.253730572999999993e+01
2.253730572999999993e+01
2.253730572999999993e+01
2.254130612999999883e+01
2.254530653000000129e+01
2.254530653000000129e+01
2.254530653000000129e+01
2.254930693000000019e+01
2.254930693000000019e+01
2.254930693000000019e+01
2.252530452999999966e+01
2.252930492999999856e+01
2.253330533000000102e+01
2.253330533000000102e+01
2.253330533000000102e+01
2.253330533000000102e+01
2.253330533000000102e+01
2.254530653000000129e+01
2.254930693000000019e+01
2.254930693000000019e+01
2.254930693000000019e+01
2.254930693000000019e+01
2.254930693000000019e+01
2.254930693000000019e+01
2.254930693000000019e+01
2.255330732999999910e+01
2.255330732999999910e+01
2.253330533000000102e+01
2.253330533000000102e+01
2.253330533000000102e+01
2.253330533000000102e+01
2.253330533000000102e+01
2.253330533000000102e+01
2.253730572999999993e+01
2.253730572999999993e+01
2.253730572999999993e+01
2.254130612999999883e+01
2.254530653000000129e+01
2.254930693000000019e+01
2.254930693000000019e+01
2.254930693000000019e+01
2.254930693000000019e+01
2.254930693000000019e+01
2.254930693000000019e+01
2.254930693000000019e+01
2.255330732999999910e+01
2.255330732999999910e+01
2.255730773000000156e+01
2.253330533000000102e+01
2.253330533000000102e+01
2.253330533000000102e+01
2.253330533000000102e+01
2.253330533000000102e+01
2.253730572999999993e+01
2.253730572999999993e+01
2.253730572999999993e+01
2.254130612999999883e+01
2.254130612999999883e+01
2.254530653000000129e+01
2.254930693000000019e+01
2.254930693000000019e+01
2.254930693000000019e+01
2.254930693000000019e+01
2.254930693000000019e+01
2.254930693000000019e+01
2.254930693000000019e+01
2.255330732999999910e+01
2.255330732999999910e+01
2.253330533000000102e+01
2.253330533000000102e+01
2.253330533000000102e+01
2.253330533000000102e+01
2.253330533000000102e+01
2.253330533000000102e+01
2.253730572999999993e+01
2.253730572999999993e+01
2.253730572999999993e+01
2.254130612999999883e+01
2.250130212999999912e+01
2.250130212999999912e+01
2.250130212999999912e+01
2.250130212999999912e+01
2.250530253000000158e+01
2.250930293000000049e+01
2.250930293000000049e+01
2.245329733000000161e+01
2.245729773000000051e+01
2.246129812999999942e+01
2.246129812999999942e+01
2.246529852999999832e+01
2.246929893000000078e+01
2.246929893000000078e+01
2.247329932999999969e+01
2.247729972999999859e+01
2.248130013000000105e+01
2.248530052999999995e+01
2.246129812999999942e+01
2.246129812999999942e+01
2.246129812999999942e+01
2.246529852999999832e+01
2.246929893000000078e+01
2.247329932999999969e+01
2.247729972999999859e+01
2.248130013000000105e+01
2.248130013000000105e+01
2.248530052999999995e+01
2.248930092999999886e+01
2.243329532999999998e+01
2.243729572999999888e+01
2.244129613000000134e+01
2.244129613000000134e+01
2.244529653000000025e+01
2.244529653000000025e+01
2.244929692999999915e+01
2.245329733000000161e+01
2.245729773000000051e+01
2.243729572999999888e+01
2.244129613000000134e+01
2.244529653000000025e+01
2.244929692999999915e+01
2.244929692999999915e+01
2.244929692999999915e+01
2.245329733000000161e+01
2.245729773000000051e+01
2.246129812999999942e+01
2.246129812999999942e+01
2.246129812999999942e+01
2.240929292999999944e+01
2.241329332999999835e+01
2.241729373000000081e+01
2.241729373000000081e+01
2.242129412999999971e+01
2.242529452999999862e+01
2.242929493000000107e+01
2.243329532999999998e+01
2.243329532999999998e+01
2.243729572999999888e+01
2.241329332999999835e+01
2.241729373000000081e+01
2.242129412999999971e+01
2.242529452999999862e+01
2.242929493000000107e+01
2.243329532999999998e+01
2.243329532999999998e+01
2.243329532999999998e+01
2.243329532999999998e+01
2.243729572999999888e+01
2.238929093000000137e+01
2.239329133000000027e+01
2.239729172999999918e+01
2.239729172999999918e+01
2.240129213000000163e+01
2.240129213000000163e+01
2.240529253000000054e+01
2.240129213000000163e+01
2.240129213000000163e+01
2.240129213000000163e+01
2.240129213000000163e+01
2.240129213000000163e+01
2.240129213000000163e+01
2.240129213000000163e+01
2.240529253000000054e+01
2.240529253000000054e+01
2.240529253000000054e+01
2.240929292999999944e+01
2.241329332999999835e+01
2.238129013000000000e+01
2.238129013000000000e+01
2.238529052999999891e+01
2.238929093000000137e+01
2.239329133000000027e+01
2.239729172999999918e+01
2.239729172999999918e+01
2.240129213000000163e+01
2.239329133000000027e+01
2.239729172999999918e+01
2.240129213000000163e+01
2.240129213000000163e+01
2.240129213000000163e+01
2.240129213000000163e+01
2.240129213000000163e+01
2.240129213000000163e+01
2.240129213000000163e+01
2.240129213000000163e+01
2.240529253000000054e+01
2.240529253000000054e+01
2.244129613000000134e+01
2.244129613000000134e+01
2.244529653000000025e+01
2.244529653000000025e+01
2.244929692999999915e+01
2.245329733000000161e+01
2.245729773000000051e+01
2.246129812999999942e+01
2.246129812999999942e+01
2.246529852999999832e+01
2.246929893000000078e+01
2.246929893000000078e+01
2.246129812999999942e+01
2.246129812999999942e+01
2.246529852999999832e+01
2.246929893000000078e+01
2.249730173000000022e+01
2.250530253000000158e+01
2.249330133000000131e+01
2.249730173000000022e+01
2.250130212999999912e+01
2.250130212999999912e+01
2.250130212999999912e+01
2.250130212999999912e+01
2.250530253000000158e+01
2.250930293000000049e+01
2.250930293000000049e+01
2.250930293000000049e+01
2.251330332999999939e+01
2.251730372999999830e+01
2.252130413000000075e+01
2.252530452999999966e+01
2.252530452999999966e+01
2.252930492999999856e+01
2.253330533000000102e+01
2.253730572999999993e+01
2.253730572999999993e+01
2.253730572999999993e+01
2.253730572999999993e+01
2.253730572999999993e+01
2.254130612999999883e+01
2.251730372999999830e+01
2.251730372999999830e+01
2.251730372999999830e+01
2.252130413000000075e+01
2.252530452999999966e+01
2.252530452999999966e+01
2.252530452999999966e+01
2.252530452999999966e+01
2.252530452999999966e+01
2.252930492999999856e+01
2.253330533000000102e+01
2.254530653000000129e+01
2.254930693000000019e+01
2.254930693000000019e+01
2.254930693000000019e+01
2.254930693000000019e+01
2.254930693000000019e+01
2.254930693000000019e+01
2.254930693000000019e+01
2.255330732999999910e+01
2.255330732999999910e+01
2.253330533000000102e+01
2.253330533000000102e+01
2.253330533000000102e+01
2.253330533000000102e+01
2.253330533000000102e+01
2.253330533000000102e+01
2.253730572999999993e+01
2.253730572999999993e+01
2.253730572999999993e+01
2.254130612999999883e+01
2.254130612999999883e+01
2.254930693000000019e+01
2.254930693000000019e+01
2.254930693000000019e+01
2.254930693000000019e+01
2.254930693000000019e+01
2.254930693000000019e+01
2.255330732999999910e+01
2.255330732999999910e+01
2.255730773000000156e+01
2.255730773000000156e+01
2.253330533000000102e+01
2.253330533000000102e+01
2.253330533000000102e+01
2.253730572999999993e+01
2.253730572999999993e+01
2.253730572999999993e+01
2.254130612999999883e+01
2.254130612999999883e+01
2.254530653000000129e+01
2.254930693000000019e+01
2.255330732999999910e+01
2.255730773000000156e+01
2.256130813000000046e+01
2.253730572999999993e+01
2.253730572999999993e+01
2.253730572999999993e+01
2.253730572999999993e+01
2.254130612999999883e+01
2.254530653000000129e+01
2.254530653000000129e+01
2.254530653000000129e+01
2.254930693000000019e+01
2.254930693000000019e+01
2.254930693000000019e+01
2.252530452999999966e+01
2.252930492999999856e+01
2.253330533000000102e+01
2.253330533000000102e+01
2.253330533000000102e+01
2.253330533000000102e+01
2.253330533000000102e+01
2.247729972999999859e+01
2.248130013000000105e+01
2.248530052999999995e+01
2.248930092999999886e+01
2.248930092999999886e+01
2.249330133000000131e+01
2.249730173000000022e+01
2.249730173000000022e+01
2.248130013000000105e+01
2.248530052999999995e+01
2.248930092999999886e+01
2.249330133000000131e+01
2.249730173000000022e+01
2.250130212999999912e+01
2.250130212999999912e+01
2.250130212999999912e+01
2.250130212999999912e+01
2.250530253000000158e+01
2.250930293000000049e+01
2.250930293000000049e+01
2.250930293000000049e+01
2.244129613000000134e+01
2.244129613000000134e+01
2.244529653000000025e+01
2.244529653000000025e+01
2.244929692999999915e+01
2.245329733000000161e+01
2.245729773000000051e+01
2.246129812999999942e+01
2.246129812999999942e+01
2.246529852999999832e+01
2.246929893000000078e+01
2.244929692999999915e+01
2.244929692999999915e+01
2.244929692999999915e+01
2.245329733000000161e+01
2.245729773000000051e+01
2.246129812999999942e+01
2.246129812999999942e+01
2.246129812999999942e+01
2.246529852999999832e+01
2.246929893000000078e+01
2.247329932999999969e+01
2.242129412999999971e+01
2.242529452999999862e+01
2.242929493000000107e+01
2.243329532999999998e+01
2.243329532999999998e+01
2.243729572999999888e+01
2.244129613000000134e+01
2.244129613000000134e+01
2.244529653000000025e+01
2.244529653000000025e+01
2.242929493000000107e+01
2.243329532999999998e+01
2.243329532999999998e+01
2.243329532999999998e+01
2.243329532999999998e+01
2.243729572999999888e+01
2.244129613000000134e+01
2.244529653000000025e+01
2.244929692999999915e+01
2.244929692999999915e+01
2.244929692999999915e+01
2.240129213000000163e+01
2.240129213000000163e+01
2.240529253000000054e+01
2.240929292999999944e+01
2.241329332999999835e+01
2.241729373000000081e+01
2.241729373000000081e+01
2.242129412999999971e+01
2.242529452999999862e+01
2.242929493000000107e+01
2.240529253000000054e+01
2.240529253000000054e+01
2.240529253000000054e+01
2.240929292999999944e+01
2.241329332999999835e+01
2.241329332999999835e+01
2.241729373000000081e+01
2.242129412999999971e+01
2.242529452999999862e+01
2.242929493000000107e+01
2.243329532999999998e+01
2.243329532999999998e+01
2.238929093000000137e+01
2.239329133000000027e+01
2.239729172999999918e+01
2.239729172999999918e+01
2.240129213000000163e+01
2.240129213000000163e+01
2.240529253000000054e+01
2.240129213000000163e+01
2.240129213000000163e+01
2.240129213000000163e+01
2.240129213000000163e+01
2.240129213000000163e+01
2.240129213000000163e+01
2.240129213000000163e+01
2.240529253000000054e+01
2.240529253000000054e+01
2.240529253000000054e+01
2.240929292999999944e+01
2.241329332999999835e+01
2.236528853000000083e+01
2.236928892999999974e+01
2.237328932999999864e+01
2.237728973000000110e+01
2.237728973000000110e+01
2.238129013000000000e+01
2.238129013000000000e+01
2.238529052999999891e+01
2.238929093000000137e+01
2.238129013000000000e+01
2.238529052999999891e+01
2.238929093000000137e+01
2.239329133000000027e+01
2.239329133000000027e+01
2.239329133000000027e+01
2.239329133000000027e+01
2.239729172999999918e+01
2.240129213000000163e+01
2.240129213000000163e+01
2.240129213000000163e+01
2.240129213000000163e+01
2.234128613000000030e+01
2.234128613000000030e+01
2.234528652999999920e+01
2.234528652999999920e+01
2.234928693000000166e+01
2.235328733000000057e+01
2.235728772999999947e+01
2.236128812999999838e+01
2.236128812999999838e+01
2.236528853000000083e+01
2.236928892999999974e+01
2.237328932999999864e+01
2.237328932999999864e+01
2.237328932999999864e+01
2.237328932999999864e+01
2.228928093000000032e+01
2.229328132999999923e+01
2.229728173000000169e+01
2.229728173000000169e+01
2.230128213000000059e+01
2.230528252999999950e+01
2.230528252999999950e+01
2.230928292999999840e+01
2.230928292999999840e+01
2.231328333000000086e+01
2.231728372999999976e+01
2.232128412999999867e+01
2.225727772999999843e+01
2.226127813000000089e+01
2.226527852999999979e+01
2.226927892999999870e+01
2.227327933000000115e+01
2.227727973000000006e+01
2.228928093000000032e+01
2.229328132999999923e+01
2.229728173000000169e+01
2.230128213000000059e+01
2.230128213000000059e+01
2.230128213000000059e+01
2.230128213000000059e+01
2.230528252999999950e+01
2.230528252999999950e+01
2.223727573000000035e+01
2.224127612999999926e+01
2.224527653000000171e+01
2.225327732999999952e+01
2.225727772999999843e+01
2.226127813000000089e+01
2.226527852999999979e+01
2.226527852999999979e+01
2.226927892999999870e+01
2.226927892999999870e+01
2.227327933000000115e+01
2.227727973000000006e+01
2.228128012999999896e+01
2.228528053000000142e+01
2.219727173000000064e+01
2.220127212999999955e+01
2.220527252999999845e+01
2.220927293000000091e+01
2.221327332999999982e+01
2.221327332999999982e+01
2.221327332999999982e+01
2.221327332999999982e+01
2.221727372999999872e+01
2.222127413000000118e+01
2.222527453000000008e+01
2.211726373000000123e+01
2.212126413000000014e+01
2.212126413000000014e+01
2.212526452999999904e+01
2.212926493000000150e+01
2.213326533000000040e+01
2.213726572999999931e+01
2.214926692999999958e+01
2.214926692999999958e+01
2.215326732999999848e+01
2.215326732999999848e+01
2.215726773000000094e+01
2.216126812999999984e+01
2.216526852999999875e+01
2.206925893000000016e+01
2.207325932999999907e+01
2.207725973000000153e+01
2.208126013000000043e+01
2.208526052999999933e+01
2.208926092999999824e+01
2.209326133000000070e+01
2.210126212999999851e+01
2.210526253000000096e+01
2.210926292999999987e+01
2.206525853000000126e+01
2.206925893000000016e+01
2.207325932999999907e+01
2.207725973000000153e+01
2.208126013000000043e+01
2.208526052999999933e+01
2.208926092999999824e+01
2.210126212999999851e+01
2.210526253000000096e+01
2.210926292999999987e+01
2.208126013000000043e+01
2.208526052999999933e+01
2.208926092999999824e+01
2.209326133000000070e+01
2.209726172999999960e+01
2.210126212999999851e+01
2.210526253000000096e+01
2.210926292999999987e+01
2.211326332999999877e+01
2.211326332999999877e+01
2.211726373000000123e+01
2.212126413000000014e+01
2.212126413000000014e+01
2.212526452999999904e+01
2.212926493000000150e+01
2.213326533000000040e+01
2.213726572999999931e+01
2.214126613000000177e+01
2.214526653000000067e+01
2.218127013000000147e+01
2.218127013000000147e+01
2.218527053000000038e+01
2.218927092999999928e+01
2.219327133000000174e+01
2.219727173000000064e+01
2.219727173000000064e+01
2.221727372999999872e+01
2.222127413000000118e+01
2.222527453000000008e+01
2.222927492999999899e+01
2.223327533000000145e+01
2.223727573000000035e+01
2.224127612999999926e+01
2.224527653000000171e+01
2.226127813000000089e+01
2.226527852999999979e+01
2.226927892999999870e+01
2.227327933000000115e+01
2.227727973000000006e+01
2.227727973000000006e+01
2.228128012999999896e+01
2.234128613000000030e+01
2.234128613000000030e+01
2.234528652999999920e+01
2.234528652999999920e+01
2.234928693000000166e+01
2.235328733000000057e+01
2.235728772999999947e+01
2.234128613000000030e+01
2.234128613000000030e+01
2.234528652999999920e+01
2.234528652999999920e+01
2.234928693000000166e+01
2.235328733000000057e+01
2.235728772999999947e+01
2.222927492999999899e+01
2.223327533000000145e+01
2.224927693000000062e+01
2.224927693000000062e+01
2.224927693000000062e+01
2.225327732999999952e+01
2.225727772999999843e+01
2.226127813000000089e+01
2.226527852999999979e+01
2.226527852999999979e+01
2.226927892999999870e+01
2.226927892999999870e+01
2.214526653000000067e+01
2.214526653000000067e+01
2.214926692999999958e+01
2.215326732999999848e+01
2.215326732999999848e+01
2.215726773000000094e+01
2.216126812999999984e+01
2.216126812999999984e+01
2.216526852999999875e+01
2.217326933000000011e+01
2.217726972999999902e+01
2.218127013000000147e+01
2.218127013000000147e+01
2.218527053000000038e+01
2.218927092999999928e+01
2.208526052999999933e+01
2.208926092999999824e+01
2.209326133000000070e+01
2.209726172999999960e+01
2.210126212999999851e+01
2.210526253000000096e+01
2.210926292999999987e+01
2.211326332999999877e+01
2.202925493000000046e+01
2.203325532999999936e+01
2.203725572999999827e+01
2.204125613000000072e+01
2.204525652999999963e+01
2.204925692999999853e+01
2.205325733000000099e+01
2.205325733000000099e+01
2.205725772999999990e+01
2.198525052999999829e+01
2.198925093000000075e+01
2.199325132999999965e+01
2.199325132999999965e+01
2.199725172999999856e+01
2.200125213000000102e+01
2.200125213000000102e+01
2.200525252999999992e+01
2.200925292999999883e+01
2.200925292999999883e+01
2.198125012999999939e+01
2.198125012999999939e+01
2.198525052999999829e+01
2.198925093000000075e+01
2.199325132999999965e+01
2.199325132999999965e+01
2.199725172999999856e+01
2.200125213000000102e+01
2.200125213000000102e+01
2.200925292999999883e+01
2.200925292999999883e+01
2.201325333000000128e+01
2.201725373000000019e+01
2.202125412999999909e+01
2.202525453000000155e+01
2.202925493000000046e+01
2.203325532999999936e+01
2.203725572999999827e+01
2.205325733000000099e+01
2.205325733000000099e+01
2.205725772999999990e+01
2.206125812999999880e+01
2.206525853000000126e+01
2.206925893000000016e+01
2.207325932999999907e+01
2.207725973000000153e+01
2.208126013000000043e+01
2.208526052999999933e+01
2.208126013000000043e+01
2.208526052999999933e+01
2.208926092999999824e+01
2.209326133000000070e+01
2.209726172999999960e+01
2.210126212999999851e+01
2.210526253000000096e+01
2.210926292999999987e+01
2.211326332999999877e+01
2.213726572999999931e+01
2.214126613000000177e+01
2.214526653000000067e+01
2.214526653000000067e+01
2.214926692999999958e+01
2.217326933000000011e+01
2.217726972999999902e+01
2.218127013000000147e+01
2.218127013000000147e+01
2.218527053000000038e+01
2.218927092999999928e+01
2.219327133000000174e+01
2.219727173000000064e+01
2.219727173000000064e+01
2.220927293000000091e+01
2.221327332999999982e+01
2.221727372999999872e+01
2.222127413000000118e+01
2.222527453000000008e+01
2.222927492999999899e+01
2.223327533000000145e+01
2.223727573000000035e+01
2.224127612999999926e+01
2.234128613000000030e+01
2.234128613000000030e+01
2.234528652999999920e+01
2.234528652999999920e+01
2.234928693000000166e+01
2.235328733000000057e+01
2.235728772999999947e+01
2.236128812999999838e+01
2.236128812999999838e+01
2.236528853000000083e+01
2.236528853000000083e+01
2.236928892999999974e+01
2.237328932999999864e+01
2.237328932999999864e+01
2.237328932999999864e+01
2.237328932999999864e+01
2.237728973000000110e+01
2.239729172999999918e+01
2.239729172999999918e+01
2.240129213000000163e+01
2.240129213000000163e+01
2.240529253000000054e+01
2.240929292999999944e+01
2.241329332999999835e+01
2.241729373000000081e+01
2.240129213000000163e+01
2.240529253000000054e+01
2.240529253000000054e+01
2.240529253000000054e+01
2.240929292999999944e+01
2.241329332999999835e+01
2.241329332999999835e+01
2.241729373000000081e+01
2.242129412999999971e+01
2.242529452999999862e+01
2.242929493000000107e+01
2.243329532999999998e+01
2.243329532999999998e+01
2.243729572999999888e+01
2.244129613000000134e+01
2.244129613000000134e+01
2.244529653000000025e+01
2.242929493000000107e+01
2.243329532999999998e+01
2.243329532999999998e+01
2.243329532999999998e+01
2.243729572999999888e+01
2.244129613000000134e+01
2.244529653000000025e+01
2.244929692999999915e+01
2.245329733000000161e+01
2.245729773000000051e+01
2.246129812999999942e+01
2.246129812999999942e+01
2.246529852999999832e+01
2.246929893000000078e+01
2.246929893000000078e+01
2.247329932999999969e+01
2.246129812999999942e+01
2.246129812999999942e+01
2.246529852999999832e+01
2.246929893000000078e+01
2.246529852999999832e+01
2.246929893000000078e+01
2.246929893000000078e+01
2.247329932999999969e+01
2.247729972999999859e+01
2.248130013000000105e+01
2.248530052999999995e+01
2.248930092999999886e+01
2.248930092999999886e+01
2.249330133000000131e+01
2.249730173000000022e+01
2.249730173000000022e+01
2.247729972999999859e+01
2.248130013000000105e+01
2.248130013000000105e+01
2.248530052999999995e+01
2.248930092999999886e+01
2.249330133000000131e+01
2.249730173000000022e+01
2.250130212999999912e+01
2.250130212999999912e+01
2.250130212999999912e+01
2.250130212999999912e+01
2.248930092999999886e+01
2.248930092999999886e+01
2.249330133000000131e+01
2.249730173000000022e+01
2.249730173000000022e+01
2.250130212999999912e+01
2.250530253000000158e+01
2.250930293000000049e+01
2.250930293000000049e+01
2.250930293000000049e+01
2.250130212999999912e+01
2.250130212999999912e+01
2.250130212999999912e+01
2.250530253000000158e+01
2.250930293000000049e+01
2.250930293000000049e+01
2.250930293000000049e+01
2.251330332999999939e+01
2.251330332999999939e+01
2.251330332999999939e+01
2.251730372999999830e+01
2.250930293000000049e+01
2.250930293000000049e+01
2.250930293000000049e+01
2.251330332999999939e+01
2.251330332999999939e+01
2.251730372999999830e+01
2.251730372999999830e+01
2.252130413000000075e+01
2.252530452999999966e+01
2.251330332999999939e+01
2.251330332999999939e+01
2.251330332999999939e+01
2.251730372999999830e+01
2.251730372999999830e+01
2.251730372999999830e+01
2.251730372999999830e+01
2.251730372999999830e+01
2.252530452999999966e+01
2.252930492999999856e+01
2.253330533000000102e+01
2.253730572999999993e+01
2.253730572999999993e+01
2.253730572999999993e+01
2.253730572999999993e+01
2.253730572999999993e+01
2.254130612999999883e+01
2.254530653000000129e+01
2.254530653000000129e+01
2.254530653000000129e+01
2.252530452999999966e+01
2.252530452999999966e+01
2.252530452999999966e+01
2.252530452999999966e+01
2.252530452999999966e+01
2.252930492999999856e+01
2.253330533000000102e+01
2.253330533000000102e+01
2.253330533000000102e+01
2.254930693000000019e+01
2.254930693000000019e+01
2.254930693000000019e+01
2.254930693000000019e+01
2.254930693000000019e+01
2.255330732999999910e+01
2.255330732999999910e+01
2.255730773000000156e+01
2.255730773000000156e+01
2.256130813000000046e+01
2.253330533000000102e+01
2.253330533000000102e+01
2.253730572999999993e+01
2.253730572999999993e+01
2.253730572999999993e+01
2.254130612999999883e+01
2.254130612999999883e+01
2.254530653000000129e+01
2.254930693000000019e+01
2.255330732999999910e+01
2.255730773000000156e+01
2.256130813000000046e+01
2.256530852999999937e+01
2.253330533000000102e+01
2.253730572999999993e+01
2.253730572999999993e+01
2.253730572999999993e+01
2.253730572999999993e+01
2.253730572999999993e+01
2.254130612999999883e+01
2.254530653000000129e+01
2.254530653000000129e+01
2.252530452999999966e+01
2.252530452999999966e+01
2.252530452999999966e+01
2.252930492999999856e+01
2.253330533000000102e+01
2.251730372999999830e+01
2.251730372999999830e+01
2.246529852999999832e+01
2.246929893000000078e+01
2.246929893000000078e+01
2.247329932999999969e+01
2.247729972999999859e+01
2.248130013000000105e+01
2.248530052999999995e+01
2.248930092999999886e+01
2.248930092999999886e+01
2.249330133000000131e+01
2.249730173000000022e+01
2.249730173000000022e+01
2.247729972999999859e+01
2.248130013000000105e+01
2.248130013000000105e+01
2.248530052999999995e+01
2.248930092999999886e+01
2.249330133000000131e+01
2.249730173000000022e+01
2.250130212999999912e+01
2.250130212999999912e+01
2.250130212999999912e+01
2.250130212999999912e+01
2.242129412999999971e+01
2.242529452999999862e+01
2.242929493000000107e+01
2.243329532999999998e+01
2.243329532999999998e+01
2.243729572999999888e+01
2.244129613000000134e+01
2.244129613000000134e+01
2.244529653000000025e+01
2.244529653000000025e+01
2.242529452999999862e+01
2.242929493000000107e+01
2.243329532999999998e+01
2.243329532999999998e+01
2.243329532999999998e+01
2.243329532999999998e+01
2.243729572999999888e+01
2.244129613000000134e+01
2.244529653000000025e+01
2.244929692999999915e+01
2.244929692999999915e+01
2.244929692999999915e+01
2.239729172999999918e+01
2.239729172999999918e+01
2.240129213000000163e+01
2.240129213000000163e+01
2.240529253000000054e+01
2.240929292999999944e+01
2.240129213000000163e+01
2.240129213000000163e+01
2.240129213000000163e+01
2.240129213000000163e+01
2.240529253000000054e+01
2.240529253000000054e+01
2.240529253000000054e+01
2.240929292999999944e+01
2.241329332999999835e+01
2.241329332999999835e+01
2.241729373000000081e+01
2.239329133000000027e+01
2.239729172999999918e+01
2.239729172999999918e+01
2.240129213000000163e+01
2.240129213000000163e+01
2.240529253000000054e+01
2.240929292999999944e+01
2.240129213000000163e+01
2.240129213000000163e+01
2.240129213000000163e+01
2.240129213000000163e+01
2.240129213000000163e+01
2.240129213000000163e+01
2.240529253000000054e+01
2.240529253000000054e+01
2.240529253000000054e+01
2.240929292999999944e+01
2.241329332999999835e+01
2.241329332999999835e+01
2.241729373000000081e+01
2.238129013000000000e+01
2.238129013000000000e+01
2.238529052999999891e+01
2.238929093000000137e+01
2.239329133000000027e+01
2.239729172999999918e+01
2.239729172999999918e+01
2.240129213000000163e+01
2.239329133000000027e+01
2.239329133000000027e+01
2.239729172999999918e+01
2.240129213000000163e+01
2.240129213000000163e+01
2.240129213000000163e+01
2.240129213000000163e+01
2.240129213000000163e+01
2.240129213000000163e+01
2.240129213000000163e+01
2.240129213000000163e+01
2.240529253000000054e+01
2.240529253000000054e+01
2.237728973000000110e+01
2.237728973000000110e+01
2.238129013000000000e+01
2.238129013000000000e+01
2.238529052999999891e+01
2.238929093000000137e+01
2.239329133000000027e+01
2.239729172999999918e+01
2.239729172999999918e+01
2.239329133000000027e+01
2.239329133000000027e+01
2.239329133000000027e+01
2.239729172999999918e+01
2.240129213000000163e+01
2.240129213000000163e+01
2.240129213000000163e+01
2.240129213000000163e+01
2.240129213000000163e+01
2.240129213000000163e+01
2.240129213000000163e+01
2.240129213000000163e+01
2.240529253000000054e+01
2.242129412999999971e+01
2.242529452999999862e+01
2.242929493000000107e+01
2.243329532999999998e+01
2.243329532999999998e+01
2.243729572999999888e+01
2.244129613000000134e+01
2.244129613000000134e+01
2.244529653000000025e+01
2.244529653000000025e+01
2.242529452999999862e+01
2.242929493000000107e+01
2.243329532999999998e+01
2.243329532999999998e+01
2.243329532999999998e+01
2.243329532999999998e+01
2.243729572999999888e+01
2.244129613000000134e+01
2.244529653000000025e+01
2.244929692999999915e+01
2.244929692999999915e+01
2.245729773000000051e+01
2.246129812999999942e+01
2.246129812999999942e+01
2.246529852999999832e+01
2.246929893000000078e+01
2.246929893000000078e+01
2.247329932999999969e+01
2.247729972999999859e+01
2.248130013000000105e+01
2.248530052999999995e+01
2.246129812999999942e+01
2.246129812999999942e+01
2.246129812999999942e+01
2.246529852999999832e+01
2.246929893000000078e+01
2.247329932999999969e+01
2.247729972999999859e+01
2.248130013000000105e+01
2.248130013000000105e+01
2.248530052999999995e+01
2.248930092999999886e+01
2.249330133000000131e+01
2.249730173000000022e+01
2.247329932999999969e+01
2.247729972999999859e+01
2.248130013000000105e+01
2.248530052999999995e+01
2.248930092999999886e+01
2.248930092999999886e+01
2.249330133000000131e+01
2.249730173000000022e+01
2.249730173000000022e+01
2.248130013000000105e+01
2.248130013000000105e+01
2.248530052999999995e+01
2.248930092999999886e+01
2.249330133000000131e+01
2.249730173000000022e+01
2.250130212999999912e+01
2.250130212999999912e+01
2.250130212999999912e+01
2.250130212999999912e+01
2.250530253000000158e+01
2.250930293000000049e+01
2.250930293000000049e+01
2.250930293000000049e+01
2.247329932999999969e+01
2.247729972999999859e+01
2.248130013000000105e+01
2.248530052999999995e+01
2.248930092999999886e+01
2.248930092999999886e+01
2.249330133000000131e+01
2.249730173000000022e+01
2.249730173000000022e+01
2.250130212999999912e+01
2.250530253000000158e+01
2.248130013000000105e+01
2.248530052999999995e+01
2.248930092999999886e+01
2.249330133000000131e+01
2.249730173000000022e+01
2.250130212999999912e+01
2.250130212999999912e+01
2.250130212999999912e+01
2.250130212999999912e+01
2.250530253000000158e+01
2.250930293000000049e+01
2.250930293000000049e+01
2.250930293000000049e+01
2.244129613000000134e+01
2.244129613000000134e+01
2.244529653000000025e+01
2.244529653000000025e+01
2.244929692999999915e+01
2.245329733000000161e+01
2.245729773000000051e+01
2.246129812999999942e+01
2.244129613000000134e+01
2.244529653000000025e+01
2.244929692999999915e+01
2.244929692999999915e+01
2.244929692999999915e+01
2.245329733000000161e+01
2.245729773000000051e+01
2.246129812999999942e+01
2.246129812999999942e+01
2.246129812999999942e+01
2.246529852999999832e+01
2.246929893000000078e+01
2.247329932999999969e+01
