  300.8    74.4
  321.2    74.8
  111.5    75.9
   63.8    74.5
  358.4    66.5
   17.6    74.4
   31.6    72.5
  339.6    62.9
  242.3    74.5
  143.1    63.8
   22.1    80.6
  297.4    67.0
  238.1    70.1
  198.4    62.3
  344.5    84.9
  102.5    79.4
   37.1    81.9
  274.1    71.8
   44.8    76.2
  346.0    60.1
  133.6    73.1
  267.5    63.0
    3.6    71.0
  355.6    71.5
  221.3    54.3
  245.5    82.9
   48.6    77.5
   64.3    72.5
   90.2    87.3
  131.5    69.7
   66.7    85.5
  348.0    88.2
   11.6    70.9
   78.2    65.4
  298.7    62.8
  336.4    82.9
    7.6    43.1
  263.4    86.8
  318.1    79.0
   74.0    83.5
   24.6    75.5
   64.3    55.5
  317.9    79.8
  218.2    50.7
  107.8    72.4
  155.1    72.5
  325.4    52.5
   26.3    78.3
  331.5    84.2
  279.3    64.3
   97.9    69.0
  209.7    68.1
   93.6    76.8
  314.7    82.8
  347.2    70.8
   28.5    78.8
  249.9    70.9
  270.5    68.1
   18.0    60.7
    8.0    84.6
  308.9    55.8
    1.4    69.5
  217.5    56.7
  357.1    84.8
   29.9    81.2
  200.0    60.2
  112.7    71.1
  311.6    75.1
  216.8    85.9
  121.2    60.2
  282.9    84.9
  313.3    66.0
  176.9    88.2
  112.6    77.1
  259.0    64.4
  228.5    81.0
  101.4    72.9
  275.9    81.4
   73.6    81.1
  318.6    79.8
  115.3    64.3
   42.9    74.8
   36.3    77.2
  238.4    86.4
   27.4    80.0
    8.0    63.3
   27.3    71.0
  118.0    77.0
   17.1    63.7
  355.2    84.4
   33.8    73.4
  118.2    68.1
   36.8    71.2
   93.8    76.7
  109.6    58.3
  225.5    69.2
  180.7    54.6
   10.6    75.4
  328.6    69.6
  340.3    70.3
