1.533600000000000030e+01
1.533999999999999808e+01
1.534400000000000119e+01
1.534799999999999898e+01
1.535200000000000209e+01
1.535599999999999987e+01
1.535999999999999943e+01
1.536400000000000077e+01
1.536799999999999855e+01
1.537200000000000166e+01
1.537599999999999945e+01
1.537999999999999901e+01
1.538400000000000034e+01
1.538400000000000034e+01
1.538799999999999990e+01
1.539200000000000124e+01
1.539599999999999902e+01
1.540000000000000213e+01
1.540399999999999991e+01
1.537999999999999901e+01
1.538400000000000034e+01
1.538400000000000034e+01
1.538799999999999990e+01
1.539200000000000124e+01
1.539599999999999902e+01
1.540000000000000213e+01
1.540399999999999991e+01
1.540799999999999947e+01
1.541200000000000081e+01
1.541599999999999859e+01
1.542000000000000171e+01
1.542399999999999949e+01
1.542799999999999905e+01
1.543200000000000038e+01
1.543599999999999994e+01
1.544000000000000128e+01
1.544399999999999906e+01
1.544799999999999862e+01
1.538400000000000034e+01
1.538400000000000034e+01
1.538799999999999990e+01
1.539200000000000124e+01
1.539599999999999902e+01
1.540000000000000213e+01
1.540399999999999991e+01
1.540799999999999947e+01
1.541200000000000081e+01
1.541599999999999859e+01
1.542000000000000171e+01
1.542399999999999949e+01
1.542799999999999905e+01
1.543200000000000038e+01
1.543599999999999994e+01
1.544000000000000128e+01
1.544399999999999906e+01
1.544799999999999862e+01
1.539200000000000124e+01
1.539599999999999902e+01
1.540000000000000213e+01
1.540399999999999991e+01
1.540799999999999947e+01
1.541200000000000081e+01
1.541599999999999859e+01
1.542000000000000171e+01
1.542399999999999949e+01
1.542799999999999905e+01
1.543200000000000038e+01
1.543599999999999994e+01
1.544000000000000128e+01
1.544399999999999906e+01
1.544799999999999862e+01
1.544799999999999862e+01
1.545199999999999996e+01
1.545599999999999952e+01
1.543599999999999994e+01
1.544000000000000128e+01
1.544399999999999906e+01
1.544799999999999862e+01
1.544799999999999862e+01
1.545199999999999996e+01
1.545599999999999952e+01
1.546000000000000085e+01
1.546400000000000041e+01
1.546800000000000175e+01
1.547199999999999953e+01
1.547599999999999909e+01
1.548000000000000043e+01
1.548399999999999999e+01
1.548800000000000132e+01
1.549200000000000088e+01
1.549599999999999866e+01
1.550000000000000000e+01
1.550399999999999956e+01
1.550800000000000090e+01
1.551200000000000045e+01
1.551599999999999824e+01
1.547199999999999953e+01
1.547599999999999909e+01
1.548000000000000043e+01
1.548399999999999999e+01
1.548800000000000132e+01
1.549200000000000088e+01
1.549599999999999866e+01
1.550000000000000000e+01
1.550399999999999956e+01
1.550800000000000090e+01
1.551200000000000045e+01
1.551599999999999824e+01
1.552000000000000135e+01
1.552000000000000135e+01
1.552399999999999913e+01
1.552800000000000047e+01
1.553200000000000003e+01
1.553600000000000136e+01
1.554000000000000092e+01
1.554399999999999871e+01
1.554399999999999871e+01
1.549200000000000088e+01
1.549599999999999866e+01
1.550000000000000000e+01
1.550399999999999956e+01
1.550800000000000090e+01
1.551200000000000045e+01
1.551599999999999824e+01
1.552000000000000135e+01
1.552000000000000135e+01
1.552399999999999913e+01
1.552800000000000047e+01
1.553200000000000003e+01
1.553600000000000136e+01
1.554000000000000092e+01
1.554399999999999871e+01
1.554399999999999871e+01
1.554800000000000004e+01
1.555199999999999960e+01
1.555600000000000094e+01
1.556000000000000050e+01
1.556399999999999828e+01
1.556800000000000139e+01
1.557600000000000051e+01
1.558000000000000007e+01
1.558399999999999785e+01
1.558800000000000097e+01
1.559199999999999875e+01
1.559600000000000186e+01
1.559999999999999964e+01
1.560399999999999920e+01
1.560800000000000054e+01
1.561199999999999832e+01
1.561600000000000144e+01
1.561999999999999922e+01
1.562400000000000233e+01
1.562800000000000011e+01
1.563199999999999790e+01
1.563999999999999879e+01
1.564400000000000190e+01
1.564799999999999969e+01
1.565199999999999925e+01
1.565600000000000058e+01
1.565999999999999837e+01
1.566400000000000148e+01
1.566799999999999926e+01
1.567199999999999882e+01
1.567600000000000016e+01
1.567999999999999972e+01
1.568400000000000105e+01
1.559199999999999875e+01
1.559600000000000186e+01
1.559999999999999964e+01
1.560399999999999920e+01
1.560800000000000054e+01
1.561199999999999832e+01
1.561600000000000144e+01
1.561999999999999922e+01
1.562400000000000233e+01
1.562800000000000011e+01
1.563199999999999790e+01
1.563600000000000101e+01
1.563999999999999879e+01
1.564799999999999969e+01
1.566400000000000148e+01
1.566799999999999926e+01
1.567199999999999882e+01
1.567600000000000016e+01
1.567999999999999972e+01
1.568400000000000105e+01
1.568400000000000105e+01
1.568799999999999883e+01
1.569200000000000195e+01
1.569599999999999973e+01
1.565999999999999837e+01
1.566400000000000148e+01
1.566400000000000148e+01
1.566799999999999926e+01
1.567199999999999882e+01
1.567600000000000016e+01
1.567999999999999972e+01
1.568400000000000105e+01
1.568799999999999883e+01
1.569200000000000195e+01
1.569599999999999973e+01
1.569999999999999929e+01
1.570400000000000063e+01
1.570800000000000018e+01
1.571200000000000152e+01
1.571599999999999930e+01
1.571999999999999886e+01
1.572400000000000020e+01
1.572799999999999976e+01
1.573200000000000109e+01
1.573600000000000065e+01
1.573999999999999844e+01
1.574399999999999977e+01
1.574799999999999933e+01
1.575200000000000067e+01
1.575600000000000023e+01
1.576000000000000156e+01
1.576399999999999935e+01
1.576799999999999891e+01
1.568400000000000105e+01
1.568799999999999883e+01
1.569200000000000195e+01
1.569599999999999973e+01
1.569999999999999929e+01
1.570400000000000063e+01
1.570800000000000018e+01
1.571200000000000152e+01
1.571599999999999930e+01
1.572400000000000020e+01
1.573999999999999844e+01
1.574399999999999977e+01
1.574799999999999933e+01
1.575200000000000067e+01
1.575600000000000023e+01
1.576000000000000156e+01
1.576399999999999935e+01
1.576799999999999891e+01
1.577200000000000024e+01
1.577599999999999980e+01
1.578000000000000114e+01
1.578000000000000114e+01
1.578400000000000070e+01
1.578799999999999848e+01
1.579199999999999982e+01
1.569599999999999973e+01
1.569999999999999929e+01
1.570400000000000063e+01
1.570800000000000018e+01
1.571200000000000152e+01
1.571599999999999930e+01
1.573999999999999844e+01
1.574399999999999977e+01
1.574799999999999933e+01
1.575200000000000067e+01
1.575600000000000023e+01
1.576000000000000156e+01
1.576399999999999935e+01
1.576799999999999891e+01
1.577200000000000024e+01
1.577599999999999980e+01
1.578000000000000114e+01
1.578000000000000114e+01
1.578400000000000070e+01
1.578799999999999848e+01
1.579199999999999982e+01
1.579599999999999937e+01
1.580000000000000071e+01
1.532400000000000162e+01
1.532799999999999940e+01
1.533200000000000074e+01
1.533600000000000030e+01
1.533999999999999808e+01
1.534400000000000119e+01
1.534799999999999898e+01
1.535200000000000209e+01
1.535599999999999987e+01
1.535999999999999943e+01
1.536400000000000077e+01
1.536799999999999855e+01
1.537200000000000166e+01
1.537599999999999945e+01
1.537999999999999901e+01
1.538400000000000034e+01
1.538400000000000034e+01
1.538799999999999990e+01
1.539200000000000124e+01
1.537999999999999901e+01
1.538400000000000034e+01
1.538400000000000034e+01
1.538799999999999990e+01
1.539200000000000124e+01
1.539599999999999902e+01
1.540000000000000213e+01
1.540399999999999991e+01
1.540799999999999947e+01
1.544799999999999862e+01
1.545199999999999996e+01
1.545599999999999952e+01
1.546000000000000085e+01
1.546400000000000041e+01
1.546400000000000041e+01
1.546800000000000175e+01
1.547199999999999953e+01
1.547599999999999909e+01
1.548000000000000043e+01
1.548399999999999999e+01
1.548800000000000132e+01
1.539200000000000124e+01
1.539599999999999902e+01
1.540000000000000213e+01
1.540399999999999991e+01
1.540799999999999947e+01
1.541599999999999859e+01
1.542000000000000171e+01
1.542399999999999949e+01
1.546000000000000085e+01
1.546400000000000041e+01
1.546400000000000041e+01
1.546800000000000175e+01
1.547199999999999953e+01
1.547599999999999909e+01
1.548000000000000043e+01
1.548399999999999999e+01
1.548800000000000132e+01
1.549200000000000088e+01
1.549200000000000088e+01
1.549599999999999866e+01
1.549599999999999866e+01
1.550000000000000000e+01
1.547599999999999909e+01
1.548000000000000043e+01
1.548399999999999999e+01
1.548800000000000132e+01
1.549200000000000088e+01
1.549200000000000088e+01
1.549599999999999866e+01
1.549599999999999866e+01
1.550000000000000000e+01
1.550399999999999956e+01
1.550800000000000090e+01
1.551200000000000045e+01
1.551599999999999824e+01
1.552000000000000135e+01
1.552399999999999913e+01
1.552800000000000047e+01
1.553200000000000003e+01
1.553600000000000136e+01
1.551200000000000045e+01
1.551599999999999824e+01
1.552000000000000135e+01
1.552000000000000135e+01
1.552399999999999913e+01
1.552800000000000047e+01
1.553200000000000003e+01
1.553600000000000136e+01
1.554000000000000092e+01
1.554399999999999871e+01
1.556000000000000050e+01
1.556399999999999828e+01
1.556800000000000139e+01
1.557199999999999918e+01
1.557600000000000051e+01
1.558000000000000007e+01
1.558399999999999785e+01
1.558800000000000097e+01
1.559199999999999875e+01
1.559600000000000186e+01
1.559999999999999964e+01
1.560399999999999920e+01
1.560800000000000054e+01
1.561199999999999832e+01
1.561600000000000144e+01
1.561999999999999922e+01
1.553200000000000003e+01
1.553600000000000136e+01
1.554000000000000092e+01
1.554399999999999871e+01
1.554399999999999871e+01
1.554800000000000004e+01
1.555199999999999960e+01
1.555600000000000094e+01
1.556000000000000050e+01
1.556399999999999828e+01
1.556800000000000139e+01
1.557199999999999918e+01
1.557600000000000051e+01
1.558000000000000007e+01
1.558399999999999785e+01
1.558800000000000097e+01
1.559199999999999875e+01
1.559600000000000186e+01
1.554000000000000092e+01
1.554399999999999871e+01
1.554399999999999871e+01
1.554800000000000004e+01
1.555199999999999960e+01
1.555600000000000094e+01
1.556000000000000050e+01
1.556399999999999828e+01
1.556800000000000139e+01
1.557199999999999918e+01
1.557600000000000051e+01
1.558000000000000007e+01
1.558399999999999785e+01
1.558800000000000097e+01
1.559199999999999875e+01
1.559600000000000186e+01
1.559999999999999964e+01
1.560399999999999920e+01
1.560800000000000054e+01
1.561199999999999832e+01
1.558399999999999785e+01
1.558800000000000097e+01
1.559199999999999875e+01
1.559600000000000186e+01
1.559999999999999964e+01
1.560399999999999920e+01
1.560800000000000054e+01
1.561199999999999832e+01
1.561600000000000144e+01
1.561999999999999922e+01
1.562400000000000233e+01
1.562800000000000011e+01
1.563199999999999790e+01
1.563600000000000101e+01
1.563999999999999879e+01
1.564400000000000190e+01
1.564799999999999969e+01
1.565199999999999925e+01
1.565600000000000058e+01
1.561999999999999922e+01
1.562400000000000233e+01
1.562800000000000011e+01
1.563199999999999790e+01
1.563600000000000101e+01
1.563999999999999879e+01
1.564400000000000190e+01
1.564799999999999969e+01
1.565199999999999925e+01
1.565600000000000058e+01
1.565999999999999837e+01
1.566400000000000148e+01
1.566400000000000148e+01
1.566799999999999926e+01
1.567199999999999882e+01
1.567600000000000016e+01
1.567999999999999972e+01
1.568400000000000105e+01
1.568799999999999883e+01
1.569200000000000195e+01
1.569599999999999973e+01
1.569999999999999929e+01
1.565199999999999925e+01
1.565600000000000058e+01
1.565999999999999837e+01
1.566400000000000148e+01
1.566400000000000148e+01
1.566799999999999926e+01
1.567199999999999882e+01
1.567600000000000016e+01
1.567999999999999972e+01
1.568400000000000105e+01
1.568799999999999883e+01
1.569200000000000195e+01
1.569599999999999973e+01
1.569999999999999929e+01
1.570400000000000063e+01
1.570800000000000018e+01
1.571200000000000152e+01
1.571599999999999930e+01
1.571999999999999886e+01
1.572400000000000020e+01
1.572799999999999976e+01
1.566400000000000148e+01
1.566799999999999926e+01
1.567199999999999882e+01
1.567600000000000016e+01
1.567999999999999972e+01
1.568400000000000105e+01
1.568799999999999883e+01
1.569200000000000195e+01
1.569599999999999973e+01
1.569999999999999929e+01
1.570400000000000063e+01
1.570800000000000018e+01
1.571200000000000152e+01
1.571599999999999930e+01
1.571999999999999886e+01
1.572400000000000020e+01
1.572799999999999976e+01
1.573200000000000109e+01
1.573600000000000065e+01
1.573999999999999844e+01
1.574399999999999977e+01
1.556399999999999828e+01
1.556800000000000139e+01
1.557199999999999918e+01
1.557600000000000051e+01
1.558000000000000007e+01
1.558399999999999785e+01
1.558800000000000097e+01
1.559199999999999875e+01
1.559600000000000186e+01
1.559999999999999964e+01
1.560399999999999920e+01
1.560800000000000054e+01
1.561199999999999832e+01
1.561600000000000144e+01
1.561999999999999922e+01
1.562400000000000233e+01
1.562800000000000011e+01
1.563199999999999790e+01
1.563600000000000101e+01
1.535200000000000209e+01
1.535599999999999987e+01
1.535999999999999943e+01
1.536400000000000077e+01
1.536799999999999855e+01
1.537200000000000166e+01
1.537599999999999945e+01
1.537999999999999901e+01
1.538400000000000034e+01
1.538400000000000034e+01
1.538799999999999990e+01
1.539200000000000124e+01
1.539599999999999902e+01
1.540000000000000213e+01
1.540399999999999991e+01
1.540799999999999947e+01
1.519599999999999973e+01
1.519999999999999929e+01
1.520400000000000063e+01
1.520800000000000018e+01
1.521199999999999974e+01
1.521599999999999930e+01
1.522000000000000064e+01
1.522400000000000020e+01
1.522799999999999976e+01
1.523199999999999932e+01
1.523599999999999888e+01
1.524000000000000021e+01
1.524399999999999977e+01
1.524399999999999977e+01
1.514400000000000013e+01
1.514799999999999969e+01
1.515199999999999925e+01
1.515600000000000058e+01
1.516000000000000014e+01
1.516400000000000148e+01
1.516799999999999926e+01
1.517200000000000060e+01
1.517600000000000016e+01
1.517999999999999972e+01
1.518400000000000105e+01
1.518799999999999883e+01
1.519200000000000017e+01
1.519599999999999973e+01
1.519999999999999929e+01
1.520400000000000063e+01
1.520800000000000018e+01
1.521199999999999974e+01
1.521599999999999930e+01
1.522000000000000064e+01
1.522400000000000020e+01
1.522799999999999976e+01
1.523199999999999932e+01
1.504400000000000048e+01
1.504800000000000004e+01
1.505199999999999960e+01
1.505599999999999916e+01
1.506000000000000050e+01
1.506400000000000006e+01
1.506400000000000006e+01
1.506799999999999962e+01
1.507200000000000095e+01
1.507599999999999874e+01
1.508000000000000007e+01
1.508399999999999963e+01
1.508399999999999963e+01
1.508800000000000097e+01
1.509200000000000053e+01
1.509600000000000009e+01
1.509999999999999964e+01
1.510399999999999920e+01
1.510800000000000054e+01
1.511200000000000010e+01
1.511600000000000144e+01
1.511999999999999922e+01
1.511999999999999922e+01
1.512399999999999878e+01
1.512800000000000011e+01
1.513199999999999967e+01
1.513600000000000101e+01
1.504400000000000048e+01
1.504800000000000004e+01
1.505199999999999960e+01
1.505599999999999916e+01
1.506000000000000050e+01
1.506400000000000006e+01
1.506400000000000006e+01
1.506799999999999962e+01
1.507200000000000095e+01
1.507599999999999874e+01
1.508000000000000007e+01
1.508399999999999963e+01
1.508399999999999963e+01
1.508800000000000097e+01
1.509200000000000053e+01
1.509600000000000009e+01
1.509999999999999964e+01
1.510399999999999920e+01
1.510800000000000054e+01
1.511200000000000010e+01
1.511600000000000144e+01
1.511999999999999922e+01
1.511999999999999922e+01
1.512399999999999878e+01
1.512800000000000011e+01
1.513199999999999967e+01
1.513600000000000101e+01
1.511999999999999922e+01
1.511999999999999922e+01
1.512399999999999878e+01
1.512800000000000011e+01
1.513199999999999967e+01
1.513600000000000101e+01
1.514000000000000057e+01
1.514000000000000057e+01
1.514400000000000013e+01
1.514799999999999969e+01
1.515199999999999925e+01
1.515600000000000058e+01
1.516000000000000014e+01
1.516400000000000148e+01
1.516799999999999926e+01
1.517200000000000060e+01
1.517600000000000016e+01
1.517999999999999972e+01
1.518400000000000105e+01
1.518799999999999883e+01
1.519200000000000017e+01
1.523599999999999888e+01
1.524000000000000021e+01
1.524399999999999977e+01
1.524399999999999977e+01
1.524800000000000111e+01
1.525200000000000067e+01
1.525599999999999845e+01
1.525999999999999979e+01
1.526400000000000112e+01
1.526800000000000068e+01
1.527199999999999847e+01
1.527600000000000158e+01
1.527999999999999936e+01
1.528400000000000070e+01
1.528800000000000026e+01
1.529199999999999804e+01
1.529600000000000115e+01
1.529999999999999893e+01
1.530400000000000205e+01
1.530799999999999983e+01
1.531199999999999761e+01
1.531600000000000072e+01
1.531999999999999851e+01
1.531999999999999851e+01
1.527199999999999847e+01
1.527600000000000158e+01
1.527999999999999936e+01
1.528400000000000070e+01
1.528800000000000026e+01
1.529199999999999804e+01
1.529600000000000115e+01
1.529999999999999893e+01
1.530400000000000205e+01
1.530799999999999983e+01
1.531199999999999761e+01
1.531600000000000072e+01
1.531999999999999851e+01
1.531999999999999851e+01
1.532400000000000162e+01
1.532799999999999940e+01
1.533200000000000074e+01
1.533600000000000030e+01
1.533999999999999808e+01
1.534400000000000119e+01
1.534799999999999898e+01
1.535200000000000209e+01
1.535599999999999987e+01
1.531999999999999851e+01
1.532400000000000162e+01
1.532799999999999940e+01
1.533200000000000074e+01
1.533600000000000030e+01
1.533999999999999808e+01
1.534400000000000119e+01
1.534799999999999898e+01
1.535200000000000209e+01
1.535599999999999987e+01
1.535999999999999943e+01
1.536400000000000077e+01
1.536799999999999855e+01
1.537200000000000166e+01
1.537599999999999945e+01
1.537999999999999901e+01
1.538400000000000034e+01
1.538400000000000034e+01
1.538799999999999990e+01
1.539200000000000124e+01
1.532400000000000162e+01
1.532799999999999940e+01
1.533200000000000074e+01
1.533600000000000030e+01
1.533999999999999808e+01
1.534400000000000119e+01
1.534799999999999898e+01
1.535200000000000209e+01
1.535599999999999987e+01
1.535999999999999943e+01
1.536400000000000077e+01
1.536799999999999855e+01
1.537200000000000166e+01
1.537599999999999945e+01
1.537999999999999901e+01
1.538400000000000034e+01
1.538400000000000034e+01
1.538799999999999990e+01
1.539200000000000124e+01
1.539599999999999902e+01
1.540000000000000213e+01
1.533999999999999808e+01
1.534400000000000119e+01
1.534799999999999898e+01
1.535200000000000209e+01
1.535599999999999987e+01
1.535999999999999943e+01
1.536400000000000077e+01
1.536799999999999855e+01
1.537200000000000166e+01
1.537599999999999945e+01
1.537999999999999901e+01
1.538400000000000034e+01
1.538400000000000034e+01
1.538799999999999990e+01
1.539200000000000124e+01
1.539599999999999902e+01
1.540000000000000213e+01
1.540399999999999991e+01
1.540799999999999947e+01
1.541200000000000081e+01
1.541599999999999859e+01
1.536400000000000077e+01
1.536799999999999855e+01
1.537200000000000166e+01
1.537599999999999945e+01
1.537999999999999901e+01
1.538400000000000034e+01
1.538400000000000034e+01
1.538799999999999990e+01
1.539200000000000124e+01
1.539599999999999902e+01
1.540000000000000213e+01
1.540399999999999991e+01
1.540799999999999947e+01
1.541200000000000081e+01
1.541599999999999859e+01
1.542000000000000171e+01
1.542399999999999949e+01
1.542799999999999905e+01
1.543200000000000038e+01
1.541599999999999859e+01
1.542000000000000171e+01
1.542399999999999949e+01
1.542799999999999905e+01
1.543200000000000038e+01
1.543599999999999994e+01
1.544000000000000128e+01
1.544399999999999906e+01
1.544799999999999862e+01
1.544799999999999862e+01
1.545199999999999996e+01
1.545599999999999952e+01
1.546000000000000085e+01
1.546400000000000041e+01
1.546800000000000175e+01
1.547199999999999953e+01
1.547599999999999909e+01
1.548000000000000043e+01
1.548399999999999999e+01
1.543200000000000038e+01
1.543599999999999994e+01
1.544000000000000128e+01
1.544399999999999906e+01
1.544799999999999862e+01
1.544799999999999862e+01
1.545199999999999996e+01
1.545599999999999952e+01
1.546000000000000085e+01
1.546400000000000041e+01
1.546800000000000175e+01
1.547199999999999953e+01
1.547599999999999909e+01
1.548000000000000043e+01
1.548399999999999999e+01
1.548800000000000132e+01
1.549200000000000088e+01
1.549599999999999866e+01
1.550000000000000000e+01
1.550399999999999956e+01
1.550800000000000090e+01
1.550000000000000000e+01
1.550399999999999956e+01
1.550800000000000090e+01
1.551200000000000045e+01
1.551599999999999824e+01
1.552000000000000135e+01
1.552000000000000135e+01
1.552399999999999913e+01
1.552800000000000047e+01
1.553200000000000003e+01
1.553600000000000136e+01
1.554000000000000092e+01
1.554399999999999871e+01
1.554399999999999871e+01
1.554800000000000004e+01
1.555199999999999960e+01
1.555600000000000094e+01
1.556000000000000050e+01
1.556399999999999828e+01
1.556800000000000139e+01
1.557199999999999918e+01
1.557600000000000051e+01
1.552399999999999913e+01
1.552800000000000047e+01
1.553200000000000003e+01
1.553600000000000136e+01
1.554000000000000092e+01
1.554399999999999871e+01
1.554399999999999871e+01
1.554800000000000004e+01
1.555199999999999960e+01
1.555600000000000094e+01
1.556000000000000050e+01
1.556399999999999828e+01
1.556800000000000139e+01
1.557199999999999918e+01
1.557600000000000051e+01
1.558000000000000007e+01
1.558399999999999785e+01
1.558800000000000097e+01
1.557199999999999918e+01
1.557600000000000051e+01
1.558000000000000007e+01
1.558399999999999785e+01
1.558800000000000097e+01
1.559199999999999875e+01
1.559600000000000186e+01
1.559999999999999964e+01
1.560399999999999920e+01
1.560800000000000054e+01
1.561199999999999832e+01
1.561600000000000144e+01
1.561999999999999922e+01
1.562400000000000233e+01
1.562800000000000011e+01
1.563199999999999790e+01
1.559999999999999964e+01
1.560399999999999920e+01
1.560800000000000054e+01
1.561199999999999832e+01
1.561600000000000144e+01
1.561999999999999922e+01
1.562400000000000233e+01
1.562800000000000011e+01
1.563199999999999790e+01
1.563600000000000101e+01
1.563999999999999879e+01
1.564400000000000190e+01
1.564799999999999969e+01
1.565199999999999925e+01
1.565600000000000058e+01
1.565999999999999837e+01
1.566400000000000148e+01
1.566400000000000148e+01
1.566799999999999926e+01
1.567199999999999882e+01
1.578000000000000114e+01
1.578400000000000070e+01
1.578799999999999848e+01
1.579199999999999982e+01
1.579599999999999937e+01
1.580000000000000071e+01
1.580400000000000027e+01
1.580799999999999805e+01
1.581200000000000117e+01
1.581599999999999895e+01
1.582000000000000028e+01
1.582399999999999984e+01
1.582800000000000118e+01
1.583200000000000074e+01
1.583599999999999852e+01
1.584000000000000163e+01
1.584399999999999942e+01
1.584800000000000075e+01
1.585200000000000031e+01
1.586399999999999899e+01
1.588399999999999856e+01
1.588800000000000168e+01
1.589199999999999946e+01
1.589600000000000080e+01
1.590000000000000036e+01
1.590399999999999814e+01
1.590800000000000125e+01
1.591199999999999903e+01
1.591600000000000215e+01
1.591999999999999993e+01
1.592399999999999949e+01
1.592800000000000082e+01
1.593199999999999861e+01
1.593600000000000172e+01
1.593999999999999950e+01
1.593999999999999950e+01
1.594399999999999906e+01
1.594800000000000040e+01
1.595199999999999818e+01
1.595600000000000129e+01
1.595999999999999908e+01
1.606799999999999784e+01
1.607200000000000273e+01
1.607600000000000051e+01
1.607999999999999829e+01
1.608399999999999963e+01
1.608799999999999741e+01
1.609200000000000230e+01
1.609600000000000009e+01
1.609999999999999787e+01
1.610399999999999920e+01
1.610800000000000054e+01
1.611200000000000188e+01
1.611599999999999966e+01
1.612000000000000099e+01
1.612399999999999878e+01
1.612800000000000011e+01
1.613200000000000145e+01
1.613599999999999923e+01
1.614000000000000057e+01
1.614399999999999835e+01
1.614799999999999969e+01
1.615200000000000102e+01
1.615599999999999881e+01
1.616000000000000014e+01
1.616400000000000148e+01
1.616799999999999926e+01
1.617200000000000060e+01
1.614000000000000057e+01
1.614399999999999835e+01
1.614799999999999969e+01
1.615200000000000102e+01
1.615599999999999881e+01
1.616000000000000014e+01
1.616400000000000148e+01
1.616799999999999926e+01
1.617200000000000060e+01
1.617599999999999838e+01
1.617999999999999972e+01
1.618400000000000105e+01
1.618800000000000239e+01
1.619200000000000017e+01
1.619599999999999795e+01
1.619999999999999929e+01
1.618800000000000239e+01
1.619200000000000017e+01
1.619599999999999795e+01
1.619999999999999929e+01
1.620400000000000063e+01
1.620800000000000196e+01
1.621199999999999974e+01
1.621599999999999753e+01
1.621999999999999886e+01
1.622400000000000020e+01
1.622800000000000153e+01
1.623199999999999932e+01
1.623599999999999710e+01
1.624000000000000199e+01
1.624399999999999977e+01
1.624800000000000111e+01
1.629600000000000293e+01
1.630000000000000071e+01
1.630399999999999849e+01
1.630799999999999983e+01
1.631199999999999761e+01
1.631600000000000250e+01
1.632000000000000028e+01
1.632400000000000162e+01
1.632799999999999940e+01
1.633199999999999719e+01
1.633600000000000207e+01
1.633999999999999986e+01
1.634400000000000119e+01
1.632400000000000162e+01
1.632799999999999940e+01
1.633199999999999719e+01
1.633600000000000207e+01
1.633999999999999986e+01
1.634400000000000119e+01
1.634799999999999898e+01
1.635200000000000031e+01
1.635600000000000165e+01
1.635999999999999943e+01
1.636400000000000077e+01
1.636799999999999855e+01
1.637199999999999989e+01
1.637600000000000122e+01
1.637999999999999901e+01
1.638400000000000034e+01
1.638799999999999812e+01
1.639200000000000301e+01
1.639600000000000080e+01
1.639999999999999858e+01
