2.099599999999999866e+01
2.099599999999999866e+01
2.100000000000000000e+01
2.100400000000000134e+01
2.100799999999999912e+01
2.101200000000000045e+01
2.101600000000000179e+01
2.101999999999999957e+01
2.101999999999999957e+01
2.102400000000000091e+01
2.102799999999999869e+01
2.103200000000000003e+01
2.103200000000000003e+01
2.103200000000000003e+01
2.103600000000000136e+01
2.103999999999999915e+01
2.104400000000000048e+01
2.104799999999999827e+01
2.105199999999999960e+01
2.139999999999999858e+01
2.140399999999999991e+01
2.140799999999999770e+01
2.141200000000000259e+01
2.141600000000000037e+01
2.142000000000000171e+01
2.142399999999999949e+01
2.142399999999999949e+01
2.142799999999999727e+01
2.143200000000000216e+01
2.143599999999999994e+01
2.144000000000000128e+01
2.144399999999999906e+01
2.144799999999999685e+01
2.145200000000000173e+01
2.145599999999999952e+01
2.146000000000000085e+01
2.146399999999999864e+01
2.146799999999999997e+01
2.147200000000000131e+01
2.147599999999999909e+01
2.148000000000000043e+01
2.103600000000000136e+01
2.103999999999999915e+01
2.104400000000000048e+01
2.104799999999999827e+01
2.105199999999999960e+01
2.105600000000000094e+01
2.106000000000000227e+01
2.106400000000000006e+01
2.106799999999999784e+01
2.107199999999999918e+01
2.107199999999999918e+01
2.107600000000000051e+01
2.107600000000000051e+01
2.108000000000000185e+01
2.108399999999999963e+01
2.108799999999999741e+01
2.109200000000000230e+01
2.109600000000000009e+01
2.110000000000000142e+01
2.111200000000000188e+01
2.111599999999999966e+01
2.112000000000000099e+01
2.112399999999999878e+01
2.112800000000000011e+01
2.113200000000000145e+01
2.113599999999999923e+01
2.114000000000000057e+01
2.114399999999999835e+01
2.114800000000000324e+01
2.115200000000000102e+01
2.115599999999999881e+01
2.116000000000000014e+01
2.116399999999999793e+01
2.116800000000000281e+01
2.117200000000000060e+01
2.117599999999999838e+01
2.111599999999999966e+01
2.112000000000000099e+01
2.112399999999999878e+01
2.112800000000000011e+01
2.113200000000000145e+01
2.113599999999999923e+01
2.114000000000000057e+01
2.114399999999999835e+01
2.114800000000000324e+01
2.115200000000000102e+01
2.115599999999999881e+01
2.116000000000000014e+01
2.116399999999999793e+01
2.116800000000000281e+01
2.117200000000000060e+01
2.117599999999999838e+01
2.117999999999999972e+01
2.118399999999999750e+01
2.118800000000000239e+01
2.119200000000000017e+01
2.119599999999999795e+01
2.116399999999999793e+01
2.116800000000000281e+01
2.117200000000000060e+01
2.117599999999999838e+01
2.117999999999999972e+01
2.118399999999999750e+01
2.118800000000000239e+01
2.119200000000000017e+01
2.119599999999999795e+01
2.119999999999999929e+01
2.120400000000000063e+01
2.120800000000000196e+01
2.120800000000000196e+01
2.121199999999999974e+01
2.121600000000000108e+01
2.121999999999999886e+01
2.122400000000000020e+01
2.122800000000000153e+01
2.123199999999999932e+01
2.124800000000000111e+01
2.125199999999999889e+01
2.125600000000000023e+01
2.125999999999999801e+01
2.126399999999999935e+01
2.126800000000000068e+01
2.127199999999999847e+01
2.127599999999999980e+01
2.128000000000000114e+01
2.128400000000000247e+01
2.128800000000000026e+01
2.129199999999999804e+01
2.129599999999999937e+01
2.130000000000000071e+01
2.130000000000000071e+01
2.130400000000000205e+01
2.130799999999999983e+01
2.131199999999999761e+01
2.131599999999999895e+01
2.132000000000000028e+01
2.130000000000000071e+01
2.130400000000000205e+01
2.130799999999999983e+01
2.131199999999999761e+01
2.131599999999999895e+01
2.132000000000000028e+01
2.132400000000000162e+01
2.132799999999999940e+01
2.133199999999999719e+01
2.133600000000000207e+01
2.133999999999999986e+01
2.134400000000000119e+01
2.134799999999999898e+01
2.135200000000000031e+01
2.135600000000000165e+01
2.135999999999999943e+01
2.136400000000000077e+01
2.136799999999999855e+01
2.137199999999999989e+01
2.137600000000000122e+01
2.137999999999999901e+01
2.138400000000000034e+01
2.139199999999999946e+01
2.139600000000000080e+01
2.139999999999999858e+01
2.140399999999999991e+01
2.140799999999999770e+01
2.141200000000000259e+01
2.141600000000000037e+01
2.142000000000000171e+01
2.142399999999999949e+01
2.142399999999999949e+01
2.142799999999999727e+01
2.143200000000000216e+01
2.143599999999999994e+01
2.144000000000000128e+01
2.144399999999999906e+01
2.144799999999999685e+01
2.145200000000000173e+01
2.145599999999999952e+01
2.146000000000000085e+01
2.146399999999999864e+01
2.146799999999999997e+01
2.126800000000000068e+01
2.127199999999999847e+01
2.127599999999999980e+01
2.128000000000000114e+01
2.128400000000000247e+01
2.128800000000000026e+01
2.129199999999999804e+01
2.129599999999999937e+01
2.130000000000000071e+01
2.130000000000000071e+01
2.130400000000000205e+01
2.130799999999999983e+01
2.131199999999999761e+01
2.131599999999999895e+01
2.132000000000000028e+01
2.132400000000000162e+01
2.132799999999999940e+01
2.133199999999999719e+01
2.133600000000000207e+01
2.133999999999999986e+01
2.134400000000000119e+01
2.125999999999999801e+01
2.126399999999999935e+01
2.126800000000000068e+01
2.127199999999999847e+01
2.127599999999999980e+01
2.128000000000000114e+01
2.128400000000000247e+01
2.128800000000000026e+01
2.129199999999999804e+01
2.129599999999999937e+01
2.130000000000000071e+01
2.130000000000000071e+01
2.130400000000000205e+01
2.130799999999999983e+01
2.131199999999999761e+01
2.131599999999999895e+01
2.132000000000000028e+01
2.132400000000000162e+01
2.132799999999999940e+01
2.133199999999999719e+01
2.133600000000000207e+01
2.122400000000000020e+01
2.122800000000000153e+01
2.123199999999999932e+01
2.123600000000000065e+01
2.123999999999999844e+01
2.124399999999999977e+01
2.124800000000000111e+01
2.125199999999999889e+01
2.125600000000000023e+01
2.125999999999999801e+01
2.126399999999999935e+01
2.126800000000000068e+01
2.127199999999999847e+01
2.127599999999999980e+01
2.128000000000000114e+01
2.128400000000000247e+01
2.128800000000000026e+01
2.129199999999999804e+01
2.129599999999999937e+01
2.130000000000000071e+01
2.118399999999999750e+01
2.118800000000000239e+01
2.119200000000000017e+01
2.119599999999999795e+01
2.119999999999999929e+01
2.120400000000000063e+01
2.120800000000000196e+01
2.120800000000000196e+01
2.121199999999999974e+01
2.121600000000000108e+01
2.121999999999999886e+01
2.122400000000000020e+01
2.122800000000000153e+01
2.123199999999999932e+01
2.123600000000000065e+01
2.123999999999999844e+01
2.124399999999999977e+01
2.124800000000000111e+01
2.125199999999999889e+01
2.125600000000000023e+01
2.125999999999999801e+01
2.117599999999999838e+01
2.117999999999999972e+01
2.118399999999999750e+01
2.118800000000000239e+01
2.119200000000000017e+01
2.119599999999999795e+01
2.119999999999999929e+01
2.120400000000000063e+01
2.120800000000000196e+01
2.120800000000000196e+01
2.121199999999999974e+01
2.121600000000000108e+01
2.121999999999999886e+01
2.122400000000000020e+01
2.122800000000000153e+01
2.123199999999999932e+01
2.123600000000000065e+01
2.123999999999999844e+01
2.124399999999999977e+01
2.124800000000000111e+01
2.125199999999999889e+01
2.112399999999999878e+01
2.112800000000000011e+01
2.113200000000000145e+01
2.113599999999999923e+01
2.114000000000000057e+01
2.114399999999999835e+01
2.114800000000000324e+01
2.115200000000000102e+01
2.115599999999999881e+01
2.116000000000000014e+01
2.116399999999999793e+01
2.116800000000000281e+01
2.117200000000000060e+01
2.117599999999999838e+01
2.117999999999999972e+01
2.118399999999999750e+01
2.118800000000000239e+01
2.119200000000000017e+01
2.119599999999999795e+01
2.119999999999999929e+01
2.120400000000000063e+01
2.111599999999999966e+01
2.112000000000000099e+01
2.112399999999999878e+01
2.112800000000000011e+01
2.113200000000000145e+01
2.113599999999999923e+01
2.114000000000000057e+01
2.114399999999999835e+01
2.114800000000000324e+01
2.115200000000000102e+01
2.115599999999999881e+01
2.116000000000000014e+01
2.116399999999999793e+01
2.116800000000000281e+01
2.117200000000000060e+01
2.117599999999999838e+01
2.117999999999999972e+01
2.118399999999999750e+01
2.118800000000000239e+01
2.119200000000000017e+01
2.119599999999999795e+01
2.111599999999999966e+01
2.112000000000000099e+01
2.112399999999999878e+01
2.112800000000000011e+01
2.113200000000000145e+01
2.113599999999999923e+01
2.114000000000000057e+01
2.114399999999999835e+01
2.114800000000000324e+01
2.115200000000000102e+01
2.115599999999999881e+01
2.116000000000000014e+01
2.116399999999999793e+01
2.116800000000000281e+01
2.117200000000000060e+01
2.117599999999999838e+01
2.117999999999999972e+01
2.118399999999999750e+01
2.118800000000000239e+01
2.119200000000000017e+01
2.119599999999999795e+01
2.107600000000000051e+01
2.108000000000000185e+01
2.108399999999999963e+01
2.108799999999999741e+01
2.109200000000000230e+01
2.109600000000000009e+01
2.110000000000000142e+01
2.110000000000000142e+01
2.110399999999999920e+01
2.110799999999999699e+01
2.111200000000000188e+01
2.111599999999999966e+01
2.112000000000000099e+01
2.112399999999999878e+01
2.112800000000000011e+01
2.113200000000000145e+01
2.113599999999999923e+01
2.114000000000000057e+01
2.114399999999999835e+01
2.114800000000000324e+01
2.107600000000000051e+01
2.108000000000000185e+01
2.108399999999999963e+01
2.108799999999999741e+01
2.109200000000000230e+01
2.109600000000000009e+01
2.110000000000000142e+01
2.110000000000000142e+01
2.110399999999999920e+01
2.110799999999999699e+01
2.111200000000000188e+01
2.111599999999999966e+01
2.112000000000000099e+01
2.112399999999999878e+01
2.112800000000000011e+01
2.113200000000000145e+01
2.113599999999999923e+01
2.114000000000000057e+01
2.114399999999999835e+01
2.114800000000000324e+01
2.112399999999999878e+01
2.112800000000000011e+01
2.113200000000000145e+01
2.113599999999999923e+01
2.114000000000000057e+01
2.114399999999999835e+01
2.114800000000000324e+01
2.115200000000000102e+01
2.115599999999999881e+01
2.116000000000000014e+01
2.116399999999999793e+01
2.116800000000000281e+01
2.117200000000000060e+01
2.117599999999999838e+01
2.117999999999999972e+01
2.118399999999999750e+01
2.118800000000000239e+01
2.119200000000000017e+01
2.119599999999999795e+01
2.119999999999999929e+01
2.120400000000000063e+01
2.115599999999999881e+01
2.116000000000000014e+01
2.116399999999999793e+01
2.116800000000000281e+01
2.117200000000000060e+01
2.117599999999999838e+01
2.117999999999999972e+01
2.118399999999999750e+01
2.118800000000000239e+01
2.119200000000000017e+01
2.119599999999999795e+01
2.119999999999999929e+01
2.120400000000000063e+01
2.120800000000000196e+01
2.120800000000000196e+01
2.121199999999999974e+01
2.121600000000000108e+01
2.121999999999999886e+01
2.116399999999999793e+01
2.116800000000000281e+01
2.117200000000000060e+01
2.117599999999999838e+01
2.117999999999999972e+01
2.118399999999999750e+01
2.118800000000000239e+01
2.119200000000000017e+01
2.119599999999999795e+01
2.119999999999999929e+01
2.120400000000000063e+01
2.120800000000000196e+01
2.120800000000000196e+01
2.121199999999999974e+01
2.121600000000000108e+01
2.121999999999999886e+01
2.122400000000000020e+01
2.122800000000000153e+01
2.123199999999999932e+01
2.118399999999999750e+01
2.118800000000000239e+01
2.119200000000000017e+01
2.119599999999999795e+01
2.119999999999999929e+01
2.120400000000000063e+01
2.120800000000000196e+01
2.120800000000000196e+01
2.121199999999999974e+01
2.121600000000000108e+01
2.121999999999999886e+01
2.122400000000000020e+01
2.122800000000000153e+01
2.123199999999999932e+01
2.123600000000000065e+01
2.123999999999999844e+01
2.124399999999999977e+01
2.124800000000000111e+01
2.125199999999999889e+01
2.125600000000000023e+01
2.125999999999999801e+01
2.120400000000000063e+01
2.120800000000000196e+01
2.120800000000000196e+01
2.121199999999999974e+01
2.121600000000000108e+01
2.121999999999999886e+01
2.122400000000000020e+01
2.122800000000000153e+01
2.123199999999999932e+01
2.123600000000000065e+01
2.123999999999999844e+01
2.124399999999999977e+01
2.124800000000000111e+01
2.125199999999999889e+01
2.125600000000000023e+01
2.125999999999999801e+01
2.126399999999999935e+01
2.126800000000000068e+01
2.127199999999999847e+01
2.120400000000000063e+01
2.120800000000000196e+01
2.120800000000000196e+01
2.121199999999999974e+01
2.121600000000000108e+01
2.121999999999999886e+01
2.122400000000000020e+01
2.122800000000000153e+01
2.123199999999999932e+01
2.123600000000000065e+01
2.123999999999999844e+01
2.124399999999999977e+01
2.124800000000000111e+01
2.125199999999999889e+01
2.125600000000000023e+01
2.125999999999999801e+01
2.126399999999999935e+01
2.126800000000000068e+01
2.127199999999999847e+01
2.121199999999999974e+01
2.121600000000000108e+01
2.121999999999999886e+01
2.122400000000000020e+01
2.122800000000000153e+01
2.123199999999999932e+01
2.123600000000000065e+01
2.123999999999999844e+01
2.124399999999999977e+01
2.124800000000000111e+01
2.125199999999999889e+01
2.125600000000000023e+01
2.125999999999999801e+01
2.126399999999999935e+01
2.126800000000000068e+01
2.127199999999999847e+01
2.127599999999999980e+01
2.128000000000000114e+01
2.121199999999999974e+01
2.121600000000000108e+01
2.121999999999999886e+01
2.122400000000000020e+01
2.122800000000000153e+01
2.123199999999999932e+01
2.123600000000000065e+01
2.123999999999999844e+01
2.124399999999999977e+01
2.124800000000000111e+01
2.125199999999999889e+01
2.125600000000000023e+01
2.125999999999999801e+01
2.126399999999999935e+01
2.126800000000000068e+01
2.127199999999999847e+01
2.127599999999999980e+01
2.128000000000000114e+01
2.128400000000000247e+01
2.123199999999999932e+01
2.123600000000000065e+01
2.123999999999999844e+01
2.124399999999999977e+01
2.124800000000000111e+01
2.125199999999999889e+01
2.125600000000000023e+01
2.125999999999999801e+01
2.126399999999999935e+01
2.126800000000000068e+01
2.127199999999999847e+01
2.127599999999999980e+01
2.128000000000000114e+01
2.128400000000000247e+01
2.128800000000000026e+01
2.129199999999999804e+01
2.129599999999999937e+01
2.130000000000000071e+01
2.130000000000000071e+01
2.130400000000000205e+01
2.130799999999999983e+01
2.124800000000000111e+01
2.125199999999999889e+01
2.125600000000000023e+01
2.125999999999999801e+01
2.126399999999999935e+01
2.126800000000000068e+01
2.127199999999999847e+01
2.127599999999999980e+01
2.128000000000000114e+01
2.128400000000000247e+01
2.128800000000000026e+01
2.129199999999999804e+01
2.129599999999999937e+01
2.130000000000000071e+01
2.130000000000000071e+01
2.130400000000000205e+01
2.130799999999999983e+01
2.131199999999999761e+01
2.131599999999999895e+01
2.132000000000000028e+01
2.127199999999999847e+01
2.127599999999999980e+01
2.128000000000000114e+01
2.128400000000000247e+01
2.128800000000000026e+01
2.129199999999999804e+01
2.129599999999999937e+01
2.130000000000000071e+01
2.130000000000000071e+01
2.130400000000000205e+01
2.130799999999999983e+01
2.131199999999999761e+01
2.131599999999999895e+01
2.132000000000000028e+01
2.132400000000000162e+01
2.132799999999999940e+01
2.133199999999999719e+01
2.133600000000000207e+01
2.133999999999999986e+01
2.134400000000000119e+01
2.128800000000000026e+01
2.129199999999999804e+01
2.129599999999999937e+01
2.130000000000000071e+01
2.130000000000000071e+01
2.130400000000000205e+01
2.130799999999999983e+01
2.131199999999999761e+01
2.131599999999999895e+01
2.132000000000000028e+01
2.132400000000000162e+01
2.132799999999999940e+01
2.133199999999999719e+01
2.133600000000000207e+01
2.133999999999999986e+01
2.134400000000000119e+01
2.134799999999999898e+01
2.135200000000000031e+01
2.135600000000000165e+01
2.135999999999999943e+01
2.136400000000000077e+01
2.129199999999999804e+01
2.129599999999999937e+01
2.130000000000000071e+01
2.130000000000000071e+01
2.130400000000000205e+01
2.130799999999999983e+01
2.131199999999999761e+01
2.131599999999999895e+01
2.132000000000000028e+01
2.132400000000000162e+01
2.132799999999999940e+01
2.133199999999999719e+01
2.133600000000000207e+01
2.133999999999999986e+01
2.134400000000000119e+01
2.134799999999999898e+01
2.135200000000000031e+01
2.135600000000000165e+01
2.135999999999999943e+01
2.136400000000000077e+01
2.136799999999999855e+01
2.137199999999999989e+01
2.128400000000000247e+01
2.128800000000000026e+01
2.129199999999999804e+01
2.129599999999999937e+01
2.130000000000000071e+01
2.130000000000000071e+01
2.130400000000000205e+01
2.130799999999999983e+01
2.131199999999999761e+01
2.131599999999999895e+01
2.132000000000000028e+01
2.132400000000000162e+01
2.132799999999999940e+01
2.133199999999999719e+01
2.133600000000000207e+01
2.133999999999999986e+01
2.134400000000000119e+01
2.134799999999999898e+01
2.135200000000000031e+01
2.135600000000000165e+01
2.123199999999999932e+01
2.123600000000000065e+01
2.123999999999999844e+01
2.124399999999999977e+01
2.124800000000000111e+01
2.125199999999999889e+01
2.125600000000000023e+01
2.125999999999999801e+01
2.126399999999999935e+01
2.126800000000000068e+01
2.127199999999999847e+01
2.127599999999999980e+01
2.128000000000000114e+01
2.128400000000000247e+01
2.128800000000000026e+01
2.129199999999999804e+01
2.129599999999999937e+01
2.130000000000000071e+01
2.130000000000000071e+01
2.130400000000000205e+01
2.130799999999999983e+01
2.122400000000000020e+01
2.122800000000000153e+01
2.123199999999999932e+01
2.123600000000000065e+01
2.123999999999999844e+01
2.124399999999999977e+01
2.124800000000000111e+01
2.125199999999999889e+01
2.125600000000000023e+01
2.125999999999999801e+01
2.126399999999999935e+01
2.126800000000000068e+01
2.127199999999999847e+01
2.127599999999999980e+01
2.128000000000000114e+01
2.128400000000000247e+01
2.128800000000000026e+01
2.129199999999999804e+01
2.129599999999999937e+01
2.121999999999999886e+01
2.122400000000000020e+01
2.122800000000000153e+01
2.123199999999999932e+01
2.123600000000000065e+01
2.123999999999999844e+01
2.124399999999999977e+01
2.124800000000000111e+01
2.125199999999999889e+01
2.125600000000000023e+01
2.125999999999999801e+01
2.126399999999999935e+01
2.126800000000000068e+01
2.127199999999999847e+01
2.127599999999999980e+01
2.128000000000000114e+01
2.128400000000000247e+01
2.128800000000000026e+01
2.129199999999999804e+01
2.129599999999999937e+01
2.117999999999999972e+01
2.118399999999999750e+01
2.118800000000000239e+01
2.119200000000000017e+01
2.119599999999999795e+01
2.119999999999999929e+01
2.120400000000000063e+01
2.120800000000000196e+01
2.120800000000000196e+01
2.121199999999999974e+01
2.121600000000000108e+01
2.121999999999999886e+01
2.122400000000000020e+01
2.122800000000000153e+01
2.123199999999999932e+01
2.123600000000000065e+01
2.123999999999999844e+01
2.124399999999999977e+01
2.124800000000000111e+01
2.125199999999999889e+01
2.125600000000000023e+01
2.117599999999999838e+01
2.117999999999999972e+01
2.118399999999999750e+01
2.118800000000000239e+01
2.119200000000000017e+01
2.119599999999999795e+01
2.119999999999999929e+01
2.120400000000000063e+01
2.120800000000000196e+01
2.120800000000000196e+01
2.121199999999999974e+01
2.121600000000000108e+01
2.121999999999999886e+01
2.122400000000000020e+01
2.122800000000000153e+01
2.123199999999999932e+01
2.123600000000000065e+01
2.123999999999999844e+01
2.124399999999999977e+01
2.124800000000000111e+01
2.125199999999999889e+01
2.111599999999999966e+01
2.112000000000000099e+01
2.112399999999999878e+01
2.112800000000000011e+01
2.113200000000000145e+01
2.113599999999999923e+01
2.114000000000000057e+01
2.114399999999999835e+01
2.114800000000000324e+01
2.115200000000000102e+01
2.115599999999999881e+01
2.116000000000000014e+01
2.116399999999999793e+01
2.116800000000000281e+01
2.117200000000000060e+01
2.117599999999999838e+01
2.117999999999999972e+01
2.118399999999999750e+01
2.118800000000000239e+01
2.119200000000000017e+01
2.119599999999999795e+01
2.111599999999999966e+01
2.112000000000000099e+01
2.112399999999999878e+01
2.112800000000000011e+01
2.113200000000000145e+01
2.113599999999999923e+01
2.114000000000000057e+01
2.114399999999999835e+01
2.114800000000000324e+01
2.115200000000000102e+01
2.115599999999999881e+01
2.116000000000000014e+01
2.116399999999999793e+01
2.116800000000000281e+01
2.117200000000000060e+01
2.117599999999999838e+01
2.117999999999999972e+01
2.118399999999999750e+01
2.110000000000000142e+01
2.110399999999999920e+01
2.110799999999999699e+01
2.111200000000000188e+01
2.111599999999999966e+01
2.112000000000000099e+01
2.112399999999999878e+01
2.112800000000000011e+01
2.113200000000000145e+01
2.113599999999999923e+01
2.114000000000000057e+01
2.114399999999999835e+01
2.114800000000000324e+01
2.115200000000000102e+01
2.115599999999999881e+01
2.116000000000000014e+01
2.116399999999999793e+01
2.116800000000000281e+01
2.117200000000000060e+01
2.117599999999999838e+01
2.110000000000000142e+01
2.110399999999999920e+01
2.110799999999999699e+01
2.111200000000000188e+01
2.111599999999999966e+01
2.112000000000000099e+01
2.112399999999999878e+01
2.112800000000000011e+01
2.113200000000000145e+01
2.113599999999999923e+01
2.114000000000000057e+01
2.114399999999999835e+01
2.114800000000000324e+01
2.115200000000000102e+01
2.115599999999999881e+01
2.116000000000000014e+01
2.116399999999999793e+01
2.116800000000000281e+01
2.117200000000000060e+01
2.117599999999999838e+01
2.106400000000000006e+01
2.106799999999999784e+01
2.107199999999999918e+01
2.107199999999999918e+01
2.107600000000000051e+01
2.107600000000000051e+01
2.108000000000000185e+01
2.108399999999999963e+01
2.108799999999999741e+01
2.109200000000000230e+01
2.109600000000000009e+01
2.110000000000000142e+01
2.110000000000000142e+01
2.110399999999999920e+01
2.110799999999999699e+01
2.111200000000000188e+01
2.111599999999999966e+01
2.112000000000000099e+01
2.112399999999999878e+01
2.112800000000000011e+01
2.106400000000000006e+01
2.106799999999999784e+01
2.107199999999999918e+01
2.107199999999999918e+01
2.107600000000000051e+01
2.107600000000000051e+01
2.108000000000000185e+01
2.108399999999999963e+01
2.108799999999999741e+01
2.109200000000000230e+01
2.109600000000000009e+01
2.110000000000000142e+01
2.110000000000000142e+01
2.110399999999999920e+01
2.110799999999999699e+01
2.111200000000000188e+01
2.111599999999999966e+01
2.112000000000000099e+01
2.112399999999999878e+01
2.112800000000000011e+01
2.106400000000000006e+01
2.106799999999999784e+01
2.107199999999999918e+01
2.107199999999999918e+01
2.107600000000000051e+01
2.107600000000000051e+01
2.108000000000000185e+01
2.108399999999999963e+01
2.108799999999999741e+01
2.109200000000000230e+01
2.109600000000000009e+01
2.110000000000000142e+01
2.110000000000000142e+01
2.110399999999999920e+01
2.110799999999999699e+01
2.111200000000000188e+01
2.111599999999999966e+01
2.112000000000000099e+01
2.112399999999999878e+01
2.112800000000000011e+01
2.106000000000000227e+01
2.106400000000000006e+01
2.106799999999999784e+01
2.107199999999999918e+01
2.107199999999999918e+01
2.107600000000000051e+01
2.107600000000000051e+01
2.108000000000000185e+01
2.108399999999999963e+01
2.108799999999999741e+01
2.109200000000000230e+01
2.109600000000000009e+01
2.110000000000000142e+01
2.110000000000000142e+01
2.110399999999999920e+01
2.110799999999999699e+01
2.111200000000000188e+01
2.111599999999999966e+01
2.112000000000000099e+01
2.106000000000000227e+01
2.106400000000000006e+01
2.106799999999999784e+01
2.107199999999999918e+01
2.107199999999999918e+01
2.107600000000000051e+01
2.107600000000000051e+01
2.108000000000000185e+01
2.108399999999999963e+01
2.108799999999999741e+01
2.109200000000000230e+01
2.109600000000000009e+01
2.110000000000000142e+01
2.110000000000000142e+01
2.110399999999999920e+01
2.110799999999999699e+01
2.111200000000000188e+01
2.111599999999999966e+01
2.112000000000000099e+01
2.106000000000000227e+01
2.106400000000000006e+01
2.106799999999999784e+01
2.107199999999999918e+01
2.107199999999999918e+01
2.107600000000000051e+01
2.107600000000000051e+01
2.108000000000000185e+01
2.108399999999999963e+01
2.108799999999999741e+01
2.109200000000000230e+01
2.109600000000000009e+01
2.110000000000000142e+01
2.110000000000000142e+01
2.110399999999999920e+01
2.110799999999999699e+01
2.111200000000000188e+01
2.111599999999999966e+01
2.112000000000000099e+01
2.106000000000000227e+01
2.106400000000000006e+01
2.106799999999999784e+01
2.107199999999999918e+01
2.107199999999999918e+01
2.107600000000000051e+01
2.107600000000000051e+01
2.108000000000000185e+01
2.108399999999999963e+01
2.108799999999999741e+01
2.109200000000000230e+01
2.109600000000000009e+01
2.110000000000000142e+01
2.110000000000000142e+01
2.110399999999999920e+01
2.110799999999999699e+01
2.111200000000000188e+01
2.111599999999999966e+01
2.112000000000000099e+01
2.107199999999999918e+01
2.107600000000000051e+01
2.107600000000000051e+01
2.108000000000000185e+01
2.108399999999999963e+01
2.108799999999999741e+01
2.109200000000000230e+01
2.109600000000000009e+01
2.110000000000000142e+01
2.110000000000000142e+01
2.110399999999999920e+01
2.110799999999999699e+01
2.111200000000000188e+01
2.111599999999999966e+01
2.112000000000000099e+01
2.112399999999999878e+01
2.112800000000000011e+01
2.109200000000000230e+01
2.109600000000000009e+01
2.110000000000000142e+01
2.110000000000000142e+01
2.110399999999999920e+01
2.110799999999999699e+01
2.111200000000000188e+01
2.111599999999999966e+01
2.112000000000000099e+01
2.112399999999999878e+01
2.112800000000000011e+01
2.113200000000000145e+01
2.113599999999999923e+01
2.114000000000000057e+01
2.114399999999999835e+01
2.114800000000000324e+01
2.115200000000000102e+01
2.115599999999999881e+01
2.110000000000000142e+01
2.110000000000000142e+01
2.110399999999999920e+01
2.110799999999999699e+01
2.111200000000000188e+01
2.111599999999999966e+01
2.112000000000000099e+01
2.112399999999999878e+01
2.112800000000000011e+01
2.113200000000000145e+01
2.113599999999999923e+01
2.114000000000000057e+01
2.114399999999999835e+01
2.114800000000000324e+01
2.115200000000000102e+01
2.115599999999999881e+01
2.116000000000000014e+01
2.116399999999999793e+01
2.116800000000000281e+01
2.117200000000000060e+01
2.112000000000000099e+01
2.112399999999999878e+01
2.112800000000000011e+01
2.113200000000000145e+01
2.113599999999999923e+01
2.114000000000000057e+01
2.114399999999999835e+01
2.114800000000000324e+01
2.115200000000000102e+01
2.115599999999999881e+01
2.116000000000000014e+01
2.116399999999999793e+01
2.116800000000000281e+01
2.117200000000000060e+01
2.117599999999999838e+01
2.117999999999999972e+01
2.118399999999999750e+01
2.118800000000000239e+01
2.119200000000000017e+01
2.119599999999999795e+01
2.117999999999999972e+01
2.118399999999999750e+01
2.118800000000000239e+01
2.119200000000000017e+01
2.119599999999999795e+01
2.119999999999999929e+01
2.120400000000000063e+01
2.120800000000000196e+01
2.120800000000000196e+01
2.121199999999999974e+01
2.121600000000000108e+01
2.121999999999999886e+01
2.122400000000000020e+01
2.122800000000000153e+01
2.123199999999999932e+01
2.123600000000000065e+01
2.123999999999999844e+01
2.124399999999999977e+01
2.124800000000000111e+01
2.125199999999999889e+01
2.125600000000000023e+01
2.119599999999999795e+01
2.119999999999999929e+01
2.120400000000000063e+01
2.120800000000000196e+01
2.120800000000000196e+01
2.121199999999999974e+01
2.121600000000000108e+01
2.121999999999999886e+01
2.122400000000000020e+01
2.122800000000000153e+01
2.123199999999999932e+01
2.123600000000000065e+01
2.123999999999999844e+01
2.124399999999999977e+01
2.124800000000000111e+01
2.125199999999999889e+01
2.125600000000000023e+01
2.125999999999999801e+01
2.121999999999999886e+01
2.122400000000000020e+01
2.122800000000000153e+01
2.123199999999999932e+01
2.123600000000000065e+01
2.123999999999999844e+01
2.124399999999999977e+01
2.124800000000000111e+01
2.125199999999999889e+01
2.125600000000000023e+01
2.125999999999999801e+01
2.126399999999999935e+01
2.126800000000000068e+01
2.127199999999999847e+01
2.127599999999999980e+01
2.128000000000000114e+01
2.128400000000000247e+01
2.128800000000000026e+01
2.124800000000000111e+01
2.125199999999999889e+01
2.125600000000000023e+01
2.125999999999999801e+01
2.126399999999999935e+01
2.126800000000000068e+01
2.127199999999999847e+01
2.127599999999999980e+01
2.128000000000000114e+01
2.128400000000000247e+01
2.128800000000000026e+01
2.129199999999999804e+01
2.129599999999999937e+01
2.130000000000000071e+01
2.130000000000000071e+01
2.130400000000000205e+01
2.130799999999999983e+01
2.131199999999999761e+01
2.131599999999999895e+01
2.132000000000000028e+01
2.124800000000000111e+01
2.125199999999999889e+01
2.125600000000000023e+01
2.125999999999999801e+01
2.126399999999999935e+01
2.126800000000000068e+01
2.127199999999999847e+01
2.127599999999999980e+01
2.128000000000000114e+01
2.128400000000000247e+01
2.128800000000000026e+01
2.129199999999999804e+01
2.129599999999999937e+01
2.130000000000000071e+01
2.130000000000000071e+01
2.130400000000000205e+01
2.130799999999999983e+01
2.131199999999999761e+01
2.131599999999999895e+01
2.132000000000000028e+01
2.121999999999999886e+01
2.122400000000000020e+01
2.122800000000000153e+01
2.123199999999999932e+01
2.123600000000000065e+01
2.123999999999999844e+01
2.124399999999999977e+01
2.124800000000000111e+01
2.125199999999999889e+01
2.125600000000000023e+01
2.125999999999999801e+01
2.126399999999999935e+01
2.126800000000000068e+01
2.127199999999999847e+01
2.127599999999999980e+01
2.128000000000000114e+01
2.128400000000000247e+01
2.128800000000000026e+01
2.118399999999999750e+01
2.118800000000000239e+01
2.119200000000000017e+01
2.119599999999999795e+01
2.119999999999999929e+01
2.120400000000000063e+01
2.120800000000000196e+01
2.120800000000000196e+01
2.121199999999999974e+01
2.121600000000000108e+01
2.121999999999999886e+01
2.122400000000000020e+01
2.122800000000000153e+01
2.123199999999999932e+01
2.123600000000000065e+01
2.123999999999999844e+01
2.124399999999999977e+01
2.124800000000000111e+01
2.125199999999999889e+01
2.125600000000000023e+01
2.125999999999999801e+01
2.114800000000000324e+01
2.115200000000000102e+01
2.115599999999999881e+01
2.116000000000000014e+01
2.116399999999999793e+01
2.116800000000000281e+01
2.117200000000000060e+01
2.117599999999999838e+01
2.117999999999999972e+01
2.118399999999999750e+01
2.118800000000000239e+01
2.119200000000000017e+01
2.119599999999999795e+01
2.119999999999999929e+01
2.120400000000000063e+01
2.120800000000000196e+01
2.120800000000000196e+01
2.121199999999999974e+01
2.121600000000000108e+01
2.114800000000000324e+01
2.115200000000000102e+01
2.115599999999999881e+01
2.116000000000000014e+01
2.116399999999999793e+01
2.116800000000000281e+01
2.117200000000000060e+01
2.117599999999999838e+01
2.117999999999999972e+01
2.118399999999999750e+01
2.118800000000000239e+01
2.119200000000000017e+01
2.119599999999999795e+01
2.119999999999999929e+01
2.120400000000000063e+01
2.120800000000000196e+01
2.120800000000000196e+01
2.121199999999999974e+01
2.121600000000000108e+01
2.114800000000000324e+01
2.115200000000000102e+01
2.115599999999999881e+01
2.116000000000000014e+01
2.116399999999999793e+01
2.116800000000000281e+01
2.117200000000000060e+01
2.117599999999999838e+01
2.117999999999999972e+01
2.118399999999999750e+01
2.118800000000000239e+01
2.119200000000000017e+01
2.119599999999999795e+01
2.119999999999999929e+01
2.120400000000000063e+01
2.120800000000000196e+01
2.120800000000000196e+01
2.121199999999999974e+01
2.121600000000000108e+01
2.113599999999999923e+01
2.114000000000000057e+01
2.114399999999999835e+01
2.114800000000000324e+01
2.115200000000000102e+01
2.115599999999999881e+01
2.116000000000000014e+01
2.116399999999999793e+01
2.116800000000000281e+01
2.117200000000000060e+01
2.117599999999999838e+01
2.117999999999999972e+01
2.118399999999999750e+01
2.118800000000000239e+01
2.119200000000000017e+01
2.119599999999999795e+01
2.119999999999999929e+01
2.120400000000000063e+01
2.120800000000000196e+01
2.120800000000000196e+01
2.121199999999999974e+01
2.113200000000000145e+01
2.113599999999999923e+01
2.114000000000000057e+01
2.114399999999999835e+01
2.114800000000000324e+01
2.115200000000000102e+01
2.115599999999999881e+01
2.116000000000000014e+01
2.116399999999999793e+01
2.116800000000000281e+01
2.117200000000000060e+01
2.117599999999999838e+01
2.117999999999999972e+01
2.118399999999999750e+01
2.118800000000000239e+01
2.119200000000000017e+01
2.119599999999999795e+01
2.119999999999999929e+01
2.120400000000000063e+01
2.120800000000000196e+01
2.120800000000000196e+01
2.112399999999999878e+01
2.112800000000000011e+01
2.113200000000000145e+01
2.113599999999999923e+01
2.114000000000000057e+01
2.114399999999999835e+01
2.114800000000000324e+01
2.115200000000000102e+01
2.115599999999999881e+01
2.116000000000000014e+01
2.116399999999999793e+01
2.116800000000000281e+01
2.117200000000000060e+01
2.117599999999999838e+01
2.117999999999999972e+01
2.118399999999999750e+01
2.118800000000000239e+01
2.119200000000000017e+01
2.119599999999999795e+01
2.119999999999999929e+01
2.120400000000000063e+01
2.111599999999999966e+01
2.112000000000000099e+01
2.112399999999999878e+01
2.112800000000000011e+01
2.113200000000000145e+01
2.113599999999999923e+01
2.114000000000000057e+01
2.114399999999999835e+01
2.114800000000000324e+01
2.115200000000000102e+01
2.115599999999999881e+01
2.116000000000000014e+01
2.116399999999999793e+01
2.116800000000000281e+01
2.117200000000000060e+01
2.117599999999999838e+01
2.117999999999999972e+01
2.118399999999999750e+01
2.114399999999999835e+01
2.114800000000000324e+01
2.115200000000000102e+01
2.115599999999999881e+01
2.116000000000000014e+01
2.116399999999999793e+01
2.116800000000000281e+01
2.117200000000000060e+01
2.117599999999999838e+01
2.117999999999999972e+01
2.118399999999999750e+01
2.118800000000000239e+01
2.119200000000000017e+01
2.119599999999999795e+01
2.119999999999999929e+01
2.120400000000000063e+01
2.120800000000000196e+01
2.120800000000000196e+01
2.115599999999999881e+01
2.116000000000000014e+01
2.116399999999999793e+01
2.116800000000000281e+01
2.117200000000000060e+01
2.117599999999999838e+01
2.117999999999999972e+01
2.118399999999999750e+01
2.118800000000000239e+01
2.119200000000000017e+01
2.119599999999999795e+01
2.119999999999999929e+01
2.120400000000000063e+01
2.120800000000000196e+01
2.120800000000000196e+01
2.121199999999999974e+01
2.121600000000000108e+01
2.121999999999999886e+01
2.114800000000000324e+01
2.115200000000000102e+01
2.115599999999999881e+01
2.116000000000000014e+01
2.116399999999999793e+01
2.116800000000000281e+01
2.117200000000000060e+01
2.117599999999999838e+01
2.117999999999999972e+01
2.118399999999999750e+01
2.118800000000000239e+01
2.119200000000000017e+01
2.119599999999999795e+01
2.119999999999999929e+01
2.120400000000000063e+01
2.120800000000000196e+01
2.120800000000000196e+01
2.121199999999999974e+01
2.121600000000000108e+01
2.110000000000000142e+01
2.110399999999999920e+01
2.110799999999999699e+01
2.111200000000000188e+01
2.111599999999999966e+01
2.112000000000000099e+01
2.112399999999999878e+01
2.112800000000000011e+01
2.113200000000000145e+01
2.113599999999999923e+01
2.114000000000000057e+01
2.114399999999999835e+01
2.114800000000000324e+01
2.115200000000000102e+01
2.115599999999999881e+01
2.116000000000000014e+01
2.116399999999999793e+01
2.116800000000000281e+01
2.117200000000000060e+01
2.117599999999999838e+01
2.110000000000000142e+01
2.110399999999999920e+01
2.110799999999999699e+01
2.111200000000000188e+01
2.111599999999999966e+01
2.112000000000000099e+01
2.112399999999999878e+01
2.112800000000000011e+01
2.113200000000000145e+01
2.113599999999999923e+01
2.114000000000000057e+01
2.114399999999999835e+01
2.114800000000000324e+01
2.115200000000000102e+01
2.115599999999999881e+01
2.116000000000000014e+01
2.116399999999999793e+01
2.116800000000000281e+01
2.117200000000000060e+01
2.117599999999999838e+01
2.116800000000000281e+01
2.117200000000000060e+01
2.117599999999999838e+01
2.117999999999999972e+01
2.118399999999999750e+01
2.118800000000000239e+01
2.119200000000000017e+01
2.119599999999999795e+01
2.119999999999999929e+01
2.120400000000000063e+01
2.120800000000000196e+01
2.120800000000000196e+01
2.121199999999999974e+01
2.121600000000000108e+01
2.121999999999999886e+01
2.122400000000000020e+01
2.117599999999999838e+01
2.117999999999999972e+01
2.118399999999999750e+01
2.118800000000000239e+01
2.119200000000000017e+01
2.119599999999999795e+01
2.119999999999999929e+01
2.120400000000000063e+01
2.120800000000000196e+01
2.120800000000000196e+01
2.121199999999999974e+01
2.121600000000000108e+01
2.121999999999999886e+01
2.122400000000000020e+01
2.122800000000000153e+01
2.123199999999999932e+01
2.123600000000000065e+01
2.123999999999999844e+01
2.124399999999999977e+01
